--------------------------------
          System Info           
--------------------------------
               d = 2
               n = 2
  size of vector = 6
  size of matrix = 16 x 16 ~ 0 MB 
         epsilon = 1e-05
       epsilon_0 = 0.9
     g(x) thresh = 1e-10
      initial mu = 1
             M_c = 1e+10
  extra diagonal = 1
       muScaling = 10
             rho = 0.5
              nu = 0.9
           gamma = 1
            beta = 0.9
     f(x) factor = 1
     g(x) factor = 0.001
        BFGSFreq = 5
           cores = 4


iter = 0 / 10000
f(0.5*(x1+x2)) = -2.7782
0.5*f(x1+x2) = -2.1813
point is convex? yes

iter = 1 / 10000
f(0.5*(x1+x2)) = -2.7829
0.5*f(x1+x2) = -2.7418
point is convex? yes

iter = 2 / 10000
f(0.5*(x1+x2)) = -2.8251
0.5*f(x1+x2) = -2.5668
point is convex? yes

iter = 3 / 10000
f(0.5*(x1+x2)) = -2.8279
0.5*f(x1+x2) = -2.2122
point is convex? yes

iter = 4 / 10000
f(0.5*(x1+x2)) = -2.8234
0.5*f(x1+x2) = -2.592
point is convex? yes

iter = 5 / 10000
f(0.5*(x1+x2)) = -2.7754
0.5*f(x1+x2) = -2.7549
point is convex? yes

iter = 6 / 10000
f(0.5*(x1+x2)) = -2.8003
0.5*f(x1+x2) = -2.7183
point is convex? yes

iter = 7 / 10000
f(0.5*(x1+x2)) = -2.8214
0.5*f(x1+x2) = -2.6655
point is convex? yes

iter = 8 / 10000
f(0.5*(x1+x2)) = -2.8168
0.5*f(x1+x2) = -2.5808
point is convex? yes

iter = 9 / 10000
f(0.5*(x1+x2)) = -2.8247
0.5*f(x1+x2) = -2.5281
point is convex? yes

iter = 10 / 10000
f(0.5*(x1+x2)) = -2.7714
0.5*f(x1+x2) = -2.7452
point is convex? yes

iter = 11 / 10000
f(0.5*(x1+x2)) = -2.826
0.5*f(x1+x2) = -2.5507
point is convex? yes

iter = 12 / 10000
f(0.5*(x1+x2)) = -2.7962
0.5*f(x1+x2) = -2.7151
point is convex? yes

iter = 13 / 10000
f(0.5*(x1+x2)) = -2.8284
0.5*f(x1+x2) = -2.8272
point is convex? yes

iter = 14 / 10000
f(0.5*(x1+x2)) = -2.809
0.5*f(x1+x2) = -2.6274
point is convex? yes

iter = 15 / 10000
f(0.5*(x1+x2)) = -2.8257
0.5*f(x1+x2) = -2.5305
point is convex? yes

iter = 16 / 10000
f(0.5*(x1+x2)) = -2.8163
0.5*f(x1+x2) = -2.4421
point is convex? yes

iter = 17 / 10000
f(0.5*(x1+x2)) = -2.8249
0.5*f(x1+x2) = -2.5021
point is convex? yes

iter = 18 / 10000
f(0.5*(x1+x2)) = -2.6948
0.5*f(x1+x2) = -2.623
point is convex? yes

iter = 19 / 10000
f(0.5*(x1+x2)) = -2.8251
0.5*f(x1+x2) = -2.1985
point is convex? yes

iter = 20 / 10000
f(0.5*(x1+x2)) = -2.8283
0.5*f(x1+x2) = -2.4705
point is convex? yes

iter = 21 / 10000
f(0.5*(x1+x2)) = -2.3921
0.5*f(x1+x2) = -2.1257
point is convex? yes

iter = 22 / 10000
f(0.5*(x1+x2)) = -2.8175
0.5*f(x1+x2) = -2.6645
point is convex? yes

iter = 23 / 10000
f(0.5*(x1+x2)) = -2.8249
0.5*f(x1+x2) = -2.8144
point is convex? yes

iter = 24 / 10000
f(0.5*(x1+x2)) = -2.8164
0.5*f(x1+x2) = -2.6201
point is convex? yes

iter = 25 / 10000
f(0.5*(x1+x2)) = -2.7176
0.5*f(x1+x2) = -2.716
point is convex? yes

iter = 26 / 10000
f(0.5*(x1+x2)) = -2.807
0.5*f(x1+x2) = -2.5023
point is convex? yes

iter = 27 / 10000
f(0.5*(x1+x2)) = -2.828
0.5*f(x1+x2) = -2.7888
point is convex? yes

iter = 28 / 10000
f(0.5*(x1+x2)) = -2.747
0.5*f(x1+x2) = -2.5008
point is convex? yes

iter = 29 / 10000
f(0.5*(x1+x2)) = -2.8282
0.5*f(x1+x2) = -2.6651
point is convex? yes

iter = 30 / 10000
f(0.5*(x1+x2)) = -2.7573
0.5*f(x1+x2) = -2.8179
point is convex? no

iter = 31 / 10000
f(0.5*(x1+x2)) = -2.7366
0.5*f(x1+x2) = -2.5667
point is convex? yes

iter = 32 / 10000
f(0.5*(x1+x2)) = -2.764
0.5*f(x1+x2) = -2.688
point is convex? yes

iter = 33 / 10000
f(0.5*(x1+x2)) = -2.8259
0.5*f(x1+x2) = -2.8017
point is convex? yes

iter = 34 / 10000
f(0.5*(x1+x2)) = -2.8068
0.5*f(x1+x2) = -2.5994
point is convex? yes

iter = 35 / 10000
f(0.5*(x1+x2)) = -2.8093
0.5*f(x1+x2) = -2.7187
point is convex? yes

iter = 36 / 10000
f(0.5*(x1+x2)) = -2.8271
0.5*f(x1+x2) = -2.5937
point is convex? yes

iter = 37 / 10000
f(0.5*(x1+x2)) = -2.8283
0.5*f(x1+x2) = -2.1894
point is convex? yes

iter = 38 / 10000
f(0.5*(x1+x2)) = -2.7404
0.5*f(x1+x2) = -2.5248
point is convex? yes

iter = 39 / 10000
f(0.5*(x1+x2)) = -2.5955
0.5*f(x1+x2) = -2.6116
point is convex? no

iter = 40 / 10000
f(0.5*(x1+x2)) = -2.8284
0.5*f(x1+x2) = -2.8216
point is convex? yes

iter = 41 / 10000
f(0.5*(x1+x2)) = -2.8272
0.5*f(x1+x2) = -2.7494
point is convex? yes

iter = 42 / 10000
f(0.5*(x1+x2)) = -2.8204
0.5*f(x1+x2) = -2.796
point is convex? yes

iter = 43 / 10000
f(0.5*(x1+x2)) = -2.7954
0.5*f(x1+x2) = -2.7643
point is convex? yes

iter = 44 / 10000
f(0.5*(x1+x2)) = -2.5946
0.5*f(x1+x2) = -2.4713
point is convex? yes

iter = 45 / 10000
f(0.5*(x1+x2)) = -2.7632
0.5*f(x1+x2) = -2.6159
point is convex? yes

iter = 46 / 10000
f(0.5*(x1+x2)) = -2.8267
0.5*f(x1+x2) = -2.7555
point is convex? yes

iter = 47 / 10000
f(0.5*(x1+x2)) = -2.7879
0.5*f(x1+x2) = -2.6638
point is convex? yes

iter = 48 / 10000
f(0.5*(x1+x2)) = -2.8164
0.5*f(x1+x2) = -2.5824
point is convex? yes

iter = 49 / 10000
f(0.5*(x1+x2)) = -2.7343
0.5*f(x1+x2) = -2.4108
point is convex? yes

iter = 50 / 10000
f(0.5*(x1+x2)) = -2.7585
0.5*f(x1+x2) = -2.759
point is convex? no

iter = 51 / 10000
f(0.5*(x1+x2)) = -2.712
0.5*f(x1+x2) = -2.3648
point is convex? yes

iter = 52 / 10000
f(0.5*(x1+x2)) = -2.822
0.5*f(x1+x2) = -2.8062
point is convex? yes

iter = 53 / 10000
f(0.5*(x1+x2)) = -2.8283
0.5*f(x1+x2) = -2.7476
point is convex? yes

iter = 54 / 10000
f(0.5*(x1+x2)) = -2.6906
0.5*f(x1+x2) = -2.721
point is convex? no

iter = 55 / 10000
f(0.5*(x1+x2)) = -2.6093
0.5*f(x1+x2) = -2.1488
point is convex? yes

iter = 56 / 10000
f(0.5*(x1+x2)) = -2.8245
0.5*f(x1+x2) = -2.2373
point is convex? yes

iter = 57 / 10000
f(0.5*(x1+x2)) = -2.8121
0.5*f(x1+x2) = -2.6777
point is convex? yes

iter = 58 / 10000
f(0.5*(x1+x2)) = -2.8238
0.5*f(x1+x2) = -2.4783
point is convex? yes

iter = 59 / 10000
f(0.5*(x1+x2)) = -2.8164
0.5*f(x1+x2) = -2.7567
point is convex? yes

iter = 60 / 10000
f(0.5*(x1+x2)) = -2.8266
0.5*f(x1+x2) = -2.7504
point is convex? yes

iter = 61 / 10000
f(0.5*(x1+x2)) = -2.6634
0.5*f(x1+x2) = -2.5533
point is convex? yes

iter = 62 / 10000
f(0.5*(x1+x2)) = -2.8182
0.5*f(x1+x2) = -2.7879
point is convex? yes

iter = 63 / 10000
f(0.5*(x1+x2)) = -2.575
0.5*f(x1+x2) = -2.7149
point is convex? no

iter = 64 / 10000
f(0.5*(x1+x2)) = -2.8237
0.5*f(x1+x2) = -2.6683
point is convex? yes

iter = 65 / 10000
f(0.5*(x1+x2)) = -2.7807
0.5*f(x1+x2) = -2.5168
point is convex? yes

iter = 66 / 10000
f(0.5*(x1+x2)) = -2.7429
0.5*f(x1+x2) = -2.7761
point is convex? no

iter = 67 / 10000
f(0.5*(x1+x2)) = -2.8282
0.5*f(x1+x2) = -2.6706
point is convex? yes

iter = 68 / 10000
f(0.5*(x1+x2)) = -2.7947
0.5*f(x1+x2) = -2.7285
point is convex? yes

iter = 69 / 10000
f(0.5*(x1+x2)) = -2.5755
0.5*f(x1+x2) = -2.5262
point is convex? yes

iter = 70 / 10000
f(0.5*(x1+x2)) = -2.8267
0.5*f(x1+x2) = -2.6535
point is convex? yes

iter = 71 / 10000
f(0.5*(x1+x2)) = -2.7991
0.5*f(x1+x2) = -2.7541
point is convex? yes

iter = 72 / 10000
f(0.5*(x1+x2)) = -2.5533
0.5*f(x1+x2) = -2.423
point is convex? yes

iter = 73 / 10000
f(0.5*(x1+x2)) = -2.6845
0.5*f(x1+x2) = -2.494
point is convex? yes

iter = 74 / 10000
f(0.5*(x1+x2)) = -2.8189
0.5*f(x1+x2) = -2.4852
point is convex? yes

iter = 75 / 10000
f(0.5*(x1+x2)) = -2.7709
0.5*f(x1+x2) = -2.5751
point is convex? yes

iter = 76 / 10000
f(0.5*(x1+x2)) = -2.8277
0.5*f(x1+x2) = -2.6226
point is convex? yes

iter = 77 / 10000
f(0.5*(x1+x2)) = -2.715
0.5*f(x1+x2) = -2.1461
point is convex? yes

iter = 78 / 10000
f(0.5*(x1+x2)) = -2.8282
0.5*f(x1+x2) = -2.4207
point is convex? yes

iter = 79 / 10000
f(0.5*(x1+x2)) = -2.8186
0.5*f(x1+x2) = -2.7769
point is convex? yes

iter = 80 / 10000
f(0.5*(x1+x2)) = -2.8167
0.5*f(x1+x2) = -2.4649
point is convex? yes

iter = 81 / 10000
f(0.5*(x1+x2)) = -2.8268
0.5*f(x1+x2) = -2.5999
point is convex? yes

iter = 82 / 10000
f(0.5*(x1+x2)) = -2.638
0.5*f(x1+x2) = -2.4877
point is convex? yes

iter = 83 / 10000
f(0.5*(x1+x2)) = -2.7675
0.5*f(x1+x2) = -2.5465
point is convex? yes

iter = 84 / 10000
f(0.5*(x1+x2)) = -2.8057
0.5*f(x1+x2) = -2.5927
point is convex? yes

iter = 85 / 10000
f(0.5*(x1+x2)) = -2.8233
0.5*f(x1+x2) = -2.6717
point is convex? yes

iter = 86 / 10000
f(0.5*(x1+x2)) = -2.8066
0.5*f(x1+x2) = -2.6366
point is convex? yes

iter = 87 / 10000
f(0.5*(x1+x2)) = -2.8199
0.5*f(x1+x2) = -2.4748
point is convex? yes

iter = 88 / 10000
f(0.5*(x1+x2)) = -2.8264
0.5*f(x1+x2) = -2.2968
point is convex? yes

iter = 89 / 10000
f(0.5*(x1+x2)) = -2.7872
0.5*f(x1+x2) = -2.6201
point is convex? yes

iter = 90 / 10000
f(0.5*(x1+x2)) = -2.8284
0.5*f(x1+x2) = -2.7042
point is convex? yes

iter = 91 / 10000
f(0.5*(x1+x2)) = -2.7144
0.5*f(x1+x2) = -2.3646
point is convex? yes

iter = 92 / 10000
f(0.5*(x1+x2)) = -2.7691
0.5*f(x1+x2) = -2.4322
point is convex? yes

iter = 93 / 10000
f(0.5*(x1+x2)) = -2.8225
0.5*f(x1+x2) = -2.8277
point is convex? no

iter = 94 / 10000
f(0.5*(x1+x2)) = -2.8214
0.5*f(x1+x2) = -2.5955
point is convex? yes

iter = 95 / 10000
f(0.5*(x1+x2)) = -2.8254
0.5*f(x1+x2) = -2.7546
point is convex? yes

iter = 96 / 10000
f(0.5*(x1+x2)) = -2.8284
0.5*f(x1+x2) = -2.7761
point is convex? yes

iter = 97 / 10000
f(0.5*(x1+x2)) = -2.8195
0.5*f(x1+x2) = -2.5364
point is convex? yes

iter = 98 / 10000
f(0.5*(x1+x2)) = -2.7699
0.5*f(x1+x2) = -2.1302
point is convex? yes

iter = 99 / 10000
f(0.5*(x1+x2)) = -2.6334
0.5*f(x1+x2) = -2.2942
point is convex? yes

iter = 100 / 10000
f(0.5*(x1+x2)) = -2.8029
0.5*f(x1+x2) = -2.6801
point is convex? yes

iter = 101 / 10000
f(0.5*(x1+x2)) = -2.731
0.5*f(x1+x2) = -2.5167
point is convex? yes

iter = 102 / 10000
f(0.5*(x1+x2)) = -2.8088
0.5*f(x1+x2) = -2.8196
point is convex? no

iter = 103 / 10000
f(0.5*(x1+x2)) = -2.8176
0.5*f(x1+x2) = -2.5584
point is convex? yes

iter = 104 / 10000
f(0.5*(x1+x2)) = -2.8148
0.5*f(x1+x2) = -2.6368
point is convex? yes

iter = 105 / 10000
f(0.5*(x1+x2)) = -2.8221
0.5*f(x1+x2) = -2.6892
point is convex? yes

iter = 106 / 10000
f(0.5*(x1+x2)) = -2.8284
0.5*f(x1+x2) = -2.7322
point is convex? yes

iter = 107 / 10000
f(0.5*(x1+x2)) = -2.8279
0.5*f(x1+x2) = -2.7227
point is convex? yes

iter = 108 / 10000
f(0.5*(x1+x2)) = -2.6376
0.5*f(x1+x2) = -2.5972
point is convex? yes

iter = 109 / 10000
f(0.5*(x1+x2)) = -2.7673
0.5*f(x1+x2) = -2.2862
point is convex? yes

iter = 110 / 10000
f(0.5*(x1+x2)) = -2.8263
0.5*f(x1+x2) = -2.8227
point is convex? yes

iter = 111 / 10000
f(0.5*(x1+x2)) = -2.8264
0.5*f(x1+x2) = -2.649
point is convex? yes

iter = 112 / 10000
f(0.5*(x1+x2)) = -2.7858
0.5*f(x1+x2) = -2.6916
point is convex? yes

iter = 113 / 10000
f(0.5*(x1+x2)) = -2.8151
0.5*f(x1+x2) = -2.7504
point is convex? yes

iter = 114 / 10000
f(0.5*(x1+x2)) = -2.8187
0.5*f(x1+x2) = -2.4243
point is convex? yes

iter = 115 / 10000
f(0.5*(x1+x2)) = -2.8284
0.5*f(x1+x2) = -2.3349
point is convex? yes

iter = 116 / 10000
f(0.5*(x1+x2)) = -2.4255
0.5*f(x1+x2) = -2.2718
point is convex? yes

iter = 117 / 10000
f(0.5*(x1+x2)) = -2.794
0.5*f(x1+x2) = -2.511
point is convex? yes

iter = 118 / 10000
f(0.5*(x1+x2)) = -2.8208
0.5*f(x1+x2) = -2.7916
point is convex? yes

iter = 119 / 10000
f(0.5*(x1+x2)) = -2.825
0.5*f(x1+x2) = -2.4463
point is convex? yes

iter = 120 / 10000
f(0.5*(x1+x2)) = -2.8278
0.5*f(x1+x2) = -2.586
point is convex? yes

iter = 121 / 10000
f(0.5*(x1+x2)) = -2.8044
0.5*f(x1+x2) = -2.5599
point is convex? yes

iter = 122 / 10000
f(0.5*(x1+x2)) = -2.7678
0.5*f(x1+x2) = -2.7542
point is convex? yes

iter = 123 / 10000
f(0.5*(x1+x2)) = -2.8257
0.5*f(x1+x2) = -2.6935
point is convex? yes

iter = 124 / 10000
f(0.5*(x1+x2)) = -2.8274
0.5*f(x1+x2) = -2.3963
point is convex? yes

iter = 125 / 10000
f(0.5*(x1+x2)) = -2.8089
0.5*f(x1+x2) = -2.7819
point is convex? yes

iter = 126 / 10000
f(0.5*(x1+x2)) = -2.8189
0.5*f(x1+x2) = -2.7885
point is convex? yes

iter = 127 / 10000
f(0.5*(x1+x2)) = -2.7776
0.5*f(x1+x2) = -2.5009
point is convex? yes

iter = 128 / 10000
f(0.5*(x1+x2)) = -2.791
0.5*f(x1+x2) = -2.6966
point is convex? yes

iter = 129 / 10000
f(0.5*(x1+x2)) = -2.8246
0.5*f(x1+x2) = -2.7357
point is convex? yes

iter = 130 / 10000
f(0.5*(x1+x2)) = -2.6754
0.5*f(x1+x2) = -2.0604
point is convex? yes

iter = 131 / 10000
f(0.5*(x1+x2)) = -2.7748
0.5*f(x1+x2) = -2.564
point is convex? yes

iter = 132 / 10000
f(0.5*(x1+x2)) = -2.713
0.5*f(x1+x2) = -2.5094
point is convex? yes

iter = 133 / 10000
f(0.5*(x1+x2)) = -2.7762
0.5*f(x1+x2) = -2.46
point is convex? yes

iter = 134 / 10000
f(0.5*(x1+x2)) = -2.7178
0.5*f(x1+x2) = -2.5497
point is convex? yes

iter = 135 / 10000
f(0.5*(x1+x2)) = -2.8281
0.5*f(x1+x2) = -2.0347
point is convex? yes

iter = 136 / 10000
f(0.5*(x1+x2)) = -2.788
0.5*f(x1+x2) = -2.4464
point is convex? yes

iter = 137 / 10000
f(0.5*(x1+x2)) = -2.8274
0.5*f(x1+x2) = -2.8029
point is convex? yes

iter = 138 / 10000
f(0.5*(x1+x2)) = -2.7966
0.5*f(x1+x2) = -2.5139
point is convex? yes

iter = 139 / 10000
f(0.5*(x1+x2)) = -2.7859
0.5*f(x1+x2) = -2.5759
point is convex? yes

iter = 140 / 10000
f(0.5*(x1+x2)) = -2.826
0.5*f(x1+x2) = -2.2074
point is convex? yes

iter = 141 / 10000
f(0.5*(x1+x2)) = -2.8203
0.5*f(x1+x2) = -2.7596
point is convex? yes

iter = 142 / 10000
f(0.5*(x1+x2)) = -2.8055
0.5*f(x1+x2) = -2.7051
point is convex? yes

iter = 143 / 10000
f(0.5*(x1+x2)) = -2.737
0.5*f(x1+x2) = -2.3756
point is convex? yes

iter = 144 / 10000
f(0.5*(x1+x2)) = -2.8284
0.5*f(x1+x2) = -2.7317
point is convex? yes

iter = 145 / 10000
f(0.5*(x1+x2)) = -2.6982
0.5*f(x1+x2) = -2.8135
point is convex? no

iter = 146 / 10000
f(0.5*(x1+x2)) = -2.7667
0.5*f(x1+x2) = -2.7525
point is convex? yes

iter = 147 / 10000
f(0.5*(x1+x2)) = -2.7718
0.5*f(x1+x2) = -2.6444
point is convex? yes

iter = 148 / 10000
f(0.5*(x1+x2)) = -2.7875
0.5*f(x1+x2) = -2.7505
point is convex? yes

iter = 149 / 10000
f(0.5*(x1+x2)) = -2.82
0.5*f(x1+x2) = -2.6584
point is convex? yes

iter = 150 / 10000
f(0.5*(x1+x2)) = -2.8282
0.5*f(x1+x2) = -2.6105
point is convex? yes

iter = 151 / 10000
f(0.5*(x1+x2)) = -2.7796
0.5*f(x1+x2) = -2.7116
point is convex? yes

iter = 152 / 10000
f(0.5*(x1+x2)) = -2.8284
0.5*f(x1+x2) = -2.6389
point is convex? yes

iter = 153 / 10000
f(0.5*(x1+x2)) = -2.8245
0.5*f(x1+x2) = -2.828
point is convex? no

iter = 154 / 10000
f(0.5*(x1+x2)) = -2.8172
0.5*f(x1+x2) = -2.5733
point is convex? yes

iter = 155 / 10000
f(0.5*(x1+x2)) = -2.7852
0.5*f(x1+x2) = -2.3643
point is convex? yes

iter = 156 / 10000
f(0.5*(x1+x2)) = -2.7885
0.5*f(x1+x2) = -2.5624
point is convex? yes

iter = 157 / 10000
f(0.5*(x1+x2)) = -2.8261
0.5*f(x1+x2) = -2.4214
point is convex? yes

iter = 158 / 10000
f(0.5*(x1+x2)) = -2.7189
0.5*f(x1+x2) = -2.0233
point is convex? yes

iter = 159 / 10000
f(0.5*(x1+x2)) = -2.8175
0.5*f(x1+x2) = -2.6862
point is convex? yes

iter = 160 / 10000
f(0.5*(x1+x2)) = -2.8136
0.5*f(x1+x2) = -2.6543
point is convex? yes

iter = 161 / 10000
f(0.5*(x1+x2)) = -2.8109
0.5*f(x1+x2) = -2.2614
point is convex? yes

iter = 162 / 10000
f(0.5*(x1+x2)) = -2.7524
0.5*f(x1+x2) = -2.6492
point is convex? yes

iter = 163 / 10000
f(0.5*(x1+x2)) = -2.8276
0.5*f(x1+x2) = -2.6766
point is convex? yes

iter = 164 / 10000
f(0.5*(x1+x2)) = -2.827
0.5*f(x1+x2) = -2.7094
point is convex? yes

iter = 165 / 10000
f(0.5*(x1+x2)) = -2.8283
0.5*f(x1+x2) = -2.5861
point is convex? yes

iter = 166 / 10000
f(0.5*(x1+x2)) = -2.8113
0.5*f(x1+x2) = -2.7779
point is convex? yes

iter = 167 / 10000
f(0.5*(x1+x2)) = -2.8115
0.5*f(x1+x2) = -2.7137
point is convex? yes

iter = 168 / 10000
f(0.5*(x1+x2)) = -2.688
0.5*f(x1+x2) = -2.7082
point is convex? no

iter = 169 / 10000
f(0.5*(x1+x2)) = -2.825
0.5*f(x1+x2) = -2.7488
point is convex? yes

iter = 170 / 10000
f(0.5*(x1+x2)) = -2.6832
0.5*f(x1+x2) = -2.7408
point is convex? no

iter = 171 / 10000
f(0.5*(x1+x2)) = -2.8273
0.5*f(x1+x2) = -2.4843
point is convex? yes

iter = 172 / 10000
f(0.5*(x1+x2)) = -2.8284
0.5*f(x1+x2) = -2.5162
point is convex? yes

iter = 173 / 10000
f(0.5*(x1+x2)) = -2.8107
0.5*f(x1+x2) = -2.6338
point is convex? yes

iter = 174 / 10000
f(0.5*(x1+x2)) = -2.8284
0.5*f(x1+x2) = -2.6243
point is convex? yes

iter = 175 / 10000
f(0.5*(x1+x2)) = -2.7986
0.5*f(x1+x2) = -2.6971
point is convex? yes

iter = 176 / 10000
f(0.5*(x1+x2)) = -2.8103
0.5*f(x1+x2) = -2.6554
point is convex? yes

iter = 177 / 10000
f(0.5*(x1+x2)) = -2.7943
0.5*f(x1+x2) = -2.7715
point is convex? yes

iter = 178 / 10000
f(0.5*(x1+x2)) = -2.8161
0.5*f(x1+x2) = -2.284
point is convex? yes

iter = 179 / 10000
f(0.5*(x1+x2)) = -2.68
0.5*f(x1+x2) = -2.2142
point is convex? yes

iter = 180 / 10000
f(0.5*(x1+x2)) = -2.8196
0.5*f(x1+x2) = -2.6602
point is convex? yes

iter = 181 / 10000
f(0.5*(x1+x2)) = -2.8284
0.5*f(x1+x2) = -2.8046
point is convex? yes

iter = 182 / 10000
f(0.5*(x1+x2)) = -2.8231
0.5*f(x1+x2) = -2.5458
point is convex? yes

iter = 183 / 10000
f(0.5*(x1+x2)) = -2.8188
0.5*f(x1+x2) = -2.8005
point is convex? yes

iter = 184 / 10000
f(0.5*(x1+x2)) = -2.7725
0.5*f(x1+x2) = -2.2382
point is convex? yes

iter = 185 / 10000
f(0.5*(x1+x2)) = -2.7582
0.5*f(x1+x2) = -2.5982
point is convex? yes

iter = 186 / 10000
f(0.5*(x1+x2)) = -2.819
0.5*f(x1+x2) = -2.395
point is convex? yes

iter = 187 / 10000
f(0.5*(x1+x2)) = -2.8263
0.5*f(x1+x2) = -2.4703
point is convex? yes

iter = 188 / 10000
f(0.5*(x1+x2)) = -2.7454
0.5*f(x1+x2) = -2.5368
point is convex? yes

iter = 189 / 10000
f(0.5*(x1+x2)) = -2.8196
0.5*f(x1+x2) = -2.8274
point is convex? no

iter = 190 / 10000
f(0.5*(x1+x2)) = -2.8201
0.5*f(x1+x2) = -2.8047
point is convex? yes

iter = 191 / 10000
f(0.5*(x1+x2)) = -2.768
0.5*f(x1+x2) = -2.2182
point is convex? yes

iter = 192 / 10000
f(0.5*(x1+x2)) = -2.6829
0.5*f(x1+x2) = -2.6731
point is convex? yes

iter = 193 / 10000
f(0.5*(x1+x2)) = -2.7491
0.5*f(x1+x2) = -2.7031
point is convex? yes

iter = 194 / 10000
f(0.5*(x1+x2)) = -2.8254
0.5*f(x1+x2) = -2.5681
point is convex? yes

iter = 195 / 10000
f(0.5*(x1+x2)) = -2.6445
0.5*f(x1+x2) = -2.38
point is convex? yes

iter = 196 / 10000
f(0.5*(x1+x2)) = -2.8026
0.5*f(x1+x2) = -2.8093
point is convex? no

iter = 197 / 10000
f(0.5*(x1+x2)) = -2.7865
0.5*f(x1+x2) = -2.735
point is convex? yes

iter = 198 / 10000
f(0.5*(x1+x2)) = -2.7972
0.5*f(x1+x2) = -2.8114
point is convex? no

iter = 199 / 10000
f(0.5*(x1+x2)) = -2.8223
0.5*f(x1+x2) = -2.7257
point is convex? yes

iter = 200 / 10000
f(0.5*(x1+x2)) = -2.7902
0.5*f(x1+x2) = -2.5484
point is convex? yes

iter = 201 / 10000
f(0.5*(x1+x2)) = -2.8268
0.5*f(x1+x2) = -2.675
point is convex? yes

iter = 202 / 10000
f(0.5*(x1+x2)) = -2.5797
0.5*f(x1+x2) = -2.6286
point is convex? no

iter = 203 / 10000
f(0.5*(x1+x2)) = -2.8098
0.5*f(x1+x2) = -2.6232
point is convex? yes

iter = 204 / 10000
f(0.5*(x1+x2)) = -2.7429
0.5*f(x1+x2) = -2.6378
point is convex? yes

iter = 205 / 10000
f(0.5*(x1+x2)) = -2.8262
0.5*f(x1+x2) = -2.3179
point is convex? yes

iter = 206 / 10000
f(0.5*(x1+x2)) = -2.8278
0.5*f(x1+x2) = -2.39
point is convex? yes

iter = 207 / 10000
f(0.5*(x1+x2)) = -2.8269
0.5*f(x1+x2) = -2.6862
point is convex? yes

iter = 208 / 10000
f(0.5*(x1+x2)) = -2.824
0.5*f(x1+x2) = -2.6035
point is convex? yes

iter = 209 / 10000
f(0.5*(x1+x2)) = -2.7756
0.5*f(x1+x2) = -2.6932
point is convex? yes

iter = 210 / 10000
f(0.5*(x1+x2)) = -2.7721
0.5*f(x1+x2) = -2.6695
point is convex? yes

iter = 211 / 10000
f(0.5*(x1+x2)) = -2.827
0.5*f(x1+x2) = -2.7283
point is convex? yes

iter = 212 / 10000
f(0.5*(x1+x2)) = -2.7223
0.5*f(x1+x2) = -2.5135
point is convex? yes

iter = 213 / 10000
f(0.5*(x1+x2)) = -2.8053
0.5*f(x1+x2) = -2.4175
point is convex? yes

iter = 214 / 10000
f(0.5*(x1+x2)) = -2.8157
0.5*f(x1+x2) = -2.3791
point is convex? yes

iter = 215 / 10000
f(0.5*(x1+x2)) = -2.8153
0.5*f(x1+x2) = -2.6444
point is convex? yes

iter = 216 / 10000
f(0.5*(x1+x2)) = -2.7308
0.5*f(x1+x2) = -2.674
point is convex? yes

iter = 217 / 10000
f(0.5*(x1+x2)) = -2.8143
0.5*f(x1+x2) = -2.3023
point is convex? yes

iter = 218 / 10000
f(0.5*(x1+x2)) = -2.8257
0.5*f(x1+x2) = -2.7903
point is convex? yes

iter = 219 / 10000
f(0.5*(x1+x2)) = -2.8155
0.5*f(x1+x2) = -2.4746
point is convex? yes

iter = 220 / 10000
f(0.5*(x1+x2)) = -2.825
0.5*f(x1+x2) = -2.665
point is convex? yes

iter = 221 / 10000
f(0.5*(x1+x2)) = -2.823
0.5*f(x1+x2) = -2.7288
point is convex? yes

iter = 222 / 10000
f(0.5*(x1+x2)) = -2.8247
0.5*f(x1+x2) = -2.6947
point is convex? yes

iter = 223 / 10000
f(0.5*(x1+x2)) = -2.7917
0.5*f(x1+x2) = -2.4836
point is convex? yes

iter = 224 / 10000
f(0.5*(x1+x2)) = -2.776
0.5*f(x1+x2) = -2.6929
point is convex? yes

iter = 225 / 10000
f(0.5*(x1+x2)) = -2.8125
0.5*f(x1+x2) = -2.4727
point is convex? yes

iter = 226 / 10000
f(0.5*(x1+x2)) = -2.7565
0.5*f(x1+x2) = -2.4902
point is convex? yes

iter = 227 / 10000
f(0.5*(x1+x2)) = -2.771
0.5*f(x1+x2) = -2.5172
point is convex? yes

iter = 228 / 10000
f(0.5*(x1+x2)) = -2.8118
0.5*f(x1+x2) = -2.5371
point is convex? yes

iter = 229 / 10000
f(0.5*(x1+x2)) = -2.7297
0.5*f(x1+x2) = -2.5328
point is convex? yes

iter = 230 / 10000
f(0.5*(x1+x2)) = -2.824
0.5*f(x1+x2) = -2.4555
point is convex? yes

iter = 231 / 10000
f(0.5*(x1+x2)) = -2.8278
0.5*f(x1+x2) = -2.7675
point is convex? yes

iter = 232 / 10000
f(0.5*(x1+x2)) = -2.783
0.5*f(x1+x2) = -2.4496
point is convex? yes

iter = 233 / 10000
f(0.5*(x1+x2)) = -2.8273
0.5*f(x1+x2) = -2.7607
point is convex? yes

iter = 234 / 10000
f(0.5*(x1+x2)) = -2.8087
0.5*f(x1+x2) = -2.6032
point is convex? yes

iter = 235 / 10000
f(0.5*(x1+x2)) = -2.6582
0.5*f(x1+x2) = -2.3006
point is convex? yes

iter = 236 / 10000
f(0.5*(x1+x2)) = -2.8187
0.5*f(x1+x2) = -2.4414
point is convex? yes

iter = 237 / 10000
f(0.5*(x1+x2)) = -2.8244
0.5*f(x1+x2) = -2.2354
point is convex? yes

iter = 238 / 10000
f(0.5*(x1+x2)) = -2.8246
0.5*f(x1+x2) = -2.7717
point is convex? yes

iter = 239 / 10000
f(0.5*(x1+x2)) = -2.7758
0.5*f(x1+x2) = -2.6083
point is convex? yes

iter = 240 / 10000
f(0.5*(x1+x2)) = -2.7803
0.5*f(x1+x2) = -2.717
point is convex? yes

iter = 241 / 10000
f(0.5*(x1+x2)) = -2.8236
0.5*f(x1+x2) = -2.4444
point is convex? yes

iter = 242 / 10000
f(0.5*(x1+x2)) = -2.8178
0.5*f(x1+x2) = -2.7017
point is convex? yes

iter = 243 / 10000
f(0.5*(x1+x2)) = -2.8099
0.5*f(x1+x2) = -2.6525
point is convex? yes

iter = 244 / 10000
f(0.5*(x1+x2)) = -2.6732
0.5*f(x1+x2) = -2.3971
point is convex? yes

iter = 245 / 10000
f(0.5*(x1+x2)) = -2.7545
0.5*f(x1+x2) = -2.6981
point is convex? yes

iter = 246 / 10000
f(0.5*(x1+x2)) = -2.8197
0.5*f(x1+x2) = -2.7202
point is convex? yes

iter = 247 / 10000
f(0.5*(x1+x2)) = -2.8279
0.5*f(x1+x2) = -2.6793
point is convex? yes

iter = 248 / 10000
f(0.5*(x1+x2)) = -2.8158
0.5*f(x1+x2) = -2.5175
point is convex? yes

iter = 249 / 10000
f(0.5*(x1+x2)) = -2.8205
0.5*f(x1+x2) = -2.6879
point is convex? yes

iter = 250 / 10000
f(0.5*(x1+x2)) = -2.8232
0.5*f(x1+x2) = -2.7874
point is convex? yes

iter = 251 / 10000
f(0.5*(x1+x2)) = -2.8171
0.5*f(x1+x2) = -2.8136
point is convex? yes

iter = 252 / 10000
f(0.5*(x1+x2)) = -2.776
0.5*f(x1+x2) = -2.1301
point is convex? yes

iter = 253 / 10000
f(0.5*(x1+x2)) = -2.8058
0.5*f(x1+x2) = -2.7272
point is convex? yes

iter = 254 / 10000
f(0.5*(x1+x2)) = -2.7442
0.5*f(x1+x2) = -2.5615
point is convex? yes

iter = 255 / 10000
f(0.5*(x1+x2)) = -2.8092
0.5*f(x1+x2) = -2.5712
point is convex? yes

iter = 256 / 10000
f(0.5*(x1+x2)) = -2.8272
0.5*f(x1+x2) = -2.8039
point is convex? yes

iter = 257 / 10000
f(0.5*(x1+x2)) = -2.7149
0.5*f(x1+x2) = -2.4787
point is convex? yes

iter = 258 / 10000
f(0.5*(x1+x2)) = -2.8253
0.5*f(x1+x2) = -2.3054
point is convex? yes

iter = 259 / 10000
f(0.5*(x1+x2)) = -2.8139
0.5*f(x1+x2) = -2.6141
point is convex? yes

iter = 260 / 10000
f(0.5*(x1+x2)) = -2.8104
0.5*f(x1+x2) = -2.6072
point is convex? yes

iter = 261 / 10000
f(0.5*(x1+x2)) = -2.8259
0.5*f(x1+x2) = -2.4694
point is convex? yes

iter = 262 / 10000
f(0.5*(x1+x2)) = -2.8234
0.5*f(x1+x2) = -2.2386
point is convex? yes

iter = 263 / 10000
f(0.5*(x1+x2)) = -2.6965
0.5*f(x1+x2) = -2.302
point is convex? yes

iter = 264 / 10000
f(0.5*(x1+x2)) = -2.8055
0.5*f(x1+x2) = -2.6961
point is convex? yes

iter = 265 / 10000
f(0.5*(x1+x2)) = -2.7853
0.5*f(x1+x2) = -2.8198
point is convex? no

iter = 266 / 10000
f(0.5*(x1+x2)) = -2.8276
0.5*f(x1+x2) = -2.1429
point is convex? yes

iter = 267 / 10000
f(0.5*(x1+x2)) = -2.8281
0.5*f(x1+x2) = -2.5989
point is convex? yes

iter = 268 / 10000
f(0.5*(x1+x2)) = -2.8284
0.5*f(x1+x2) = -2.7761
point is convex? yes

iter = 269 / 10000
f(0.5*(x1+x2)) = -2.8253
0.5*f(x1+x2) = -2.4171
point is convex? yes

iter = 270 / 10000
f(0.5*(x1+x2)) = -2.8231
0.5*f(x1+x2) = -2.7507
point is convex? yes

iter = 271 / 10000
f(0.5*(x1+x2)) = -2.8284
0.5*f(x1+x2) = -2.7752
point is convex? yes

iter = 272 / 10000
f(0.5*(x1+x2)) = -2.8226
0.5*f(x1+x2) = -2.8153
point is convex? yes

iter = 273 / 10000
f(0.5*(x1+x2)) = -2.7177
0.5*f(x1+x2) = -2.763
point is convex? no

iter = 274 / 10000
f(0.5*(x1+x2)) = -2.8009
0.5*f(x1+x2) = -2.8188
point is convex? no

iter = 275 / 10000
f(0.5*(x1+x2)) = -2.711
0.5*f(x1+x2) = -2.5912
point is convex? yes

iter = 276 / 10000
f(0.5*(x1+x2)) = -2.7738
0.5*f(x1+x2) = -2.6733
point is convex? yes

iter = 277 / 10000
f(0.5*(x1+x2)) = -2.8273
0.5*f(x1+x2) = -2.8005
point is convex? yes

iter = 278 / 10000
f(0.5*(x1+x2)) = -2.8125
0.5*f(x1+x2) = -2.7304
point is convex? yes

iter = 279 / 10000
f(0.5*(x1+x2)) = -2.8273
0.5*f(x1+x2) = -2.813
point is convex? yes

iter = 280 / 10000
f(0.5*(x1+x2)) = -2.8223
0.5*f(x1+x2) = -2.8174
point is convex? yes

iter = 281 / 10000
f(0.5*(x1+x2)) = -2.8257
0.5*f(x1+x2) = -2.7962
point is convex? yes

iter = 282 / 10000
f(0.5*(x1+x2)) = -2.8138
0.5*f(x1+x2) = -2.7919
point is convex? yes

iter = 283 / 10000
f(0.5*(x1+x2)) = -2.8205
0.5*f(x1+x2) = -2.7131
point is convex? yes

iter = 284 / 10000
f(0.5*(x1+x2)) = -2.826
0.5*f(x1+x2) = -2.826
point is convex? no

iter = 285 / 10000
f(0.5*(x1+x2)) = -2.5775
0.5*f(x1+x2) = -2.0558
point is convex? yes

iter = 286 / 10000
f(0.5*(x1+x2)) = -2.7842
0.5*f(x1+x2) = -2.5161
point is convex? yes

iter = 287 / 10000
f(0.5*(x1+x2)) = -2.8274
0.5*f(x1+x2) = -2.803
point is convex? yes

iter = 288 / 10000
f(0.5*(x1+x2)) = -2.822
0.5*f(x1+x2) = -2.7641
point is convex? yes

iter = 289 / 10000
f(0.5*(x1+x2)) = -2.8218
0.5*f(x1+x2) = -2.7077
point is convex? yes

iter = 290 / 10000
f(0.5*(x1+x2)) = -2.7933
0.5*f(x1+x2) = -2.5735
point is convex? yes

iter = 291 / 10000
f(0.5*(x1+x2)) = -2.7828
0.5*f(x1+x2) = -2.7682
point is convex? yes

iter = 292 / 10000
f(0.5*(x1+x2)) = -2.8177
0.5*f(x1+x2) = -2.3108
point is convex? yes

iter = 293 / 10000
f(0.5*(x1+x2)) = -2.8281
0.5*f(x1+x2) = -2.3956
point is convex? yes

iter = 294 / 10000
f(0.5*(x1+x2)) = -2.7872
0.5*f(x1+x2) = -2.7043
point is convex? yes

iter = 295 / 10000
f(0.5*(x1+x2)) = -2.7379
0.5*f(x1+x2) = -2.2081
point is convex? yes

iter = 296 / 10000
f(0.5*(x1+x2)) = -2.7715
0.5*f(x1+x2) = -2.5687
point is convex? yes

iter = 297 / 10000
f(0.5*(x1+x2)) = -2.6389
0.5*f(x1+x2) = -2.6621
point is convex? no

iter = 298 / 10000
f(0.5*(x1+x2)) = -2.8157
0.5*f(x1+x2) = -2.652
point is convex? yes

iter = 299 / 10000
f(0.5*(x1+x2)) = -2.8255
0.5*f(x1+x2) = -2.6841
point is convex? yes

iter = 300 / 10000
f(0.5*(x1+x2)) = -2.8216
0.5*f(x1+x2) = -2.7585
point is convex? yes

iter = 301 / 10000
f(0.5*(x1+x2)) = -2.5355
0.5*f(x1+x2) = -2.2658
point is convex? yes

iter = 302 / 10000
f(0.5*(x1+x2)) = -2.7825
0.5*f(x1+x2) = -2.3791
point is convex? yes

iter = 303 / 10000
f(0.5*(x1+x2)) = -2.7327
0.5*f(x1+x2) = -2.3616
point is convex? yes

iter = 304 / 10000
f(0.5*(x1+x2)) = -2.8242
0.5*f(x1+x2) = -2.5664
point is convex? yes

iter = 305 / 10000
f(0.5*(x1+x2)) = -2.8081
0.5*f(x1+x2) = -2.2197
point is convex? yes

iter = 306 / 10000
f(0.5*(x1+x2)) = -2.6311
0.5*f(x1+x2) = -2.3874
point is convex? yes

iter = 307 / 10000
f(0.5*(x1+x2)) = -2.6818
0.5*f(x1+x2) = -2.7334
point is convex? no

iter = 308 / 10000
f(0.5*(x1+x2)) = -2.7968
0.5*f(x1+x2) = -2.7896
point is convex? yes

iter = 309 / 10000
f(0.5*(x1+x2)) = -2.809
0.5*f(x1+x2) = -2.7124
point is convex? yes

iter = 310 / 10000
f(0.5*(x1+x2)) = -2.82
0.5*f(x1+x2) = -2.6629
point is convex? yes

iter = 311 / 10000
f(0.5*(x1+x2)) = -2.8216
0.5*f(x1+x2) = -2.7217
point is convex? yes

iter = 312 / 10000
f(0.5*(x1+x2)) = -2.8284
0.5*f(x1+x2) = -2.5939
point is convex? yes

iter = 313 / 10000
f(0.5*(x1+x2)) = -2.8268
0.5*f(x1+x2) = -2.7539
point is convex? yes

iter = 314 / 10000
f(0.5*(x1+x2)) = -2.7514
0.5*f(x1+x2) = -2.4776
point is convex? yes

iter = 315 / 10000
f(0.5*(x1+x2)) = -2.8238
0.5*f(x1+x2) = -2.7759
point is convex? yes

iter = 316 / 10000
f(0.5*(x1+x2)) = -2.8267
0.5*f(x1+x2) = -2.7136
point is convex? yes

iter = 317 / 10000
f(0.5*(x1+x2)) = -2.7871
0.5*f(x1+x2) = -2.0823
point is convex? yes

iter = 318 / 10000
f(0.5*(x1+x2)) = -2.8276
0.5*f(x1+x2) = -2.1145
point is convex? yes

iter = 319 / 10000
f(0.5*(x1+x2)) = -2.7456
0.5*f(x1+x2) = -2.3092
point is convex? yes

iter = 320 / 10000
f(0.5*(x1+x2)) = -2.8251
0.5*f(x1+x2) = -2.811
point is convex? yes

iter = 321 / 10000
f(0.5*(x1+x2)) = -2.8009
0.5*f(x1+x2) = -2.7585
point is convex? yes

iter = 322 / 10000
f(0.5*(x1+x2)) = -2.8234
0.5*f(x1+x2) = -2.8076
point is convex? yes

iter = 323 / 10000
f(0.5*(x1+x2)) = -2.8136
0.5*f(x1+x2) = -2.7133
point is convex? yes

iter = 324 / 10000
f(0.5*(x1+x2)) = -2.7904
0.5*f(x1+x2) = -2.0826
point is convex? yes

iter = 325 / 10000
f(0.5*(x1+x2)) = -2.8066
0.5*f(x1+x2) = -2.5731
point is convex? yes

iter = 326 / 10000
f(0.5*(x1+x2)) = -2.8203
0.5*f(x1+x2) = -2.5132
point is convex? yes

iter = 327 / 10000
f(0.5*(x1+x2)) = -2.6995
0.5*f(x1+x2) = -2.7596
point is convex? no

iter = 328 / 10000
f(0.5*(x1+x2)) = -2.8274
0.5*f(x1+x2) = -2.7708
point is convex? yes

iter = 329 / 10000
f(0.5*(x1+x2)) = -2.8039
0.5*f(x1+x2) = -2.6748
point is convex? yes

iter = 330 / 10000
f(0.5*(x1+x2)) = -2.6972
0.5*f(x1+x2) = -2.5682
point is convex? yes

iter = 331 / 10000
f(0.5*(x1+x2)) = -2.7795
0.5*f(x1+x2) = -2.6315
point is convex? yes

iter = 332 / 10000
f(0.5*(x1+x2)) = -2.8278
0.5*f(x1+x2) = -2.7097
point is convex? yes

iter = 333 / 10000
f(0.5*(x1+x2)) = -2.7764
0.5*f(x1+x2) = -2.4469
point is convex? yes

iter = 334 / 10000
f(0.5*(x1+x2)) = -2.7616
0.5*f(x1+x2) = -2.6728
point is convex? yes

iter = 335 / 10000
f(0.5*(x1+x2)) = -2.787
0.5*f(x1+x2) = -2.4934
point is convex? yes

iter = 336 / 10000
f(0.5*(x1+x2)) = -2.6349
0.5*f(x1+x2) = -2.111
point is convex? yes

iter = 337 / 10000
f(0.5*(x1+x2)) = -2.7643
0.5*f(x1+x2) = -2.3747
point is convex? yes

iter = 338 / 10000
f(0.5*(x1+x2)) = -2.8187
0.5*f(x1+x2) = -2.5078
point is convex? yes

iter = 339 / 10000
f(0.5*(x1+x2)) = -2.816
0.5*f(x1+x2) = -2.7085
point is convex? yes

iter = 340 / 10000
f(0.5*(x1+x2)) = -2.801
0.5*f(x1+x2) = -2.8145
point is convex? no

iter = 341 / 10000
f(0.5*(x1+x2)) = -2.8213
0.5*f(x1+x2) = -2.6707
point is convex? yes

iter = 342 / 10000
f(0.5*(x1+x2)) = -2.5303
0.5*f(x1+x2) = -2.5696
point is convex? no

iter = 343 / 10000
f(0.5*(x1+x2)) = -2.7547
0.5*f(x1+x2) = -2.6312
point is convex? yes

iter = 344 / 10000
f(0.5*(x1+x2)) = -2.8134
0.5*f(x1+x2) = -2.7816
point is convex? yes

iter = 345 / 10000
f(0.5*(x1+x2)) = -2.8225
0.5*f(x1+x2) = -2.7727
point is convex? yes

iter = 346 / 10000
f(0.5*(x1+x2)) = -2.6597
0.5*f(x1+x2) = -2.3501
point is convex? yes

iter = 347 / 10000
f(0.5*(x1+x2)) = -2.8278
0.5*f(x1+x2) = -2.601
point is convex? yes

iter = 348 / 10000
f(0.5*(x1+x2)) = -2.7598
0.5*f(x1+x2) = -2.656
point is convex? yes

iter = 349 / 10000
f(0.5*(x1+x2)) = -2.8095
0.5*f(x1+x2) = -2.7335
point is convex? yes

iter = 350 / 10000
f(0.5*(x1+x2)) = -2.8169
0.5*f(x1+x2) = -2.7944
point is convex? yes

iter = 351 / 10000
f(0.5*(x1+x2)) = -2.7993
0.5*f(x1+x2) = -2.6609
point is convex? yes

iter = 352 / 10000
f(0.5*(x1+x2)) = -2.824
0.5*f(x1+x2) = -2.7642
point is convex? yes

iter = 353 / 10000
f(0.5*(x1+x2)) = -2.8274
0.5*f(x1+x2) = -2.6732
point is convex? yes

iter = 354 / 10000
f(0.5*(x1+x2)) = -2.8102
0.5*f(x1+x2) = -2.6237
point is convex? yes

iter = 355 / 10000
f(0.5*(x1+x2)) = -2.6486
0.5*f(x1+x2) = -2.393
point is convex? yes

iter = 356 / 10000
f(0.5*(x1+x2)) = -2.6758
0.5*f(x1+x2) = -2.6117
point is convex? yes

iter = 357 / 10000
f(0.5*(x1+x2)) = -2.7926
0.5*f(x1+x2) = -2.7817
point is convex? yes

iter = 358 / 10000
f(0.5*(x1+x2)) = -2.7033
0.5*f(x1+x2) = -2.2671
point is convex? yes

iter = 359 / 10000
f(0.5*(x1+x2)) = -2.8192
0.5*f(x1+x2) = -2.4122
point is convex? yes

iter = 360 / 10000
f(0.5*(x1+x2)) = -2.8156
0.5*f(x1+x2) = -2.7763
point is convex? yes

iter = 361 / 10000
f(0.5*(x1+x2)) = -2.8274
0.5*f(x1+x2) = -2.8168
point is convex? yes

iter = 362 / 10000
f(0.5*(x1+x2)) = -2.8133
0.5*f(x1+x2) = -2.7856
point is convex? yes

iter = 363 / 10000
f(0.5*(x1+x2)) = -2.8228
0.5*f(x1+x2) = -2.3105
point is convex? yes

iter = 364 / 10000
f(0.5*(x1+x2)) = -2.7816
0.5*f(x1+x2) = -2.8181
point is convex? no

iter = 365 / 10000
f(0.5*(x1+x2)) = -2.8284
0.5*f(x1+x2) = -2.4569
point is convex? yes

iter = 366 / 10000
f(0.5*(x1+x2)) = -2.8096
0.5*f(x1+x2) = -2.6782
point is convex? yes

iter = 367 / 10000
f(0.5*(x1+x2)) = -2.8278
0.5*f(x1+x2) = -2.4237
point is convex? yes

iter = 368 / 10000
f(0.5*(x1+x2)) = -2.7866
0.5*f(x1+x2) = -2.0865
point is convex? yes

iter = 369 / 10000
f(0.5*(x1+x2)) = -2.8099
0.5*f(x1+x2) = -2.5148
point is convex? yes

iter = 370 / 10000
f(0.5*(x1+x2)) = -2.7165
0.5*f(x1+x2) = -2.7988
point is convex? no

iter = 371 / 10000
f(0.5*(x1+x2)) = -2.7506
0.5*f(x1+x2) = -2.4636
point is convex? yes

iter = 372 / 10000
f(0.5*(x1+x2)) = -2.7981
0.5*f(x1+x2) = -2.5752
point is convex? yes

iter = 373 / 10000
f(0.5*(x1+x2)) = -2.8178
0.5*f(x1+x2) = -2.3526
point is convex? yes

iter = 374 / 10000
f(0.5*(x1+x2)) = -2.8046
0.5*f(x1+x2) = -2.7381
point is convex? yes

iter = 375 / 10000
f(0.5*(x1+x2)) = -2.825
0.5*f(x1+x2) = -2.7824
point is convex? yes

iter = 376 / 10000
f(0.5*(x1+x2)) = -2.8272
0.5*f(x1+x2) = -2.8279
point is convex? no

iter = 377 / 10000
f(0.5*(x1+x2)) = -2.8272
0.5*f(x1+x2) = -2.5701
point is convex? yes

iter = 378 / 10000
f(0.5*(x1+x2)) = -2.7873
0.5*f(x1+x2) = -2.753
point is convex? yes

iter = 379 / 10000
f(0.5*(x1+x2)) = -2.8282
0.5*f(x1+x2) = -2.3631
point is convex? yes

iter = 380 / 10000
f(0.5*(x1+x2)) = -2.8255
0.5*f(x1+x2) = -2.3575
point is convex? yes

iter = 381 / 10000
f(0.5*(x1+x2)) = -2.8251
0.5*f(x1+x2) = -2.5222
point is convex? yes

iter = 382 / 10000
f(0.5*(x1+x2)) = -2.7653
0.5*f(x1+x2) = -2.6198
point is convex? yes

iter = 383 / 10000
f(0.5*(x1+x2)) = -2.8101
0.5*f(x1+x2) = -2.791
point is convex? yes

iter = 384 / 10000
f(0.5*(x1+x2)) = -2.7324
0.5*f(x1+x2) = -2.7119
point is convex? yes

iter = 385 / 10000
f(0.5*(x1+x2)) = -2.8111
0.5*f(x1+x2) = -2.4796
point is convex? yes

iter = 386 / 10000
f(0.5*(x1+x2)) = -2.8162
0.5*f(x1+x2) = -2.7229
point is convex? yes

iter = 387 / 10000
f(0.5*(x1+x2)) = -2.8276
0.5*f(x1+x2) = -2.5815
point is convex? yes

iter = 388 / 10000
f(0.5*(x1+x2)) = -2.827
0.5*f(x1+x2) = -2.5939
point is convex? yes

iter = 389 / 10000
f(0.5*(x1+x2)) = -2.8126
0.5*f(x1+x2) = -2.8069
point is convex? yes

iter = 390 / 10000
f(0.5*(x1+x2)) = -2.8234
0.5*f(x1+x2) = -2.6002
point is convex? yes

iter = 391 / 10000
f(0.5*(x1+x2)) = -2.8156
0.5*f(x1+x2) = -2.4155
point is convex? yes

iter = 392 / 10000
f(0.5*(x1+x2)) = -2.7386
0.5*f(x1+x2) = -2.5625
point is convex? yes

iter = 393 / 10000
f(0.5*(x1+x2)) = -2.8281
0.5*f(x1+x2) = -2.7539
point is convex? yes

iter = 394 / 10000
f(0.5*(x1+x2)) = -2.6979
0.5*f(x1+x2) = -2.4836
point is convex? yes

iter = 395 / 10000
f(0.5*(x1+x2)) = -2.8282
0.5*f(x1+x2) = -2.5712
point is convex? yes

iter = 396 / 10000
f(0.5*(x1+x2)) = -2.7908
0.5*f(x1+x2) = -2.1141
point is convex? yes

iter = 397 / 10000
f(0.5*(x1+x2)) = -2.5985
0.5*f(x1+x2) = -2.5163
point is convex? yes

iter = 398 / 10000
f(0.5*(x1+x2)) = -2.8182
0.5*f(x1+x2) = -2.7901
point is convex? yes

iter = 399 / 10000
f(0.5*(x1+x2)) = -2.8253
0.5*f(x1+x2) = -2.6562
point is convex? yes

iter = 400 / 10000
f(0.5*(x1+x2)) = -2.8177
0.5*f(x1+x2) = -2.7666
point is convex? yes

iter = 401 / 10000
f(0.5*(x1+x2)) = -2.8237
0.5*f(x1+x2) = -2.5864
point is convex? yes

iter = 402 / 10000
f(0.5*(x1+x2)) = -2.8217
0.5*f(x1+x2) = -2.4876
point is convex? yes

iter = 403 / 10000
f(0.5*(x1+x2)) = -2.8189
0.5*f(x1+x2) = -2.7856
point is convex? yes

iter = 404 / 10000
f(0.5*(x1+x2)) = -2.7008
0.5*f(x1+x2) = -2.411
point is convex? yes

iter = 405 / 10000
f(0.5*(x1+x2)) = -2.8277
0.5*f(x1+x2) = -2.4574
point is convex? yes

iter = 406 / 10000
f(0.5*(x1+x2)) = -2.8274
0.5*f(x1+x2) = -2.5786
point is convex? yes

iter = 407 / 10000
f(0.5*(x1+x2)) = -2.8208
0.5*f(x1+x2) = -2.7417
point is convex? yes

iter = 408 / 10000
f(0.5*(x1+x2)) = -2.6839
0.5*f(x1+x2) = -2.6776
point is convex? yes

iter = 409 / 10000
f(0.5*(x1+x2)) = -2.7969
0.5*f(x1+x2) = -2.5221
point is convex? yes

iter = 410 / 10000
f(0.5*(x1+x2)) = -2.7551
0.5*f(x1+x2) = -2.4015
point is convex? yes

iter = 411 / 10000
f(0.5*(x1+x2)) = -2.8034
0.5*f(x1+x2) = -2.6775
point is convex? yes

iter = 412 / 10000
f(0.5*(x1+x2)) = -2.8271
0.5*f(x1+x2) = -2.6137
point is convex? yes

iter = 413 / 10000
f(0.5*(x1+x2)) = -2.8191
0.5*f(x1+x2) = -2.0451
point is convex? yes

iter = 414 / 10000
f(0.5*(x1+x2)) = -2.8178
0.5*f(x1+x2) = -2.5577
point is convex? yes

iter = 415 / 10000
f(0.5*(x1+x2)) = -2.7738
0.5*f(x1+x2) = -2.7487
point is convex? yes

iter = 416 / 10000
f(0.5*(x1+x2)) = -2.8094
0.5*f(x1+x2) = -2.447
point is convex? yes

iter = 417 / 10000
f(0.5*(x1+x2)) = -2.8027
0.5*f(x1+x2) = -2.6818
point is convex? yes

iter = 418 / 10000
f(0.5*(x1+x2)) = -2.759
0.5*f(x1+x2) = -2.515
point is convex? yes

iter = 419 / 10000
f(0.5*(x1+x2)) = -2.8032
0.5*f(x1+x2) = -2.5959
point is convex? yes

iter = 420 / 10000
f(0.5*(x1+x2)) = -2.8282
0.5*f(x1+x2) = -2.8271
point is convex? yes

iter = 421 / 10000
f(0.5*(x1+x2)) = -2.8256
0.5*f(x1+x2) = -2.7574
point is convex? yes

iter = 422 / 10000
f(0.5*(x1+x2)) = -2.8186
0.5*f(x1+x2) = -2.8044
point is convex? yes

iter = 423 / 10000
f(0.5*(x1+x2)) = -2.6407
0.5*f(x1+x2) = -2.5386
point is convex? yes

iter = 424 / 10000
f(0.5*(x1+x2)) = -2.823
0.5*f(x1+x2) = -2.7525
point is convex? yes

iter = 425 / 10000
f(0.5*(x1+x2)) = -2.8262
0.5*f(x1+x2) = -2.8068
point is convex? yes

iter = 426 / 10000
f(0.5*(x1+x2)) = -2.8264
0.5*f(x1+x2) = -2.7078
point is convex? yes

iter = 427 / 10000
f(0.5*(x1+x2)) = -2.7086
0.5*f(x1+x2) = -2.6833
point is convex? yes

iter = 428 / 10000
f(0.5*(x1+x2)) = -2.8249
0.5*f(x1+x2) = -2.3014
point is convex? yes

iter = 429 / 10000
f(0.5*(x1+x2)) = -2.735
0.5*f(x1+x2) = -2.6796
point is convex? yes

iter = 430 / 10000
f(0.5*(x1+x2)) = -2.8115
0.5*f(x1+x2) = -2.5463
point is convex? yes

iter = 431 / 10000
f(0.5*(x1+x2)) = -2.7907
0.5*f(x1+x2) = -2.7121
point is convex? yes

iter = 432 / 10000
f(0.5*(x1+x2)) = -2.8139
0.5*f(x1+x2) = -2.561
point is convex? yes

iter = 433 / 10000
f(0.5*(x1+x2)) = -2.8242
0.5*f(x1+x2) = -2.8152
point is convex? yes

iter = 434 / 10000
f(0.5*(x1+x2)) = -2.6697
0.5*f(x1+x2) = -2.4975
point is convex? yes

iter = 435 / 10000
f(0.5*(x1+x2)) = -2.6498
0.5*f(x1+x2) = -2.3155
point is convex? yes

iter = 436 / 10000
f(0.5*(x1+x2)) = -2.7702
0.5*f(x1+x2) = -2.4107
point is convex? yes

iter = 437 / 10000
f(0.5*(x1+x2)) = -2.7781
0.5*f(x1+x2) = -2.745
point is convex? yes

iter = 438 / 10000
f(0.5*(x1+x2)) = -2.7958
0.5*f(x1+x2) = -2.6096
point is convex? yes

iter = 439 / 10000
f(0.5*(x1+x2)) = -2.7857
0.5*f(x1+x2) = -2.4123
point is convex? yes

iter = 440 / 10000
f(0.5*(x1+x2)) = -2.7963
0.5*f(x1+x2) = -2.3555
point is convex? yes

iter = 441 / 10000
f(0.5*(x1+x2)) = -2.8273
0.5*f(x1+x2) = -2.5781
point is convex? yes

iter = 442 / 10000
f(0.5*(x1+x2)) = -2.8225
0.5*f(x1+x2) = -2.3134
point is convex? yes

iter = 443 / 10000
f(0.5*(x1+x2)) = -2.8194
0.5*f(x1+x2) = -2.6426
point is convex? yes

iter = 444 / 10000
f(0.5*(x1+x2)) = -2.8217
0.5*f(x1+x2) = -2.7352
point is convex? yes

iter = 445 / 10000
f(0.5*(x1+x2)) = -2.8103
0.5*f(x1+x2) = -2.5862
point is convex? yes

iter = 446 / 10000
f(0.5*(x1+x2)) = -2.8216
0.5*f(x1+x2) = -2.6945
point is convex? yes

iter = 447 / 10000
f(0.5*(x1+x2)) = -2.8091
0.5*f(x1+x2) = -2.5581
point is convex? yes

iter = 448 / 10000
f(0.5*(x1+x2)) = -2.7467
0.5*f(x1+x2) = -2.6761
point is convex? yes

iter = 449 / 10000
f(0.5*(x1+x2)) = -2.7264
0.5*f(x1+x2) = -2.7482
point is convex? no

iter = 450 / 10000
f(0.5*(x1+x2)) = -2.8207
0.5*f(x1+x2) = -2.7943
point is convex? yes

iter = 451 / 10000
f(0.5*(x1+x2)) = -2.8284
0.5*f(x1+x2) = -2.4453
point is convex? yes

iter = 452 / 10000
f(0.5*(x1+x2)) = -2.772
0.5*f(x1+x2) = -2.7484
point is convex? yes

iter = 453 / 10000
f(0.5*(x1+x2)) = -2.828
0.5*f(x1+x2) = -2.123
point is convex? yes

iter = 454 / 10000
f(0.5*(x1+x2)) = -2.6974
0.5*f(x1+x2) = -2.2611
point is convex? yes

iter = 455 / 10000
f(0.5*(x1+x2)) = -2.8203
0.5*f(x1+x2) = -2.7641
point is convex? yes

iter = 456 / 10000
f(0.5*(x1+x2)) = -2.8074
0.5*f(x1+x2) = -2.7301
point is convex? yes

iter = 457 / 10000
f(0.5*(x1+x2)) = -2.8061
0.5*f(x1+x2) = -2.4941
point is convex? yes

iter = 458 / 10000
f(0.5*(x1+x2)) = -2.8277
0.5*f(x1+x2) = -2.764
point is convex? yes

iter = 459 / 10000
f(0.5*(x1+x2)) = -2.7911
0.5*f(x1+x2) = -2.509
point is convex? yes

iter = 460 / 10000
f(0.5*(x1+x2)) = -2.825
0.5*f(x1+x2) = -2.3988
point is convex? yes

iter = 461 / 10000
f(0.5*(x1+x2)) = -2.8154
0.5*f(x1+x2) = -2.6465
point is convex? yes

iter = 462 / 10000
f(0.5*(x1+x2)) = -2.8224
0.5*f(x1+x2) = -2.5708
point is convex? yes

iter = 463 / 10000
f(0.5*(x1+x2)) = -2.6701
0.5*f(x1+x2) = -2.6011
point is convex? yes

iter = 464 / 10000
f(0.5*(x1+x2)) = -2.8244
0.5*f(x1+x2) = -2.222
point is convex? yes

iter = 465 / 10000
f(0.5*(x1+x2)) = -2.8175
0.5*f(x1+x2) = -2.7532
point is convex? yes

iter = 466 / 10000
f(0.5*(x1+x2)) = -2.6156
0.5*f(x1+x2) = -2.5999
point is convex? yes

iter = 467 / 10000
f(0.5*(x1+x2)) = -2.8181
0.5*f(x1+x2) = -2.496
point is convex? yes

iter = 468 / 10000
f(0.5*(x1+x2)) = -2.8237
0.5*f(x1+x2) = -2.7501
point is convex? yes

iter = 469 / 10000
f(0.5*(x1+x2)) = -2.7717
0.5*f(x1+x2) = -2.6538
point is convex? yes

iter = 470 / 10000
f(0.5*(x1+x2)) = -2.8232
0.5*f(x1+x2) = -2.5558
point is convex? yes

iter = 471 / 10000
f(0.5*(x1+x2)) = -2.7854
0.5*f(x1+x2) = -2.5917
point is convex? yes

iter = 472 / 10000
f(0.5*(x1+x2)) = -2.7254
0.5*f(x1+x2) = -2.5003
point is convex? yes

iter = 473 / 10000
f(0.5*(x1+x2)) = -2.6419
0.5*f(x1+x2) = -2.486
point is convex? yes

iter = 474 / 10000
f(0.5*(x1+x2)) = -2.786
0.5*f(x1+x2) = -2.7264
point is convex? yes

iter = 475 / 10000
f(0.5*(x1+x2)) = -2.8033
0.5*f(x1+x2) = -2.3256
point is convex? yes

iter = 476 / 10000
f(0.5*(x1+x2)) = -2.8272
0.5*f(x1+x2) = -2.8102
point is convex? yes

iter = 477 / 10000
f(0.5*(x1+x2)) = -2.7452
0.5*f(x1+x2) = -2.7611
point is convex? no

iter = 478 / 10000
f(0.5*(x1+x2)) = -2.8155
0.5*f(x1+x2) = -2.6446
point is convex? yes

iter = 479 / 10000
f(0.5*(x1+x2)) = -2.7496
0.5*f(x1+x2) = -2.5563
point is convex? yes

iter = 480 / 10000
f(0.5*(x1+x2)) = -2.8174
0.5*f(x1+x2) = -2.7495
point is convex? yes

iter = 481 / 10000
f(0.5*(x1+x2)) = -2.7683
0.5*f(x1+x2) = -2.5544
point is convex? yes

iter = 482 / 10000
f(0.5*(x1+x2)) = -2.8029
0.5*f(x1+x2) = -2.3594
point is convex? yes

iter = 483 / 10000
f(0.5*(x1+x2)) = -2.7265
0.5*f(x1+x2) = -2.707
point is convex? yes

iter = 484 / 10000
f(0.5*(x1+x2)) = -2.8168
0.5*f(x1+x2) = -2.5683
point is convex? yes

iter = 485 / 10000
f(0.5*(x1+x2)) = -2.8277
0.5*f(x1+x2) = -2.5422
point is convex? yes

iter = 486 / 10000
f(0.5*(x1+x2)) = -2.8258
0.5*f(x1+x2) = -2.6223
point is convex? yes

iter = 487 / 10000
f(0.5*(x1+x2)) = -2.6613
0.5*f(x1+x2) = -2.6334
point is convex? yes

iter = 488 / 10000
f(0.5*(x1+x2)) = -2.8023
0.5*f(x1+x2) = -2.2327
point is convex? yes

iter = 489 / 10000
f(0.5*(x1+x2)) = -2.8284
0.5*f(x1+x2) = -2.4988
point is convex? yes

iter = 490 / 10000
f(0.5*(x1+x2)) = -2.8135
0.5*f(x1+x2) = -2.7866
point is convex? yes

iter = 491 / 10000
f(0.5*(x1+x2)) = -2.7997
0.5*f(x1+x2) = -2.7946
point is convex? yes

iter = 492 / 10000
f(0.5*(x1+x2)) = -2.7022
0.5*f(x1+x2) = -2.472
point is convex? yes

iter = 493 / 10000
f(0.5*(x1+x2)) = -2.8062
0.5*f(x1+x2) = -2.8054
point is convex? yes

iter = 494 / 10000
f(0.5*(x1+x2)) = -2.8144
0.5*f(x1+x2) = -2.5338
point is convex? yes

iter = 495 / 10000
f(0.5*(x1+x2)) = -2.8237
0.5*f(x1+x2) = -2.4045
point is convex? yes

iter = 496 / 10000
f(0.5*(x1+x2)) = -2.8247
0.5*f(x1+x2) = -2.7675
point is convex? yes

iter = 497 / 10000
f(0.5*(x1+x2)) = -2.821
0.5*f(x1+x2) = -2.6717
point is convex? yes

iter = 498 / 10000
f(0.5*(x1+x2)) = -2.8269
0.5*f(x1+x2) = -2.7569
point is convex? yes

iter = 499 / 10000
f(0.5*(x1+x2)) = -2.8276
0.5*f(x1+x2) = -2.778
point is convex? yes

iter = 500 / 10000
f(0.5*(x1+x2)) = -2.7892
0.5*f(x1+x2) = -2.6626
point is convex? yes

iter = 501 / 10000
f(0.5*(x1+x2)) = -2.8284
0.5*f(x1+x2) = -2.6813
point is convex? yes

iter = 502 / 10000
f(0.5*(x1+x2)) = -2.792
0.5*f(x1+x2) = -2.4929
point is convex? yes

iter = 503 / 10000
f(0.5*(x1+x2)) = -2.8229
0.5*f(x1+x2) = -2.6816
point is convex? yes

iter = 504 / 10000
f(0.5*(x1+x2)) = -2.7946
0.5*f(x1+x2) = -2.6861
point is convex? yes

iter = 505 / 10000
f(0.5*(x1+x2)) = -2.8101
0.5*f(x1+x2) = -2.4969
point is convex? yes

iter = 506 / 10000
f(0.5*(x1+x2)) = -2.7187
0.5*f(x1+x2) = -2.4981
point is convex? yes

iter = 507 / 10000
f(0.5*(x1+x2)) = -2.8184
0.5*f(x1+x2) = -2.5814
point is convex? yes

iter = 508 / 10000
f(0.5*(x1+x2)) = -2.8181
0.5*f(x1+x2) = -2.5711
point is convex? yes

iter = 509 / 10000
f(0.5*(x1+x2)) = -2.1922
0.5*f(x1+x2) = -2.1537
point is convex? yes

iter = 510 / 10000
f(0.5*(x1+x2)) = -2.7603
0.5*f(x1+x2) = -2.617
point is convex? yes

iter = 511 / 10000
f(0.5*(x1+x2)) = -2.7904
0.5*f(x1+x2) = -2.6499
point is convex? yes

iter = 512 / 10000
f(0.5*(x1+x2)) = -2.7337
0.5*f(x1+x2) = -2.5858
point is convex? yes

iter = 513 / 10000
f(0.5*(x1+x2)) = -2.7436
0.5*f(x1+x2) = -2.652
point is convex? yes

iter = 514 / 10000
f(0.5*(x1+x2)) = -2.78
0.5*f(x1+x2) = -2.4732
point is convex? yes

iter = 515 / 10000
f(0.5*(x1+x2)) = -2.8266
0.5*f(x1+x2) = -2.795
point is convex? yes

iter = 516 / 10000
f(0.5*(x1+x2)) = -2.4579
0.5*f(x1+x2) = -2.3329
point is convex? yes

iter = 517 / 10000
f(0.5*(x1+x2)) = -2.8241
0.5*f(x1+x2) = -2.7449
point is convex? yes

iter = 518 / 10000
f(0.5*(x1+x2)) = -2.8274
0.5*f(x1+x2) = -2.7911
point is convex? yes

iter = 519 / 10000
f(0.5*(x1+x2)) = -2.79
0.5*f(x1+x2) = -2.6737
point is convex? yes

iter = 520 / 10000
f(0.5*(x1+x2)) = -2.828
0.5*f(x1+x2) = -2.6525
point is convex? yes

iter = 521 / 10000
f(0.5*(x1+x2)) = -2.786
0.5*f(x1+x2) = -2.8278
point is convex? no

iter = 522 / 10000
f(0.5*(x1+x2)) = -2.8283
0.5*f(x1+x2) = -2.5152
point is convex? yes

iter = 523 / 10000
f(0.5*(x1+x2)) = -2.7923
0.5*f(x1+x2) = -2.4777
point is convex? yes

iter = 524 / 10000
f(0.5*(x1+x2)) = -2.8248
0.5*f(x1+x2) = -2.4547
point is convex? yes

iter = 525 / 10000
f(0.5*(x1+x2)) = -2.8103
0.5*f(x1+x2) = -2.0914
point is convex? yes

iter = 526 / 10000
f(0.5*(x1+x2)) = -2.8211
0.5*f(x1+x2) = -2.8135
point is convex? yes

iter = 527 / 10000
f(0.5*(x1+x2)) = -2.6229
0.5*f(x1+x2) = -2.4095
point is convex? yes

iter = 528 / 10000
f(0.5*(x1+x2)) = -2.8234
0.5*f(x1+x2) = -2.0903
point is convex? yes

iter = 529 / 10000
f(0.5*(x1+x2)) = -2.7597
0.5*f(x1+x2) = -2.7246
point is convex? yes

iter = 530 / 10000
f(0.5*(x1+x2)) = -2.8271
0.5*f(x1+x2) = -2.8105
point is convex? yes

iter = 531 / 10000
f(0.5*(x1+x2)) = -2.805
0.5*f(x1+x2) = -2.6308
point is convex? yes

iter = 532 / 10000
f(0.5*(x1+x2)) = -2.6372
0.5*f(x1+x2) = -2.5809
point is convex? yes

iter = 533 / 10000
f(0.5*(x1+x2)) = -2.8283
0.5*f(x1+x2) = -2.181
point is convex? yes

iter = 534 / 10000
f(0.5*(x1+x2)) = -2.7312
0.5*f(x1+x2) = -2.6101
point is convex? yes

iter = 535 / 10000
f(0.5*(x1+x2)) = -2.8272
0.5*f(x1+x2) = -2.7968
point is convex? yes

iter = 536 / 10000
f(0.5*(x1+x2)) = -2.826
0.5*f(x1+x2) = -2.3357
point is convex? yes

iter = 537 / 10000
f(0.5*(x1+x2)) = -2.803
0.5*f(x1+x2) = -2.5101
point is convex? yes

iter = 538 / 10000
f(0.5*(x1+x2)) = -2.7406
0.5*f(x1+x2) = -2.7375
point is convex? yes

iter = 539 / 10000
f(0.5*(x1+x2)) = -2.7981
0.5*f(x1+x2) = -2.4984
point is convex? yes

iter = 540 / 10000
f(0.5*(x1+x2)) = -2.8235
0.5*f(x1+x2) = -2.7513
point is convex? yes

iter = 541 / 10000
f(0.5*(x1+x2)) = -2.797
0.5*f(x1+x2) = -2.6856
point is convex? yes

iter = 542 / 10000
f(0.5*(x1+x2)) = -2.8284
0.5*f(x1+x2) = -2.7235
point is convex? yes

iter = 543 / 10000
f(0.5*(x1+x2)) = -2.8256
0.5*f(x1+x2) = -2.4292
point is convex? yes

iter = 544 / 10000
f(0.5*(x1+x2)) = -2.7757
0.5*f(x1+x2) = -2.6864
point is convex? yes

iter = 545 / 10000
f(0.5*(x1+x2)) = -2.4702
0.5*f(x1+x2) = -2.3875
point is convex? yes

iter = 546 / 10000
f(0.5*(x1+x2)) = -2.7307
0.5*f(x1+x2) = -2.2475
point is convex? yes

iter = 547 / 10000
f(0.5*(x1+x2)) = -2.7195
0.5*f(x1+x2) = -2.7712
point is convex? no

iter = 548 / 10000
f(0.5*(x1+x2)) = -2.8198
0.5*f(x1+x2) = -2.6432
point is convex? yes

iter = 549 / 10000
f(0.5*(x1+x2)) = -2.8084
0.5*f(x1+x2) = -2.6901
point is convex? yes

iter = 550 / 10000
f(0.5*(x1+x2)) = -2.8282
0.5*f(x1+x2) = -2.5135
point is convex? yes

iter = 551 / 10000
f(0.5*(x1+x2)) = -2.8109
0.5*f(x1+x2) = -2.4465
point is convex? yes

iter = 552 / 10000
f(0.5*(x1+x2)) = -2.8194
0.5*f(x1+x2) = -2.1425
point is convex? yes

iter = 553 / 10000
f(0.5*(x1+x2)) = -2.8129
0.5*f(x1+x2) = -2.2393
point is convex? yes

iter = 554 / 10000
f(0.5*(x1+x2)) = -2.7753
0.5*f(x1+x2) = -2.653
point is convex? yes

iter = 555 / 10000
f(0.5*(x1+x2)) = -2.824
0.5*f(x1+x2) = -2.6598
point is convex? yes

iter = 556 / 10000
f(0.5*(x1+x2)) = -2.8223
0.5*f(x1+x2) = -2.7512
point is convex? yes

iter = 557 / 10000
f(0.5*(x1+x2)) = -2.823
0.5*f(x1+x2) = -2.273
point is convex? yes

iter = 558 / 10000
f(0.5*(x1+x2)) = -2.7785
0.5*f(x1+x2) = -2.749
point is convex? yes

iter = 559 / 10000
f(0.5*(x1+x2)) = -2.7798
0.5*f(x1+x2) = -2.4199
point is convex? yes

iter = 560 / 10000
f(0.5*(x1+x2)) = -2.7991
0.5*f(x1+x2) = -2.8009
point is convex? no

iter = 561 / 10000
f(0.5*(x1+x2)) = -2.827
0.5*f(x1+x2) = -2.7858
point is convex? yes

iter = 562 / 10000
f(0.5*(x1+x2)) = -2.8245
0.5*f(x1+x2) = -2.7859
point is convex? yes

iter = 563 / 10000
f(0.5*(x1+x2)) = -2.7864
0.5*f(x1+x2) = -2.3161
point is convex? yes

iter = 564 / 10000
f(0.5*(x1+x2)) = -2.5972
0.5*f(x1+x2) = -2.5501
point is convex? yes

iter = 565 / 10000
f(0.5*(x1+x2)) = -2.755
0.5*f(x1+x2) = -2.4834
point is convex? yes

iter = 566 / 10000
f(0.5*(x1+x2)) = -2.8014
0.5*f(x1+x2) = -2.7052
point is convex? yes

iter = 567 / 10000
f(0.5*(x1+x2)) = -2.7764
0.5*f(x1+x2) = -2.7184
point is convex? yes

iter = 568 / 10000
f(0.5*(x1+x2)) = -2.8266
0.5*f(x1+x2) = -2.5875
point is convex? yes

iter = 569 / 10000
f(0.5*(x1+x2)) = -2.8281
0.5*f(x1+x2) = -2.4464
point is convex? yes

iter = 570 / 10000
f(0.5*(x1+x2)) = -2.8069
0.5*f(x1+x2) = -2.1267
point is convex? yes

iter = 571 / 10000
f(0.5*(x1+x2)) = -2.828
0.5*f(x1+x2) = -2.5258
point is convex? yes

iter = 572 / 10000
f(0.5*(x1+x2)) = -2.8261
0.5*f(x1+x2) = -2.7655
point is convex? yes

iter = 573 / 10000
f(0.5*(x1+x2)) = -2.8248
0.5*f(x1+x2) = -2.8133
point is convex? yes
