--------------------------------
          System Info           
--------------------------------
               d = 2
            sets = 2
  size of vector = 49 ~ 0 MB 
  size of matrix = 33 x 33 ~ 0 MB 
  num constaints = 1

--------------------------------
        Parameters Used           
--------------------------------
         epsilon = 0.001
       epsilon_0 = 0.9
     g(x) thresh = 1e-05
      initial mu = 1
             M_c = 1
  extra diagonal = 1e-10
       muScaling = 10
             rho = 0.1
              nu = 0.1
           gamma = 1
            beta = 0.6
           cores = 1


----------------------------------
         Iteration 0
----------------------------------
f=2.4000e+01 r=7.8102e+00 g=3.5745e-32 lam=2.0000e+00
f=2.4009e+01 r=7.7752e+00 g=1.7996e-32 lam=2.0022e+00
f=2.4079e+01 r=7.7668e+00 g=1.6517e-32 lam=2.0004e+00
f=2.4542e+01 r=7.7415e+00 g=2.9089e-32 lam=1.9924e+00
f=2.5757e+01 r=7.7025e+00 g=5.9165e-32 lam=1.9701e+00
f=2.6868e+01 r=7.6741e+00 g=1.9228e-32 lam=1.9484e+00
f=2.7868e+01 r=7.6515e+00 g=2.0708e-32 lam=1.9272e+00
f=2.9353e+01 r=7.6198e+00 g=2.3912e-32 lam=1.8926e+00
f=3.0634e+01 r=7.5919e+00 g=3.1554e-32 lam=1.8593e+00
f=3.1721e+01 r=7.5672e+00 g=2.8350e-32 lam=1.8272e+00
f=3.3225e+01 r=7.5299e+00 g=1.3559e-32 lam=1.7757e+00
f=3.4390e+01 r=7.4960e+00 g=1.5531e-32 lam=1.7275e+00
f=3.5784e+01 r=7.4451e+00 g=1.9228e-32 lam=1.6520e+00
f=3.7120e+01 r=7.3688e+00 g=2.9890e-32 lam=1.5394e+00
f=3.7846e+01 r=7.2560e+00 g=6.0089e-33 lam=1.3840e+00
f=3.7907e+01 r=7.1556e+00 g=4.2370e-33 lam=1.2734e+00
f=3.8014e+01 r=7.0875e+00 g=6.8794e-33 lam=1.2262e+00
f=3.8275e+01 r=6.9917e+00 g=3.3396e-32 lam=1.1871e+00
f=3.8588e+01 r=6.8863e+00 g=3.9067e-33 lam=1.1677e+00
f=3.8950e+01 r=6.7583e+00 g=2.8684e-33 lam=1.1573e+00
f=3.9346e+01 r=6.5932e+00 g=1.9303e-33 lam=1.1514e+00
f=3.9685e+01 r=6.4032e+00 g=1.3247e-33 lam=1.1485e+00
f=3.9916e+01 r=6.2202e+00 g=2.3364e-33 lam=1.1474e+00
f=4.0080e+01 r=6.0426e+00 g=1.2818e-33 lam=1.1469e+00
f=4.0281e+01 r=5.7544e+00 g=2.1833e-33 lam=1.1467e+00
f=4.0408e+01 r=5.4801e+00 g=4.4684e-33 lam=1.1469e+00
f=4.0493e+01 r=5.2177e+00 g=7.1491e-33 lam=1.1475e+00
f=4.0526e+01 r=4.9497e+00 g=4.2336e-33 lam=1.1481e+00
f=4.0607e+01 r=4.5631e+00 g=2.2774e-33 lam=1.1499e+00
f=4.0667e+01 r=4.2099e+00 g=1.6790e-33 lam=1.1519e+00
f=4.0709e+01 r=3.8854e+00 g=5.5949e-33 lam=1.1536e+00
f=4.0734e+01 r=3.5946e+00 g=3.9347e-33 lam=1.1548e+00
f=4.0761e+01 r=3.3205e+00 g=5.3166e-33 lam=1.1561e+00
f=4.0785e+01 r=3.0674e+00 g=5.5718e-33 lam=1.1574e+00
f=4.0806e+01 r=2.8335e+00 g=3.2279e-33 lam=1.1585e+00
f=4.0836e+01 r=2.4733e+00 g=1.5200e-33 lam=1.1601e+00
f=4.0859e+01 r=2.1586e+00 g=4.6011e-33 lam=1.1613e+00
f=4.0879e+01 r=1.8846e+00 g=3.2163e-33 lam=1.1622e+00
f=4.0895e+01 r=1.6475e+00 g=4.6222e-33 lam=1.1629e+00
f=4.0909e+01 r=1.4394e+00 g=4.6338e-33 lam=1.1635e+00
f=4.0922e+01 r=1.2570e+00 g=2.1879e-33 lam=1.1641e+00
f=4.0932e+01 r=1.0977e+00 g=6.4656e-33 lam=1.1646e+00
f=4.0941e+01 r=9.6380e-01 g=1.6626e-33 lam=1.1647e+00

----------------------------------
         Iteration 1
----------------------------------
f=4.0941e+01 r=4.5040e+00 g=1.6626e-33 lam=1.1647e+00
f=2.5406e+01 r=2.3121e+00 g=8.5321e-34 lam=1.0885e+00
f=1.7149e+01 r=1.0505e+00 g=5.7617e-33 lam=1.0479e+00
f=1.4974e+01 r=6.6982e-01 g=2.2638e-33 lam=1.0364e+00
f=1.3625e+01 r=4.3394e-01 g=4.2141e-33 lam=1.0292e+00
f=1.3115e+01 r=3.5013e-01 g=2.4141e-33 lam=1.0265e+00
f=1.2718e+01 r=2.9047e-01 g=1.5125e-33 lam=1.0243e+00
f=1.2408e+01 r=2.4090e-01 g=1.5700e-33 lam=1.0227e+00
f=1.2167e+01 r=2.0612e-01 g=1.2568e-33 lam=1.0214e+00
f=1.1979e+01 r=1.6341e-01 g=2.2560e-33 lam=1.0204e+00
f=1.1831e+01 r=1.4414e-01 g=4.4444e-34 lam=1.0196e+00
f=1.1762e+01 r=1.6438e-01 g=1.3954e-33 lam=1.0192e+00
f=1.1662e+01 r=1.3071e-01 g=3.1738e-33 lam=1.0187e+00
f=1.1584e+01 r=1.0127e-01 g=3.5647e-33 lam=1.0182e+00
f=1.1547e+01 r=8.7732e-02 g=3.3039e-33 lam=1.0180e+00

----------------------------------
         Iteration 2
----------------------------------
f=1.1547e+01 r=5.6432e-01 g=3.3039e-33 lam=1.0180e+00
f=9.8558e+00 r=2.6631e-01 g=1.3806e-33 lam=1.0094e+00
f=8.9678e+00 r=1.3868e-01 g=4.0464e-33 lam=1.0049e+00
f=8.7381e+00 r=1.0546e-01 g=2.8990e-33 lam=1.0037e+00
f=8.5912e+00 r=9.3535e-02 g=7.5704e-34 lam=1.0030e+00
f=8.5347e+00 r=7.7983e-02 g=4.5143e-33 lam=1.0027e+00
f=8.4905e+00 r=4.5109e-02 g=3.0930e-33 lam=1.0025e+00
f=8.4558e+00 r=2.4279e-02 g=2.3327e-33 lam=1.0023e+00
f=8.4287e+00 r=1.9604e-02 g=1.1574e-33 lam=1.0022e+00
f=8.4073e+00 r=1.4626e-02 g=2.7890e-33 lam=1.0021e+00
f=8.3906e+00 r=1.1924e-02 g=1.7786e-33 lam=1.0020e+00
f=8.3775e+00 r=9.7744e-03 g=1.4736e-33 lam=1.0019e+00

----------------------------------
         Iteration 3
----------------------------------
f=8.3775e+00 r=6.0201e-02 g=1.4736e-33 lam=1.0019e+00
f=8.0756e+00 r=1.0071e-01 g=2.2017e-33 lam=1.0004e+00
f=8.0602e+00 r=4.9143e-02 g=1.7825e-33 lam=1.0003e+00
f=8.0544e+00 r=2.7285e-02 g=8.4978e-34 lam=1.0003e+00
f=8.0497e+00 r=2.1581e-02 g=8.8695e-34 lam=1.0003e+00
f=8.0461e+00 r=2.3282e-02 g=1.5931e-33 lam=1.0002e+00
f=8.0433e+00 r=1.7336e-02 g=1.4874e-33 lam=1.0002e+00
f=8.0411e+00 r=2.0354e-02 g=2.6661e-33 lam=1.0002e+00
f=8.0393e+00 r=1.3502e-02 g=1.0505e-33 lam=1.0002e+00
f=8.0380e+00 r=1.0465e-02 g=5.5729e-33 lam=1.0002e+00
f=8.0369e+00 r=7.8421e-03 g=1.7804e-33 lam=1.0002e+00
f=8.0360e+00 r=6.1279e-03 g=6.3097e-34 lam=1.0002e+00
f=8.0357e+00 r=5.2376e-03 g=2.8785e-33 lam=1.0002e+00
f=8.0353e+00 r=4.5704e-03 g=6.1614e-34 lam=1.0002e+00
f=8.0350e+00 r=3.9281e-03 g=2.6794e-33 lam=1.0002e+00
f=8.0347e+00 r=3.4282e-03 g=1.9102e-33 lam=1.0002e+00
f=8.0345e+00 r=2.9559e-03 g=1.7716e-33 lam=1.0002e+00
f=8.0343e+00 r=2.5790e-03 g=7.8145e-34 lam=1.0002e+00
f=8.0342e+00 r=2.2287e-03 g=3.8100e-33 lam=1.0002e+00
f=8.0340e+00 r=1.9440e-03 g=4.0543e-33 lam=1.0002e+00
f=8.0339e+00 r=1.6825e-03 g=1.0741e-33 lam=1.0002e+00
f=8.0338e+00 r=1.4674e-03 g=4.3322e-33 lam=1.0002e+00
f=8.0337e+00 r=1.2712e-03 g=1.2930e-33 lam=1.0002e+00
f=8.0336e+00 r=1.1085e-03 g=3.6457e-33 lam=1.0002e+00
f=8.0335e+00 r=9.6088e-04 g=1.6427e-33 lam=1.0002e+00

----------------------------------
         Iteration 4
----------------------------------
f=8.0335e+00 r=5.3438e-03 g=1.6427e-33 lam=1.0002e+00
f=8.0174e+00 r=1.3137e-02 g=1.1748e-33 lam=1.0001e+00
f=8.0091e+00 r=1.6412e-02 g=1.3507e-33 lam=1.0000e+00
f=8.0070e+00 r=1.8070e-02 g=1.7670e-33 lam=1.0000e+00
f=8.0057e+00 r=1.3014e-02 g=1.8935e-33 lam=1.0000e+00
f=8.0051e+00 r=7.3498e-03 g=3.8743e-33 lam=1.0000e+00
f=8.0047e+00 r=6.2694e-03 g=1.7983e-33 lam=1.0000e+00
f=8.0044e+00 r=3.3122e-03 g=1.1374e-33 lam=1.0000e+00
f=8.0042e+00 r=2.3150e-03 g=2.1360e-33 lam=1.0000e+00
f=8.0040e+00 r=1.6675e-03 g=6.1891e-34 lam=1.0000e+00
f=8.0038e+00 r=1.2397e-03 g=8.0261e-34 lam=1.0000e+00
f=8.0037e+00 r=9.1050e-04 g=3.1569e-33 lam=1.0000e+00
f=8.0036e+00 r=6.9077e-04 g=8.5465e-34 lam=1.0000e+00
f=8.0036e+00 r=5.1122e-04 g=1.1015e-33 lam=1.0000e+00
f=8.0035e+00 r=4.3990e-04 g=8.5018e-34 lam=1.0000e+00
f=8.0035e+00 r=3.7465e-04 g=1.8297e-33 lam=1.0000e+00
f=8.0035e+00 r=3.2427e-04 g=4.1112e-33 lam=1.0000e+00
f=8.0035e+00 r=2.7817e-04 g=1.5820e-33 lam=1.0000e+00
f=8.0034e+00 r=2.4126e-04 g=8.7609e-34 lam=1.0000e+00
f=8.0034e+00 r=2.0788e-04 g=1.8427e-33 lam=1.0000e+00
f=8.0034e+00 r=1.8047e-04 g=5.6718e-35 lam=1.0000e+00
f=8.0034e+00 r=1.5594e-04 g=4.5756e-33 lam=1.0000e+00
f=8.0034e+00 r=1.3544e-04 g=6.1820e-34 lam=1.0000e+00
f=8.0034e+00 r=1.1727e-04 g=2.1193e-33 lam=1.0000e+00
f=8.0034e+00 r=1.0187e-04 g=2.5410e-33 lam=1.0000e+00
f=8.0033e+00 r=8.8332e-05 g=5.2271e-34 lam=1.0000e+00

----------------------------------
         Final Matrices 
----------------------------------
final x =  { +1.0000, +0.0002, -0.0000, +0.0002, +0.0000, +0.0002, +0.0000, +0.0002, +0.0000, +0.0004, +0.0004, +0.0004, +0.0004, +0.0002, +0.0002, +0.0002, +0.0002, +0.0004, -0.0000, +0.0004, +0.0000, +0.0004, -0.0000, +0.0004, +0.0000, +0.0004, -0.0000, +0.0004, +0.0000, +0.0004, -0.0000, +0.0004, +0.0000, +0.0004, -0.0000, +0.0004, -0.0000, +0.0004, -0.0000, +0.0004, -0.0000, +0.0004, -0.0000, +0.0004, -0.0000, +0.0004, -0.0000, +0.0004, -0.0000}
min eigen of Q = -1.0000

----------------------------------
         Final Output 
----------------------------------
        |r(w)| = 5.8973e-04 < 1.0000e-03
          f(x) = 8.0033e+00 >= 6.8284e+00 (17.21% higher)
        |g(x)| = 5.2271e-34
         <X,Z> = 3.3499e-03
           |y| = 6.8038e-01
      y^T*g(x) = 3.5564e-34
     |delf(x)| = 6.3246e+00
     |delL(w)| = 8.7903e-05
     |delg(x)| = 4.5726e-18
   total inner = 121
    time taken = 286 ms
