--------------------------------
          System Info           
--------------------------------
               d = 3
            sets = 2
  size of vector = 169 ~ 0 MB 
  size of matrix = 91 x 91 ~ 0 MB 
  num constaints = 1

--------------------------------
        Parameters Used           
--------------------------------
         epsilon = 0.001
       epsilon_0 = 0.9
     g(x) thresh = 1e-05
      initial mu = 1
             M_c = 1
  extra diagonal = 1e-10
       muScaling = 10
             rho = 0.1
              nu = 0.1
           gamma = 1
            beta = 0.6
           cores = 1


----------------------------------
         Iteration 0
----------------------------------
f=5.4990e+01 r=1.2960e+01 g=1.8823e-31 lam=2.4495e+00
f=5.4982e+01 r=1.2904e+01 g=2.0206e-31 lam=2.4510e+00
f=5.5048e+01 r=1.2898e+01 g=1.4606e-31 lam=2.4235e+00
f=5.5212e+01 r=1.2864e+01 g=1.3301e-31 lam=2.3967e+00
f=5.6046e+01 r=1.2780e+01 g=1.6504e-31 lam=2.2752e+00
f=5.6785e+01 r=1.2721e+01 g=2.4526e-31 lam=2.1663e+00
f=5.7824e+01 r=1.2643e+01 g=6.6105e-32 lam=2.0036e+00
f=5.9133e+01 r=1.2533e+01 g=8.4790e-32 lam=1.7793e+00
f=5.9969e+01 r=1.2453e+01 g=6.2798e-32 lam=1.6196e+00
f=6.0871e+01 r=1.2345e+01 g=6.0420e-32 lam=1.4300e+00
f=6.1365e+01 r=1.2254e+01 g=4.0177e-32 lam=1.3315e+00
f=6.1781e+01 r=1.2183e+01 g=4.4900e-32 lam=1.2803e+00
f=6.2367e+01 r=1.1973e+01 g=9.4826e-32 lam=1.2643e+00
f=6.5149e+01 r=1.1823e+01 g=9.8135e-32 lam=1.2602e+00
f=7.0392e+01 r=1.1719e+01 g=5.1813e-32 lam=1.2708e+00
f=7.4632e+01 r=1.1611e+01 g=8.0058e-32 lam=1.2772e+00
f=7.8073e+01 r=1.1501e+01 g=3.4460e-32 lam=1.2808e+00
f=8.2864e+01 r=1.1317e+01 g=3.6284e-32 lam=1.2832e+00
f=8.6399e+01 r=1.1141e+01 g=3.4188e-32 lam=1.2856e+00
f=9.0977e+01 r=1.0849e+01 g=5.1522e-32 lam=1.2886e+00
f=9.4105e+01 r=1.0565e+01 g=4.4929e-32 lam=1.2902e+00
f=9.6379e+01 r=1.0291e+01 g=2.9026e-32 lam=1.2915e+00
f=9.9257e+01 r=9.8420e+00 g=3.7439e-32 lam=1.2930e+00
f=1.0107e+02 r=9.8034e+00 g=2.8622e-32 lam=1.2922e+00
f=1.0241e+02 r=9.4769e+00 g=3.5495e-32 lam=1.2939e+00
f=1.0342e+02 r=9.1124e+00 g=2.3421e-32 lam=1.2954e+00
f=1.0473e+02 r=8.4743e+00 g=1.4963e-32 lam=1.2979e+00
f=1.0562e+02 r=7.8854e+00 g=3.3910e-32 lam=1.2995e+00
f=1.0626e+02 r=7.3448e+00 g=1.6453e-32 lam=1.3008e+00
f=1.0673e+02 r=6.8493e+00 g=2.1273e-32 lam=1.3018e+00
f=1.0691e+02 r=6.8977e+00 g=9.7619e-33 lam=1.3023e+00
f=1.0724e+02 r=6.4475e+00 g=2.5649e-32 lam=1.3033e+00
f=1.0750e+02 r=6.0937e+00 g=1.0599e-32 lam=1.3040e+00
f=1.0772e+02 r=5.7293e+00 g=1.0190e-32 lam=1.3046e+00
f=1.0790e+02 r=5.4486e+00 g=7.3110e-33 lam=1.3051e+00
f=1.0816e+02 r=4.8960e+00 g=1.1791e-32 lam=1.3059e+00
f=1.0823e+02 r=4.8475e+00 g=8.8852e-33 lam=1.3061e+00
f=1.0841e+02 r=4.3731e+00 g=9.7524e-33 lam=1.3066e+00
f=1.0856e+02 r=3.9590e+00 g=7.3223e-33 lam=1.3070e+00
f=1.0867e+02 r=3.6023e+00 g=5.4970e-33 lam=1.3072e+00
f=1.0877e+02 r=3.2907e+00 g=6.2860e-33 lam=1.3074e+00
f=1.0882e+02 r=3.1310e+00 g=9.6520e-33 lam=1.3075e+00
f=1.0889e+02 r=2.8997e+00 g=4.2679e-33 lam=1.3076e+00
f=1.0895e+02 r=2.6852e+00 g=4.1792e-33 lam=1.3076e+00
f=1.0900e+02 r=2.4844e+00 g=4.9648e-33 lam=1.3077e+00
f=1.0904e+02 r=2.2969e+00 g=4.1266e-33 lam=1.3076e+00
f=1.0907e+02 r=2.1173e+00 g=7.5473e-33 lam=1.3076e+00
f=1.0910e+02 r=1.9389e+00 g=6.3962e-33 lam=1.3075e+00
f=1.0913e+02 r=1.7430e+00 g=4.6728e-33 lam=1.3076e+00
f=1.0915e+02 r=1.5608e+00 g=4.7044e-33 lam=1.3073e+00
f=1.0917e+02 r=1.3613e+00 g=1.0318e-32 lam=1.3071e+00
f=1.0919e+02 r=1.1658e+00 g=7.3823e-33 lam=1.3068e+00
f=1.0920e+02 r=9.7085e-01 g=6.1136e-33 lam=1.3065e+00

----------------------------------
         Iteration 1
----------------------------------
f=1.0920e+02 r=8.3318e+00 g=6.1136e-33 lam=1.3065e+00
f=6.6576e+01 r=4.3111e+00 g=9.8012e-33 lam=1.2687e+00
f=4.3893e+01 r=3.5016e+00 g=3.0041e-32 lam=1.2514e+00
f=3.7939e+01 r=4.1585e+00 g=3.0499e-32 lam=1.2447e+00
f=3.5646e+01 r=2.2188e+00 g=5.6654e-32 lam=1.2425e+00
f=3.3870e+01 r=2.3601e+00 g=6.5666e-32 lam=1.2409e+00
f=3.3574e+01 r=2.6094e+00 g=1.2014e-31 lam=1.2406e+00
f=3.2240e+01 r=2.8362e+00 g=1.4440e-31 lam=1.2389e+00
f=3.1197e+01 r=2.7052e+00 g=1.2348e-31 lam=1.2376e+00
f=3.0381e+01 r=2.5347e+00 g=1.8352e-31 lam=1.2367e+00
f=2.9743e+01 r=2.5963e+00 g=1.7798e-31 lam=1.2360e+00
f=2.9242e+01 r=2.3652e+00 g=1.7100e-31 lam=1.2355e+00
f=2.9004e+01 r=2.0526e+00 g=1.0715e-31 lam=1.2352e+00
f=2.8660e+01 r=1.9606e+00 g=1.6276e-31 lam=1.2348e+00
f=2.8497e+01 r=1.8040e+00 g=1.6581e-31 lam=1.2345e+00
f=2.8355e+01 r=1.5305e+00 g=1.3594e-31 lam=1.2343e+00
f=2.8232e+01 r=1.3875e+00 g=7.1418e-32 lam=1.2341e+00
f=2.8125e+01 r=1.2312e+00 g=1.1978e-31 lam=1.2339e+00
f=2.8031e+01 r=1.0200e+00 g=1.2917e-31 lam=1.2338e+00
f=2.7950e+01 r=7.7881e-01 g=1.1198e-31 lam=1.2337e+00
f=2.7880e+01 r=6.9421e-01 g=1.1174e-31 lam=1.2335e+00
f=2.7819e+01 r=5.9838e-01 g=1.0351e-31 lam=1.2334e+00
f=2.7766e+01 r=5.2573e-01 g=2.0081e-31 lam=1.2333e+00
f=2.7719e+01 r=4.5558e-01 g=1.4808e-31 lam=1.2333e+00
f=2.7679e+01 r=3.9711e-01 g=9.3379e-32 lam=1.2332e+00
f=2.7644e+01 r=3.4488e-01 g=1.1592e-31 lam=1.2331e+00
f=2.7614e+01 r=2.9891e-01 g=7.9682e-32 lam=1.2331e+00
f=2.7587e+01 r=2.5802e-01 g=1.5618e-31 lam=1.2330e+00
f=2.7564e+01 r=2.2189e-01 g=1.1651e-31 lam=1.2330e+00
f=2.7544e+01 r=1.9245e-01 g=9.1793e-32 lam=1.2330e+00
f=2.7527e+01 r=1.6747e-01 g=1.2995e-31 lam=1.2329e+00
f=2.7511e+01 r=1.4559e-01 g=1.3327e-31 lam=1.2329e+00
f=2.7498e+01 r=1.2679e-01 g=1.3205e-31 lam=1.2329e+00
f=2.7487e+01 r=1.1019e-01 g=9.9570e-32 lam=1.2329e+00
f=2.7477e+01 r=9.5977e-02 g=1.0875e-31 lam=1.2329e+00

----------------------------------
         Iteration 2
----------------------------------
f=2.7477e+01 r=8.7079e-01 g=1.0875e-31 lam=1.2329e+00
f=2.3081e+01 r=6.8242e-01 g=4.4745e-31 lam=1.2290e+00
f=2.0797e+01 r=3.9094e-01 g=9.6019e-31 lam=1.2270e+00
f=2.0229e+01 r=3.7745e-01 g=2.6584e-30 lam=1.2265e+00
f=1.9866e+01 r=4.4536e-01 g=3.2294e-30 lam=1.2261e+00
f=1.9726e+01 r=2.7203e-01 g=8.3201e-30 lam=1.2260e+00
f=1.9616e+01 r=2.2221e-01 g=3.1454e-30 lam=1.2259e+00
f=1.9531e+01 r=1.8674e-01 g=3.4277e-30 lam=1.2258e+00
f=1.9463e+01 r=1.6293e-01 g=8.9726e-30 lam=1.2258e+00
f=1.9411e+01 r=7.9347e-02 g=1.0582e-29 lam=1.2257e+00
f=1.9369e+01 r=1.2510e-01 g=8.4389e-30 lam=1.2257e+00
f=1.9337e+01 r=8.6945e-02 g=1.0162e-29 lam=1.2257e+00
f=1.9312e+01 r=7.4354e-02 g=6.7013e-30 lam=1.2256e+00
f=1.9292e+01 r=4.9520e-02 g=7.2639e-30 lam=1.2256e+00
f=1.9282e+01 r=3.7319e-02 g=1.5948e-29 lam=1.2256e+00
f=1.9274e+01 r=3.0367e-02 g=8.2814e-30 lam=1.2256e+00
f=1.9267e+01 r=2.5848e-02 g=1.1877e-29 lam=1.2256e+00
f=1.9261e+01 r=1.9440e-02 g=1.3294e-29 lam=1.2256e+00
f=1.9255e+01 r=1.6475e-02 g=1.4454e-29 lam=1.2256e+00
f=1.9251e+01 r=1.4075e-02 g=6.3523e-30 lam=1.2256e+00
f=1.9247e+01 r=1.2103e-02 g=1.9085e-29 lam=1.2256e+00
f=1.9243e+01 r=1.0420e-02 g=9.7416e-30 lam=1.2256e+00
f=1.9240e+01 r=8.9897e-03 g=1.2593e-29 lam=1.2256e+00

----------------------------------
         Iteration 3
----------------------------------
f=1.9240e+01 r=8.8458e-02 g=1.2593e-29 lam=1.2256e+00
f=1.8794e+01 r=1.2805e-01 g=3.3385e-29 lam=1.2252e+00
f=1.8561e+01 r=2.4410e-01 g=2.3971e-28 lam=1.2250e+00
f=1.8503e+01 r=1.8805e-01 g=3.6069e-28 lam=1.2249e+00
f=1.8466e+01 r=5.6852e-02 g=5.3841e-28 lam=1.2249e+00
f=1.8452e+01 r=5.3071e-02 g=4.6055e-28 lam=1.2249e+00
f=1.8441e+01 r=5.0102e-02 g=3.1599e-28 lam=1.2249e+00
f=1.8432e+01 r=3.9653e-02 g=6.6355e-28 lam=1.2249e+00
f=1.8425e+01 r=1.8621e-02 g=6.4358e-28 lam=1.2248e+00
f=1.8420e+01 r=1.8067e-02 g=9.2554e-28 lam=1.2248e+00
f=1.8416e+01 r=7.7598e-03 g=1.4613e-27 lam=1.2248e+00
f=1.8412e+01 r=6.6582e-03 g=4.7187e-28 lam=1.2248e+00
f=1.8410e+01 r=4.8833e-03 g=1.7423e-27 lam=1.2248e+00
f=1.8408e+01 r=4.8197e-03 g=5.7933e-28 lam=1.2248e+00
f=1.8407e+01 r=3.7268e-03 g=9.6111e-28 lam=1.2248e+00
f=1.8406e+01 r=3.4249e-03 g=1.0848e-27 lam=1.2248e+00
f=1.8405e+01 r=2.7186e-03 g=1.0002e-27 lam=1.2248e+00
f=1.8405e+01 r=2.3116e-03 g=1.1152e-27 lam=1.2248e+00
f=1.8404e+01 r=1.4293e-03 g=9.9659e-28 lam=1.2248e+00
f=1.8404e+01 r=1.1946e-03 g=1.4189e-27 lam=1.2248e+00
f=1.8403e+01 r=9.8189e-04 g=9.3174e-28 lam=1.2248e+00

----------------------------------
         Iteration 4
----------------------------------
f=1.8403e+01 r=8.9273e-03 g=9.3174e-28 lam=1.2248e+00
f=1.8358e+01 r=2.4504e-02 g=5.7984e-27 lam=1.2248e+00
f=1.8335e+01 r=4.3689e-02 g=1.7846e-26 lam=1.2248e+00
f=1.8335e+01 r=4.3568e-02 g=1.0280e-26 lam=1.2248e+00
f=1.8335e+01 r=4.3428e-02 g=3.3965e-26 lam=1.2248e+00
f=1.8318e+01 r=1.1360e-01 g=6.2698e-26 lam=1.2248e+00
f=1.8318e+01 r=1.6714e-01 g=1.4853e-25 lam=1.2248e+00
f=1.8318e+01 r=2.9518e-01 g=1.5775e-25 lam=1.2248e+00
f=1.8318e+01 r=3.2434e-01 g=9.9337e-26 lam=1.2248e+00
f=1.8318e+01 r=8.4319e-01 g=8.9075e-26 lam=1.2248e+00
f=1.8318e+01 r=3.3073e-01 g=1.4804e-25 lam=1.2248e+00
f=1.8318e+01 r=4.5404e+00 g=1.2859e-25 lam=1.2248e+00
f=1.8318e+01 r=3.9443e-01 g=5.1502e-26 lam=1.2248e+00
f=1.8318e+01 r=3.9262e+00 g=1.4914e-25 lam=1.2248e+00
f=1.8318e+01 r=2.8270e-01 g=5.6282e-26 lam=1.2248e+00
f=1.8318e+01 r=1.3887e+00 g=2.2179e-25 lam=1.2248e+00
f=1.8318e+01 r=2.0868e-01 g=8.1657e-26 lam=1.2248e+00
f=1.8318e+01 r=5.6128e-01 g=1.4339e-25 lam=1.2248e+00
f=1.8318e+01 r=5.5205e-01 g=8.5560e-26 lam=1.2248e+00
f=1.8318e+01 r=1.3251e+00 g=1.0407e-25 lam=1.2248e+00
f=1.8318e+01 r=1.4320e-01 g=1.8703e-25 lam=1.2248e+00
f=1.8318e+01 r=8.9966e-02 g=1.7285e-25 lam=1.2248e+00
f=1.8318e+01 r=2.4404e-01 g=7.2908e-26 lam=1.2248e+00
f=1.8318e+01 r=2.0918e-02 g=1.6294e-25 lam=1.2248e+00
f=1.8318e+01 r=6.2025e-03 g=1.5610e-25 lam=1.2248e+00
f=1.8318e+01 r=2.1285e-03 g=1.1628e-25 lam=1.2248e+00
f=1.8318e+01 r=6.8802e-04 g=1.4184e-25 lam=1.2248e+00
f=1.8318e+01 r=9.8741e-05 g=1.4921e-25 lam=1.2248e+00

----------------------------------
         Final Matrices 
----------------------------------
final x =  { +1.2248, +0.0462, +0.0000, +0.0000, +0.0462, -0.0000, +0.0462, +0.0000, +0.0000, -0.0000, +0.0462, -0.0000, -0.0000, +0.0462, +0.0000, +0.0462, -0.0000, -0.0000, +0.0000, -0.0743, -0.0743, -0.0743, -0.0743, -0.0743, -0.0743, -0.0743, -0.0743, -0.0743, +0.0462, +0.0462, +0.0462, +0.0462, +0.0462, +0.0462, +0.0006, -0.0000, -0.0000, +0.0006, +0.0000, +0.0006, -0.0000, +0.0000, +0.0000, +0.0006, -0.0000, -0.0000, +0.0006, +0.0000, +0.0006, -0.0000, +0.0000, +0.0000, +0.0006, -0.0000, -0.0000, +0.0006, +0.0000, +0.0006, -0.0000, +0.0000, +0.0000, +0.0006, -0.0000, -0.0000, +0.0006, +0.0000, +0.0006, -0.0000, +0.0000, +0.0000, +0.0006, -0.0000, -0.0000, +0.0006, +0.0000, +0.0006, -0.0000, +0.0000, +0.0000, +0.0006, -0.0000, -0.0000, +0.0006, +0.0000, +0.0006, -0.0000, +0.0000, +0.0000, +0.0006, -0.0000, -0.0000, +0.0006, +0.0000, +0.0006, -0.0000, +0.0000, +0.0000, +0.0006, -0.0000, -0.0000, +0.0006, +0.0000, +0.0006, -0.0000, +0.0000, +0.0000, +0.0006, -0.0000, -0.0000, +0.0006, +0.0000, +0.0006, -0.0000, +0.0000, +0.0000, +0.0006, -0.0000, -0.0000, +0.0006, +0.0000, +0.0006, -0.0000, -0.0000, -0.0000, +0.0006, -0.0000, -0.0000, +0.0006, +0.0000, +0.0006, -0.0000, -0.0000, -0.0000, +0.0006, -0.0000, -0.0000, +0.0006, +0.0000, +0.0006, -0.0000, -0.0000, -0.0000, +0.0006, +0.0000, +0.0000, +0.0006, -0.0000, +0.0006, +0.0000, +0.0000, -0.0000, +0.0006, +0.0000, +0.0000, +0.0006, -0.0000, +0.0006, +0.0000, +0.0000, -0.0000, +0.0006, +0.0000, +0.0000, +0.0006, -0.0000, +0.0006, +0.0000, +0.0000, -0.0000}
min eigen of Q = -1.2247

----------------------------------
         Final Output 
----------------------------------
        |r(w)| = 9.5904e-04 < 1.0000e-03
          f(x) = 1.8318e+01 >= 1.4196e+01 (29.04% higher)
        |g(x)| = 1.4921e-25
         <X,Z> = 9.1000e-03
           |y| = 6.8038e-01
      y^T*g(x) = 1.0152e-25
     |delf(x)| = 1.2698e+01
     |delL(w)| = 9.8741e-05
     |delg(x)| = 7.7256e-14
   total inner = 160
    time taken = 7144 ms
