A_0 = { { +0.0000, +0.0000, +0.0000, +0.0000, +0.0000, +0.0000, +0.0000, +0.0000, +0.0000, +0.0000, +0.0000, +0.0000, -1.0000, +0.0000, +0.0000, -1.0000, +0.0000, +0.0000},
        { +0.0000, +0.0000, +0.0000, +0.0000, +0.0000, +0.0000, +0.0000, +0.0000, +0.0000, +0.0000, +0.0000, +0.0000, +0.0000, -1.0000, +0.0000, +0.0000, -1.0000, +0.0000},
        { +0.0000, +0.0000, +0.0000, +0.0000, +0.0000, +0.0000, +0.0000, +0.0000, +0.0000, +0.0000, +0.0000, +0.0000, +0.0000, +0.0000, -1.0000, +0.0000, +0.0000, -1.0000},
        { +0.0000, +0.0000, +0.0000, +0.0000, +0.0000, +0.0000, +0.0000, +0.0000, +0.0000, +0.0000, +0.0000, +0.0000, -1.0000, +0.0000, +0.0000, +1.0000, +0.0000, +0.0000},
        { +0.0000, +0.0000, +0.0000, +0.0000, +0.0000, +0.0000, +0.0000, +0.0000, +0.0000, +0.0000, +0.0000, +0.0000, +0.0000, -1.0000, +0.0000, +0.0000, +1.0000, +0.0000},
        { +0.0000, +0.0000, +0.0000, +0.0000, +0.0000, +0.0000, +0.0000, +0.0000, +0.0000, +0.0000, +0.0000, +0.0000, +0.0000, +0.0000, -1.0000, +0.0000, +0.0000, +1.0000},
        { +0.0000, +0.0000, +0.0000, +0.0000, +0.0000, +0.0000, +0.0000, +0.0000, +0.0000, +0.0000, +0.0000, +0.0000, +1.0000, +0.0000, +0.0000, -1.0000, +0.0000, +0.0000},
        { +0.0000, +0.0000, +0.0000, +0.0000, +0.0000, +0.0000, +0.0000, +0.0000, +0.0000, +0.0000, +0.0000, +0.0000, +0.0000, +1.0000, +0.0000, +0.0000, -1.0000, +0.0000},
        { +0.0000, +0.0000, +0.0000, +0.0000, +0.0000, +0.0000, +0.0000, +0.0000, +0.0000, +0.0000, +0.0000, +0.0000, +0.0000, +0.0000, +1.0000, +0.0000, +0.0000, -1.0000},
        { +0.0000, +0.0000, +0.0000, +0.0000, +0.0000, +0.0000, +0.0000, +0.0000, +0.0000, +0.0000, +0.0000, +0.0000, +1.0000, +0.0000, +0.0000, +1.0000, +0.0000, +0.0000},
        { +0.0000, +0.0000, +0.0000, +0.0000, +0.0000, +0.0000, +0.0000, +0.0000, +0.0000, +0.0000, +0.0000, +0.0000, +0.0000, +1.0000, +0.0000, +0.0000, +1.0000, +0.0000},
        { +0.0000, +0.0000, +0.0000, +0.0000, +0.0000, +0.0000, +0.0000, +0.0000, +0.0000, +0.0000, +0.0000, +0.0000, +0.0000, +0.0000, +1.0000, +0.0000, +0.0000, +1.0000},
        { -1.0000, +0.0000, +0.0000, -1.0000, +0.0000, +0.0000, +1.0000, +0.0000, +0.0000, +1.0000, +0.0000, +0.0000, +0.0000, +0.0000, +0.0000, +0.0000, +0.0000, +0.0000},
        { +0.0000, -1.0000, +0.0000, +0.0000, -1.0000, +0.0000, +0.0000, +1.0000, +0.0000, +0.0000, +1.0000, +0.0000, +0.0000, +0.0000, +0.0000, +0.0000, +0.0000, +0.0000},
        { +0.0000, +0.0000, -1.0000, +0.0000, +0.0000, -1.0000, +0.0000, +0.0000, +1.0000, +0.0000, +0.0000, +1.0000, +0.0000, +0.0000, +0.0000, +0.0000, +0.0000, +0.0000},
        { -1.0000, +0.0000, +0.0000, +1.0000, +0.0000, +0.0000, -1.0000, +0.0000, +0.0000, +1.0000, +0.0000, +0.0000, +0.0000, +0.0000, +0.0000, +0.0000, +0.0000, +0.0000},
        { +0.0000, -1.0000, +0.0000, +0.0000, +1.0000, +0.0000, +0.0000, -1.0000, +0.0000, +0.0000, +1.0000, +0.0000, +0.0000, +0.0000, +0.0000, +0.0000, +0.0000, +0.0000},
        { +0.0000, +0.0000, -1.0000, +0.0000, +0.0000, +1.0000, +0.0000, +0.0000, -1.0000, +0.0000, +0.0000, +1.0000, +0.0000, +0.0000, +0.0000, +0.0000, +0.0000, +0.0000} } 
b_0 =  { +2.0000, +0.0000, +0.0000, +0.0000, +0.0000, +0.0000, +0.0000, +0.0000, +0.0000, -2.0000, +0.0000, +0.0000, +0.0000, +0.0000, +0.0000, +0.0000, +0.0000, +0.0000}
c_0 = -4.0000e+00
x =  { +0.8536, +0.3536, +0.0000, +0.8536, -0.3536, +0.0000, +0.1464, +0.3536, +0.0000, +0.1464, -0.3536, +0.0000, +1.0000, +0.0000, +0.0000, +0.5000, +0.5000, +0.0000}
obj = -6.8288e+00
diff = -4.0000e-04
con = 6.5920e-05
con = 6.5920e-05
con = 6.5920e-05
con = 6.5920e-05
con = 0.0000e+00
con = 0.0000e+00
