--------------------------------
          System Info           
--------------------------------
               d = 2
               n = 2
  size of vector = 6
  size of matrix = 16 x 16 ~ 0 MB 
         epsilon = 1e-05
       epsilon_0 = 0.9
     g(x) thresh = 1e-15
      initial mu = 1
             M_c = 1e+10
  extra diagonal = 1
       muScaling = 10
             rho = 0.5
              nu = 0.9
           gamma = 1
            beta = 0.9
     f(x) factor = 1
     g(x) factor = 1
           cores = 1

--------------------------------
     Finding Interior Point 
--------------------------------
g(x) = 2.157e-32

--------------------------------
        Initial Matrices        
--------------------------------

M_0^0 = { { (+0.42852,+0.00000), (+0.21880,+0.44386)},
          { (+0.21880,-0.44386), (+0.57148,+0.00000)} } 

|M^2-M|  = 0.00000
tr(M^2-M)  = (0.00000,0.00000)
is M PD? = 0

M_1^0 = { { (+0.57148,+0.00000), (-0.21880,-0.44386)},
          { (-0.21880,+0.44386), (+0.42852,+0.00000)} } 

|M^2-M|  = 0.00000
tr(M^2-M)  = (0.00000,0.00000)
is M PD? = 0

M_0^1 = { { (+0.75339,+0.00000), (+0.17256,-0.39499)},
          { (+0.17256,+0.39499), (+0.24661,+0.00000)} } 

|M^2-M|  = 0.00000
tr(M^2-M)  = (-0.00000,0.00000)
is M PD? = 1

M_1^1 = { { (+0.24661,+0.00000), (-0.17256,+0.39499)},
          { (-0.17256,-0.39499), (+0.75339,+0.00000)} } 

|M^2-M|  = 0.00000
tr(M^2-M)  = (-0.00000,0.00000)
is M PD? = 1

|X^2-X|  = 0.00000
tr(X^2-X)  = -0.00000
isPD(X) = 0
isPSD(X) = 1

----------------------------------
         Iteration 0
----------------------------------
f = -2.67017   r = 7.91968 ?< 10000000000.00000   g = 0.00000

----------------------------------
         Iteration 1
----------------------------------
f = -2.67017   r = 10.22161 ?< 1000000000.00000   g = 0.00000

----------------------------------
         Iteration 2
----------------------------------
f = -2.67017   r = 10.49204 ?< 100000000.00000   g = 0.00000

----------------------------------
         Iteration 3
----------------------------------
f = -2.67017   r = 10.51938 ?< 10000000.00000   g = 0.00000

----------------------------------
         Iteration 4
----------------------------------
f = -2.67017   r = 10.52211 ?< 1000000.00000   g = 0.00000

----------------------------------
         Iteration 5
----------------------------------
f = -2.67017   r = 10.52239 ?< 100000.00000   g = 0.00000

----------------------------------
         Iteration 6
----------------------------------
f = -2.67017   r = 10.52241 ?< 10000.00000   g = 0.00000

----------------------------------
         Iteration 7
----------------------------------
f = -2.67017   r = 10.52242 ?< 1000.00000   g = 0.00000

----------------------------------
         Iteration 8
----------------------------------
f = -2.67017   r = 10.52242 ?< 100.00000   g = 0.00000

----------------------------------
         Iteration 9
----------------------------------
f = -2.67017   r = 10.52242 ?< 10.00000   g = 0.00000
f = -2.75462   r = 1.58985 ?< 10.00000   g = 0.00263

----------------------------------
         Iteration 10
----------------------------------
f = -2.75462   r = 1.58985 ?< 1.00000   g = 0.00263
f = -2.81535   r = 0.38638 ?< 1.00000   g = 0.00007

----------------------------------
         Iteration 11
----------------------------------
f = -2.81535   r = 0.38638 ?< 0.10000   g = 0.00007
f = -2.82724   r = 0.09835 ?< 0.10000   g = 0.00000

----------------------------------
         Iteration 12
----------------------------------
f = -2.82724   r = 0.09835 ?< 0.01000   g = 0.00000
f = -2.82837   r = 0.17051 ?< 0.01000   g = 0.00000
f = -2.82842   r = 0.04082 ?< 0.01000   g = 0.00000
f = -2.82843   r = 0.00416 ?< 0.01000   g = 0.00000

----------------------------------
         Iteration 13
----------------------------------
f = -2.82843   r = 0.00416 ?< 0.00100   g = 0.00000
f = -2.82843   r = 0.00035 ?< 0.00100   g = 0.00000

----------------------------------
         Iteration 14
----------------------------------
f = -2.82843   r = 0.00035 ?< 0.00010   g = 0.00000
f = -2.82843   r = 0.00004 ?< 0.00010   g = 0.00000

----------------------------------
         Iteration 15
----------------------------------
f = -2.82843   r = 0.00004 ?< 0.00001   g = 0.00000
f = -2.82843   r = 0.00001 ?< 0.00001   g = 0.00000

--------------------------------
      Final Z 
--------------------------------

Z_0^0 = { { (+0.00000,+0.00000), (-0.00000,+0.00000)},
          { (-0.00000,-0.00000), (+0.00000,+0.00000)} } 

Z_1^0 = { { (+0.00000,-0.00000), (+0.00000,-0.00000)},
          { (+0.00000,+0.00000), (+0.00000,+0.00000)} } 

Z_0^1 = { { (+0.00000,-0.00000), (-0.00000,-0.00000)},
          { (-0.00000,+0.00000), (+0.00000,+0.00000)} } 

Z_1^1 = { { (+0.00000,-0.00000), (+0.00000,+0.00000)},
          { (+0.00000,-0.00000), (+0.00000,-0.00000)} } 

----------------------------------
         Final Matrices 
----------------------------------

M_0^0 = { { (+0.52056,+0.00000), (+0.33673,+0.36905)},
          { (+0.33673,-0.36905), (+0.47944,+0.00000)} } 

|M^2-M|  = 0.00000
is M PD? = 0

M_1^0 = { { (+0.47944,+0.00000), (-0.33673,-0.36905)},
          { (-0.33673,+0.36905), (+0.52056,+0.00000)} } 

|M^2-M|  = 0.00000
is M PD? = 0

M_0^1 = { { (+0.77559,+0.00000), (+0.30043,-0.28948)},
          { (+0.30043,+0.28948), (+0.22441,+0.00000)} } 

|M^2-M|  = 0.00000
is M PD? = 0

M_1^1 = { { (+0.22441,+0.00000), (-0.30043,+0.28948)},
          { (-0.30043,-0.28948), (+0.77559,+0.00000)} } 

|M^2-M|  = 0.00000
is M PD? = 0

----------------------------------
         Final Output 
----------------------------------
        |r(w)| = 0.00001 < 0.00001
         -f(x) = 2.82843 <= 2.82843
          g(x) = 0.00000
         -L(w) = 2.82843
         <X,Z> = 0.00000
           |y| = 0.00239
      y^T*g(x) = -0.00000
     |delf(x)| = 0.00001
     |delL(w)| = 0.00001
     |delg(x)| = 0.00013
    |del2f(x)| = 5.65699
    |del2L(w)| = 6.27636
    |del2g(x)| = 39.19320
   total inner = 25
    time taken = 9 ms
