--------------------------------
          System Info           
--------------------------------
               d = 2
               n = 3
  size of vector = 9
  size of matrix = 24 x 24 ~ 0 MB 
         epsilon = 1e-05
       epsilon_0 = 0.9
     g(x) thresh = 1e-15
      initial mu = 1
             M_c = 1e+10
  extra diagonal = 1
       muScaling = 10
             rho = 0.5
              nu = 0.9
           gamma = 1
            beta = 0.9
     f(x) factor = 1
     g(x) factor = 1
           cores = 1

--------------------------------
     Finding Interior Point 
--------------------------------
g(x) = 4.9304e-32

--------------------------------
        Initial Matrices        
--------------------------------

M_0^0 = { { (+0.42852,+0.00000), (+0.21880,+0.44386)},
          { (+0.21880,-0.44386), (+0.57148,+0.00000)} } 

|M^2-M|  = 0.00000
tr(M^2-M)  = (0.00000,0.00000)
is M PD? = 0

M_1^0 = { { (+0.57148,+0.00000), (-0.21880,-0.44386)},
          { (-0.21880,+0.44386), (+0.42852,+0.00000)} } 

|M^2-M|  = 0.00000
tr(M^2-M)  = (0.00000,0.00000)
is M PD? = 0

M_0^1 = { { (+0.75339,+0.00000), (+0.17256,-0.39499)},
          { (+0.17256,+0.39499), (+0.24661,+0.00000)} } 

|M^2-M|  = 0.00000
tr(M^2-M)  = (-0.00000,0.00000)
is M PD? = 1

M_1^1 = { { (+0.24661,+0.00000), (-0.17256,+0.39499)},
          { (-0.17256,-0.39499), (+0.75339,+0.00000)} } 

|M^2-M|  = 0.00000
tr(M^2-M)  = (-0.00000,0.00000)
is M PD? = 1

M_0^2 = { { (+0.31935,+0.00000), (-0.12356,+0.44956)},
          { (-0.12356,-0.44956), (+0.68065,+0.00000)} } 

|M^2-M|  = 0.00000
tr(M^2-M)  = (0.00000,0.00000)
is M PD? = 0

M_1^2 = { { (+0.68065,+0.00000), (+0.12356,-0.44956)},
          { (+0.12356,+0.44956), (+0.31935,+0.00000)} } 

|M^2-M|  = 0.00000
tr(M^2-M)  = (0.00000,0.00000)
is M PD? = 0

|X^2-X|  = 0.00000
tr(X^2-X)  = -0.00000
isPD(X) = 0
isPSD(X) = 1

----------------------------------
         Iteration 0
----------------------------------
f = -7.45121   r = 20.90673 ?< 10000000000.00000   g = 0.00000

----------------------------------
         Iteration 1
----------------------------------
f = -7.45121   r = 22.35467 ?< 1000000000.00000   g = 0.00000

----------------------------------
         Iteration 2
----------------------------------
f = -7.45121   r = 22.54182 ?< 100000000.00000   g = 0.00000

----------------------------------
         Iteration 3
----------------------------------
f = -7.45121   r = 22.56092 ?< 10000000.00000   g = 0.00000

----------------------------------
         Iteration 4
----------------------------------
f = -7.45121   r = 22.56284 ?< 1000000.00000   g = 0.00000

----------------------------------
         Iteration 5
----------------------------------
f = -7.45121   r = 22.56303 ?< 100000.00000   g = 0.00000

----------------------------------
         Iteration 6
----------------------------------
f = -7.45121   r = 22.56305 ?< 10000.00000   g = 0.00000

----------------------------------
         Iteration 7
----------------------------------
f = -7.45121   r = 22.56305 ?< 1000.00000   g = 0.00000

----------------------------------
         Iteration 8
----------------------------------
f = -7.45121   r = 22.56305 ?< 100.00000   g = 0.00000

----------------------------------
         Iteration 9
----------------------------------
f = -7.45121   r = 22.56305 ?< 10.00000   g = 0.00000
f = -7.81778   r = 15.41693 ?< 10.00000   g = 1.71632
f = -7.98062   r = 6.74025 ?< 10.00000   g = 0.77480

----------------------------------
         Iteration 10
----------------------------------
f = -7.98062   r = 6.74025 ?< 1.00000   g = 0.77480
f = -8.14257   r = 3.45420 ?< 1.00000   g = 0.46211
f = -8.23032   r = 2.26656 ?< 1.00000   g = 0.27250
f = -8.36908   r = 0.84991 ?< 1.00000   g = 0.15229

----------------------------------
         Iteration 11
----------------------------------
f = -8.36908   r = 0.84991 ?< 0.10000   g = 0.15229
f = -8.47686   r = 0.32407 ?< 0.10000   g = 0.01754
f = -8.47724   r = 0.56431 ?< 0.10000   g = 0.01758
f = -8.48313   r = 0.19211 ?< 0.10000   g = 0.00871
f = -8.48480   r = 0.08540 ?< 0.10000   g = 0.00456

----------------------------------
         Iteration 12
----------------------------------
f = -8.48480   r = 0.08540 ?< 0.01000   g = 0.00456
f = -8.48523   r = 0.02859 ?< 0.01000   g = 0.00196
f = -8.48528   r = 0.01003 ?< 0.01000   g = 0.00085
f = -8.48528   r = 0.00584 ?< 0.01000   g = 0.00048

----------------------------------
         Iteration 13
----------------------------------
f = -8.48528   r = 0.00584 ?< 0.00100   g = 0.00048
f = -8.48528   r = 0.00431 ?< 0.00100   g = 0.00031
f = -8.48528   r = 0.00400 ?< 0.00100   g = 0.00023
f = -8.48528   r = 0.00434 ?< 0.00100   g = 0.00017
f = -8.48528   r = 0.00475 ?< 0.00100   g = 0.00013
f = -8.48528   r = 0.00400 ?< 0.00100   g = 0.00009
f = -8.48528   r = 0.00241 ?< 0.00100   g = 0.00005
f = -8.48528   r = 0.00132 ?< 0.00100   g = 0.00003
f = -8.48528   r = 0.00074 ?< 0.00100   g = 0.00002

----------------------------------
         Iteration 14
----------------------------------
f = -8.48528   r = 0.00074 ?< 0.00010   g = 0.00002
f = -8.48528   r = 0.00045 ?< 0.00010   g = 0.00001
f = -8.48528   r = 0.00029 ?< 0.00010   g = 0.00001
f = -8.48528   r = 0.00019 ?< 0.00010   g = 0.00001
f = -8.48528   r = 0.00013 ?< 0.00010   g = 0.00000
f = -8.48528   r = 0.00010 ?< 0.00010   g = 0.00000

----------------------------------
         Iteration 15
----------------------------------
f = -8.48528   r = 0.00010 ?< 0.00001   g = 0.00000
f = -8.48528   r = 0.00008 ?< 0.00001   g = 0.00000
f = -8.48528   r = 0.00009 ?< 0.00001   g = 0.00000
f = -8.48528   r = 0.00011 ?< 0.00001   g = 0.00000
f = -8.48528   r = 0.00010 ?< 0.00001   g = 0.00000
f = -8.48528   r = 0.00008 ?< 0.00001   g = 0.00000
f = -8.48528   r = 0.00005 ?< 0.00001   g = 0.00000
f = -8.48528   r = 0.00004 ?< 0.00001   g = 0.00000
f = -8.48528   r = 0.00003 ?< 0.00001   g = 0.00000
f = -8.48528   r = 0.00002 ?< 0.00001   g = 0.00000
f = -8.48528   r = 0.00002 ?< 0.00001   g = 0.00000
f = -8.48528   r = 0.00001 ?< 0.00001   g = 0.00000
f = -8.48528   r = 0.00001 ?< 0.00001   g = 0.00000

--------------------------------
      Final Z 
--------------------------------

Z_0^0 = { { (+0.00000,-0.00000), (+0.00000,-0.00000)},
          { (+0.00000,+0.00000), (+0.00000,-0.00000)} } 

Z_1^0 = { { (+0.00000,+0.00000), (-0.00000,+0.00000)},
          { (-0.00000,-0.00000), (+0.00000,+0.00000)} } 

Z_0^1 = { { (+0.00000,+0.00000), (-0.00000,-0.00000)},
          { (-0.00000,+0.00000), (+0.00000,-0.00000)} } 

Z_1^1 = { { (+0.00000,+0.00000), (+0.00000,+0.00000)},
          { (+0.00000,-0.00000), (+0.00000,-0.00000)} } 

Z_0^2 = { { (+0.00000,-0.00000), (-0.00000,+0.00000)},
          { (-0.00000,-0.00000), (+0.00000,-0.00000)} } 

Z_1^2 = { { (+0.00000,-0.00000), (+0.00000,-0.00000)},
          { (+0.00000,+0.00000), (+0.00000,-0.00000)} } 

----------------------------------
         Final Matrices 
----------------------------------

M_0^0 = { { (+0.82240,+0.00000), (-0.16873,+0.34280)},
          { (-0.16873,-0.34280), (+0.17760,+0.00000)} } 

|M^2-M|  = 0.00000
is M PD? = 1

M_1^0 = { { (+0.17760,+0.00000), (+0.16873,-0.34280)},
          { (+0.16873,+0.34280), (+0.82240,+0.00000)} } 

|M^2-M|  = 0.00000
is M PD? = 1

M_0^1 = { { (+0.72298,+0.00000), (+0.44736,+0.01049)},
          { (+0.44736,-0.01049), (+0.27702,+0.00000)} } 

|M^2-M|  = 0.00000
is M PD? = 1

M_1^1 = { { (+0.27702,+0.00000), (-0.44736,-0.01049)},
          { (-0.44736,+0.01049), (+0.72298,+0.00000)} } 

|M^2-M|  = 0.00000
is M PD? = 1

M_0^2 = { { (+0.18970,+0.00000), (+0.14613,+0.36377)},
          { (+0.14613,-0.36377), (+0.81030,+0.00000)} } 

|M^2-M|  = 0.00000
is M PD? = 1

M_1^2 = { { (+0.81030,+0.00000), (-0.14613,-0.36377)},
          { (-0.14613,+0.36377), (+0.18970,+0.00000)} } 

|M^2-M|  = 0.00000
is M PD? = 1

----------------------------------
         Final Output 
----------------------------------
        |r(w)| = 0.00001 < 0.00001
         -f(x) = 8.48528 <= 8.48528
          g(x) = 0.00000
         -L(w) = 8.48528
         <X,Z> = 0.00000
           |y| = 0.00165
      y^T*g(x) = -0.00000
     |delf(x)| = 0.00001
     |delL(w)| = 0.00001
     |delg(x)| = 0.00149
    |del2f(x)| = 9.79600
    |del2L(w)| = 18.90146
    |del2g(x)| = 47.98563
   total inner = 53
    time taken = 56 ms
