--------------------------------
          System Info           
--------------------------------
               d = 2
               n = 4
  size of vector = 12
  size of matrix = 32 x 32 ~ 0 MB 
         epsilon = 1e-05
       epsilon_0 = 0.9
     g(x) thresh = 1e-15
      initial mu = 1
             M_c = 1e+10
  extra diagonal = 1
       muScaling = 10
             rho = 0.5
              nu = 0.9
           gamma = 1
            beta = 0.9
     f(x) factor = 1
     g(x) factor = 1
           cores = 1

--------------------------------
     Finding Interior Point 
--------------------------------
g(x) = 9.8608e-32

--------------------------------
        Initial Matrices        
--------------------------------

M_0^0 = { { (+0.42852,+0.00000), (+0.21880,+0.44386)},
          { (+0.21880,-0.44386), (+0.57148,+0.00000)} } 

|M^2-M|  = 0.00000
tr(M^2-M)  = (0.00000,0.00000)
is M PD? = 0

M_1^0 = { { (+0.57148,+0.00000), (-0.21880,-0.44386)},
          { (-0.21880,+0.44386), (+0.42852,+0.00000)} } 

|M^2-M|  = 0.00000
tr(M^2-M)  = (0.00000,0.00000)
is M PD? = 0

M_0^1 = { { (+0.75339,+0.00000), (+0.17256,-0.39499)},
          { (+0.17256,+0.39499), (+0.24661,+0.00000)} } 

|M^2-M|  = 0.00000
tr(M^2-M)  = (-0.00000,0.00000)
is M PD? = 1

M_1^1 = { { (+0.24661,+0.00000), (-0.17256,+0.39499)},
          { (-0.17256,-0.39499), (+0.75339,+0.00000)} } 

|M^2-M|  = 0.00000
tr(M^2-M)  = (-0.00000,0.00000)
is M PD? = 1

M_0^2 = { { (+0.31935,+0.00000), (-0.12356,+0.44956)},
          { (-0.12356,-0.44956), (+0.68065,+0.00000)} } 

|M^2-M|  = 0.00000
tr(M^2-M)  = (0.00000,0.00000)
is M PD? = 0

M_1^2 = { { (+0.68065,+0.00000), (+0.12356,-0.44956)},
          { (+0.12356,+0.44956), (+0.31935,+0.00000)} } 

|M^2-M|  = 0.00000
tr(M^2-M)  = (0.00000,0.00000)
is M PD? = 0

M_0^3 = { { (+0.30563,+0.00000), (+0.39699,+0.23370)},
          { (+0.39699,-0.23370), (+0.69437,+0.00000)} } 

|M^2-M|  = 0.00000
tr(M^2-M)  = (0.00000,0.00000)
is M PD? = 0

M_1^3 = { { (+0.69437,+0.00000), (-0.39699,-0.23370)},
          { (-0.39699,+0.23370), (+0.30563,+0.00000)} } 

|M^2-M|  = 0.00000
tr(M^2-M)  = (0.00000,0.00000)
is M PD? = 0

|X^2-X|  = 0.00000
tr(X^2-X)  = 0.00000
isPD(X) = 0
isPSD(X) = 1

----------------------------------
         Iteration 0
----------------------------------
f = -15.53817   r = 22.87827 ?< 10000000000.00000   g = 0.00000

----------------------------------
         Iteration 1
----------------------------------
f = -15.53817   r = 24.63605 ?< 1000000000.00000   g = 0.00000

----------------------------------
         Iteration 2
----------------------------------
f = -15.53817   r = 24.86239 ?< 100000000.00000   g = 0.00000

----------------------------------
         Iteration 3
----------------------------------
f = -15.53817   r = 24.88548 ?< 10000000.00000   g = 0.00000

----------------------------------
         Iteration 4
----------------------------------
f = -15.53817   r = 24.88780 ?< 1000000.00000   g = 0.00000

----------------------------------
         Iteration 5
----------------------------------
f = -15.53817   r = 24.88803 ?< 100000.00000   g = 0.00000

----------------------------------
         Iteration 6
----------------------------------
f = -15.53817   r = 24.88805 ?< 10000.00000   g = 0.00000

----------------------------------
         Iteration 7
----------------------------------
f = -15.53817   r = 24.88805 ?< 1000.00000   g = 0.00000

----------------------------------
         Iteration 8
----------------------------------
f = -15.53817   r = 24.88805 ?< 100.00000   g = 0.00000

----------------------------------
         Iteration 9
----------------------------------
f = -15.53817   r = 24.88805 ?< 10.00000   g = 0.00000
f = -16.01711   r = 9.60124 ?< 10.00000   g = 0.01952

----------------------------------
         Iteration 10
----------------------------------
f = -16.01711   r = 9.60124 ?< 1.00000   g = 0.01952
f = -16.16354   r = 39.14604 ?< 1.00000   g = 0.39920
f = -16.16351   r = 13.17885 ?< 1.00000   g = 0.39919
f = -16.42659   r = 6.48730 ?< 1.00000   g = 0.18240
f = -16.42654   r = 149.30698 ?< 1.00000   g = 0.18240
f = -16.34314   r = 44.80846 ?< 1.00000   g = 0.06144
f = -16.32171   r = 19.09667 ?< 1.00000   g = 0.03179
f = -16.32435   r = 7.35363 ?< 1.00000   g = 0.01047
f = -16.35168   r = 4.14361 ?< 1.00000   g = 0.00383
f = -16.40248   r = 3.12892 ?< 1.00000   g = 0.00338
f = -16.40248   r = 5.09825 ?< 1.00000   g = 0.00338
f = -16.40248   r = 3.56631 ?< 1.00000   g = 0.00338
f = -16.40248   r = 3.39513 ?< 1.00000   g = 0.00338
f = -16.40248   r = 2.77260 ?< 1.00000   g = 0.00338
f = -16.40857   r = 2.28280 ?< 1.00000   g = 0.00170
f = -16.42639   r = 3.91130 ?< 1.00000   g = 0.00119
f = -16.42639   r = 5.41468 ?< 1.00000   g = 0.00119
f = -16.45048   r = 4.34508 ?< 1.00000   g = 0.00045
f = -16.49082   r = 3.73403 ?< 1.00000   g = 0.00048
f = -16.52755   r = 5.51570 ?< 1.00000   g = 0.00069
f = -16.56975   r = 4.57133 ?< 1.00000   g = 0.00057
f = -16.59481   r = 4.90462 ?< 1.00000   g = 0.00048
f = -16.61619   r = 2.10993 ?< 1.00000   g = 0.00040
f = -16.63480   r = 1.83426 ?< 1.00000   g = 0.00035
f = -16.65059   r = 1.69646 ?< 1.00000   g = 0.00035
f = -16.66096   r = 2.22341 ?< 1.00000   g = 0.00030
f = -16.66480   r = 1.73515 ?< 1.00000   g = 0.00025
f = -16.66853   r = 1.64681 ?< 1.00000   g = 0.00020
f = -16.67047   r = 1.59254 ?< 1.00000   g = 0.00017
f = -16.67189   r = 1.53161 ?< 1.00000   g = 0.00014
f = -16.67275   r = 1.41171 ?< 1.00000   g = 0.00012
f = -16.67353   r = 1.29962 ?< 1.00000   g = 0.00010
f = -16.67397   r = 1.18665 ?< 1.00000   g = 0.00009
f = -16.67440   r = 1.14533 ?< 1.00000   g = 0.00008
f = -16.67461   r = 1.03775 ?< 1.00000   g = 0.00007
f = -16.67488   r = 1.05674 ?< 1.00000   g = 0.00006
f = -16.67500   r = 0.87979 ?< 1.00000   g = 0.00006

----------------------------------
         Iteration 11
----------------------------------
f = -16.67500   r = 0.87979 ?< 0.10000   g = 0.00006
f = -16.67520   r = 0.95389 ?< 0.10000   g = 0.00005
f = -16.67521   r = 0.83935 ?< 0.10000   g = 0.00005
f = -16.67521   r = 1.00602 ?< 0.10000   g = 0.00005
f = -16.67521   r = 0.90615 ?< 0.10000   g = 0.00005
f = -16.67586   r = 0.62878 ?< 0.10000   g = 0.00001
f = -16.67532   r = 0.86975 ?< 0.10000   g = 0.00000
f = -16.67546   r = 1.20310 ?< 0.10000   g = 0.00000
f = -16.67664   r = 1.71292 ?< 0.10000   g = 0.00000
f = -16.68091   r = 2.33836 ?< 0.10000   g = 0.00001
f = -16.68287   r = 1.76220 ?< 0.10000   g = 0.00001
f = -16.68486   r = 1.37278 ?< 0.10000   g = 0.00001
f = -16.68658   r = 0.99127 ?< 0.10000   g = 0.00002
f = -16.68593   r = 0.53806 ?< 0.10000   g = 0.00001
f = -16.68546   r = 0.51032 ?< 0.10000   g = 0.00000
f = -16.68521   r = 0.63380 ?< 0.10000   g = 0.00000
f = -16.68510   r = 0.87182 ?< 0.10000   g = 0.00000
f = -16.68527   r = 1.49512 ?< 0.10000   g = 0.00000
f = -16.68530   r = 0.49961 ?< 0.10000   g = 0.00000
f = -16.68524   r = 0.53885 ?< 0.10000   g = 0.00000
f = -16.68534   r = 0.86757 ?< 0.10000   g = 0.00000
f = -16.68723   r = 1.78240 ?< 0.10000   g = 0.00000
f = -16.68877   r = 3.38704 ?< 0.10000   g = 0.00000
f = -16.69074   r = 2.63462 ?< 0.10000   g = 0.00000
f = -16.69309   r = 1.34532 ?< 0.10000   g = 0.00000
f = -16.69565   r = 1.30756 ?< 0.10000   g = 0.00001
f = -16.69583   r = 3.35031 ?< 0.10000   g = 0.00003
f = -16.69758   r = 1.34140 ?< 0.10000   g = 0.00001
f = -16.70147   r = 1.41695 ?< 0.10000   g = 0.00005
f = -16.70011   r = 0.87358 ?< 0.10000   g = 0.00002
f = -16.70047   r = 4.43008 ?< 0.10000   g = 0.00005
f = -16.70439   r = 1.31127 ?< 0.10000   g = 0.00005
f = -16.70442   r = 2.30078 ?< 0.10000   g = 0.00004
f = -16.70633   r = 1.34971 ?< 0.10000   g = 0.00003
f = -16.70577   r = 1.07843 ?< 0.10000   g = 0.00001
f = -16.70764   r = 0.92225 ?< 0.10000   g = 0.00000
f = -16.70960   r = 2.78954 ?< 0.10000   g = 0.00001
f = -16.71117   r = 1.66183 ?< 0.10000   g = 0.00000
f = -16.71245   r = 2.38263 ?< 0.10000   g = 0.00001
f = -16.71647   r = 2.58487 ?< 0.10000   g = 0.00003
f = -16.71571   r = 1.30222 ?< 0.10000   g = 0.00001
f = -16.71579   r = 0.90845 ?< 0.10000   g = 0.00001
f = -16.71663   r = 0.89519 ?< 0.10000   g = 0.00000
f = -16.71980   r = 1.43936 ?< 0.10000   g = 0.00000
f = -16.72382   r = 6.42620 ?< 0.10000   g = 0.00001
f = -16.72464   r = 1.61507 ?< 0.10000   g = 0.00001
f = -16.72537   r = 0.97974 ?< 0.10000   g = 0.00000
f = -16.72663   r = 2.05302 ?< 0.10000   g = 0.00002
f = -16.72603   r = 0.29267 ?< 0.10000   g = 0.00001
f = -16.72569   r = 0.34944 ?< 0.10000   g = 0.00000
f = -16.72552   r = 0.45879 ?< 0.10000   g = 0.00000
f = -16.72548   r = 0.46775 ?< 0.10000   g = 0.00000
f = -16.72543   r = 0.36345 ?< 0.10000   g = 0.00000
f = -16.72539   r = 0.49166 ?< 0.10000   g = 0.00000
f = -16.72538   r = 0.68756 ?< 0.10000   g = 0.00000
f = -16.72540   r = 0.48935 ?< 0.10000   g = 0.00000
f = -16.72539   r = 0.65151 ?< 0.10000   g = 0.00000
f = -16.72543   r = 1.42996 ?< 0.10000   g = 0.00000
f = -16.72551   r = 0.61498 ?< 0.10000   g = 0.00000
f = -16.72556   r = 0.61565 ?< 0.10000   g = 0.00000
f = -16.72578   r = 1.98764 ?< 0.10000   g = 0.00000
f = -16.72589   r = 1.67141 ?< 0.10000   g = 0.00000
f = -16.72599   r = 1.08279 ?< 0.10000   g = 0.00000
f = -16.72608   r = 0.50536 ?< 0.10000   g = 0.00000
f = -16.72611   r = 0.93402 ?< 0.10000   g = 0.00000
f = -16.72618   r = 1.74316 ?< 0.10000   g = 0.00000
f = -16.72617   r = 0.31638 ?< 0.10000   g = 0.00000
f = -16.72617   r = 0.65361 ?< 0.10000   g = 0.00000
f = -16.72617   r = 0.34850 ?< 0.10000   g = 0.00000
f = -16.72616   r = 0.50101 ?< 0.10000   g = 0.00000
f = -16.72617   r = 0.36392 ?< 0.10000   g = 0.00000
f = -16.72617   r = 0.32795 ?< 0.10000   g = 0.00000
f = -16.72617   r = 0.48603 ?< 0.10000   g = 0.00000
f = -16.72617   r = 0.18294 ?< 0.10000   g = 0.00000
f = -16.72617   r = 0.20092 ?< 0.10000   g = 0.00000
f = -16.72617   r = 0.14529 ?< 0.10000   g = 0.00000
f = -16.72618   r = 0.25318 ?< 0.10000   g = 0.00000
f = -16.72618   r = 0.17289 ?< 0.10000   g = 0.00000
f = -16.72618   r = 0.02417 ?< 0.10000   g = 0.00000

----------------------------------
         Iteration 12
----------------------------------
f = -16.72618   r = 0.02417 ?< 0.01000   g = 0.00000
f = -16.72618   r = 0.00557 ?< 0.01000   g = 0.00000

----------------------------------
         Iteration 13
----------------------------------
f = -16.72618   r = 0.00557 ?< 0.00100   g = 0.00000
f = -16.72618   r = 0.00427 ?< 0.00100   g = 0.00000
f = -16.72618   r = 0.00105 ?< 0.00100   g = 0.00000
f = -16.72618   r = 0.00010 ?< 0.00100   g = 0.00000

----------------------------------
         Iteration 14
----------------------------------
f = -16.72618   r = 0.00010 ?< 0.00010   g = 0.00000
f = -16.72618   r = 0.00018 ?< 0.00010   g = 0.00000
f = -16.72618   r = 0.00005 ?< 0.00010   g = 0.00000

----------------------------------
         Iteration 15
----------------------------------
f = -16.72618   r = 0.00005 ?< 0.00001   g = 0.00000
f = -16.72618   r = 0.00000 ?< 0.00001   g = 0.00000

--------------------------------
      Final Z 
--------------------------------

Z_0^0 = { { (+0.00000,+0.00000), (-0.00000,-0.00000)},
          { (-0.00000,+0.00000), (+0.00000,-0.00000)} } 

Z_1^0 = { { (+0.00000,-0.00000), (+0.00000,+0.00000)},
          { (+0.00000,-0.00000), (+0.00000,-0.00000)} } 

Z_0^1 = { { (+0.00000,+0.00000), (-0.00000,+0.00000)},
          { (-0.00000,-0.00000), (+0.00000,-0.00000)} } 

Z_1^1 = { { (+0.00000,+0.00000), (+0.00000,-0.00000)},
          { (+0.00000,+0.00000), (+0.00000,-0.00000)} } 

Z_0^2 = { { (+0.00000,-0.00000), (+0.00000,-0.00000)},
          { (+0.00000,+0.00000), (+0.00000,+0.00000)} } 

Z_1^2 = { { (+0.00000,-0.00000), (-0.00000,+0.00000)},
          { (-0.00000,-0.00000), (+0.00000,-0.00000)} } 

Z_0^3 = { { (+0.00000,-0.00000), (-0.00000,-0.00000)},
          { (-0.00000,+0.00000), (+0.00000,-0.00000)} } 

Z_1^3 = { { (+0.00000,-0.00000), (+0.00000,+0.00000)},
          { (+0.00000,-0.00000), (+0.00000,+0.00000)} } 

----------------------------------
         Final Matrices 
----------------------------------

M_0^0 = { { (+0.83687,+0.00000), (+0.22667,+0.29177)},
          { (+0.22667,-0.29177), (+0.16313,+0.00000)} } 

|M^2-M|  = 0.00000
is M PD? = 1

M_1^0 = { { (+0.16313,+0.00000), (-0.22667,-0.29177)},
          { (-0.22667,+0.29177), (+0.83687,+0.00000)} } 

|M^2-M|  = 0.00000
is M PD? = 1

M_0^1 = { { (+0.56313,+0.00000), (+0.47159,-0.15366)},
          { (+0.47159,+0.15366), (+0.43687,+0.00000)} } 

|M^2-M|  = 0.00000
is M PD? = 1

M_1^1 = { { (+0.43687,+0.00000), (-0.47159,+0.15366)},
          { (-0.47159,-0.15366), (+0.56313,+0.00000)} } 

|M^2-M|  = 0.00000
is M PD? = 1

M_0^2 = { { (+0.33821,+0.00000), (-0.00089,+0.47309)},
          { (-0.00089,-0.47309), (+0.66179,+0.00000)} } 

|M^2-M|  = 0.00000
is M PD? = 1

M_1^2 = { { (+0.66179,+0.00000), (+0.00089,-0.47309)},
          { (+0.00089,+0.47309), (+0.33821,+0.00000)} } 

|M^2-M|  = 0.00000
is M PD? = 1

M_0^3 = { { (+0.06448,+0.00000), (+0.24402,+0.02766)},
          { (+0.24402,-0.02766), (+0.93552,+0.00000)} } 

|M^2-M|  = 0.00000
is M PD? = 1

M_1^3 = { { (+0.93552,+0.00000), (-0.24402,-0.02766)},
          { (-0.24402,+0.02766), (+0.06448,+0.00000)} } 

|M^2-M|  = 0.00000
is M PD? = 1

----------------------------------
         Final Output 
----------------------------------
        |r(w)| = 0.00000 < 0.00001
         -f(x) = 16.72618 <= 16.97056
          g(x) = 0.00000
         -L(w) = 16.72617
         <X,Z> = 0.00000
           |y| = 4075.90515
      y^T*g(x) = -0.00001
     |delf(x)| = 1.01456
     |delL(w)| = 0.00000
     |delg(x)| = 0.00025
    |del2f(x)| = 19.88337
    |del2L(w)| = 126629.26286
    |del2g(x)| = 55.42304
   total inner = 138
    time taken = 267 ms
