--------------------------------
          System Info           
--------------------------------
               d = 2
               n = 5
  size of vector = 15
  size of matrix = 40 x 40 ~ 0 MB 
         epsilon = 1e-05
       epsilon_0 = 0.9
     g(x) thresh = 1e-15
      initial mu = 1
             M_c = 1e+10
  extra diagonal = 1
       muScaling = 10
             rho = 0.5
              nu = 0.9
           gamma = 1
            beta = 0.3
     f(x) factor = 1
     g(x) factor = 1
           cores = 1

--------------------------------
     Finding Interior Point 
--------------------------------
g(x) = 1.9722e-31

--------------------------------
        Initial Matrices        
--------------------------------

M_0^0 = { { (+0.42852,+0.00000), (+0.21880,+0.44386)},
          { (+0.21880,-0.44386), (+0.57148,+0.00000)} } 

|M^2-M|  = 0.00000
tr(M^2-M)  = (0.00000,0.00000)
is M PD? = 0

M_1^0 = { { (+0.57148,+0.00000), (-0.21880,-0.44386)},
          { (-0.21880,+0.44386), (+0.42852,+0.00000)} } 

|M^2-M|  = 0.00000
tr(M^2-M)  = (0.00000,0.00000)
is M PD? = 0

M_0^1 = { { (+0.75339,+0.00000), (+0.17256,-0.39499)},
          { (+0.17256,+0.39499), (+0.24661,+0.00000)} } 

|M^2-M|  = 0.00000
tr(M^2-M)  = (-0.00000,0.00000)
is M PD? = 1

M_1^1 = { { (+0.24661,+0.00000), (-0.17256,+0.39499)},
          { (-0.17256,-0.39499), (+0.75339,+0.00000)} } 

|M^2-M|  = 0.00000
tr(M^2-M)  = (-0.00000,0.00000)
is M PD? = 1

M_0^2 = { { (+0.31935,+0.00000), (-0.12356,+0.44956)},
          { (-0.12356,-0.44956), (+0.68065,+0.00000)} } 

|M^2-M|  = 0.00000
tr(M^2-M)  = (0.00000,0.00000)
is M PD? = 0

M_1^2 = { { (+0.68065,+0.00000), (+0.12356,-0.44956)},
          { (+0.12356,+0.44956), (+0.31935,+0.00000)} } 

|M^2-M|  = 0.00000
tr(M^2-M)  = (0.00000,0.00000)
is M PD? = 0

M_0^3 = { { (+0.30563,+0.00000), (+0.39699,+0.23370)},
          { (+0.39699,-0.23370), (+0.69437,+0.00000)} } 

|M^2-M|  = 0.00000
tr(M^2-M)  = (0.00000,0.00000)
is M PD? = 0

M_1^3 = { { (+0.69437,+0.00000), (-0.39699,-0.23370)},
          { (-0.39699,+0.23370), (+0.30563,+0.00000)} } 

|M^2-M|  = 0.00000
tr(M^2-M)  = (0.00000,0.00000)
is M PD? = 0

M_0^4 = { { (+0.73563,+0.00000), (+0.14282,+0.41723)},
          { (+0.14282,-0.41723), (+0.26437,+0.00000)} } 

|M^2-M|  = 0.00000
tr(M^2-M)  = (-0.00000,0.00000)
is M PD? = 1

M_1^4 = { { (+0.26437,+0.00000), (-0.14282,-0.41723)},
          { (-0.14282,+0.41723), (+0.73563,+0.00000)} } 

|M^2-M|  = 0.00000
tr(M^2-M)  = (-0.00000,0.00000)
is M PD? = 1

|X^2-X|  = 0.00000
tr(X^2-X)  = -0.00000
isPD(X) = 0
isPSD(X) = 1

----------------------------------
         Iteration 0
----------------------------------
f = -26.34586   r = 25.17395 ?< 10000000000.00000   g = 0.00000

----------------------------------
         Iteration 1
----------------------------------
f = -26.34586   r = 27.16851 ?< 1000000000.00000   g = 0.00000

----------------------------------
         Iteration 2
----------------------------------
f = -26.34586   r = 27.42502 ?< 100000000.00000   g = 0.00000

----------------------------------
         Iteration 3
----------------------------------
f = -26.34586   r = 27.45119 ?< 10000000.00000   g = 0.00000

----------------------------------
         Iteration 4
----------------------------------
f = -26.34586   r = 27.45381 ?< 1000000.00000   g = 0.00000

----------------------------------
         Iteration 5
----------------------------------
f = -26.34586   r = 27.45407 ?< 100000.00000   g = 0.00000

----------------------------------
         Iteration 6
----------------------------------
f = -26.34586   r = 27.45410 ?< 10000.00000   g = 0.00000

----------------------------------
         Iteration 7
----------------------------------
f = -26.34586   r = 27.45410 ?< 1000.00000   g = 0.00000

----------------------------------
         Iteration 8
----------------------------------
f = -26.34586   r = 27.45410 ?< 100.00000   g = 0.00000

----------------------------------
         Iteration 9
----------------------------------
f = -26.34586   r = 27.45410 ?< 10.00000   g = 0.00000
f = -26.39992   r = 26.20686 ?< 10.00000   g = 0.00012
f = -26.43975   r = 24.10019 ?< 10.00000   g = 0.00021
f = -26.48970   r = 31.15555 ?< 10.00000   g = 0.00088
f = -26.88124   r = 264.08911 ?< 10.00000   g = 0.00233
f = -26.97120   r = 14.08731 ?< 10.00000   g = 0.00285
f = -27.01935   r = 26.44336 ?< 10.00000   g = 0.00271
f = -27.04162   r = 20.02162 ?< 10.00000   g = 0.00260
f = -27.07895   r = 17.72993 ?< 10.00000   g = 0.00263
f = -27.09743   r = 12.88682 ?< 10.00000   g = 0.00252
f = -27.11740   r = 16.53287 ?< 10.00000   g = 0.00240
f = -27.13908   r = 14.53532 ?< 10.00000   g = 0.00230
f = -27.15900   r = 14.81214 ?< 10.00000   g = 0.00220
f = -27.18002   r = 13.29009 ?< 10.00000   g = 0.00211
f = -27.19813   r = 13.58664 ?< 10.00000   g = 0.00202
f = -27.21824   r = 11.85002 ?< 10.00000   g = 0.00194
f = -27.23362   r = 12.89591 ?< 10.00000   g = 0.00185
f = -27.26207   r = 16.18588 ?< 10.00000   g = 0.00183
f = -27.24471   r = 82.36058 ?< 10.00000   g = 0.00179
f = -27.25532   r = 11.18771 ?< 10.00000   g = 0.00171
f = -27.27288   r = 12.01192 ?< 10.00000   g = 0.00163
f = -27.28804   r = 10.22383 ?< 10.00000   g = 0.00156
f = -27.30196   r = 10.05866 ?< 10.00000   g = 0.00149
f = -27.31547   r = 9.68863 ?< 10.00000   g = 0.00143

----------------------------------
         Iteration 10
----------------------------------
f = -27.31547   r = 9.68863 ?< 1.00000   g = 0.00143
f = -27.32773   r = 9.39169 ?< 1.00000   g = 0.00137
f = -27.33844   r = 9.33157 ?< 1.00000   g = 0.00131
f = -27.34729   r = 9.49295 ?< 1.00000   g = 0.00125
f = -27.35546   r = 9.38834 ?< 1.00000   g = 0.00120
f = -27.36446   r = 9.06428 ?< 1.00000   g = 0.00115
f = -27.37371   r = 8.59403 ?< 1.00000   g = 0.00110
f = -27.38197   r = 10.01480 ?< 1.00000   g = 0.00106
f = -27.38725   r = 9.72798 ?< 1.00000   g = 0.00101
f = -27.39315   r = 9.75160 ?< 1.00000   g = 0.00097
f = -27.39916   r = 8.47239 ?< 1.00000   g = 0.00093
f = -27.40586   r = 8.90714 ?< 1.00000   g = 0.00089
f = -27.41101   r = 9.00010 ?< 1.00000   g = 0.00085
f = -27.41593   r = 9.32618 ?< 1.00000   g = 0.00081
f = -27.42033   r = 9.10439 ?< 1.00000   g = 0.00077
f = -27.42487   r = 9.13841 ?< 1.00000   g = 0.00074
f = -27.42915   r = 8.82867 ?< 1.00000   g = 0.00071
f = -27.43358   r = 8.82708 ?< 1.00000   g = 0.00067
f = -27.43781   r = 8.65634 ?< 1.00000   g = 0.00064
f = -27.44206   r = 8.65597 ?< 1.00000   g = 0.00062
f = -27.44616   r = 8.62762 ?< 1.00000   g = 0.00059
f = -27.45021   r = 8.58523 ?< 1.00000   g = 0.00056
f = -27.45420   r = 8.65920 ?< 1.00000   g = 0.00054
f = -27.45808   r = 8.49764 ?< 1.00000   g = 0.00051
f = -27.46204   r = 8.68129 ?< 1.00000   g = 0.00049
f = -27.46583   r = 8.32460 ?< 1.00000   g = 0.00047
f = -27.46983   r = 8.67267 ?< 1.00000   g = 0.00045
f = -27.47350   r = 8.15170 ?< 1.00000   g = 0.00043
f = -27.47750   r = 8.66069 ?< 1.00000   g = 0.00041
f = -27.48108   r = 7.96580 ?< 1.00000   g = 0.00039
f = -27.48519   r = 8.55239 ?< 1.00000   g = 0.00037
f = -27.48883   r = 7.62172 ?< 1.00000   g = 0.00036
f = -27.49305   r = 8.11153 ?< 1.00000   g = 0.00034
f = -27.49674   r = 7.53300 ?< 1.00000   g = 0.00033
f = -27.50073   r = 7.74368 ?< 1.00000   g = 0.00031
f = -27.50446   r = 7.48293 ?< 1.00000   g = 0.00030
f = -27.50830   r = 7.41243 ?< 1.00000   g = 0.00029
f = -27.51209   r = 7.18422 ?< 1.00000   g = 0.00027
f = -27.51594   r = 6.90092 ?< 1.00000   g = 0.00026
f = -27.51981   r = 6.63632 ?< 1.00000   g = 0.00025
f = -27.52371   r = 6.25791 ?< 1.00000   g = 0.00024
f = -27.52767   r = 5.97802 ?< 1.00000   g = 0.00023
f = -27.53163   r = 5.62770 ?< 1.00000   g = 0.00022
f = -27.53562   r = 5.39153 ?< 1.00000   g = 0.00021
f = -27.53958   r = 5.16739 ?< 1.00000   g = 0.00020
f = -27.54352   r = 5.06824 ?< 1.00000   g = 0.00019
f = -27.54737   r = 5.04566 ?< 1.00000   g = 0.00018
f = -27.55107   r = 5.12857 ?< 1.00000   g = 0.00018
f = -27.55460   r = 5.22874 ?< 1.00000   g = 0.00017
f = -27.55797   r = 5.29273 ?< 1.00000   g = 0.00016
f = -27.56121   r = 5.24360 ?< 1.00000   g = 0.00015
f = -27.56438   r = 5.09715 ?< 1.00000   g = 0.00015
f = -27.56747   r = 4.88683 ?< 1.00000   g = 0.00014
f = -27.57053   r = 4.70086 ?< 1.00000   g = 0.00013
f = -27.57354   r = 4.55468 ?< 1.00000   g = 0.00013
f = -27.57649   r = 4.46461 ?< 1.00000   g = 0.00012
f = -27.57935   r = 4.39768 ?< 1.00000   g = 0.00012
f = -27.58213   r = 4.33768 ?< 1.00000   g = 0.00011
f = -27.58481   r = 4.27382 ?< 1.00000   g = 0.00011
f = -27.58741   r = 4.19941 ?< 1.00000   g = 0.00010
f = -27.58991   r = 4.12893 ?< 1.00000   g = 0.00010
f = -27.59233   r = 4.04768 ?< 1.00000   g = 0.00009
f = -27.59467   r = 3.98065 ?< 1.00000   g = 0.00009
f = -27.59693   r = 3.89691 ?< 1.00000   g = 0.00008
f = -27.59911   r = 3.82678 ?< 1.00000   g = 0.00008
f = -27.60125   r = 3.73971 ?< 1.00000   g = 0.00008
f = -27.60336   r = 3.63485 ?< 1.00000   g = 0.00007
f = -27.60542   r = 3.57807 ?< 1.00000   g = 0.00007
f = -27.60732   r = 3.46698 ?< 1.00000   g = 0.00007
f = -27.60910   r = 3.47154 ?< 1.00000   g = 0.00006
f = -27.61072   r = 3.36381 ?< 1.00000   g = 0.00006
f = -27.61228   r = 3.34712 ?< 1.00000   g = 0.00006
f = -27.61375   r = 3.23782 ?< 1.00000   g = 0.00006
f = -27.61530   r = 3.14927 ?< 1.00000   g = 0.00005
f = -27.61715   r = 2.97983 ?< 1.00000   g = 0.00005
f = -27.61852   r = 2.83405 ?< 1.00000   g = 0.00005
f = -27.61966   r = 2.86466 ?< 1.00000   g = 0.00005
f = -27.62076   r = 2.85000 ?< 1.00000   g = 0.00004
f = -27.62185   r = 2.81525 ?< 1.00000   g = 0.00004
f = -27.62292   r = 2.69545 ?< 1.00000   g = 0.00004
f = -27.62387   r = 2.66872 ?< 1.00000   g = 0.00004
f = -27.62474   r = 2.58159 ?< 1.00000   g = 0.00004
f = -27.62563   r = 2.72166 ?< 1.00000   g = 0.00003
f = -27.62679   r = 2.21844 ?< 1.00000   g = 0.00003
f = -27.62751   r = 2.35077 ?< 1.00000   g = 0.00003
f = -27.62819   r = 2.29603 ?< 1.00000   g = 0.00003
f = -27.62887   r = 2.45289 ?< 1.00000   g = 0.00003
f = -27.62962   r = 2.32864 ?< 1.00000   g = 0.00003
f = -27.63038   r = 2.20651 ?< 1.00000   g = 0.00003
f = -27.63105   r = 2.08434 ?< 1.00000   g = 0.00002
f = -27.63163   r = 1.89683 ?< 1.00000   g = 0.00002
f = -27.63215   r = 2.02882 ?< 1.00000   g = 0.00002
f = -27.63273   r = 1.85036 ?< 1.00000   g = 0.00002
f = -27.63323   r = 1.88307 ?< 1.00000   g = 0.00002
f = -27.63376   r = 1.73845 ?< 1.00000   g = 0.00002
f = -27.63421   r = 1.62099 ?< 1.00000   g = 0.00002
f = -27.63463   r = 1.60939 ?< 1.00000   g = 0.00002
f = -27.63504   r = 1.38559 ?< 1.00000   g = 0.00002
f = -27.63535   r = 1.47980 ?< 1.00000   g = 0.00001
f = -27.63571   r = 1.28065 ?< 1.00000   g = 0.00001
f = -27.63598   r = 1.37268 ?< 1.00000   g = 0.00001
f = -27.63631   r = 1.29335 ?< 1.00000   g = 0.00001
f = -27.63669   r = 1.02921 ?< 1.00000   g = 0.00001
f = -27.63704   r = 1.04888 ?< 1.00000   g = 0.00001
f = -27.63719   r = 0.98493 ?< 1.00000   g = 0.00001

----------------------------------
         Iteration 11
----------------------------------
f = -27.63719   r = 0.98493 ?< 0.10000   g = 0.00001
f = -27.63741   r = 1.27436 ?< 0.10000   g = 0.00001
f = -27.63784   r = 1.10260 ?< 0.10000   g = 0.00001
f = -27.63795   r = 0.84434 ?< 0.10000   g = 0.00001
f = -27.63819   r = 1.22704 ?< 0.10000   g = 0.00001
f = -27.63864   r = 0.84217 ?< 0.10000   g = 0.00001
f = -27.63878   r = 0.72488 ?< 0.10000   g = 0.00001
f = -27.63898   r = 0.71039 ?< 0.10000   g = 0.00001
f = -27.63917   r = 0.73664 ?< 0.10000   g = 0.00001
f = -27.63939   r = 0.61485 ?< 0.10000   g = 0.00001
f = -27.63955   r = 0.72925 ?< 0.10000   g = 0.00001
f = -27.63977   r = 0.60002 ?< 0.10000   g = 0.00000
f = -27.63994   r = 0.50454 ?< 0.10000   g = 0.00000
f = -27.64009   r = 0.56906 ?< 0.10000   g = 0.00000
f = -27.64024   r = 0.45152 ?< 0.10000   g = 0.00000
f = -27.64033   r = 0.72794 ?< 0.10000   g = 0.00000
f = -27.64049   r = 0.50871 ?< 0.10000   g = 0.00000
f = -27.64061   r = 0.39662 ?< 0.10000   g = 0.00000
f = -27.64070   r = 0.36049 ?< 0.10000   g = 0.00000
f = -27.64077   r = 0.85922 ?< 0.10000   g = 0.00000
f = -27.64088   r = 0.44676 ?< 0.10000   g = 0.00000
f = -27.64094   r = 0.61940 ?< 0.10000   g = 0.00000
f = -27.64101   r = 0.69110 ?< 0.10000   g = 0.00000
f = -27.64107   r = 0.56432 ?< 0.10000   g = 0.00000
f = -27.64110   r = 0.90009 ?< 0.10000   g = 0.00000
f = -27.64116   r = 1.41072 ?< 0.10000   g = 0.00000
f = -27.64121   r = 0.59890 ?< 0.10000   g = 0.00000
f = -27.64121   r = 1.08205 ?< 0.10000   g = 0.00000
f = -27.64125   r = 1.30514 ?< 0.10000   g = 0.00000
f = -27.64127   r = 0.82112 ?< 0.10000   g = 0.00000
f = -27.64128   r = 1.55249 ?< 0.10000   g = 0.00000
f = -27.64129   r = 1.26958 ?< 0.10000   g = 0.00000
f = -27.64130   r = 1.21657 ?< 0.10000   g = 0.00000
f = -27.64130   r = 1.13846 ?< 0.10000   g = 0.00000
f = -27.64131   r = 1.15168 ?< 0.10000   g = 0.00000
f = -27.64130   r = 1.38302 ?< 0.10000   g = 0.00000
f = -27.64130   r = 1.24955 ?< 0.10000   g = 0.00000
f = -27.64130   r = 1.63373 ?< 0.10000   g = 0.00000
f = -27.64129   r = 1.44003 ?< 0.10000   g = 0.00000
f = -27.64129   r = 1.63400 ?< 0.10000   g = 0.00000
f = -27.64128   r = 1.44111 ?< 0.10000   g = 0.00000
f = -27.64128   r = 1.33964 ?< 0.10000   g = 0.00000
f = -27.64127   r = 0.93972 ?< 0.10000   g = 0.00000
f = -27.64126   r = 1.25219 ?< 0.10000   g = 0.00000
f = -27.64126   r = 1.20350 ?< 0.10000   g = 0.00000
f = -27.64125   r = 1.10706 ?< 0.10000   g = 0.00000
f = -27.64124   r = 1.02952 ?< 0.10000   g = 0.00000
f = -27.64124   r = 0.87735 ?< 0.10000   g = 0.00000
f = -27.64123   r = 0.83120 ?< 0.10000   g = 0.00000
f = -27.64123   r = 0.70533 ?< 0.10000   g = 0.00000
f = -27.64122   r = 0.68619 ?< 0.10000   g = 0.00000
f = -27.64122   r = 0.59364 ?< 0.10000   g = 0.00000
f = -27.64121   r = 0.56131 ?< 0.10000   g = 0.00000
f = -27.64120   r = 0.53500 ?< 0.10000   g = 0.00000
f = -27.64120   r = 0.51035 ?< 0.10000   g = 0.00000
f = -27.64119   r = 0.59775 ?< 0.10000   g = 0.00000
f = -27.64118   r = 0.54310 ?< 0.10000   g = 0.00000
f = -27.64118   r = 0.63564 ?< 0.10000   g = 0.00000
f = -27.64117   r = 0.57931 ?< 0.10000   g = 0.00000
f = -27.64116   r = 0.65480 ?< 0.10000   g = 0.00000
f = -27.64115   r = 0.61453 ?< 0.10000   g = 0.00000
f = -27.64115   r = 0.67691 ?< 0.10000   g = 0.00000
f = -27.64114   r = 0.64524 ?< 0.10000   g = 0.00000
f = -27.64113   r = 0.70245 ?< 0.10000   g = 0.00000
f = -27.64112   r = 0.66170 ?< 0.10000   g = 0.00000
f = -27.64112   r = 0.71403 ?< 0.10000   g = 0.00000
f = -27.64111   r = 0.64394 ?< 0.10000   g = 0.00000
f = -27.64110   r = 0.69495 ?< 0.10000   g = 0.00000
f = -27.64109   r = 0.66794 ?< 0.10000   g = 0.00000
f = -27.64109   r = 0.73354 ?< 0.10000   g = 0.00000
f = -27.64108   r = 0.75883 ?< 0.10000   g = 0.00000
f = -27.64107   r = 0.74762 ?< 0.10000   g = 0.00000
f = -27.64107   r = 0.76794 ?< 0.10000   g = 0.00000
f = -27.64106   r = 0.68011 ?< 0.10000   g = 0.00000
f = -27.64105   r = 0.69957 ?< 0.10000   g = 0.00000
f = -27.64105   r = 0.65186 ?< 0.10000   g = 0.00000
f = -27.64104   r = 0.60919 ?< 0.10000   g = 0.00000
f = -27.64103   r = 0.72550 ?< 0.10000   g = 0.00000
f = -27.64103   r = 0.77099 ?< 0.10000   g = 0.00000
f = -27.64102   r = 0.85511 ?< 0.10000   g = 0.00000
f = -27.64101   r = 0.85098 ?< 0.10000   g = 0.00000
f = -27.64101   r = 0.87945 ?< 0.10000   g = 0.00000
f = -27.64100   r = 0.86130 ?< 0.10000   g = 0.00000
f = -27.64100   r = 0.86771 ?< 0.10000   g = 0.00000
f = -27.64099   r = 0.84267 ?< 0.10000   g = 0.00000
f = -27.64099   r = 0.81251 ?< 0.10000   g = 0.00000
f = -27.64098   r = 0.73115 ?< 0.10000   g = 0.00000
f = -27.64098   r = 0.56802 ?< 0.10000   g = 0.00000
f = -27.64097   r = 0.61662 ?< 0.10000   g = 0.00000
f = -27.64097   r = 0.68169 ?< 0.10000   g = 0.00000
f = -27.64096   r = 0.73416 ?< 0.10000   g = 0.00000
f = -27.64096   r = 0.72214 ?< 0.10000   g = 0.00000
f = -27.64095   r = 0.71354 ?< 0.10000   g = 0.00000
f = -27.64095   r = 0.69469 ?< 0.10000   g = 0.00000
f = -27.64095   r = 0.67567 ?< 0.10000   g = 0.00000
f = -27.64094   r = 0.65739 ?< 0.10000   g = 0.00000
f = -27.64094   r = 0.62762 ?< 0.10000   g = 0.00000
f = -27.64093   r = 0.60505 ?< 0.10000   g = 0.00000
f = -27.64093   r = 0.56845 ?< 0.10000   g = 0.00000
f = -27.64093   r = 0.54790 ?< 0.10000   g = 0.00000
f = -27.64092   r = 0.51587 ?< 0.10000   g = 0.00000
f = -27.64092   r = 0.50271 ?< 0.10000   g = 0.00000
f = -27.64092   r = 0.47304 ?< 0.10000   g = 0.00000
f = -27.64092   r = 0.46006 ?< 0.10000   g = 0.00000
f = -27.64091   r = 0.41671 ?< 0.10000   g = 0.00000
f = -27.64091   r = 0.39452 ?< 0.10000   g = 0.00000
f = -27.64091   r = 0.32256 ?< 0.10000   g = 0.00000
f = -27.64091   r = 0.30416 ?< 0.10000   g = 0.00000
f = -27.64090   r = 0.23843 ?< 0.10000   g = 0.00000
f = -27.64090   r = 0.17706 ?< 0.10000   g = 0.00000
f = -27.64090   r = 0.12446 ?< 0.10000   g = 0.00000
f = -27.64090   r = 0.08068 ?< 0.10000   g = 0.00000

----------------------------------
         Iteration 12
----------------------------------
f = -27.64090   r = 0.08068 ?< 0.01000   g = 0.00000
f = -27.64090   r = 0.06433 ?< 0.01000   g = 0.00000
f = -27.64089   r = 0.08432 ?< 0.01000   g = 0.00000
f = -27.64089   r = 0.12255 ?< 0.01000   g = 0.00000
f = -27.64089   r = 0.16517 ?< 0.01000   g = 0.00000
f = -27.64089   r = 0.20819 ?< 0.01000   g = 0.00000
f = -27.64089   r = 0.25092 ?< 0.01000   g = 0.00000
f = -27.64089   r = 0.29249 ?< 0.01000   g = 0.00000
f = -27.64089   r = 0.33320 ?< 0.01000   g = 0.00000
f = -27.64089   r = 0.37261 ?< 0.01000   g = 0.00000
f = -27.64089   r = 0.41105 ?< 0.01000   g = 0.00000
f = -27.64089   r = 0.44824 ?< 0.01000   g = 0.00000
f = -27.64089   r = 0.48442 ?< 0.01000   g = 0.00000
f = -27.64088   r = 0.51941 ?< 0.01000   g = 0.00000
f = -27.64088   r = 0.55338 ?< 0.01000   g = 0.00000
f = -27.64088   r = 0.58617 ?< 0.01000   g = 0.00000
f = -27.64088   r = 0.61793 ?< 0.01000   g = 0.00000
f = -27.64088   r = 0.64851 ?< 0.01000   g = 0.00000
f = -27.64088   r = 0.67801 ?< 0.01000   g = 0.00000
f = -27.64088   r = 0.70629 ?< 0.01000   g = 0.00000
f = -27.64088   r = 0.73345 ?< 0.01000   g = 0.00000
f = -27.64088   r = 0.75931 ?< 0.01000   g = 0.00000
f = -27.64088   r = 0.78398 ?< 0.01000   g = 0.00000
f = -27.64088   r = 0.80728 ?< 0.01000   g = 0.00000
f = -27.64088   r = 0.82933 ?< 0.01000   g = 0.00000
f = -27.64088   r = 0.84990 ?< 0.01000   g = 0.00000
f = -27.64088   r = 0.86916 ?< 0.01000   g = 0.00000
f = -27.64088   r = 0.88685 ?< 0.01000   g = 0.00000
f = -27.64089   r = 0.90317 ?< 0.01000   g = 0.00000
f = -27.64089   r = 0.91784 ?< 0.01000   g = 0.00000
f = -27.64089   r = 0.93109 ?< 0.01000   g = 0.00000
f = -27.64089   r = 0.94263 ?< 0.01000   g = 0.00000
f = -27.64089   r = 0.95273 ?< 0.01000   g = 0.00000
f = -27.64089   r = 0.96108 ?< 0.01000   g = 0.00000
f = -27.64089   r = 0.96799 ?< 0.01000   g = 0.00000
f = -27.64089   r = 0.97314 ?< 0.01000   g = 0.00000
f = -27.64089   r = 0.97689 ?< 0.01000   g = 0.00000
f = -27.64089   r = 0.97889 ?< 0.01000   g = 0.00000
f = -27.64090   r = 0.97957 ?< 0.01000   g = 0.00000
f = -27.64090   r = 0.97854 ?< 0.01000   g = 0.00000
f = -27.64090   r = 0.97629 ?< 0.01000   g = 0.00000
f = -27.64090   r = 0.97239 ?< 0.01000   g = 0.00000
f = -27.64090   r = 0.96742 ?< 0.01000   g = 0.00000
f = -27.64090   r = 0.96088 ?< 0.01000   g = 0.00000
f = -27.64090   r = 0.95342 ?< 0.01000   g = 0.00000
f = -27.64091   r = 0.94450 ?< 0.01000   g = 0.00000
f = -27.64091   r = 0.93484 ?< 0.01000   g = 0.00000
f = -27.64091   r = 0.92383 ?< 0.01000   g = 0.00000
f = -27.64091   r = 0.91226 ?< 0.01000   g = 0.00000
f = -27.64091   r = 0.89945 ?< 0.01000   g = 0.00000
f = -27.64091   r = 0.88629 ?< 0.01000   g = 0.00000
f = -27.64092   r = 0.87199 ?< 0.01000   g = 0.00000
f = -27.64092   r = 0.85755 ?< 0.01000   g = 0.00000
f = -27.64092   r = 0.84206 ?< 0.01000   g = 0.00000
f = -27.64092   r = 0.82662 ?< 0.01000   g = 0.00000
f = -27.64092   r = 0.81024 ?< 0.01000   g = 0.00000
f = -27.64092   r = 0.79409 ?< 0.01000   g = 0.00000
f = -27.64093   r = 0.77708 ?< 0.01000   g = 0.00000
f = -27.64093   r = 0.76047 ?< 0.01000   g = 0.00000
f = -27.64093   r = 0.74308 ?< 0.01000   g = 0.00000
f = -27.64093   r = 0.72623 ?< 0.01000   g = 0.00000
f = -27.64093   r = 0.70868 ?< 0.01000   g = 0.00000
f = -27.64094   r = 0.69180 ?< 0.01000   g = 0.00000
f = -27.64094   r = 0.67427 ?< 0.01000   g = 0.00000
f = -27.64094   r = 0.65752 ?< 0.01000   g = 0.00000
f = -27.64094   r = 0.64018 ?< 0.01000   g = 0.00000
f = -27.64094   r = 0.62369 ?< 0.01000   g = 0.00000
f = -27.64094   r = 0.60667 ?< 0.01000   g = 0.00000
f = -27.64095   r = 0.59056 ?< 0.01000   g = 0.00000
f = -27.64095   r = 0.57396 ?< 0.01000   g = 0.00000
f = -27.64095   r = 0.55831 ?< 0.01000   g = 0.00000
f = -27.64095   r = 0.54220 ?< 0.01000   g = 0.00000
f = -27.64095   r = 0.52708 ?< 0.01000   g = 0.00000
f = -27.64095   r = 0.51151 ?< 0.01000   g = 0.00000
f = -27.64096   r = 0.49698 ?< 0.01000   g = 0.00000
f = -27.64096   r = 0.48199 ?< 0.01000   g = 0.00000
f = -27.64096   r = 0.46807 ?< 0.01000   g = 0.00000
f = -27.64096   r = 0.45368 ?< 0.01000   g = 0.00000
f = -27.64096   r = 0.44039 ?< 0.01000   g = 0.00000
f = -27.64096   r = 1.73235 ?< 0.01000   g = 0.00000
f = -27.64096   r = 0.42465 ?< 0.01000   g = 0.00000
f = -27.64096   r = 0.42401 ?< 0.01000   g = 0.00000
f = -27.64096   r = 0.42076 ?< 0.01000   g = 0.00000
f = -27.64096   r = 0.41651 ?< 0.01000   g = 0.00000
f = -27.64096   r = 0.41492 ?< 0.01000   g = 0.00000
f = -27.64096   r = 0.41309 ?< 0.01000   g = 0.00000
f = -27.64096   r = 0.41087 ?< 0.01000   g = 0.00000
f = -27.64096   r = 0.40837 ?< 0.01000   g = 0.00000
f = -27.64096   r = 0.40579 ?< 0.01000   g = 0.00000
f = -27.64096   r = 0.40328 ?< 0.01000   g = 0.00000
f = -27.64096   r = 0.40091 ?< 0.01000   g = 0.00000
f = -27.64096   r = 0.39869 ?< 0.01000   g = 0.00000
f = -27.64096   r = 0.39659 ?< 0.01000   g = 0.00000
f = -27.64096   r = 0.39462 ?< 0.01000   g = 0.00000
f = -27.64096   r = 0.39271 ?< 0.01000   g = 0.00000
f = -27.64096   r = 0.39092 ?< 0.01000   g = 0.00000
f = -27.64096   r = 0.38916 ?< 0.01000   g = 0.00000
f = -27.64096   r = 0.38751 ?< 0.01000   g = 0.00000
f = -27.64096   r = 0.38589 ?< 0.01000   g = 0.00000
f = -27.64096   r = 0.38435 ?< 0.01000   g = 0.00000
f = -27.64096   r = 0.38285 ?< 0.01000   g = 0.00000
f = -27.64096   r = 0.38142 ?< 0.01000   g = 0.00000
f = -27.64096   r = 0.38002 ?< 0.01000   g = 0.00000
f = -27.64096   r = 0.37867 ?< 0.01000   g = 0.00000
f = -27.64096   r = 0.37734 ?< 0.01000   g = 0.00000
f = -27.64096   r = 0.37606 ?< 0.01000   g = 0.00000
f = -27.64096   r = 0.37480 ?< 0.01000   g = 0.00000
f = -27.64096   r = 0.37357 ?< 0.01000   g = 0.00000
f = -27.64096   r = 0.37236 ?< 0.01000   g = 0.00000
f = -27.64096   r = 0.37117 ?< 0.01000   g = 0.00000
f = -27.64096   r = 0.37002 ?< 0.01000   g = 0.00000
f = -27.64096   r = 0.36887 ?< 0.01000   g = 0.00000
f = -27.64096   r = 0.36775 ?< 0.01000   g = 0.00000
f = -27.64096   r = 0.36662 ?< 0.01000   g = 0.00000
f = -27.64096   r = 0.36553 ?< 0.01000   g = 0.00000
f = -27.64096   r = 0.36444 ?< 0.01000   g = 0.00000
f = -27.64096   r = 0.36338 ?< 0.01000   g = 0.00000
f = -27.64096   r = 0.36234 ?< 0.01000   g = 0.00000
f = -27.64096   r = 0.36133 ?< 0.01000   g = 0.00000
f = -27.64096   r = 0.36033 ?< 0.01000   g = 0.00000
f = -27.64096   r = 0.35935 ?< 0.01000   g = 0.00000
f = -27.64096   r = 0.35839 ?< 0.01000   g = 0.00000
f = -27.64096   r = 0.35744 ?< 0.01000   g = 0.00000
f = -27.64096   r = 0.35650 ?< 0.01000   g = 0.00000
f = -27.64096   r = 0.35558 ?< 0.01000   g = 0.00000
f = -27.64096   r = 0.35467 ?< 0.01000   g = 0.00000
f = -27.64096   r = 0.35376 ?< 0.01000   g = 0.00000
f = -27.64096   r = 0.35287 ?< 0.01000   g = 0.00000
f = -27.64096   r = 0.35199 ?< 0.01000   g = 0.00000
f = -27.64096   r = 0.35112 ?< 0.01000   g = 0.00000
f = -27.64096   r = 0.35026 ?< 0.01000   g = 0.00000
f = -27.64096   r = 0.34941 ?< 0.01000   g = 0.00000
f = -27.64096   r = 0.34857 ?< 0.01000   g = 0.00000
f = -27.64096   r = 0.34774 ?< 0.01000   g = 0.00000
f = -27.64096   r = 0.34692 ?< 0.01000   g = 0.00000
f = -27.64096   r = 0.34610 ?< 0.01000   g = 0.00000
f = -27.64096   r = 0.34529 ?< 0.01000   g = 0.00000
f = -27.64096   r = 0.34449 ?< 0.01000   g = 0.00000
f = -27.64096   r = 0.34370 ?< 0.01000   g = 0.00000
f = -27.64096   r = 0.34292 ?< 0.01000   g = 0.00000
f = -27.64096   r = 0.34214 ?< 0.01000   g = 0.00000
f = -27.64096   r = 0.34137 ?< 0.01000   g = 0.00000
f = -27.64096   r = 0.34061 ?< 0.01000   g = 0.00000
f = -27.64096   r = 0.33985 ?< 0.01000   g = 0.00000
f = -27.64096   r = 0.33911 ?< 0.01000   g = 0.00000
f = -27.64096   r = 0.33836 ?< 0.01000   g = 0.00000
f = -27.64096   r = 0.33763 ?< 0.01000   g = 0.00000
f = -27.64096   r = 0.33690 ?< 0.01000   g = 0.00000
f = -27.64096   r = 0.33445 ?< 0.01000   g = 0.00000
f = -27.64096   r = 0.33373 ?< 0.01000   g = 0.00000
f = -27.64096   r = 0.33304 ?< 0.01000   g = 0.00000
f = -27.64096   r = 0.33235 ?< 0.01000   g = 0.00000
f = -27.64096   r = 0.33167 ?< 0.01000   g = 0.00000
f = -27.64096   r = 0.33099 ?< 0.01000   g = 0.00000
f = -27.64096   r = 0.33032 ?< 0.01000   g = 0.00000
f = -27.64096   r = 0.32965 ?< 0.01000   g = 0.00000
f = -27.64096   r = 0.32899 ?< 0.01000   g = 0.00000
f = -27.64096   r = 0.32678 ?< 0.01000   g = 0.00000
f = -27.64096   r = 0.32612 ?< 0.01000   g = 0.00000
f = -27.64096   r = 0.32549 ?< 0.01000   g = 0.00000
f = -27.64096   r = 0.32486 ?< 0.01000   g = 0.00000
f = -27.64096   r = 0.32423 ?< 0.01000   g = 0.00000
f = -27.64096   r = 0.32361 ?< 0.01000   g = 0.00000
f = -27.64096   r = 0.32299 ?< 0.01000   g = 0.00000
f = -27.64096   r = 0.32092 ?< 0.01000   g = 0.00000
f = -27.64096   r = 0.32031 ?< 0.01000   g = 0.00000
f = -27.64096   r = 0.31971 ?< 0.01000   g = 0.00000
f = -27.64096   r = 0.31912 ?< 0.01000   g = 0.00000
f = -27.64096   r = 0.31853 ?< 0.01000   g = 0.00000
f = -27.64096   r = 0.31656 ?< 0.01000   g = 0.00000
f = -27.64096   r = 0.31598 ?< 0.01000   g = 0.00000
f = -27.64096   r = 0.31541 ?< 0.01000   g = 0.00000
f = -27.64096   r = 0.31484 ?< 0.01000   g = 0.00000
f = -27.64096   r = 0.31428 ?< 0.01000   g = 0.00000
f = -27.64096   r = 0.31240 ?< 0.01000   g = 0.00000
f = -27.64096   r = 0.31184 ?< 0.01000   g = 0.00000
f = -27.64096   r = 0.31129 ?< 0.01000   g = 0.00000
f = -27.64096   r = 0.31075 ?< 0.01000   g = 0.00000
f = -27.64096   r = 0.30893 ?< 0.01000   g = 0.00000
f = -27.64096   r = 0.30839 ?< 0.01000   g = 0.00000
f = -27.64096   r = 0.30786 ?< 0.01000   g = 0.00000
f = -27.64096   r = 0.30734 ?< 0.01000   g = 0.00000
f = -27.64096   r = 0.30558 ?< 0.01000   g = 0.00000
f = -27.64096   r = 0.30506 ?< 0.01000   g = 0.00000
f = -27.64096   r = 0.30455 ?< 0.01000   g = 0.00000
f = -27.64096   r = 0.30404 ?< 0.01000   g = 0.00000
f = -27.64096   r = 0.30234 ?< 0.01000   g = 0.00000
f = -27.64096   r = 0.30184 ?< 0.01000   g = 0.00000
f = -27.64096   r = 0.30134 ?< 0.01000   g = 0.00000
f = -27.64096   r = 0.29968 ?< 0.01000   g = 0.00000
f = -27.64096   r = 0.29919 ?< 0.01000   g = 0.00000
f = -27.64096   r = 0.29870 ?< 0.01000   g = 0.00000
f = -27.64096   r = 0.29708 ?< 0.01000   g = 0.00000
f = -27.64096   r = 0.29660 ?< 0.01000   g = 0.00000
f = -27.64096   r = 0.29613 ?< 0.01000   g = 0.00000
f = -27.64096   r = 0.29455 ?< 0.01000   g = 0.00000
f = -27.64096   r = 0.29408 ?< 0.01000   g = 0.00000
f = -27.64096   r = 0.29252 ?< 0.01000   g = 0.00000
f = -27.64096   r = 0.29206 ?< 0.01000   g = 0.00000
f = -27.64096   r = 0.29160 ?< 0.01000   g = 0.00000
f = -27.64096   r = 0.29008 ?< 0.01000   g = 0.00000
f = -27.64096   r = 0.28963 ?< 0.01000   g = 0.00000
f = -27.64096   r = 0.28814 ?< 0.01000   g = 0.00000
f = -27.64096   r = 0.28769 ?< 0.01000   g = 0.00000
f = -27.64096   r = 0.28725 ?< 0.01000   g = 0.00000
f = -27.64096   r = 0.28579 ?< 0.01000   g = 0.00000
f = -27.64096   r = 0.28535 ?< 0.01000   g = 0.00000
f = -27.64096   r = 0.28391 ?< 0.01000   g = 0.00000
f = -27.64096   r = 0.28348 ?< 0.01000   g = 0.00000
f = -27.64096   r = 0.28206 ?< 0.01000   g = 0.00000
f = -27.64096   r = 0.28163 ?< 0.01000   g = 0.00000
f = -27.64096   r = 0.28023 ?< 0.01000   g = 0.00000
f = -27.64096   r = 0.27982 ?< 0.01000   g = 0.00000
f = -27.64096   r = 0.27843 ?< 0.01000   g = 0.00000
f = -27.64096   r = 0.27802 ?< 0.01000   g = 0.00000
f = -27.64096   r = 0.27666 ?< 0.01000   g = 0.00000
f = -27.64096   r = 0.27626 ?< 0.01000   g = 0.00000
f = -27.64096   r = 0.27491 ?< 0.01000   g = 0.00000
f = -27.64096   r = 0.27451 ?< 0.01000   g = 0.00000
f = -27.64096   r = 0.27319 ?< 0.01000   g = 0.00000
f = -27.64096   r = 0.27187 ?< 0.01000   g = 0.00000
f = -27.64096   r = 0.27148 ?< 0.01000   g = 0.00000
f = -27.64096   r = 0.27018 ?< 0.01000   g = 0.00000
f = -27.64096   r = 0.26889 ?< 0.01000   g = 0.00000
f = -27.64096   r = 0.26850 ?< 0.01000   g = 0.00000
f = -27.64096   r = 0.26724 ?< 0.01000   g = 0.00000
f = -27.64096   r = 0.26597 ?< 0.01000   g = 0.00000
f = -27.64096   r = 0.26560 ?< 0.01000   g = 0.00000
f = -27.64096   r = 0.26435 ?< 0.01000   g = 0.00000
f = -27.64096   r = 0.26312 ?< 0.01000   g = 0.00000
f = -27.64096   r = 0.26189 ?< 0.01000   g = 0.00000
f = -27.64096   r = 0.26152 ?< 0.01000   g = 0.00000
f = -27.64096   r = 0.26032 ?< 0.01000   g = 0.00000
f = -27.64096   r = 0.25911 ?< 0.01000   g = 0.00000
f = -27.64096   r = 0.25792 ?< 0.01000   g = 0.00000
f = -27.64096   r = 0.25673 ?< 0.01000   g = 0.00000
f = -27.64096   r = 0.25638 ?< 0.01000   g = 0.00000
f = -27.64096   r = 0.25521 ?< 0.01000   g = 0.00000
f = -27.64096   r = 0.25405 ?< 0.01000   g = 0.00000
f = -27.64096   r = 0.25290 ?< 0.01000   g = 0.00000
f = -27.64096   r = 0.25175 ?< 0.01000   g = 0.00000
f = -27.64096   r = 0.25061 ?< 0.01000   g = 0.00000
f = -27.64096   r = 0.24948 ?< 0.01000   g = 0.00000
f = -27.64096   r = 0.24836 ?< 0.01000   g = 0.00000
f = -27.64096   r = 0.24725 ?< 0.01000   g = 0.00000
f = -27.64096   r = 0.24614 ?< 0.01000   g = 0.00000
f = -27.64096   r = 0.24505 ?< 0.01000   g = 0.00000
f = -27.64096   r = 0.24396 ?< 0.01000   g = 0.00000
f = -27.64096   r = 0.24288 ?< 0.01000   g = 0.00000
f = -27.64096   r = 0.24180 ?< 0.01000   g = 0.00000
f = -27.64096   r = 0.24073 ?< 0.01000   g = 0.00000
f = -27.64096   r = 0.23967 ?< 0.01000   g = 0.00000
f = -27.64096   r = 0.23862 ?< 0.01000   g = 0.00000
f = -27.64096   r = 0.23757 ?< 0.01000   g = 0.00000
f = -27.64096   r = 0.23654 ?< 0.01000   g = 0.00000
f = -27.64096   r = 0.23550 ?< 0.01000   g = 0.00000
f = -27.64096   r = 0.23448 ?< 0.01000   g = 0.00000
f = -27.64096   r = 0.23346 ?< 0.01000   g = 0.00000
f = -27.64096   r = 0.23245 ?< 0.01000   g = 0.00000
f = -27.64096   r = 0.23144 ?< 0.01000   g = 0.00000
f = -27.64096   r = 0.23044 ?< 0.01000   g = 0.00000
f = -27.64096   r = 0.22945 ?< 0.01000   g = 0.00000
f = -27.64096   r = 0.22846 ?< 0.01000   g = 0.00000
f = -27.64096   r = 0.22748 ?< 0.01000   g = 0.00000
f = -27.64096   r = 0.22651 ?< 0.01000   g = 0.00000
f = -27.64096   r = 0.22554 ?< 0.01000   g = 0.00000
f = -27.64096   r = 0.22458 ?< 0.01000   g = 0.00000
f = -27.64096   r = 0.22362 ?< 0.01000   g = 0.00000
f = -27.64096   r = 0.22267 ?< 0.01000   g = 0.00000
f = -27.64096   r = 0.22172 ?< 0.01000   g = 0.00000
f = -27.64096   r = 0.22078 ?< 0.01000   g = 0.00000
f = -27.64096   r = 0.21985 ?< 0.01000   g = 0.00000
f = -27.64096   r = 0.21892 ?< 0.01000   g = 0.00000
f = -27.64096   r = 0.21799 ?< 0.01000   g = 0.00000
f = -27.64096   r = 0.21707 ?< 0.01000   g = 0.00000
f = -27.64096   r = 0.21616 ?< 0.01000   g = 0.00000
f = -27.64096   r = 0.21525 ?< 0.01000   g = 0.00000
f = -27.64096   r = 0.21435 ?< 0.01000   g = 0.00000
f = -27.64096   r = 0.21345 ?< 0.01000   g = 0.00000
f = -27.64096   r = 0.21256 ?< 0.01000   g = 0.00000
f = -27.64096   r = 0.21167 ?< 0.01000   g = 0.00000
f = -27.64096   r = 0.21079 ?< 0.01000   g = 0.00000
f = -27.64096   r = 0.20991 ?< 0.01000   g = 0.00000
f = -27.64096   r = 0.20903 ?< 0.01000   g = 0.00000
f = -27.64096   r = 0.20817 ?< 0.01000   g = 0.00000
f = -27.64096   r = 0.20730 ?< 0.01000   g = 0.00000
f = -27.64096   r = 0.20644 ?< 0.01000   g = 0.00000
f = -27.64096   r = 0.20559 ?< 0.01000   g = 0.00000
f = -27.64096   r = 0.20474 ?< 0.01000   g = 0.00000
f = -27.64096   r = 0.20389 ?< 0.01000   g = 0.00000
f = -27.64096   r = 0.20305 ?< 0.01000   g = 0.00000
f = -27.64096   r = 0.20221 ?< 0.01000   g = 0.00000
f = -27.64096   r = 0.20138 ?< 0.01000   g = 0.00000
f = -27.64096   r = 0.20055 ?< 0.01000   g = 0.00000
f = -27.64096   r = 0.19972 ?< 0.01000   g = 0.00000
f = -27.64096   r = 0.19890 ?< 0.01000   g = 0.00000
f = -27.64096   r = 0.19809 ?< 0.01000   g = 0.00000
f = -27.64096   r = 0.19728 ?< 0.01000   g = 0.00000
f = -27.64096   r = 0.19647 ?< 0.01000   g = 0.00000
f = -27.64096   r = 0.19567 ?< 0.01000   g = 0.00000
f = -27.64096   r = 0.19487 ?< 0.01000   g = 0.00000
f = -27.64096   r = 0.19407 ?< 0.01000   g = 0.00000
f = -27.64096   r = 0.19328 ?< 0.01000   g = 0.00000
f = -27.64096   r = 0.19249 ?< 0.01000   g = 0.00000
f = -27.64096   r = 0.19171 ?< 0.01000   g = 0.00000
f = -27.64096   r = 0.19093 ?< 0.01000   g = 0.00000
f = -27.64096   r = 0.19015 ?< 0.01000   g = 0.00000
f = -27.64096   r = 0.18938 ?< 0.01000   g = 0.00000
f = -27.64096   r = 0.18680 ?< 0.01000   g = 0.00000
f = -27.64096   r = 0.18603 ?< 0.01000   g = 0.00000
f = -27.64096   r = 0.18527 ?< 0.01000   g = 0.00000
f = -27.64096   r = 0.18452 ?< 0.01000   g = 0.00000
f = -27.64096   r = 0.18200 ?< 0.01000   g = 0.00000
f = -27.64096   r = 0.18125 ?< 0.01000   g = 0.00000
f = -27.64096   r = 0.18051 ?< 0.01000   g = 0.00000
f = -27.64096   r = 0.17803 ?< 0.01000   g = 0.00000
f = -27.64096   r = 0.17729 ?< 0.01000   g = 0.00000
f = -27.64096   r = 0.17656 ?< 0.01000   g = 0.00000
f = -27.64096   r = 0.17414 ?< 0.01000   g = 0.00000
f = -27.64096   r = 0.17341 ?< 0.01000   g = 0.00000
f = -27.64096   r = 0.17270 ?< 0.01000   g = 0.00000
f = -27.64096   r = 0.17032 ?< 0.01000   g = 0.00000
f = -27.64096   r = 0.16961 ?< 0.01000   g = 0.00000
f = -27.64096   r = 0.16890 ?< 0.01000   g = 0.00000
f = -27.64096   r = 0.16657 ?< 0.01000   g = 0.00000
f = -27.64096   r = 0.16587 ?< 0.01000   g = 0.00000
f = -27.64096   r = 0.16357 ?< 0.01000   g = 0.00000
f = -27.64096   r = 0.16288 ?< 0.01000   g = 0.00000
f = -27.64096   r = 0.16061 ?< 0.01000   g = 0.00000
f = -27.64096   r = 0.15994 ?< 0.01000   g = 0.00000
f = -27.64096   r = 0.15770 ?< 0.01000   g = 0.00000
f = -27.64096   r = 0.15703 ?< 0.01000   g = 0.00000
f = -27.64096   r = 0.15483 ?< 0.01000   g = 0.00000
f = -27.64096   r = 0.15417 ?< 0.01000   g = 0.00000
f = -27.64096   r = 0.15200 ?< 0.01000   g = 0.00000
f = -27.64096   r = 0.15136 ?< 0.01000   g = 0.00000
f = -27.64096   r = 0.14922 ?< 0.01000   g = 0.00000
f = -27.64096   r = 0.14858 ?< 0.01000   g = 0.00000
f = -27.64096   r = 0.14648 ?< 0.01000   g = 0.00000
f = -27.64096   r = 0.14437 ?< 0.01000   g = 0.00000
f = -27.64096   r = 0.14375 ?< 0.01000   g = 0.00000
f = -27.64096   r = 0.14169 ?< 0.01000   g = 0.00000
f = -27.64096   r = 0.13965 ?< 0.01000   g = 0.00000
f = -27.64096   r = 0.13904 ?< 0.01000   g = 0.00000
f = -27.64096   r = 0.13705 ?< 0.01000   g = 0.00000
f = -27.64096   r = 0.13504 ?< 0.01000   g = 0.00000
f = -27.64096   r = 0.13308 ?< 0.01000   g = 0.00000
f = -27.64096   r = 0.13249 ?< 0.01000   g = 0.00000
f = -27.64096   r = 0.13057 ?< 0.01000   g = 0.00000
f = -27.64096   r = 0.12863 ?< 0.01000   g = 0.00000
f = -27.64096   r = 0.12675 ?< 0.01000   g = 0.00000
f = -27.64096   r = 0.12484 ?< 0.01000   g = 0.00000
f = -27.64096   r = 0.12300 ?< 0.01000   g = 0.00000
f = -27.64096   r = 0.12244 ?< 0.01000   g = 0.00000
f = -27.64096   r = 0.12065 ?< 0.01000   g = 0.00000
f = -27.64096   r = 0.11881 ?< 0.01000   g = 0.00000
f = -27.64096   r = 0.11705 ?< 0.01000   g = 0.00000
f = -27.64096   r = 0.11524 ?< 0.01000   g = 0.00000
f = -27.64096   r = 0.11354 ?< 0.01000   g = 0.00000
f = -27.64096   r = 0.11175 ?< 0.01000   g = 0.00000
f = -27.64096   r = 0.11010 ?< 0.01000   g = 0.00000
f = -27.64096   r = 0.10834 ?< 0.01000   g = 0.00000
f = -27.64096   r = 0.10675 ?< 0.01000   g = 0.00000
f = -27.64096   r = 0.10501 ?< 0.01000   g = 0.00000
f = -27.64096   r = 0.10347 ?< 0.01000   g = 0.00000
f = -27.64096   r = 0.10175 ?< 0.01000   g = 0.00000
f = -27.64096   r = 0.10028 ?< 0.01000   g = 0.00000
f = -27.64096   r = 0.09858 ?< 0.01000   g = 0.00000
f = -27.64096   r = 0.09717 ?< 0.01000   g = 0.00000
f = -27.64096   r = 0.09549 ?< 0.01000   g = 0.00000
f = -27.64096   r = 0.09414 ?< 0.01000   g = 0.00000
f = -27.64096   r = 0.09250 ?< 0.01000   g = 0.00000
f = -27.64096   r = 0.09118 ?< 0.01000   g = 0.00000
f = -27.64096   r = 0.08959 ?< 0.01000   g = 0.00000
f = -27.64096   r = 0.08831 ?< 0.01000   g = 0.00000
f = -27.64096   r = 0.08678 ?< 0.01000   g = 0.00000
f = -27.64096   r = 0.08553 ?< 0.01000   g = 0.00000
f = -27.64096   r = 0.08406 ?< 0.01000   g = 0.00000
f = -27.64096   r = 0.08284 ?< 0.01000   g = 0.00000
f = -27.64096   r = 0.08143 ?< 0.01000   g = 0.00000
f = -27.64096   r = 0.08024 ?< 0.01000   g = 0.00000
f = -27.64096   r = 0.07890 ?< 0.01000   g = 0.00000
f = -27.64096   r = 0.07774 ?< 0.01000   g = 0.00000
f = -27.64096   r = 0.07646 ?< 0.01000   g = 0.00000
f = -27.64096   r = 0.07533 ?< 0.01000   g = 0.00000
f = -27.64096   r = 0.07412 ?< 0.01000   g = 0.00000
f = -27.64096   r = 0.07303 ?< 0.01000   g = 0.00000
f = -27.64096   r = 0.07186 ?< 0.01000   g = 0.00000
f = -27.64096   r = 0.07082 ?< 0.01000   g = 0.00000
f = -27.64096   r = 0.06971 ?< 0.01000   g = 0.00000
f = -27.64096   r = 0.06871 ?< 0.01000   g = 0.00000
f = -27.64096   r = 0.06766 ?< 0.01000   g = 0.00000
f = -27.64096   r = 0.06670 ?< 0.01000   g = 0.00000
f = -27.64096   r = 0.06570 ?< 0.01000   g = 0.00000
f = -27.64096   r = 0.06479 ?< 0.01000   g = 0.00000
f = -27.64096   r = 0.06385 ?< 0.01000   g = 0.00000
f = -27.64096   r = 0.06299 ?< 0.01000   g = 0.00000
f = -27.64096   r = 0.06211 ?< 0.01000   g = 0.00000
f = -27.64096   r = 0.06130 ?< 0.01000   g = 0.00000
f = -27.64096   r = 0.06047 ?< 0.01000   g = 0.00000
f = -27.64096   r = 0.05972 ?< 0.01000   g = 0.00000
f = -27.64096   r = 0.05895 ?< 0.01000   g = 0.00000
f = -27.64096   r = 0.05825 ?< 0.01000   g = 0.00000
f = -27.64096   r = 0.05753 ?< 0.01000   g = 0.00000
f = -27.64096   r = 0.05689 ?< 0.01000   g = 0.00000
f = -27.64096   r = 0.05623 ?< 0.01000   g = 0.00000
f = -27.64096   r = 0.05565 ?< 0.01000   g = 0.00000
f = -27.64096   r = 0.05504 ?< 0.01000   g = 0.00000
f = -27.64096   r = 0.05452 ?< 0.01000   g = 0.00000
f = -27.64096   r = 0.05397 ?< 0.01000   g = 0.00000
f = -27.64096   r = 0.05350 ?< 0.01000   g = 0.00000
f = -27.64096   r = 0.05301 ?< 0.01000   g = 0.00000
f = -27.64096   r = 0.05261 ?< 0.01000   g = 0.00000
f = -27.64096   r = 0.05217 ?< 0.01000   g = 0.00000
f = -27.64096   r = 0.05182 ?< 0.01000   g = 0.00000
f = -27.64096   r = 0.05144 ?< 0.01000   g = 0.00000
f = -27.64096   r = 0.05116 ?< 0.01000   g = 0.00000
f = -27.64096   r = 0.05020 ?< 0.01000   g = 0.00000
f = -27.64096   r = 0.05004 ?< 0.01000   g = 0.00000
f = -27.64096   r = 0.04984 ?< 0.01000   g = 0.00000
f = -27.64096   r = 0.04973 ?< 0.01000   g = 0.00000
f = -27.64096   r = 0.04937 ?< 0.01000   g = 0.00000
f = -27.64096   r = 0.04939 ?< 0.01000   g = 0.00000
f = -27.64096   r = 0.04936 ?< 0.01000   g = 0.00000
f = -27.64096   r = 0.04943 ?< 0.01000   g = 0.00000
f = -27.64096   r = 0.04961 ?< 0.01000   g = 0.00000
f = -27.64096   r = 0.04979 ?< 0.01000   g = 0.00000
f = -27.64096   r = 0.05033 ?< 0.01000   g = 0.00000
f = -27.64096   r = 0.05061 ?< 0.01000   g = 0.00000
f = -27.64096   r = 0.05083 ?< 0.01000   g = 0.00000
f = -27.64096   r = 0.05115 ?< 0.01000   g = 0.00000
f = -27.64096   r = 0.05211 ?< 0.01000   g = 0.00000
f = -27.64096   r = 0.05250 ?< 0.01000   g = 0.00000
f = -27.64096   r = 0.05371 ?< 0.01000   g = 0.00000
f = -27.64096   r = 0.05417 ?< 0.01000   g = 0.00000
f = -27.64096   r = 0.05559 ?< 0.01000   g = 0.00000
f = -27.64096   r = 0.05610 ?< 0.01000   g = 0.00000
f = -27.64096   r = 0.05770 ?< 0.01000   g = 0.00000
f = -27.64096   r = 0.05825 ?< 0.01000   g = 0.00000
f = -27.64096   r = 0.05998 ?< 0.01000   g = 0.00000
f = -27.64096   r = 0.06056 ?< 0.01000   g = 0.00000
f = -27.64096   r = 0.06239 ?< 0.01000   g = 0.00000
f = -27.64096   r = 0.06299 ?< 0.01000   g = 0.00000
f = -27.64096   r = 0.06490 ?< 0.01000   g = 0.00000
f = -27.64096   r = 0.06552 ?< 0.01000   g = 0.00000
f = -27.64096   r = 0.06748 ?< 0.01000   g = 0.00000
f = -27.64096   r = 0.06961 ?< 0.01000   g = 0.00000
f = -27.64096   r = 0.07166 ?< 0.01000   g = 0.00000
f = -27.64096   r = 0.07230 ?< 0.01000   g = 0.00000
f = -27.64096   r = 0.07435 ?< 0.01000   g = 0.00000
f = -27.64096   r = 0.07652 ?< 0.01000   g = 0.00000
f = -27.64096   r = 0.07860 ?< 0.01000   g = 0.00000
f = -27.64096   r = 0.07924 ?< 0.01000   g = 0.00000
f = -27.64096   r = 0.08129 ?< 0.01000   g = 0.00000
f = -27.64096   r = 0.08344 ?< 0.01000   g = 0.00000
f = -27.64096   r = 0.08549 ?< 0.01000   g = 0.00000
f = -27.64096   r = 0.08761 ?< 0.01000   g = 0.00000
f = -27.64096   r = 0.08963 ?< 0.01000   g = 0.00000
f = -27.64096   r = 0.09173 ?< 0.01000   g = 0.00000
f = -27.64096   r = 0.09371 ?< 0.01000   g = 0.00000
f = -27.64096   r = 0.09576 ?< 0.01000   g = 0.00000
f = -27.64096   r = 0.09770 ?< 0.01000   g = 0.00000
f = -27.64096   r = 0.09970 ?< 0.01000   g = 0.00000
f = -27.64096   r = 0.10159 ?< 0.01000   g = 0.00000
f = -27.64096   r = 0.10354 ?< 0.01000   g = 0.00000
f = -27.64096   r = 0.10536 ?< 0.01000   g = 0.00000
f = -27.64096   r = 0.10726 ?< 0.01000   g = 0.00000
f = -27.64096   r = 0.10902 ?< 0.01000   g = 0.00000
f = -27.64096   r = 0.11085 ?< 0.01000   g = 0.00000
f = -27.64096   r = 0.11256 ?< 0.01000   g = 0.00000
f = -27.64096   r = 0.11433 ?< 0.01000   g = 0.00000
f = -27.64096   r = 0.11596 ?< 0.01000   g = 0.00000
f = -27.64096   r = 0.11767 ?< 0.01000   g = 0.00000
f = -27.64096   r = 0.11924 ?< 0.01000   g = 0.00000
f = -27.64096   r = 0.12088 ?< 0.01000   g = 0.00000
f = -27.64096   r = 0.12239 ?< 0.01000   g = 0.00000
f = -27.64096   r = 0.12397 ?< 0.01000   g = 0.00000
f = -27.64096   r = 0.12541 ?< 0.01000   g = 0.00000
f = -27.64096   r = 0.12692 ?< 0.01000   g = 0.00000
f = -27.64096   r = 0.12829 ?< 0.01000   g = 0.00000
f = -27.64096   r = 0.12973 ?< 0.01000   g = 0.00000
f = -27.64096   r = 0.13105 ?< 0.01000   g = 0.00000
f = -27.64096   r = 0.13242 ?< 0.01000   g = 0.00000
f = -27.64096   r = 0.13367 ?< 0.01000   g = 0.00000
f = -27.64096   r = 0.13497 ?< 0.01000   g = 0.00000
f = -27.64096   r = 0.13616 ?< 0.01000   g = 0.00000
f = -27.64096   r = 0.13739 ?< 0.01000   g = 0.00000
f = -27.64096   r = 0.13852 ?< 0.01000   g = 0.00000
f = -27.64096   r = 0.13968 ?< 0.01000   g = 0.00000
f = -27.64096   r = 0.14075 ?< 0.01000   g = 0.00000
f = -27.64096   r = 0.14185 ?< 0.01000   g = 0.00000
f = -27.64096   r = 0.14286 ?< 0.01000   g = 0.00000
f = -27.64096   r = 0.14388 ?< 0.01000   g = 0.00000
f = -27.64096   r = 0.14483 ?< 0.01000   g = 0.00000
f = -27.64096   r = 0.14579 ?< 0.01000   g = 0.00000
f = -27.64096   r = 0.14668 ?< 0.01000   g = 0.00000
f = -27.64096   r = 0.14757 ?< 0.01000   g = 0.00000
f = -27.64096   r = 0.15045 ?< 0.01000   g = 0.00000
f = -27.64096   r = 0.15130 ?< 0.01000   g = 0.00000
f = -27.64096   r = 0.15209 ?< 0.01000   g = 0.00000
f = -27.64096   r = 0.15478 ?< 0.01000   g = 0.00000
f = -27.64096   r = 0.15553 ?< 0.01000   g = 0.00000
f = -27.64096   r = 0.15803 ?< 0.01000   g = 0.00000
f = -27.64096   r = 0.16040 ?< 0.01000   g = 0.00000
f = -27.64096   r = 0.16108 ?< 0.01000   g = 0.00000
f = -27.64096   r = 0.16324 ?< 0.01000   g = 0.00000
f = -27.64096   r = 0.16535 ?< 0.01000   g = 0.00000
f = -27.64096   r = 0.16732 ?< 0.01000   g = 0.00000
f = -27.64096   r = 0.16922 ?< 0.01000   g = 0.00000
f = -27.64096   r = 0.17097 ?< 0.01000   g = 0.00000
f = -27.64096   r = 0.17263 ?< 0.01000   g = 0.00000
f = -27.64096   r = 0.17414 ?< 0.01000   g = 0.00000
f = -27.64096   r = 0.17555 ?< 0.01000   g = 0.00000
f = -27.64096   r = 0.17681 ?< 0.01000   g = 0.00000
f = -27.64096   r = 0.17798 ?< 0.01000   g = 0.00000
f = -27.64096   r = 0.17899 ?< 0.01000   g = 0.00000
f = -27.64096   r = 0.17990 ?< 0.01000   g = 0.00000
f = -27.64096   r = 0.18065 ?< 0.01000   g = 0.00000
f = -27.64096   r = 0.18130 ?< 0.01000   g = 0.00000
f = -27.64096   r = 0.18180 ?< 0.01000   g = 0.00000
f = -27.64096   r = 0.18218 ?< 0.01000   g = 0.00000
f = -27.64096   r = 0.18241 ?< 0.01000   g = 0.00000
f = -27.64096   r = 0.18253 ?< 0.01000   g = 0.00000
f = -27.64096   r = 0.18248 ?< 0.01000   g = 0.00000
f = -27.64096   r = 0.18232 ?< 0.01000   g = 0.00000
f = -27.64096   r = 0.18199 ?< 0.01000   g = 0.00000
f = -27.64096   r = 0.18154 ?< 0.01000   g = 0.00000
f = -27.64096   r = 0.18092 ?< 0.01000   g = 0.00000
f = -27.64096   r = 0.18016 ?< 0.01000   g = 0.00000
f = -27.64096   r = 0.17923 ?< 0.01000   g = 0.00000
f = -27.64096   r = 0.17816 ?< 0.01000   g = 0.00000
f = -27.64096   r = 0.17813 ?< 0.01000   g = 0.00000
f = -27.64096   r = 0.17808 ?< 0.01000   g = 0.00000
f = -27.64096   r = 0.17803 ?< 0.01000   g = 0.00000
f = -27.64096   r = 0.17803 ?< 0.01000   g = 0.00000
f = -27.64096   r = 0.17803 ?< 0.01000   g = 0.00000
f = -27.64096   r = 0.17802 ?< 0.01000   g = 0.00000
f = -27.64096   r = 0.17802 ?< 0.01000   g = 0.00000
f = -27.64096   r = 0.17802 ?< 0.01000   g = 0.00000
f = -27.64096   r = 0.17453 ?< 0.01000   g = 0.00000
f = -27.64096   r = 0.17106 ?< 0.01000   g = 0.00000
f = -27.64096   r = 0.16754 ?< 0.01000   g = 0.00000
f = -27.64096   r = 0.16401 ?< 0.01000   g = 0.00000
f = -27.64096   r = 0.16042 ?< 0.01000   g = 0.00000
f = -27.64096   r = 0.15682 ?< 0.01000   g = 0.00000
f = -27.64096   r = 0.15316 ?< 0.01000   g = 0.00000
f = -27.64096   r = 0.14950 ?< 0.01000   g = 0.00000
f = -27.64096   r = 0.14578 ?< 0.01000   g = 0.00000
f = -27.64096   r = 0.14205 ?< 0.01000   g = 0.00000
f = -27.64096   r = 0.13828 ?< 0.01000   g = 0.00000
f = -27.64096   r = 0.13451 ?< 0.01000   g = 0.00000
f = -27.64096   r = 0.13070 ?< 0.01000   g = 0.00000
f = -27.64096   r = 0.12690 ?< 0.01000   g = 0.00000
f = -27.64096   r = 0.12308 ?< 0.01000   g = 0.00000
f = -27.64096   r = 0.11928 ?< 0.01000   g = 0.00000
f = -27.64096   r = 0.11547 ?< 0.01000   g = 0.00000
f = -27.64096   r = 0.11168 ?< 0.01000   g = 0.00000
f = -27.64096   r = 0.10791 ?< 0.01000   g = 0.00000
f = -27.64096   r = 0.10417 ?< 0.01000   g = 0.00000
f = -27.64096   r = 0.10046 ?< 0.01000   g = 0.00000
f = -27.64096   r = 0.09679 ?< 0.01000   g = 0.00000
f = -27.64096   r = 0.09317 ?< 0.01000   g = 0.00000
f = -27.64096   r = 0.08960 ?< 0.01000   g = 0.00000
f = -27.64096   r = 0.08610 ?< 0.01000   g = 0.00000
f = -27.64096   r = 0.08265 ?< 0.01000   g = 0.00000
f = -27.64096   r = 0.07928 ?< 0.01000   g = 0.00000
f = -27.64096   r = 0.07598 ?< 0.01000   g = 0.00000
f = -27.64096   r = 0.07276 ?< 0.01000   g = 0.00000
f = -27.64096   r = 0.06962 ?< 0.01000   g = 0.00000
f = -27.64096   r = 0.06657 ?< 0.01000   g = 0.00000
f = -27.64096   r = 0.06360 ?< 0.01000   g = 0.00000
f = -27.64096   r = 0.06072 ?< 0.01000   g = 0.00000
f = -27.64096   r = 0.05793 ?< 0.01000   g = 0.00000
f = -27.64096   r = 0.05523 ?< 0.01000   g = 0.00000
f = -27.64096   r = 0.05262 ?< 0.01000   g = 0.00000
f = -27.64096   r = 0.05011 ?< 0.01000   g = 0.00000
f = -27.64096   r = 0.04768 ?< 0.01000   g = 0.00000
f = -27.64096   r = 0.04534 ?< 0.01000   g = 0.00000
f = -27.64096   r = 0.04310 ?< 0.01000   g = 0.00000
f = -27.64096   r = 0.04094 ?< 0.01000   g = 0.00000
f = -27.64096   r = 0.03887 ?< 0.01000   g = 0.00000
f = -27.64096   r = 0.03688 ?< 0.01000   g = 0.00000
f = -27.64096   r = 0.03498 ?< 0.01000   g = 0.00000
f = -27.64096   r = 0.03316 ?< 0.01000   g = 0.00000
f = -27.64096   r = 0.03141 ?< 0.01000   g = 0.00000
f = -27.64096   r = 0.02975 ?< 0.01000   g = 0.00000
f = -27.64096   r = 0.02815 ?< 0.01000   g = 0.00000
f = -27.64096   r = 0.02663 ?< 0.01000   g = 0.00000
f = -27.64096   r = 0.02518 ?< 0.01000   g = 0.00000
f = -27.64096   r = 0.02379 ?< 0.01000   g = 0.00000
f = -27.64096   r = 0.02247 ?< 0.01000   g = 0.00000
f = -27.64096   r = 0.02121 ?< 0.01000   g = 0.00000
f = -27.64096   r = 0.02001 ?< 0.01000   g = 0.00000
f = -27.64096   r = 0.01887 ?< 0.01000   g = 0.00000
f = -27.64096   r = 0.01778 ?< 0.01000   g = 0.00000
f = -27.64096   r = 0.01675 ?< 0.01000   g = 0.00000
f = -27.64096   r = 0.01577 ?< 0.01000   g = 0.00000
f = -27.64096   r = 0.01483 ?< 0.01000   g = 0.00000
f = -27.64096   r = 0.01394 ?< 0.01000   g = 0.00000
f = -27.64096   r = 0.01309 ?< 0.01000   g = 0.00000
f = -27.64096   r = 0.01229 ?< 0.01000   g = 0.00000
f = -27.64096   r = 0.01153 ?< 0.01000   g = 0.00000
f = -27.64096   r = 0.01080 ?< 0.01000   g = 0.00000
f = -27.64096   r = 0.01012 ?< 0.01000   g = 0.00000
f = -27.64096   r = 0.00946 ?< 0.01000   g = 0.00000

----------------------------------
         Iteration 13
----------------------------------
f = -27.64096   r = 0.00946 ?< 0.00100   g = 0.00000
f = -27.64096   r = 0.00885 ?< 0.00100   g = 0.00000
f = -27.64096   r = 0.00826 ?< 0.00100   g = 0.00000
f = -27.64096   r = 0.00770 ?< 0.00100   g = 0.00000
f = -27.64096   r = 0.00718 ?< 0.00100   g = 0.00000
f = -27.64096   r = 0.00668 ?< 0.00100   g = 0.00000
f = -27.64096   r = 0.00620 ?< 0.00100   g = 0.00000
f = -27.64096   r = 0.00575 ?< 0.00100   g = 0.00000
f = -27.64096   r = 0.00533 ?< 0.00100   g = 0.00000
f = -27.64096   r = 0.00492 ?< 0.00100   g = 0.00000
f = -27.64096   r = 0.00454 ?< 0.00100   g = 0.00000
f = -27.64096   r = 0.00418 ?< 0.00100   g = 0.00000
f = -27.64096   r = 0.00384 ?< 0.00100   g = 0.00000
f = -27.64096   r = 0.00351 ?< 0.00100   g = 0.00000
f = -27.64096   r = 0.00321 ?< 0.00100   g = 0.00000
f = -27.64096   r = 0.00292 ?< 0.00100   g = 0.00000
f = -27.64096   r = 0.00264 ?< 0.00100   g = 0.00000
f = -27.64096   r = 0.00238 ?< 0.00100   g = 0.00000
f = -27.64096   r = 0.00214 ?< 0.00100   g = 0.00000
f = -27.64096   r = 0.00191 ?< 0.00100   g = 0.00000
f = -27.64096   r = 0.00169 ?< 0.00100   g = 0.00000
f = -27.64096   r = 0.00149 ?< 0.00100   g = 0.00000
f = -27.64096   r = 0.00130 ?< 0.00100   g = 0.00000
f = -27.64096   r = 0.00112 ?< 0.00100   g = 0.00000
f = -27.64096   r = 0.00096 ?< 0.00100   g = 0.00000

----------------------------------
         Iteration 14
----------------------------------
f = -27.64096   r = 0.00096 ?< 0.00010   g = 0.00000
f = -27.64096   r = 0.00081 ?< 0.00010   g = 0.00000
f = -27.64096   r = 0.00068 ?< 0.00010   g = 0.00000
f = -27.64096   r = 0.00057 ?< 0.00010   g = 0.00000
f = -27.64096   r = 0.00049 ?< 0.00010   g = 0.00000
f = -27.64096   r = 0.00045 ?< 0.00010   g = 0.00000
f = -27.64096   r = 0.00044 ?< 0.00010   g = 0.00000
f = -27.64096   r = 0.00046 ?< 0.00010   g = 0.00000
f = -27.64096   r = 0.00051 ?< 0.00010   g = 0.00000
f = -27.64096   r = 0.00058 ?< 0.00010   g = 0.00000
f = -27.64096   r = 0.00065 ?< 0.00010   g = 0.00000
f = -27.64096   r = 0.00072 ?< 0.00010   g = 0.00000
f = -27.64096   r = 0.00079 ?< 0.00010   g = 0.00000
f = -27.64096   r = 0.00086 ?< 0.00010   g = 0.00000
f = -27.64096   r = 0.00093 ?< 0.00010   g = 0.00000
f = -27.64096   r = 0.00100 ?< 0.00010   g = 0.00000
f = -27.64096   r = 0.00106 ?< 0.00010   g = 0.00000
f = -27.64096   r = 0.00112 ?< 0.00010   g = 0.00000
f = -27.64096   r = 0.00117 ?< 0.00010   g = 0.00000
f = -27.64096   r = 0.00123 ?< 0.00010   g = 0.00000
f = -27.64096   r = 0.00127 ?< 0.00010   g = 0.00000
f = -27.64096   r = 0.00132 ?< 0.00010   g = 0.00000
f = -27.64096   r = 0.00136 ?< 0.00010   g = 0.00000
f = -27.64096   r = 0.00139 ?< 0.00010   g = 0.00000
f = -27.64096   r = 0.00143 ?< 0.00010   g = 0.00000
f = -27.64096   r = 0.00145 ?< 0.00010   g = 0.00000
f = -27.64096   r = 0.00148 ?< 0.00010   g = 0.00000
f = -27.64096   r = 0.00150 ?< 0.00010   g = 0.00000
f = -27.64096   r = 0.00152 ?< 0.00010   g = 0.00000
f = -27.64096   r = 0.00154 ?< 0.00010   g = 0.00000
f = -27.64096   r = 0.00155 ?< 0.00010   g = 0.00000
f = -27.64096   r = 0.00156 ?< 0.00010   g = 0.00000
f = -27.64096   r = 0.00156 ?< 0.00010   g = 0.00000
f = -27.64096   r = 0.00157 ?< 0.00010   g = 0.00000
f = -27.64096   r = 0.00157 ?< 0.00010   g = 0.00000
f = -27.64096   r = 0.00156 ?< 0.00010   g = 0.00000
f = -27.64096   r = 0.00156 ?< 0.00010   g = 0.00000
f = -27.64096   r = 0.00155 ?< 0.00010   g = 0.00000
f = -27.64096   r = 0.00154 ?< 0.00010   g = 0.00000
f = -27.64096   r = 0.00152 ?< 0.00010   g = 0.00000
f = -27.64096   r = 0.00150 ?< 0.00010   g = 0.00000
f = -27.64096   r = 0.00149 ?< 0.00010   g = 0.00000
f = -27.64096   r = 0.00146 ?< 0.00010   g = 0.00000
f = -27.64096   r = 0.00144 ?< 0.00010   g = 0.00000
f = -27.64096   r = 0.00142 ?< 0.00010   g = 0.00000
f = -27.64096   r = 0.00139 ?< 0.00010   g = 0.00000
f = -27.64096   r = 0.00136 ?< 0.00010   g = 0.00000
f = -27.64096   r = 0.00133 ?< 0.00010   g = 0.00000
f = -27.64096   r = 0.00130 ?< 0.00010   g = 0.00000
f = -27.64096   r = 0.00127 ?< 0.00010   g = 0.00000
f = -27.64096   r = 0.00123 ?< 0.00010   g = 0.00000
f = -27.64096   r = 0.00120 ?< 0.00010   g = 0.00000
f = -27.64096   r = 0.00116 ?< 0.00010   g = 0.00000
f = -27.64096   r = 0.00113 ?< 0.00010   g = 0.00000
f = -27.64096   r = 0.00109 ?< 0.00010   g = 0.00000
f = -27.64096   r = 0.00105 ?< 0.00010   g = 0.00000
f = -27.64096   r = 0.00102 ?< 0.00010   g = 0.00000
f = -27.64096   r = 0.00098 ?< 0.00010   g = 0.00000
f = -27.64096   r = 0.00095 ?< 0.00010   g = 0.00000
f = -27.64096   r = 0.00091 ?< 0.00010   g = 0.00000
f = -27.64096   r = 0.00087 ?< 0.00010   g = 0.00000
f = -27.64096   r = 0.00084 ?< 0.00010   g = 0.00000
f = -27.64096   r = 0.00080 ?< 0.00010   g = 0.00000
f = -27.64096   r = 0.00077 ?< 0.00010   g = 0.00000
f = -27.64096   r = 0.00074 ?< 0.00010   g = 0.00000
f = -27.64096   r = 0.00070 ?< 0.00010   g = 0.00000
f = -27.64096   r = 0.00067 ?< 0.00010   g = 0.00000
f = -27.64096   r = 0.00064 ?< 0.00010   g = 0.00000
f = -27.64096   r = 0.00061 ?< 0.00010   g = 0.00000
f = -27.64096   r = 0.00058 ?< 0.00010   g = 0.00000
f = -27.64096   r = 0.00056 ?< 0.00010   g = 0.00000
f = -27.64096   r = 0.00053 ?< 0.00010   g = 0.00000
f = -27.64096   r = 0.00050 ?< 0.00010   g = 0.00000
f = -27.64096   r = 0.00048 ?< 0.00010   g = 0.00000
f = -27.64096   r = 0.00045 ?< 0.00010   g = 0.00000
f = -27.64096   r = 0.00043 ?< 0.00010   g = 0.00000
f = -27.64096   r = 0.00041 ?< 0.00010   g = 0.00000
f = -27.64096   r = 0.00039 ?< 0.00010   g = 0.00000
f = -27.64096   r = 0.00037 ?< 0.00010   g = 0.00000
f = -27.64096   r = 0.00035 ?< 0.00010   g = 0.00000
f = -27.64096   r = 0.00033 ?< 0.00010   g = 0.00000
f = -27.64096   r = 0.00031 ?< 0.00010   g = 0.00000
f = -27.64096   r = 0.00030 ?< 0.00010   g = 0.00000
f = -27.64096   r = 0.00028 ?< 0.00010   g = 0.00000
f = -27.64096   r = 0.00026 ?< 0.00010   g = 0.00000
f = -27.64096   r = 0.00025 ?< 0.00010   g = 0.00000
f = -27.64096   r = 0.00024 ?< 0.00010   g = 0.00000
f = -27.64096   r = 0.00022 ?< 0.00010   g = 0.00000
f = -27.64096   r = 0.00021 ?< 0.00010   g = 0.00000
f = -27.64096   r = 0.00020 ?< 0.00010   g = 0.00000
f = -27.64096   r = 0.00019 ?< 0.00010   g = 0.00000
f = -27.64096   r = 0.00018 ?< 0.00010   g = 0.00000
f = -27.64096   r = 0.00017 ?< 0.00010   g = 0.00000
f = -27.64096   r = 0.00016 ?< 0.00010   g = 0.00000
f = -27.64096   r = 0.00015 ?< 0.00010   g = 0.00000
f = -27.64096   r = 0.00014 ?< 0.00010   g = 0.00000
f = -27.64096   r = 0.00013 ?< 0.00010   g = 0.00000
f = -27.64096   r = 0.00012 ?< 0.00010   g = 0.00000
f = -27.64096   r = 0.00012 ?< 0.00010   g = 0.00000
f = -27.64096   r = 0.00011 ?< 0.00010   g = 0.00000
f = -27.64096   r = 0.00010 ?< 0.00010   g = 0.00000
f = -27.64096   r = 0.00010 ?< 0.00010   g = 0.00000

----------------------------------
         Iteration 15
----------------------------------
f = -27.64096   r = 0.00010 ?< 0.00001   g = 0.00000
f = -27.64096   r = 0.00009 ?< 0.00001   g = 0.00000
f = -27.64096   r = 0.00009 ?< 0.00001   g = 0.00000
f = -27.64096   r = 0.00008 ?< 0.00001   g = 0.00000
f = -27.64096   r = 0.00008 ?< 0.00001   g = 0.00000
f = -27.64096   r = 0.00007 ?< 0.00001   g = 0.00000
f = -27.64096   r = 0.00007 ?< 0.00001   g = 0.00000
f = -27.64096   r = 0.00006 ?< 0.00001   g = 0.00000
f = -27.64096   r = 0.00006 ?< 0.00001   g = 0.00000
f = -27.64096   r = 0.00006 ?< 0.00001   g = 0.00000
f = -27.64096   r = 0.00005 ?< 0.00001   g = 0.00000
f = -27.64096   r = 0.00005 ?< 0.00001   g = 0.00000
f = -27.64096   r = 0.00005 ?< 0.00001   g = 0.00000
f = -27.64096   r = 0.00005 ?< 0.00001   g = 0.00000
f = -27.64096   r = 0.00004 ?< 0.00001   g = 0.00000
f = -27.64096   r = 0.00004 ?< 0.00001   g = 0.00000
f = -27.64096   r = 0.00004 ?< 0.00001   g = 0.00000
f = -27.64096   r = 0.00004 ?< 0.00001   g = 0.00000
f = -27.64096   r = 0.00003 ?< 0.00001   g = 0.00000
f = -27.64096   r = 0.00003 ?< 0.00001   g = 0.00000
f = -27.64096   r = 0.00003 ?< 0.00001   g = 0.00000
f = -27.64096   r = 0.00003 ?< 0.00001   g = 0.00000
f = -27.64096   r = 0.00003 ?< 0.00001   g = 0.00000
f = -27.64096   r = 0.00002 ?< 0.00001   g = 0.00000
f = -27.64096   r = 0.00002 ?< 0.00001   g = 0.00000
f = -27.64096   r = 0.00002 ?< 0.00001   g = 0.00000
f = -27.64096   r = 0.00002 ?< 0.00001   g = 0.00000
f = -27.64096   r = 0.00002 ?< 0.00001   g = 0.00000
f = -27.64096   r = 0.00002 ?< 0.00001   g = 0.00000
f = -27.64096   r = 0.00002 ?< 0.00001   g = 0.00000
f = -27.64096   r = 0.00002 ?< 0.00001   g = 0.00000
f = -27.64096   r = 0.00002 ?< 0.00001   g = 0.00000
f = -27.64096   r = 0.00001 ?< 0.00001   g = 0.00000
f = -27.64096   r = 0.00001 ?< 0.00001   g = 0.00000
f = -27.64096   r = 0.00001 ?< 0.00001   g = 0.00000
f = -27.64096   r = 0.00001 ?< 0.00001   g = 0.00000
f = -27.64096   r = 0.00001 ?< 0.00001   g = 0.00000
f = -27.64096   r = 0.00001 ?< 0.00001   g = 0.00000
f = -27.64096   r = 0.00001 ?< 0.00001   g = 0.00000
f = -27.64096   r = 0.00001 ?< 0.00001   g = 0.00000

--------------------------------
      Final Z 
--------------------------------

Z_0^0 = { { (+0.00000,+0.00000), (-0.00000,-0.00000)},
          { (-0.00000,+0.00000), (+0.00000,+0.00000)} } 

Z_1^0 = { { (+0.00000,+0.00000), (+0.00000,+0.00000)},
          { (+0.00000,-0.00000), (+0.00000,+0.00000)} } 

Z_0^1 = { { (+0.00000,-0.00000), (-0.00000,+0.00000)},
          { (-0.00000,-0.00000), (+0.00000,+0.00000)} } 

Z_1^1 = { { (+0.00000,-0.00000), (+0.00000,-0.00000)},
          { (+0.00000,+0.00000), (+0.00000,-0.00000)} } 

Z_0^2 = { { (+0.00000,+0.00000), (+0.00000,-0.00000)},
          { (+0.00000,+0.00000), (+0.00000,-0.00000)} } 

Z_1^2 = { { (+0.00000,-0.00000), (-0.00000,+0.00000)},
          { (-0.00000,-0.00000), (+0.00000,+0.00000)} } 

Z_0^3 = { { (+0.00000,+0.00000), (-0.00000,+0.00000)},
          { (-0.00000,-0.00000), (+0.00000,+0.00000)} } 

Z_1^3 = { { (+0.00000,+0.00000), (+0.00000,-0.00000)},
          { (+0.00000,+0.00000), (+0.00000,-0.00000)} } 

Z_0^4 = { { (+0.00000,+0.00000), (-0.00000,-0.00000)},
          { (-0.00000,+0.00000), (+0.00000,-0.00000)} } 

Z_1^4 = { { (+0.00000,-0.00000), (+0.00000,+0.00000)},
          { (+0.00000,-0.00000), (+0.00000,-0.00000)} } 

----------------------------------
         Final Matrices 
----------------------------------

M_0^0 = { { (+0.40503,+0.00000), (+0.38829,+0.30032)},
          { (+0.38829,-0.30032), (+0.59497,+0.00000)} } 

|M^2-M|  = 0.00000
is M PD? = 1

M_1^0 = { { (+0.59497,+0.00000), (-0.38829,-0.30032)},
          { (-0.38829,+0.30032), (+0.40503,+0.00000)} } 

|M^2-M|  = 0.00000
is M PD? = 1

M_0^1 = { { (+0.82561,+0.00000), (+0.34857,-0.14987)},
          { (+0.34857,+0.14987), (+0.17439,+0.00000)} } 

|M^2-M|  = 0.00000
is M PD? = 1

M_1^1 = { { (+0.17439,+0.00000), (-0.34857,+0.14987)},
          { (-0.34857,-0.14987), (+0.82561,+0.00000)} } 

|M^2-M|  = 0.00000
is M PD? = 1

M_0^2 = { { (+0.38360,+0.00000), (-0.06203,+0.48227)},
          { (-0.06203,-0.48227), (+0.61640,+0.00000)} } 

|M^2-M|  = 0.00000
is M PD? = 1

M_1^2 = { { (+0.61640,+0.00000), (+0.06203,-0.48227)},
          { (+0.06203,+0.48227), (+0.38360,+0.00000)} } 

|M^2-M|  = 0.00000
is M PD? = 1

M_0^3 = { { (+0.20907,+0.00000), (+0.38007,-0.14453)},
          { (+0.38007,+0.14453), (+0.79093,+0.00000)} } 

|M^2-M|  = 0.00000
is M PD? = 1

M_1^3 = { { (+0.79093,+0.00000), (-0.38007,+0.14453)},
          { (-0.38007,-0.14453), (+0.20907,+0.00000)} } 

|M^2-M|  = 0.00000
is M PD? = 1

M_0^4 = { { (+0.93347,+0.00000), (+0.07533,+0.23751)},
          { (+0.07533,-0.23751), (+0.06653,+0.00000)} } 

|M^2-M|  = 0.00000
is M PD? = 1

M_1^4 = { { (+0.06653,+0.00000), (-0.07533,-0.23751)},
          { (-0.07533,+0.23751), (+0.93347,+0.00000)} } 

|M^2-M|  = 0.00000
is M PD? = 1

----------------------------------
         Final Output 
----------------------------------
        |r(w)| = 0.00001 < 0.00001
         -f(x) = 27.64096 <= 28.28427
          g(x) = 0.00000
         -L(w) = 27.64091
         <X,Z> = 0.00000
           |y| = 3936.73567
      y^T*g(x) = -0.00005
     |delf(x)| = 2.52171
     |delL(w)| = 0.00001
     |delg(x)| = 0.00064
    |del2f(x)| = 33.03829
    |del2L(w)| = 6811099.71100
    |del2g(x)| = 61.96108
   total inner = 1022
    time taken = 2122 ms
