--------------------------------
          System Info           
--------------------------------
               d = 2
               n = 6
  size of vector = 18
  size of matrix = 48 x 48 ~ 0 MB 
         epsilon = 1e-05
       epsilon_0 = 0.9
     g(x) thresh = 1e-15
      initial mu = 1
             M_c = 1e+10
  extra diagonal = 1
       muScaling = 10
             rho = 0.5
              nu = 0.9
           gamma = 1
            beta = 0.3
     f(x) factor = 1
     g(x) factor = 1
           cores = 1

--------------------------------
     Finding Interior Point 
--------------------------------
g(x) = 2.3419e-31

--------------------------------
        Initial Matrices        
--------------------------------

M_0^0 = { { (+0.42852,+0.00000), (+0.21880,+0.44386)},
          { (+0.21880,-0.44386), (+0.57148,+0.00000)} } 

|M^2-M|  = 0.00000
tr(M^2-M)  = (0.00000,0.00000)
is M PD? = 0

M_1^0 = { { (+0.57148,+0.00000), (-0.21880,-0.44386)},
          { (-0.21880,+0.44386), (+0.42852,+0.00000)} } 

|M^2-M|  = 0.00000
tr(M^2-M)  = (0.00000,0.00000)
is M PD? = 0

M_0^1 = { { (+0.75339,+0.00000), (+0.17256,-0.39499)},
          { (+0.17256,+0.39499), (+0.24661,+0.00000)} } 

|M^2-M|  = 0.00000
tr(M^2-M)  = (-0.00000,0.00000)
is M PD? = 1

M_1^1 = { { (+0.24661,+0.00000), (-0.17256,+0.39499)},
          { (-0.17256,-0.39499), (+0.75339,+0.00000)} } 

|M^2-M|  = 0.00000
tr(M^2-M)  = (-0.00000,0.00000)
is M PD? = 1

M_0^2 = { { (+0.31935,+0.00000), (-0.12356,+0.44956)},
          { (-0.12356,-0.44956), (+0.68065,+0.00000)} } 

|M^2-M|  = 0.00000
tr(M^2-M)  = (0.00000,0.00000)
is M PD? = 0

M_1^2 = { { (+0.68065,+0.00000), (+0.12356,-0.44956)},
          { (+0.12356,+0.44956), (+0.31935,+0.00000)} } 

|M^2-M|  = 0.00000
tr(M^2-M)  = (0.00000,0.00000)
is M PD? = 0

M_0^3 = { { (+0.30563,+0.00000), (+0.39699,+0.23370)},
          { (+0.39699,-0.23370), (+0.69437,+0.00000)} } 

|M^2-M|  = 0.00000
tr(M^2-M)  = (0.00000,0.00000)
is M PD? = 0

M_1^3 = { { (+0.69437,+0.00000), (-0.39699,-0.23370)},
          { (-0.39699,+0.23370), (+0.30563,+0.00000)} } 

|M^2-M|  = 0.00000
tr(M^2-M)  = (0.00000,0.00000)
is M PD? = 0

M_0^4 = { { (+0.73563,+0.00000), (+0.14282,+0.41723)},
          { (+0.14282,-0.41723), (+0.26437,+0.00000)} } 

|M^2-M|  = 0.00000
tr(M^2-M)  = (-0.00000,0.00000)
is M PD? = 1

M_1^4 = { { (+0.26437,+0.00000), (-0.14282,-0.41723)},
          { (-0.14282,+0.41723), (+0.73563,+0.00000)} } 

|M^2-M|  = 0.00000
tr(M^2-M)  = (-0.00000,0.00000)
is M PD? = 1

M_0^5 = { { (+0.31065,+0.00000), (+0.43498,+0.15793)},
          { (+0.43498,-0.15793), (+0.68935,+0.00000)} } 

|M^2-M|  = 0.00000
tr(M^2-M)  = (0.00000,0.00000)
is M PD? = 0

M_1^5 = { { (+0.68935,+0.00000), (-0.43498,-0.15793)},
          { (-0.43498,+0.15793), (+0.31065,+0.00000)} } 

|M^2-M|  = 0.00000
tr(M^2-M)  = (0.00000,0.00000)
is M PD? = 0

|X^2-X|  = 0.00000
tr(X^2-X)  = -0.00000
isPD(X) = 0
isPSD(X) = 1

----------------------------------
         Iteration 0
----------------------------------
f = -39.53748   r = 34.44873 ?< 10000000000.00000   g = 0.00000

----------------------------------
         Iteration 1
----------------------------------
f = -39.53748   r = 36.22147 ?< 1000000000.00000   g = 0.00000

----------------------------------
         Iteration 2
----------------------------------
f = -39.53748   r = 36.45270 ?< 100000000.00000   g = 0.00000

----------------------------------
         Iteration 3
----------------------------------
f = -39.53748   r = 36.47633 ?< 10000000.00000   g = 0.00000

----------------------------------
         Iteration 4
----------------------------------
f = -39.53748   r = 36.47870 ?< 1000000.00000   g = 0.00000

----------------------------------
         Iteration 5
----------------------------------
f = -39.53748   r = 36.47894 ?< 100000.00000   g = 0.00000

----------------------------------
         Iteration 6
----------------------------------
f = -39.53748   r = 36.47896 ?< 10000.00000   g = 0.00000

----------------------------------
         Iteration 7
----------------------------------
f = -39.53748   r = 36.47896 ?< 1000.00000   g = 0.00000

----------------------------------
         Iteration 8
----------------------------------
f = -39.53748   r = 36.47896 ?< 100.00000   g = 0.00000

----------------------------------
         Iteration 9
----------------------------------
f = -39.53748   r = 36.47896 ?< 10.00000   g = 0.00000
f = -39.60564   r = 34.87161 ?< 10.00000   g = 0.00017
f = -39.64955   r = 32.47354 ?< 10.00000   g = 0.00040
f = -39.65833   r = 37.33856 ?< 10.00000   g = 0.00073
f = -39.04672   r = 40.20088 ?< 10.00000   g = 0.00210
f = -39.33544   r = 84.19947 ?< 10.00000   g = 0.00480
f = -39.73918   r = 30.36637 ?< 10.00000   g = 0.00600
f = -39.78418   r = 28.78962 ?< 10.00000   g = 0.00575
f = -39.84135   r = 27.36930 ?< 10.00000   g = 0.00555
f = -39.88929   r = 26.07487 ?< 10.00000   g = 0.00537
f = -39.91295   r = 25.26944 ?< 10.00000   g = 0.00519
f = -39.92888   r = 24.84947 ?< 10.00000   g = 0.00497
f = -39.94775   r = 23.93741 ?< 10.00000   g = 0.00477
f = -39.96654   r = 23.58554 ?< 10.00000   g = 0.00457
f = -39.98479   r = 23.02818 ?< 10.00000   g = 0.00437
f = -40.00166   r = 22.54255 ?< 10.00000   g = 0.00418
f = -40.01657   r = 22.17233 ?< 10.00000   g = 0.00400
f = -40.02989   r = 21.96753 ?< 10.00000   g = 0.00383
f = -40.04168   r = 21.86708 ?< 10.00000   g = 0.00366
f = -40.05197   r = 21.90799 ?< 10.00000   g = 0.00349
f = -40.06056   r = 22.12126 ?< 10.00000   g = 0.00333
f = -40.06707   r = 22.58676 ?< 10.00000   g = 0.00318
f = -40.07119   r = 23.60076 ?< 10.00000   g = 0.00304
f = -40.07262   r = 24.54407 ?< 10.00000   g = 0.00290
f = -40.07464   r = 26.12044 ?< 10.00000   g = 0.00280
f = -40.06921   r = 27.31527 ?< 10.00000   g = 0.00267
f = -40.06198   r = 31.13214 ?< 10.00000   g = 0.00254
f = -40.05698   r = 30.00347 ?< 10.00000   g = 0.00243
f = -40.05203   r = 28.62378 ?< 10.00000   g = 0.00231
f = -40.04820   r = 28.38464 ?< 10.00000   g = 0.00221
f = -40.06557   r = 56.22492 ?< 10.00000   g = 0.00269
f = -40.06083   r = 31.58457 ?< 10.00000   g = 0.00257
f = -40.06436   r = 28.25681 ?< 10.00000   g = 0.00247
f = -40.05941   r = 33.49918 ?< 10.00000   g = 0.00236
f = -40.05523   r = 38.63565 ?< 10.00000   g = 0.00225
f = -40.05029   r = 38.31795 ?< 10.00000   g = 0.00214
f = -40.04603   r = 37.75728 ?< 10.00000   g = 0.00204
f = -40.04173   r = 35.29627 ?< 10.00000   g = 0.00194
f = -40.03789   r = 33.65489 ?< 10.00000   g = 0.00185
f = -40.03374   r = 31.84574 ?< 10.00000   g = 0.00176
f = -40.03003   r = 32.92041 ?< 10.00000   g = 0.00168
f = -40.02586   r = 32.84642 ?< 10.00000   g = 0.00160
f = -40.02188   r = 34.83171 ?< 10.00000   g = 0.00152
f = -40.01756   r = 36.40388 ?< 10.00000   g = 0.00145
f = -40.01319   r = 39.32354 ?< 10.00000   g = 0.00138
f = -40.00842   r = 42.38390 ?< 10.00000   g = 0.00132
f = -40.00351   r = 46.86982 ?< 10.00000   g = 0.00125
f = -39.99798   r = 50.18028 ?< 10.00000   g = 0.00119
f = -39.99252   r = 51.40418 ?< 10.00000   g = 0.00114
f = -39.98635   r = 51.71335 ?< 10.00000   g = 0.00108
f = -39.97987   r = 55.32127 ?< 10.00000   g = 0.00103
f = -39.97319   r = 56.64311 ?< 10.00000   g = 0.00098
f = -39.96604   r = 54.97375 ?< 10.00000   g = 0.00094
f = -39.95875   r = 54.81690 ?< 10.00000   g = 0.00090
f = -39.95116   r = 59.93199 ?< 10.00000   g = 0.00085
f = -39.94325   r = 64.51863 ?< 10.00000   g = 0.00081
f = -39.93514   r = 68.58830 ?< 10.00000   g = 0.00078
f = -39.92659   r = 70.93291 ?< 10.00000   g = 0.00074
f = -39.91779   r = 78.00122 ?< 10.00000   g = 0.00071
f = -39.90835   r = 96.45213 ?< 10.00000   g = 0.00067
f = -39.89817   r = 112.71600 ?< 10.00000   g = 0.00064
f = -39.88736   r = 106.02210 ?< 10.00000   g = 0.00062
f = -39.87552   r = 143.54784 ?< 10.00000   g = 0.00059
f = -39.86251   r = 148.11322 ?< 10.00000   g = 0.00056
f = -39.84874   r = 146.47875 ?< 10.00000   g = 0.00054
f = -39.83434   r = 135.21851 ?< 10.00000   g = 0.00051
f = -39.81843   r = 223.22422 ?< 10.00000   g = 0.00049
f = -39.80099   r = 217.15763 ?< 10.00000   g = 0.00047
f = -39.78200   r = 326.47708 ?< 10.00000   g = 0.00045
f = -39.75787   r = 638.79801 ?< 10.00000   g = 0.00044
f = -39.72547   r = 1144.19663 ?< 10.00000   g = 0.00043
f = -39.72546   r = 67745.62065 ?< 10.00000   g = 0.00043
f = -39.70997   r = 69652.28081 ?< 10.00000   g = 0.00045
f = -39.71734   r = 2432.37616 ?< 10.00000   g = 0.00044
f = -39.71164   r = 2112.60914 ?< 10.00000   g = 0.00042
f = -39.70307   r = 1200.26135 ?< 10.00000   g = 0.00041
f = -39.69532   r = 886.36411 ?< 10.00000   g = 0.00039
f = -39.68685   r = 505.19677 ?< 10.00000   g = 0.00037
f = -39.67949   r = 482.68765 ?< 10.00000   g = 0.00036
f = -39.66959   r = 525.73622 ?< 10.00000   g = 0.00034
f = -39.65945   r = 797.90676 ?< 10.00000   g = 0.00033
f = -39.64640   r = 990.14509 ?< 10.00000   g = 0.00031
f = -39.63130   r = 892.44117 ?< 10.00000   g = 0.00030
f = -39.60140   r = 7930.79209 ?< 10.00000   g = 0.00031
f = -39.60453   r = 21546.77056 ?< 10.00000   g = 0.00030
f = -39.60201   r = 3018.18964 ?< 10.00000   g = 0.00030
f = -39.60264   r = 3019.26579 ?< 10.00000   g = 0.00030
f = -39.60215   r = 3015.71331 ?< 10.00000   g = 0.00030
f = -39.59012   r = 22811.86265 ?< 10.00000   g = 0.00029
f = -39.57685   r = 14503.37856 ?< 10.00000   g = 0.00028
f = -39.56900   r = 18175.47316 ?< 10.00000   g = 0.00027
f = -39.56371   r = 6231.82258 ?< 10.00000   g = 0.00026
f = -39.56189   r = 1697.17480 ?< 10.00000   g = 0.00025
f = -39.56078   r = 1128.34046 ?< 10.00000   g = 0.00023
f = -39.55904   r = 625.21505 ?< 10.00000   g = 0.00022
f = -39.55773   r = 368.51126 ?< 10.00000   g = 0.00021
f = -39.55661   r = 219.41833 ?< 10.00000   g = 0.00020
f = -39.55568   r = 136.06505 ?< 10.00000   g = 0.00019
f = -39.55492   r = 89.67348 ?< 10.00000   g = 0.00018
f = -39.55434   r = 63.55125 ?< 10.00000   g = 0.00017
f = -39.55394   r = 48.37096 ?< 10.00000   g = 0.00017
f = -39.55373   r = 39.01052 ?< 10.00000   g = 0.00016
f = -39.55372   r = 32.67959 ?< 10.00000   g = 0.00015
f = -39.55395   r = 27.84798 ?< 10.00000   g = 0.00014
f = -39.55445   r = 23.64174 ?< 10.00000   g = 0.00014
f = -39.55533   r = 19.51140 ?< 10.00000   g = 0.00013
f = -39.55693   r = 15.16119 ?< 10.00000   g = 0.00012
f = -39.55947   r = 12.68484 ?< 10.00000   g = 0.00012
f = -39.56296   r = 13.46002 ?< 10.00000   g = 0.00011
f = -39.56705   r = 21.51701 ?< 10.00000   g = 0.00011
f = -39.57138   r = 31.97816 ?< 10.00000   g = 0.00010
f = -39.57593   r = 39.62124 ?< 10.00000   g = 0.00010
f = -39.58077   r = 46.06367 ?< 10.00000   g = 0.00009
f = -39.58610   r = 54.09811 ?< 10.00000   g = 0.00009
f = -39.59226   r = 66.84278 ?< 10.00000   g = 0.00008
f = -39.60018   r = 92.69063 ?< 10.00000   g = 0.00008
f = -39.61452   r = 189.10911 ?< 10.00000   g = 0.00008
f = -39.60963   r = 225.50616 ?< 10.00000   g = 0.00008
f = -39.61749   r = 104.66855 ?< 10.00000   g = 0.00008
f = -39.63226   r = 252.21235 ?< 10.00000   g = 0.00008
f = -39.62906   r = 170.67307 ?< 10.00000   g = 0.00008
f = -39.64214   r = 201.45132 ?< 10.00000   g = 0.00007
f = -39.64163   r = 201.95439 ?< 10.00000   g = 0.00007
f = -39.64604   r = 118.74728 ?< 10.00000   g = 0.00007
f = -39.65175   r = 22.06330 ?< 10.00000   g = 0.00007
f = -39.65752   r = 56.35499 ?< 10.00000   g = 0.00006
f = -39.66331   r = 71.20112 ?< 10.00000   g = 0.00006
f = -39.66897   r = 75.86236 ?< 10.00000   g = 0.00006
f = -39.67454   r = 78.11377 ?< 10.00000   g = 0.00006
f = -39.68018   r = 81.00852 ?< 10.00000   g = 0.00005
f = -39.68611   r = 87.09358 ?< 10.00000   g = 0.00005
f = -39.69278   r = 100.89821 ?< 10.00000   g = 0.00005
f = -39.70161   r = 140.85001 ?< 10.00000   g = 0.00005
f = -39.73161   r = 697.75583 ?< 10.00000   g = 0.00006
f = -39.72923   r = 50.24502 ?< 10.00000   g = 0.00006
f = -39.73804   r = 995.12298 ?< 10.00000   g = 0.00006
f = -39.73475   r = 62.20681 ?< 10.00000   g = 0.00006
f = -39.73531   r = 14.01961 ?< 10.00000   g = 0.00006
f = -39.73599   r = 12.75211 ?< 10.00000   g = 0.00006
f = -39.73639   r = 28.13575 ?< 10.00000   g = 0.00006
f = -39.73580   r = 20.98035 ?< 10.00000   g = 0.00006
f = -39.73635   r = 20.95646 ?< 10.00000   g = 0.00006
f = -39.73844   r = 38.83178 ?< 10.00000   g = 0.00005
f = -39.73906   r = 38.68523 ?< 10.00000   g = 0.00005
f = -39.73974   r = 38.64025 ?< 10.00000   g = 0.00005
f = -39.74036   r = 38.49644 ?< 10.00000   g = 0.00005
f = -39.74096   r = 38.42822 ?< 10.00000   g = 0.00005
f = -39.74152   r = 38.32956 ?< 10.00000   g = 0.00005
f = -39.74207   r = 38.24933 ?< 10.00000   g = 0.00005
f = -39.74261   r = 38.16180 ?< 10.00000   g = 0.00005
f = -39.74315   r = 38.07905 ?< 10.00000   g = 0.00005
f = -39.74368   r = 37.99474 ?< 10.00000   g = 0.00005
f = -39.74420   r = 37.91174 ?< 10.00000   g = 0.00005
f = -39.74472   r = 37.82820 ?< 10.00000   g = 0.00005
f = -39.74524   r = 37.74463 ?< 10.00000   g = 0.00005
f = -39.74575   r = 37.66025 ?< 10.00000   g = 0.00005
f = -39.74626   r = 37.57494 ?< 10.00000   g = 0.00005
f = -39.74678   r = 37.48821 ?< 10.00000   g = 0.00005
f = -39.74730   r = 37.39974 ?< 10.00000   g = 0.00005
f = -39.74782   r = 37.30912 ?< 10.00000   g = 0.00005
f = -39.74835   r = 37.21595 ?< 10.00000   g = 0.00005
f = -39.74888   r = 37.11984 ?< 10.00000   g = 0.00005
f = -39.74942   r = 37.02037 ?< 10.00000   g = 0.00005
f = -39.74997   r = 36.91711 ?< 10.00000   g = 0.00005
f = -39.75053   r = 36.80966 ?< 10.00000   g = 0.00005
f = -39.75110   r = 36.69758 ?< 10.00000   g = 0.00005
f = -39.75168   r = 36.58045 ?< 10.00000   g = 0.00005
f = -39.75228   r = 36.45782 ?< 10.00000   g = 0.00005
f = -39.75289   r = 36.32928 ?< 10.00000   g = 0.00005
f = -39.75352   r = 36.19439 ?< 10.00000   g = 0.00004
f = -39.75417   r = 36.05273 ?< 10.00000   g = 0.00004
f = -39.75483   r = 35.90390 ?< 10.00000   g = 0.00004
f = -39.75551   r = 35.74749 ?< 10.00000   g = 0.00004
f = -39.75621   r = 35.58314 ?< 10.00000   g = 0.00004
f = -39.75693   r = 35.41049 ?< 10.00000   g = 0.00004
f = -39.75767   r = 35.22923 ?< 10.00000   g = 0.00004
f = -39.75844   r = 35.03907 ?< 10.00000   g = 0.00004
f = -39.75923   r = 34.83976 ?< 10.00000   g = 0.00004
f = -39.76004   r = 34.63113 ?< 10.00000   g = 0.00004
f = -39.76087   r = 34.41302 ?< 10.00000   g = 0.00004
f = -39.76174   r = 34.18537 ?< 10.00000   g = 0.00004
f = -39.76263   r = 33.94816 ?< 10.00000   g = 0.00004
f = -39.76354   r = 33.70148 ?< 10.00000   g = 0.00004
f = -39.76448   r = 33.44548 ?< 10.00000   g = 0.00004
f = -39.76545   r = 33.18040 ?< 10.00000   g = 0.00004
f = -39.76645   r = 32.90659 ?< 10.00000   g = 0.00004
f = -39.76748   r = 32.62452 ?< 10.00000   g = 0.00004
f = -39.76854   r = 32.33478 ?< 10.00000   g = 0.00004
f = -39.76963   r = 32.03812 ?< 10.00000   g = 0.00004
f = -39.77075   r = 31.73548 ?< 10.00000   g = 0.00004
f = -39.77190   r = 31.42803 ?< 10.00000   g = 0.00004
f = -39.77308   r = 31.11722 ?< 10.00000   g = 0.00003
f = -39.77429   r = 30.80488 ?< 10.00000   g = 0.00003
f = -39.77553   r = 30.49332 ?< 10.00000   g = 0.00003
f = -39.77679   r = 30.18538 ?< 10.00000   g = 0.00003
f = -39.77806   r = 29.88458 ?< 10.00000   g = 0.00003
f = -39.77935   r = 29.59503 ?< 10.00000   g = 0.00003
f = -39.78064   r = 29.32131 ?< 10.00000   g = 0.00003
f = -39.78191   r = 29.06809 ?< 10.00000   g = 0.00003
f = -39.78315   r = 28.83950 ?< 10.00000   g = 0.00003
f = -39.78436   r = 28.63846 ?< 10.00000   g = 0.00003
f = -39.78552   r = 28.46616 ?< 10.00000   g = 0.00003
f = -39.78663   r = 28.32203 ?< 10.00000   g = 0.00003
f = -39.78769   r = 28.20399 ?< 10.00000   g = 0.00003
f = -39.78870   r = 28.10905 ?< 10.00000   g = 0.00003
f = -39.78967   r = 28.03392 ?< 10.00000   g = 0.00003
f = -39.79062   r = 27.97536 ?< 10.00000   g = 0.00003
f = -39.79154   r = 27.93044 ?< 10.00000   g = 0.00003
f = -39.79244   r = 27.89666 ?< 10.00000   g = 0.00003
f = -39.79335   r = 27.87187 ?< 10.00000   g = 0.00003
f = -39.79425   r = 27.85432 ?< 10.00000   g = 0.00003
f = -39.79516   r = 27.84254 ?< 10.00000   g = 0.00003
f = -39.79608   r = 27.83529 ?< 10.00000   g = 0.00003
f = -39.79701   r = 27.83154 ?< 10.00000   g = 0.00003
f = -39.79797   r = 27.83045 ?< 10.00000   g = 0.00003
f = -39.79894   r = 27.83127 ?< 10.00000   g = 0.00003
f = -39.79995   r = 27.83338 ?< 10.00000   g = 0.00003
f = -39.80097   r = 27.83625 ?< 10.00000   g = 0.00003
f = -39.80203   r = 27.83945 ?< 10.00000   g = 0.00003
f = -39.80312   r = 27.84262 ?< 10.00000   g = 0.00003
f = -39.80423   r = 27.84545 ?< 10.00000   g = 0.00003
f = -39.80538   r = 27.84772 ?< 10.00000   g = 0.00003
f = -39.80656   r = 27.84926 ?< 10.00000   g = 0.00003
f = -39.80778   r = 27.84996 ?< 10.00000   g = 0.00003
f = -39.80903   r = 27.84977 ?< 10.00000   g = 0.00003
f = -39.81032   r = 27.84867 ?< 10.00000   g = 0.00003
f = -39.81165   r = 27.84670 ?< 10.00000   g = 0.00003
f = -39.81302   r = 27.84397 ?< 10.00000   g = 0.00003
f = -39.81444   r = 27.84058 ?< 10.00000   g = 0.00004
f = -39.81590   r = 27.83674 ?< 10.00000   g = 0.00004
f = -39.81742   r = 27.83265 ?< 10.00000   g = 0.00004
f = -39.81899   r = 27.82859 ?< 10.00000   g = 0.00004
f = -39.82062   r = 27.82489 ?< 10.00000   g = 0.00004
f = -39.82233   r = 27.82195 ?< 10.00000   g = 0.00004
f = -39.82411   r = 27.82025 ?< 10.00000   g = 0.00004
f = -39.82598   r = 27.82039 ?< 10.00000   g = 0.00004
f = -39.82796   r = 27.82310 ?< 10.00000   g = 0.00004
f = -39.83005   r = 27.82933 ?< 10.00000   g = 0.00004
f = -39.83005   r = 101.43706 ?< 10.00000   g = 0.00004
f = -39.83005   r = 101.43699 ?< 10.00000   g = 0.00004
f = -39.83005   r = 101.43683 ?< 10.00000   g = 0.00004
f = -39.83005   r = 101.43665 ?< 10.00000   g = 0.00004
f = -39.83005   r = 101.43648 ?< 10.00000   g = 0.00004
f = -39.83005   r = 101.43628 ?< 10.00000   g = 0.00004
f = -39.83005   r = 101.43606 ?< 10.00000   g = 0.00004
f = -39.83005   r = 101.43582 ?< 10.00000   g = 0.00004
f = -39.83005   r = 101.43556 ?< 10.00000   g = 0.00004
f = -39.83005   r = 101.43530 ?< 10.00000   g = 0.00004
f = -39.83005   r = 101.43502 ?< 10.00000   g = 0.00004
f = -39.83005   r = 101.43474 ?< 10.00000   g = 0.00004
f = -39.83005   r = 101.43445 ?< 10.00000   g = 0.00004
f = -39.83004   r = 100.09520 ?< 10.00000   g = 0.00004
f = -39.83008   r = 95.65066 ?< 10.00000   g = 0.00004
f = -39.83019   r = 91.39614 ?< 10.00000   g = 0.00004
f = -39.83040   r = 87.33093 ?< 10.00000   g = 0.00003
f = -39.83070   r = 83.44862 ?< 10.00000   g = 0.00003
f = -39.83108   r = 79.74260 ?< 10.00000   g = 0.00003
f = -39.83153   r = 76.20708 ?< 10.00000   g = 0.00003
f = -39.83206   r = 72.83713 ?< 10.00000   g = 0.00002
f = -39.83266   r = 69.62869 ?< 10.00000   g = 0.00002
f = -39.83331   r = 66.57862 ?< 10.00000   g = 0.00002
f = -39.83403   r = 63.68475 ?< 10.00000   g = 0.00002
f = -39.83480   r = 60.94589 ?< 10.00000   g = 0.00002
f = -39.83562   r = 58.36184 ?< 10.00000   g = 0.00001
f = -39.83649   r = 55.93339 ?< 10.00000   g = 0.00001
f = -39.83740   r = 53.66220 ?< 10.00000   g = 0.00001
f = -39.83835   r = 51.55063 ?< 10.00000   g = 0.00001
f = -39.83933   r = 49.60145 ?< 10.00000   g = 0.00001
f = -39.84034   r = 47.81747 ?< 10.00000   g = 0.00001
f = -39.84137   r = 46.20098 ?< 10.00000   g = 0.00001
f = -39.84241   r = 44.75325 ?< 10.00000   g = 0.00001
f = -39.84346   r = 43.47388 ?< 10.00000   g = 0.00001
f = -39.84450   r = 42.36041 ?< 10.00000   g = 0.00001
f = -39.84554   r = 41.40798 ?< 10.00000   g = 0.00001
f = -39.84657   r = 40.60929 ?< 10.00000   g = 0.00001
f = -39.84758   r = 39.95493 ?< 10.00000   g = 0.00001
f = -39.84857   r = 39.43375 ?< 10.00000   g = 0.00001
f = -39.84954   r = 39.03354 ?< 10.00000   g = 0.00001
f = -39.85048   r = 38.74160 ?< 10.00000   g = 0.00001
f = -39.85140   r = 38.54541 ?< 10.00000   g = 0.00001
f = -39.85230   r = 38.43300 ?< 10.00000   g = 0.00001
f = -39.85317   r = 38.39334 ?< 10.00000   g = 0.00001
f = -39.85402   r = 38.41650 ?< 10.00000   g = 0.00001
f = -39.85485   r = 38.49373 ?< 10.00000   g = 0.00001
f = -39.85567   r = 38.61744 ?< 10.00000   g = 0.00001
f = -39.85647   r = 38.78116 ?< 10.00000   g = 0.00001
f = -39.85727   r = 38.97940 ?< 10.00000   g = 0.00001
f = -39.85805   r = 39.20757 ?< 10.00000   g = 0.00001
f = -39.85883   r = 39.46183 ?< 10.00000   g = 0.00001
f = -39.85961   r = 39.73898 ?< 10.00000   g = 0.00001
f = -39.86038   r = 40.03635 ?< 10.00000   g = 0.00001
f = -39.86116   r = 40.35171 ?< 10.00000   g = 0.00001
f = -39.86194   r = 40.68309 ?< 10.00000   g = 0.00001
f = -39.86272   r = 41.02882 ?< 10.00000   g = 0.00001
f = -39.86351   r = 41.38740 ?< 10.00000   g = 0.00001
f = -39.86431   r = 41.75744 ?< 10.00000   g = 0.00001
f = -39.86512   r = 42.13762 ?< 10.00000   g = 0.00001
f = -39.86594   r = 42.52663 ?< 10.00000   g = 0.00001
f = -39.86678   r = 42.92311 ?< 10.00000   g = 0.00001
f = -39.86762   r = 43.32566 ?< 10.00000   g = 0.00001
f = -39.86848   r = 43.73281 ?< 10.00000   g = 0.00001
f = -39.86935   r = 44.14299 ?< 10.00000   g = 0.00001
f = -39.87023   r = 44.55453 ?< 10.00000   g = 0.00001
f = -39.87113   r = 44.96571 ?< 10.00000   g = 0.00001
f = -39.87204   r = 45.37469 ?< 10.00000   g = 0.00001
f = -39.87295   r = 45.77959 ?< 10.00000   g = 0.00001
f = -39.87388   r = 46.17850 ?< 10.00000   g = 0.00001
f = -39.87482   r = 46.56945 ?< 10.00000   g = 0.00001
f = -39.87576   r = 46.95050 ?< 10.00000   g = 0.00001
f = -39.87671   r = 47.31968 ?< 10.00000   g = 0.00001
f = -39.87767   r = 47.67507 ?< 10.00000   g = 0.00001
f = -39.87863   r = 48.01479 ?< 10.00000   g = 0.00001
f = -39.87959   r = 48.33700 ?< 10.00000   g = 0.00001
f = -39.88056   r = 48.63992 ?< 10.00000   g = 0.00001
f = -39.88152   r = 48.92186 ?< 10.00000   g = 0.00001
f = -39.88248   r = 49.18121 ?< 10.00000   g = 0.00001
f = -39.88344   r = 49.41644 ?< 10.00000   g = 0.00001
f = -39.88440   r = 49.62621 ?< 10.00000   g = 0.00001
f = -39.88534   r = 49.80935 ?< 10.00000   g = 0.00001
f = -39.88628   r = 49.96485 ?< 10.00000   g = 0.00001
f = -39.88721   r = 50.09194 ?< 10.00000   g = 0.00001
f = -39.88813   r = 50.19004 ?< 10.00000   g = 0.00001
f = -39.88904   r = 50.25883 ?< 10.00000   g = 0.00001
f = -39.88993   r = 50.29824 ?< 10.00000   g = 0.00001
f = -39.89081   r = 50.30844 ?< 10.00000   g = 0.00001
f = -39.89167   r = 50.28985 ?< 10.00000   g = 0.00001
f = -39.89251   r = 50.24313 ?< 10.00000   g = 0.00001
f = -39.89334   r = 50.16912 ?< 10.00000   g = 0.00001
f = -39.89415   r = 50.06887 ?< 10.00000   g = 0.00001
f = -39.89494   r = 49.94354 ?< 10.00000   g = 0.00001
f = -39.89572   r = 49.79441 ?< 10.00000   g = 0.00001
f = -39.89648   r = 49.62283 ?< 10.00000   g = 0.00001
f = -39.89723   r = 49.43018 ?< 10.00000   g = 0.00001
f = -39.89797   r = 49.21781 ?< 10.00000   g = 0.00001
f = -39.89869   r = 48.98708 ?< 10.00000   g = 0.00001
f = -39.89940   r = 48.73927 ?< 10.00000   g = 0.00001
f = -39.90011   r = 48.47559 ?< 10.00000   g = 0.00001
f = -39.90080   r = 48.19717 ?< 10.00000   g = 0.00001
f = -39.90150   r = 47.90505 ?< 10.00000   g = 0.00001
f = -39.90219   r = 47.60021 ?< 10.00000   g = 0.00001
f = -39.90289   r = 47.28345 ?< 10.00000   g = 0.00001
f = -39.90310   r = 47.18089 ?< 10.00000   g = 0.00001
f = -39.90332   r = 47.06424 ?< 10.00000   g = 0.00001
f = -39.90339   r = 47.02514 ?< 10.00000   g = 0.00001
f = -39.90346   r = 46.98157 ?< 10.00000   g = 0.00001
f = -39.90353   r = 46.93403 ?< 10.00000   g = 0.00001
f = -39.90353   r = 46.93362 ?< 10.00000   g = 0.00001
f = -39.90353   r = 46.93317 ?< 10.00000   g = 0.00001
f = -39.90353   r = 46.93303 ?< 10.00000   g = 0.00001
f = -39.90353   r = 46.93298 ?< 10.00000   g = 0.00001
f = -39.90353   r = 46.93294 ?< 10.00000   g = 0.00001
f = -39.90353   r = 46.93289 ?< 10.00000   g = 0.00001
f = -39.90445   r = 46.19226 ?< 10.00000   g = 0.00001
f = -39.90535   r = 45.49750 ?< 10.00000   g = 0.00001
f = -39.90629   r = 44.82425 ?< 10.00000   g = 0.00001
f = -39.90728   r = 44.17271 ?< 10.00000   g = 0.00001
f = -39.90830   r = 43.54175 ?< 10.00000   g = 0.00001
f = -39.90936   r = 42.93061 ?< 10.00000   g = 0.00001
f = -39.91046   r = 42.33943 ?< 10.00000   g = 0.00001
f = -39.91160   r = 41.76953 ?< 10.00000   g = 0.00000
f = -39.91277   r = 41.22421 ?< 10.00000   g = 0.00000
f = -39.91394   r = 40.70828 ?< 10.00000   g = 0.00000
f = -39.91509   r = 40.22680 ?< 10.00000   g = 0.00000
f = -39.91617   r = 39.78151 ?< 10.00000   g = 0.00000
f = -39.91717   r = 39.36864 ?< 10.00000   g = 0.00000
f = -39.91807   r = 38.97931 ?< 10.00000   g = 0.00000
f = -39.91887   r = 38.60349 ?< 10.00000   g = 0.00000
f = -39.91959   r = 38.23281 ?< 10.00000   g = 0.00000
f = -39.92024   r = 37.86214 ?< 10.00000   g = 0.00000
f = -39.92082   r = 37.48884 ?< 10.00000   g = 0.00000
f = -39.92135   r = 37.11247 ?< 10.00000   g = 0.00000
f = -39.92184   r = 36.73352 ?< 10.00000   g = 0.00000
f = -39.92229   r = 36.35340 ?< 10.00000   g = 0.00000
f = -39.92270   r = 35.97342 ?< 10.00000   g = 0.00000
f = -39.92310   r = 35.59527 ?< 10.00000   g = 0.00000
f = -39.92346   r = 35.22012 ?< 10.00000   g = 0.00000
f = -39.92381   r = 34.84936 ?< 10.00000   g = 0.00000
f = -39.92415   r = 34.48374 ?< 10.00000   g = 0.00000
f = -39.92447   r = 34.12432 ?< 10.00000   g = 0.00000
f = -39.92478   r = 33.77145 ?< 10.00000   g = 0.00000
f = -39.92508   r = 33.42596 ?< 10.00000   g = 0.00000
f = -39.92537   r = 33.08797 ?< 10.00000   g = 0.00000
f = -39.92566   r = 32.75828 ?< 10.00000   g = 0.00000
f = -39.92593   r = 32.43692 ?< 10.00000   g = 0.00000
f = -39.92620   r = 32.12483 ?< 10.00000   g = 0.00000
f = -39.92647   r = 31.82210 ?< 10.00000   g = 0.00000
f = -39.92673   r = 31.52991 ?< 10.00000   g = 0.00000
f = -39.92698   r = 31.24852 ?< 10.00000   g = 0.00000
f = -39.92722   r = 30.97937 ?< 10.00000   g = 0.00000
f = -39.92746   r = 30.72278 ?< 10.00000   g = 0.00000
f = -39.92769   r = 30.48033 ?< 10.00000   g = 0.00000
f = -39.92791   r = 30.25218 ?< 10.00000   g = 0.00000
f = -39.92811   r = 30.03976 ?< 10.00000   g = 0.00000
f = -39.92831   r = 29.84274 ?< 10.00000   g = 0.00000
f = -39.92851   r = 29.66213 ?< 10.00000   g = 0.00000
f = -39.92869   r = 29.49694 ?< 10.00000   g = 0.00000
f = -39.92886   r = 29.34778 ?< 10.00000   g = 0.00000
f = -39.92903   r = 29.21300 ?< 10.00000   g = 0.00000
f = -39.92919   r = 29.09308 ?< 10.00000   g = 0.00000
f = -39.92934   r = 28.98587 ?< 10.00000   g = 0.00000
f = -39.92949   r = 28.89212 ?< 10.00000   g = 0.00000
f = -39.92964   r = 28.80922 ?< 10.00000   g = 0.00000
f = -39.92979   r = 28.73864 ?< 10.00000   g = 0.00000
f = -39.92994   r = 28.67709 ?< 10.00000   g = 0.00000
f = -39.93008   r = 28.62736 ?< 10.00000   g = 0.00000
f = -39.93023   r = 28.58481 ?< 10.00000   g = 0.00000
f = -39.93038   r = 28.55464 ?< 10.00000   g = 0.00000
f = -39.93054   r = 28.52925 ?< 10.00000   g = 0.00000
f = -39.93069   r = 28.51862 ?< 10.00000   g = 0.00000
f = -39.93086   r = 28.50859 ?< 10.00000   g = 0.00000
f = -39.93103   r = 28.51934 ?< 10.00000   g = 0.00000
f = -39.93120   r = 28.52163 ?< 10.00000   g = 0.00000
f = -39.93139   r = 28.55911 ?< 10.00000   g = 0.00000
f = -39.93157   r = 28.56682 ?< 10.00000   g = 0.00000
f = -39.93178   r = 28.64310 ?< 10.00000   g = 0.00000
f = -39.93198   r = 28.64528 ?< 10.00000   g = 0.00000
f = -39.93221   r = 28.77061 ?< 10.00000   g = 0.00000
f = -39.93243   r = 28.78124 ?< 10.00000   g = 0.00000
f = -39.93268   r = 28.91753 ?< 10.00000   g = 0.00000
f = -39.93291   r = 28.97059 ?< 10.00000   g = 0.00000
f = -39.93315   r = 29.09559 ?< 10.00000   g = 0.00000
f = -39.93339   r = 29.18457 ?< 10.00000   g = 0.00000
f = -39.93365   r = 29.31177 ?< 10.00000   g = 0.00000
f = -39.93391   r = 29.42585 ?< 10.00000   g = 0.00000
f = -39.93417   r = 29.56218 ?< 10.00000   g = 0.00000
f = -39.93444   r = 29.69452 ?< 10.00000   g = 0.00000
f = -39.93471   r = 29.84086 ?< 10.00000   g = 0.00000
f = -39.93498   r = 29.98647 ?< 10.00000   g = 0.00000
f = -39.93525   r = 30.14118 ?< 10.00000   g = 0.00000
f = -39.93552   r = 30.29597 ?< 10.00000   g = 0.00000
f = -39.93579   r = 30.45661 ?< 10.00000   g = 0.00000
f = -39.93606   r = 30.61720 ?< 10.00000   g = 0.00000
f = -39.93632   r = 30.78142 ?< 10.00000   g = 0.00000
f = -39.93658   r = 30.94525 ?< 10.00000   g = 0.00000
f = -39.93684   r = 31.11126 ?< 10.00000   g = 0.00000
f = -39.93710   r = 31.27663 ?< 10.00000   g = 0.00000
f = -39.93735   r = 31.44333 ?< 10.00000   g = 0.00000
f = -39.93760   r = 31.60932 ?< 10.00000   g = 0.00000
f = -39.93784   r = 31.77626 ?< 10.00000   g = 0.00000
f = -39.93809   r = 31.94267 ?< 10.00000   g = 0.00000
f = -39.93833   r = 32.11001 ?< 10.00000   g = 0.00000
f = -39.93858   r = 32.27721 ?< 10.00000   g = 0.00000
f = -39.93882   r = 32.44566 ?< 10.00000   g = 0.00000
f = -39.93906   r = 32.61457 ?< 10.00000   g = 0.00000
f = -39.93930   r = 32.78531 ?< 10.00000   g = 0.00000
f = -39.93955   r = 32.95731 ?< 10.00000   g = 0.00000
f = -39.93980   r = 33.13196 ?< 10.00000   g = 0.00000
f = -39.94005   r = 33.30886 ?< 10.00000   g = 0.00000
f = -39.94031   r = 33.48951 ?< 10.00000   g = 0.00000
f = -39.94058   r = 33.67363 ?< 10.00000   g = 0.00000
f = -39.94086   r = 33.86288 ?< 10.00000   g = 0.00000
f = -39.94115   r = 34.05711 ?< 10.00000   g = 0.00000
f = -39.94145   r = 34.25825 ?< 10.00000   g = 0.00000
f = -39.94176   r = 34.46626 ?< 10.00000   g = 0.00000
f = -39.94210   r = 34.68353 ?< 10.00000   g = 0.00000
f = -39.94246   r = 34.91014 ?< 10.00000   g = 0.00000
f = -39.94284   r = 35.14942 ?< 10.00000   g = 0.00000
f = -39.94327   r = 35.40160 ?< 10.00000   g = 0.00000
f = -39.94375   r = 35.67218 ?< 10.00000   g = 0.00000
f = -39.94431   r = 35.96199 ?< 10.00000   g = 0.00000
f = -39.94502   r = 36.28745 ?< 10.00000   g = 0.00000
f = -39.94563   r = 36.33005 ?< 10.00000   g = 0.00000
f = -39.94597   r = 35.77954 ?< 10.00000   g = 0.00000
f = -39.94616   r = 34.41785 ?< 10.00000   g = 0.00000
f = -39.94613   r = 33.20555 ?< 10.00000   g = 0.00000
f = -39.94594   r = 32.31575 ?< 10.00000   g = 0.00000
f = -39.94616   r = 32.75255 ?< 10.00000   g = 0.00000
f = -39.94650   r = 32.69283 ?< 10.00000   g = 0.00000
f = -39.94748   r = 34.35395 ?< 10.00000   g = 0.00000
f = -39.94791   r = 34.35542 ?< 10.00000   g = 0.00000
f = -39.94800   r = 34.22055 ?< 10.00000   g = 0.00000
f = -39.94774   r = 33.36812 ?< 10.00000   g = 0.00000
f = -39.94721   r = 32.22997 ?< 10.00000   g = 0.00000
f = -39.94656   r = 31.04362 ?< 10.00000   g = 0.00000
f = -39.94625   r = 30.52151 ?< 10.00000   g = 0.00000
f = -39.94611   r = 30.27845 ?< 10.00000   g = 0.00000
f = -39.94608   r = 30.17717 ?< 10.00000   g = 0.00000
f = -39.94611   r = 30.05495 ?< 10.00000   g = 0.00000
f = -39.94617   r = 29.92502 ?< 10.00000   g = 0.00000
f = -39.94629   r = 29.87422 ?< 10.00000   g = 0.00000
f = -39.94653   r = 29.99820 ?< 10.00000   g = 0.00000
f = -39.94690   r = 30.41045 ?< 10.00000   g = 0.00000
f = -39.94719   r = 30.86681 ?< 10.00000   g = 0.00000
f = -39.94728   r = 31.06544 ?< 10.00000   g = 0.00000
f = -39.94732   r = 31.17109 ?< 10.00000   g = 0.00000
f = -39.94735   r = 31.24463 ?< 10.00000   g = 0.00000
f = -39.94735   r = 31.24859 ?< 10.00000   g = 0.00000
f = -39.94728   r = 31.05334 ?< 10.00000   g = 0.00000
f = -39.94717   r = 30.72800 ?< 10.00000   g = 0.00000
f = -39.94712   r = 30.54274 ?< 10.00000   g = 0.00000
f = -39.94712   r = 30.51051 ?< 10.00000   g = 0.00000
f = -39.94711   r = 30.48692 ?< 10.00000   g = 0.00000
f = -39.94711   r = 30.45625 ?< 10.00000   g = 0.00000
f = -39.94710   r = 30.43296 ?< 10.00000   g = 0.00000
f = -39.94710   r = 30.43951 ?< 10.00000   g = 0.00000
f = -39.94710   r = 30.43434 ?< 10.00000   g = 0.00000
f = -39.94710   r = 30.43581 ?< 10.00000   g = 0.00000
f = -39.94710   r = 30.43121 ?< 10.00000   g = 0.00000
f = -39.94710   r = 30.42794 ?< 10.00000   g = 0.00000
f = -39.94710   r = 30.42008 ?< 10.00000   g = 0.00000
f = -39.94710   r = 30.40897 ?< 10.00000   g = 0.00000
f = -39.94711   r = 30.39053 ?< 10.00000   g = 0.00000
f = -39.94712   r = 30.36215 ?< 10.00000   g = 0.00000
f = -39.94715   r = 30.31888 ?< 10.00000   g = 0.00000
f = -39.94723   r = 30.25585 ?< 10.00000   g = 0.00000
f = -39.94742   r = 30.17112 ?< 10.00000   g = 0.00000
f = -39.94787   r = 30.07131 ?< 10.00000   g = 0.00000
f = -39.94883   r = 29.98198 ?< 10.00000   g = 0.00000
f = -39.95042   r = 29.91470 ?< 10.00000   g = 0.00000
f = -39.95174   r = 29.41574 ?< 10.00000   g = 0.00000
f = -39.95220   r = 29.00991 ?< 10.00000   g = 0.00000
f = -39.95246   r = 28.29966 ?< 10.00000   g = 0.00000
f = -39.95324   r = 28.44681 ?< 10.00000   g = 0.00000
f = -39.95402   r = 30.35611 ?< 10.00000   g = 0.00000
f = -39.95428   r = 30.53263 ?< 10.00000   g = 0.00000
f = -39.95429   r = 30.50927 ?< 10.00000   g = 0.00000
f = -39.95420   r = 30.24754 ?< 10.00000   g = 0.00000
f = -39.95415   r = 29.69665 ?< 10.00000   g = 0.00000
f = -39.95442   r = 28.92539 ?< 10.00000   g = 0.00000
f = -39.95587   r = 27.99865 ?< 10.00000   g = 0.00000
f = -39.96041   r = 27.32285 ?< 10.00000   g = 0.00000
f = -39.97091   r = 27.78785 ?< 10.00000   g = 0.00000
f = -39.98679   r = 31.74743 ?< 10.00000   g = 0.00000
f = -39.99667   r = 43.08458 ?< 10.00000   g = 0.00000
f = -40.00816   r = 34.00155 ?< 10.00000   g = 0.00000
f = -40.02328   r = 39.11239 ?< 10.00000   g = 0.00000
f = -40.05713   r = 57.15674 ?< 10.00000   g = 0.00001
f = -40.07500   r = 55.04187 ?< 10.00000   g = 0.00001
f = -40.07374   r = 50.68175 ?< 10.00000   g = 0.00001
f = -40.06670   r = 34.74875 ?< 10.00000   g = 0.00000
f = -40.08007   r = 47.37662 ?< 10.00000   g = 0.00001
f = -40.08095   r = 46.17827 ?< 10.00000   g = 0.00001
f = -40.08125   r = 40.79416 ?< 10.00000   g = 0.00000
f = -40.08539   r = 44.53822 ?< 10.00000   g = 0.00001
f = -40.08772   r = 44.77972 ?< 10.00000   g = 0.00001
f = -40.08959   r = 44.15676 ?< 10.00000   g = 0.00001
f = -40.09319   r = 47.38761 ?< 10.00000   g = 0.00001
f = -40.09469   r = 48.07804 ?< 10.00000   g = 0.00001
f = -40.10076   r = 52.34667 ?< 10.00000   g = 0.00001
f = -40.10276   r = 53.22185 ?< 10.00000   g = 0.00001
f = -40.11000   r = 55.94716 ?< 10.00000   g = 0.00001
f = -40.11990   r = 60.02275 ?< 10.00000   g = 0.00001
f = -40.14373   r = 67.73741 ?< 10.00000   g = 0.00002
f = -40.19846   r = 92.05602 ?< 10.00000   g = 0.00003
f = -40.25437   r = 83.45847 ?< 10.00000   g = 0.00003
f = -40.38951   r = 97.71777 ?< 10.00000   g = 0.00004
f = -40.57299   r = 50.87771 ?< 10.00000   g = 0.00031
f = -40.64086   r = 33.11828 ?< 10.00000   g = 0.00016
f = -40.68303   r = 28.39504 ?< 10.00000   g = 0.00009
f = -40.82480   r = 24.86798 ?< 10.00000   g = 0.00018
f = -40.85263   r = 24.39076 ?< 10.00000   g = 0.00006
f = -40.96024   r = 30.55023 ?< 10.00000   g = 0.00012
f = -41.02239   r = 15.78394 ?< 10.00000   g = 0.00019
f = -41.02439   r = 14.19260 ?< 10.00000   g = 0.00008
f = -41.04978   r = 23.29929 ?< 10.00000   g = 0.00018
f = -41.07680   r = 18.73905 ?< 10.00000   g = 0.00015
f = -41.08670   r = 12.65903 ?< 10.00000   g = 0.00007
f = -41.10264   r = 13.89971 ?< 10.00000   g = 0.00004
f = -41.12765   r = 11.11632 ?< 10.00000   g = 0.00004
f = -41.14855   r = 10.50304 ?< 10.00000   g = 0.00003
f = -41.16329   r = 18.53367 ?< 10.00000   g = 0.00017
f = -41.17036   r = 7.73175 ?< 10.00000   g = 0.00007

----------------------------------
         Iteration 10
----------------------------------
f = -41.17036   r = 7.73175 ?< 1.00000   g = 0.00007
f = -41.17063   r = 8.26273 ?< 1.00000   g = 0.00007
f = -41.17108   r = 8.35109 ?< 1.00000   g = 0.00006
f = -41.17158   r = 8.26032 ?< 1.00000   g = 0.00006
f = -41.17214   r = 8.19587 ?< 1.00000   g = 0.00006
f = -41.17274   r = 8.10884 ?< 1.00000   g = 0.00005
f = -41.17340   r = 8.02741 ?< 1.00000   g = 0.00005
f = -41.17410   r = 7.95222 ?< 1.00000   g = 0.00005
f = -41.17484   r = 7.88941 ?< 1.00000   g = 0.00005
f = -41.17563   r = 7.83646 ?< 1.00000   g = 0.00004
f = -41.17645   r = 7.78969 ?< 1.00000   g = 0.00004
f = -41.17732   r = 7.74404 ?< 1.00000   g = 0.00004
f = -41.17824   r = 7.69568 ?< 1.00000   g = 0.00004
f = -41.17921   r = 7.64217 ?< 1.00000   g = 0.00003
f = -41.18024   r = 7.58274 ?< 1.00000   g = 0.00003
f = -41.18134   r = 7.51775 ?< 1.00000   g = 0.00003
f = -41.18252   r = 7.44840 ?< 1.00000   g = 0.00003
f = -41.18378   r = 7.37614 ?< 1.00000   g = 0.00003
f = -41.18515   r = 7.30269 ?< 1.00000   g = 0.00003
f = -41.18664   r = 7.22911 ?< 1.00000   g = 0.00002
f = -41.18825   r = 7.15508 ?< 1.00000   g = 0.00002
f = -41.19002   r = 7.07827 ?< 1.00000   g = 0.00002
f = -41.19195   r = 6.99307 ?< 1.00000   g = 0.00002
f = -41.19405   r = 6.88670 ?< 1.00000   g = 0.00002
f = -41.19634   r = 6.73662 ?< 1.00000   g = 0.00002
f = -41.19876   r = 6.50844 ?< 1.00000   g = 0.00002
f = -41.20123   r = 6.18364 ?< 1.00000   g = 0.00001
f = -41.20361   r = 5.80653 ?< 1.00000   g = 0.00001
f = -41.20577   r = 5.51023 ?< 1.00000   g = 0.00001
f = -41.20773   r = 5.35241 ?< 1.00000   g = 0.00001
f = -41.20955   r = 5.29586 ?< 1.00000   g = 0.00001
f = -41.21130   r = 5.24055 ?< 1.00000   g = 0.00001
f = -41.21300   r = 5.18903 ?< 1.00000   g = 0.00001
f = -41.21471   r = 5.06161 ?< 1.00000   g = 0.00001
f = -41.21645   r = 5.03369 ?< 1.00000   g = 0.00001
f = -41.21836   r = 4.59470 ?< 1.00000   g = 0.00001
f = -41.22052   r = 4.65922 ?< 1.00000   g = 0.00001
f = -41.22281   r = 4.20148 ?< 1.00000   g = 0.00000
f = -41.22466   r = 4.32012 ?< 1.00000   g = 0.00000
f = -41.22709   r = 4.11784 ?< 1.00000   g = 0.00000
f = -41.22975   r = 3.71898 ?< 1.00000   g = 0.00000
f = -41.23265   r = 3.33330 ?< 1.00000   g = 0.00000
f = -41.23526   r = 2.65805 ?< 1.00000   g = 0.00000
f = -41.23878   r = 1.83666 ?< 1.00000   g = 0.00000
f = -41.24099   r = 1.88280 ?< 1.00000   g = 0.00000
f = -41.24319   r = 1.19160 ?< 1.00000   g = 0.00000
f = -41.24375   r = 2.36926 ?< 1.00000   g = 0.00000
f = -41.24497   r = 1.92122 ?< 1.00000   g = 0.00000
f = -41.24519   r = 4.98186 ?< 1.00000   g = 0.00000
f = -41.24850   r = 3.38353 ?< 1.00000   g = 0.00001
f = -41.24887   r = 4.16678 ?< 1.00000   g = 0.00000
f = -41.25210   r = 2.63304 ?< 1.00000   g = 0.00000
f = -41.24208   r = 55.30513 ?< 1.00000   g = 0.00030
f = -41.25138   r = 10.17363 ?< 1.00000   g = 0.00009
f = -41.25734   r = 5.84083 ?< 1.00000   g = 0.00003
f = -41.26400   r = 4.04436 ?< 1.00000   g = 0.00003
f = -41.26176   r = 4.64652 ?< 1.00000   g = 0.00001
f = -41.26724   r = 9.32695 ?< 1.00000   g = 0.00006
f = -41.26407   r = 2.07911 ?< 1.00000   g = 0.00001
f = -41.26344   r = 3.11925 ?< 1.00000   g = 0.00001
f = -41.26276   r = 2.45173 ?< 1.00000   g = 0.00000
f = -41.26369   r = 1.74683 ?< 1.00000   g = 0.00000
f = -41.26757   r = 2.15708 ?< 1.00000   g = 0.00001
f = -41.26796   r = 9.13817 ?< 1.00000   g = 0.00001
f = -41.27195   r = 4.00712 ?< 1.00000   g = 0.00001
f = -41.27589   r = 1.55263 ?< 1.00000   g = 0.00001
f = -41.27635   r = 9.81628 ?< 1.00000   g = 0.00001
f = -41.27940   r = 3.16636 ?< 1.00000   g = 0.00001
f = -41.27993   r = 1.11843 ?< 1.00000   g = 0.00000
f = -41.28006   r = 3.19526 ?< 1.00000   g = 0.00000
f = -41.28144   r = 5.57056 ?< 1.00000   g = 0.00000
f = -41.28370   r = 3.27243 ?< 1.00000   g = 0.00000
f = -41.28422   r = 3.39868 ?< 1.00000   g = 0.00000
f = -41.28367   r = 3.01359 ?< 1.00000   g = 0.00000
f = -41.28449   r = 1.47102 ?< 1.00000   g = 0.00000
f = -41.28524   r = 1.13066 ?< 1.00000   g = 0.00000
f = -41.28499   r = 2.66736 ?< 1.00000   g = 0.00000
f = -41.28603   r = 1.99514 ?< 1.00000   g = 0.00000
f = -41.28582   r = 0.53815 ?< 1.00000   g = 0.00000

----------------------------------
         Iteration 11
----------------------------------
f = -41.28582   r = 0.53815 ?< 0.10000   g = 0.00000
f = -41.28582   r = 0.53009 ?< 0.10000   g = 0.00000
f = -41.28583   r = 0.52169 ?< 0.10000   g = 0.00000
f = -41.28587   r = 0.51984 ?< 0.10000   g = 0.00000
f = -41.28593   r = 0.52856 ?< 0.10000   g = 0.00000
f = -41.28599   r = 0.54443 ?< 0.10000   g = 0.00000
f = -41.28606   r = 0.56431 ?< 0.10000   g = 0.00000
f = -41.28612   r = 0.58558 ?< 0.10000   g = 0.00000
f = -41.28618   r = 0.60665 ?< 0.10000   g = 0.00000
f = -41.28625   r = 0.62656 ?< 0.10000   g = 0.00000
f = -41.28631   r = 0.64487 ?< 0.10000   g = 0.00000
f = -41.28637   r = 0.66141 ?< 0.10000   g = 0.00000
f = -41.28643   r = 0.67619 ?< 0.10000   g = 0.00000
f = -41.28649   r = 0.68928 ?< 0.10000   g = 0.00000
f = -41.28654   r = 0.70082 ?< 0.10000   g = 0.00000
f = -41.28660   r = 0.71094 ?< 0.10000   g = 0.00000
f = -41.28666   r = 0.71978 ?< 0.10000   g = 0.00000
f = -41.28671   r = 0.72745 ?< 0.10000   g = 0.00000
f = -41.28676   r = 0.73406 ?< 0.10000   g = 0.00000
f = -41.28682   r = 0.73968 ?< 0.10000   g = 0.00000
f = -41.28687   r = 0.74440 ?< 0.10000   g = 0.00000
f = -41.28692   r = 0.74826 ?< 0.10000   g = 0.00000
f = -41.28697   r = 0.75132 ?< 0.10000   g = 0.00000
f = -41.28702   r = 0.75360 ?< 0.10000   g = 0.00000
f = -41.28708   r = 0.75513 ?< 0.10000   g = 0.00000
f = -41.28713   r = 0.75591 ?< 0.10000   g = 0.00000
f = -41.28718   r = 0.75599 ?< 0.10000   g = 0.00000
f = -41.28723   r = 0.75531 ?< 0.10000   g = 0.00000
f = -41.28729   r = 0.75403 ?< 0.10000   g = 0.00000
f = -41.28734   r = 0.75173 ?< 0.10000   g = 0.00000
f = -41.28740   r = 0.74963 ?< 0.10000   g = 0.00000
f = -41.28745   r = 0.74411 ?< 0.10000   g = 0.00000
f = -41.28750   r = 0.74715 ?< 0.10000   g = 0.00000
f = -41.28759   r = 0.72146 ?< 0.10000   g = 0.00000
f = -41.28759   r = 0.78210 ?< 0.10000   g = 0.00000
f = -41.28767   r = 0.75070 ?< 0.10000   g = 0.00000
f = -41.28772   r = 0.75134 ?< 0.10000   g = 0.00000
f = -41.28778   r = 0.73944 ?< 0.10000   g = 0.00000
f = -41.28783   r = 0.73167 ?< 0.10000   g = 0.00000
f = -41.28790   r = 0.72097 ?< 0.10000   g = 0.00000
f = -41.28796   r = 0.71286 ?< 0.10000   g = 0.00000
f = -41.28803   r = 0.70538 ?< 0.10000   g = 0.00000
f = -41.28810   r = 0.70236 ?< 0.10000   g = 0.00000
f = -41.28818   r = 0.70486 ?< 0.10000   g = 0.00000
f = -41.28824   r = 0.71567 ?< 0.10000   g = 0.00000
f = -41.28839   r = 0.77856 ?< 0.10000   g = 0.00000
f = -41.28822   r = 0.83567 ?< 0.10000   g = 0.00000
f = -41.28859   r = 0.89578 ?< 0.10000   g = 0.00000
f = -41.28866   r = 0.86310 ?< 0.10000   g = 0.00000
f = -41.28874   r = 0.71812 ?< 0.10000   g = 0.00000
f = -41.28874   r = 0.71191 ?< 0.10000   g = 0.00000
f = -41.28887   r = 0.57218 ?< 0.10000   g = 0.00000
f = -41.28931   r = 0.87623 ?< 0.10000   g = 0.00000
f = -41.28997   r = 0.81481 ?< 0.10000   g = 0.00000
f = -41.29003   r = 3.90295 ?< 0.10000   g = 0.00000
f = -41.29266   r = 5.08757 ?< 0.10000   g = 0.00001
f = -41.29291   r = 1.99081 ?< 0.10000   g = 0.00000
f = -41.29161   r = 2.20497 ?< 0.10000   g = 0.00000
f = -41.29252   r = 0.65829 ?< 0.10000   g = 0.00000
f = -41.29264   r = 0.54592 ?< 0.10000   g = 0.00000
f = -41.29254   r = 0.66224 ?< 0.10000   g = 0.00000
f = -41.29278   r = 0.45230 ?< 0.10000   g = 0.00000
f = -41.29282   r = 0.36380 ?< 0.10000   g = 0.00000
f = -41.29286   r = 0.42414 ?< 0.10000   g = 0.00000
f = -41.29289   r = 0.49939 ?< 0.10000   g = 0.00000
f = -41.29295   r = 0.65251 ?< 0.10000   g = 0.00000
f = -41.29302   r = 0.81558 ?< 0.10000   g = 0.00000
f = -41.29312   r = 0.88496 ?< 0.10000   g = 0.00000
f = -41.29322   r = 0.72279 ?< 0.10000   g = 0.00000
f = -41.29321   r = 0.48003 ?< 0.10000   g = 0.00000
f = -41.29321   r = 0.36695 ?< 0.10000   g = 0.00000
f = -41.29319   r = 0.32514 ?< 0.10000   g = 0.00000
f = -41.29320   r = 0.30054 ?< 0.10000   g = 0.00000
f = -41.29315   r = 0.28997 ?< 0.10000   g = 0.00000
f = -41.29315   r = 0.31383 ?< 0.10000   g = 0.00000
f = -41.29309   r = 0.29983 ?< 0.10000   g = 0.00000
f = -41.29317   r = 0.22414 ?< 0.10000   g = 0.00000
f = -41.29322   r = 0.23112 ?< 0.10000   g = 0.00000
f = -41.29324   r = 0.20123 ?< 0.10000   g = 0.00000
f = -41.29324   r = 0.18775 ?< 0.10000   g = 0.00000
f = -41.29325   r = 0.17292 ?< 0.10000   g = 0.00000
f = -41.29326   r = 0.16424 ?< 0.10000   g = 0.00000
f = -41.29326   r = 0.17936 ?< 0.10000   g = 0.00000
f = -41.29326   r = 0.21391 ?< 0.10000   g = 0.00000
f = -41.29326   r = 0.26512 ?< 0.10000   g = 0.00000
f = -41.29326   r = 0.30545 ?< 0.10000   g = 0.00000
f = -41.29326   r = 0.34481 ?< 0.10000   g = 0.00000
f = -41.29325   r = 0.35440 ?< 0.10000   g = 0.00000
f = -41.29327   r = 0.30412 ?< 0.10000   g = 0.00000
f = -41.29326   r = 0.23379 ?< 0.10000   g = 0.00000
f = -41.29330   r = 0.22424 ?< 0.10000   g = 0.00000
f = -41.29328   r = 0.19742 ?< 0.10000   g = 0.00000
f = -41.29329   r = 0.21359 ?< 0.10000   g = 0.00000
f = -41.29329   r = 0.22634 ?< 0.10000   g = 0.00000
f = -41.29330   r = 0.23964 ?< 0.10000   g = 0.00000
f = -41.29331   r = 0.25080 ?< 0.10000   g = 0.00000
f = -41.29331   r = 0.26105 ?< 0.10000   g = 0.00000
f = -41.29332   r = 0.26738 ?< 0.10000   g = 0.00000
f = -41.29333   r = 0.26720 ?< 0.10000   g = 0.00000
f = -41.29333   r = 0.25784 ?< 0.10000   g = 0.00000
f = -41.29335   r = 0.26052 ?< 0.10000   g = 0.00000
f = -41.29335   r = 0.25771 ?< 0.10000   g = 0.00000
f = -41.29326   r = 0.28819 ?< 0.10000   g = 0.00000
f = -41.29334   r = 0.18714 ?< 0.10000   g = 0.00000
f = -41.29333   r = 0.16576 ?< 0.10000   g = 0.00000
f = -41.29331   r = 0.14202 ?< 0.10000   g = 0.00000
f = -41.29331   r = 0.12609 ?< 0.10000   g = 0.00000
f = -41.29332   r = 0.12596 ?< 0.10000   g = 0.00000
f = -41.29332   r = 0.12214 ?< 0.10000   g = 0.00000
f = -41.29332   r = 0.12108 ?< 0.10000   g = 0.00000
f = -41.29332   r = 0.12204 ?< 0.10000   g = 0.00000
f = -41.29332   r = 0.12766 ?< 0.10000   g = 0.00000
f = -41.29333   r = 0.14214 ?< 0.10000   g = 0.00000
f = -41.29334   r = 0.16956 ?< 0.10000   g = 0.00000
f = -41.29336   r = 0.21223 ?< 0.10000   g = 0.00000
f = -41.29339   r = 0.26067 ?< 0.10000   g = 0.00000
f = -41.29343   r = 0.31416 ?< 0.10000   g = 0.00000
f = -41.29347   r = 0.33576 ?< 0.10000   g = 0.00000
f = -41.29177   r = 3.11987 ?< 0.10000   g = 0.00000
f = -41.29303   r = 0.97604 ?< 0.10000   g = 0.00000
f = -41.29332   r = 1.19331 ?< 0.10000   g = 0.00000
f = -41.29191   r = 2.27072 ?< 0.10000   g = 0.00000
f = -41.29284   r = 1.08197 ?< 0.10000   g = 0.00000
f = -41.29332   r = 0.87322 ?< 0.10000   g = 0.00000
f = -41.29314   r = 0.39698 ?< 0.10000   g = 0.00000
f = -41.29303   r = 0.43205 ?< 0.10000   g = 0.00000
f = -41.29301   r = 0.56857 ?< 0.10000   g = 0.00000
f = -41.29302   r = 0.41071 ?< 0.10000   g = 0.00000
f = -41.29309   r = 0.25100 ?< 0.10000   g = 0.00000
f = -41.29309   r = 0.23892 ?< 0.10000   g = 0.00000
f = -41.29323   r = 0.29005 ?< 0.10000   g = 0.00000
f = -41.29308   r = 0.40536 ?< 0.10000   g = 0.00000
f = -41.29316   r = 0.16887 ?< 0.10000   g = 0.00000
f = -41.29318   r = 0.06547 ?< 0.10000   g = 0.00000

----------------------------------
         Iteration 12
----------------------------------
f = -41.29318   r = 0.06547 ?< 0.01000   g = 0.00000
f = -41.29318   r = 0.06601 ?< 0.01000   g = 0.00000
f = -41.29318   r = 0.06447 ?< 0.01000   g = 0.00000
f = -41.29318   r = 0.06178 ?< 0.01000   g = 0.00000
f = -41.29318   r = 0.05874 ?< 0.01000   g = 0.00000
f = -41.29318   r = 0.05614 ?< 0.01000   g = 0.00000
f = -41.29318   r = 0.05313 ?< 0.01000   g = 0.00000
f = -41.29318   r = 0.05069 ?< 0.01000   g = 0.00000
f = -41.29318   r = 0.04789 ?< 0.01000   g = 0.00000
f = -41.29318   r = 0.04557 ?< 0.01000   g = 0.00000
f = -41.29319   r = 0.04300 ?< 0.01000   g = 0.00000
f = -41.29319   r = 0.04081 ?< 0.01000   g = 0.00000
f = -41.29319   r = 0.03846 ?< 0.01000   g = 0.00000
f = -41.29319   r = 0.03641 ?< 0.01000   g = 0.00000
f = -41.29319   r = 0.03425 ?< 0.01000   g = 0.00000
f = -41.29319   r = 0.03234 ?< 0.01000   g = 0.00000
f = -41.29319   r = 0.03037 ?< 0.01000   g = 0.00000
f = -41.29319   r = 0.02859 ?< 0.01000   g = 0.00000
f = -41.29319   r = 0.02679 ?< 0.01000   g = 0.00000
f = -41.29319   r = 0.02515 ?< 0.01000   g = 0.00000
f = -41.29319   r = 0.02350 ?< 0.01000   g = 0.00000
f = -41.29319   r = 0.02199 ?< 0.01000   g = 0.00000
f = -41.29319   r = 0.02049 ?< 0.01000   g = 0.00000
f = -41.29319   r = 0.01910 ?< 0.01000   g = 0.00000
f = -41.29319   r = 0.01773 ?< 0.01000   g = 0.00000
f = -41.29319   r = 0.01646 ?< 0.01000   g = 0.00000
f = -41.29319   r = 0.01521 ?< 0.01000   g = 0.00000
f = -41.29320   r = 0.01405 ?< 0.01000   g = 0.00000
f = -41.29320   r = 0.01291 ?< 0.01000   g = 0.00000
f = -41.29320   r = 0.01185 ?< 0.01000   g = 0.00000
f = -41.29320   r = 0.01081 ?< 0.01000   g = 0.00000
f = -41.29320   r = 0.00985 ?< 0.01000   g = 0.00000

----------------------------------
         Iteration 13
----------------------------------
f = -41.29320   r = 0.00985 ?< 0.00100   g = 0.00000
f = -41.29320   r = 0.00934 ?< 0.00100   g = 0.00000
f = -41.29320   r = 0.00886 ?< 0.00100   g = 0.00000
f = -41.29320   r = 0.00839 ?< 0.00100   g = 0.00000
f = -41.29320   r = 0.00796 ?< 0.00100   g = 0.00000
f = -41.29320   r = 0.00754 ?< 0.00100   g = 0.00000
f = -41.29320   r = 0.00715 ?< 0.00100   g = 0.00000
f = -41.29320   r = 0.00676 ?< 0.00100   g = 0.00000
f = -41.29320   r = 0.00641 ?< 0.00100   g = 0.00000
f = -41.29320   r = 0.00606 ?< 0.00100   g = 0.00000
f = -41.29320   r = 0.00574 ?< 0.00100   g = 0.00000
f = -41.29320   r = 0.00542 ?< 0.00100   g = 0.00000
f = -41.29320   r = 0.00513 ?< 0.00100   g = 0.00000
f = -41.29320   r = 0.00485 ?< 0.00100   g = 0.00000
f = -41.29320   r = 0.00458 ?< 0.00100   g = 0.00000
f = -41.29320   r = 0.00433 ?< 0.00100   g = 0.00000
f = -41.29320   r = 0.00409 ?< 0.00100   g = 0.00000
f = -41.29320   r = 0.00386 ?< 0.00100   g = 0.00000
f = -41.29320   r = 0.00364 ?< 0.00100   g = 0.00000
f = -41.29320   r = 0.00343 ?< 0.00100   g = 0.00000
f = -41.29320   r = 0.00324 ?< 0.00100   g = 0.00000
f = -41.29320   r = 0.00305 ?< 0.00100   g = 0.00000
f = -41.29320   r = 0.00287 ?< 0.00100   g = 0.00000
f = -41.29320   r = 0.00270 ?< 0.00100   g = 0.00000
f = -41.29320   r = 0.00254 ?< 0.00100   g = 0.00000
f = -41.29320   r = 0.00239 ?< 0.00100   g = 0.00000
f = -41.29320   r = 0.00224 ?< 0.00100   g = 0.00000
f = -41.29320   r = 0.00211 ?< 0.00100   g = 0.00000
f = -41.29320   r = 0.00198 ?< 0.00100   g = 0.00000
f = -41.29320   r = 0.00185 ?< 0.00100   g = 0.00000
f = -41.29320   r = 0.00173 ?< 0.00100   g = 0.00000
f = -41.29320   r = 0.00162 ?< 0.00100   g = 0.00000
f = -41.29320   r = 0.00151 ?< 0.00100   g = 0.00000
f = -41.29320   r = 0.00141 ?< 0.00100   g = 0.00000
f = -41.29320   r = 0.00132 ?< 0.00100   g = 0.00000
f = -41.29320   r = 0.00122 ?< 0.00100   g = 0.00000
f = -41.29320   r = 0.00114 ?< 0.00100   g = 0.00000
f = -41.29320   r = 0.00105 ?< 0.00100   g = 0.00000
f = -41.29320   r = 0.00098 ?< 0.00100   g = 0.00000

----------------------------------
         Iteration 14
----------------------------------
f = -41.29320   r = 0.00098 ?< 0.00010   g = 0.00000
f = -41.29320   r = 0.00093 ?< 0.00010   g = 0.00000
f = -41.29320   r = 0.00088 ?< 0.00010   g = 0.00000
f = -41.29320   r = 0.00083 ?< 0.00010   g = 0.00000
f = -41.29320   r = 0.00079 ?< 0.00010   g = 0.00000
f = -41.29320   r = 0.00075 ?< 0.00010   g = 0.00000
f = -41.29320   r = 0.00071 ?< 0.00010   g = 0.00000
f = -41.29320   r = 0.00067 ?< 0.00010   g = 0.00000
f = -41.29320   r = 0.00064 ?< 0.00010   g = 0.00000
f = -41.29320   r = 0.00060 ?< 0.00010   g = 0.00000
f = -41.29320   r = 0.00057 ?< 0.00010   g = 0.00000
f = -41.29320   r = 0.00054 ?< 0.00010   g = 0.00000
f = -41.29320   r = 0.00051 ?< 0.00010   g = 0.00000
f = -41.29320   r = 0.00048 ?< 0.00010   g = 0.00000
f = -41.29320   r = 0.00046 ?< 0.00010   g = 0.00000
f = -41.29320   r = 0.00043 ?< 0.00010   g = 0.00000
f = -41.29320   r = 0.00041 ?< 0.00010   g = 0.00000
f = -41.29320   r = 0.00039 ?< 0.00010   g = 0.00000
f = -41.29320   r = 0.00037 ?< 0.00010   g = 0.00000
f = -41.29320   r = 0.00035 ?< 0.00010   g = 0.00000
f = -41.29320   r = 0.00033 ?< 0.00010   g = 0.00000
f = -41.29320   r = 0.00031 ?< 0.00010   g = 0.00000
f = -41.29320   r = 0.00029 ?< 0.00010   g = 0.00000
f = -41.29320   r = 0.00028 ?< 0.00010   g = 0.00000
f = -41.29320   r = 0.00026 ?< 0.00010   g = 0.00000
f = -41.29320   r = 0.00024 ?< 0.00010   g = 0.00000
f = -41.29320   r = 0.00023 ?< 0.00010   g = 0.00000
f = -41.29320   r = 0.00022 ?< 0.00010   g = 0.00000
f = -41.29320   r = 0.00021 ?< 0.00010   g = 0.00000
f = -41.29320   r = 0.00019 ?< 0.00010   g = 0.00000
f = -41.29320   r = 0.00018 ?< 0.00010   g = 0.00000
f = -41.29320   r = 0.00017 ?< 0.00010   g = 0.00000
f = -41.29320   r = 0.00016 ?< 0.00010   g = 0.00000
f = -41.29320   r = 0.00015 ?< 0.00010   g = 0.00000
f = -41.29320   r = 0.00014 ?< 0.00010   g = 0.00000
f = -41.29320   r = 0.00013 ?< 0.00010   g = 0.00000
f = -41.29320   r = 0.00012 ?< 0.00010   g = 0.00000
f = -41.29320   r = 0.00012 ?< 0.00010   g = 0.00000
f = -41.29320   r = 0.00011 ?< 0.00010   g = 0.00000
f = -41.29320   r = 0.00010 ?< 0.00010   g = 0.00000
f = -41.29320   r = 0.00009 ?< 0.00010   g = 0.00000

----------------------------------
         Iteration 15
----------------------------------
f = -41.29320   r = 0.00009 ?< 0.00001   g = 0.00000
f = -41.29320   r = 0.00009 ?< 0.00001   g = 0.00000
f = -41.29320   r = 0.00009 ?< 0.00001   g = 0.00000
f = -41.29320   r = 0.00008 ?< 0.00001   g = 0.00000
f = -41.29320   r = 0.00008 ?< 0.00001   g = 0.00000
f = -41.29320   r = 0.00007 ?< 0.00001   g = 0.00000
f = -41.29320   r = 0.00007 ?< 0.00001   g = 0.00000
f = -41.29320   r = 0.00007 ?< 0.00001   g = 0.00000
f = -41.29320   r = 0.00006 ?< 0.00001   g = 0.00000
f = -41.29320   r = 0.00006 ?< 0.00001   g = 0.00000
f = -41.29320   r = 0.00006 ?< 0.00001   g = 0.00000
f = -41.29320   r = 0.00005 ?< 0.00001   g = 0.00000
f = -41.29320   r = 0.00005 ?< 0.00001   g = 0.00000
f = -41.29320   r = 0.00005 ?< 0.00001   g = 0.00000
f = -41.29320   r = 0.00004 ?< 0.00001   g = 0.00000
f = -41.29320   r = 0.00004 ?< 0.00001   g = 0.00000
f = -41.29320   r = 0.00004 ?< 0.00001   g = 0.00000
f = -41.29320   r = 0.00004 ?< 0.00001   g = 0.00000
f = -41.29320   r = 0.00004 ?< 0.00001   g = 0.00000
f = -41.29320   r = 0.00003 ?< 0.00001   g = 0.00000
f = -41.29320   r = 0.00003 ?< 0.00001   g = 0.00000
f = -41.29320   r = 0.00003 ?< 0.00001   g = 0.00000
f = -41.29320   r = 0.00003 ?< 0.00001   g = 0.00000
f = -41.29320   r = 0.00003 ?< 0.00001   g = 0.00000
f = -41.29320   r = 0.00003 ?< 0.00001   g = 0.00000
f = -41.29320   r = 0.00002 ?< 0.00001   g = 0.00000
f = -41.29320   r = 0.00002 ?< 0.00001   g = 0.00000
f = -41.29320   r = 0.00002 ?< 0.00001   g = 0.00000
f = -41.29320   r = 0.00002 ?< 0.00001   g = 0.00000
f = -41.29320   r = 0.00002 ?< 0.00001   g = 0.00000
f = -41.29320   r = 0.00002 ?< 0.00001   g = 0.00000
f = -41.29320   r = 0.00002 ?< 0.00001   g = 0.00000
f = -41.29320   r = 0.00002 ?< 0.00001   g = 0.00000
f = -41.29320   r = 0.00002 ?< 0.00001   g = 0.00000
f = -41.29320   r = 0.00001 ?< 0.00001   g = 0.00000
f = -41.29320   r = 0.00001 ?< 0.00001   g = 0.00000
f = -41.29320   r = 0.00001 ?< 0.00001   g = 0.00000
f = -41.29320   r = 0.00001 ?< 0.00001   g = 0.00000
f = -41.29320   r = 0.00001 ?< 0.00001   g = 0.00000
f = -41.29320   r = 0.00001 ?< 0.00001   g = 0.00000
f = -41.29320   r = 0.00001 ?< 0.00001   g = 0.00000
f = -41.29320   r = 0.00001 ?< 0.00001   g = 0.00000

--------------------------------
      Final Z 
--------------------------------

Z_0^0 = { { (+0.00000,-0.00000), (-0.00000,-0.00000)},
          { (-0.00000,+0.00000), (+0.00000,-0.00000)} } 

Z_1^0 = { { (+0.00000,+0.00000), (+0.00000,+0.00000)},
          { (+0.00000,-0.00000), (+0.00000,+0.00000)} } 

Z_0^1 = { { (+0.00000,-0.00000), (-0.00000,+0.00000)},
          { (-0.00000,-0.00000), (+0.00000,+0.00000)} } 

Z_1^1 = { { (+0.00000,-0.00000), (+0.00000,-0.00000)},
          { (+0.00000,+0.00000), (+0.00000,-0.00000)} } 

Z_0^2 = { { (+0.00000,+0.00000), (+0.00000,-0.00000)},
          { (+0.00000,+0.00000), (+0.00000,+0.00000)} } 

Z_1^2 = { { (+0.00000,+0.00000), (-0.00000,+0.00000)},
          { (-0.00000,-0.00000), (+0.00000,+0.00000)} } 

Z_0^3 = { { (+0.00000,-0.00000), (-0.00000,-0.00000)},
          { (-0.00000,+0.00000), (+0.00000,+0.00000)} } 

Z_1^3 = { { (+0.00000,-0.00000), (+0.00000,+0.00000)},
          { (+0.00000,-0.00000), (+0.00000,+0.00000)} } 

Z_0^4 = { { (+0.00000,+0.00000), (-0.00000,-0.00000)},
          { (-0.00000,+0.00000), (+0.00000,+0.00000)} } 

Z_1^4 = { { (+0.00000,+0.00000), (+0.00000,+0.00000)},
          { (+0.00000,-0.00000), (+0.00000,+0.00000)} } 

Z_0^5 = { { (+0.00000,-0.00000), (-0.00000,+0.00000)},
          { (-0.00000,-0.00000), (+0.00000,-0.00000)} } 

Z_1^5 = { { (+0.00000,-0.00000), (+0.00000,-0.00000)},
          { (+0.00000,+0.00000), (+0.00000,-0.00000)} } 

----------------------------------
         Final Matrices 
----------------------------------

M_0^0 = { { (+0.46669,+0.00000), (+0.33514,+0.36931)},
          { (+0.33514,-0.36931), (+0.53331,+0.00000)} } 

|M^2-M|  = 0.00000
is M PD? = 1

M_1^0 = { { (+0.53331,+0.00000), (-0.33514,-0.36931)},
          { (-0.33514,+0.36931), (+0.46669,+0.00000)} } 

|M^2-M|  = 0.00000
is M PD? = 1

M_0^1 = { { (+0.78278,+0.00000), (+0.12685,-0.39213)},
          { (+0.12685,+0.39213), (+0.21722,+0.00000)} } 

|M^2-M|  = 0.00000
is M PD? = 1

M_1^1 = { { (+0.21722,+0.00000), (-0.12685,+0.39213)},
          { (-0.12685,-0.39213), (+0.78278,+0.00000)} } 

|M^2-M|  = 0.00000
is M PD? = 1

M_0^2 = { { (+0.74153,+0.00000), (-0.10950,+0.42367)},
          { (-0.10950,-0.42367), (+0.25847,+0.00000)} } 

|M^2-M|  = 0.00000
is M PD? = 1

M_1^2 = { { (+0.25847,+0.00000), (+0.10950,-0.42367)},
          { (+0.10950,+0.42367), (+0.74153,+0.00000)} } 

|M^2-M|  = 0.00000
is M PD? = 1

M_0^3 = { { (+0.06312,+0.00000), (+0.23823,+0.04693)},
          { (+0.23823,-0.04693), (+0.93688,+0.00000)} } 

|M^2-M|  = 0.00000
is M PD? = 1

M_1^3 = { { (+0.93688,+0.00000), (-0.23823,-0.04693)},
          { (-0.23823,+0.04693), (+0.06312,+0.00000)} } 

|M^2-M|  = 0.00000
is M PD? = 1

M_0^4 = { { (+0.91147,+0.00000), (+0.26631,+0.09796)},
          { (+0.26631,-0.09796), (+0.08853,+0.00000)} } 

|M^2-M|  = 0.00000
is M PD? = 1

M_1^4 = { { (+0.08853,+0.00000), (-0.26631,-0.09796)},
          { (-0.26631,+0.09796), (+0.91147,+0.00000)} } 

|M^2-M|  = 0.00000
is M PD? = 1

M_0^5 = { { (+0.49219,+0.00000), (+0.48121,-0.13488)},
          { (+0.48121,+0.13488), (+0.50781,+0.00000)} } 

|M^2-M|  = 0.00000
is M PD? = 1

M_1^5 = { { (+0.50781,+0.00000), (-0.48121,+0.13488)},
          { (-0.48121,-0.13488), (+0.49219,+0.00000)} } 

|M^2-M|  = 0.00000
is M PD? = 1

----------------------------------
         Final Output 
----------------------------------
        |r(w)| = 0.00001 < 0.00001
         -f(x) = 41.29320 <= 42.42641
          g(x) = 0.00000
         -L(w) = 41.29233
         <X,Z> = 0.00000
           |y| = 567.32584
      y^T*g(x) = -0.00087
     |delf(x)| = 3.97429
     |delL(w)| = 0.00001
     |delg(x)| = 0.00701
    |del2f(x)| = 43.25040
    |del2L(w)| = 1188536263.78996
    |del2g(x)| = 67.80942
   total inner = 938
    time taken = 2883 ms
