f = -2.44949 r = 0.00001 ?< 0.00001 g = 0.00000 df = 0.00001 dg = 0.00000
f = -2.44949 r = 0.00001 ?< 0.00001 g = 0.00000 df = 0.00001 dg = 0.00000
f = -2.44949 r = 0.00001 ?< 0.00001 g = 0.00000 df = 0.00001 dg = 0.00000
f = -2.44949 r = 0.00001 ?< 0.00001 g = 0.00000 df = 0.00001 dg = 0.00000
f = -2.44949 r = 0.00001 ?< 0.00001 g = 0.00000 df = 0.00001 dg = 0.00000
f = -2.44949 r = 0.00001 ?< 0.00001 g = 0.00000 df = 0.00001 dg = 0.00000
f = -2.44949 r = 0.00001 ?< 0.00001 g = 0.00000 df = 0.00001 dg = 0.00000
f = -2.44949 r = 0.00001 ?< 0.00001 g = 0.00000 df = 0.00001 dg = 0.00000
f = -2.44949 r = 0.00001 ?< 0.00001 g = 0.00000 df = 0.00001 dg = 0.00000
f = -2.44949 r = 0.00001 ?< 0.00001 g = 0.00000 df = 0.00001 dg = 0.00000
f = -2.44949 r = 0.00001 ?< 0.00001 g = 0.00000 df = 0.00001 dg = 0.00000
f = -2.44949 r = 0.00001 ?< 0.00001 g = 0.00000 df = 0.00001 dg = 0.00000
f = -2.44949 r = 0.00001 ?< 0.00001 g = 0.00000 df = 0.00001 dg = 0.00000
f = -2.44949 r = 0.00001 ?< 0.00001 g = 0.00000 df = 0.00001 dg = 0.00000
f = -2.44949 r = 0.00001 ?< 0.00001 g = 0.00000 df = 0.00001 dg = 0.00000
f = -2.44949 r = 0.00001 ?< 0.00001 g = 0.00000 df = 0.00001 dg = 0.00000
f = -2.44949 r = 0.00001 ?< 0.00001 g = 0.00000 df = 0.00001 dg = 0.00000
f = -2.44949 r = 0.00001 ?< 0.00001 g = 0.00000 df = 0.00001 dg = 0.00000
f = -2.44949 r = 0.00001 ?< 0.00001 g = 0.00000 df = 0.00001 dg = 0.00000
f = -2.44949 r = 0.00001 ?< 0.00001 g = 0.00000 df = 0.00001 dg = 0.00000
f = -2.44949 r = 0.00001 ?< 0.00001 g = 0.00000 df = 0.00001 dg = 0.00000
f = -2.44949 r = 0.00001 ?< 0.00001 g = 0.00000 df = 0.00001 dg = 0.00000
f = -2.44949 r = 0.00001 ?< 0.00001 g = 0.00000 df = 0.00001 dg = 0.00000
f = -2.44949 r = 0.00001 ?< 0.00001 g = 0.00000 df = 0.00001 dg = 0.00000
f = -2.44949 r = 0.00001 ?< 0.00001 g = 0.00000 df = 0.00001 dg = 0.00000
f = -2.44949 r = 0.00001 ?< 0.00001 g = 0.00000 df = 0.00001 dg = 0.00000
f = -2.44949 r = 0.00001 ?< 0.00001 g = 0.00000 df = 0.00001 dg = 0.00000
f = -2.44949 r = 0.00001 ?< 0.00001 g = 0.00000 df = 0.00001 dg = 0.00000
f = -2.44949 r = 0.00001 ?< 0.00001 g = 0.00000 df = 0.00001 dg = 0.00000
f = -2.44949 r = 0.00001 ?< 0.00001 g = 0.00000 df = 0.00001 dg = 0.00000
f = -2.44949 r = 0.00001 ?< 0.00001 g = 0.00000 df = 0.00001 dg = 0.00000
f = -2.44949 r = 0.00001 ?< 0.00001 g = 0.00000 df = 0.00001 dg = 0.00000
f = -2.44949 r = 0.00001 ?< 0.00001 g = 0.00000 df = 0.00001 dg = 0.00000
f = -2.44949 r = 0.00001 ?< 0.00001 g = 0.00000 df = 0.00001 dg = 0.00000
f = -2.44949 r = 0.00001 ?< 0.00001 g = 0.00000 df = 0.00001 dg = 0.00000
f = -2.44949 r = 0.00001 ?< 0.00001 g = 0.00000 df = 0.00001 dg = 0.00000
f = -2.44949 r = 0.00001 ?< 0.00001 g = 0.00000 df = 0.00001 dg = 0.00000
f = -2.44949 r = 0.00001 ?< 0.00001 g = 0.00000 df = 0.00001 dg = 0.00000
f = -2.44949 r = 0.00001 ?< 0.00001 g = 0.00000 df = 0.00001 dg = 0.00000
f = -2.44949 r = 0.00001 ?< 0.00001 g = 0.00000 df = 0.00001 dg = 0.00000
f = -2.44949 r = 0.00001 ?< 0.00001 g = 0.00000 df = 0.00001 dg = 0.00000
f = -2.44949 r = 0.00001 ?< 0.00001 g = 0.00000 df = 0.00001 dg = 0.00000
f = -2.44949 r = 0.00001 ?< 0.00001 g = 0.00000 df = 0.00001 dg = 0.00000
f = -2.44949 r = 0.00001 ?< 0.00001 g = 0.00000 df = 0.00001 dg = 0.00000
f = -2.44949 r = 0.00001 ?< 0.00001 g = 0.00000 df = 0.00001 dg = 0.00000
f = -2.44949 r = 0.00001 ?< 0.00001 g = 0.00000 df = 0.00001 dg = 0.00000
f = -2.44949 r = 0.00001 ?< 0.00001 g = 0.00000 df = 0.00001 dg = 0.00000
f = -2.44949 r = 0.00001 ?< 0.00001 g = 0.00000 df = 0.00001 dg = 0.00000
f = -2.44949 r = 0.00001 ?< 0.00001 g = 0.00000 df = 0.00001 dg = 0.00000
f = -2.44949 r = 0.00001 ?< 0.00001 g = 0.00000 df = 0.00001 dg = 0.00000
f = -2.44949 r = 0.00001 ?< 0.00001 g = 0.00000 df = 0.00001 dg = 0.00000

----------------------------------
         Final Matrices 
----------------------------------

M_0^0 = { { (+0.00772,+0.00000), (-0.00809,+0.01093), (-0.04047,+0.07640)},
          { (-0.00809,-0.01093), (+0.02394,+0.00000), (+0.15056,-0.02274)},
          { (-0.04047,-0.07640), (+0.15056,+0.02274), (+0.96834,+0.00000)} } 

|M^2-M|  = 0.00000
is M PD? = 1

M_1^0 = { { (+0.83273,+0.00000), (+0.35242,-0.11500), (-0.01729,-0.03954)},
          { (+0.35242,+0.11500), (+0.16503,+0.00000), (-0.00186,-0.01912)},
          { (-0.01729,+0.03954), (-0.00186,+0.01912), (+0.00224,+0.00000)} } 

|M^2-M|  = 0.00000
is M PD? = 1

M_2^0 = { { (+0.15955,+0.00000), (-0.34433,+0.10407), (+0.05776,-0.03686)},
          { (-0.34433,-0.10407), (+0.81103,+0.00000), (-0.14871,+0.04187)},
          { (+0.05776,+0.03686), (-0.14871,-0.04187), (+0.02943,+0.00000)} } 

|M^2-M|  = 0.00000
is M PD? = 1

M_0^1 = { { (+0.43488,+0.00000), (-0.00660,+0.25773), (+0.38851,-0.16838)},
          { (-0.00660,-0.25773), (+0.15284,+0.00000), (-0.10569,-0.22769)},
          { (+0.38851,+0.16838), (-0.10569,+0.22769), (+0.41228,+0.00000)} } 

|M^2-M|  = 0.00000
is M PD? = 1

M_1^1 = { { (+0.12100,+0.00000), (+0.25284,+0.02329), (-0.06207,+0.19503)},
          { (+0.25284,-0.02329), (+0.53282,+0.00000), (-0.09216,+0.41948)},
          { (-0.06207,-0.19503), (-0.09216,-0.41948), (+0.34619,+0.00000)} } 

|M^2-M|  = 0.00000
is M PD? = 1

M_2^1 = { { (+0.44412,+0.00000), (-0.24624,-0.28102), (-0.32644,-0.02665)},
          { (-0.24624,+0.28102), (+0.31434,+0.00000), (+0.19785,-0.19178)},
          { (-0.32644,+0.02665), (+0.19785,+0.19178), (+0.24154,+0.00000)} } 

|M^2-M|  = 0.00000
is M PD? = 1

----------------------------------
         Final Output 
----------------------------------
         -f(x) = 2.44949 <= 2.44949
         -L(w) = 2.44949
          r(w) = 0.00001 < 0.00001
          g(x) = 0.00000
       delf(w) = 0.00001
       delL(w) = 0.00001
       delg(w) = 0.00000
   outer iters = 12
   total inner = 31995
          time = 850118 ms
