--------------------------------
          System Info           
--------------------------------
               d = 3
               n = 3
  size of vector = 48
  size of matrix = 54 x 54 ~ 0 MB 
         epsilon = 1e-05
       epsilon_0 = 0.9
     g(x) thresh = 1e-15
      initial mu = 1
             M_c = 1e+10
  extra diagonal = 1
       muScaling = 10
             rho = 0.5
              nu = 0.9
           gamma = 1
            beta = 0.1
     f(x) factor = 1
     g(x) factor = 1
           cores = 1

--------------------------------
     Finding Interior Point 
--------------------------------
g(x) = 8.6641
g(x) = 1.4152e+07
g(x) = 1.7624e+26
g(x) = 5.0341e+83
g(x) = 1.324e+256
g(x) = nan
decreasing g factor from 1 to 0.66667
g(x) = 8.6641
g(x) = 2.6385e+06
g(x) = 2.2765e+23
g(x) = 2.1467e+74
g(x) = 2.0334e+227
g(x) = nan
decreasing g factor from 0.66667 to 0.44444
g(x) = 8.6641
g(x) = 4.7707e+05
g(x) = 2.6948e+20
g(x) = 7.0525e+64
g(x) = 1.43e+198
g(x) = inf
g(x) = nan
decreasing g factor from 0.44444 to 0.2963
g(x) = 8.6641
g(x) = 82177
g(x) = 2.7778e+17
g(x) = 1.5323e+55
g(x) = 2.9165e+168
g(x) = inf
g(x) = nan
decreasing g factor from 0.2963 to 0.19753
g(x) = 8.6641
g(x) = 13082
g(x) = 2.281e+14
g(x) = 1.6876e+45
g(x) = 7.7826e+137
g(x) = inf
g(x) = nan
decreasing g factor from 0.19753 to 0.13169
g(x) = 8.6641
g(x) = 1820
g(x) = 1.255e+11
g(x) = 5.622e+34
g(x) = 5.8037e+105
g(x) = inf
g(x) = nan
decreasing g factor from 0.13169 to 0.087791
g(x) = 8.6641
g(x) = 197.32
g(x) = 3.0528e+07
g(x) = 1.6407e+23
g(x) = 2.983e+70
g(x) = 2.3075e+212
g(x) = nan
decreasing g factor from 0.087791 to 0.058528
g(x) = 8.6641
g(x) = 12.929
g(x) = 569.65
g(x) = 2.0369e+08
g(x) = 1.3292e+25
g(x) = 5.0084e+75
g(x) = 3.6595e+227
g(x) = nan
decreasing g factor from 0.058528 to 0.039018
g(x) = 8.6641
g(x) = 1.1743
g(x) = 1.069
g(x) = 0.98134
g(x) = 0.87591
g(x) = 0.76459
g(x) = 0.66531
g(x) = 0.59246
g(x) = 0.54822
g(x) = 0.52341
g(x) = 0.50817
g(x) = 0.49694
g(x) = 0.48683
g(x) = 0.47611
g(x) = 0.46342
g(x) = 0.4476
g(x) = 0.42751
g(x) = 0.40213
g(x) = 0.37063
g(x) = 0.33264
g(x) = 0.28865
g(x) = 0.24028
g(x) = 0.19037
g(x) = 0.14257
g(x) = 0.10046
g(x) = 0.066525
g(x) = 0.041509
g(x) = 0.024553
g(x) = 0.013885
g(x) = 0.0075761
g(x) = 0.0040239
g(x) = 0.0020964
g(x) = 0.0010781
g(x) = 0.0005501
g(x) = 0.00027963
g(x) = 0.00014211
g(x) = 7.2443e-05
g(x) = 3.7163e-05
g(x) = 1.9252e-05
g(x) = 1.0108e-05
g(x) = 5.3991e-06
g(x) = 2.9451e-06
g(x) = 1.6459e-06
g(x) = 9.4461e-07
g(x) = 5.5727e-07
g(x) = 3.3777e-07
g(x) = 2.0994e-07
g(x) = 1.3341e-07
g(x) = 8.639e-08
g(x) = 5.6802e-08
g(x) = 3.7802e-08
g(x) = 2.5392e-08
g(x) = 1.7177e-08
g(x) = 1.1681e-08
g(x) = 7.9745e-09
g(x) = 5.4595e-09
g(x) = 3.7455e-09
g(x) = 2.5734e-09
g(x) = 1.7701e-09
g(x) = 1.2185e-09
g(x) = 8.3924e-10
g(x) = 5.7827e-10
g(x) = 3.9857e-10
g(x) = 2.7478e-10
g(x) = 1.8946e-10
g(x) = 1.3065e-10
g(x) = 9.0099e-11
g(x) = 6.2139e-11
g(x) = 4.2858e-11
g(x) = 2.9561e-11
g(x) = 2.0389e-11
g(x) = 1.4064e-11
g(x) = 9.7007e-12
g(x) = 6.6913e-12
g(x) = 4.6155e-12
g(x) = 3.1837e-12
g(x) = 2.1961e-12
g(x) = 1.5148e-12
g(x) = 1.0449e-12
g(x) = 7.2078e-13
g(x) = 4.9719e-13
g(x) = 3.4296e-13
g(x) = 2.3657e-13
g(x) = 1.6319e-13
g(x) = 1.1257e-13
g(x) = 7.7649e-14
g(x) = 5.3563e-14
g(x) = 3.6947e-14
g(x) = 2.5486e-14
g(x) = 1.7581e-14
g(x) = 1.2127e-14
g(x) = 8.3653e-15
g(x) = 5.7704e-15
g(x) = 3.9805e-15
g(x) = 2.7457e-15
g(x) = 1.894e-15
g(x) = 1.3065e-15
g(x) = 9.0124e-16

--------------------------------
        Initial Matrices        
--------------------------------

M_0^0 = { { (+0.00051,+0.00000), (+0.00368,+0.00407), (-0.02146,+0.00467)},
          { (+0.00368,-0.00407), (+0.05866,+0.00000), (-0.11688,+0.20378)},
          { (-0.02146,-0.00467), (-0.11688,-0.20378), (+0.94083,+0.00000)} } 

|M^2-M|  = 0.00000
tr(M^2-M)  = (0.00000,0.00000)
is M PD? = 0

M_1^0 = { { (+0.70306,+0.00000), (-0.20270,-0.39812), (-0.09538,-0.00904)},
          { (-0.20270,+0.39812), (+0.28388,+0.00000), (+0.03262,-0.05140)},
          { (-0.09538,+0.00904), (+0.03262,+0.05140), (+0.01306,+0.00000)} } 

|M^2-M|  = 0.00000
tr(M^2-M)  = (0.00000,0.00000)
is M PD? = 0

M_2^0 = { { (+0.29643,+0.00000), (+0.19902,+0.39406), (+0.11684,+0.00438)},
          { (+0.19902,-0.39406), (+0.65746,+0.00000), (+0.08426,-0.15238)},
          { (+0.11684,-0.00438), (+0.08426,+0.15238), (+0.04612,+0.00000)} } 

|M^2-M|  = 0.00000
tr(M^2-M)  = (-0.00000,0.00000)
is M PD? = 0

M_0^1 = { { (+0.16885,+0.00000), (+0.17757,+0.18368), (+0.24040,-0.13146)},
          { (+0.17757,-0.18368), (+0.38655,+0.00000), (+0.10981,-0.39975)},
          { (+0.24040,+0.13146), (+0.10981,+0.39975), (+0.44460,+0.00000)} } 

|M^2-M|  = 0.00000
tr(M^2-M)  = (-0.00000,0.00000)
is M PD? = 0

M_1^1 = { { (+0.12911,+0.00000), (+0.17780,+0.09857), (-0.20235,+0.17369)},
          { (+0.17780,-0.09857), (+0.32009,+0.00000), (-0.14604,+0.39367)},
          { (-0.20235,-0.17369), (-0.14604,-0.39367), (+0.55080,+0.00000)} } 

|M^2-M|  = 0.00000
tr(M^2-M)  = (0.00000,0.00000)
is M PD? = 0

M_2^1 = { { (+0.70203,+0.00000), (-0.35537,-0.28225), (-0.03804,-0.04223)},
          { (-0.35537,+0.28225), (+0.29336,+0.00000), (+0.03624,+0.00608)},
          { (-0.03804,+0.04223), (+0.03624,-0.00608), (+0.00460,+0.00000)} } 

|M^2-M|  = 0.00000
tr(M^2-M)  = (0.00000,0.00000)
is M PD? = 0

M_0^2 = { { (+0.56886,+0.00000), (+0.41361,+0.12357), (+0.13122,+0.20420)},
          { (+0.41361,-0.12357), (+0.32757,+0.00000), (+0.13977,+0.11997)},
          { (+0.13122,-0.20420), (+0.13977,-0.11997), (+0.10357,+0.00000)} } 

|M^2-M|  = 0.00000
tr(M^2-M)  = (-0.00000,0.00000)
is M PD? = 0

M_1^2 = { { (+0.18540,+0.00000), (-0.15229,+0.10413), (+0.09122,-0.32965)},
          { (-0.15229,-0.10413), (+0.18357,+0.00000), (-0.26007,+0.21955)},
          { (+0.09122,+0.32965), (-0.26007,-0.21955), (+0.63103,+0.00000)} } 

|M^2-M|  = 0.00000
tr(M^2-M)  = (0.00000,0.00000)
is M PD? = 0

M_2^2 = { { (+0.24574,+0.00000), (-0.26132,-0.22769), (-0.22244,+0.12545)},
          { (-0.26132,+0.22769), (+0.48886,+0.00000), (+0.12030,-0.33951)},
          { (-0.22244,-0.12545), (+0.12030,+0.33951), (+0.26540,+0.00000)} } 

|M^2-M|  = 0.00000
tr(M^2-M)  = (0.00000,0.00000)
is M PD? = 0

|X^2-X|  = 0.00000
tr(X^2-X)  = 0.00000
isPD(X) = 0
isPSD(X) = 0

----------------------------------
         Iteration 0
----------------------------------
f = -21.37834   r = 14.10112 ?< 10000000000.00000   g = 0.00000

----------------------------------
         Iteration 1
----------------------------------
f = -21.37834   r = 17.53230 ?< 1000000000.00000   g = 0.00000

----------------------------------
         Iteration 2
----------------------------------
f = -21.37834   r = 17.97350 ?< 100000000.00000   g = 0.00000

----------------------------------
         Iteration 3
----------------------------------
f = -21.37834   r = 18.01837 ?< 10000000.00000   g = 0.00000

----------------------------------
         Iteration 4
----------------------------------
f = -21.37834   r = 18.02286 ?< 1000000.00000   g = 0.00000

----------------------------------
         Iteration 5
----------------------------------
f = -21.37834   r = 18.02331 ?< 100000.00000   g = 0.00000

----------------------------------
         Iteration 6
----------------------------------
f = -21.37834   r = 18.02335 ?< 10000.00000   g = 0.00000

----------------------------------
         Iteration 7
----------------------------------
f = -21.37834   r = 18.02336 ?< 1000.00000   g = 0.00000

----------------------------------
         Iteration 8
----------------------------------
f = -21.37834   r = 18.02336 ?< 100.00000   g = 0.00000

----------------------------------
         Iteration 9
----------------------------------
f = -21.37834   r = 18.02336 ?< 10.00000   g = 0.00000
f = -21.48506   r = 13.03108 ?< 10.00000   g = 0.00369
f = -21.57138   r = 9.96927 ?< 10.00000   g = 0.01619

----------------------------------
         Iteration 10
----------------------------------
f = -21.57138   r = 9.96927 ?< 1.00000   g = 0.01619
f = -21.63728   r = 8.34948 ?< 1.00000   g = 0.05600
f = -21.70482   r = 6.61588 ?< 1.00000   g = 0.08264
f = -21.75539   r = 5.37140 ?< 1.00000   g = 0.13713
f = -21.80092   r = 3.81262 ?< 1.00000   g = 0.10497
f = -21.84562   r = 2.78544 ?< 1.00000   g = 0.08334
f = -21.88784   r = 2.07161 ?< 1.00000   g = 0.06925
f = -21.91815   r = 1.52539 ?< 1.00000   g = 0.05754
f = -21.93495   r = 1.09077 ?< 1.00000   g = 0.04487
f = -21.94482   r = 0.79432 ?< 1.00000   g = 0.03379

----------------------------------
         Iteration 11
----------------------------------
f = -21.94482   r = 0.79432 ?< 0.10000   g = 0.03379
f = -21.95325   r = 0.58038 ?< 0.10000   g = 0.02529
f = -21.96479   r = 0.49284 ?< 0.10000   g = 0.02068
f = -21.97576   r = 0.40638 ?< 0.10000   g = 0.01628
f = -21.98269   r = 0.41297 ?< 0.10000   g = 0.01290
f = -21.99075   r = 0.49055 ?< 0.10000   g = 0.01092
f = -21.99664   r = 0.47538 ?< 0.10000   g = 0.00842
f = -22.00364   r = 0.46393 ?< 0.10000   g = 0.00682
f = -22.01431   r = 0.41084 ?< 0.10000   g = 0.00596
f = -22.02187   r = 0.33828 ?< 0.10000   g = 0.00479
f = -22.02994   r = 0.29131 ?< 0.10000   g = 0.00409
f = -22.03669   r = 0.20613 ?< 0.10000   g = 0.00319
f = -22.04049   r = 0.17650 ?< 0.10000   g = 0.00251
f = -22.04266   r = 0.12255 ?< 0.10000   g = 0.00187
f = -22.04390   r = 0.10311 ?< 0.10000   g = 0.00138
f = -22.04454   r = 0.07123 ?< 0.10000   g = 0.00102

----------------------------------
         Iteration 12
----------------------------------
f = -22.04454   r = 0.07123 ?< 0.01000   g = 0.00102
f = -22.04493   r = 0.05587 ?< 0.01000   g = 0.00074
f = -22.04513   r = 0.04140 ?< 0.01000   g = 0.00055
f = -22.04525   r = 0.03206 ?< 0.01000   g = 0.00040
f = -22.04531   r = 0.02482 ?< 0.01000   g = 0.00030
f = -22.04535   r = 0.01964 ?< 0.01000   g = 0.00022
f = -22.04537   r = 0.01576 ?< 0.01000   g = 0.00016
f = -22.04538   r = 0.01283 ?< 0.01000   g = 0.00012
f = -22.04539   r = 0.01054 ?< 0.01000   g = 0.00009
f = -22.04540   r = 0.00870 ?< 0.01000   g = 0.00006

----------------------------------
         Iteration 13
----------------------------------
f = -22.04540   r = 0.00870 ?< 0.00100   g = 0.00006
f = -22.04540   r = 0.00723 ?< 0.00100   g = 0.00005
f = -22.04540   r = 0.00602 ?< 0.00100   g = 0.00004
f = -22.04540   r = 0.00503 ?< 0.00100   g = 0.00003
f = -22.04540   r = 0.00418 ?< 0.00100   g = 0.00002
f = -22.04541   r = 0.00346 ?< 0.00100   g = 0.00001
f = -22.04541   r = 0.00281 ?< 0.00100   g = 0.00001
f = -22.04541   r = 0.00227 ?< 0.00100   g = 0.00001
f = -22.04541   r = 0.00211 ?< 0.00100   g = 0.00001
f = -22.04541   r = 0.00186 ?< 0.00100   g = 0.00001
f = -22.04541   r = 0.00171 ?< 0.00100   g = 0.00001
f = -22.04541   r = 0.00166 ?< 0.00100   g = 0.00001
f = -22.04541   r = 0.00165 ?< 0.00100   g = 0.00001
f = -22.04541   r = 0.00163 ?< 0.00100   g = 0.00001
f = -22.04541   r = 0.00165 ?< 0.00100   g = 0.00001
f = -22.04541   r = 0.00167 ?< 0.00100   g = 0.00001
f = -22.04541   r = 0.00168 ?< 0.00100   g = 0.00001
f = -22.04541   r = 0.00169 ?< 0.00100   g = 0.00001
f = -22.04541   r = 0.00170 ?< 0.00100   g = 0.00001
f = -22.04541   r = 0.00170 ?< 0.00100   g = 0.00001
f = -22.04541   r = 0.00171 ?< 0.00100   g = 0.00001
f = -22.04541   r = 0.00171 ?< 0.00100   g = 0.00001
f = -22.04541   r = 0.00171 ?< 0.00100   g = 0.00001
f = -22.04541   r = 0.00171 ?< 0.00100   g = 0.00001
f = -22.04541   r = 0.00171 ?< 0.00100   g = 0.00001
f = -22.04541   r = 0.00171 ?< 0.00100   g = 0.00001
f = -22.04541   r = 0.00171 ?< 0.00100   g = 0.00001
f = -22.04541   r = 0.00171 ?< 0.00100   g = 0.00001
f = -22.04541   r = 0.00171 ?< 0.00100   g = 0.00001
f = -22.04541   r = 0.00171 ?< 0.00100   g = 0.00001
f = -22.04541   r = 0.00120 ?< 0.00100   g = 0.00000
f = -22.04541   r = 0.00077 ?< 0.00100   g = 0.00000

----------------------------------
         Iteration 14
----------------------------------
f = -22.04541   r = 0.00077 ?< 0.00010   g = 0.00000
f = -22.04541   r = 0.00047 ?< 0.00010   g = 0.00000
f = -22.04541   r = 0.00035 ?< 0.00010   g = 0.00000
f = -22.04541   r = 0.00040 ?< 0.00010   g = 0.00000
f = -22.04541   r = 0.00049 ?< 0.00010   g = 0.00000
f = -22.04541   r = 0.00053 ?< 0.00010   g = 0.00000
f = -22.04541   r = 0.00045 ?< 0.00010   g = 0.00000
f = -22.04541   r = 0.00034 ?< 0.00010   g = 0.00000
f = -22.04541   r = 0.00024 ?< 0.00010   g = 0.00000
f = -22.04541   r = 0.00018 ?< 0.00010   g = 0.00000
f = -22.04541   r = 0.00014 ?< 0.00010   g = 0.00000
f = -22.04541   r = 0.00010 ?< 0.00010   g = 0.00000
f = -22.04541   r = 0.00007 ?< 0.00010   g = 0.00000

----------------------------------
         Iteration 15
----------------------------------
f = -22.04541   r = 0.00007 ?< 0.00001   g = 0.00000
f = -22.04541   r = 0.00005 ?< 0.00001   g = 0.00000
f = -22.04541   r = 0.00003 ?< 0.00001   g = 0.00000
f = -22.04541   r = 0.00007 ?< 0.00001   g = 0.00000
f = -22.04541   r = 0.00011 ?< 0.00001   g = 0.00000
f = -22.04541   r = 0.00008 ?< 0.00001   g = 0.00000
f = -22.04541   r = 0.00006 ?< 0.00001   g = 0.00000
f = -22.04541   r = 0.00004 ?< 0.00001   g = 0.00000
f = -22.04541   r = 0.00003 ?< 0.00001   g = 0.00000
f = -22.04541   r = 0.00002 ?< 0.00001   g = 0.00000
f = -22.04541   r = 0.00002 ?< 0.00001   g = 0.00000
f = -22.04541   r = 0.00001 ?< 0.00001   g = 0.00000
f = -22.04541   r = 0.00001 ?< 0.00001   g = 0.00000
f = -22.04541   r = 0.00001 ?< 0.00001   g = 0.00000
f = -22.04541   r = 0.00002 ?< 0.00001   g = 0.00000
f = -22.04541   r = 0.00001 ?< 0.00001   g = 0.00000
f = -22.04541   r = 0.00001 ?< 0.00001   g = 0.00000

--------------------------------
      Final Z 
--------------------------------

Z_0^0 = { { (+0.00000,-0.00000), (-0.00000,-0.00000), (-0.00000,-0.00000)},
          { (-0.00000,+0.00000), (+0.00000,-0.00000), (+0.00000,+0.00000)},
          { (-0.00000,+0.00000), (+0.00000,-0.00000), (+0.00000,+0.00000)} } 

Z_1^0 = { { (+0.00000,-0.00000), (-0.00000,+0.00000), (+0.00000,+0.00000)},
          { (-0.00000,-0.00000), (+0.00000,-0.00000), (+0.00000,-0.00000)},
          { (+0.00000,-0.00000), (+0.00000,+0.00000), (+0.00000,-0.00000)} } 

Z_2^0 = { { (+0.00000,+0.00000), (+0.00000,+0.00000), (+0.00000,-0.00000)},
          { (+0.00000,-0.00000), (+0.00000,-0.00000), (-0.00000,-0.00000)},
          { (+0.00000,+0.00000), (-0.00000,+0.00000), (+0.00000,+0.00000)} } 

Z_0^1 = { { (+0.00000,-0.00000), (+0.00000,+0.00000), (-0.00000,+0.00000)},
          { (+0.00000,-0.00000), (+0.00000,-0.00000), (-0.00000,+0.00000)},
          { (-0.00000,-0.00000), (-0.00000,-0.00000), (+0.00000,+0.00000)} } 

Z_1^1 = { { (+0.00000,-0.00000), (-0.00000,-0.00000), (+0.00000,-0.00000)},
          { (-0.00000,+0.00000), (+0.00000,+0.00000), (-0.00000,+0.00000)},
          { (+0.00000,+0.00000), (-0.00000,-0.00000), (+0.00000,-0.00000)} } 

Z_2^1 = { { (+0.00000,-0.00000), (+0.00000,+0.00000), (-0.00000,-0.00000)},
          { (+0.00000,-0.00000), (+0.00000,-0.00000), (+0.00000,-0.00000)},
          { (-0.00000,+0.00000), (+0.00000,+0.00000), (+0.00000,-0.00000)} } 

Z_0^2 = { { (+0.00000,+0.00000), (-0.00000,+0.00000), (-0.00000,-0.00000)},
          { (-0.00000,-0.00000), (+0.00000,+0.00000), (-0.00000,+0.00000)},
          { (-0.00000,+0.00000), (-0.00000,-0.00000), (+0.00000,-0.00000)} } 

Z_1^2 = { { (+0.00000,-0.00000), (-0.00000,-0.00000), (-0.00000,+0.00000)},
          { (-0.00000,+0.00000), (+0.00000,+0.00000), (+0.00000,-0.00000)},
          { (-0.00000,-0.00000), (+0.00000,+0.00000), (+0.00000,-0.00000)} } 

Z_2^2 = { { (+0.00000,+0.00000), (+0.00000,-0.00000), (+0.00000,-0.00000)},
          { (+0.00000,+0.00000), (+0.00000,+0.00000), (+0.00000,+0.00000)},
          { (+0.00000,+0.00000), (+0.00000,-0.00000), (+0.00000,+0.00000)} } 

----------------------------------
         Final Matrices 
----------------------------------

M_0^0 = { { (+0.08556,+0.00000), (-0.03888,-0.05292), (+0.25333,+0.09876)},
          { (-0.03888,+0.05292), (+0.05039,+0.00000), (-0.17619,+0.11180)},
          { (+0.25333,-0.09876), (-0.17619,-0.11180), (+0.86405,+0.00000)} } 

|M^2-M|  = 0.00000
is M PD? = 0

M_1^0 = { { (+0.73550,+0.00000), (+0.13276,-0.31197), (-0.22893,-0.16485)},
          { (+0.13276,+0.31197), (+0.15629,+0.00000), (+0.02861,-0.12686)},
          { (-0.22893,+0.16485), (+0.02861,+0.12686), (+0.10821,+0.00000)} } 

|M^2-M|  = 0.00000
is M PD? = 0

M_2^0 = { { (+0.17895,+0.00000), (-0.09388,+0.36489), (-0.02439,+0.06610)},
          { (-0.09388,-0.36489), (+0.79331,+0.00000), (+0.14758,+0.01507)},
          { (-0.02439,-0.06610), (+0.14758,-0.01507), (+0.02774,+0.00000)} } 

|M^2-M|  = 0.00000
is M PD? = 0

M_0^1 = { { (+0.18356,+0.00000), (+0.23626,+0.08630), (+0.19805,-0.21766)},
          { (+0.23626,-0.08630), (+0.34467,+0.00000), (+0.15257,-0.37327)},
          { (+0.19805,+0.21766), (+0.15257,+0.37327), (+0.47178,+0.00000)} } 

|M^2-M|  = 0.00000
is M PD? = 0

M_1^1 = { { (+0.42555,+0.00000), (+0.14262,+0.17204), (-0.36089,+0.25354)},
          { (+0.14262,-0.17204), (+0.11735,+0.00000), (-0.01845,+0.23087)},
          { (-0.36089,-0.25354), (-0.01845,-0.23087), (+0.45710,+0.00000)} } 

|M^2-M|  = 0.00000
is M PD? = 0

M_2^1 = { { (+0.39089,+0.00000), (-0.37888,-0.25834), (+0.16284,-0.03588)},
          { (-0.37888,+0.25834), (+0.53798,+0.00000), (-0.13412,+0.14240)},
          { (+0.16284,+0.03588), (-0.13412,-0.14240), (+0.07113,+0.00000)} } 

|M^2-M|  = 0.00000
is M PD? = 0

M_0^2 = { { (+0.29077,+0.00000), (+0.34231,-0.18565), (+0.20295,+0.11571)},
          { (+0.34231,+0.18565), (+0.52152,+0.00000), (+0.16505,+0.26581)},
          { (+0.20295,-0.11571), (+0.16505,-0.26581), (+0.18771,+0.00000)} } 

|M^2-M|  = 0.00000
is M PD? = 0

M_1^2 = { { (+0.47051,+0.00000), (-0.08788,+0.27327), (-0.04449,-0.40590)},
          { (-0.08788,-0.27327), (+0.17513,+0.00000), (-0.22744,+0.10165)},
          { (-0.04449,+0.40590), (-0.22744,-0.10165), (+0.35435,+0.00000)} } 

|M^2-M|  = 0.00000
is M PD? = 0

M_2^2 = { { (+0.23872,+0.00000), (-0.25443,-0.08762), (-0.15846,+0.29019)},
          { (-0.25443,+0.08762), (+0.30334,+0.00000), (+0.06238,-0.36745)},
          { (-0.15846,-0.29019), (+0.06238,+0.36745), (+0.45794,+0.00000)} } 

|M^2-M|  = 0.00000
is M PD? = 0

----------------------------------
         Final Output 
----------------------------------
        |r(w)| = 0.00001 < 0.00001
         -f(x) = 22.04541 <= 22.04541
          g(x) = 0.00000
         -L(w) = 22.04541
         <X,Z> = 0.00000
           |y| = 1.28698
      y^T*g(x) = -0.00000
     |delf(x)| = 0.00000
     |delL(w)| = 0.00001
     |delg(x)| = 0.00013
    |del2f(x)| = 13.96326
    |del2L(w)| = 56.98396
    |del2g(x)| = 127.75033
   total inner = 110
    time taken = 746 ms
