--------------------------------
          System Info           
--------------------------------
               d = 3
               n = 4
  size of vector = 64
  size of matrix = 72 x 72 ~ 0 MB 
         epsilon = 1e-05
       epsilon_0 = 0.9
     g(x) thresh = 1e-15
      initial mu = 1
             M_c = 10
  extra diagonal = 1
       muScaling = 10
             rho = 0.5
              nu = 0.9
           gamma = 1
            beta = 0.1
     f(x) factor = 1
     g(x) factor = 0.01
           cores = 1

--------------------------------
     Finding Interior Point 
--------------------------------
g(x) = 12.212
g(x) = 2.8496
g(x) = 2.0718
g(x) = 1.7371
g(x) = 1.5426
g(x) = 1.4059
g(x) = 1.296
g(x) = 1.1992
g(x) = 1.1091
g(x) = 1.0226
g(x) = 0.93854
g(x) = 0.85669
g(x) = 0.77736
g(x) = 0.70107
g(x) = 0.62838
g(x) = 0.55979
g(x) = 0.49567
g(x) = 0.43629
g(x) = 0.3818
g(x) = 0.33227
g(x) = 0.28769
g(x) = 0.24795
g(x) = 0.21287
g(x) = 0.18219
g(x) = 0.15557
g(x) = 0.13265
g(x) = 0.11302
g(x) = 0.09628
g(x) = 0.082044
g(x) = 0.069956
g(x) = 0.059697
g(x) = 0.050987
g(x) = 0.043587
g(x) = 0.037293
g(x) = 0.031933
g(x) = 0.027363
g(x) = 0.023463
g(x) = 0.020131
g(x) = 0.017282
g(x) = 0.014844
g(x) = 0.012756
g(x) = 0.010968
g(x) = 0.0094358
g(x) = 0.0081219
g(x) = 0.0069948
g(x) = 0.0060277
g(x) = 0.0051975
g(x) = 0.0044846
g(x) = 0.003872
g(x) = 0.0033455
g(x) = 0.0028926
g(x) = 0.0025029
g(x) = 0.0021674
g(x) = 0.0018784
g(x) = 0.0016292
g(x) = 0.0014143
g(x) = 0.0012287
g(x) = 0.0010684
g(x) = 0.00092988
g(x) = 0.00080999
g(x) = 0.00070618
g(x) = 0.00061623
g(x) = 0.00053822
g(x) = 0.0004705
g(x) = 0.00041167
g(x) = 0.00036052
g(x) = 0.00031601
g(x) = 0.00027724
g(x) = 0.00024344
g(x) = 0.00021395
g(x) = 0.00018819
g(x) = 0.00016568
g(x) = 0.00014599
g(x) = 0.00012874
g(x) = 0.00011362
g(x) = 0.00010036
g(x) = 8.8721e-05
g(x) = 7.8491e-05
g(x) = 6.9493e-05
g(x) = 6.1573e-05
g(x) = 5.4596e-05
g(x) = 4.8444e-05
g(x) = 4.3015e-05
g(x) = 3.8221e-05
g(x) = 3.3983e-05
g(x) = 3.0235e-05
g(x) = 2.6917e-05
g(x) = 2.3977e-05
g(x) = 2.1372e-05
g(x) = 1.906e-05
g(x) = 1.7008e-05
g(x) = 1.5184e-05
g(x) = 1.3563e-05
g(x) = 1.2122e-05
g(x) = 1.0838e-05
g(x) = 9.6954e-06
g(x) = 8.6769e-06
g(x) = 7.7686e-06
g(x) = 6.9584e-06
g(x) = 6.2351e-06
g(x) = 5.5891e-06
g(x) = 5.0119e-06
g(x) = 4.4958e-06
g(x) = 4.0343e-06
g(x) = 3.6213e-06
g(x) = 3.2517e-06
g(x) = 2.9206e-06
g(x) = 2.624e-06
g(x) = 2.3581e-06
g(x) = 2.1198e-06
g(x) = 1.906e-06
g(x) = 1.7142e-06
g(x) = 1.542e-06
g(x) = 1.3875e-06
g(x) = 1.2487e-06
g(x) = 1.124e-06
g(x) = 1.0119e-06
g(x) = 9.1122e-07
g(x) = 8.2068e-07
g(x) = 7.3927e-07
g(x) = 6.6604e-07
g(x) = 6.0015e-07
g(x) = 5.4087e-07
g(x) = 4.8751e-07
g(x) = 4.3947e-07
g(x) = 3.9622e-07
g(x) = 3.5727e-07
g(x) = 3.2219e-07
g(x) = 2.9059e-07
g(x) = 2.6212e-07
g(x) = 2.3646e-07
g(x) = 2.1333e-07
g(x) = 1.9249e-07
g(x) = 1.7369e-07
g(x) = 1.5675e-07
g(x) = 1.4147e-07
g(x) = 1.2769e-07
g(x) = 1.1527e-07
g(x) = 1.0406e-07
g(x) = 9.3944e-08
g(x) = 8.4821e-08
g(x) = 7.6588e-08
g(x) = 6.916e-08
g(x) = 6.2455e-08
g(x) = 5.6405e-08
g(x) = 5.0943e-08
g(x) = 4.6013e-08
g(x) = 4.1563e-08
g(x) = 3.7545e-08
g(x) = 3.3917e-08
g(x) = 3.0641e-08
g(x) = 2.7683e-08
g(x) = 2.5012e-08
g(x) = 2.26e-08
g(x) = 2.0421e-08
g(x) = 1.8453e-08
g(x) = 1.6676e-08
g(x) = 1.507e-08
g(x) = 1.362e-08
g(x) = 1.2309e-08
g(x) = 1.1125e-08
g(x) = 1.0056e-08
g(x) = 9.0892e-09
g(x) = 8.216e-09
g(x) = 7.4269e-09
g(x) = 6.7139e-09
g(x) = 6.0695e-09
g(x) = 5.4871e-09
g(x) = 4.9608e-09
g(x) = 4.4852e-09
g(x) = 4.0552e-09
g(x) = 3.6666e-09
g(x) = 3.3154e-09
g(x) = 2.9979e-09
g(x) = 2.7108e-09
g(x) = 2.4514e-09
g(x) = 2.2168e-09
g(x) = 2.0047e-09
g(x) = 1.813e-09
g(x) = 1.6397e-09
g(x) = 1.483e-09
g(x) = 1.3413e-09
g(x) = 1.2131e-09
g(x) = 1.0973e-09
g(x) = 9.9251e-10
g(x) = 8.9778e-10
g(x) = 8.121e-10
g(x) = 7.3463e-10
g(x) = 6.6456e-10
g(x) = 6.0119e-10
g(x) = 5.4388e-10
g(x) = 4.9205e-10
g(x) = 4.4516e-10
g(x) = 4.0276e-10
g(x) = 3.644e-10
g(x) = 3.2971e-10
g(x) = 2.9833e-10
g(x) = 2.6994e-10
g(x) = 2.4425e-10
g(x) = 2.2102e-10
g(x) = 2.0001e-10
g(x) = 1.8099e-10
g(x) = 1.6379e-10
g(x) = 1.4823e-10
g(x) = 1.3414e-10
g(x) = 1.214e-10
g(x) = 1.0988e-10
g(x) = 9.9446e-11
g(x) = 9.0008e-11
g(x) = 8.1468e-11
g(x) = 7.374e-11
g(x) = 6.6747e-11
g(x) = 6.0419e-11
g(x) = 5.4691e-11
g(x) = 4.9509e-11
g(x) = 4.4818e-11
g(x) = 4.0573e-11
g(x) = 3.6731e-11
g(x) = 3.3253e-11
g(x) = 3.0106e-11
g(x) = 2.7257e-11
g(x) = 2.4678e-11
g(x) = 2.2344e-11
g(x) = 2.0231e-11
g(x) = 1.8318e-11
g(x) = 1.6587e-11
g(x) = 1.502e-11
g(x) = 1.3601e-11
g(x) = 1.2316e-11
g(x) = 1.1153e-11
g(x) = 1.0101e-11
g(x) = 9.1473e-12
g(x) = 8.2842e-12
g(x) = 7.5028e-12
g(x) = 6.7952e-12
g(x) = 6.1545e-12
g(x) = 5.5744e-12
g(x) = 5.0491e-12
g(x) = 4.5734e-12
g(x) = 4.1426e-12
g(x) = 3.7525e-12
g(x) = 3.3992e-12
g(x) = 3.0793e-12
g(x) = 2.7896e-12
g(x) = 2.5271e-12
g(x) = 2.2894e-12
g(x) = 2.0742e-12
g(x) = 1.8792e-12
g(x) = 1.7026e-12
g(x) = 1.5426e-12
g(x) = 1.3977e-12
g(x) = 1.2664e-12
g(x) = 1.1475e-12
g(x) = 1.0398e-12
g(x) = 9.4225e-13
g(x) = 8.5385e-13
g(x) = 7.7377e-13
g(x) = 7.0121e-13
g(x) = 6.3548e-13
g(x) = 5.7592e-13
g(x) = 5.2195e-13
g(x) = 4.7306e-13
g(x) = 4.2876e-13
g(x) = 3.8861e-13
g(x) = 3.5224e-13
g(x) = 3.1927e-13
g(x) = 2.894e-13
g(x) = 2.6234e-13
g(x) = 2.378e-13
g(x) = 2.1557e-13
g(x) = 1.9542e-13
g(x) = 1.7716e-13
g(x) = 1.6061e-13
g(x) = 1.4561e-13
g(x) = 1.3202e-13
g(x) = 1.197e-13
g(x) = 1.0853e-13
g(x) = 9.8401e-14
g(x) = 8.9223e-14
g(x) = 8.0903e-14
g(x) = 7.3361e-14
g(x) = 6.6523e-14
g(x) = 6.0325e-14
g(x) = 5.4705e-14
g(x) = 4.9611e-14
g(x) = 4.4992e-14
g(x) = 4.0804e-14
g(x) = 3.7006e-14
g(x) = 3.3564e-14
g(x) = 3.0442e-14
g(x) = 2.7611e-14
g(x) = 2.5044e-14
g(x) = 2.2717e-14
g(x) = 2.0606e-14
g(x) = 1.8692e-14
g(x) = 1.6956e-14
g(x) = 1.5382e-14
g(x) = 1.3954e-14
g(x) = 1.2659e-14
g(x) = 1.1485e-14
g(x) = 1.0419e-14
g(x) = 9.4532e-15
g(x) = 8.5769e-15
g(x) = 7.782e-15
g(x) = 7.0609e-15
g(x) = 6.4069e-15
g(x) = 5.8135e-15
g(x) = 5.2753e-15
g(x) = 4.787e-15
g(x) = 4.344e-15
g(x) = 3.9421e-15
g(x) = 3.5775e-15
g(x) = 3.2467e-15
g(x) = 2.9466e-15
g(x) = 2.6742e-15
g(x) = 2.4272e-15
g(x) = 2.2029e-15
g(x) = 1.9995e-15
g(x) = 1.8149e-15
g(x) = 1.6474e-15
g(x) = 1.4953e-15
g(x) = 1.3574e-15
g(x) = 1.2322e-15
g(x) = 1.1186e-15
g(x) = 1.0154e-15
g(x) = 9.2186e-16

--------------------------------
        Initial Matrices        
--------------------------------

M_0^0 = { { (+0.00776,+0.00000), (-0.02118,+0.01815), (+0.06476,+0.05225)},
          { (-0.02118,-0.01815), (+0.10022,+0.00000), (-0.05455,-0.29398)},
          { (+0.06476,-0.05225), (-0.05455,+0.29398), (+0.89202,+0.00000)} } 

|M^2-M|  = 0.00000
tr(M^2-M)  = (-0.00000,0.00000)
is M PD? = 0

M_1^0 = { { (+0.69140,+0.00000), (+0.38559,+0.21305), (-0.09683,+0.09961)},
          { (+0.38559,-0.21305), (+0.28068,+0.00000), (-0.02331,+0.08539)},
          { (-0.09683,-0.09961), (-0.02331,-0.08539), (+0.02791,+0.00000)} } 

|M^2-M|  = 0.00000
tr(M^2-M)  = (-0.00000,0.00000)
is M PD? = 1

M_2^0 = { { (+0.30083,+0.00000), (-0.36441,-0.23120), (+0.03207,-0.15186)},
          { (-0.36441,+0.23120), (+0.61909,+0.00000), (+0.07786,+0.20859)},
          { (+0.03207,+0.15186), (+0.07786,-0.20859), (+0.08007,+0.00000)} } 

|M^2-M|  = 0.00000
tr(M^2-M)  = (0.00000,0.00000)
is M PD? = 0

M_0^1 = { { (+0.16922,+0.00000), (+0.17767,+0.18384), (+0.24065,-0.13158)},
          { (+0.17767,-0.18384), (+0.38624,+0.00000), (+0.10971,-0.39958)},
          { (+0.24065,+0.13158), (+0.10971,+0.39958), (+0.44453,+0.00000)} } 

|M^2-M|  = 0.00000
tr(M^2-M)  = (-0.00000,0.00000)
is M PD? = 0

M_1^1 = { { (+0.12941,+0.00000), (+0.17793,+0.09858), (-0.20257,+0.17392)},
          { (+0.17793,-0.09858), (+0.31975,+0.00000), (-0.14605,+0.39345)},
          { (-0.20257,-0.17392), (-0.14605,-0.39345), (+0.55084,+0.00000)} } 

|M^2-M|  = 0.00000
tr(M^2-M)  = (0.00000,0.00000)
is M PD? = 0

M_2^1 = { { (+0.70137,+0.00000), (-0.35560,-0.28242), (-0.03807,-0.04233)},
          { (-0.35560,+0.28242), (+0.29401,+0.00000), (+0.03635,+0.00613)},
          { (-0.03807,+0.04233), (+0.03635,-0.00613), (+0.00462,+0.00000)} } 

|M^2-M|  = 0.00000
tr(M^2-M)  = (0.00000,0.00000)
is M PD? = 0

M_0^2 = { { (+0.50085,+0.00000), (+0.40361,+0.17230), (+0.15443,+0.18321)},
          { (+0.40361,-0.17230), (+0.38451,+0.00000), (+0.18747,+0.09451)},
          { (+0.15443,-0.18321), (+0.18747,-0.09451), (+0.11463,+0.00000)} } 

|M^2-M|  = 0.00000
tr(M^2-M)  = (-0.00000,0.00000)
is M PD? = 0

M_1^2 = { { (+0.11699,+0.00000), (-0.10108,+0.10289), (+0.09254,-0.27191)},
          { (-0.10108,-0.10289), (+0.17783,+0.00000), (-0.31911,+0.15354)},
          { (+0.09254,+0.27191), (-0.31911,-0.15354), (+0.70518,+0.00000)} } 

|M^2-M|  = 0.00000
tr(M^2-M)  = (-0.00000,0.00000)
is M PD? = 0

M_2^2 = { { (+0.38216,+0.00000), (-0.30253,-0.27519), (-0.24697,+0.08870)},
          { (-0.30253,+0.27519), (+0.43765,+0.00000), (+0.13163,-0.24806)},
          { (-0.24697,-0.08870), (+0.13163,+0.24806), (+0.18019,+0.00000)} } 

|M^2-M|  = 0.00000
tr(M^2-M)  = (0.00000,0.00000)
is M PD? = 0

M_0^3 = { { (+0.10902,+0.00000), (-0.13794,-0.12238), (-0.12968,-0.21520)},
          { (-0.13794,+0.12238), (+0.31192,+0.00000), (+0.40566,+0.12672)},
          { (-0.12968,+0.21520), (+0.40566,-0.12672), (+0.57906,+0.00000)} } 

|M^2-M|  = 0.00000
tr(M^2-M)  = (0.00000,0.00000)
is M PD? = 0

M_1^3 = { { (+0.40386,+0.00000), (+0.10985,-0.32038), (-0.05662,+0.35049)},
          { (+0.10985,+0.32038), (+0.28403,+0.00000), (-0.29344,+0.05042)},
          { (-0.05662,-0.35049), (-0.29344,-0.05042), (+0.31211,+0.00000)} } 

|M^2-M|  = 0.00000
tr(M^2-M)  = (0.00000,0.00000)
is M PD? = 0

M_2^3 = { { (+0.48712,+0.00000), (+0.02809,+0.44276), (+0.18630,-0.13529)},
          { (+0.02809,-0.44276), (+0.40405,+0.00000), (-0.11222,-0.17714)},
          { (+0.18630,+0.13529), (-0.11222,+0.17714), (+0.10883,+0.00000)} } 

|M^2-M|  = 0.00000
tr(M^2-M)  = (0.00000,0.00000)
is M PD? = 0

|X^2-X|  = 0.00000
tr(X^2-X)  = -0.00000
isPD(X) = 0
isPSD(X) = 0

----------------------------------
         Iteration 0
----------------------------------
f = -43.34998   r = 15.54614 ?< 10.00000   g = 0.00000
f = -43.45841   r = 14.02132 ?< 10.00000   g = 0.03762
f = -43.49946   r = 10.51611 ?< 10.00000   g = 0.03683
f = -43.49663   r = 9.75881 ?< 10.00000   g = 0.03325

----------------------------------
         Iteration 1
----------------------------------
f = -43.49663   r = 14.71351 ?< 1.00000   g = 0.03325
f = -43.49256   r = 13.12904 ?< 1.00000   g = 0.03018
f = -43.48942   r = 11.91023 ?< 1.00000   g = 0.02739
f = -43.48686   r = 10.80758 ?< 1.00000   g = 0.02483
f = -43.48457   r = 9.78778 ?< 1.00000   g = 0.02250
f = -43.48236   r = 8.85131 ?< 1.00000   g = 0.02037
f = -43.48013   r = 7.99975 ?< 1.00000   g = 0.01843
f = -43.47785   r = 7.23169 ?< 1.00000   g = 0.01665
f = -43.47551   r = 6.54641 ?< 1.00000   g = 0.01503
f = -43.47313   r = 5.94465 ?< 1.00000   g = 0.01357
f = -43.47072   r = 5.42049 ?< 1.00000   g = 0.01225
f = -43.46831   r = 4.96815 ?< 1.00000   g = 0.01106
f = -43.46589   r = 4.58205 ?< 1.00000   g = 0.00998
f = -43.46587   r = 4.08039 ?< 1.00000   g = 0.00901
f = -43.46901   r = 3.83408 ?< 1.00000   g = 0.00814
f = -43.47695   r = 4.20471 ?< 1.00000   g = 0.00736
f = -43.49277   r = 4.75923 ?< 1.00000   g = 0.00668
f = -43.51808   r = 4.32499 ?< 1.00000   g = 0.00616
f = -43.54190   r = 3.05745 ?< 1.00000   g = 0.00569
f = -43.55734   r = 2.71075 ?< 1.00000   g = 0.00518
f = -43.57298   r = 2.66609 ?< 1.00000   g = 0.00469
f = -43.59107   r = 2.65206 ?< 1.00000   g = 0.00425
f = -43.60996   r = 2.64780 ?< 1.00000   g = 0.00384
f = -43.62829   r = 2.65086 ?< 1.00000   g = 0.00348
f = -43.64560   r = 2.65506 ?< 1.00000   g = 0.00314
f = -43.66182   r = 2.64619 ?< 1.00000   g = 0.00284
f = -43.67703   r = 2.61361 ?< 1.00000   g = 0.00256
f = -43.69130   r = 2.55592 ?< 1.00000   g = 0.00231
f = -43.70471   r = 2.47842 ?< 1.00000   g = 0.00209
f = -43.71735   r = 2.38852 ?< 1.00000   g = 0.00189
f = -43.72930   r = 2.29274 ?< 1.00000   g = 0.00170
f = -43.74065   r = 2.19548 ?< 1.00000   g = 0.00154
f = -43.75151   r = 2.09904 ?< 1.00000   g = 0.00139
f = -43.76193   r = 2.00396 ?< 1.00000   g = 0.00126
f = -43.77200   r = 1.90958 ?< 1.00000   g = 0.00114
f = -43.78176   r = 1.81445 ?< 1.00000   g = 0.00103
f = -43.79127   r = 1.71695 ?< 1.00000   g = 0.00093
f = -43.80057   r = 1.61603 ?< 1.00000   g = 0.00085
f = -43.80968   r = 1.51222 ?< 1.00000   g = 0.00077
f = -43.81868   r = 1.40845 ?< 1.00000   g = 0.00069
f = -43.82761   r = 1.30983 ?< 1.00000   g = 0.00063
f = -43.83657   r = 1.22169 ?< 1.00000   g = 0.00056
f = -43.84562   r = 1.14660 ?< 1.00000   g = 0.00051
f = -43.85480   r = 1.08347 ?< 1.00000   g = 0.00045
f = -43.86412   r = 1.02975 ?< 1.00000   g = 0.00040
f = -43.87353   r = 0.98383 ?< 1.00000   g = 0.00036

----------------------------------
         Iteration 2
----------------------------------
f = -43.87353   r = 1.30834 ?< 0.10000   g = 0.00036
f = -43.88193   r = 1.24156 ?< 0.10000   g = 0.00032
f = -43.89043   r = 1.19562 ?< 0.10000   g = 0.00029
f = -43.89880   r = 1.13596 ?< 0.10000   g = 0.00026
f = -43.90724   r = 1.08448 ?< 0.10000   g = 0.00023
f = -43.91563   r = 1.03962 ?< 0.10000   g = 0.00021
f = -43.92395   r = 1.00790 ?< 0.10000   g = 0.00019
f = -43.93210   r = 0.98836 ?< 0.10000   g = 0.00017
f = -43.94004   r = 0.97742 ?< 0.10000   g = 0.00015
f = -43.94770   r = 0.97223 ?< 0.10000   g = 0.00014
f = -43.95503   r = 0.96723 ?< 0.10000   g = 0.00012
f = -43.96189   r = 0.96103 ?< 0.10000   g = 0.00011
f = -43.96842   r = 0.95337 ?< 0.10000   g = 0.00010
f = -43.97456   r = 0.92160 ?< 0.10000   g = 0.00009
f = -43.98166   r = 0.90877 ?< 0.10000   g = 0.00009
f = -43.98753   r = 0.86328 ?< 0.10000   g = 0.00008
f = -43.99207   r = 0.88931 ?< 0.10000   g = 0.00008
f = -43.99646   r = 0.89759 ?< 0.10000   g = 0.00007
f = -44.00077   r = 0.87152 ?< 0.10000   g = 0.00006
f = -44.00504   r = 0.85118 ?< 0.10000   g = 0.00006
f = -44.00926   r = 0.81151 ?< 0.10000   g = 0.00005
f = -44.01344   r = 0.78589 ?< 0.10000   g = 0.00005
f = -44.01754   r = 0.75044 ?< 0.10000   g = 0.00004
f = -44.02159   r = 0.72890 ?< 0.10000   g = 0.00004
f = -44.02553   r = 0.70413 ?< 0.10000   g = 0.00003
f = -44.02941   r = 0.68545 ?< 0.10000   g = 0.00003
f = -44.03318   r = 0.67339 ?< 0.10000   g = 0.00003
f = -44.03687   r = 0.64485 ?< 0.10000   g = 0.00003
f = -44.04058   r = 0.64902 ?< 0.10000   g = 0.00002
f = -44.04422   r = 0.57488 ?< 0.10000   g = 0.00002
f = -44.04736   r = 0.59902 ?< 0.10000   g = 0.00002
f = -44.05021   r = 0.59062 ?< 0.10000   g = 0.00002
f = -44.05304   r = 0.61344 ?< 0.10000   g = 0.00002
f = -44.05573   r = 0.59647 ?< 0.10000   g = 0.00002
f = -44.05838   r = 0.58025 ?< 0.10000   g = 0.00002
f = -44.06082   r = 0.56077 ?< 0.10000   g = 0.00001
f = -44.06324   r = 0.53102 ?< 0.10000   g = 0.00001
f = -44.06556   r = 0.48462 ?< 0.10000   g = 0.00001
f = -44.06754   r = 0.47287 ?< 0.10000   g = 0.00001
f = -44.06934   r = 0.48025 ?< 0.10000   g = 0.00001
f = -44.07104   r = 0.50384 ?< 0.10000   g = 0.00001
f = -44.07278   r = 0.45984 ?< 0.10000   g = 0.00001
f = -44.07444   r = 0.39176 ?< 0.10000   g = 0.00001
f = -44.07575   r = 0.36193 ?< 0.10000   g = 0.00001
f = -44.07690   r = 0.37772 ?< 0.10000   g = 0.00001
f = -44.07799   r = 0.37936 ?< 0.10000   g = 0.00001
f = -44.07904   r = 0.35306 ?< 0.10000   g = 0.00001
f = -44.08004   r = 0.31688 ?< 0.10000   g = 0.00001
f = -44.08090   r = 0.27486 ?< 0.10000   g = 0.00001
f = -44.08165   r = 0.28652 ?< 0.10000   g = 0.00000
f = -44.08235   r = 0.26104 ?< 0.10000   g = 0.00000
f = -44.08298   r = 0.27052 ?< 0.10000   g = 0.00000
f = -44.08357   r = 0.24221 ?< 0.10000   g = 0.00000
f = -44.08411   r = 0.24012 ?< 0.10000   g = 0.00000
f = -44.08461   r = 0.21813 ?< 0.10000   g = 0.00000
f = -44.08509   r = 0.20333 ?< 0.10000   g = 0.00000
f = -44.08552   r = 0.19422 ?< 0.10000   g = 0.00000
f = -44.08591   r = 0.18708 ?< 0.10000   g = 0.00000
f = -44.08627   r = 0.18442 ?< 0.10000   g = 0.00000
f = -44.08661   r = 0.18065 ?< 0.10000   g = 0.00000
f = -44.08693   r = 0.17304 ?< 0.10000   g = 0.00000
f = -44.08724   r = 0.17083 ?< 0.10000   g = 0.00000
f = -44.08753   r = 0.15761 ?< 0.10000   g = 0.00000
f = -44.08780   r = 0.15939 ?< 0.10000   g = 0.00000
f = -44.08805   r = 0.15544 ?< 0.10000   g = 0.00000
f = -44.08829   r = 0.16031 ?< 0.10000   g = 0.00000
f = -44.08850   r = 0.15806 ?< 0.10000   g = 0.00000
f = -44.08871   r = 0.15905 ?< 0.10000   g = 0.00000
f = -44.08891   r = 0.15405 ?< 0.10000   g = 0.00000
f = -44.08911   r = 0.15016 ?< 0.10000   g = 0.00000
f = -44.08929   r = 0.14534 ?< 0.10000   g = 0.00000
f = -44.08945   r = 0.14223 ?< 0.10000   g = 0.00000
f = -44.08961   r = 0.14346 ?< 0.10000   g = 0.00000
f = -44.08975   r = 0.14091 ?< 0.10000   g = 0.00000
f = -44.08988   r = 0.13681 ?< 0.10000   g = 0.00000
f = -44.08999   r = 0.12987 ?< 0.10000   g = 0.00000
f = -44.09010   r = 0.12291 ?< 0.10000   g = 0.00000
f = -44.09020   r = 0.11555 ?< 0.10000   g = 0.00000
f = -44.09029   r = 0.10855 ?< 0.10000   g = 0.00000
f = -44.09036   r = 0.10209 ?< 0.10000   g = 0.00000
f = -44.09043   r = 0.09626 ?< 0.10000   g = 0.00000

----------------------------------
         Iteration 3
----------------------------------
f = -44.09043   r = 0.12300 ?< 0.01000   g = 0.00000
f = -44.09049   r = 0.11602 ?< 0.01000   g = 0.00000
f = -44.09054   r = 0.10909 ?< 0.01000   g = 0.00000
f = -44.09059   r = 0.10104 ?< 0.01000   g = 0.00000
f = -44.09062   r = 0.09238 ?< 0.01000   g = 0.00000
f = -44.09065   r = 0.08390 ?< 0.01000   g = 0.00000
f = -44.09068   r = 0.07589 ?< 0.01000   g = 0.00000
f = -44.09070   r = 0.06851 ?< 0.01000   g = 0.00000
f = -44.09072   r = 0.06177 ?< 0.01000   g = 0.00000
f = -44.09074   r = 0.05567 ?< 0.01000   g = 0.00000
f = -44.09075   r = 0.05019 ?< 0.01000   g = 0.00000
f = -44.09076   r = 0.04529 ?< 0.01000   g = 0.00000
f = -44.09077   r = 0.04092 ?< 0.01000   g = 0.00000
f = -44.09078   r = 0.03705 ?< 0.01000   g = 0.00000
f = -44.09078   r = 0.03362 ?< 0.01000   g = 0.00000
f = -44.09079   r = 0.03061 ?< 0.01000   g = 0.00000
f = -44.09079   r = 0.02794 ?< 0.01000   g = 0.00000
f = -44.09079   r = 0.02558 ?< 0.01000   g = 0.00000
f = -44.09080   r = 0.02348 ?< 0.01000   g = 0.00000
f = -44.09080   r = 0.02158 ?< 0.01000   g = 0.00000
f = -44.09080   r = 0.01985 ?< 0.01000   g = 0.00000
f = -44.09080   r = 0.01826 ?< 0.01000   g = 0.00000
f = -44.09080   r = 0.01679 ?< 0.01000   g = 0.00000
f = -44.09081   r = 0.01543 ?< 0.01000   g = 0.00000
f = -44.09081   r = 0.01416 ?< 0.01000   g = 0.00000
f = -44.09081   r = 0.01299 ?< 0.01000   g = 0.00000
f = -44.09081   r = 0.01191 ?< 0.01000   g = 0.00000
f = -44.09081   r = 0.01092 ?< 0.01000   g = 0.00000
f = -44.09081   r = 0.01001 ?< 0.01000   g = 0.00000
f = -44.09081   r = 0.00918 ?< 0.01000   g = 0.00000

----------------------------------
         Iteration 4
----------------------------------
f = -44.09081   r = 0.01406 ?< 0.00100   g = 0.00000
f = -44.09081   r = 0.01268 ?< 0.00100   g = 0.00000
f = -44.09081   r = 0.01158 ?< 0.00100   g = 0.00000
f = -44.09081   r = 0.01057 ?< 0.00100   g = 0.00000
f = -44.09081   r = 0.00964 ?< 0.00100   g = 0.00000
f = -44.09081   r = 0.00879 ?< 0.00100   g = 0.00000
f = -44.09081   r = 0.00802 ?< 0.00100   g = 0.00000
f = -44.09081   r = 0.00735 ?< 0.00100   g = 0.00000
f = -44.09081   r = 0.00676 ?< 0.00100   g = 0.00000
f = -44.09081   r = 0.00625 ?< 0.00100   g = 0.00000
f = -44.09081   r = 0.00583 ?< 0.00100   g = 0.00000
f = -44.09081   r = 0.00547 ?< 0.00100   g = 0.00000
f = -44.09081   r = 0.00518 ?< 0.00100   g = 0.00000
f = -44.09081   r = 0.00493 ?< 0.00100   g = 0.00000
f = -44.09081   r = 0.00471 ?< 0.00100   g = 0.00000
f = -44.09081   r = 0.00452 ?< 0.00100   g = 0.00000
f = -44.09081   r = 0.00435 ?< 0.00100   g = 0.00000
f = -44.09081   r = 0.00419 ?< 0.00100   g = 0.00000
f = -44.09081   r = 0.00403 ?< 0.00100   g = 0.00000
f = -44.09081   r = 0.00386 ?< 0.00100   g = 0.00000
f = -44.09081   r = 0.00369 ?< 0.00100   g = 0.00000
f = -44.09081   r = 0.00352 ?< 0.00100   g = 0.00000
f = -44.09081   r = 0.00334 ?< 0.00100   g = 0.00000
f = -44.09081   r = 0.00315 ?< 0.00100   g = 0.00000
f = -44.09081   r = 0.00296 ?< 0.00100   g = 0.00000
f = -44.09081   r = 0.00277 ?< 0.00100   g = 0.00000
f = -44.09081   r = 0.00258 ?< 0.00100   g = 0.00000
f = -44.09081   r = 0.00239 ?< 0.00100   g = 0.00000
f = -44.09082   r = 0.00221 ?< 0.00100   g = 0.00000
f = -44.09082   r = 0.00204 ?< 0.00100   g = 0.00000
f = -44.09082   r = 0.00188 ?< 0.00100   g = 0.00000
f = -44.09082   r = 0.00172 ?< 0.00100   g = 0.00000
f = -44.09082   r = 0.00159 ?< 0.00100   g = 0.00000
f = -44.09082   r = 0.00146 ?< 0.00100   g = 0.00000
f = -44.09082   r = 0.00134 ?< 0.00100   g = 0.00000
f = -44.09082   r = 0.00124 ?< 0.00100   g = 0.00000
f = -44.09082   r = 0.00115 ?< 0.00100   g = 0.00000
f = -44.09082   r = 0.00105 ?< 0.00100   g = 0.00000
f = -44.09082   r = 0.00096 ?< 0.00100   g = 0.00000

----------------------------------
         Iteration 5
----------------------------------
f = -44.09082   r = 0.00135 ?< 0.00010   g = 0.00000
f = -44.09082   r = 0.00123 ?< 0.00010   g = 0.00000
f = -44.09082   r = 0.00111 ?< 0.00010   g = 0.00000
f = -44.09082   r = 0.00101 ?< 0.00010   g = 0.00000
f = -44.09082   r = 0.00091 ?< 0.00010   g = 0.00000
f = -44.09082   r = 0.00082 ?< 0.00010   g = 0.00000
f = -44.09082   r = 0.00075 ?< 0.00010   g = 0.00000
f = -44.09082   r = 0.00068 ?< 0.00010   g = 0.00000
f = -44.09082   r = 0.00061 ?< 0.00010   g = 0.00000
f = -44.09082   r = 0.00055 ?< 0.00010   g = 0.00000
f = -44.09082   r = 0.00050 ?< 0.00010   g = 0.00000
f = -44.09082   r = 0.00045 ?< 0.00010   g = 0.00000
f = -44.09082   r = 0.00041 ?< 0.00010   g = 0.00000
f = -44.09082   r = 0.00041 ?< 0.00010   g = 0.00000
f = -44.09082   r = 0.00040 ?< 0.00010   g = 0.00000
f = -44.09082   r = 0.00040 ?< 0.00010   g = 0.00000
f = -44.09082   r = 0.00039 ?< 0.00010   g = 0.00000
f = -44.09082   r = 0.00039 ?< 0.00010   g = 0.00000
f = -44.09082   r = 0.00039 ?< 0.00010   g = 0.00000
f = -44.09082   r = 0.00039 ?< 0.00010   g = 0.00000
f = -44.09082   r = 0.00039 ?< 0.00010   g = 0.00000
f = -44.09082   r = 0.00038 ?< 0.00010   g = 0.00000
f = -44.09082   r = 0.00038 ?< 0.00010   g = 0.00000
f = -44.09082   r = 0.00038 ?< 0.00010   g = 0.00000
f = -44.09082   r = 0.00038 ?< 0.00010   g = 0.00000
f = -44.09082   r = 0.00038 ?< 0.00010   g = 0.00000
f = -44.09082   r = 0.00038 ?< 0.00010   g = 0.00000
f = -44.09082   r = 0.00038 ?< 0.00010   g = 0.00000
f = -44.09082   r = 0.00038 ?< 0.00010   g = 0.00000
f = -44.09082   r = 0.00038 ?< 0.00010   g = 0.00000
f = -44.09082   r = 0.00038 ?< 0.00010   g = 0.00000
f = -44.09082   r = 0.00038 ?< 0.00010   g = 0.00000
f = -44.09082   r = 0.00003 ?< 0.00010   g = 0.00000

----------------------------------
         Iteration 6
----------------------------------
f = -44.09082   r = 0.00008 ?< 0.00001   g = 0.00000
f = -44.09082   r = 0.00003 ?< 0.00001   g = 0.00000
f = -44.09082   r = 0.00003 ?< 0.00001   g = 0.00000
f = -44.09082   r = 0.00003 ?< 0.00001   g = 0.00000
f = -44.09082   r = 0.00006 ?< 0.00001   g = 0.00000
f = -44.09082   r = 0.00006 ?< 0.00001   g = 0.00000
f = -44.09082   r = 0.00005 ?< 0.00001   g = 0.00000
f = -44.09082   r = 0.00003 ?< 0.00001   g = 0.00000
f = -44.09082   r = 0.00001 ?< 0.00001   g = 0.00000
f = -44.09082   r = 0.00001 ?< 0.00001   g = 0.00000
f = -44.09082   r = 0.00001 ?< 0.00001   g = 0.00000

----------------------------------
         Iteration 7
----------------------------------
f = -44.09082   r = 0.00001 ?< 0.00000   g = 0.00000
f = -44.09082   r = 0.00001 ?< 0.00000   g = 0.00000
f = -44.09082   r = 0.00000 ?< 0.00000   g = 0.00000
f = -44.09082   r = 0.00000 ?< 0.00000   g = 0.00000
f = -44.09082   r = 0.00000 ?< 0.00000   g = 0.00000

--------------------------------
      Final Z 
--------------------------------

Z_0^0 = { { (+0.00000,+0.00000), (+0.00000,-0.00000), (-0.00000,-0.00000)},
          { (+0.00000,+0.00000), (+0.00000,-0.00000), (-0.00000,+0.00000)},
          { (-0.00000,+0.00000), (-0.00000,-0.00000), (+0.00000,-0.00000)} } 

Z_1^0 = { { (+0.00000,+0.00000), (-0.00000,-0.00000), (+0.00000,+0.00000)},
          { (-0.00000,+0.00000), (+0.00000,-0.00000), (+0.00000,+0.00000)},
          { (+0.00000,-0.00000), (+0.00000,-0.00000), (+0.00000,+0.00000)} } 

Z_2^0 = { { (+0.00000,-0.00000), (+0.00000,+0.00000), (-0.00000,+0.00000)},
          { (+0.00000,-0.00000), (+0.00000,-0.00000), (-0.00000,-0.00000)},
          { (-0.00000,-0.00000), (-0.00000,+0.00000), (+0.00000,-0.00000)} } 

Z_0^1 = { { (+0.00000,-0.00000), (-0.00000,-0.00000), (-0.00000,+0.00000)},
          { (-0.00000,+0.00000), (+0.00000,+0.00000), (+0.00000,+0.00000)},
          { (-0.00000,-0.00000), (+0.00000,-0.00000), (+0.00000,+0.00000)} } 

Z_1^1 = { { (+0.00000,+0.00000), (-0.00000,-0.00000), (+0.00000,-0.00000)},
          { (-0.00000,+0.00000), (+0.00000,-0.00000), (-0.00000,-0.00000)},
          { (+0.00000,+0.00000), (-0.00000,+0.00000), (+0.00000,-0.00000)} } 

Z_2^1 = { { (+0.00000,+0.00000), (+0.00000,+0.00000), (-0.00000,+0.00000)},
          { (+0.00000,-0.00000), (+0.00000,-0.00000), (+0.00000,-0.00000)},
          { (-0.00000,-0.00000), (+0.00000,+0.00000), (+0.00000,-0.00000)} } 

Z_0^2 = { { (+0.00000,+0.00000), (-0.00000,+0.00000), (-0.00000,-0.00000)},
          { (-0.00000,-0.00000), (+0.00000,-0.00000), (-0.00000,-0.00000)},
          { (-0.00000,+0.00000), (-0.00000,+0.00000), (+0.00000,-0.00000)} } 

Z_1^2 = { { (+0.00000,+0.00000), (+0.00000,-0.00000), (-0.00000,+0.00000)},
          { (+0.00000,+0.00000), (+0.00000,+0.00000), (+0.00000,-0.00000)},
          { (-0.00000,-0.00000), (+0.00000,+0.00000), (+0.00000,-0.00000)} } 

Z_2^2 = { { (+0.00000,-0.00000), (+0.00000,+0.00000), (+0.00000,-0.00000)},
          { (+0.00000,-0.00000), (+0.00000,+0.00000), (-0.00000,+0.00000)},
          { (+0.00000,+0.00000), (-0.00000,-0.00000), (+0.00000,+0.00000)} } 

Z_0^3 = { { (+0.00000,+0.00000), (+0.00000,+0.00000), (-0.00000,+0.00000)},
          { (+0.00000,-0.00000), (+0.00000,+0.00000), (-0.00000,-0.00000)},
          { (-0.00000,-0.00000), (-0.00000,+0.00000), (+0.00000,-0.00000)} } 

Z_1^3 = { { (+0.00000,-0.00000), (-0.00000,+0.00000), (+0.00000,-0.00000)},
          { (-0.00000,-0.00000), (+0.00000,+0.00000), (+0.00000,-0.00000)},
          { (+0.00000,+0.00000), (+0.00000,+0.00000), (+0.00000,+0.00000)} } 

Z_2^3 = { { (+0.00000,-0.00000), (+0.00000,-0.00000), (-0.00000,-0.00000)},
          { (+0.00000,+0.00000), (+0.00000,-0.00000), (-0.00000,+0.00000)},
          { (-0.00000,+0.00000), (-0.00000,-0.00000), (+0.00000,-0.00000)} } 

----------------------------------
         Final Matrices 
----------------------------------

M_0^0 = { { (+0.18072,+0.00000), (-0.06039,+0.06606), (+0.25551,+0.27343)},
          { (-0.06039,-0.06606), (+0.04433,+0.00000), (+0.01457,-0.18477)},
          { (+0.25551,-0.27343), (+0.01457,+0.18477), (+0.77495,+0.00000)} } 

|M^2-M|  = 0.00000
is M PD? = 0

M_1^0 = { { (+0.76716,+0.00000), (+0.24320,+0.04458), (-0.26814,-0.21353)},
          { (+0.24320,-0.04458), (+0.07969,+0.00000), (-0.09741,-0.05211)},
          { (-0.26814,+0.21353), (-0.09741,+0.05211), (+0.15316,+0.00000)} } 

|M^2-M|  = 0.00000
is M PD? = 0

M_2^0 = { { (+0.05212,+0.00000), (-0.18280,-0.11064), (+0.01263,-0.05990)},
          { (-0.18280,+0.11064), (+0.87598,+0.00000), (+0.08284,+0.23688)},
          { (+0.01263,+0.05990), (+0.08284,-0.23688), (+0.07189,+0.00000)} } 

|M^2-M|  = 0.00000
is M PD? = 0

M_0^1 = { { (+0.05609,+0.00000), (+0.19131,+0.00223), (+0.00048,-0.12781)},
          { (+0.19131,-0.00223), (+0.65265,+0.00000), (-0.00345,-0.43598)},
          { (+0.00048,+0.12781), (-0.00345,+0.43598), (+0.29126,+0.00000)} } 

|M^2-M|  = 0.00000
is M PD? = 0

M_1^1 = { { (+0.19173,+0.00000), (+0.04928,+0.19798), (-0.29608,+0.16025)},
          { (+0.04928,-0.19798), (+0.21710,+0.00000), (+0.08937,+0.34692)},
          { (-0.29608,-0.16025), (+0.08937,-0.34692), (+0.59117,+0.00000)} } 

|M^2-M|  = 0.00000
is M PD? = 1

M_2^1 = { { (+0.75218,+0.00000), (-0.24059,-0.20021), (+0.29561,-0.03244)},
          { (-0.24059,+0.20021), (+0.13025,+0.00000), (-0.08592,+0.08906)},
          { (+0.29561,+0.03244), (-0.08592,-0.08906), (+0.11757,+0.00000)} } 

|M^2-M|  = 0.00000
is M PD? = 0

M_0^2 = { { (+0.42401,+0.00000), (+0.40683,-0.03265), (+0.24852,+0.12605)},
          { (+0.40683,+0.03265), (+0.39286,+0.00000), (+0.22874,+0.14008)},
          { (+0.24852,-0.12605), (+0.22874,-0.14008), (+0.18313,+0.00000)} } 

|M^2-M|  = 0.00000
is M PD? = 0

M_1^2 = { { (+0.14890,+0.00000), (-0.10178,+0.19577), (+0.07480,-0.26917)},
          { (-0.10178,-0.19577), (+0.32695,+0.00000), (-0.40501,+0.08563)},
          { (+0.07480,+0.26917), (-0.40501,-0.08563), (+0.52415,+0.00000)} } 

|M^2-M|  = 0.00000
is M PD? = 1

M_2^2 = { { (+0.42709,+0.00000), (-0.30505,-0.16312), (-0.32332,+0.14312)},
          { (-0.30505,+0.16312), (+0.28019,+0.00000), (+0.17627,-0.22571)},
          { (-0.32332,-0.14312), (+0.17627,+0.22571), (+0.29272,+0.00000)} } 

|M^2-M|  = 0.00000
is M PD? = 0

M_0^3 = { { (+0.21532,+0.00000), (-0.01270,-0.16859), (+0.03493,-0.37304)},
          { (-0.01270,+0.16859), (+0.13275,+0.00000), (+0.29001,+0.04936)},
          { (+0.03493,+0.37304), (+0.29001,-0.04936), (+0.65193,+0.00000)} } 

|M^2-M|  = 0.00000
is M PD? = 0

M_1^3 = { { (+0.26618,+0.00000), (+0.14366,-0.29878), (-0.10079,+0.27434)},
          { (+0.14366,+0.29878), (+0.41290,+0.00000), (-0.36234,+0.03493)},
          { (-0.10079,-0.27434), (-0.36234,-0.03493), (+0.32092,+0.00000)} } 

|M^2-M|  = 0.00000
is M PD? = 0

M_2^3 = { { (+0.51850,+0.00000), (-0.13096,+0.46737), (+0.06586,+0.09869)},
          { (-0.13096,-0.46737), (+0.45435,+0.00000), (+0.07233,-0.08429)},
          { (+0.06586,-0.09869), (+0.07233,+0.08429), (+0.02715,+0.00000)} } 

|M^2-M|  = 0.00000
is M PD? = 0

----------------------------------
         Final Output 
----------------------------------
        |r(w)| = 0.00000 < 0.00001
         -f(x) = 44.09082 <= 44.09082
          g(x) = 0.00000
         -L(w) = 44.09082
         <X,Z> = 0.00001
           |y| = 607.39567
      y^T*g(x) = -0.00000
     |delf(x)| = 0.00000
     |delL(w)| = 0.00000
     |delg(x)| = 0.00000
    |del2f(x)| = 19.16491
    |del2L(w)| = 1466.64517
    |del2g(x)| = 147.51271
   total inner = 249
    time taken = 3726 ms
