--------------------------------
          System Info           
--------------------------------
               d = 3
               n = 5
  size of vector = 80
  size of matrix = 90 x 90 ~ 0 MB 
         epsilon = 1e-05
       epsilon_0 = 0.9
     g(x) thresh = 1e-15
      initial mu = 1
             M_c = 10
  extra diagonal = 1
       muScaling = 10
             rho = 0.5
              nu = 0.9
           gamma = 1
            beta = 0.1
     f(x) factor = 1
     g(x) factor = 0.01
           cores = 1

--------------------------------
     Finding Interior Point 
--------------------------------
g(x) = 15.465
g(x) = 3.7717
g(x) = 2.7226
g(x) = 2.2785
g(x) = 2.0231
g(x) = 1.8443
g(x) = 1.7005
g(x) = 1.5735
g(x) = 1.4548
g(x) = 1.3403
g(x) = 1.2285
g(x) = 1.1191
g(x) = 1.0126
g(x) = 0.90995
g(x) = 0.81207
g(x) = 0.71984
g(x) = 0.63397
g(x) = 0.55493
g(x) = 0.483
g(x) = 0.41824
g(x) = 0.36054
g(x) = 0.30963
g(x) = 0.26511
g(x) = 0.22649
g(x) = 0.19322
g(x) = 0.16473
g(x) = 0.14042
g(x) = 0.11974
g(x) = 0.10219
g(x) = 0.087287
g(x) = 0.074635
g(x) = 0.063885
g(x) = 0.054738
g(x) = 0.046945
g(x) = 0.040296
g(x) = 0.034615
g(x) = 0.029755
g(x) = 0.025593
g(x) = 0.022027
g(x) = 0.018967
g(x) = 0.016341
g(x) = 0.014086
g(x) = 0.012148
g(x) = 0.010483
g(x) = 0.0090503
g(x) = 0.007818
g(x) = 0.0067575
g(x) = 0.0058444
g(x) = 0.0050578
g(x) = 0.00438
g(x) = 0.0037956
g(x) = 0.0032914
g(x) = 0.0028563
g(x) = 0.0024805
g(x) = 0.0021558
g(x) = 0.001875
g(x) = 0.0016321
g(x) = 0.0014217
g(x) = 0.0012395
g(x) = 0.0010814
g(x) = 0.00094432
g(x) = 0.00082526
g(x) = 0.0007218
g(x) = 0.00063182
g(x) = 0.00055351
g(x) = 0.00048529
g(x) = 0.00042583
g(x) = 0.00037395
g(x) = 0.00032865
g(x) = 0.00028906
g(x) = 0.00025444
g(x) = 0.00022414
g(x) = 0.00019759
g(x) = 0.00017432
g(x) = 0.0001539
g(x) = 0.00013597
g(x) = 0.00012022
g(x) = 0.00010636
g(x) = 9.4162e-05
g(x) = 8.342e-05
g(x) = 7.3951e-05
g(x) = 6.5598e-05
g(x) = 5.8224e-05
g(x) = 5.171e-05
g(x) = 4.5951e-05
g(x) = 4.0857e-05
g(x) = 3.6348e-05
g(x) = 3.2353e-05
g(x) = 2.8813e-05
g(x) = 2.5673e-05
g(x) = 2.2886e-05
g(x) = 2.0411e-05
g(x) = 1.8212e-05
g(x) = 1.6257e-05
g(x) = 1.4518e-05
g(x) = 1.2971e-05
g(x) = 1.1593e-05
g(x) = 1.0365e-05
g(x) = 9.2709e-06
g(x) = 8.2951e-06
g(x) = 7.4246e-06
g(x) = 6.6476e-06
g(x) = 5.9538e-06
g(x) = 5.3341e-06
g(x) = 4.7802e-06
g(x) = 4.2851e-06
g(x) = 3.8423e-06
g(x) = 3.4462e-06
g(x) = 3.0917e-06
g(x) = 2.7743e-06
g(x) = 2.4901e-06
g(x) = 2.2355e-06
g(x) = 2.0073e-06
g(x) = 1.8028e-06
g(x) = 1.6195e-06
g(x) = 1.4551e-06
g(x) = 1.3076e-06
g(x) = 1.1753e-06
g(x) = 1.0565e-06
g(x) = 9.4994e-07
g(x) = 8.5423e-07
g(x) = 7.6828e-07
g(x) = 6.9108e-07
g(x) = 6.2172e-07
g(x) = 5.594e-07
g(x) = 5.0339e-07
g(x) = 4.5305e-07
g(x) = 4.0779e-07
g(x) = 3.671e-07
g(x) = 3.305e-07
g(x) = 2.9758e-07
g(x) = 2.6797e-07
g(x) = 2.4134e-07
g(x) = 2.1737e-07
g(x) = 1.958e-07
g(x) = 1.7638e-07
g(x) = 1.5891e-07
g(x) = 1.4318e-07
g(x) = 1.2901e-07
g(x) = 1.1626e-07
g(x) = 1.0478e-07
g(x) = 9.4437e-08
g(x) = 8.5122e-08
g(x) = 7.6731e-08
g(x) = 6.9173e-08
g(x) = 6.2363e-08
g(x) = 5.6227e-08
g(x) = 5.0699e-08
g(x) = 4.5716e-08
g(x) = 4.1226e-08
g(x) = 3.718e-08
g(x) = 3.3532e-08
g(x) = 3.0244e-08
g(x) = 2.728e-08
g(x) = 2.4608e-08
g(x) = 2.2199e-08
g(x) = 2.0027e-08
g(x) = 1.8068e-08
g(x) = 1.6301e-08
g(x) = 1.4709e-08
g(x) = 1.3272e-08
g(x) = 1.1976e-08
g(x) = 1.0808e-08
g(x) = 9.7534e-09
g(x) = 8.8024e-09
g(x) = 7.9446e-09
g(x) = 7.1706e-09
g(x) = 6.4724e-09
g(x) = 5.8424e-09
g(x) = 5.2739e-09
g(x) = 4.761e-09
g(x) = 4.2981e-09
g(x) = 3.8804e-09
g(x) = 3.5035e-09
g(x) = 3.1633e-09
g(x) = 2.8562e-09
g(x) = 2.5791e-09
g(x) = 2.3289e-09
g(x) = 2.1031e-09
g(x) = 1.8992e-09
g(x) = 1.7152e-09
g(x) = 1.5491e-09
g(x) = 1.3991e-09
g(x) = 1.2637e-09
g(x) = 1.1414e-09
g(x) = 1.031e-09
g(x) = 9.3136e-10
g(x) = 8.4135e-10
g(x) = 7.6006e-10
g(x) = 6.8665e-10
g(x) = 6.2036e-10
g(x) = 5.6049e-10
g(x) = 5.0641e-10
g(x) = 4.5757e-10
g(x) = 4.1345e-10
g(x) = 3.736e-10
g(x) = 3.3761e-10
g(x) = 3.0509e-10
g(x) = 2.7571e-10
g(x) = 2.4918e-10
g(x) = 2.252e-10
g(x) = 2.0354e-10
g(x) = 1.8397e-10
g(x) = 1.6628e-10
g(x) = 1.503e-10
g(x) = 1.3587e-10
g(x) = 1.2282e-10
g(x) = 1.1103e-10
g(x) = 1.0037e-10
g(x) = 9.0745e-11
g(x) = 8.2042e-11
g(x) = 7.4177e-11
g(x) = 6.7067e-11
g(x) = 6.0642e-11
g(x) = 5.4834e-11
g(x) = 4.9584e-11
g(x) = 4.4838e-11
g(x) = 4.0548e-11
g(x) = 3.6669e-11
g(x) = 3.3163e-11
g(x) = 2.9993e-11
g(x) = 2.7127e-11
g(x) = 2.4535e-11
g(x) = 2.2192e-11
g(x) = 2.0074e-11
g(x) = 1.8158e-11
g(x) = 1.6426e-11
g(x) = 1.4859e-11
g(x) = 1.3442e-11
g(x) = 1.2161e-11
g(x) = 1.1002e-11
g(x) = 9.9544e-12
g(x) = 9.0065e-12
g(x) = 8.1492e-12
g(x) = 7.3738e-12
g(x) = 6.6723e-12
g(x) = 6.0378e-12
g(x) = 5.4638e-12
g(x) = 4.9446e-12
g(x) = 4.4748e-12
g(x) = 4.0498e-12
g(x) = 3.6653e-12
g(x) = 3.3174e-12
g(x) = 3.0026e-12
g(x) = 2.7178e-12
g(x) = 2.4601e-12
g(x) = 2.2269e-12
g(x) = 2.0159e-12
g(x) = 1.8249e-12
g(x) = 1.6521e-12
g(x) = 1.4957e-12
g(x) = 1.3542e-12
g(x) = 1.226e-12
g(x) = 1.1101e-12
g(x) = 1.0051e-12
g(x) = 9.1012e-13
g(x) = 8.2413e-13
g(x) = 7.4628e-13
g(x) = 6.7581e-13
g(x) = 6.1202e-13
g(x) = 5.5426e-13
g(x) = 5.0197e-13
g(x) = 4.5464e-13
g(x) = 4.1177e-13
g(x) = 3.7296e-13
g(x) = 3.3783e-13
g(x) = 3.0601e-13
g(x) = 2.7719e-13
g(x) = 2.511e-13
g(x) = 2.2747e-13
g(x) = 2.0608e-13
g(x) = 1.867e-13
g(x) = 1.6915e-13
g(x) = 1.5325e-13
g(x) = 1.3885e-13
g(x) = 1.2581e-13
g(x) = 1.14e-13
g(x) = 1.033e-13
g(x) = 9.3607e-14
g(x) = 8.4826e-14
g(x) = 7.6872e-14
g(x) = 6.9666e-14
g(x) = 6.3137e-14
g(x) = 5.7223e-14
g(x) = 5.1863e-14
g(x) = 4.7008e-14
g(x) = 4.2608e-14
g(x) = 3.8621e-14
g(x) = 3.5009e-14
g(x) = 3.1735e-14
g(x) = 2.8769e-14
g(x) = 2.608e-14
g(x) = 2.3644e-14
g(x) = 2.1436e-14
g(x) = 1.9435e-14
g(x) = 1.7621e-14
g(x) = 1.5977e-14
g(x) = 1.4486e-14
g(x) = 1.3136e-14
g(x) = 1.1911e-14
g(x) = 1.0801e-14
g(x) = 9.7948e-15
g(x) = 8.8826e-15
g(x) = 8.0556e-15
g(x) = 7.3058e-15
g(x) = 6.626e-15
g(x) = 6.0097e-15
g(x) = 5.4508e-15
g(x) = 4.9441e-15
g(x) = 4.4846e-15
g(x) = 4.068e-15
g(x) = 3.6901e-15
g(x) = 3.3475e-15
g(x) = 3.0368e-15
g(x) = 2.755e-15
g(x) = 2.4994e-15
g(x) = 2.2676e-15
g(x) = 2.0574e-15
g(x) = 1.8667e-15
g(x) = 1.6937e-15
g(x) = 1.5368e-15
g(x) = 1.3945e-15
g(x) = 1.2654e-15
g(x) = 1.1483e-15
g(x) = 1.0421e-15
g(x) = 9.4568e-16

--------------------------------
        Initial Matrices        
--------------------------------

M_0^0 = { { (+0.00776,+0.00000), (-0.02118,+0.01815), (+0.06476,+0.05225)},
          { (-0.02118,-0.01815), (+0.10022,+0.00000), (-0.05455,-0.29398)},
          { (+0.06476,-0.05225), (-0.05455,+0.29398), (+0.89202,+0.00000)} } 

|M^2-M|  = 0.00000
tr(M^2-M)  = (-0.00000,0.00000)
is M PD? = 0

M_1^0 = { { (+0.69140,+0.00000), (+0.38559,+0.21305), (-0.09683,+0.09961)},
          { (+0.38559,-0.21305), (+0.28068,+0.00000), (-0.02331,+0.08539)},
          { (-0.09683,-0.09961), (-0.02331,-0.08539), (+0.02791,+0.00000)} } 

|M^2-M|  = 0.00000
tr(M^2-M)  = (-0.00000,0.00000)
is M PD? = 1

M_2^0 = { { (+0.30083,+0.00000), (-0.36441,-0.23120), (+0.03207,-0.15186)},
          { (-0.36441,+0.23120), (+0.61909,+0.00000), (+0.07786,+0.20859)},
          { (+0.03207,+0.15186), (+0.07786,-0.20859), (+0.08007,+0.00000)} } 

|M^2-M|  = 0.00000
tr(M^2-M)  = (0.00000,0.00000)
is M PD? = 0

M_0^1 = { { (+0.16922,+0.00000), (+0.17767,+0.18384), (+0.24065,-0.13158)},
          { (+0.17767,-0.18384), (+0.38624,+0.00000), (+0.10971,-0.39958)},
          { (+0.24065,+0.13158), (+0.10971,+0.39958), (+0.44453,+0.00000)} } 

|M^2-M|  = 0.00000
tr(M^2-M)  = (-0.00000,0.00000)
is M PD? = 0

M_1^1 = { { (+0.12941,+0.00000), (+0.17793,+0.09858), (-0.20257,+0.17392)},
          { (+0.17793,-0.09858), (+0.31975,+0.00000), (-0.14605,+0.39345)},
          { (-0.20257,-0.17392), (-0.14605,-0.39345), (+0.55084,+0.00000)} } 

|M^2-M|  = 0.00000
tr(M^2-M)  = (0.00000,0.00000)
is M PD? = 0

M_2^1 = { { (+0.70137,+0.00000), (-0.35560,-0.28242), (-0.03807,-0.04233)},
          { (-0.35560,+0.28242), (+0.29401,+0.00000), (+0.03635,+0.00613)},
          { (-0.03807,+0.04233), (+0.03635,-0.00613), (+0.00462,+0.00000)} } 

|M^2-M|  = 0.00000
tr(M^2-M)  = (0.00000,0.00000)
is M PD? = 0

M_0^2 = { { (+0.50085,+0.00000), (+0.40361,+0.17230), (+0.15443,+0.18321)},
          { (+0.40361,-0.17230), (+0.38451,+0.00000), (+0.18747,+0.09451)},
          { (+0.15443,-0.18321), (+0.18747,-0.09451), (+0.11463,+0.00000)} } 

|M^2-M|  = 0.00000
tr(M^2-M)  = (-0.00000,0.00000)
is M PD? = 0

M_1^2 = { { (+0.11699,+0.00000), (-0.10108,+0.10289), (+0.09254,-0.27191)},
          { (-0.10108,-0.10289), (+0.17783,+0.00000), (-0.31911,+0.15354)},
          { (+0.09254,+0.27191), (-0.31911,-0.15354), (+0.70518,+0.00000)} } 

|M^2-M|  = 0.00000
tr(M^2-M)  = (-0.00000,0.00000)
is M PD? = 0

M_2^2 = { { (+0.38216,+0.00000), (-0.30253,-0.27519), (-0.24697,+0.08870)},
          { (-0.30253,+0.27519), (+0.43765,+0.00000), (+0.13163,-0.24806)},
          { (-0.24697,-0.08870), (+0.13163,+0.24806), (+0.18019,+0.00000)} } 

|M^2-M|  = 0.00000
tr(M^2-M)  = (0.00000,0.00000)
is M PD? = 0

M_0^3 = { { (+0.10902,+0.00000), (-0.13794,-0.12238), (-0.12968,-0.21520)},
          { (-0.13794,+0.12238), (+0.31192,+0.00000), (+0.40566,+0.12672)},
          { (-0.12968,+0.21520), (+0.40566,-0.12672), (+0.57906,+0.00000)} } 

|M^2-M|  = 0.00000
tr(M^2-M)  = (0.00000,0.00000)
is M PD? = 0

M_1^3 = { { (+0.40386,+0.00000), (+0.10985,-0.32038), (-0.05662,+0.35049)},
          { (+0.10985,+0.32038), (+0.28403,+0.00000), (-0.29344,+0.05042)},
          { (-0.05662,-0.35049), (-0.29344,-0.05042), (+0.31211,+0.00000)} } 

|M^2-M|  = 0.00000
tr(M^2-M)  = (0.00000,0.00000)
is M PD? = 0

M_2^3 = { { (+0.48712,+0.00000), (+0.02809,+0.44276), (+0.18630,-0.13529)},
          { (+0.02809,-0.44276), (+0.40405,+0.00000), (-0.11222,-0.17714)},
          { (+0.18630,+0.13529), (-0.11222,+0.17714), (+0.10883,+0.00000)} } 

|M^2-M|  = 0.00000
tr(M^2-M)  = (0.00000,0.00000)
is M PD? = 0

M_0^4 = { { (+0.44701,+0.00000), (+0.08922,-0.38040), (+0.27560,-0.13628)},
          { (+0.08922,+0.38040), (+0.34152,+0.00000), (+0.17098,+0.20733)},
          { (+0.27560,+0.13628), (+0.17098,-0.20733), (+0.21147,+0.00000)} } 

|M^2-M|  = 0.00000
tr(M^2-M)  = (0.00000,0.00000)
is M PD? = 0

M_1^4 = { { (+0.14231,+0.00000), (+0.17607,+0.06958), (-0.25961,-0.13717)},
          { (+0.17607,-0.06958), (+0.25186,+0.00000), (-0.38827,-0.04278)},
          { (-0.25961,+0.13717), (-0.38827,+0.04278), (+0.60582,+0.00000)} } 

|M^2-M|  = 0.00000
tr(M^2-M)  = (0.00000,0.00000)
is M PD? = 0

M_2^4 = { { (+0.41068,+0.00000), (-0.26529,+0.31082), (-0.01598,+0.27346)},
          { (-0.26529,-0.31082), (+0.40661,+0.00000), (+0.21729,-0.16455)},
          { (-0.01598,-0.27346), (+0.21729,+0.16455), (+0.18271,+0.00000)} } 

|M^2-M|  = 0.00000
tr(M^2-M)  = (-0.00000,0.00000)
is M PD? = 0

|X^2-X|  = 0.00000
tr(X^2-X)  = -0.00000
isPD(X) = 0
isPSD(X) = 0

----------------------------------
         Iteration 0
----------------------------------
f = -72.41767   r = 17.41603 ?< 10.00000   g = 0.00000
f = -72.57836   r = 15.70689 ?< 10.00000   g = 0.04552
f = -72.63249   r = 11.63370 ?< 10.00000   g = 0.04477
f = -72.62746   r = 10.88913 ?< 10.00000   g = 0.04041
f = -72.62044   r = 10.87957 ?< 10.00000   g = 0.03647
f = -72.61317   r = 10.71380 ?< 10.00000   g = 0.03291
f = -72.60597   r = 10.40910 ?< 10.00000   g = 0.02970
f = -72.59896   r = 10.05719 ?< 10.00000   g = 0.02680
f = -72.59216   r = 9.71408 ?< 10.00000   g = 0.02419

----------------------------------
         Iteration 1
----------------------------------
f = -72.59216   r = 14.61898 ?< 1.00000   g = 0.02419
f = -72.58621   r = 11.75091 ?< 1.00000   g = 0.02192
f = -72.58125   r = 10.40841 ?< 1.00000   g = 0.01985
f = -72.57703   r = 9.41396 ?< 1.00000   g = 0.01797
f = -72.57324   r = 8.52835 ?< 1.00000   g = 0.01625
f = -72.56965   r = 7.72030 ?< 1.00000   g = 0.01468
f = -72.56616   r = 6.99561 ?< 1.00000   g = 0.01325
f = -72.56273   r = 6.36002 ?< 1.00000   g = 0.01196
f = -72.55934   r = 5.81103 ?< 1.00000   g = 0.01080
f = -72.55599   r = 5.34403 ?< 1.00000   g = 0.00975
f = -72.55520   r = 4.80240 ?< 1.00000   g = 0.00880
f = -72.55767   r = 4.51143 ?< 1.00000   g = 0.00795
f = -72.56481   r = 4.83936 ?< 1.00000   g = 0.00718
f = -72.57945   r = 5.53286 ?< 1.00000   g = 0.00651
f = -72.60463   r = 5.44226 ?< 1.00000   g = 0.00596
f = -72.63311   r = 4.03183 ?< 1.00000   g = 0.00549
f = -72.65308   r = 3.39844 ?< 1.00000   g = 0.00501
f = -72.67187   r = 3.34950 ?< 1.00000   g = 0.00454
f = -72.69348   r = 3.36435 ?< 1.00000   g = 0.00411
f = -72.71656   r = 3.39364 ?< 1.00000   g = 0.00372
f = -72.73940   r = 3.43464 ?< 1.00000   g = 0.00336
f = -72.76125   r = 3.47955 ?< 1.00000   g = 0.00304
f = -72.78194   r = 3.50655 ?< 1.00000   g = 0.00274
f = -72.80144   r = 3.49692 ?< 1.00000   g = 0.00247
f = -72.81980   r = 3.44523 ?< 1.00000   g = 0.00223
f = -72.83705   r = 3.35764 ?< 1.00000   g = 0.00201
f = -72.85327   r = 3.24556 ?< 1.00000   g = 0.00182
f = -72.86852   r = 3.12041 ?< 1.00000   g = 0.00164
f = -72.88291   r = 2.99070 ?< 1.00000   g = 0.00148
f = -72.89652   r = 2.86124 ?< 1.00000   g = 0.00134
f = -72.90943   r = 2.73338 ?< 1.00000   g = 0.00121
f = -72.92172   r = 2.60553 ?< 1.00000   g = 0.00109
f = -72.93342   r = 2.47371 ?< 1.00000   g = 0.00099
f = -72.94455   r = 2.33237 ?< 1.00000   g = 0.00089
f = -72.95511   r = 2.17611 ?< 1.00000   g = 0.00081
f = -72.96506   r = 2.00318 ?< 1.00000   g = 0.00073
f = -72.97440   r = 1.82047 ?< 1.00000   g = 0.00066
f = -72.98316   r = 1.64546 ?< 1.00000   g = 0.00060
f = -72.99147   r = 1.49798 ?< 1.00000   g = 0.00054
f = -72.99944   r = 1.38444 ?< 1.00000   g = 0.00049
f = -73.00710   r = 1.29507 ?< 1.00000   g = 0.00044
f = -73.01444   r = 1.21890 ?< 1.00000   g = 0.00039
f = -73.02144   r = 1.15248 ?< 1.00000   g = 0.00035
f = -73.02811   r = 1.09635 ?< 1.00000   g = 0.00031
f = -73.03445   r = 1.05061 ?< 1.00000   g = 0.00028
f = -73.04047   r = 1.01432 ?< 1.00000   g = 0.00024
f = -73.04619   r = 0.98620 ?< 1.00000   g = 0.00022

----------------------------------
         Iteration 2
----------------------------------
f = -73.04619   r = 1.36178 ?< 0.10000   g = 0.00022
f = -73.05111   r = 1.19849 ?< 0.10000   g = 0.00019
f = -73.05585   r = 1.06153 ?< 0.10000   g = 0.00018
f = -73.06029   r = 1.04994 ?< 0.10000   g = 0.00016
f = -73.06513   r = 0.99043 ?< 0.10000   g = 0.00014
f = -73.06883   r = 0.92190 ?< 0.10000   g = 0.00013
f = -73.07273   r = 0.90465 ?< 0.10000   g = 0.00012
f = -73.07647   r = 0.90606 ?< 0.10000   g = 0.00010
f = -73.08034   r = 0.92693 ?< 0.10000   g = 0.00009
f = -73.08392   r = 0.91728 ?< 0.10000   g = 0.00008
f = -73.08763   r = 0.92245 ?< 0.10000   g = 0.00007
f = -73.09100   r = 0.94223 ?< 0.10000   g = 0.00007
f = -73.09450   r = 0.91745 ?< 0.10000   g = 0.00006
f = -73.09766   r = 0.98682 ?< 0.10000   g = 0.00005
f = -73.10089   r = 0.95943 ?< 0.10000   g = 0.00005
f = -73.10408   r = 0.99317 ?< 0.10000   g = 0.00004
f = -73.10712   r = 1.04057 ?< 0.10000   g = 0.00004
f = -73.11070   r = 1.00828 ?< 0.10000   g = 0.00004
f = -73.11361   r = 1.03331 ?< 0.10000   g = 0.00003
f = -73.11672   r = 1.01344 ?< 0.10000   g = 0.00003
f = -73.11961   r = 1.00699 ?< 0.10000   g = 0.00003
f = -73.12250   r = 1.02665 ?< 0.10000   g = 0.00003
f = -73.12543   r = 0.95901 ?< 0.10000   g = 0.00002
f = -73.12803   r = 0.95961 ?< 0.10000   g = 0.00002
f = -73.13058   r = 0.90214 ?< 0.10000   g = 0.00002
f = -73.13326   r = 0.88716 ?< 0.10000   g = 0.00002
f = -73.13539   r = 0.83526 ?< 0.10000   g = 0.00002
f = -73.13753   r = 0.80161 ?< 0.10000   g = 0.00002
f = -73.14003   r = 0.78013 ?< 0.10000   g = 0.00001
f = -73.14194   r = 0.74056 ?< 0.10000   g = 0.00001
f = -73.14379   r = 0.67737 ?< 0.10000   g = 0.00001
f = -73.14540   r = 0.64055 ?< 0.10000   g = 0.00001
f = -73.14678   r = 0.65926 ?< 0.10000   g = 0.00001
f = -73.14885   r = 0.60549 ?< 0.10000   g = 0.00001
f = -73.14997   r = 0.54863 ?< 0.10000   g = 0.00001
f = -73.15117   r = 0.54835 ?< 0.10000   g = 0.00001
f = -73.15235   r = 0.50100 ?< 0.10000   g = 0.00001
f = -73.15360   r = 0.54102 ?< 0.10000   g = 0.00001
f = -73.15457   r = 0.49419 ?< 0.10000   g = 0.00001
f = -73.15531   r = 0.52445 ?< 0.10000   g = 0.00001
f = -73.15646   r = 0.49561 ?< 0.10000   g = 0.00001
f = -73.15751   r = 0.51048 ?< 0.10000   g = 0.00001
f = -73.15836   r = 0.48481 ?< 0.10000   g = 0.00001
f = -73.15913   r = 0.44579 ?< 0.10000   g = 0.00001
f = -73.15987   r = 0.46058 ?< 0.10000   g = 0.00000
f = -73.16087   r = 0.58396 ?< 0.10000   g = 0.00000
f = -73.16192   r = 0.54753 ?< 0.10000   g = 0.00000
f = -73.16272   r = 0.48279 ?< 0.10000   g = 0.00000
f = -73.16354   r = 0.55265 ?< 0.10000   g = 0.00000
f = -73.16446   r = 0.55163 ?< 0.10000   g = 0.00000
f = -73.16542   r = 0.64197 ?< 0.10000   g = 0.00000
f = -73.16679   r = 0.71915 ?< 0.10000   g = 0.00000
f = -73.16771   r = 0.71511 ?< 0.10000   g = 0.00000
f = -73.16875   r = 0.76413 ?< 0.10000   g = 0.00000
f = -73.16997   r = 0.73571 ?< 0.10000   g = 0.00000
f = -73.17114   r = 0.87127 ?< 0.10000   g = 0.00000
f = -73.17136   r = 0.74760 ?< 0.10000   g = 0.00000
f = -73.17262   r = 0.75938 ?< 0.10000   g = 0.00000
f = -73.17432   r = 0.90807 ?< 0.10000   g = 0.00000
f = -73.17643   r = 0.82147 ?< 0.10000   g = 0.00001
f = -73.17737   r = 0.66984 ?< 0.10000   g = 0.00000
f = -73.17874   r = 0.79272 ?< 0.10000   g = 0.00000
f = -73.17993   r = 0.67012 ?< 0.10000   g = 0.00000
f = -73.18088   r = 0.64658 ?< 0.10000   g = 0.00000
f = -73.18192   r = 0.59587 ?< 0.10000   g = 0.00000
f = -73.18256   r = 0.56069 ?< 0.10000   g = 0.00000
f = -73.18332   r = 0.52343 ?< 0.10000   g = 0.00000
f = -73.18395   r = 0.51375 ?< 0.10000   g = 0.00000
f = -73.18403   r = 0.48326 ?< 0.10000   g = 0.00000
f = -73.18460   r = 0.48688 ?< 0.10000   g = 0.00000
f = -73.18510   r = 0.42216 ?< 0.10000   g = 0.00000
f = -73.18563   r = 0.44527 ?< 0.10000   g = 0.00000
f = -73.18603   r = 0.40254 ?< 0.10000   g = 0.00000
f = -73.18641   r = 0.38210 ?< 0.10000   g = 0.00000
f = -73.18678   r = 0.27227 ?< 0.10000   g = 0.00000
f = -73.18704   r = 0.31573 ?< 0.10000   g = 0.00000
f = -73.18729   r = 0.27029 ?< 0.10000   g = 0.00000
f = -73.18752   r = 0.30604 ?< 0.10000   g = 0.00000
f = -73.18756   r = 0.22919 ?< 0.10000   g = 0.00000
f = -73.18782   r = 0.29312 ?< 0.10000   g = 0.00000
f = -73.18805   r = 0.32491 ?< 0.10000   g = 0.00000
f = -73.18809   r = 0.32238 ?< 0.10000   g = 0.00000
f = -73.18838   r = 0.40008 ?< 0.10000   g = 0.00000
f = -73.18842   r = 0.43478 ?< 0.10000   g = 0.00000
f = -73.18862   r = 0.38722 ?< 0.10000   g = 0.00000
f = -73.18893   r = 0.54740 ?< 0.10000   g = 0.00000
f = -73.18900   r = 0.33311 ?< 0.10000   g = 0.00000
f = -73.18931   r = 0.37063 ?< 0.10000   g = 0.00000
f = -73.18936   r = 0.36070 ?< 0.10000   g = 0.00000
f = -73.18975   r = 0.42032 ?< 0.10000   g = 0.00000
f = -73.19008   r = 0.35271 ?< 0.10000   g = 0.00000
f = -73.19012   r = 0.34924 ?< 0.10000   g = 0.00000
f = -73.19045   r = 0.46644 ?< 0.10000   g = 0.00000
f = -73.19078   r = 0.45267 ?< 0.10000   g = 0.00000
f = -73.19082   r = 0.41056 ?< 0.10000   g = 0.00000
f = -73.19086   r = 0.52293 ?< 0.10000   g = 0.00000
f = -73.19120   r = 0.50016 ?< 0.10000   g = 0.00000
f = -73.19151   r = 0.60402 ?< 0.10000   g = 0.00000
f = -73.19157   r = 0.46586 ?< 0.10000   g = 0.00000
f = -73.19186   r = 0.44174 ?< 0.10000   g = 0.00000
f = -73.19210   r = 0.49047 ?< 0.10000   g = 0.00000
f = -73.19242   r = 0.64232 ?< 0.10000   g = 0.00000
f = -73.19246   r = 0.59814 ?< 0.10000   g = 0.00000
f = -73.19266   r = 0.51250 ?< 0.10000   g = 0.00000
f = -73.19291   r = 0.68044 ?< 0.10000   g = 0.00000
f = -73.19295   r = 0.53762 ?< 0.10000   g = 0.00000
f = -73.19316   r = 0.49955 ?< 0.10000   g = 0.00000
f = -73.19334   r = 0.49972 ?< 0.10000   g = 0.00000
f = -73.19339   r = 0.44271 ?< 0.10000   g = 0.00000
f = -73.19353   r = 0.39849 ?< 0.10000   g = 0.00000
f = -73.19372   r = 0.55527 ?< 0.10000   g = 0.00000
f = -73.19375   r = 0.39154 ?< 0.10000   g = 0.00000
f = -73.19387   r = 0.37182 ?< 0.10000   g = 0.00000
f = -73.19401   r = 0.45620 ?< 0.10000   g = 0.00000
f = -73.19404   r = 0.35857 ?< 0.10000   g = 0.00000
f = -73.19412   r = 0.34532 ?< 0.10000   g = 0.00000
f = -73.19422   r = 0.40462 ?< 0.10000   g = 0.00000
f = -73.19424   r = 0.29452 ?< 0.10000   g = 0.00000
f = -73.19431   r = 0.27901 ?< 0.10000   g = 0.00000
f = -73.19437   r = 0.35028 ?< 0.10000   g = 0.00000
f = -73.19439   r = 0.24068 ?< 0.10000   g = 0.00000
f = -73.19446   r = 0.31411 ?< 0.10000   g = 0.00000
f = -73.19452   r = 0.24139 ?< 0.10000   g = 0.00000
f = -73.19457   r = 0.30455 ?< 0.10000   g = 0.00000
f = -73.19458   r = 0.23041 ?< 0.10000   g = 0.00000
f = -73.19462   r = 0.21917 ?< 0.10000   g = 0.00000
f = -73.19465   r = 0.24057 ?< 0.10000   g = 0.00000
f = -73.19466   r = 0.23725 ?< 0.10000   g = 0.00000
f = -73.19470   r = 0.18341 ?< 0.10000   g = 0.00000
f = -73.19475   r = 0.24343 ?< 0.10000   g = 0.00000
f = -73.19476   r = 0.29802 ?< 0.10000   g = 0.00000
f = -73.19479   r = 0.22156 ?< 0.10000   g = 0.00000
f = -73.19485   r = 0.28364 ?< 0.10000   g = 0.00000
f = -73.19486   r = 0.23328 ?< 0.10000   g = 0.00000
f = -73.19493   r = 0.26036 ?< 0.10000   g = 0.00000
f = -73.19498   r = 0.28148 ?< 0.10000   g = 0.00000
f = -73.19498   r = 0.27811 ?< 0.10000   g = 0.00000
f = -73.19500   r = 0.28604 ?< 0.10000   g = 0.00000
f = -73.19508   r = 0.34185 ?< 0.10000   g = 0.00000
f = -73.19517   r = 0.45159 ?< 0.10000   g = 0.00000
f = -73.19519   r = 0.62427 ?< 0.10000   g = 0.00000
f = -73.19525   r = 0.45516 ?< 0.10000   g = 0.00000
f = -73.19534   r = 0.52033 ?< 0.10000   g = 0.00000
f = -73.19536   r = 0.45758 ?< 0.10000   g = 0.00000
f = -73.19538   r = 0.48428 ?< 0.10000   g = 0.00000
f = -73.19551   r = 0.50223 ?< 0.10000   g = 0.00000
f = -73.19563   r = 0.55405 ?< 0.10000   g = 0.00000
f = -73.19565   r = 0.50294 ?< 0.10000   g = 0.00000
f = -73.19567   r = 0.49724 ?< 0.10000   g = 0.00000
f = -73.19578   r = 0.50835 ?< 0.10000   g = 0.00000
f = -73.19588   r = 0.48948 ?< 0.10000   g = 0.00000
f = -73.19598   r = 0.49187 ?< 0.10000   g = 0.00000
f = -73.19607   r = 0.45120 ?< 0.10000   g = 0.00000
f = -73.19614   r = 0.42658 ?< 0.10000   g = 0.00000
f = -73.19621   r = 0.39933 ?< 0.10000   g = 0.00000
f = -73.19627   r = 0.38073 ?< 0.10000   g = 0.00000
f = -73.19633   r = 0.34057 ?< 0.10000   g = 0.00000
f = -73.19638   r = 0.30273 ?< 0.10000   g = 0.00000
f = -73.19642   r = 0.27574 ?< 0.10000   g = 0.00000
f = -73.19642   r = 0.28192 ?< 0.10000   g = 0.00000
f = -73.19647   r = 0.27239 ?< 0.10000   g = 0.00000
f = -73.19647   r = 0.29924 ?< 0.10000   g = 0.00000
f = -73.19648   r = 0.29211 ?< 0.10000   g = 0.00000
f = -73.19648   r = 0.28961 ?< 0.10000   g = 0.00000
f = -73.19649   r = 0.27702 ?< 0.10000   g = 0.00000
f = -73.19649   r = 0.27232 ?< 0.10000   g = 0.00000
f = -73.19655   r = 0.28938 ?< 0.10000   g = 0.00000
f = -73.19656   r = 0.27535 ?< 0.10000   g = 0.00000
f = -73.19656   r = 0.26784 ?< 0.10000   g = 0.00000
f = -73.19657   r = 0.26226 ?< 0.10000   g = 0.00000
f = -73.19658   r = 0.26035 ?< 0.10000   g = 0.00000
f = -73.19664   r = 0.29566 ?< 0.10000   g = 0.00000
f = -73.19665   r = 0.27721 ?< 0.10000   g = 0.00000
f = -73.19671   r = 0.28531 ?< 0.10000   g = 0.00000
f = -73.19671   r = 0.27475 ?< 0.10000   g = 0.00000
f = -73.19676   r = 0.29684 ?< 0.10000   g = 0.00000
f = -73.19681   r = 0.29675 ?< 0.10000   g = 0.00000
f = -73.19685   r = 0.22503 ?< 0.10000   g = 0.00000
f = -73.19687   r = 0.26059 ?< 0.10000   g = 0.00000
f = -73.19687   r = 0.25607 ?< 0.10000   g = 0.00000
f = -73.19691   r = 0.27797 ?< 0.10000   g = 0.00000
f = -73.19691   r = 0.27158 ?< 0.10000   g = 0.00000
f = -73.19694   r = 0.35308 ?< 0.10000   g = 0.00000
f = -73.19698   r = 0.30076 ?< 0.10000   g = 0.00000
f = -73.19701   r = 0.32609 ?< 0.10000   g = 0.00000
f = -73.19703   r = 0.32546 ?< 0.10000   g = 0.00000
f = -73.19705   r = 0.33640 ?< 0.10000   g = 0.00000
f = -73.19707   r = 0.33944 ?< 0.10000   g = 0.00000
f = -73.19710   r = 0.34318 ?< 0.10000   g = 0.00000
f = -73.19712   r = 0.32785 ?< 0.10000   g = 0.00000
f = -73.19713   r = 0.32938 ?< 0.10000   g = 0.00000
f = -73.19715   r = 0.32414 ?< 0.10000   g = 0.00000
f = -73.19717   r = 0.29272 ?< 0.10000   g = 0.00000
f = -73.19718   r = 0.28062 ?< 0.10000   g = 0.00000
f = -73.19720   r = 0.26144 ?< 0.10000   g = 0.00000
f = -73.19721   r = 0.23500 ?< 0.10000   g = 0.00000
f = -73.19722   r = 0.21354 ?< 0.10000   g = 0.00000
f = -73.19723   r = 0.19133 ?< 0.10000   g = 0.00000
f = -73.19723   r = 0.17135 ?< 0.10000   g = 0.00000
f = -73.19724   r = 0.15032 ?< 0.10000   g = 0.00000
f = -73.19724   r = 0.13339 ?< 0.10000   g = 0.00000
f = -73.19725   r = 0.10847 ?< 0.10000   g = 0.00000
f = -73.19725   r = 0.10114 ?< 0.10000   g = 0.00000
f = -73.19726   r = 0.07740 ?< 0.10000   g = 0.00000

----------------------------------
         Iteration 3
----------------------------------
f = -73.19726   r = 0.11524 ?< 0.01000   g = 0.00000
f = -73.19726   r = 0.10218 ?< 0.01000   g = 0.00000
f = -73.19726   r = 0.09086 ?< 0.01000   g = 0.00000
f = -73.19726   r = 0.08108 ?< 0.01000   g = 0.00000
f = -73.19727   r = 0.07073 ?< 0.01000   g = 0.00000
f = -73.19727   r = 0.06502 ?< 0.01000   g = 0.00000
f = -73.19727   r = 0.06441 ?< 0.01000   g = 0.00000
f = -73.19727   r = 0.06195 ?< 0.01000   g = 0.00000
f = -73.19727   r = 0.06441 ?< 0.01000   g = 0.00000
f = -73.19727   r = 0.06681 ?< 0.01000   g = 0.00000
f = -73.19728   r = 0.07238 ?< 0.01000   g = 0.00000
f = -73.19728   r = 0.07727 ?< 0.01000   g = 0.00000
f = -73.19728   r = 0.07931 ?< 0.01000   g = 0.00000
f = -73.19728   r = 0.08812 ?< 0.01000   g = 0.00000
f = -73.19728   r = 0.08742 ?< 0.01000   g = 0.00000
f = -73.19729   r = 0.09331 ?< 0.01000   g = 0.00000
f = -73.19729   r = 0.09376 ?< 0.01000   g = 0.00000
f = -73.19729   r = 0.09582 ?< 0.01000   g = 0.00000
f = -73.19729   r = 0.09459 ?< 0.01000   g = 0.00000
f = -73.19729   r = 0.09391 ?< 0.01000   g = 0.00000
f = -73.19730   r = 0.09099 ?< 0.01000   g = 0.00000
f = -73.19730   r = 0.08845 ?< 0.01000   g = 0.00000
f = -73.19730   r = 0.08355 ?< 0.01000   g = 0.00000
f = -73.19730   r = 0.08065 ?< 0.01000   g = 0.00000
f = -73.19730   r = 0.07313 ?< 0.01000   g = 0.00000
f = -73.19730   r = 0.07177 ?< 0.01000   g = 0.00000
f = -73.19731   r = 0.06284 ?< 0.01000   g = 0.00000
f = -73.19731   r = 0.05953 ?< 0.01000   g = 0.00000
f = -73.19731   r = 0.05382 ?< 0.01000   g = 0.00000
f = -73.19731   r = 0.04968 ?< 0.01000   g = 0.00000
f = -73.19731   r = 0.04472 ?< 0.01000   g = 0.00000
f = -73.19731   r = 0.04127 ?< 0.01000   g = 0.00000
f = -73.19731   r = 0.03623 ?< 0.01000   g = 0.00000
f = -73.19731   r = 0.03352 ?< 0.01000   g = 0.00000
f = -73.19731   r = 0.02903 ?< 0.01000   g = 0.00000
f = -73.19731   r = 0.02611 ?< 0.01000   g = 0.00000
f = -73.19731   r = 0.02306 ?< 0.01000   g = 0.00000
f = -73.19731   r = 0.01997 ?< 0.01000   g = 0.00000
f = -73.19731   r = 0.01795 ?< 0.01000   g = 0.00000
f = -73.19731   r = 0.01499 ?< 0.01000   g = 0.00000
f = -73.19731   r = 0.01376 ?< 0.01000   g = 0.00000
f = -73.19731   r = 0.01119 ?< 0.01000   g = 0.00000
f = -73.19731   r = 0.01010 ?< 0.01000   g = 0.00000
f = -73.19731   r = 0.00883 ?< 0.01000   g = 0.00000

----------------------------------
         Iteration 4
----------------------------------
f = -73.19731   r = 0.01291 ?< 0.00100   g = 0.00000
f = -73.19731   r = 0.01173 ?< 0.00100   g = 0.00000
f = -73.19731   r = 0.01112 ?< 0.00100   g = 0.00000
f = -73.19731   r = 0.01035 ?< 0.00100   g = 0.00000
f = -73.19731   r = 0.01062 ?< 0.00100   g = 0.00000
f = -73.19731   r = 0.01032 ?< 0.00100   g = 0.00000
f = -73.19731   r = 0.01090 ?< 0.00100   g = 0.00000
f = -73.19731   r = 0.01108 ?< 0.00100   g = 0.00000
f = -73.19731   r = 0.01159 ?< 0.00100   g = 0.00000
f = -73.19731   r = 0.01200 ?< 0.00100   g = 0.00000
f = -73.19731   r = 0.01232 ?< 0.00100   g = 0.00000
f = -73.19731   r = 0.01272 ?< 0.00100   g = 0.00000
f = -73.19731   r = 0.01286 ?< 0.00100   g = 0.00000
f = -73.19731   r = 0.01306 ?< 0.00100   g = 0.00000
f = -73.19731   r = 0.01305 ?< 0.00100   g = 0.00000
f = -73.19731   r = 0.01304 ?< 0.00100   g = 0.00000
f = -73.19731   r = 0.01303 ?< 0.00100   g = 0.00000
f = -73.19731   r = 0.01299 ?< 0.00100   g = 0.00000
f = -73.19731   r = 0.01299 ?< 0.00100   g = 0.00000
f = -73.19731   r = 0.01298 ?< 0.00100   g = 0.00000
f = -73.19731   r = 0.01298 ?< 0.00100   g = 0.00000
f = -73.19731   r = 0.01297 ?< 0.00100   g = 0.00000
f = -73.19731   r = 0.01296 ?< 0.00100   g = 0.00000
f = -73.19731   r = 0.01295 ?< 0.00100   g = 0.00000
f = -73.19731   r = 0.01294 ?< 0.00100   g = 0.00000
f = -73.19731   r = 0.01293 ?< 0.00100   g = 0.00000
f = -73.19731   r = 0.01293 ?< 0.00100   g = 0.00000
f = -73.19731   r = 0.01293 ?< 0.00100   g = 0.00000
f = -73.19731   r = 0.01293 ?< 0.00100   g = 0.00000
f = -73.19731   r = 0.01293 ?< 0.00100   g = 0.00000
f = -73.19731   r = 0.01293 ?< 0.00100   g = 0.00000
f = -73.19731   r = 0.01293 ?< 0.00100   g = 0.00000
f = -73.19732   r = 0.00766 ?< 0.00100   g = 0.00000
f = -73.19731   r = 0.00805 ?< 0.00100   g = 0.00000
f = -73.19732   r = 0.00220 ?< 0.00100   g = 0.00000
f = -73.19732   r = 0.00228 ?< 0.00100   g = 0.00000
f = -73.19732   r = 0.00633 ?< 0.00100   g = 0.00000
f = -73.19732   r = 0.00565 ?< 0.00100   g = 0.00000
f = -73.19731   r = 0.00324 ?< 0.00100   g = 0.00000
f = -73.19731   r = 0.00354 ?< 0.00100   g = 0.00000
f = -73.19731   r = 0.00676 ?< 0.00100   g = 0.00000
f = -73.19731   r = 0.00881 ?< 0.00100   g = 0.00000
f = -73.19731   r = 0.00661 ?< 0.00100   g = 0.00000
f = -73.19732   r = 0.00227 ?< 0.00100   g = 0.00000
f = -73.19732   r = 0.00143 ?< 0.00100   g = 0.00000
f = -73.19732   r = 0.00186 ?< 0.00100   g = 0.00000
f = -73.19732   r = 0.00262 ?< 0.00100   g = 0.00000
f = -73.19732   r = 0.00242 ?< 0.00100   g = 0.00000
f = -73.19732   r = 0.00176 ?< 0.00100   g = 0.00000
f = -73.19732   r = 0.00212 ?< 0.00100   g = 0.00000
f = -73.19732   r = 0.00348 ?< 0.00100   g = 0.00000
f = -73.19732   r = 0.00476 ?< 0.00100   g = 0.00000
f = -73.19732   r = 0.00384 ?< 0.00100   g = 0.00000
f = -73.19732   r = 0.00159 ?< 0.00100   g = 0.00000
f = -73.19732   r = 0.00053 ?< 0.00100   g = 0.00000

----------------------------------
         Iteration 5
----------------------------------
f = -73.19732   r = 0.00101 ?< 0.00010   g = 0.00000
f = -73.19732   r = 0.00096 ?< 0.00010   g = 0.00000
f = -73.19732   r = 0.00122 ?< 0.00010   g = 0.00000
f = -73.19732   r = 0.00111 ?< 0.00010   g = 0.00000
f = -73.19732   r = 0.00070 ?< 0.00010   g = 0.00000
f = -73.19732   r = 0.00104 ?< 0.00010   g = 0.00000
f = -73.19732   r = 0.00143 ?< 0.00010   g = 0.00000
f = -73.19732   r = 0.00143 ?< 0.00010   g = 0.00000
f = -73.19732   r = 0.00067 ?< 0.00010   g = 0.00000
f = -73.19732   r = 0.00048 ?< 0.00010   g = 0.00000
f = -73.19732   r = 0.00051 ?< 0.00010   g = 0.00000
f = -73.19732   r = 0.00055 ?< 0.00010   g = 0.00000
f = -73.19732   r = 0.00036 ?< 0.00010   g = 0.00000
f = -73.19732   r = 0.00026 ?< 0.00010   g = 0.00000
f = -73.19732   r = 0.00038 ?< 0.00010   g = 0.00000
f = -73.19732   r = 0.00057 ?< 0.00010   g = 0.00000
f = -73.19732   r = 0.00050 ?< 0.00010   g = 0.00000
f = -73.19732   r = 0.00025 ?< 0.00010   g = 0.00000
f = -73.19732   r = 0.00012 ?< 0.00010   g = 0.00000
f = -73.19732   r = 0.00011 ?< 0.00010   g = 0.00000
f = -73.19732   r = 0.00009 ?< 0.00010   g = 0.00000

----------------------------------
         Iteration 6
----------------------------------
f = -73.19732   r = 0.00012 ?< 0.00001   g = 0.00000
f = -73.19732   r = 0.00003 ?< 0.00001   g = 0.00000
f = -73.19732   r = 0.00003 ?< 0.00001   g = 0.00000
f = -73.19732   r = 0.00006 ?< 0.00001   g = 0.00000
f = -73.19732   r = 0.00010 ?< 0.00001   g = 0.00000
f = -73.19732   r = 0.00012 ?< 0.00001   g = 0.00000
f = -73.19732   r = 0.00009 ?< 0.00001   g = 0.00000
f = -73.19732   r = 0.00003 ?< 0.00001   g = 0.00000
f = -73.19732   r = 0.00002 ?< 0.00001   g = 0.00000
f = -73.19732   r = 0.00003 ?< 0.00001   g = 0.00000
f = -73.19732   r = 0.00002 ?< 0.00001   g = 0.00000
f = -73.19732   r = 0.00001 ?< 0.00001   g = 0.00000

----------------------------------
         Iteration 7
----------------------------------
f = -73.19732   r = 0.00001 ?< 0.00000   g = 0.00000
f = -73.19732   r = 0.00000 ?< 0.00000   g = 0.00000
f = -73.19732   r = 0.00000 ?< 0.00000   g = 0.00000
f = -73.19732   r = 0.00001 ?< 0.00000   g = 0.00000
f = -73.19732   r = 0.00001 ?< 0.00000   g = 0.00000
f = -73.19732   r = 0.00001 ?< 0.00000   g = 0.00000
f = -73.19732   r = 0.00000 ?< 0.00000   g = 0.00000
f = -73.19732   r = 0.00000 ?< 0.00000   g = 0.00000
f = -73.19732   r = 0.00000 ?< 0.00000   g = 0.00000
f = -73.19732   r = 0.00000 ?< 0.00000   g = 0.00000
f = -73.19732   r = 0.00000 ?< 0.00000   g = 0.00000

--------------------------------
      Final Z 
--------------------------------

Z_0^0 = { { (+0.00000,-0.00000), (+0.00000,-0.00000), (-0.00000,-0.00000)},
          { (+0.00000,+0.00000), (+0.00000,-0.00000), (-0.00000,+0.00000)},
          { (-0.00000,+0.00000), (-0.00000,-0.00000), (+0.00000,+0.00000)} } 

Z_1^0 = { { (+0.00000,+0.00000), (-0.00000,-0.00000), (+0.00000,+0.00000)},
          { (-0.00000,+0.00000), (+0.00000,-0.00000), (+0.00000,+0.00000)},
          { (+0.00000,-0.00000), (+0.00000,-0.00000), (+0.00000,+0.00000)} } 

Z_2^0 = { { (+0.00000,+0.00000), (+0.00000,+0.00000), (-0.00000,+0.00000)},
          { (+0.00000,-0.00000), (+0.00000,-0.00000), (-0.00000,-0.00000)},
          { (-0.00000,-0.00000), (-0.00000,+0.00000), (+0.00000,+0.00000)} } 

Z_0^1 = { { (+0.00000,+0.00000), (-0.00000,+0.00000), (-0.00000,+0.00000)},
          { (-0.00000,-0.00000), (+0.00000,+0.00000), (-0.00000,+0.00000)},
          { (-0.00000,-0.00000), (-0.00000,-0.00000), (+0.00000,-0.00000)} } 

Z_1^1 = { { (+0.00000,-0.00000), (-0.00000,-0.00000), (+0.00000,-0.00000)},
          { (-0.00000,+0.00000), (+0.00000,+0.00000), (+0.00000,-0.00000)},
          { (+0.00000,+0.00000), (+0.00000,+0.00000), (+0.00000,-0.00000)} } 

Z_2^1 = { { (+0.00000,-0.00000), (+0.00000,+0.00000), (-0.00000,-0.00000)},
          { (+0.00000,-0.00000), (+0.00000,-0.00000), (+0.00000,+0.00000)},
          { (-0.00000,+0.00000), (+0.00000,-0.00000), (+0.00000,-0.00000)} } 

Z_0^2 = { { (+0.00000,-0.00000), (-0.00000,-0.00000), (-0.00000,-0.00000)},
          { (-0.00000,+0.00000), (+0.00000,-0.00000), (-0.00000,-0.00000)},
          { (-0.00000,+0.00000), (-0.00000,+0.00000), (+0.00000,+0.00000)} } 

Z_1^2 = { { (+0.00000,-0.00000), (+0.00000,-0.00000), (-0.00000,+0.00000)},
          { (+0.00000,+0.00000), (+0.00000,+0.00000), (+0.00000,-0.00000)},
          { (-0.00000,-0.00000), (+0.00000,+0.00000), (+0.00000,+0.00000)} } 

Z_2^2 = { { (+0.00000,-0.00000), (+0.00000,+0.00000), (+0.00000,-0.00000)},
          { (+0.00000,-0.00000), (+0.00000,+0.00000), (-0.00000,+0.00000)},
          { (+0.00000,+0.00000), (-0.00000,-0.00000), (+0.00000,-0.00000)} } 

Z_0^3 = { { (+0.00000,+0.00000), (+0.00000,+0.00000), (+0.00000,+0.00000)},
          { (+0.00000,-0.00000), (+0.00000,+0.00000), (-0.00000,-0.00000)},
          { (+0.00000,-0.00000), (-0.00000,+0.00000), (+0.00000,-0.00000)} } 

Z_1^3 = { { (+0.00000,+0.00000), (-0.00000,+0.00000), (-0.00000,-0.00000)},
          { (-0.00000,-0.00000), (+0.00000,+0.00000), (+0.00000,-0.00000)},
          { (-0.00000,+0.00000), (+0.00000,+0.00000), (+0.00000,+0.00000)} } 

Z_2^3 = { { (+0.00000,+0.00000), (+0.00000,-0.00000), (-0.00000,+0.00000)},
          { (+0.00000,+0.00000), (+0.00000,+0.00000), (+0.00000,+0.00000)},
          { (-0.00000,-0.00000), (+0.00000,-0.00000), (+0.00000,+0.00000)} } 

Z_0^4 = { { (+0.00000,-0.00000), (-0.00000,+0.00000), (-0.00000,+0.00000)},
          { (-0.00000,-0.00000), (+0.00000,+0.00000), (-0.00000,-0.00000)},
          { (-0.00000,-0.00000), (-0.00000,+0.00000), (+0.00000,-0.00000)} } 

Z_1^4 = { { (+0.00000,-0.00000), (-0.00000,-0.00000), (+0.00000,+0.00000)},
          { (-0.00000,+0.00000), (+0.00000,-0.00000), (+0.00000,+0.00000)},
          { (+0.00000,-0.00000), (+0.00000,-0.00000), (+0.00000,+0.00000)} } 

Z_2^4 = { { (+0.00000,-0.00000), (+0.00000,-0.00000), (+0.00000,-0.00000)},
          { (+0.00000,+0.00000), (+0.00000,-0.00000), (-0.00000,+0.00000)},
          { (+0.00000,+0.00000), (-0.00000,-0.00000), (+0.00000,+0.00000)} } 

----------------------------------
         Final Matrices 
----------------------------------

M_0^0 = { { (+0.15048,+0.00000), (-0.03060,+0.06018), (+0.26602,+0.22916)},
          { (-0.03060,-0.06018), (+0.03029,+0.00000), (+0.03755,-0.15299)},
          { (+0.26602,-0.22916), (+0.03755,+0.15299), (+0.81923,+0.00000)} } 

|M^2-M|  = 0.00000
is M PD? = 1

M_1^0 = { { (+0.82306,+0.00000), (+0.16436,+0.02275), (-0.27904,-0.20058)},
          { (+0.16436,-0.02275), (+0.03345,+0.00000), (-0.06127,-0.03234)},
          { (-0.27904,+0.20058), (-0.06127,+0.03234), (+0.14349,+0.00000)} } 

|M^2-M|  = 0.00000
is M PD? = 0

M_2^0 = { { (+0.02646,+0.00000), (-0.13376,-0.08293), (+0.01303,-0.02858)},
          { (-0.13376,+0.08293), (+0.93626,+0.00000), (+0.02372,+0.18533)},
          { (+0.01303,+0.02858), (+0.02372,-0.18533), (+0.03729,+0.00000)} } 

|M^2-M|  = 0.00000
is M PD? = 0

M_0^1 = { { (+0.15908,+0.00000), (+0.28687,-0.04760), (+0.06715,-0.21140)},
          { (+0.28687,+0.04760), (+0.53161,+0.00000), (+0.18436,-0.36115)},
          { (+0.06715,+0.21140), (+0.18436,+0.36115), (+0.30931,+0.00000)} } 

|M^2-M|  = 0.00000
is M PD? = 1

M_1^1 = { { (+0.13417,+0.00000), (+0.09418,+0.15553), (-0.26687,+0.10896)},
          { (+0.09418,-0.15553), (+0.24644,+0.00000), (-0.06103,+0.38588)},
          { (-0.26687,-0.10896), (-0.06103,-0.38588), (+0.61939,+0.00000)} } 

|M^2-M|  = 0.00000
is M PD? = 1

M_2^1 = { { (+0.70674,+0.00000), (-0.38105,-0.10793), (+0.19972,+0.10244)},
          { (-0.38105,+0.10793), (+0.22195,+0.00000), (-0.12333,-0.02473)},
          { (+0.19972,-0.10244), (-0.12333,+0.02473), (+0.07130,+0.00000)} } 

|M^2-M|  = 0.00000
is M PD? = 1

M_0^2 = { { (+0.42885,+0.00000), (+0.37709,+0.20481), (+0.12054,+0.21503)},
          { (+0.37709,-0.20481), (+0.42943,+0.00000), (+0.20870,+0.13151)},
          { (+0.12054,-0.21503), (+0.20870,-0.13151), (+0.14172,+0.00000)} } 

|M^2-M|  = 0.00000
is M PD? = 1

M_1^2 = { { (+0.28756,+0.00000), (-0.20932,+0.08408), (+0.14173,-0.36589)},
          { (-0.20932,-0.08408), (+0.17699,+0.00000), (-0.21017,+0.22492)},
          { (+0.14173,+0.36589), (-0.21017,-0.22492), (+0.53545,+0.00000)} } 

|M^2-M|  = 0.00000
is M PD? = 1

M_2^2 = { { (+0.28359,+0.00000), (-0.16776,-0.28890), (-0.26226,+0.15086)},
          { (-0.16776,+0.28890), (+0.39358,+0.00000), (+0.00147,-0.35643)},
          { (-0.26226,-0.15086), (+0.00147,+0.35643), (+0.32282,+0.00000)} } 

|M^2-M|  = 0.00000
is M PD? = 1

M_0^3 = { { (+0.15490,+0.00000), (-0.13395,-0.12588), (-0.19576,-0.24243)},
          { (-0.13395,+0.12588), (+0.21817,+0.00000), (+0.36634,+0.05056)},
          { (-0.19576,+0.24243), (+0.36634,-0.05056), (+0.62693,+0.00000)} } 

|M^2-M|  = 0.00000
is M PD? = 1

M_1^3 = { { (+0.43286,+0.00000), (+0.18233,-0.31459), (+0.00324,+0.33652)},
          { (+0.18233,+0.31459), (+0.30547,+0.00000), (-0.24321,+0.14411)},
          { (+0.00324,-0.33652), (-0.24321,-0.14411), (+0.26167,+0.00000)} } 

|M^2-M|  = 0.00000
is M PD? = 1

M_2^3 = { { (+0.41224,+0.00000), (-0.04838,+0.44047), (+0.19252,-0.09408)},
          { (-0.04838,-0.44047), (+0.47636,+0.00000), (-0.12313,-0.19467)},
          { (+0.19252,+0.09408), (-0.12313,+0.19467), (+0.11141,+0.00000)} } 

|M^2-M|  = 0.00000
is M PD? = 1

M_0^4 = { { (+0.50333,+0.00000), (+0.12196,-0.30710), (+0.33661,-0.16573)},
          { (+0.12196,+0.30710), (+0.21695,+0.00000), (+0.18269,+0.16523)},
          { (+0.33661,+0.16573), (+0.18269,-0.16523), (+0.27972,+0.00000)} } 

|M^2-M|  = 0.00000
is M PD? = 1

M_1^4 = { { (+0.04284,+0.00000), (+0.13791,+0.02899), (-0.12449,-0.07503)},
          { (+0.13791,-0.02899), (+0.46378,+0.00000), (-0.45171,-0.15735)},
          { (-0.12449,+0.07503), (-0.45171,+0.15735), (+0.49338,+0.00000)} } 

|M^2-M|  = 0.00000
is M PD? = 1

M_2^4 = { { (+0.45383,+0.00000), (-0.25988,+0.27811), (-0.21212,+0.24077)},
          { (-0.25988,-0.27811), (+0.31927,+0.00000), (+0.26902,-0.00788)},
          { (-0.21212,-0.24077), (+0.26902,+0.00788), (+0.22690,+0.00000)} } 

|M^2-M|  = 0.00000
is M PD? = 1

----------------------------------
         Final Output 
----------------------------------
        |r(w)| = 0.00000 < 0.00001
         -f(x) = 73.19732 <= 73.48469
          g(x) = 0.00000
         -L(w) = 73.19729
         <X,Z> = 0.00001
           |y| = 66148.09113
      y^T*g(x) = -0.00003
     |delf(x)| = 0.80000
     |delL(w)| = 0.00000
     |delg(x)| = 0.00121
    |del2f(x)| = 29.28934
    |del2L(w)| = 57998.36757
    |del2g(x)| = 164.90564
   total inner = 403
    time taken = 10007 ms
