--------------------------------
          System Info           
--------------------------------
               d = 4
               n = 2
  size of vector = 90
  size of matrix = 64 x 64 ~ 0 MB 
         epsilon = 1e-05
       epsilon_0 = 0.9
     g(x) thresh = 1e-15
      initial mu = 1
             M_c = 1e+10
  extra diagonal = 1
       muScaling = 10
             rho = 0.5
              nu = 0.9
           gamma = 1
            beta = 0.1
     f(x) factor = 1
     g(x) factor = -1
           cores = 1

--------------------------------
     Finding Interior Point 
--------------------------------
g(x) = 3.017
g(x) = 2.9558e+07
g(x) = 1.2571e+29
g(x) = 1.3615e+94
g(x) = 1.8985e+289
g(x) = nan
decreasing g factor from 1 to 0.66667
g(x) = 3.017
g(x) = 5.647e+06
g(x) = 1.7417e+26
g(x) = 7.1643e+84
g(x) = 5.4669e+260
g(x) = nan
decreasing g factor from 0.66667 to 0.44444
g(x) = 3.017
g(x) = 1.0607e+06
g(x) = 2.2996e+23
g(x) = 3.265e+75
g(x) = 1.0228e+232
g(x) = nan
decreasing g factor from 0.44444 to 0.2963
g(x) = 3.017
g(x) = 1.9415e+05
g(x) = 2.8204e+20
g(x) = 1.1941e+66
g(x) = 9.8941e+202
g(x) = inf
g(x) = nan
decreasing g factor from 0.2963 to 0.19753
g(x) = 3.017
g(x) = 34174
g(x) = 3.0864e+17
g(x) = 3.1081e+56
g(x) = 3.4512e+173
g(x) = inf
g(x) = nan
decreasing g factor from 0.19753 to 0.13169
g(x) = 3.017
g(x) = 5669
g(x) = 2.823e+14
g(x) = 4.7369e+46
g(x) = 2.4191e+143
g(x) = inf
g(x) = nan
decreasing g factor from 0.13169 to 0.087791
g(x) = 3.017
g(x) = 862.83
g(x) = 1.9325e+11
g(x) = 3.037e+36
g(x) = 1.2639e+112
g(x) = inf
g(x) = nan
decreasing g factor from 0.087791 to 0.058528
g(x) = 3.017
g(x) = 118.72
g(x) = 8.117e+07
g(x) = 4.497e+25
g(x) = 8.1495e+78
g(x) = 4.9145e+238
g(x) = nan
decreasing g factor from 0.058528 to 0.039018
g(x) = 3.017
g(x) = 16.797
g(x) = 14304
g(x) = 4.6684e+13
g(x) = 1.8077e+42
g(x) = 1.0614e+128
g(x) = inf
g(x) = nan
decreasing g factor from 0.039018 to 0.026012
g(x) = 3.017
g(x) = 4.0547
g(x) = 1.2288
g(x) = 0.90901
g(x) = 0.70891
g(x) = 0.61495
g(x) = 0.51878
g(x) = 0.40798
g(x) = 0.28728
g(x) = 0.1786
g(x) = 0.10677
g(x) = 0.070732
g(x) = 0.05173
g(x) = 0.03904
g(x) = 0.02969
g(x) = 0.022673
g(x) = 0.017391
g(x) = 0.013406
g(x) = 0.010392
g(x) = 0.0081026
g(x) = 0.0063552
g(x) = 0.0050136
g(x) = 0.0039771
g(x) = 0.0031713
g(x) = 0.0025409
g(x) = 0.0020446
g(x) = 0.0016517
g(x) = 0.001339
g(x) = 0.0010889
g(x) = 0.000888
g(x) = 0.000726
g(x) = 0.00059489
g(x) = 0.00048845
g(x) = 0.00040179
g(x) = 0.00033106
g(x) = 0.00027319
g(x) = 0.00022576
g(x) = 0.0001868
g(x) = 0.00015475
g(x) = 0.00012834
g(x) = 0.00010655
g(x) = 8.8541e-05
g(x) = 7.3646e-05
g(x) = 6.131e-05
g(x) = 5.1083e-05
g(x) = 4.2595e-05
g(x) = 3.5544e-05
g(x) = 2.9681e-05
g(x) = 2.4802e-05
g(x) = 2.0738e-05
g(x) = 1.7351e-05
g(x) = 1.4526e-05
g(x) = 1.2168e-05
g(x) = 1.0198e-05
g(x) = 8.5516e-06
g(x) = 7.1746e-06
g(x) = 6.0223e-06
g(x) = 5.0573e-06
g(x) = 4.2489e-06
g(x) = 3.5713e-06
g(x) = 3.003e-06
g(x) = 2.5261e-06
g(x) = 2.1258e-06
g(x) = 1.7896e-06
g(x) = 1.5071e-06
g(x) = 1.2697e-06
g(x) = 1.07e-06
g(x) = 9.0198e-07
g(x) = 7.606e-07
g(x) = 6.4158e-07
g(x) = 5.4134e-07
g(x) = 4.5689e-07
g(x) = 3.8572e-07
g(x) = 3.2573e-07
g(x) = 2.7513e-07
g(x) = 2.3245e-07
g(x) = 1.9644e-07
g(x) = 1.6605e-07
g(x) = 1.4039e-07
g(x) = 1.1872e-07
g(x) = 1.0042e-07
g(x) = 8.4954e-08
g(x) = 7.1886e-08
g(x) = 6.084e-08
g(x) = 5.1501e-08
g(x) = 4.3603e-08
g(x) = 3.6923e-08
g(x) = 3.1272e-08
g(x) = 2.649e-08
g(x) = 2.2443e-08
g(x) = 1.9017e-08
g(x) = 1.6116e-08
g(x) = 1.366e-08
g(x) = 1.158e-08
g(x) = 9.8184e-09
g(x) = 8.3256e-09
g(x) = 7.0608e-09
g(x) = 5.9888e-09
g(x) = 5.0803e-09
g(x) = 4.3101e-09
g(x) = 3.6571e-09
g(x) = 3.1034e-09
g(x) = 2.6338e-09
g(x) = 2.2355e-09
g(x) = 1.8977e-09
g(x) = 1.611e-09
g(x) = 1.3678e-09
g(x) = 1.1615e-09
g(x) = 9.8633e-10
g(x) = 8.3768e-10
g(x) = 7.115e-10
g(x) = 6.0437e-10
g(x) = 5.1342e-10
g(x) = 4.362e-10
g(x) = 3.7062e-10
g(x) = 3.1492e-10
g(x) = 2.6762e-10
g(x) = 2.2743e-10
g(x) = 1.933e-10
g(x) = 1.643e-10
g(x) = 1.3966e-10
g(x) = 1.1873e-10
g(x) = 1.0093e-10
g(x) = 8.5815e-11
g(x) = 7.2965e-11
g(x) = 6.2043e-11
g(x) = 5.2759e-11
g(x) = 4.4867e-11
g(x) = 3.8158e-11
g(x) = 3.2454e-11
g(x) = 2.7604e-11
g(x) = 2.348e-11
g(x) = 1.9973e-11
g(x) = 1.6991e-11
g(x) = 1.4455e-11
g(x) = 1.2298e-11
g(x) = 1.0463e-11
g(x) = 8.9024e-12
g(x) = 7.575e-12
g(x) = 6.4458e-12
g(x) = 5.4851e-12
g(x) = 4.6678e-12
g(x) = 3.9725e-12
g(x) = 3.3808e-12
g(x) = 2.8774e-12
g(x) = 2.4491e-12
g(x) = 2.0845e-12
g(x) = 1.7743e-12
g(x) = 1.5104e-12
g(x) = 1.2857e-12
g(x) = 1.0945e-12
g(x) = 9.3174e-13
g(x) = 7.9322e-13
g(x) = 6.7532e-13
g(x) = 5.7496e-13
g(x) = 4.8952e-13
g(x) = 4.168e-13
g(x) = 3.5489e-13
g(x) = 3.0218e-13
g(x) = 2.5731e-13
g(x) = 2.191e-13
g(x) = 1.8658e-13
g(x) = 1.5888e-13
g(x) = 1.353e-13
g(x) = 1.1522e-13
g(x) = 9.8128e-14
g(x) = 8.3571e-14
g(x) = 7.1174e-14
g(x) = 6.0618e-14
g(x) = 5.1628e-14
g(x) = 4.3973e-14
g(x) = 3.7453e-14
g(x) = 3.1901e-14
g(x) = 2.7172e-14
g(x) = 2.3145e-14
g(x) = 1.9715e-14
g(x) = 1.6793e-14
g(x) = 1.4305e-14
g(x) = 1.2185e-14
g(x) = 1.038e-14
g(x) = 8.8425e-15
g(x) = 7.5328e-15
g(x) = 6.4171e-15
g(x) = 5.4668e-15
g(x) = 4.6573e-15
g(x) = 3.9677e-15
g(x) = 3.3802e-15
g(x) = 2.8798e-15
g(x) = 2.4535e-15
g(x) = 2.0903e-15
g(x) = 1.7809e-15
g(x) = 1.5173e-15
g(x) = 1.2928e-15
g(x) = 1.1014e-15
g(x) = 9.3846e-16

--------------------------------
        Initial Matrices        
--------------------------------

M_0^0 = { { (+0.20386,+0.00000), (+0.18937,+0.14264), (+0.19691,-0.21023), (-0.03515,+0.14794)},
          { (+0.18937,-0.14264), (+0.27571,+0.00000), (+0.03582,-0.33306), (+0.07086,+0.16203)},
          { (+0.19691,+0.21023), (+0.03582,+0.33306), (+0.40700,+0.00000), (-0.18652,+0.10665)},
          { (-0.03515,-0.14794), (+0.07086,-0.16203), (-0.18652,-0.10665), (+0.11343,+0.00000)} } 

|M^2-M|  = 0.00000
tr(M^2-M)  = (-0.00000,0.00000)
is M PD? = 0

M_1^0 = { { (+0.28201,+0.00000), (+0.13115,-0.09597), (-0.04368,+0.04387), (-0.16220,-0.38200)},
          { (+0.13115,+0.09597), (+0.09365,+0.00000), (-0.03524,+0.00554), (+0.05457,-0.23285)},
          { (-0.04368,-0.04387), (-0.03524,-0.00554), (+0.01359,+0.00000), (-0.03430,+0.08440)},
          { (-0.16220,+0.38200), (+0.05457,+0.23285), (-0.03430,-0.08440), (+0.61075,+0.00000)} } 

|M^2-M|  = 0.00000
tr(M^2-M)  = (-0.00000,0.00000)
is M PD? = 0

M_2^0 = { { (+0.18139,+0.00000), (-0.03224,+0.19221), (-0.28716,+0.10343), (-0.02406,+0.12948)},
          { (-0.03224,-0.19221), (+0.20940,+0.00000), (+0.16064,+0.28591), (+0.14148,+0.00248)},
          { (-0.28716,-0.10343), (+0.16064,-0.28591), (+0.51360,+0.00000), (+0.11192,-0.19126)},
          { (-0.02406,-0.12948), (+0.14148,-0.00248), (+0.11192,+0.19126), (+0.09562,+0.00000)} } 

|M^2-M|  = 0.00000
tr(M^2-M)  = (-0.00000,0.00000)
is M PD? = 0

M_3^0 = { { (+0.33275,+0.00000), (-0.28828,-0.23887), (+0.13393,+0.06294), (+0.22141,+0.10458)},
          { (-0.28828,+0.23887), (+0.42124,+0.00000), (-0.16122,+0.04162), (-0.26690,+0.06834)},
          { (+0.13393,-0.06294), (-0.16122,-0.04162), (+0.06581,+0.00000), (+0.10890,+0.00022)},
          { (+0.22141,-0.10458), (-0.26690,-0.06834), (+0.10890,-0.00022), (+0.18020,+0.00000)} } 

|M^2-M|  = 0.00000
tr(M^2-M)  = (-0.00000,0.00000)
is M PD? = 0

M_0^1 = { { (+0.05733,+0.00000), (+0.02305,+0.03684), (-0.17120,+0.07129), (-0.13320,-0.00386)},
          { (+0.02305,-0.03684), (+0.03294,+0.00000), (-0.02304,+0.13868), (-0.05605,+0.08404)},
          { (-0.17120,-0.07129), (-0.02304,-0.13868), (+0.59996,+0.00000), (+0.39301,+0.17718)},
          { (-0.13320,+0.00386), (-0.05605,-0.08404), (+0.39301,-0.17718), (+0.30978,+0.00000)} } 

|M^2-M|  = 0.00000
tr(M^2-M)  = (-0.00000,0.00000)
is M PD? = 0

M_1^1 = { { (+0.14352,+0.00000), (+0.17628,+0.10520), (-0.06375,+0.07993), (+0.24875,-0.09195)},
          { (+0.17628,-0.10520), (+0.29362,+0.00000), (-0.01972,+0.14490), (+0.23813,-0.29526)},
          { (-0.06375,-0.07993), (-0.01972,-0.14490), (+0.07283,+0.00000), (-0.16170,-0.09768)},
          { (+0.24875,+0.09195), (+0.23813,+0.29526), (-0.16170,+0.09768), (+0.49003,+0.00000)} } 

|M^2-M|  = 0.00000
tr(M^2-M)  = (-0.00000,0.00000)
is M PD? = 0

M_2^1 = { { (+0.47414,+0.00000), (-0.23797,+0.23365), (+0.31737,+0.02246), (-0.16558,-0.09728)},
          { (-0.23797,-0.23365), (+0.23458,+0.00000), (-0.14822,-0.16767), (+0.03516,+0.13042)},
          { (+0.31737,-0.02246), (-0.14822,+0.16767), (+0.21349,+0.00000), (-0.11544,-0.05727)},
          { (-0.16558,+0.09728), (+0.03516,-0.13042), (-0.11544,+0.05727), (+0.07778,+0.00000)} } 

|M^2-M|  = 0.00000
tr(M^2-M)  = (0.00000,0.00000)
is M PD? = 0

M_3^1 = { { (+0.32501,+0.00000), (+0.03864,-0.37569), (-0.08241,-0.17369), (+0.05003,+0.19309)},
          { (+0.03864,+0.37569), (+0.43886,+0.00000), (+0.19097,-0.11591), (-0.21725,+0.08079)},
          { (-0.08241,+0.17369), (+0.19097,+0.11591), (+0.11372,+0.00000), (-0.11587,-0.02222)},
          { (+0.05003,-0.19309), (-0.21725,-0.08079), (-0.11587,+0.02222), (+0.12241,+0.00000)} } 

|M^2-M|  = 0.00000
tr(M^2-M)  = (-0.00000,0.00000)
is M PD? = 0

|X^2-X|  = 0.00000
tr(X^2-X)  = -0.00000
isPD(X) = 0
isPSD(X) = 0

----------------------------------
         Iteration 0
----------------------------------
f = -13.71946   r = 11.27817 ?< 10000000000.00000   g = 0.00000

----------------------------------
         Iteration 1
----------------------------------
f = -13.71946   r = 15.38302 ?< 1000000000.00000   g = 0.00000

----------------------------------
         Iteration 2
----------------------------------
f = -13.71946   r = 15.91489 ?< 100000000.00000   g = 0.00000

----------------------------------
         Iteration 3
----------------------------------
f = -13.71946   r = 15.96888 ?< 10000000.00000   g = 0.00000

----------------------------------
         Iteration 4
----------------------------------
f = -13.71946   r = 15.97429 ?< 1000000.00000   g = 0.00000

----------------------------------
         Iteration 5
----------------------------------
f = -13.71946   r = 15.97483 ?< 100000.00000   g = 0.00000

----------------------------------
         Iteration 6
----------------------------------
f = -13.71946   r = 15.97489 ?< 10000.00000   g = 0.00000

----------------------------------
         Iteration 7
----------------------------------
f = -13.71946   r = 15.97489 ?< 1000.00000   g = 0.00000

----------------------------------
         Iteration 8
----------------------------------
f = -13.71946   r = 15.97489 ?< 100.00000   g = 0.00000

----------------------------------
         Iteration 9
----------------------------------
f = -13.71946   r = 15.97489 ?< 10.00000   g = 0.00000
f = -13.74171   r = 11.33481 ?< 10.00000   g = 0.00261
f = -13.75396   r = 8.04678 ?< 10.00000   g = 0.00305

----------------------------------
         Iteration 10
----------------------------------
f = -13.75396   r = 8.04678 ?< 1.00000   g = 0.00305
f = -13.78032   r = 7.25179 ?< 1.00000   g = 0.01470
f = -13.78973   r = 4.48410 ?< 1.00000   g = 0.01148
f = -13.80027   r = 3.09085 ?< 1.00000   g = 0.01176
f = -13.80702   r = 2.25434 ?< 1.00000   g = 0.01147
f = -13.81303   r = 1.70364 ?< 1.00000   g = 0.02829
f = -13.82505   r = 2.48857 ?< 1.00000   g = 0.30879
f = -13.82989   r = 1.55056 ?< 1.00000   g = 0.22964
f = -13.83442   r = 1.03330 ?< 1.00000   g = 0.17115
f = -13.83844   r = 0.72277 ?< 1.00000   g = 0.12806

----------------------------------
         Iteration 11
----------------------------------
f = -13.83844   r = 0.72277 ?< 0.10000   g = 0.12806
f = -13.84167   r = 0.52424 ?< 0.10000   g = 0.09629
f = -13.84477   r = 0.37289 ?< 0.10000   g = 0.07261
f = -13.84750   r = 0.26572 ?< 0.10000   g = 0.05512
f = -13.84968   r = 0.18878 ?< 0.10000   g = 0.04210
f = -13.85126   r = 0.13676 ?< 0.10000   g = 0.03220
f = -13.85242   r = 0.10913 ?< 0.10000   g = 0.02454
f = -13.85337   r = 0.09634 ?< 0.10000   g = 0.01859

----------------------------------
         Iteration 12
----------------------------------
f = -13.85337   r = 0.09634 ?< 0.01000   g = 0.01859
f = -13.85422   r = 0.08567 ?< 0.01000   g = 0.01404
f = -13.85491   r = 0.07507 ?< 0.01000   g = 0.01056
f = -13.85539   r = 0.06627 ?< 0.01000   g = 0.00792
f = -13.85571   r = 0.05825 ?< 0.01000   g = 0.00591
f = -13.85592   r = 0.04913 ?< 0.01000   g = 0.00438
f = -13.85607   r = 0.03906 ?< 0.01000   g = 0.00324
f = -13.85618   r = 0.02979 ?< 0.01000   g = 0.00239
f = -13.85626   r = 0.02242 ?< 0.01000   g = 0.00177
f = -13.85632   r = 0.01682 ?< 0.01000   g = 0.00131
f = -13.85635   r = 0.01252 ?< 0.01000   g = 0.00096
f = -13.85638   r = 0.00924 ?< 0.01000   g = 0.00071

----------------------------------
         Iteration 13
----------------------------------
f = -13.85638   r = 0.00924 ?< 0.00100   g = 0.00071
f = -13.85639   r = 0.00686 ?< 0.00100   g = 0.00053
f = -13.85640   r = 0.00523 ?< 0.00100   g = 0.00039
f = -13.85640   r = 0.00418 ?< 0.00100   g = 0.00029
f = -13.85640   r = 0.00352 ?< 0.00100   g = 0.00021
f = -13.85640   r = 0.00308 ?< 0.00100   g = 0.00016
f = -13.85640   r = 0.00277 ?< 0.00100   g = 0.00011
f = -13.85641   r = 0.00280 ?< 0.00100   g = 0.00011
f = -13.85641   r = 0.00241 ?< 0.00100   g = 0.00011
f = -13.85641   r = 0.00208 ?< 0.00100   g = 0.00010
f = -13.85641   r = 0.00198 ?< 0.00100   g = 0.00010
f = -13.85641   r = 0.00207 ?< 0.00100   g = 0.00010
f = -13.85641   r = 0.00220 ?< 0.00100   g = 0.00010
f = -13.85641   r = 0.00232 ?< 0.00100   g = 0.00010
f = -13.85641   r = 0.00241 ?< 0.00100   g = 0.00010
f = -13.85641   r = 0.00248 ?< 0.00100   g = 0.00010
f = -13.85641   r = 0.00253 ?< 0.00100   g = 0.00010
f = -13.85641   r = 0.00179 ?< 0.00100   g = 0.00007
f = -13.85641   r = 0.00110 ?< 0.00100   g = 0.00006
f = -13.85641   r = 0.00055 ?< 0.00100   g = 0.00004

----------------------------------
         Iteration 14
----------------------------------
f = -13.85641   r = 0.00055 ?< 0.00010   g = 0.00004
f = -13.85641   r = 0.00055 ?< 0.00010   g = 0.00003
f = -13.85641   r = 0.00193 ?< 0.00010   g = 0.00003
f = -13.85641   r = 0.00281 ?< 0.00010   g = 0.00002
f = -13.85641   r = 0.00189 ?< 0.00010   g = 0.00001
f = -13.85641   r = 0.00118 ?< 0.00010   g = 0.00001
f = -13.85641   r = 0.00092 ?< 0.00010   g = 0.00001
f = -13.85641   r = 0.00087 ?< 0.00010   g = 0.00001
f = -13.85641   r = 0.00080 ?< 0.00010   g = 0.00000
f = -13.85641   r = 0.00062 ?< 0.00010   g = 0.00000
f = -13.85641   r = 0.00042 ?< 0.00010   g = 0.00000
f = -13.85641   r = 0.00051 ?< 0.00010   g = 0.00000
f = -13.85641   r = 0.00075 ?< 0.00010   g = 0.00000
f = -13.85641   r = 0.00059 ?< 0.00010   g = 0.00000
f = -13.85641   r = 0.00037 ?< 0.00010   g = 0.00000
f = -13.85641   r = 0.00025 ?< 0.00010   g = 0.00000
f = -13.85641   r = 0.00018 ?< 0.00010   g = 0.00000
f = -13.85641   r = 0.00013 ?< 0.00010   g = 0.00000
f = -13.85641   r = 0.00009 ?< 0.00010   g = 0.00000

----------------------------------
         Iteration 15
----------------------------------
f = -13.85641   r = 0.00009 ?< 0.00001   g = 0.00000
f = -13.85641   r = 0.00006 ?< 0.00001   g = 0.00000
f = -13.85641   r = 0.00005 ?< 0.00001   g = 0.00000
f = -13.85641   r = 0.00005 ?< 0.00001   g = 0.00000
f = -13.85641   r = 0.00005 ?< 0.00001   g = 0.00000
f = -13.85641   r = 0.00005 ?< 0.00001   g = 0.00000
f = -13.85641   r = 0.00004 ?< 0.00001   g = 0.00000
f = -13.85641   r = 0.00003 ?< 0.00001   g = 0.00000
f = -13.85641   r = 0.00002 ?< 0.00001   g = 0.00000
f = -13.85641   r = 0.00002 ?< 0.00001   g = 0.00000
f = -13.85641   r = 0.00001 ?< 0.00001   g = 0.00000
f = -13.85641   r = 0.00001 ?< 0.00001   g = 0.00000

--------------------------------
      Final Z 
--------------------------------

Z_0^0 = { { (+0.00000,+0.00000), (+0.00000,-0.00000), (+0.00000,+0.00000), (-0.00000,-0.00000)},
          { (+0.00000,+0.00000), (+0.00000,-0.00000), (+0.00000,+0.00000), (-0.00000,-0.00000)},
          { (+0.00000,-0.00000), (+0.00000,-0.00000), (+0.00000,-0.00000), (-0.00000,-0.00000)},
          { (-0.00000,+0.00000), (-0.00000,+0.00000), (-0.00000,+0.00000), (+0.00000,-0.00000)} } 

Z_1^0 = { { (+0.00000,+0.00000), (-0.00000,+0.00000), (-0.00000,-0.00000), (+0.00000,+0.00000)},
          { (-0.00000,-0.00000), (+0.00000,-0.00000), (+0.00000,+0.00000), (+0.00000,+0.00000)},
          { (-0.00000,+0.00000), (+0.00000,-0.00000), (+0.00000,-0.00000), (+0.00000,-0.00000)},
          { (+0.00000,-0.00000), (+0.00000,-0.00000), (+0.00000,+0.00000), (+0.00000,+0.00000)} } 

Z_2^0 = { { (+0.00000,-0.00000), (-0.00000,-0.00000), (+0.00000,+0.00000), (+0.00000,+0.00000)},
          { (-0.00000,+0.00000), (+0.00000,+0.00000), (-0.00000,+0.00000), (-0.00000,+0.00000)},
          { (+0.00000,-0.00000), (-0.00000,-0.00000), (+0.00000,+0.00000), (+0.00000,-0.00000)},
          { (+0.00000,-0.00000), (-0.00000,-0.00000), (+0.00000,+0.00000), (+0.00000,+0.00000)} } 

Z_3^0 = { { (+0.00000,+0.00000), (+0.00000,+0.00000), (+0.00000,-0.00000), (-0.00000,+0.00000)},
          { (+0.00000,-0.00000), (+0.00000,-0.00000), (+0.00000,-0.00000), (+0.00000,+0.00000)},
          { (+0.00000,+0.00000), (+0.00000,+0.00000), (+0.00000,+0.00000), (-0.00000,+0.00000)},
          { (-0.00000,-0.00000), (+0.00000,-0.00000), (-0.00000,-0.00000), (+0.00000,+0.00000)} } 

Z_0^1 = { { (+0.00000,-0.00000), (+0.00000,+0.00000), (-0.00000,-0.00000), (+0.00000,-0.00000)},
          { (+0.00000,-0.00000), (+0.00000,-0.00000), (+0.00000,+0.00000), (+0.00000,-0.00000)},
          { (-0.00000,+0.00000), (+0.00000,-0.00000), (+0.00000,+0.00000), (+0.00000,-0.00000)},
          { (+0.00000,+0.00000), (+0.00000,+0.00000), (+0.00000,+0.00000), (+0.00000,+0.00000)} } 

Z_1^1 = { { (+0.00000,+0.00000), (-0.00000,+0.00000), (+0.00000,+0.00000), (-0.00000,-0.00000)},
          { (-0.00000,-0.00000), (+0.00000,+0.00000), (-0.00000,-0.00000), (+0.00000,+0.00000)},
          { (+0.00000,-0.00000), (-0.00000,+0.00000), (+0.00000,-0.00000), (-0.00000,-0.00000)},
          { (-0.00000,+0.00000), (+0.00000,-0.00000), (-0.00000,+0.00000), (+0.00000,+0.00000)} } 

Z_2^1 = { { (+0.00000,+0.00000), (+0.00000,-0.00000), (+0.00000,-0.00000), (+0.00000,+0.00000)},
          { (+0.00000,+0.00000), (+0.00000,+0.00000), (+0.00000,-0.00000), (-0.00000,-0.00000)},
          { (+0.00000,+0.00000), (+0.00000,+0.00000), (+0.00000,+0.00000), (-0.00000,+0.00000)},
          { (+0.00000,-0.00000), (-0.00000,+0.00000), (-0.00000,-0.00000), (+0.00000,+0.00000)} } 

Z_3^1 = { { (+0.00000,-0.00000), (+0.00000,-0.00000), (-0.00000,+0.00000), (-0.00000,+0.00000)},
          { (+0.00000,+0.00000), (+0.00000,+0.00000), (-0.00000,+0.00000), (-0.00000,+0.00000)},
          { (-0.00000,-0.00000), (-0.00000,-0.00000), (+0.00000,+0.00000), (+0.00000,+0.00000)},
          { (-0.00000,-0.00000), (-0.00000,-0.00000), (+0.00000,-0.00000), (+0.00000,+0.00000)} } 

----------------------------------
         Final Matrices 
----------------------------------

M_0^0 = { { (+0.12339,+0.00000), (+0.14740,+0.12103), (+0.13130,-0.18891), (+0.06612,+0.12039)},
          { (+0.14740,-0.12103), (+0.29482,+0.00000), (-0.02844,-0.35445), (+0.19708,+0.07897)},
          { (+0.13130,+0.18891), (-0.02844,+0.35445), (+0.42890,+0.00000), (-0.11396,+0.22932)},
          { (+0.06612,-0.12039), (+0.19708,-0.07897), (-0.11396,-0.22932), (+0.15289,+0.00000)} } 

|M^2-M|  = 0.00000
is M PD? = 0

M_1^0 = { { (+0.45604,+0.00000), (+0.21224,-0.15912), (+0.05089,+0.13310), (-0.31536,-0.24071)},
          { (+0.21224,+0.15912), (+0.15429,+0.00000), (-0.02275,+0.07970), (-0.06277,-0.22206)},
          { (+0.05089,-0.13310), (-0.02275,-0.07970), (+0.04451,+0.00000), (-0.10545,+0.06518)},
          { (-0.31536,+0.24071), (-0.06277,+0.22206), (-0.10545,-0.06518), (+0.34515,+0.00000)} } 

|M^2-M|  = 0.00000
is M PD? = 0

M_2^0 = { { (+0.18862,+0.00000), (-0.16368,+0.17505), (-0.28206,-0.05020), (-0.06571,+0.09601)},
          { (-0.16368,-0.17505), (+0.30449,+0.00000), (+0.19816,+0.30533), (+0.14612,-0.02233)},
          { (-0.28206,+0.05020), (+0.19816,-0.30533), (+0.43513,+0.00000), (+0.07270,-0.16105)},
          { (-0.06571,-0.09601), (+0.14612,+0.02233), (+0.07270,+0.16105), (+0.07176,+0.00000)} } 

|M^2-M|  = 0.00000
is M PD? = 0

M_3^0 = { { (+0.23194,+0.00000), (-0.19595,-0.13696), (+0.09987,+0.10601), (+0.31496,+0.02431)},
          { (-0.19595,+0.13696), (+0.24641,+0.00000), (-0.14696,-0.03058), (-0.28042,+0.16542)},
          { (+0.09987,-0.10601), (-0.14696,+0.03058), (+0.09145,+0.00000), (+0.14671,-0.13346)},
          { (+0.31496,-0.02431), (-0.28042,-0.16542), (+0.14671,+0.13346), (+0.43020,+0.00000)} } 

|M^2-M|  = 0.00000
is M PD? = 0

M_0^1 = { { (+0.05021,+0.00000), (+0.02911,-0.03977), (+0.00977,+0.18767), (-0.07256,+0.06846)},
          { (+0.02911,+0.03977), (+0.04837,+0.00000), (-0.14293,+0.11657), (-0.09629,-0.01775)},
          { (+0.00977,-0.18767), (-0.14293,-0.11657), (+0.70322,+0.00000), (+0.24173,+0.28449)},
          { (-0.07256,-0.06846), (-0.09629,+0.01775), (+0.24173,-0.28449), (+0.19820,+0.00000)} } 

|M^2-M|  = 0.00000
is M PD? = 0

M_1^1 = { { (+0.23948,+0.00000), (+0.19600,+0.09164), (-0.05298,+0.07913), (+0.35292,-0.04107)},
          { (+0.19600,-0.09164), (+0.19550,+0.00000), (-0.01309,+0.08505), (+0.27313,-0.16869)},
          { (-0.05298,-0.07913), (-0.01309,-0.08505), (+0.03786,+0.00000), (-0.09167,-0.10752)},
          { (+0.35292,+0.04107), (+0.27313,+0.16869), (-0.09167,+0.10752), (+0.52716,+0.00000)} } 

|M^2-M|  = 0.00000
is M PD? = 0

M_2^1 = { { (+0.45809,+0.00000), (-0.23479,+0.28708), (+0.14429,-0.06329), (-0.23890,-0.16974)},
          { (-0.23479,-0.28708), (+0.30024,+0.00000), (-0.11362,-0.05798), (+0.01607,+0.23670)},
          { (+0.14429,+0.06329), (-0.11362,+0.05798), (+0.05420,+0.00000), (-0.05180,-0.08647)},
          { (-0.23890,+0.16974), (+0.01607,-0.23670), (-0.05180,+0.08647), (+0.18748,+0.00000)} } 

|M^2-M|  = 0.00000
is M PD? = 0

M_3^1 = { { (+0.25221,+0.00000), (+0.00968,-0.33896), (-0.10108,-0.20351), (-0.04146,+0.14235)},
          { (+0.00968,+0.33896), (+0.45589,+0.00000), (+0.26963,-0.14364), (-0.19291,-0.05026)},
          { (-0.10108,+0.20351), (+0.26963,+0.14364), (+0.20473,+0.00000), (-0.09826,-0.09051)},
          { (-0.04146,-0.14235), (-0.19291,+0.05026), (-0.09826,+0.09051), (+0.08717,+0.00000)} } 

|M^2-M|  = 0.00000
is M PD? = 0

----------------------------------
         Final Output 
----------------------------------
        |r(w)| = 0.00001 < 0.00001
         -f(x) = 13.85641 <= 13.85641
          g(x) = 0.00000
         -L(w) = 13.85641
         <X,Z> = 0.00000
           |y| = 0.76551
      y^T*g(x) = -0.00000
     |delf(x)| = 0.00001
     |delL(w)| = 0.00001
     |delg(x)| = 0.00034
    |del2f(x)| = 10.36973
    |del2L(w)| = 51.52665
    |del2g(x)| = 194.97629
   total inner = 93
    time taken = 1747 ms
