--------------------------------
          System Info           
--------------------------------
               d = 4
               n = 3
  size of vector = 135
  size of matrix = 96 x 96 ~ 0 MB 
         epsilon = 1e-05
       epsilon_0 = 0.9
     g(x) thresh = 1e-15
      initial mu = 1
             M_c = 1e+10
  extra diagonal = 1
       muScaling = 10
             rho = 0.5
              nu = 0.2
           gamma = 1
            beta = 0.1
     f(x) factor = 1
     g(x) factor = -1
           cores = 1

--------------------------------
     Finding Interior Point 
--------------------------------
g(x) = 6.7801
g(x) = 6.4602e+07
g(x) = 1.7149e+29
g(x) = 1.386e+94
g(x) = 1.8985e+289
g(x) = nan
decreasing g factor from 1 to 0.66667
g(x) = 6.7801
g(x) = 1.2314e+07
g(x) = 2.3681e+26
g(x) = 7.289e+84
g(x) = 5.4669e+260
g(x) = nan
decreasing g factor from 0.66667 to 0.44444
g(x) = 6.7801
g(x) = 2.3049e+06
g(x) = 3.1105e+23
g(x) = 3.319e+75
g(x) = 1.0228e+232
g(x) = nan
decreasing g factor from 0.44444 to 0.2963
g(x) = 6.7801
g(x) = 4.1953e+05
g(x) = 3.7845e+20
g(x) = 1.2123e+66
g(x) = 9.8942e+202
g(x) = inf
g(x) = nan
decreasing g factor from 0.2963 to 0.19753
g(x) = 6.7801
g(x) = 73148
g(x) = 4.0893e+17
g(x) = 3.1495e+56
g(x) = 3.4512e+173
g(x) = inf
g(x) = nan
decreasing g factor from 0.19753 to 0.13169
g(x) = 6.7801
g(x) = 11933
g(x) = 3.6643e+14
g(x) = 4.7872e+46
g(x) = 2.4191e+143
g(x) = inf
g(x) = nan
decreasing g factor from 0.13169 to 0.087791
g(x) = 6.7801
g(x) = 1758.7
g(x) = 2.4227e+11
g(x) = 3.0581e+36
g(x) = 1.2639e+112
g(x) = inf
g(x) = nan
decreasing g factor from 0.087791 to 0.058528
g(x) = 6.7801
g(x) = 226.35
g(x) = 9.5705e+07
g(x) = 4.5094e+25
g(x) = 8.1495e+78
g(x) = 4.9145e+238
g(x) = nan
decreasing g factor from 0.058528 to 0.039018
g(x) = 6.7801
g(x) = 28.461
g(x) = 15256
g(x) = 4.6692e+13
g(x) = 1.8077e+42
g(x) = 1.0614e+128
g(x) = inf
g(x) = nan
decreasing g factor from 0.039018 to 0.026012
g(x) = 6.7801
g(x) = 6.6411
g(x) = 2.3063
g(x) = 1.7563
g(x) = 1.4097
g(x) = 1.1835
g(x) = 0.95401
g(x) = 0.71782
g(x) = 0.49913
g(x) = 0.32802
g(x) = 0.21963
g(x) = 0.16037
g(x) = 0.12458
g(x) = 0.098643
g(x) = 0.078456
g(x) = 0.062484
g(x) = 0.0498
g(x) = 0.039721
g(x) = 0.031709
g(x) = 0.02534
g(x) = 0.020273
g(x) = 0.01624
g(x) = 0.013028
g(x) = 0.010466
g(x) = 0.0084207
g(x) = 0.0067858
g(x) = 0.0054772
g(x) = 0.0044281
g(x) = 0.0035859
g(x) = 0.0029087
g(x) = 0.0023633
g(x) = 0.0019233
g(x) = 0.0015678
g(x) = 0.00128
g(x) = 0.0010468
g(x) = 0.00085738
g(x) = 0.00070333
g(x) = 0.00057784
g(x) = 0.00047544
g(x) = 0.00039175
g(x) = 0.00032325
g(x) = 0.0002671
g(x) = 0.00022099
g(x) = 0.00018308
g(x) = 0.00015187
g(x) = 0.00012613
g(x) = 0.00010487
g(x) = 8.7299e-05
g(x) = 7.2749e-05
g(x) = 6.0686e-05
g(x) = 5.0675e-05
g(x) = 4.2355e-05
g(x) = 3.5434e-05
g(x) = 2.967e-05
g(x) = 2.4864e-05
g(x) = 2.0853e-05
g(x) = 1.7502e-05
g(x) = 1.47e-05
g(x) = 1.2355e-05
g(x) = 1.0391e-05
g(x) = 8.7449e-06
g(x) = 7.3635e-06
g(x) = 6.2038e-06
g(x) = 5.2295e-06
g(x) = 4.4103e-06
g(x) = 3.7212e-06
g(x) = 3.1412e-06
g(x) = 2.6526e-06
g(x) = 2.241e-06
g(x) = 1.8939e-06
g(x) = 1.6011e-06
g(x) = 1.3541e-06
g(x) = 1.1455e-06
g(x) = 9.6931e-07
g(x) = 8.2047e-07
g(x) = 6.9467e-07
g(x) = 5.883e-07
g(x) = 4.9833e-07
g(x) = 4.2222e-07
g(x) = 3.5781e-07
g(x) = 3.0328e-07
g(x) = 2.5711e-07
g(x) = 2.1801e-07
g(x) = 1.8488e-07
g(x) = 1.5682e-07
g(x) = 1.3303e-07
g(x) = 1.1287e-07
g(x) = 9.5776e-08
g(x) = 8.1281e-08
g(x) = 6.8988e-08
g(x) = 5.8561e-08
g(x) = 4.9716e-08
g(x) = 4.2211e-08
g(x) = 3.5842e-08
g(x) = 3.0437e-08
g(x) = 2.5849e-08
g(x) = 2.1955e-08
g(x) = 1.8649e-08
g(x) = 1.5842e-08
g(x) = 1.3458e-08
g(x) = 1.1434e-08
g(x) = 9.7151e-09
g(x) = 8.255e-09
g(x) = 7.0148e-09
g(x) = 5.9612e-09
g(x) = 5.0661e-09
g(x) = 4.3057e-09
g(x) = 3.6596e-09
g(x) = 3.1106e-09
g(x) = 2.6441e-09
g(x) = 2.2476e-09
g(x) = 1.9107e-09
g(x) = 1.6243e-09
g(x) = 1.3809e-09
g(x) = 1.1741e-09
g(x) = 9.982e-10
g(x) = 8.4873e-10
g(x) = 7.2165e-10
g(x) = 6.1363e-10
g(x) = 5.2179e-10
g(x) = 4.4371e-10
g(x) = 3.7732e-10
g(x) = 3.2087e-10
g(x) = 2.7288e-10
g(x) = 2.3207e-10
g(x) = 1.9737e-10
g(x) = 1.6786e-10
g(x) = 1.4277e-10
g(x) = 1.2143e-10
g(x) = 1.0328e-10
g(x) = 8.7846e-11
g(x) = 7.472e-11
g(x) = 6.3557e-11
g(x) = 5.4062e-11
g(x) = 4.5987e-11
g(x) = 3.9119e-11
g(x) = 3.3277e-11
g(x) = 2.8308e-11
g(x) = 2.4081e-11
g(x) = 2.0486e-11
g(x) = 1.7427e-11
g(x) = 1.4826e-11
g(x) = 1.2613e-11
g(x) = 1.0731e-11
g(x) = 9.1291e-12
g(x) = 7.7668e-12
g(x) = 6.6079e-12
g(x) = 5.6219e-12
g(x) = 4.7832e-12
g(x) = 4.0696e-12
g(x) = 3.4625e-12
g(x) = 2.946e-12
g(x) = 2.5066e-12
g(x) = 2.1328e-12
g(x) = 1.8147e-12
g(x) = 1.5441e-12
g(x) = 1.3138e-12
g(x) = 1.1179e-12
g(x) = 9.5121e-13
g(x) = 8.0939e-13
g(x) = 6.8872e-13
g(x) = 5.8604e-13
g(x) = 4.9868e-13
g(x) = 4.2434e-13
g(x) = 3.6109e-13
g(x) = 3.0727e-13
g(x) = 2.6147e-13
g(x) = 2.225e-13
g(x) = 1.8934e-13
g(x) = 1.6112e-13
g(x) = 1.3711e-13
g(x) = 1.1668e-13
g(x) = 9.9292e-14
g(x) = 8.4497e-14
g(x) = 7.1907e-14
g(x) = 6.1193e-14
g(x) = 5.2076e-14
g(x) = 4.4317e-14
g(x) = 3.7715e-14
g(x) = 3.2096e-14
g(x) = 2.7315e-14
g(x) = 2.3246e-14
g(x) = 1.9783e-14
g(x) = 1.6836e-14
g(x) = 1.4329e-14
g(x) = 1.2194e-14
g(x) = 1.0378e-14
g(x) = 8.8324e-15
g(x) = 7.5169e-15
g(x) = 6.3974e-15
g(x) = 5.4447e-15
g(x) = 4.6338e-15
g(x) = 3.9438e-15
g(x) = 3.3565e-15
g(x) = 2.8566e-15
g(x) = 2.4313e-15
g(x) = 2.0692e-15
g(x) = 1.7611e-15
g(x) = 1.4989e-15
g(x) = 1.2757e-15
g(x) = 1.0858e-15
g(x) = 9.2411e-16

--------------------------------
        Initial Matrices        
--------------------------------

M_0^0 = { { (+0.20386,+0.00000), (+0.18937,+0.14264), (+0.19691,-0.21023), (-0.03515,+0.14794)},
          { (+0.18937,-0.14264), (+0.27571,+0.00000), (+0.03582,-0.33306), (+0.07086,+0.16203)},
          { (+0.19691,+0.21023), (+0.03582,+0.33306), (+0.40700,+0.00000), (-0.18652,+0.10665)},
          { (-0.03515,-0.14794), (+0.07086,-0.16203), (-0.18652,-0.10665), (+0.11343,+0.00000)} } 

|M^2-M|  = 0.00000
tr(M^2-M)  = (-0.00000,0.00000)
is M PD? = 0

M_1^0 = { { (+0.28201,+0.00000), (+0.13115,-0.09597), (-0.04368,+0.04387), (-0.16220,-0.38200)},
          { (+0.13115,+0.09597), (+0.09365,+0.00000), (-0.03524,+0.00554), (+0.05457,-0.23285)},
          { (-0.04368,-0.04387), (-0.03524,-0.00554), (+0.01359,+0.00000), (-0.03430,+0.08440)},
          { (-0.16220,+0.38200), (+0.05457,+0.23285), (-0.03430,-0.08440), (+0.61075,+0.00000)} } 

|M^2-M|  = 0.00000
tr(M^2-M)  = (-0.00000,0.00000)
is M PD? = 0

M_2^0 = { { (+0.18139,+0.00000), (-0.03224,+0.19221), (-0.28716,+0.10343), (-0.02406,+0.12948)},
          { (-0.03224,-0.19221), (+0.20940,+0.00000), (+0.16064,+0.28591), (+0.14148,+0.00248)},
          { (-0.28716,-0.10343), (+0.16064,-0.28591), (+0.51360,+0.00000), (+0.11192,-0.19126)},
          { (-0.02406,-0.12948), (+0.14148,-0.00248), (+0.11192,+0.19126), (+0.09562,+0.00000)} } 

|M^2-M|  = 0.00000
tr(M^2-M)  = (-0.00000,0.00000)
is M PD? = 0

M_3^0 = { { (+0.33275,+0.00000), (-0.28828,-0.23887), (+0.13393,+0.06294), (+0.22141,+0.10458)},
          { (-0.28828,+0.23887), (+0.42124,+0.00000), (-0.16122,+0.04162), (-0.26690,+0.06834)},
          { (+0.13393,-0.06294), (-0.16122,-0.04162), (+0.06581,+0.00000), (+0.10890,+0.00022)},
          { (+0.22141,-0.10458), (-0.26690,-0.06834), (+0.10890,-0.00022), (+0.18020,+0.00000)} } 

|M^2-M|  = 0.00000
tr(M^2-M)  = (-0.00000,0.00000)
is M PD? = 0

M_0^1 = { { (+0.05733,+0.00000), (+0.02305,+0.03684), (-0.17120,+0.07129), (-0.13320,-0.00386)},
          { (+0.02305,-0.03684), (+0.03294,+0.00000), (-0.02304,+0.13868), (-0.05605,+0.08404)},
          { (-0.17120,-0.07129), (-0.02304,-0.13868), (+0.59996,+0.00000), (+0.39301,+0.17718)},
          { (-0.13320,+0.00386), (-0.05605,-0.08404), (+0.39301,-0.17718), (+0.30978,+0.00000)} } 

|M^2-M|  = 0.00000
tr(M^2-M)  = (-0.00000,0.00000)
is M PD? = 0

M_1^1 = { { (+0.14352,+0.00000), (+0.17628,+0.10520), (-0.06375,+0.07993), (+0.24875,-0.09195)},
          { (+0.17628,-0.10520), (+0.29362,+0.00000), (-0.01972,+0.14490), (+0.23813,-0.29526)},
          { (-0.06375,-0.07993), (-0.01972,-0.14490), (+0.07283,+0.00000), (-0.16170,-0.09768)},
          { (+0.24875,+0.09195), (+0.23813,+0.29526), (-0.16170,+0.09768), (+0.49003,+0.00000)} } 

|M^2-M|  = 0.00000
tr(M^2-M)  = (-0.00000,0.00000)
is M PD? = 0

M_2^1 = { { (+0.47414,+0.00000), (-0.23797,+0.23365), (+0.31737,+0.02246), (-0.16558,-0.09728)},
          { (-0.23797,-0.23365), (+0.23458,+0.00000), (-0.14822,-0.16767), (+0.03516,+0.13042)},
          { (+0.31737,-0.02246), (-0.14822,+0.16767), (+0.21349,+0.00000), (-0.11544,-0.05727)},
          { (-0.16558,+0.09728), (+0.03516,-0.13042), (-0.11544,+0.05727), (+0.07778,+0.00000)} } 

|M^2-M|  = 0.00000
tr(M^2-M)  = (0.00000,0.00000)
is M PD? = 0

M_3^1 = { { (+0.32501,+0.00000), (+0.03864,-0.37569), (-0.08241,-0.17369), (+0.05003,+0.19309)},
          { (+0.03864,+0.37569), (+0.43886,+0.00000), (+0.19097,-0.11591), (-0.21725,+0.08079)},
          { (-0.08241,+0.17369), (+0.19097,+0.11591), (+0.11372,+0.00000), (-0.11587,-0.02222)},
          { (+0.05003,-0.19309), (-0.21725,-0.08079), (-0.11587,+0.02222), (+0.12241,+0.00000)} } 

|M^2-M|  = 0.00000
tr(M^2-M)  = (-0.00000,0.00000)
is M PD? = 0

M_0^2 = { { (+0.13478,+0.00000), (-0.03783,-0.13645), (-0.08873,-0.03561), (+0.11660,+0.27171)},
          { (-0.03783,+0.13645), (+0.14875,+0.00000), (+0.06096,-0.07983), (-0.30780,+0.04179)},
          { (-0.08873,+0.03561), (+0.06096,+0.07983), (+0.06783,+0.00000), (-0.14856,-0.14807)},
          { (+0.11660,-0.27171), (-0.30780,-0.04179), (-0.14856,+0.14807), (+0.64864,+0.00000)} } 

|M^2-M|  = 0.00000
tr(M^2-M)  = (0.00000,0.00000)
is M PD? = 0

M_1^2 = { { (+0.26162,+0.00000), (+0.28081,-0.18217), (+0.16045,+0.17812), (+0.07058,-0.13671)},
          { (+0.28081,+0.18217), (+0.42824,+0.00000), (+0.04819,+0.30290), (+0.17094,-0.09759)},
          { (+0.16045,-0.17812), (+0.04819,-0.30290), (+0.21966,+0.00000), (-0.04979,-0.13189)},
          { (+0.07058,+0.13671), (+0.17094,+0.09759), (-0.04979,+0.13189), (+0.09047,+0.00000)} } 

|M^2-M|  = 0.00000
tr(M^2-M)  = (-0.00000,0.00000)
is M PD? = 0

M_2^2 = { { (+0.32071,+0.00000), (-0.26464,+0.24161), (+0.16270,+0.17012), (-0.16924,+0.07346)},
          { (-0.26464,-0.24161), (+0.40038,+0.00000), (-0.00610,-0.26294), (+0.19498,+0.06688)},
          { (+0.16270,-0.17012), (-0.00610,+0.26294), (+0.17278,+0.00000), (-0.04689,+0.12703)},
          { (-0.16924,-0.07346), (+0.19498,-0.06688), (-0.04689,-0.12703), (+0.10613,+0.00000)} } 

|M^2-M|  = 0.00000
tr(M^2-M)  = (-0.00000,0.00000)
is M PD? = 0

M_3^2 = { { (+0.28288,+0.00000), (+0.02166,+0.07701), (-0.23442,-0.31262), (-0.01794,-0.20846)},
          { (+0.02166,-0.07701), (+0.02262,+0.00000), (-0.10305,+0.03988), (-0.05812,-0.01108)},
          { (-0.23442,+0.31262), (-0.10305,-0.03988), (+0.53973,+0.00000), (+0.24524,+0.15292)},
          { (-0.01794,+0.20846), (-0.05812,+0.01108), (+0.24524,-0.15292), (+0.15476,+0.00000)} } 

|M^2-M|  = 0.00000
tr(M^2-M)  = (-0.00000,0.00000)
is M PD? = 0

|X^2-X|  = 0.00000
tr(X^2-X)  = -0.00000
isPD(X) = 0
isPSD(X) = 0

----------------------------------
         Iteration 0
----------------------------------
f = -41.06559   r = 14.60057 ?< 10000000000.00000   g = 0.00000

----------------------------------
         Iteration 1
----------------------------------
f = -41.06559   r = 19.42515 ?< 1000000000.00000   g = 0.00000

----------------------------------
         Iteration 2
----------------------------------
f = -41.06559   r = 20.05757 ?< 100000000.00000   g = 0.00000

----------------------------------
         Iteration 3
----------------------------------
f = -41.06559   r = 20.12185 ?< 10000000.00000   g = 0.00000

----------------------------------
         Iteration 4
----------------------------------
f = -41.06559   r = 20.12828 ?< 1000000.00000   g = 0.00000

----------------------------------
         Iteration 5
----------------------------------
f = -41.06559   r = 20.12893 ?< 100000.00000   g = 0.00000

----------------------------------
         Iteration 6
----------------------------------
f = -41.06559   r = 20.12899 ?< 10000.00000   g = 0.00000

----------------------------------
         Iteration 7
----------------------------------
f = -41.06559   r = 20.12900 ?< 1000.00000   g = 0.00000

----------------------------------
         Iteration 8
----------------------------------
f = -41.06559   r = 20.12900 ?< 100.00000   g = 0.00000

----------------------------------
         Iteration 9
----------------------------------
f = -41.06559   r = 20.12900 ?< 10.00000   g = 0.00000
f = -41.21750   r = 10.53273 ?< 10.00000   g = 0.01851
f = -41.31951   r = 5.70705 ?< 10.00000   g = 0.02395

----------------------------------
         Iteration 10
----------------------------------
f = -41.31951   r = 5.70705 ?< 1.00000   g = 0.02395
f = -41.42138   r = 4.80515 ?< 1.00000   g = 0.51528
f = -41.44528   r = 2.70897 ?< 1.00000   g = 0.32406
f = -41.46698   r = 1.54903 ?< 1.00000   g = 0.20485
f = -41.48380   r = 0.92585 ?< 1.00000   g = 0.13106

----------------------------------
         Iteration 11
----------------------------------
f = -41.48380   r = 0.92585 ?< 0.10000   g = 0.13106
f = -41.49296   r = 0.60762 ?< 0.10000   g = 0.08371
f = -41.50810   r = 0.38798 ?< 0.10000   g = 0.05388
f = -41.52000   r = 0.27556 ?< 0.10000   g = 0.03547
f = -41.52305   r = 0.25224 ?< 0.10000   g = 0.02187
f = -41.52319   r = 0.22380 ?< 0.10000   g = 0.01289
f = -41.52297   r = 0.17416 ?< 0.10000   g = 0.00791
f = -41.52311   r = 0.16779 ?< 0.10000   g = 0.00755
f = -41.52242   r = 0.13277 ?< 0.10000   g = 0.00453
f = -41.52240   r = 0.14423 ?< 0.10000   g = 0.00432
f = -41.52240   r = 0.18359 ?< 0.10000   g = 0.00430
f = -41.52240   r = 0.16355 ?< 0.10000   g = 0.00428
f = -41.52240   r = 0.17217 ?< 0.10000   g = 0.00428
f = -41.52240   r = 0.16218 ?< 0.10000   g = 0.00428
f = -41.52241   r = 0.15004 ?< 0.10000   g = 0.00428
f = -41.52241   r = 0.16363 ?< 0.10000   g = 0.00427
f = -41.52241   r = 0.15662 ?< 0.10000   g = 0.00427
f = -41.52242   r = 0.16173 ?< 0.10000   g = 0.00427
f = -41.52242   r = 0.16498 ?< 0.10000   g = 0.00427
f = -41.52242   r = 0.17140 ?< 0.10000   g = 0.00427
f = -41.52242   r = 0.15129 ?< 0.10000   g = 0.00427
f = -41.52413   r = 0.27820 ?< 0.10000   g = 0.00301
f = -41.52431   r = 0.20951 ?< 0.10000   g = 0.00251
f = -41.52287   r = 0.16314 ?< 0.10000   g = 0.00171
f = -41.52157   r = 0.19368 ?< 0.10000   g = 0.00124
f = -41.52056   r = 0.19680 ?< 0.10000   g = 0.00090
f = -41.51987   r = 0.23642 ?< 0.10000   g = 0.00068
f = -41.51953   r = 0.30204 ?< 0.10000   g = 0.00064
f = -41.51945   r = 0.27353 ?< 0.10000   g = 0.00052
f = -41.52023   r = 0.43469 ?< 0.10000   g = 0.00079
f = -41.52059   r = 0.33678 ?< 0.10000   g = 0.00069
f = -41.52173   r = 0.31820 ?< 0.10000   g = 0.00082
f = -41.52275   r = 0.39893 ?< 0.10000   g = 0.00101
f = -41.52352   r = 0.33668 ?< 0.10000   g = 0.00084
f = -41.52693   r = 0.41542 ?< 0.10000   g = 0.00094
f = -41.53625   r = 1.26469 ?< 0.10000   g = 0.00360
f = -41.54081   r = 0.91097 ?< 0.10000   g = 0.00293
f = -41.54883   r = 0.50662 ?< 0.10000   g = 0.00312
f = -41.55609   r = 0.33121 ?< 0.10000   g = 0.00318
f = -41.56120   r = 0.28152 ?< 0.10000   g = 0.00354
f = -41.56323   r = 0.18115 ?< 0.10000   g = 0.00316
f = -41.56394   r = 0.18648 ?< 0.10000   g = 0.00241
f = -41.56432   r = 0.16997 ?< 0.10000   g = 0.00160
f = -41.56488   r = 0.11205 ?< 0.10000   g = 0.00107
f = -41.56556   r = 0.10178 ?< 0.10000   g = 0.00072
f = -41.56624   r = 0.11815 ?< 0.10000   g = 0.00052
f = -41.56702   r = 0.14322 ?< 0.10000   g = 0.00043
f = -41.56768   r = 0.14878 ?< 0.10000   g = 0.00039
f = -41.56824   r = 0.13686 ?< 0.10000   g = 0.00039
f = -41.56870   r = 0.11263 ?< 0.10000   g = 0.00040
f = -41.56879   r = 0.08697 ?< 0.10000   g = 0.00022

----------------------------------
         Iteration 12
----------------------------------
f = -41.56879   r = 0.08697 ?< 0.01000   g = 0.00022
f = -41.56890   r = 0.05559 ?< 0.01000   g = 0.00015
f = -41.56902   r = 0.03572 ?< 0.01000   g = 0.00010
f = -41.56912   r = 0.05634 ?< 0.01000   g = 0.00011
f = -41.56914   r = 0.02595 ?< 0.01000   g = 0.00005
f = -41.56915   r = 0.02625 ?< 0.01000   g = 0.00003
f = -41.56917   r = 0.01754 ?< 0.01000   g = 0.00002
f = -41.56918   r = 0.02348 ?< 0.01000   g = 0.00002
f = -41.56919   r = 0.01876 ?< 0.01000   g = 0.00001
f = -41.56920   r = 0.01510 ?< 0.01000   g = 0.00001
f = -41.56920   r = 0.01535 ?< 0.01000   g = 0.00001
f = -41.56921   r = 0.01068 ?< 0.01000   g = 0.00000
f = -41.56921   r = 0.00902 ?< 0.01000   g = 0.00000

----------------------------------
         Iteration 13
----------------------------------
f = -41.56921   r = 0.00902 ?< 0.00100   g = 0.00000
f = -41.56921   r = 0.00550 ?< 0.00100   g = 0.00000
f = -41.56921   r = 0.00467 ?< 0.00100   g = 0.00000
f = -41.56921   r = 0.00592 ?< 0.00100   g = 0.00000
f = -41.56921   r = 0.00556 ?< 0.00100   g = 0.00000
f = -41.56921   r = 0.00658 ?< 0.00100   g = 0.00000
f = -41.56921   r = 0.00649 ?< 0.00100   g = 0.00000
f = -41.56921   r = 0.00749 ?< 0.00100   g = 0.00000
f = -41.56921   r = 0.00509 ?< 0.00100   g = 0.00000
f = -41.56921   r = 0.00715 ?< 0.00100   g = 0.00000
f = -41.56921   r = 0.00724 ?< 0.00100   g = 0.00000
f = -41.56921   r = 0.00582 ?< 0.00100   g = 0.00000
f = -41.56921   r = 0.00619 ?< 0.00100   g = 0.00000
f = -41.56921   r = 0.00600 ?< 0.00100   g = 0.00000
f = -41.56922   r = 0.00615 ?< 0.00100   g = 0.00000
f = -41.56922   r = 0.00483 ?< 0.00100   g = 0.00000
f = -41.56922   r = 0.00321 ?< 0.00100   g = 0.00000
f = -41.56922   r = 0.00244 ?< 0.00100   g = 0.00000
f = -41.56922   r = 0.00196 ?< 0.00100   g = 0.00000
f = -41.56922   r = 0.00278 ?< 0.00100   g = 0.00000
f = -41.56922   r = 0.00250 ?< 0.00100   g = 0.00000
f = -41.56922   r = 0.00313 ?< 0.00100   g = 0.00000
f = -41.56922   r = 0.00248 ?< 0.00100   g = 0.00000
f = -41.56922   r = 0.00329 ?< 0.00100   g = 0.00000
f = -41.56922   r = 0.00214 ?< 0.00100   g = 0.00000
f = -41.56922   r = 0.00351 ?< 0.00100   g = 0.00000
f = -41.56922   r = 0.00290 ?< 0.00100   g = 0.00000
f = -41.56922   r = 0.00379 ?< 0.00100   g = 0.00000
f = -41.56922   r = 0.00246 ?< 0.00100   g = 0.00000
f = -41.56922   r = 0.00382 ?< 0.00100   g = 0.00000
f = -41.56922   r = 0.00193 ?< 0.00100   g = 0.00000
f = -41.56922   r = 0.00383 ?< 0.00100   g = 0.00000
f = -41.56922   r = 0.00233 ?< 0.00100   g = 0.00000
f = -41.56922   r = 0.00403 ?< 0.00100   g = 0.00000
f = -41.56922   r = 0.00367 ?< 0.00100   g = 0.00000
f = -41.56922   r = 0.00239 ?< 0.00100   g = 0.00000
f = -41.56922   r = 0.00139 ?< 0.00100   g = 0.00000
f = -41.56922   r = 0.00086 ?< 0.00100   g = 0.00000

----------------------------------
         Iteration 14
----------------------------------
f = -41.56922   r = 0.00086 ?< 0.00010   g = 0.00000
f = -41.56922   r = 0.00048 ?< 0.00010   g = 0.00000
f = -41.56922   r = 0.00047 ?< 0.00010   g = 0.00000
f = -41.56922   r = 0.00064 ?< 0.00010   g = 0.00000
f = -41.56922   r = 0.00089 ?< 0.00010   g = 0.00000
f = -41.56922   r = 0.00094 ?< 0.00010   g = 0.00000
f = -41.56922   r = 0.00105 ?< 0.00010   g = 0.00000
f = -41.56922   r = 0.00104 ?< 0.00010   g = 0.00000
f = -41.56922   r = 0.00121 ?< 0.00010   g = 0.00000
f = -41.56922   r = 0.00068 ?< 0.00010   g = 0.00000
f = -41.56922   r = 0.00133 ?< 0.00010   g = 0.00000
f = -41.56922   r = 0.00087 ?< 0.00010   g = 0.00000
f = -41.56922   r = 0.00073 ?< 0.00010   g = 0.00000
f = -41.56922   r = 0.00081 ?< 0.00010   g = 0.00000
f = -41.56922   r = 0.00119 ?< 0.00010   g = 0.00000
f = -41.56922   r = 0.00090 ?< 0.00010   g = 0.00000
f = -41.56922   r = 0.00102 ?< 0.00010   g = 0.00000
f = -41.56922   r = 0.00160 ?< 0.00010   g = 0.00000
f = -41.56922   r = 0.00103 ?< 0.00010   g = 0.00000
f = -41.56922   r = 0.00035 ?< 0.00010   g = 0.00000
f = -41.56922   r = 0.00030 ?< 0.00010   g = 0.00000
f = -41.56922   r = 0.00013 ?< 0.00010   g = 0.00000
f = -41.56922   r = 0.00005 ?< 0.00010   g = 0.00000

----------------------------------
         Iteration 15
----------------------------------
f = -41.56922   r = 0.00005 ?< 0.00001   g = 0.00000
f = -41.56922   r = 0.00006 ?< 0.00001   g = 0.00000
f = -41.56922   r = 0.00004 ?< 0.00001   g = 0.00000
f = -41.56922   r = 0.00003 ?< 0.00001   g = 0.00000
f = -41.56922   r = 0.00005 ?< 0.00001   g = 0.00000
f = -41.56922   r = 0.00003 ?< 0.00001   g = 0.00000
f = -41.56922   r = 0.00005 ?< 0.00001   g = 0.00000
f = -41.56922   r = 0.00003 ?< 0.00001   g = 0.00000
f = -41.56922   r = 0.00008 ?< 0.00001   g = 0.00000
f = -41.56922   r = 0.00002 ?< 0.00001   g = 0.00000
f = -41.56922   r = 0.00008 ?< 0.00001   g = 0.00000
f = -41.56922   r = 0.00004 ?< 0.00001   g = 0.00000
f = -41.56922   r = 0.00005 ?< 0.00001   g = 0.00000
f = -41.56922   r = 0.00005 ?< 0.00001   g = 0.00000
f = -41.56922   r = 0.00005 ?< 0.00001   g = 0.00000
f = -41.56922   r = 0.00005 ?< 0.00001   g = 0.00000
f = -41.56922   r = 0.00005 ?< 0.00001   g = 0.00000
f = -41.56922   r = 0.00006 ?< 0.00001   g = 0.00000
f = -41.56922   r = 0.00005 ?< 0.00001   g = 0.00000
f = -41.56922   r = 0.00004 ?< 0.00001   g = 0.00000
f = -41.56922   r = 0.00002 ?< 0.00001   g = 0.00000
f = -41.56922   r = 0.00001 ?< 0.00001   g = 0.00000
f = -41.56922   r = 0.00002 ?< 0.00001   g = 0.00000
f = -41.56922   r = 0.00001 ?< 0.00001   g = 0.00000
f = -41.56922   r = 0.00002 ?< 0.00001   g = 0.00000
f = -41.56922   r = 0.00001 ?< 0.00001   g = 0.00000
f = -41.56922   r = 0.00001 ?< 0.00001   g = 0.00000
f = -41.56922   r = 0.00002 ?< 0.00001   g = 0.00000
f = -41.56922   r = 0.00002 ?< 0.00001   g = 0.00000
f = -41.56922   r = 0.00001 ?< 0.00001   g = 0.00000
f = -41.56922   r = 0.00002 ?< 0.00001   g = 0.00000
f = -41.56922   r = 0.00001 ?< 0.00001   g = 0.00000
f = -41.56922   r = 0.00002 ?< 0.00001   g = 0.00000
f = -41.56922   r = 0.00001 ?< 0.00001   g = 0.00000
f = -41.56922   r = 0.00002 ?< 0.00001   g = 0.00000
f = -41.56922   r = 0.00001 ?< 0.00001   g = 0.00000

--------------------------------
      Final Z 
--------------------------------

Z_0^0 = { { (+0.00000,+0.00000), (-0.00000,-0.00000), (-0.00000,+0.00000), (-0.00000,-0.00000)},
          { (-0.00000,+0.00000), (+0.00000,+0.00000), (-0.00000,+0.00000), (-0.00000,-0.00000)},
          { (-0.00000,-0.00000), (-0.00000,-0.00000), (+0.00000,+0.00000), (+0.00000,-0.00000)},
          { (-0.00000,+0.00000), (-0.00000,+0.00000), (+0.00000,+0.00000), (+0.00000,+0.00000)} } 

Z_1^0 = { { (+0.00000,-0.00000), (-0.00000,+0.00000), (+0.00000,+0.00000), (+0.00000,+0.00000)},
          { (-0.00000,-0.00000), (+0.00000,-0.00000), (-0.00000,+0.00000), (-0.00000,+0.00000)},
          { (+0.00000,-0.00000), (-0.00000,-0.00000), (+0.00000,-0.00000), (-0.00000,-0.00000)},
          { (+0.00000,-0.00000), (-0.00000,-0.00000), (-0.00000,+0.00000), (+0.00000,-0.00000)} } 

Z_2^0 = { { (+0.00000,+0.00000), (+0.00000,-0.00000), (+0.00000,-0.00000), (-0.00000,-0.00000)},
          { (+0.00000,+0.00000), (+0.00000,+0.00000), (-0.00000,-0.00000), (+0.00000,+0.00000)},
          { (+0.00000,+0.00000), (-0.00000,+0.00000), (+0.00000,-0.00000), (+0.00000,+0.00000)},
          { (-0.00000,+0.00000), (+0.00000,-0.00000), (+0.00000,-0.00000), (+0.00000,+0.00000)} } 

Z_3^0 = { { (+0.00000,-0.00000), (+0.00000,-0.00000), (-0.00000,+0.00000), (-0.00000,+0.00000)},
          { (+0.00000,+0.00000), (+0.00000,-0.00000), (+0.00000,-0.00000), (+0.00000,-0.00000)},
          { (-0.00000,-0.00000), (+0.00000,+0.00000), (+0.00000,+0.00000), (-0.00000,-0.00000)},
          { (-0.00000,-0.00000), (+0.00000,+0.00000), (-0.00000,+0.00000), (+0.00000,+0.00000)} } 

Z_0^1 = { { (+0.00000,+0.00000), (-0.00000,-0.00000), (+0.00000,-0.00000), (+0.00000,-0.00000)},
          { (-0.00000,+0.00000), (+0.00000,+0.00000), (-0.00000,-0.00000), (+0.00000,-0.00000)},
          { (+0.00000,+0.00000), (-0.00000,+0.00000), (+0.00000,+0.00000), (-0.00000,-0.00000)},
          { (+0.00000,+0.00000), (+0.00000,+0.00000), (-0.00000,+0.00000), (+0.00000,+0.00000)} } 

Z_1^1 = { { (+0.00000,+0.00000), (-0.00000,-0.00000), (+0.00000,+0.00000), (-0.00000,-0.00000)},
          { (-0.00000,+0.00000), (+0.00000,-0.00000), (+0.00000,-0.00000), (-0.00000,+0.00000)},
          { (+0.00000,-0.00000), (+0.00000,+0.00000), (+0.00000,+0.00000), (+0.00000,-0.00000)},
          { (-0.00000,+0.00000), (-0.00000,-0.00000), (+0.00000,+0.00000), (+0.00000,-0.00000)} } 

Z_2^1 = { { (+0.00000,-0.00000), (+0.00000,-0.00000), (-0.00000,-0.00000), (-0.00000,+0.00000)},
          { (+0.00000,+0.00000), (+0.00000,+0.00000), (-0.00000,+0.00000), (+0.00000,-0.00000)},
          { (-0.00000,+0.00000), (-0.00000,-0.00000), (+0.00000,-0.00000), (+0.00000,+0.00000)},
          { (-0.00000,-0.00000), (+0.00000,+0.00000), (+0.00000,-0.00000), (+0.00000,-0.00000)} } 

Z_3^1 = { { (+0.00000,-0.00000), (+0.00000,+0.00000), (+0.00000,+0.00000), (+0.00000,-0.00000)},
          { (+0.00000,-0.00000), (+0.00000,+0.00000), (-0.00000,+0.00000), (+0.00000,+0.00000)},
          { (+0.00000,-0.00000), (-0.00000,-0.00000), (+0.00000,+0.00000), (+0.00000,+0.00000)},
          { (+0.00000,+0.00000), (+0.00000,-0.00000), (+0.00000,-0.00000), (+0.00000,+0.00000)} } 

Z_0^2 = { { (+0.00000,+0.00000), (+0.00000,+0.00000), (+0.00000,+0.00000), (-0.00000,-0.00000)},
          { (+0.00000,-0.00000), (+0.00000,-0.00000), (-0.00000,+0.00000), (+0.00000,-0.00000)},
          { (+0.00000,-0.00000), (-0.00000,-0.00000), (+0.00000,-0.00000), (+0.00000,+0.00000)},
          { (-0.00000,+0.00000), (+0.00000,+0.00000), (+0.00000,-0.00000), (+0.00000,+0.00000)} } 

Z_1^2 = { { (+0.00000,-0.00000), (-0.00000,+0.00000), (-0.00000,-0.00000), (+0.00000,+0.00000)},
          { (-0.00000,-0.00000), (+0.00000,+0.00000), (-0.00000,-0.00000), (-0.00000,+0.00000)},
          { (-0.00000,+0.00000), (-0.00000,+0.00000), (+0.00000,+0.00000), (+0.00000,+0.00000)},
          { (+0.00000,-0.00000), (-0.00000,-0.00000), (+0.00000,-0.00000), (+0.00000,+0.00000)} } 

Z_2^2 = { { (+0.00000,-0.00000), (+0.00000,-0.00000), (-0.00000,-0.00000), (+0.00000,-0.00000)},
          { (+0.00000,+0.00000), (+0.00000,-0.00000), (-0.00000,+0.00000), (-0.00000,+0.00000)},
          { (-0.00000,+0.00000), (-0.00000,-0.00000), (+0.00000,-0.00000), (-0.00000,-0.00000)},
          { (+0.00000,+0.00000), (-0.00000,-0.00000), (-0.00000,+0.00000), (+0.00000,+0.00000)} } 

Z_3^2 = { { (+0.00000,-0.00000), (-0.00000,-0.00000), (+0.00000,+0.00000), (+0.00000,+0.00000)},
          { (-0.00000,+0.00000), (+0.00000,+0.00000), (+0.00000,-0.00000), (+0.00000,-0.00000)},
          { (+0.00000,-0.00000), (+0.00000,+0.00000), (+0.00000,-0.00000), (-0.00000,+0.00000)},
          { (+0.00000,-0.00000), (+0.00000,+0.00000), (-0.00000,-0.00000), (+0.00000,-0.00000)} } 

----------------------------------
         Final Matrices 
----------------------------------

M_0^0 = { { (+0.54960,+0.00000), (+0.20943,+0.12008), (+0.24716,-0.17783), (+0.03191,+0.30908)},
          { (+0.20943,-0.12008), (+0.10604,+0.00000), (+0.05533,-0.12176), (+0.07969,+0.11080)},
          { (+0.24716,+0.17783), (+0.05533,+0.12176), (+0.16869,+0.00000), (-0.08565,+0.14932)},
          { (+0.03191,-0.30908), (+0.07969,-0.11080), (-0.08565,-0.14932), (+0.17567,+0.00000)} } 

|M^2-M|  = 0.00000
is M PD? = 0

M_1^0 = { { (+0.23025,+0.00000), (+0.03104,-0.18046), (-0.03733,-0.01563), (-0.20122,-0.31871)},
          { (+0.03104,+0.18046), (+0.14563,+0.00000), (+0.00722,-0.03136), (+0.22267,-0.20068)},
          { (-0.03733,+0.01563), (+0.00722,+0.03136), (+0.00711,+0.00000), (+0.05425,+0.03801)},
          { (-0.20122,+0.31871), (+0.22267,+0.20068), (+0.05425,-0.03801), (+0.61701,+0.00000)} } 

|M^2-M|  = 0.00000
is M PD? = 0

M_2^0 = { { (+0.17431,+0.00000), (-0.06043,+0.05935), (-0.26923,+0.22972), (+0.09718,+0.04535)},
          { (-0.06043,-0.05935), (+0.04115,+0.00000), (+0.17154,+0.01202), (-0.01825,-0.04881)},
          { (-0.26923,-0.22972), (+0.17154,-0.01202), (+0.71856,+0.00000), (-0.09032,-0.19812)},
          { (+0.09718,-0.04535), (-0.01825,+0.04881), (-0.09032,+0.19812), (+0.06598,+0.00000)} } 

|M^2-M|  = 0.00000
is M PD? = 0

M_3^0 = { { (+0.04584,+0.00000), (-0.18004,+0.00104), (+0.05939,-0.03627), (+0.07213,-0.03572)},
          { (-0.18004,-0.00104), (+0.70718,+0.00000), (-0.23409,+0.14110), (-0.28411,+0.13868)},
          { (+0.05939,+0.03627), (-0.23409,-0.14110), (+0.10564,+0.00000), (+0.12172,+0.01078)},
          { (+0.07213,+0.03572), (-0.28411,-0.13868), (+0.12172,-0.01078), (+0.14134,+0.00000)} } 

|M^2-M|  = 0.00000
is M PD? = 0

M_0^1 = { { (+0.05226,+0.00000), (+0.04451,+0.04733), (-0.02592,+0.14128), (-0.11480,+0.10721)},
          { (+0.04451,-0.04733), (+0.08076,+0.00000), (+0.10588,+0.14380), (-0.00068,+0.19527)},
          { (-0.02592,-0.14128), (+0.10588,-0.14380), (+0.39483,+0.00000), (+0.34678,+0.25721)},
          { (-0.11480,-0.10721), (-0.00068,-0.19527), (+0.34678,-0.25721), (+0.47215,+0.00000)} } 

|M^2-M|  = 0.00000
is M PD? = 0

M_1^1 = { { (+0.08179,+0.00000), (+0.03528,+0.17851), (-0.10312,-0.09402), (+0.11828,+0.09233)},
          { (+0.03528,-0.17851), (+0.40483,+0.00000), (-0.24968,+0.18451), (+0.25253,-0.21834)},
          { (-0.10312,+0.09402), (-0.24968,-0.18451), (+0.23809,+0.00000), (-0.25527,+0.01957)},
          { (+0.11828,-0.09233), (+0.25253,+0.21834), (-0.25527,-0.01957), (+0.27529,+0.00000)} } 

|M^2-M|  = 0.00000
is M PD? = 0

M_2^1 = { { (+0.41445,+0.00000), (-0.04882,+0.20293), (+0.31257,+0.08556), (+0.00167,-0.30675)},
          { (-0.04882,-0.20293), (+0.10511,+0.00000), (+0.00508,-0.16313), (-0.15039,+0.03531)},
          { (+0.31257,-0.08556), (+0.00508,+0.16313), (+0.25340,+0.00000), (-0.06207,-0.23169)},
          { (+0.00167,+0.30675), (-0.15039,-0.03531), (-0.06207,+0.23169), (+0.22704,+0.00000)} } 

|M^2-M|  = 0.00000
is M PD? = 0

M_3^1 = { { (+0.45151,+0.00000), (-0.03097,-0.42877), (-0.18354,-0.13283), (-0.00515,+0.10721)},
          { (-0.03097,+0.42877), (+0.40929,+0.00000), (+0.13873,-0.16518), (-0.10146,-0.01224)},
          { (-0.18354,+0.13283), (+0.13873,+0.16518), (+0.11368,+0.00000), (-0.02945,-0.04510)},
          { (-0.00515,-0.10721), (-0.10146,+0.01224), (-0.02945,+0.04510), (+0.02552,+0.00000)} } 

|M^2-M|  = 0.00000
is M PD? = 0

M_0^2 = { { (+0.07793,+0.00000), (-0.03018,-0.06200), (-0.06650,-0.00398), (+0.23891,+0.07474)},
          { (-0.03018,+0.06200), (+0.06102,+0.00000), (+0.02892,-0.05136), (-0.15199,+0.16113)},
          { (-0.06650,+0.00398), (+0.02892,+0.05136), (+0.05694,+0.00000), (-0.20768,-0.05157)},
          { (+0.23891,-0.07474), (-0.15199,-0.16113), (-0.20768,+0.05157), (+0.80410,+0.00000)} } 

|M^2-M|  = 0.00000
is M PD? = 0

M_1^2 = { { (+0.29143,+0.00000), (+0.27013,-0.19877), (+0.23326,+0.18933), (-0.02726,-0.05493)},
          { (+0.27013,+0.19877), (+0.38596,+0.00000), (+0.08708,+0.33459), (+0.01220,-0.06951)},
          { (+0.23326,-0.18933), (+0.08708,-0.33459), (+0.30970,+0.00000), (-0.05750,-0.02626)},
          { (-0.02726,+0.05493), (+0.01220,+0.06951), (-0.05750,+0.02626), (+0.01290,+0.00000)} } 

|M^2-M|  = 0.00000
is M PD? = 0

M_2^2 = { { (+0.14710,+0.00000), (-0.25171,+0.10083), (+0.06575,+0.17895), (-0.06558,+0.10626)},
          { (-0.25171,-0.10083), (+0.49983,+0.00000), (+0.01016,-0.35127), (+0.18505,-0.13688)},
          { (+0.06575,-0.17895), (+0.01016,+0.35127), (+0.24708,+0.00000), (+0.09995,+0.12727)},
          { (-0.06558,-0.10626), (+0.18505,+0.13688), (+0.09995,-0.12727), (+0.10599,+0.00000)} } 

|M^2-M|  = 0.00000
is M PD? = 0

M_3^2 = { { (+0.48353,+0.00000), (+0.01176,+0.15994), (-0.23251,-0.36430), (-0.14608,-0.12607)},
          { (+0.01176,-0.15994), (+0.05319,+0.00000), (-0.12616,+0.06805), (-0.04526,+0.04525)},
          { (-0.23251,+0.36430), (-0.12616,-0.06805), (+0.38627,+0.00000), (+0.16523,-0.04944)},
          { (-0.14608,+0.12607), (-0.04526,-0.04525), (+0.16523,+0.04944), (+0.07700,+0.00000)} } 

|M^2-M|  = 0.00000
is M PD? = 0

----------------------------------
         Final Output 
----------------------------------
        |r(w)| = 0.00001 < 0.00001
         -f(x) = 41.56922 <= 41.56922
          g(x) = 0.00000
         -L(w) = 41.56922
         <X,Z> = 0.00000
           |y| = 90.79401
      y^T*g(x) = -0.00000
     |delf(x)| = 0.00002
     |delL(w)| = 0.00001
     |delg(x)| = 0.00001
    |del2f(x)| = 18.76634
    |del2L(w)| = 328.89338
    |del2g(x)| = 238.79697
   total inner = 178
    time taken = 7512 ms
