--------------------------------
          System Info           
--------------------------------
               d = 4
               n = 4
  size of vector = 180
  size of matrix = 128 x 128 ~ 0 MB 
         epsilon = 1e-05
       epsilon_0 = 0.9
     g(x) thresh = 1e-13
      initial mu = 1
             M_c = 1e+10
  extra diagonal = 1
       muScaling = 10
             rho = 0.5
              nu = 0.9
           gamma = 1
            beta = 0.7
     f(x) factor = 1
     g(x) factor = 0.001

g(x) = 0.0062165
g(x) = 0.0059588
g(x) = 0.0057149
g(x) = 0.005484
g(x) = 0.0052653
g(x) = 0.0050582
g(x) = 0.0048619
g(x) = 0.0046757
g(x) = 0.0044992
g(x) = 0.0043318
g(x) = 0.0041728
g(x) = 0.0040219
g(x) = 0.0038785
g(x) = 0.0037423
g(x) = 0.0036127
g(x) = 0.0034896
g(x) = 0.0033723
g(x) = 0.0032608
g(x) = 0.0031545
g(x) = 0.0030533
g(x) = 0.0029567
g(x) = 0.0028647
g(x) = 0.0027769
g(x) = 0.0026931
g(x) = 0.0026131
g(x) = 0.0025366
g(x) = 0.0024635
g(x) = 0.0023936
g(x) = 0.0023267
g(x) = 0.0022627
g(x) = 0.0022013
g(x) = 0.0021426
g(x) = 0.0020862
g(x) = 0.0020322
g(x) = 0.0019803
g(x) = 0.0019305
g(x) = 0.0018827
g(x) = 0.0018367
g(x) = 0.0017925
g(x) = 0.0017499
g(x) = 0.001709
g(x) = 0.0016695
g(x) = 0.0016315
g(x) = 0.0015949
g(x) = 0.0015596
g(x) = 0.0015255
g(x) = 0.0014925
g(x) = 0.0014607
g(x) = 0.00143
g(x) = 0.0014003
g(x) = 0.0013716
g(x) = 0.0013437
g(x) = 0.0013168
g(x) = 0.0012907
g(x) = 0.0012654
g(x) = 0.0012409
g(x) = 0.0012171
g(x) = 0.0011941
g(x) = 0.0011717
g(x) = 0.0011499
g(x) = 0.0011288
g(x) = 0.0011082
g(x) = 0.0010882
g(x) = 0.0010688
g(x) = 0.0010499
g(x) = 0.0010315
g(x) = 0.0010135
g(x) = 0.00099607
g(x) = 0.00097905
g(x) = 0.00096245
g(x) = 0.00094626
g(x) = 0.00093046
g(x) = 0.00091505
g(x) = 0.0009
g(x) = 0.00088531
g(x) = 0.00087095
g(x) = 0.00085693
g(x) = 0.00084322
g(x) = 0.00082982
g(x) = 0.00081672
g(x) = 0.0008039
g(x) = 0.00079136
g(x) = 0.00077909
g(x) = 0.00076707
g(x) = 0.00075531
g(x) = 0.00074379
g(x) = 0.00073251
g(x) = 0.00072145
g(x) = 0.00071062
g(x) = 0.0007
g(x) = 0.00068959
g(x) = 0.00067938
g(x) = 0.00066937
g(x) = 0.00065954
g(x) = 0.00064991
g(x) = 0.00064045
g(x) = 0.00063117
g(x) = 0.00062207
g(x) = 0.00061313
g(x) = 0.00060435
g(x) = 0.00059572
g(x) = 0.00058726
g(x) = 0.00057894
g(x) = 0.00057077
g(x) = 0.00056274
g(x) = 0.00055485
g(x) = 0.0005471
g(x) = 0.00053947
g(x) = 0.00053198
g(x) = 0.00052462
g(x) = 0.00051738
g(x) = 0.00051026
g(x) = 0.00050325
g(x) = 0.00049637
g(x) = 0.00048959
g(x) = 0.00048293
g(x) = 0.00047637
g(x) = 0.00046992
g(x) = 0.00046358
g(x) = 0.00045733
g(x) = 0.00045118
g(x) = 0.00044514
g(x) = 0.00043918
g(x) = 0.00043332
g(x) = 0.00042755
g(x) = 0.00042187
g(x) = 0.00041628
g(x) = 0.00041078
g(x) = 0.00040536
g(x) = 0.00040002
g(x) = 0.00039476
g(x) = 0.00038959
g(x) = 0.00038449
g(x) = 0.00037947
g(x) = 0.00037452
g(x) = 0.00036965
g(x) = 0.00036485
g(x) = 0.00036012
g(x) = 0.00035546
g(x) = 0.00035088
g(x) = 0.00034635
g(x) = 0.0003419
g(x) = 0.00033751
g(x) = 0.00033318
g(x) = 0.00032892
g(x) = 0.00032472
g(x) = 0.00032058
g(x) = 0.0003165
g(x) = 0.00031248
g(x) = 0.00030851
g(x) = 0.00030461
g(x) = 0.00030076
g(x) = 0.00029696
g(x) = 0.00029322
g(x) = 0.00028953
g(x) = 0.00028589
g(x) = 0.00028231
g(x) = 0.00027878
g(x) = 0.00027529
g(x) = 0.00027185
g(x) = 0.00026847
g(x) = 0.00026513
g(x) = 0.00026183
g(x) = 0.00025859
g(x) = 0.00025538
g(x) = 0.00025223
g(x) = 0.00024911
g(x) = 0.00024604
g(x) = 0.00024301
g(x) = 0.00024002
g(x) = 0.00023708
g(x) = 0.00023417
g(x) = 0.00023131
g(x) = 0.00022848
g(x) = 0.00022569
g(x) = 0.00022294
g(x) = 0.00022023
g(x) = 0.00021756
g(x) = 0.00021492
g(x) = 0.00021231
g(x) = 0.00020974
g(x) = 0.00020721
g(x) = 0.00020471
g(x) = 0.00020224
g(x) = 0.00019981
g(x) = 0.00019741
g(x) = 0.00019504
g(x) = 0.00019271
g(x) = 0.0001904
g(x) = 0.00018813
g(x) = 0.00018588
g(x) = 0.00018367
g(x) = 0.00018148
g(x) = 0.00017933
g(x) = 0.0001772
g(x) = 0.0001751
g(x) = 0.00017303
g(x) = 0.00017099
g(x) = 0.00016897
g(x) = 0.00016698
g(x) = 0.00016501
g(x) = 0.00016307
g(x) = 0.00016116
g(x) = 0.00015927
g(x) = 0.00015741
g(x) = 0.00015557
g(x) = 0.00015375
g(x) = 0.00015196
g(x) = 0.00015019
g(x) = 0.00014844
g(x) = 0.00014672
g(x) = 0.00014502
g(x) = 0.00014334
g(x) = 0.00014168
g(x) = 0.00014005
g(x) = 0.00013843
g(x) = 0.00013684
g(x) = 0.00013526
g(x) = 0.00013371
g(x) = 0.00013217
g(x) = 0.00013066
g(x) = 0.00012916
g(x) = 0.00012769
g(x) = 0.00012623
g(x) = 0.00012479
g(x) = 0.00012337
g(x) = 0.00012197
g(x) = 0.00012058
g(x) = 0.00011922
g(x) = 0.00011787
g(x) = 0.00011653
g(x) = 0.00011522
g(x) = 0.00011392
g(x) = 0.00011263
g(x) = 0.00011137
g(x) = 0.00011012
g(x) = 0.00010888
g(x) = 0.00010766
g(x) = 0.00010645
g(x) = 0.00010526
g(x) = 0.00010409
g(x) = 0.00010293
g(x) = 0.00010178
g(x) = 0.00010065
g(x) = 9.9531e-05
g(x) = 9.8427e-05
g(x) = 9.7337e-05
g(x) = 9.6259e-05
g(x) = 9.5196e-05
g(x) = 9.4145e-05
g(x) = 9.3107e-05
g(x) = 9.2082e-05
g(x) = 9.1069e-05
g(x) = 9.0069e-05
g(x) = 8.9081e-05
g(x) = 8.8105e-05
g(x) = 8.7141e-05
g(x) = 8.6189e-05
g(x) = 8.5248e-05
g(x) = 8.4319e-05
g(x) = 8.3401e-05
g(x) = 8.2494e-05
g(x) = 8.1598e-05
g(x) = 8.0713e-05
g(x) = 7.9839e-05
g(x) = 7.8975e-05
g(x) = 7.8122e-05
g(x) = 7.7279e-05
g(x) = 7.6446e-05
g(x) = 7.5623e-05
g(x) = 7.481e-05
g(x) = 7.4006e-05
g(x) = 7.3212e-05
g(x) = 7.2428e-05
g(x) = 7.1653e-05
g(x) = 7.0888e-05
g(x) = 7.0131e-05
g(x) = 6.9383e-05
g(x) = 6.8645e-05
g(x) = 6.7915e-05
g(x) = 6.7193e-05
g(x) = 6.648e-05
g(x) = 6.5776e-05
g(x) = 6.508e-05
g(x) = 6.4392e-05
g(x) = 6.3712e-05
g(x) = 6.3041e-05
g(x) = 6.2377e-05
g(x) = 6.172e-05
g(x) = 6.1072e-05
g(x) = 6.0431e-05
g(x) = 5.9798e-05
g(x) = 5.9172e-05
g(x) = 5.8553e-05
g(x) = 5.7942e-05
g(x) = 5.7337e-05
g(x) = 5.674e-05
g(x) = 5.6149e-05
g(x) = 5.5566e-05
g(x) = 5.4989e-05
g(x) = 5.4419e-05
g(x) = 5.3855e-05
g(x) = 5.3298e-05
g(x) = 5.2747e-05
g(x) = 5.2203e-05
g(x) = 5.1665e-05
g(x) = 5.1133e-05
g(x) = 5.0607e-05
g(x) = 5.0087e-05
g(x) = 4.9573e-05
g(x) = 4.9065e-05
g(x) = 4.8563e-05
g(x) = 4.8066e-05
g(x) = 4.7576e-05
g(x) = 4.709e-05
g(x) = 4.661e-05
g(x) = 4.6136e-05
g(x) = 4.5667e-05
g(x) = 4.5203e-05
g(x) = 4.4745e-05
g(x) = 4.4292e-05
g(x) = 4.3843e-05
g(x) = 4.34e-05
g(x) = 4.2962e-05
g(x) = 4.2529e-05
g(x) = 4.21e-05
g(x) = 4.1677e-05
g(x) = 4.1258e-05
g(x) = 4.0844e-05
g(x) = 4.0434e-05
g(x) = 4.0029e-05
g(x) = 3.9629e-05
g(x) = 3.9233e-05
g(x) = 3.8841e-05
g(x) = 3.8454e-05
g(x) = 3.8071e-05
g(x) = 3.7692e-05
g(x) = 3.7317e-05
g(x) = 3.6947e-05
g(x) = 3.658e-05
g(x) = 3.6218e-05
g(x) = 3.586e-05
g(x) = 3.5505e-05
g(x) = 3.5155e-05
g(x) = 3.4808e-05
g(x) = 3.4465e-05
g(x) = 3.4126e-05
g(x) = 3.379e-05
g(x) = 3.3459e-05
g(x) = 3.313e-05
g(x) = 3.2806e-05
g(x) = 3.2485e-05
g(x) = 3.2167e-05
g(x) = 3.1853e-05
g(x) = 3.1542e-05
g(x) = 3.1235e-05
g(x) = 3.0931e-05
g(x) = 3.063e-05
g(x) = 3.0332e-05
g(x) = 3.0038e-05
g(x) = 2.9747e-05
g(x) = 2.9459e-05
g(x) = 2.9174e-05
g(x) = 2.8892e-05
g(x) = 2.8613e-05
g(x) = 2.8337e-05
g(x) = 2.8064e-05
g(x) = 2.7794e-05
g(x) = 2.7527e-05
g(x) = 2.7262e-05
g(x) = 2.7001e-05
g(x) = 2.6742e-05
g(x) = 2.6486e-05
g(x) = 2.6233e-05
g(x) = 2.5982e-05
g(x) = 2.5734e-05
g(x) = 2.5489e-05
g(x) = 2.5246e-05
g(x) = 2.5006e-05
g(x) = 2.4768e-05
g(x) = 2.4533e-05
g(x) = 2.43e-05
g(x) = 2.407e-05
g(x) = 2.3842e-05
g(x) = 2.3616e-05
g(x) = 2.3393e-05
g(x) = 2.3172e-05
g(x) = 2.2954e-05
g(x) = 2.2738e-05
g(x) = 2.2524e-05
g(x) = 2.2312e-05
g(x) = 2.2102e-05
g(x) = 2.1895e-05
g(x) = 2.169e-05
g(x) = 2.1486e-05
g(x) = 2.1285e-05
g(x) = 2.1086e-05
g(x) = 2.089e-05
g(x) = 2.0695e-05
g(x) = 2.0502e-05
g(x) = 2.0311e-05
g(x) = 2.0122e-05
g(x) = 1.9935e-05
g(x) = 1.975e-05
g(x) = 1.9567e-05
g(x) = 1.9385e-05
g(x) = 1.9206e-05
g(x) = 1.9028e-05
g(x) = 1.8852e-05
g(x) = 1.8678e-05
g(x) = 1.8506e-05
g(x) = 1.8335e-05
g(x) = 1.8167e-05
g(x) = 1.8e-05
g(x) = 1.7834e-05
g(x) = 1.767e-05
g(x) = 1.7508e-05
g(x) = 1.7348e-05
g(x) = 1.7189e-05
g(x) = 1.7032e-05
g(x) = 1.6876e-05
g(x) = 1.6722e-05
g(x) = 1.657e-05
g(x) = 1.6418e-05
g(x) = 1.6269e-05
g(x) = 1.6121e-05
g(x) = 1.5974e-05
g(x) = 1.5829e-05
g(x) = 1.5686e-05
g(x) = 1.5544e-05
g(x) = 1.5403e-05
g(x) = 1.5263e-05
g(x) = 1.5125e-05
g(x) = 1.4989e-05
g(x) = 1.4853e-05
g(x) = 1.4719e-05
g(x) = 1.4587e-05
g(x) = 1.4456e-05
g(x) = 1.4325e-05
g(x) = 1.4197e-05
g(x) = 1.4069e-05
g(x) = 1.3943e-05
g(x) = 1.3818e-05
g(x) = 1.3694e-05
g(x) = 1.3572e-05
g(x) = 1.345e-05
g(x) = 1.333e-05
g(x) = 1.3211e-05
g(x) = 1.3093e-05
g(x) = 1.2977e-05
g(x) = 1.2861e-05
g(x) = 1.2747e-05
g(x) = 1.2634e-05
g(x) = 1.2521e-05
g(x) = 1.241e-05
g(x) = 1.23e-05
g(x) = 1.2191e-05
g(x) = 1.2083e-05
g(x) = 1.1976e-05
g(x) = 1.1871e-05
g(x) = 1.1766e-05
g(x) = 1.1662e-05
g(x) = 1.1559e-05
g(x) = 1.1457e-05
g(x) = 1.1356e-05
g(x) = 1.1257e-05
g(x) = 1.1158e-05
g(x) = 1.106e-05
g(x) = 1.0963e-05
g(x) = 1.0867e-05
g(x) = 1.0771e-05
g(x) = 1.0677e-05
g(x) = 1.0584e-05
g(x) = 1.0491e-05
g(x) = 1.04e-05
g(x) = 1.0309e-05
g(x) = 1.0219e-05
g(x) = 1.013e-05
g(x) = 1.0042e-05
g(x) = 9.9543e-06
g(x) = 9.8678e-06
g(x) = 9.7821e-06
g(x) = 9.6972e-06
g(x) = 9.6131e-06
g(x) = 9.5298e-06
g(x) = 9.4472e-06
g(x) = 9.3655e-06
g(x) = 9.2845e-06
g(x) = 9.2043e-06
g(x) = 9.1248e-06
g(x) = 9.0461e-06
g(x) = 8.9681e-06
g(x) = 8.8908e-06
g(x) = 8.8143e-06
g(x) = 8.7385e-06
g(x) = 8.6634e-06
g(x) = 8.5889e-06
g(x) = 8.5152e-06
g(x) = 8.4422e-06
g(x) = 8.3698e-06
g(x) = 8.2981e-06
g(x) = 8.2271e-06
g(x) = 8.1568e-06
g(x) = 8.087e-06
g(x) = 8.018e-06
g(x) = 7.9495e-06
g(x) = 7.8817e-06
g(x) = 7.8146e-06
g(x) = 7.748e-06
g(x) = 7.6821e-06
g(x) = 7.6167e-06
g(x) = 7.552e-06
g(x) = 7.4879e-06
g(x) = 7.4243e-06
g(x) = 7.3614e-06
g(x) = 7.299e-06
g(x) = 7.2372e-06
g(x) = 7.1759e-06
g(x) = 7.1152e-06
g(x) = 7.0551e-06
g(x) = 6.9955e-06
g(x) = 6.9364e-06
g(x) = 6.8779e-06
g(x) = 6.8199e-06
g(x) = 6.7625e-06
g(x) = 6.7056e-06
g(x) = 6.6491e-06
g(x) = 6.5932e-06
g(x) = 6.5379e-06
g(x) = 6.483e-06
g(x) = 6.4286e-06
g(x) = 6.3747e-06
g(x) = 6.3212e-06
g(x) = 6.2683e-06
g(x) = 6.2159e-06
g(x) = 6.1639e-06
g(x) = 6.1124e-06
g(x) = 6.0613e-06
g(x) = 6.0107e-06
g(x) = 5.9606e-06
g(x) = 5.9109e-06
g(x) = 5.8616e-06
g(x) = 5.8128e-06
g(x) = 5.7645e-06
g(x) = 5.7165e-06
g(x) = 5.669e-06
g(x) = 5.6219e-06
g(x) = 5.5753e-06
g(x) = 5.529e-06
g(x) = 5.4832e-06
g(x) = 5.4378e-06
g(x) = 5.3927e-06
g(x) = 5.3481e-06
g(x) = 5.3039e-06
g(x) = 5.2601e-06
g(x) = 5.2166e-06
g(x) = 5.1735e-06
g(x) = 5.1309e-06
g(x) = 5.0886e-06
g(x) = 5.0466e-06
g(x) = 5.0051e-06
g(x) = 4.9639e-06
g(x) = 4.9231e-06
g(x) = 4.8826e-06
g(x) = 4.8425e-06
g(x) = 4.8027e-06
g(x) = 4.7633e-06
g(x) = 4.7243e-06
g(x) = 4.6855e-06
g(x) = 4.6472e-06
g(x) = 4.6091e-06
g(x) = 4.5714e-06
g(x) = 4.534e-06
g(x) = 4.497e-06
g(x) = 4.4602e-06
g(x) = 4.4238e-06
g(x) = 4.3877e-06
g(x) = 4.352e-06
g(x) = 4.3165e-06
g(x) = 4.2813e-06
g(x) = 4.2465e-06
g(x) = 4.212e-06
g(x) = 4.1777e-06
g(x) = 4.1438e-06
g(x) = 4.1101e-06
g(x) = 4.0767e-06
g(x) = 4.0437e-06
g(x) = 4.0109e-06
g(x) = 3.9784e-06
g(x) = 3.9462e-06
g(x) = 3.9142e-06
g(x) = 3.8825e-06
g(x) = 3.8512e-06
g(x) = 3.82e-06
g(x) = 3.7892e-06
g(x) = 3.7586e-06
g(x) = 3.7283e-06
g(x) = 3.6982e-06
g(x) = 3.6684e-06
g(x) = 3.6388e-06
g(x) = 3.6095e-06
g(x) = 3.5805e-06
g(x) = 3.5517e-06
g(x) = 3.5231e-06
g(x) = 3.4948e-06
g(x) = 3.4668e-06
g(x) = 3.4389e-06
g(x) = 3.4114e-06
g(x) = 3.384e-06
g(x) = 3.3569e-06
g(x) = 3.33e-06
g(x) = 3.3033e-06
g(x) = 3.2769e-06
g(x) = 3.2507e-06
g(x) = 3.2247e-06
g(x) = 3.199e-06
g(x) = 3.1734e-06
g(x) = 3.1481e-06
g(x) = 3.123e-06
g(x) = 3.0981e-06
g(x) = 3.0734e-06
g(x) = 3.0489e-06
g(x) = 3.0246e-06
g(x) = 3.0006e-06
g(x) = 2.9767e-06
g(x) = 2.953e-06
g(x) = 2.9296e-06
g(x) = 2.9063e-06
g(x) = 2.8833e-06
g(x) = 2.8604e-06
g(x) = 2.8377e-06
g(x) = 2.8152e-06
g(x) = 2.7929e-06
g(x) = 2.7708e-06
g(x) = 2.7489e-06
g(x) = 2.7271e-06
g(x) = 2.7056e-06
g(x) = 2.6842e-06
g(x) = 2.663e-06
g(x) = 2.6419e-06
g(x) = 2.6211e-06
g(x) = 2.6004e-06
g(x) = 2.5799e-06
g(x) = 2.5596e-06
g(x) = 2.5394e-06
g(x) = 2.5194e-06
g(x) = 2.4996e-06
g(x) = 2.4799e-06
g(x) = 2.4604e-06
g(x) = 2.4411e-06
g(x) = 2.4219e-06
g(x) = 2.4029e-06
g(x) = 2.3841e-06
g(x) = 2.3654e-06
g(x) = 2.3468e-06
g(x) = 2.3284e-06
g(x) = 2.3102e-06
g(x) = 2.2921e-06
g(x) = 2.2741e-06
g(x) = 2.2564e-06
g(x) = 2.2387e-06
g(x) = 2.2212e-06
g(x) = 2.2039e-06
g(x) = 2.1867e-06
g(x) = 2.1696e-06
g(x) = 2.1527e-06
g(x) = 2.1359e-06
g(x) = 2.1192e-06
g(x) = 2.1027e-06
g(x) = 2.0863e-06
g(x) = 2.0701e-06
g(x) = 2.054e-06
g(x) = 2.038e-06
g(x) = 2.0222e-06
g(x) = 2.0064e-06
g(x) = 1.9909e-06
g(x) = 1.9754e-06
g(x) = 1.9601e-06
g(x) = 1.9449e-06
g(x) = 1.9298e-06
g(x) = 1.9148e-06
g(x) = 1.9e-06
g(x) = 1.8853e-06
g(x) = 1.8707e-06
g(x) = 1.8562e-06
g(x) = 1.8418e-06
g(x) = 1.8276e-06
g(x) = 1.8135e-06
g(x) = 1.7995e-06
g(x) = 1.7856e-06
g(x) = 1.7718e-06
g(x) = 1.7581e-06
g(x) = 1.7446e-06
g(x) = 1.7311e-06
g(x) = 1.7178e-06
g(x) = 1.7045e-06
g(x) = 1.6914e-06
g(x) = 1.6784e-06
g(x) = 1.6655e-06
g(x) = 1.6527e-06
g(x) = 1.64e-06
g(x) = 1.6274e-06
g(x) = 1.6149e-06
g(x) = 1.6025e-06
g(x) = 1.5902e-06
g(x) = 1.578e-06
g(x) = 1.5659e-06
g(x) = 1.5539e-06
g(x) = 1.542e-06
g(x) = 1.5301e-06
g(x) = 1.5184e-06
g(x) = 1.5068e-06
g(x) = 1.4953e-06
g(x) = 1.4838e-06
g(x) = 1.4725e-06
g(x) = 1.4612e-06
g(x) = 1.4501e-06
g(x) = 1.439e-06
g(x) = 1.428e-06
g(x) = 1.4171e-06
g(x) = 1.4063e-06
g(x) = 1.3956e-06
g(x) = 1.385e-06
g(x) = 1.3744e-06
g(x) = 1.3639e-06
g(x) = 1.3536e-06
g(x) = 1.3433e-06
g(x) = 1.333e-06
g(x) = 1.3229e-06
g(x) = 1.3129e-06
g(x) = 1.3029e-06
g(x) = 1.293e-06
g(x) = 1.2832e-06
g(x) = 1.2734e-06
g(x) = 1.2638e-06
g(x) = 1.2542e-06
g(x) = 1.2447e-06
g(x) = 1.2352e-06
g(x) = 1.2259e-06
g(x) = 1.2166e-06
g(x) = 1.2074e-06
g(x) = 1.1983e-06
g(x) = 1.1892e-06
g(x) = 1.1802e-06
g(x) = 1.1713e-06
g(x) = 1.1624e-06
g(x) = 1.1537e-06
g(x) = 1.1449e-06
g(x) = 1.1363e-06
g(x) = 1.1277e-06
g(x) = 1.1192e-06
g(x) = 1.1108e-06
g(x) = 1.1024e-06
g(x) = 1.0941e-06
g(x) = 1.0859e-06
g(x) = 1.0777e-06
g(x) = 1.0696e-06
g(x) = 1.0615e-06
g(x) = 1.0535e-06
g(x) = 1.0456e-06
g(x) = 1.0378e-06
g(x) = 1.03e-06
g(x) = 1.0222e-06
g(x) = 1.0146e-06
g(x) = 1.0069e-06
g(x) = 9.994e-07
g(x) = 9.919e-07
g(x) = 9.8446e-07
g(x) = 9.7709e-07
g(x) = 9.6977e-07
g(x) = 9.625e-07
g(x) = 9.553e-07
g(x) = 9.4815e-07
g(x) = 9.4105e-07
g(x) = 9.3402e-07
g(x) = 9.2703e-07
g(x) = 9.201e-07
g(x) = 9.1323e-07
g(x) = 9.0641e-07
g(x) = 8.9964e-07
g(x) = 8.9293e-07
g(x) = 8.8627e-07
g(x) = 8.7966e-07
g(x) = 8.731e-07
g(x) = 8.6659e-07
g(x) = 8.6013e-07
g(x) = 8.5373e-07
g(x) = 8.4737e-07
g(x) = 8.4106e-07
g(x) = 8.348e-07
g(x) = 8.2859e-07
g(x) = 8.2243e-07
g(x) = 8.1632e-07
g(x) = 8.1025e-07
g(x) = 8.0423e-07
g(x) = 7.9826e-07
g(x) = 7.9233e-07
g(x) = 7.8645e-07
g(x) = 7.8062e-07
g(x) = 7.7483e-07
g(x) = 7.6908e-07
g(x) = 7.6338e-07
g(x) = 7.5773e-07
g(x) = 7.5211e-07
g(x) = 7.4654e-07
g(x) = 7.4102e-07
g(x) = 7.3553e-07
g(x) = 7.3009e-07
g(x) = 7.2469e-07
g(x) = 7.1934e-07
g(x) = 7.1402e-07
g(x) = 7.0875e-07
g(x) = 7.0351e-07
g(x) = 6.9832e-07
g(x) = 6.9316e-07
g(x) = 6.8805e-07
g(x) = 6.8297e-07
g(x) = 6.7794e-07
g(x) = 6.7294e-07
g(x) = 6.6798e-07
g(x) = 6.6306e-07
g(x) = 6.5817e-07
g(x) = 6.5333e-07
g(x) = 6.4852e-07
g(x) = 6.4375e-07
g(x) = 6.3901e-07
g(x) = 6.3431e-07
g(x) = 6.2965e-07
g(x) = 6.2502e-07
g(x) = 6.2043e-07
g(x) = 6.1587e-07
g(x) = 6.1135e-07
g(x) = 6.0686e-07
g(x) = 6.0241e-07
g(x) = 5.9799e-07
g(x) = 5.9361e-07
g(x) = 5.8926e-07
g(x) = 5.8494e-07
g(x) = 5.8065e-07
g(x) = 5.764e-07
g(x) = 5.7218e-07
g(x) = 5.6799e-07
g(x) = 5.6383e-07
g(x) = 5.5971e-07
g(x) = 5.5562e-07
g(x) = 5.5155e-07
g(x) = 5.4752e-07
g(x) = 5.4352e-07
g(x) = 5.3955e-07
g(x) = 5.3561e-07
g(x) = 5.317e-07
g(x) = 5.2782e-07
g(x) = 5.2397e-07
g(x) = 5.2015e-07
g(x) = 5.1635e-07
g(x) = 5.1259e-07
g(x) = 5.0886e-07
g(x) = 5.0515e-07
g(x) = 5.0147e-07
g(x) = 4.9782e-07
g(x) = 4.9419e-07
g(x) = 4.906e-07
g(x) = 4.8703e-07
g(x) = 4.8349e-07
g(x) = 4.7997e-07
g(x) = 4.7648e-07
g(x) = 4.7302e-07
g(x) = 4.6958e-07
g(x) = 4.6617e-07
g(x) = 4.6279e-07
g(x) = 4.5943e-07
g(x) = 4.561e-07
g(x) = 4.5279e-07
g(x) = 4.4951e-07
g(x) = 4.4625e-07
g(x) = 4.4301e-07
g(x) = 4.398e-07
g(x) = 4.3662e-07
g(x) = 4.3345e-07
g(x) = 4.3032e-07
g(x) = 4.272e-07
g(x) = 4.2411e-07
g(x) = 4.2104e-07
g(x) = 4.18e-07
g(x) = 4.1498e-07
g(x) = 4.1198e-07
g(x) = 4.09e-07
g(x) = 4.0605e-07
g(x) = 4.0311e-07
g(x) = 4.002e-07
g(x) = 3.9732e-07
g(x) = 3.9445e-07
g(x) = 3.916e-07
g(x) = 3.8878e-07
g(x) = 3.8598e-07
g(x) = 3.8319e-07
g(x) = 3.8043e-07
g(x) = 3.7769e-07
g(x) = 3.7497e-07
g(x) = 3.7227e-07
g(x) = 3.6959e-07
g(x) = 3.6693e-07
g(x) = 3.643e-07
g(x) = 3.6168e-07
g(x) = 3.5907e-07
g(x) = 3.5649e-07
g(x) = 3.5393e-07
g(x) = 3.5139e-07
g(x) = 3.4887e-07
g(x) = 3.4636e-07
g(x) = 3.4387e-07
g(x) = 3.4141e-07
g(x) = 3.3896e-07
g(x) = 3.3653e-07
g(x) = 3.3411e-07
g(x) = 3.3172e-07
g(x) = 3.2934e-07
g(x) = 3.2698e-07
g(x) = 3.2464e-07
g(x) = 3.2231e-07
g(x) = 3.2001e-07
g(x) = 3.1772e-07
g(x) = 3.1544e-07
g(x) = 3.1319e-07
g(x) = 3.1095e-07
g(x) = 3.0872e-07
g(x) = 3.0652e-07
g(x) = 3.0433e-07
g(x) = 3.0215e-07
g(x) = 2.9999e-07
g(x) = 2.9785e-07
g(x) = 2.9573e-07
g(x) = 2.9361e-07
g(x) = 2.9152e-07
g(x) = 2.8944e-07
g(x) = 2.8738e-07
g(x) = 2.8533e-07
g(x) = 2.8329e-07
g(x) = 2.8127e-07
g(x) = 2.7927e-07
g(x) = 2.7728e-07
g(x) = 2.7531e-07
g(x) = 2.7335e-07
g(x) = 2.714e-07
g(x) = 2.6947e-07
g(x) = 2.6755e-07
g(x) = 2.6565e-07
g(x) = 2.6376e-07
g(x) = 2.6189e-07
g(x) = 2.6003e-07
g(x) = 2.5818e-07
g(x) = 2.5635e-07
g(x) = 2.5453e-07
g(x) = 2.5272e-07
g(x) = 2.5093e-07
g(x) = 2.4915e-07
g(x) = 2.4738e-07
g(x) = 2.4562e-07
g(x) = 2.4388e-07
g(x) = 2.4215e-07
g(x) = 2.4044e-07
g(x) = 2.3873e-07
g(x) = 2.3704e-07
g(x) = 2.3536e-07
g(x) = 2.337e-07
g(x) = 2.3204e-07
g(x) = 2.304e-07
g(x) = 2.2877e-07
g(x) = 2.2715e-07
g(x) = 2.2555e-07
g(x) = 2.2395e-07
g(x) = 2.2237e-07
g(x) = 2.208e-07
g(x) = 2.1924e-07
g(x) = 2.1769e-07
g(x) = 2.1615e-07
g(x) = 2.1463e-07
g(x) = 2.1311e-07
g(x) = 2.1161e-07
g(x) = 2.1012e-07
g(x) = 2.0864e-07
g(x) = 2.0717e-07
g(x) = 2.0571e-07
g(x) = 2.0426e-07
g(x) = 2.0282e-07
g(x) = 2.0139e-07
g(x) = 1.9997e-07
g(x) = 1.9856e-07
g(x) = 1.9716e-07
g(x) = 1.9578e-07
g(x) = 1.944e-07
g(x) = 1.9303e-07
g(x) = 1.9167e-07
g(x) = 1.9033e-07
g(x) = 1.8899e-07
g(x) = 1.8766e-07
g(x) = 1.8634e-07
g(x) = 1.8503e-07
g(x) = 1.8373e-07
g(x) = 1.8245e-07
g(x) = 1.8116e-07
g(x) = 1.7989e-07
g(x) = 1.7863e-07
g(x) = 1.7738e-07
g(x) = 1.7613e-07
g(x) = 1.749e-07
g(x) = 1.7367e-07
g(x) = 1.7246e-07
g(x) = 1.7125e-07
g(x) = 1.7005e-07
g(x) = 1.6886e-07
g(x) = 1.6768e-07
g(x) = 1.665e-07
g(x) = 1.6534e-07
g(x) = 1.6418e-07
g(x) = 1.6303e-07
g(x) = 1.6189e-07
g(x) = 1.6076e-07
g(x) = 1.5964e-07
g(x) = 1.5852e-07
g(x) = 1.5741e-07
g(x) = 1.5631e-07
g(x) = 1.5522e-07
g(x) = 1.5414e-07
g(x) = 1.5306e-07
g(x) = 1.5199e-07
g(x) = 1.5093e-07
g(x) = 1.4988e-07
g(x) = 1.4884e-07
g(x) = 1.478e-07
g(x) = 1.4677e-07
g(x) = 1.4575e-07
g(x) = 1.4473e-07
g(x) = 1.4372e-07
g(x) = 1.4272e-07
g(x) = 1.4173e-07
g(x) = 1.4074e-07
g(x) = 1.3976e-07
g(x) = 1.3879e-07
g(x) = 1.3782e-07
g(x) = 1.3686e-07
g(x) = 1.3591e-07
g(x) = 1.3497e-07
g(x) = 1.3403e-07
g(x) = 1.331e-07
g(x) = 1.3217e-07
g(x) = 1.3125e-07
g(x) = 1.3034e-07
g(x) = 1.2944e-07
g(x) = 1.2854e-07
g(x) = 1.2765e-07
g(x) = 1.2676e-07
g(x) = 1.2588e-07
g(x) = 1.2501e-07
g(x) = 1.2414e-07
g(x) = 1.2328e-07
g(x) = 1.2243e-07
g(x) = 1.2158e-07
g(x) = 1.2074e-07
g(x) = 1.199e-07
g(x) = 1.1907e-07
g(x) = 1.1825e-07
g(x) = 1.1743e-07
g(x) = 1.1661e-07
g(x) = 1.1581e-07
g(x) = 1.1501e-07
g(x) = 1.1421e-07
g(x) = 1.1342e-07
g(x) = 1.1264e-07
g(x) = 1.1186e-07
g(x) = 1.1109e-07
g(x) = 1.1032e-07
g(x) = 1.0956e-07
g(x) = 1.088e-07
g(x) = 1.0805e-07
g(x) = 1.073e-07
g(x) = 1.0656e-07
g(x) = 1.0583e-07
g(x) = 1.051e-07
g(x) = 1.0437e-07
g(x) = 1.0365e-07
g(x) = 1.0294e-07
g(x) = 1.0223e-07
g(x) = 1.0152e-07
g(x) = 1.0082e-07
g(x) = 1.0013e-07
g(x) = 9.9439e-08
g(x) = 9.8754e-08
g(x) = 9.8074e-08
g(x) = 9.7399e-08
g(x) = 9.6729e-08
g(x) = 9.6063e-08
g(x) = 9.5402e-08
g(x) = 9.4746e-08
g(x) = 9.4095e-08
g(x) = 9.3448e-08
g(x) = 9.2805e-08
g(x) = 9.2168e-08
g(x) = 9.1534e-08
g(x) = 9.0906e-08
g(x) = 9.0281e-08
g(x) = 8.9661e-08
g(x) = 8.9046e-08
g(x) = 8.8434e-08
g(x) = 8.7828e-08
g(x) = 8.7225e-08
g(x) = 8.6627e-08
g(x) = 8.6033e-08
g(x) = 8.5443e-08
g(x) = 8.4857e-08
g(x) = 8.4275e-08
g(x) = 8.3698e-08
g(x) = 8.3124e-08
g(x) = 8.2555e-08
g(x) = 8.1989e-08
g(x) = 8.1428e-08
g(x) = 8.0871e-08
g(x) = 8.0317e-08
g(x) = 7.9767e-08
g(x) = 7.9222e-08
g(x) = 7.868e-08
g(x) = 7.8142e-08
g(x) = 7.7607e-08
g(x) = 7.7077e-08
g(x) = 7.655e-08
g(x) = 7.6027e-08
g(x) = 7.5507e-08
g(x) = 7.4991e-08
g(x) = 7.4479e-08
g(x) = 7.3971e-08
g(x) = 7.3466e-08
g(x) = 7.2964e-08
g(x) = 7.2466e-08
g(x) = 7.1972e-08
g(x) = 7.1481e-08
g(x) = 7.0993e-08
g(x) = 7.0509e-08
g(x) = 7.0028e-08
g(x) = 6.9551e-08
g(x) = 6.9077e-08
g(x) = 6.8606e-08
g(x) = 6.8139e-08
g(x) = 6.7675e-08
g(x) = 6.7214e-08
g(x) = 6.6756e-08
g(x) = 6.6302e-08
g(x) = 6.585e-08
g(x) = 6.5402e-08
g(x) = 6.4957e-08
g(x) = 6.4515e-08
g(x) = 6.4076e-08
g(x) = 6.3641e-08
g(x) = 6.3208e-08
g(x) = 6.2778e-08
g(x) = 6.2352e-08
g(x) = 6.1928e-08
g(x) = 6.1507e-08
g(x) = 6.109e-08
g(x) = 6.0675e-08
g(x) = 6.0263e-08
g(x) = 5.9854e-08
g(x) = 5.9447e-08
g(x) = 5.9044e-08
g(x) = 5.8643e-08
g(x) = 5.8246e-08
g(x) = 5.785e-08
g(x) = 5.7458e-08
g(x) = 5.7069e-08
g(x) = 5.6682e-08
g(x) = 5.6298e-08
g(x) = 5.5916e-08
g(x) = 5.5537e-08
g(x) = 5.5161e-08
g(x) = 5.4788e-08
g(x) = 5.4417e-08
g(x) = 5.4048e-08
g(x) = 5.3682e-08
g(x) = 5.3319e-08
g(x) = 5.2958e-08
g(x) = 5.26e-08
g(x) = 5.2244e-08
g(x) = 5.1891e-08
g(x) = 5.154e-08
g(x) = 5.1192e-08
g(x) = 5.0846e-08
g(x) = 5.0502e-08
g(x) = 5.0161e-08
g(x) = 4.9822e-08
g(x) = 4.9485e-08
g(x) = 4.9151e-08
g(x) = 4.8819e-08
g(x) = 4.849e-08
g(x) = 4.8163e-08
g(x) = 4.7838e-08
g(x) = 4.7515e-08
g(x) = 4.7194e-08
g(x) = 4.6876e-08
g(x) = 4.656e-08
g(x) = 4.6246e-08
g(x) = 4.5934e-08
g(x) = 4.5625e-08
g(x) = 4.5317e-08
g(x) = 4.5012e-08
g(x) = 4.4709e-08
g(x) = 4.4408e-08
g(x) = 4.4109e-08
g(x) = 4.3812e-08
g(x) = 4.3517e-08
g(x) = 4.3224e-08
g(x) = 4.2933e-08
g(x) = 4.2644e-08
g(x) = 4.2357e-08
g(x) = 4.2072e-08
g(x) = 4.1789e-08
g(x) = 4.1508e-08
g(x) = 4.1229e-08
g(x) = 4.0952e-08
g(x) = 4.0677e-08
g(x) = 4.0404e-08
g(x) = 4.0132e-08
g(x) = 3.9863e-08
g(x) = 3.9595e-08
g(x) = 3.9329e-08
g(x) = 3.9065e-08
g(x) = 3.8803e-08
g(x) = 3.8543e-08
g(x) = 3.8284e-08
g(x) = 3.8027e-08
g(x) = 3.7772e-08
g(x) = 3.7519e-08
g(x) = 3.7267e-08
g(x) = 3.7017e-08
g(x) = 3.6769e-08
g(x) = 3.6523e-08
g(x) = 3.6278e-08
g(x) = 3.6035e-08
g(x) = 3.5794e-08
g(x) = 3.5554e-08
g(x) = 3.5316e-08
g(x) = 3.5079e-08
g(x) = 3.4845e-08
g(x) = 3.4611e-08
g(x) = 3.438e-08
g(x) = 3.415e-08
g(x) = 3.3921e-08
g(x) = 3.3694e-08
g(x) = 3.3469e-08
g(x) = 3.3245e-08
g(x) = 3.3023e-08
g(x) = 3.2802e-08
g(x) = 3.2583e-08
g(x) = 3.2365e-08
g(x) = 3.2149e-08
g(x) = 3.1934e-08
g(x) = 3.1721e-08
g(x) = 3.1509e-08
g(x) = 3.1299e-08
g(x) = 3.109e-08
g(x) = 3.0882e-08
g(x) = 3.0676e-08
g(x) = 3.0472e-08
g(x) = 3.0268e-08
g(x) = 3.0067e-08
g(x) = 2.9866e-08
g(x) = 2.9667e-08
g(x) = 2.9469e-08
g(x) = 2.9273e-08
g(x) = 2.9078e-08
g(x) = 2.8884e-08
g(x) = 2.8691e-08
g(x) = 2.85e-08
g(x) = 2.831e-08
g(x) = 2.8122e-08
g(x) = 2.7935e-08
g(x) = 2.7749e-08
g(x) = 2.7564e-08
g(x) = 2.738e-08
g(x) = 2.7198e-08
g(x) = 2.7017e-08
g(x) = 2.6838e-08
g(x) = 2.6659e-08
g(x) = 2.6482e-08
g(x) = 2.6306e-08
g(x) = 2.6131e-08
g(x) = 2.5957e-08
g(x) = 2.5785e-08
g(x) = 2.5613e-08
g(x) = 2.5443e-08
g(x) = 2.5274e-08
g(x) = 2.5106e-08
g(x) = 2.494e-08
g(x) = 2.4774e-08
g(x) = 2.4609e-08
g(x) = 2.4446e-08
g(x) = 2.4284e-08
g(x) = 2.4123e-08
g(x) = 2.3963e-08
g(x) = 2.3804e-08
g(x) = 2.3646e-08
g(x) = 2.3489e-08
g(x) = 2.3333e-08
g(x) = 2.3179e-08
g(x) = 2.3025e-08
g(x) = 2.2872e-08
g(x) = 2.2721e-08
g(x) = 2.257e-08
g(x) = 2.2421e-08
g(x) = 2.2272e-08
g(x) = 2.2125e-08
g(x) = 2.1978e-08
g(x) = 2.1833e-08
g(x) = 2.1688e-08
g(x) = 2.1545e-08
g(x) = 2.1402e-08
g(x) = 2.126e-08
g(x) = 2.112e-08
g(x) = 2.098e-08
g(x) = 2.0841e-08
g(x) = 2.0704e-08
g(x) = 2.0567e-08
g(x) = 2.0431e-08
g(x) = 2.0296e-08
g(x) = 2.0162e-08
g(x) = 2.0028e-08
g(x) = 1.9896e-08
g(x) = 1.9765e-08
g(x) = 1.9634e-08
g(x) = 1.9504e-08
g(x) = 1.9376e-08
g(x) = 1.9248e-08
g(x) = 1.9121e-08
g(x) = 1.8994e-08
g(x) = 1.8869e-08
g(x) = 1.8744e-08
g(x) = 1.8621e-08
g(x) = 1.8498e-08
g(x) = 1.8376e-08
g(x) = 1.8255e-08
g(x) = 1.8134e-08
g(x) = 1.8015e-08
g(x) = 1.7896e-08
g(x) = 1.7778e-08
g(x) = 1.7661e-08
g(x) = 1.7545e-08
g(x) = 1.7429e-08
g(x) = 1.7314e-08
g(x) = 1.72e-08
g(x) = 1.7087e-08
g(x) = 1.6975e-08
g(x) = 1.6863e-08
g(x) = 1.6752e-08
g(x) = 1.6642e-08
g(x) = 1.6532e-08
g(x) = 1.6423e-08
g(x) = 1.6315e-08
g(x) = 1.6208e-08
g(x) = 1.6101e-08
g(x) = 1.5995e-08
g(x) = 1.589e-08
g(x) = 1.5786e-08
g(x) = 1.5682e-08
g(x) = 1.5579e-08
g(x) = 1.5477e-08
g(x) = 1.5375e-08
g(x) = 1.5274e-08
g(x) = 1.5174e-08
g(x) = 1.5074e-08
g(x) = 1.4975e-08
g(x) = 1.4877e-08
g(x) = 1.4779e-08
g(x) = 1.4682e-08
g(x) = 1.4586e-08
g(x) = 1.449e-08
g(x) = 1.4395e-08
g(x) = 1.43e-08
g(x) = 1.4207e-08
g(x) = 1.4113e-08
g(x) = 1.4021e-08
g(x) = 1.3929e-08
g(x) = 1.3838e-08
g(x) = 1.3747e-08
g(x) = 1.3657e-08
g(x) = 1.3567e-08
g(x) = 1.3478e-08
g(x) = 1.339e-08
g(x) = 1.3302e-08
g(x) = 1.3215e-08
g(x) = 1.3129e-08
g(x) = 1.3043e-08
g(x) = 1.2957e-08
g(x) = 1.2872e-08
g(x) = 1.2788e-08
g(x) = 1.2705e-08
g(x) = 1.2621e-08
g(x) = 1.2539e-08
g(x) = 1.2457e-08
g(x) = 1.2375e-08
g(x) = 1.2294e-08
g(x) = 1.2214e-08
g(x) = 1.2134e-08
g(x) = 1.2055e-08
g(x) = 1.1976e-08
g(x) = 1.1898e-08
g(x) = 1.182e-08
g(x) = 1.1743e-08
g(x) = 1.1666e-08
g(x) = 1.159e-08
g(x) = 1.1514e-08
g(x) = 1.1439e-08
g(x) = 1.1364e-08
g(x) = 1.129e-08
g(x) = 1.1216e-08
g(x) = 1.1143e-08
g(x) = 1.107e-08
g(x) = 1.0998e-08
g(x) = 1.0926e-08
g(x) = 1.0855e-08
g(x) = 1.0784e-08
g(x) = 1.0714e-08
g(x) = 1.0644e-08
g(x) = 1.0575e-08
g(x) = 1.0506e-08
g(x) = 1.0437e-08
g(x) = 1.0369e-08
g(x) = 1.0302e-08
g(x) = 1.0234e-08
g(x) = 1.0168e-08
g(x) = 1.0101e-08
g(x) = 1.0036e-08
g(x) = 9.9703e-09
g(x) = 9.9054e-09
g(x) = 9.8409e-09
g(x) = 9.7768e-09
g(x) = 9.7132e-09
g(x) = 9.6499e-09
g(x) = 9.5871e-09
g(x) = 9.5247e-09
g(x) = 9.4627e-09
g(x) = 9.4012e-09
g(x) = 9.34e-09
g(x) = 9.2793e-09
g(x) = 9.2189e-09
g(x) = 9.159e-09
g(x) = 9.0994e-09
g(x) = 9.0403e-09
g(x) = 8.9815e-09
g(x) = 8.9231e-09
g(x) = 8.8651e-09
g(x) = 8.8075e-09
g(x) = 8.7503e-09
g(x) = 8.6934e-09
g(x) = 8.637e-09
g(x) = 8.5809e-09
g(x) = 8.5251e-09
g(x) = 8.4698e-09
g(x) = 8.4148e-09
g(x) = 8.3602e-09
g(x) = 8.3059e-09
g(x) = 8.252e-09
g(x) = 8.1984e-09
g(x) = 8.1452e-09
g(x) = 8.0924e-09
g(x) = 8.0399e-09
g(x) = 7.9877e-09
g(x) = 7.9359e-09
g(x) = 7.8845e-09
g(x) = 7.8333e-09
g(x) = 7.7826e-09
g(x) = 7.7321e-09
g(x) = 7.682e-09
g(x) = 7.6322e-09
g(x) = 7.5827e-09
g(x) = 7.5336e-09
g(x) = 7.4848e-09
g(x) = 7.4363e-09
g(x) = 7.3881e-09
g(x) = 7.3403e-09
g(x) = 7.2928e-09
g(x) = 7.2455e-09
g(x) = 7.1986e-09
g(x) = 7.152e-09
g(x) = 7.1057e-09
g(x) = 7.0597e-09
g(x) = 7.0141e-09
g(x) = 6.9687e-09
g(x) = 6.9236e-09
g(x) = 6.8788e-09
g(x) = 6.8343e-09
g(x) = 6.7901e-09
g(x) = 6.7462e-09
g(x) = 6.7026e-09
g(x) = 6.6592e-09
g(x) = 6.6162e-09
g(x) = 6.5734e-09
g(x) = 6.5309e-09
g(x) = 6.4887e-09
g(x) = 6.4468e-09
g(x) = 6.4051e-09
g(x) = 6.3638e-09
g(x) = 6.3227e-09
g(x) = 6.2818e-09
g(x) = 6.2413e-09
g(x) = 6.201e-09
g(x) = 6.1609e-09
g(x) = 6.1211e-09
g(x) = 6.0816e-09
g(x) = 6.0424e-09
g(x) = 6.0034e-09
g(x) = 5.9646e-09
g(x) = 5.9262e-09
g(x) = 5.8879e-09
g(x) = 5.8499e-09
g(x) = 5.8122e-09
g(x) = 5.7747e-09
g(x) = 5.7375e-09
g(x) = 5.7005e-09
g(x) = 5.6637e-09
g(x) = 5.6272e-09
g(x) = 5.5909e-09
g(x) = 5.5549e-09
g(x) = 5.5191e-09
g(x) = 5.4835e-09
g(x) = 5.4482e-09
g(x) = 5.4131e-09
g(x) = 5.3782e-09
g(x) = 5.3436e-09
g(x) = 5.3092e-09
g(x) = 5.275e-09
g(x) = 5.241e-09
g(x) = 5.2073e-09
g(x) = 5.1738e-09
g(x) = 5.1405e-09
g(x) = 5.1074e-09
g(x) = 5.0745e-09
g(x) = 5.0419e-09
g(x) = 5.0094e-09
g(x) = 4.9772e-09
g(x) = 4.9452e-09
g(x) = 4.9134e-09
g(x) = 4.8818e-09
g(x) = 4.8504e-09
g(x) = 4.8192e-09
g(x) = 4.7882e-09
g(x) = 4.7574e-09
g(x) = 4.7268e-09
g(x) = 4.6965e-09
g(x) = 4.6663e-09
g(x) = 4.6363e-09
g(x) = 4.6065e-09
g(x) = 4.5769e-09
g(x) = 4.5475e-09
g(x) = 4.5183e-09
g(x) = 4.4893e-09
g(x) = 4.4604e-09
g(x) = 4.4318e-09
g(x) = 4.4034e-09
g(x) = 4.3751e-09
g(x) = 4.347e-09
g(x) = 4.3191e-09
g(x) = 4.2914e-09
g(x) = 4.2638e-09
g(x) = 4.2365e-09
g(x) = 4.2093e-09
g(x) = 4.1823e-09
g(x) = 4.1555e-09
g(x) = 4.1288e-09
g(x) = 4.1023e-09
g(x) = 4.076e-09
g(x) = 4.0499e-09
g(x) = 4.0239e-09
g(x) = 3.9981e-09
g(x) = 3.9725e-09
g(x) = 3.947e-09
g(x) = 3.9217e-09
g(x) = 3.8966e-09
g(x) = 3.8716e-09
g(x) = 3.8468e-09
g(x) = 3.8222e-09
g(x) = 3.7977e-09
g(x) = 3.7734e-09
g(x) = 3.7492e-09
g(x) = 3.7252e-09
g(x) = 3.7014e-09
g(x) = 3.6777e-09
g(x) = 3.6541e-09
g(x) = 3.6307e-09
g(x) = 3.6075e-09
g(x) = 3.5844e-09
g(x) = 3.5615e-09
g(x) = 3.5387e-09
g(x) = 3.516e-09
g(x) = 3.4935e-09
g(x) = 3.4712e-09
g(x) = 3.449e-09
g(x) = 3.4269e-09
g(x) = 3.405e-09
g(x) = 3.3832e-09
g(x) = 3.3616e-09
g(x) = 3.3401e-09
g(x) = 3.3188e-09
g(x) = 3.2976e-09
g(x) = 3.2765e-09
g(x) = 3.2555e-09
g(x) = 3.2347e-09
g(x) = 3.2141e-09
g(x) = 3.1935e-09
g(x) = 3.1731e-09
g(x) = 3.1529e-09
g(x) = 3.1327e-09
g(x) = 3.1127e-09
g(x) = 3.0928e-09
g(x) = 3.0731e-09
g(x) = 3.0535e-09
g(x) = 3.034e-09
g(x) = 3.0146e-09
g(x) = 2.9954e-09
g(x) = 2.9763e-09
g(x) = 2.9573e-09
g(x) = 2.9384e-09
g(x) = 2.9196e-09
g(x) = 2.901e-09
g(x) = 2.8825e-09
g(x) = 2.8641e-09
g(x) = 2.8459e-09
g(x) = 2.8277e-09
g(x) = 2.8097e-09
g(x) = 2.7918e-09
g(x) = 2.774e-09
g(x) = 2.7563e-09
g(x) = 2.7387e-09
g(x) = 2.7213e-09
g(x) = 2.7039e-09
g(x) = 2.6867e-09
g(x) = 2.6696e-09
g(x) = 2.6526e-09
g(x) = 2.6357e-09
g(x) = 2.6189e-09
g(x) = 2.6022e-09
g(x) = 2.5856e-09
g(x) = 2.5691e-09
g(x) = 2.5528e-09
g(x) = 2.5365e-09
g(x) = 2.5204e-09
g(x) = 2.5043e-09
g(x) = 2.4884e-09
g(x) = 2.4726e-09
g(x) = 2.4568e-09
g(x) = 2.4412e-09
g(x) = 2.4256e-09
g(x) = 2.4102e-09
g(x) = 2.3949e-09
g(x) = 2.3796e-09
g(x) = 2.3645e-09
g(x) = 2.3495e-09
g(x) = 2.3345e-09
g(x) = 2.3197e-09
g(x) = 2.3049e-09
g(x) = 2.2903e-09
g(x) = 2.2757e-09
g(x) = 2.2612e-09
g(x) = 2.2469e-09
g(x) = 2.2326e-09
g(x) = 2.2184e-09
g(x) = 2.2043e-09
g(x) = 2.1903e-09
g(x) = 2.1764e-09
g(x) = 2.1625e-09
g(x) = 2.1488e-09
g(x) = 2.1352e-09
g(x) = 2.1216e-09
g(x) = 2.1081e-09
g(x) = 2.0947e-09
g(x) = 2.0814e-09
g(x) = 2.0682e-09
g(x) = 2.0551e-09
g(x) = 2.042e-09
g(x) = 2.0291e-09
g(x) = 2.0162e-09
g(x) = 2.0034e-09
g(x) = 1.9907e-09
g(x) = 1.9781e-09
g(x) = 1.9655e-09
g(x) = 1.953e-09
g(x) = 1.9406e-09
g(x) = 1.9283e-09
g(x) = 1.9161e-09
g(x) = 1.9039e-09
g(x) = 1.8919e-09
g(x) = 1.8799e-09
g(x) = 1.868e-09
g(x) = 1.8561e-09
g(x) = 1.8443e-09
g(x) = 1.8327e-09
g(x) = 1.821e-09
g(x) = 1.8095e-09
g(x) = 1.798e-09
g(x) = 1.7866e-09
g(x) = 1.7753e-09
g(x) = 1.7641e-09
g(x) = 1.7529e-09
g(x) = 1.7418e-09
g(x) = 1.7308e-09
g(x) = 1.7198e-09
g(x) = 1.7089e-09
g(x) = 1.6981e-09
g(x) = 1.6873e-09
g(x) = 1.6766e-09
g(x) = 1.666e-09
g(x) = 1.6555e-09
g(x) = 1.645e-09
g(x) = 1.6346e-09
g(x) = 1.6242e-09
g(x) = 1.614e-09
g(x) = 1.6037e-09
g(x) = 1.5936e-09
g(x) = 1.5835e-09
g(x) = 1.5735e-09
g(x) = 1.5635e-09
g(x) = 1.5536e-09
g(x) = 1.5438e-09
g(x) = 1.5341e-09
g(x) = 1.5244e-09
g(x) = 1.5147e-09
g(x) = 1.5051e-09
g(x) = 1.4956e-09
g(x) = 1.4862e-09
g(x) = 1.4768e-09
g(x) = 1.4674e-09
g(x) = 1.4582e-09
g(x) = 1.4489e-09
g(x) = 1.4398e-09
g(x) = 1.4307e-09
g(x) = 1.4216e-09
g(x) = 1.4127e-09
g(x) = 1.4037e-09
g(x) = 1.3949e-09
g(x) = 1.3861e-09
g(x) = 1.3773e-09
g(x) = 1.3686e-09
g(x) = 1.36e-09
g(x) = 1.3514e-09
g(x) = 1.3428e-09
g(x) = 1.3344e-09
g(x) = 1.3259e-09
g(x) = 1.3176e-09
g(x) = 1.3093e-09
g(x) = 1.301e-09
g(x) = 1.2928e-09
g(x) = 1.2846e-09
g(x) = 1.2765e-09
g(x) = 1.2685e-09
g(x) = 1.2605e-09
g(x) = 1.2525e-09
g(x) = 1.2446e-09
g(x) = 1.2368e-09
g(x) = 1.2289e-09
g(x) = 1.2212e-09
g(x) = 1.2135e-09
g(x) = 1.2058e-09
g(x) = 1.1982e-09
g(x) = 1.1907e-09
g(x) = 1.1832e-09
g(x) = 1.1757e-09
g(x) = 1.1683e-09
g(x) = 1.1609e-09
g(x) = 1.1536e-09
g(x) = 1.1464e-09
g(x) = 1.1391e-09
g(x) = 1.132e-09
g(x) = 1.1248e-09
g(x) = 1.1177e-09
g(x) = 1.1107e-09
g(x) = 1.1037e-09
g(x) = 1.0967e-09
g(x) = 1.0898e-09
g(x) = 1.083e-09
g(x) = 1.0762e-09
g(x) = 1.0694e-09
g(x) = 1.0626e-09
g(x) = 1.056e-09
g(x) = 1.0493e-09
g(x) = 1.0427e-09
g(x) = 1.0361e-09
g(x) = 1.0296e-09
g(x) = 1.0231e-09
g(x) = 1.0167e-09
g(x) = 1.0103e-09
g(x) = 1.0039e-09
g(x) = 9.9762e-10
g(x) = 9.9134e-10
g(x) = 9.8511e-10
g(x) = 9.7891e-10
g(x) = 9.7275e-10
g(x) = 9.6663e-10
g(x) = 9.6055e-10
g(x) = 9.5451e-10
g(x) = 9.4851e-10
g(x) = 9.4254e-10
g(x) = 9.3662e-10
g(x) = 9.3073e-10
g(x) = 9.2488e-10
g(x) = 9.1906e-10
g(x) = 9.1329e-10
g(x) = 9.0755e-10
g(x) = 9.0184e-10
g(x) = 8.9618e-10
g(x) = 8.9054e-10
g(x) = 8.8495e-10
g(x) = 8.7939e-10
g(x) = 8.7386e-10
g(x) = 8.6837e-10
g(x) = 8.6292e-10
g(x) = 8.575e-10
g(x) = 8.5211e-10
g(x) = 8.4676e-10
g(x) = 8.4144e-10
g(x) = 8.3616e-10
g(x) = 8.3091e-10
g(x) = 8.2569e-10
g(x) = 8.205e-10
g(x) = 8.1535e-10
g(x) = 8.1024e-10
g(x) = 8.0515e-10
g(x) = 8.001e-10
g(x) = 7.9507e-10
g(x) = 7.9008e-10
g(x) = 7.8513e-10
g(x) = 7.802e-10
g(x) = 7.753e-10
g(x) = 7.7044e-10
g(x) = 7.6561e-10
g(x) = 7.608e-10
g(x) = 7.5603e-10
g(x) = 7.5129e-10
g(x) = 7.4658e-10
g(x) = 7.4189e-10
g(x) = 7.3724e-10
g(x) = 7.3262e-10
g(x) = 7.2802e-10
g(x) = 7.2346e-10
g(x) = 7.1892e-10
g(x) = 7.1442e-10
g(x) = 7.0994e-10
g(x) = 7.0549e-10
g(x) = 7.0107e-10
g(x) = 6.9667e-10
g(x) = 6.9231e-10
g(x) = 6.8797e-10
g(x) = 6.8366e-10
g(x) = 6.7937e-10
g(x) = 6.7512e-10
g(x) = 6.7089e-10
g(x) = 6.6668e-10
g(x) = 6.6251e-10
g(x) = 6.5836e-10
g(x) = 6.5423e-10
g(x) = 6.5014e-10
g(x) = 6.4606e-10
g(x) = 6.4202e-10
g(x) = 6.38e-10
g(x) = 6.34e-10
g(x) = 6.3003e-10
g(x) = 6.2609e-10
g(x) = 6.2217e-10
g(x) = 6.1828e-10
g(x) = 6.1441e-10
g(x) = 6.1056e-10
g(x) = 6.0674e-10
g(x) = 6.0294e-10
g(x) = 5.9917e-10
g(x) = 5.9542e-10
g(x) = 5.9169e-10
g(x) = 5.8799e-10
g(x) = 5.8431e-10
g(x) = 5.8066e-10
g(x) = 5.7703e-10
g(x) = 5.7342e-10
g(x) = 5.6983e-10
g(x) = 5.6627e-10
g(x) = 5.6273e-10
g(x) = 5.5921e-10
g(x) = 5.5571e-10
g(x) = 5.5223e-10
g(x) = 5.4878e-10
g(x) = 5.4535e-10
g(x) = 5.4194e-10
g(x) = 5.3855e-10
g(x) = 5.3519e-10
g(x) = 5.3184e-10
g(x) = 5.2852e-10
g(x) = 5.2522e-10
g(x) = 5.2193e-10
g(x) = 5.1867e-10
g(x) = 5.1543e-10
g(x) = 5.1221e-10
g(x) = 5.0901e-10
g(x) = 5.0583e-10
g(x) = 5.0267e-10
g(x) = 4.9953e-10
g(x) = 4.9641e-10
g(x) = 4.9331e-10
g(x) = 4.9023e-10
g(x) = 4.8717e-10
g(x) = 4.8413e-10
g(x) = 4.811e-10
g(x) = 4.781e-10
g(x) = 4.7511e-10
g(x) = 4.7215e-10
g(x) = 4.692e-10
g(x) = 4.6627e-10
g(x) = 4.6336e-10
g(x) = 4.6047e-10
g(x) = 4.5759e-10
g(x) = 4.5474e-10
g(x) = 4.519e-10
g(x) = 4.4908e-10
g(x) = 4.4628e-10
g(x) = 4.4349e-10
g(x) = 4.4073e-10
g(x) = 4.3798e-10
g(x) = 4.3525e-10
g(x) = 4.3253e-10
g(x) = 4.2983e-10
g(x) = 4.2715e-10
g(x) = 4.2449e-10
g(x) = 4.2184e-10
g(x) = 4.1921e-10
g(x) = 4.166e-10
g(x) = 4.14e-10
g(x) = 4.1142e-10
g(x) = 4.0885e-10
g(x) = 4.063e-10
g(x) = 4.0377e-10
g(x) = 4.0125e-10
g(x) = 3.9875e-10
g(x) = 3.9627e-10
g(x) = 3.938e-10
g(x) = 3.9134e-10
g(x) = 3.889e-10
g(x) = 3.8648e-10
g(x) = 3.8407e-10
g(x) = 3.8168e-10
g(x) = 3.793e-10
g(x) = 3.7694e-10
g(x) = 3.7459e-10
g(x) = 3.7226e-10
g(x) = 3.6994e-10
g(x) = 3.6763e-10
g(x) = 3.6534e-10
g(x) = 3.6307e-10
g(x) = 3.6081e-10
g(x) = 3.5856e-10
g(x) = 3.5633e-10
g(x) = 3.5411e-10
g(x) = 3.519e-10
g(x) = 3.4971e-10
g(x) = 3.4754e-10
g(x) = 3.4537e-10
g(x) = 3.4322e-10
g(x) = 3.4109e-10
g(x) = 3.3896e-10
g(x) = 3.3685e-10
g(x) = 3.3476e-10
g(x) = 3.3268e-10
g(x) = 3.306e-10
g(x) = 3.2855e-10
g(x) = 3.265e-10
g(x) = 3.2447e-10
g(x) = 3.2245e-10
g(x) = 3.2045e-10
g(x) = 3.1845e-10
g(x) = 3.1647e-10
g(x) = 3.145e-10
g(x) = 3.1255e-10
g(x) = 3.106e-10
g(x) = 3.0867e-10
g(x) = 3.0675e-10
g(x) = 3.0485e-10
g(x) = 3.0295e-10
g(x) = 3.0107e-10
g(x) = 2.992e-10
g(x) = 2.9734e-10
g(x) = 2.9549e-10
g(x) = 2.9365e-10
g(x) = 2.9182e-10
g(x) = 2.9001e-10
g(x) = 2.8821e-10
g(x) = 2.8642e-10
g(x) = 2.8464e-10
g(x) = 2.8287e-10
g(x) = 2.8111e-10
g(x) = 2.7936e-10
g(x) = 2.7763e-10
g(x) = 2.759e-10
g(x) = 2.7419e-10
g(x) = 2.7249e-10
g(x) = 2.7079e-10
g(x) = 2.6911e-10
g(x) = 2.6744e-10
g(x) = 2.6578e-10
g(x) = 2.6413e-10
g(x) = 2.6249e-10
g(x) = 2.6086e-10
g(x) = 2.5924e-10
g(x) = 2.5763e-10
g(x) = 2.5603e-10
g(x) = 2.5444e-10
g(x) = 2.5286e-10
g(x) = 2.5129e-10
g(x) = 2.4973e-10
g(x) = 2.4818e-10
g(x) = 2.4664e-10
g(x) = 2.4511e-10
g(x) = 2.4359e-10
g(x) = 2.4207e-10
g(x) = 2.4057e-10
g(x) = 2.3908e-10
g(x) = 2.376e-10
g(x) = 2.3612e-10
g(x) = 2.3466e-10
g(x) = 2.332e-10
g(x) = 2.3175e-10
g(x) = 2.3032e-10
g(x) = 2.2889e-10
g(x) = 2.2747e-10
g(x) = 2.2606e-10
g(x) = 2.2465e-10
g(x) = 2.2326e-10
g(x) = 2.2188e-10
g(x) = 2.205e-10
g(x) = 2.1913e-10
g(x) = 2.1777e-10
g(x) = 2.1642e-10
g(x) = 2.1508e-10
g(x) = 2.1375e-10
g(x) = 2.1242e-10
g(x) = 2.1111e-10
g(x) = 2.098e-10
g(x) = 2.085e-10
g(x) = 2.0721e-10
g(x) = 2.0592e-10
g(x) = 2.0464e-10
g(x) = 2.0338e-10
g(x) = 2.0212e-10
g(x) = 2.0086e-10
g(x) = 1.9962e-10
g(x) = 1.9838e-10
g(x) = 1.9715e-10
g(x) = 1.9593e-10
g(x) = 1.9472e-10
g(x) = 1.9351e-10
g(x) = 1.9231e-10
g(x) = 1.9112e-10
g(x) = 1.8994e-10
g(x) = 1.8876e-10
g(x) = 1.8759e-10
g(x) = 1.8643e-10
g(x) = 1.8528e-10
g(x) = 1.8413e-10
g(x) = 1.8299e-10
g(x) = 1.8185e-10
g(x) = 1.8073e-10
g(x) = 1.7961e-10
g(x) = 1.785e-10
g(x) = 1.7739e-10
g(x) = 1.7629e-10
g(x) = 1.752e-10
g(x) = 1.7412e-10
g(x) = 1.7304e-10
g(x) = 1.7197e-10
g(x) = 1.7091e-10
g(x) = 1.6985e-10
g(x) = 1.688e-10
g(x) = 1.6775e-10
g(x) = 1.6671e-10
g(x) = 1.6568e-10
g(x) = 1.6466e-10
g(x) = 1.6364e-10
g(x) = 1.6263e-10
g(x) = 1.6162e-10
g(x) = 1.6062e-10
g(x) = 1.5963e-10
g(x) = 1.5864e-10
g(x) = 1.5766e-10
g(x) = 1.5668e-10
g(x) = 1.5571e-10
g(x) = 1.5475e-10
g(x) = 1.5379e-10
g(x) = 1.5284e-10
g(x) = 1.519e-10
g(x) = 1.5096e-10
g(x) = 1.5003e-10
g(x) = 1.491e-10
g(x) = 1.4818e-10
g(x) = 1.4726e-10
g(x) = 1.4635e-10
g(x) = 1.4544e-10
g(x) = 1.4455e-10
g(x) = 1.4365e-10
g(x) = 1.4276e-10
g(x) = 1.4188e-10
g(x) = 1.41e-10
g(x) = 1.4013e-10
g(x) = 1.3927e-10
g(x) = 1.3841e-10
g(x) = 1.3755e-10
g(x) = 1.367e-10
g(x) = 1.3586e-10
g(x) = 1.3502e-10
g(x) = 1.3418e-10
g(x) = 1.3335e-10
g(x) = 1.3253e-10
g(x) = 1.3171e-10
g(x) = 1.309e-10
g(x) = 1.3009e-10
g(x) = 1.2929e-10
g(x) = 1.2849e-10
g(x) = 1.2769e-10
g(x) = 1.2691e-10
g(x) = 1.2612e-10
g(x) = 1.2534e-10
g(x) = 1.2457e-10
g(x) = 1.238e-10
g(x) = 1.2304e-10
g(x) = 1.2228e-10
g(x) = 1.2152e-10
g(x) = 1.2077e-10
g(x) = 1.2003e-10
g(x) = 1.1928e-10
g(x) = 1.1855e-10
g(x) = 1.1782e-10
g(x) = 1.1709e-10
g(x) = 1.1637e-10
g(x) = 1.1565e-10
g(x) = 1.1493e-10
g(x) = 1.1423e-10
g(x) = 1.1352e-10
g(x) = 1.1282e-10
g(x) = 1.1212e-10
g(x) = 1.1143e-10
g(x) = 1.1074e-10
g(x) = 1.1006e-10
g(x) = 1.0938e-10
g(x) = 1.0871e-10
g(x) = 1.0804e-10
g(x) = 1.0737e-10
g(x) = 1.0671e-10
g(x) = 1.0605e-10
g(x) = 1.054e-10
g(x) = 1.0475e-10
g(x) = 1.041e-10
g(x) = 1.0346e-10
g(x) = 1.0282e-10
g(x) = 1.0219e-10
g(x) = 1.0156e-10
g(x) = 1.0093e-10
g(x) = 1.0031e-10
g(x) = 9.9689e-11
g(x) = 9.9075e-11
g(x) = 9.8464e-11
g(x) = 9.7857e-11
g(x) = 9.7254e-11
g(x) = 9.6654e-11
g(x) = 9.6058e-11
g(x) = 9.5466e-11
g(x) = 9.4878e-11
g(x) = 9.4293e-11
g(x) = 9.3712e-11
g(x) = 9.3135e-11
g(x) = 9.2561e-11
g(x) = 9.199e-11
g(x) = 9.1423e-11
g(x) = 9.086e-11
g(x) = 9.03e-11
g(x) = 8.9744e-11
g(x) = 8.9191e-11
g(x) = 8.8642e-11
g(x) = 8.8096e-11
g(x) = 8.7553e-11
g(x) = 8.7014e-11
g(x) = 8.6478e-11
g(x) = 8.5945e-11
g(x) = 8.5416e-11
g(x) = 8.489e-11
g(x) = 8.4367e-11
g(x) = 8.3847e-11
g(x) = 8.3331e-11
g(x) = 8.2818e-11
g(x) = 8.2308e-11
g(x) = 8.1801e-11
g(x) = 8.1297e-11
g(x) = 8.0797e-11
g(x) = 8.0299e-11
g(x) = 7.9805e-11
g(x) = 7.9314e-11
g(x) = 7.8825e-11
g(x) = 7.834e-11
g(x) = 7.7858e-11
g(x) = 7.7379e-11
g(x) = 7.6903e-11
g(x) = 7.6429e-11
g(x) = 7.5959e-11
g(x) = 7.5491e-11
g(x) = 7.5027e-11
g(x) = 7.4565e-11
g(x) = 7.4106e-11
g(x) = 7.365e-11
g(x) = 7.3197e-11
g(x) = 7.2747e-11
g(x) = 7.2299e-11
g(x) = 7.1854e-11
g(x) = 7.1412e-11
g(x) = 7.0973e-11
g(x) = 7.0536e-11
g(x) = 7.0102e-11
g(x) = 6.9671e-11
g(x) = 6.9243e-11
g(x) = 6.8817e-11
g(x) = 6.8394e-11
g(x) = 6.7973e-11
g(x) = 6.7555e-11
g(x) = 6.7139e-11
g(x) = 6.6727e-11
g(x) = 6.6316e-11
g(x) = 6.5909e-11
g(x) = 6.5503e-11
g(x) = 6.5101e-11
g(x) = 6.47e-11
g(x) = 6.4302e-11
g(x) = 6.3907e-11
g(x) = 6.3514e-11
g(x) = 6.3124e-11
g(x) = 6.2736e-11
g(x) = 6.235e-11
g(x) = 6.1967e-11
g(x) = 6.1586e-11
g(x) = 6.1208e-11
g(x) = 6.0831e-11
g(x) = 6.0457e-11
g(x) = 6.0086e-11
g(x) = 5.9717e-11
g(x) = 5.935e-11
g(x) = 5.8985e-11
g(x) = 5.8623e-11
g(x) = 5.8262e-11
g(x) = 5.7904e-11
g(x) = 5.7549e-11
g(x) = 5.7195e-11
g(x) = 5.6844e-11
g(x) = 5.6494e-11
g(x) = 5.6147e-11
g(x) = 5.5803e-11
g(x) = 5.546e-11
g(x) = 5.5119e-11
g(x) = 5.4781e-11
g(x) = 5.4444e-11
g(x) = 5.411e-11
g(x) = 5.3777e-11
g(x) = 5.3447e-11
g(x) = 5.3119e-11
g(x) = 5.2793e-11
g(x) = 5.2469e-11
g(x) = 5.2146e-11
g(x) = 5.1826e-11
g(x) = 5.1508e-11
g(x) = 5.1192e-11
g(x) = 5.0877e-11
g(x) = 5.0565e-11
g(x) = 5.0255e-11
g(x) = 4.9946e-11
g(x) = 4.964e-11
g(x) = 4.9335e-11
g(x) = 4.9032e-11
g(x) = 4.8731e-11
g(x) = 4.8432e-11
g(x) = 4.8135e-11
g(x) = 4.7839e-11
g(x) = 4.7546e-11
g(x) = 4.7254e-11
g(x) = 4.6964e-11
g(x) = 4.6676e-11
g(x) = 4.6389e-11
g(x) = 4.6105e-11
g(x) = 4.5822e-11
g(x) = 4.5541e-11
g(x) = 4.5261e-11
g(x) = 4.4984e-11
g(x) = 4.4708e-11
g(x) = 4.4433e-11
g(x) = 4.4161e-11
g(x) = 4.389e-11
g(x) = 4.3621e-11
g(x) = 4.3353e-11
g(x) = 4.3087e-11
g(x) = 4.2823e-11
g(x) = 4.256e-11
g(x) = 4.2299e-11
g(x) = 4.204e-11
g(x) = 4.1782e-11
g(x) = 4.1526e-11
g(x) = 4.1271e-11
g(x) = 4.1018e-11
g(x) = 4.0766e-11
g(x) = 4.0517e-11
g(x) = 4.0268e-11
g(x) = 4.0021e-11
g(x) = 3.9776e-11
g(x) = 3.9532e-11
g(x) = 3.929e-11
g(x) = 3.9049e-11
g(x) = 3.8809e-11
g(x) = 3.8571e-11
g(x) = 3.8335e-11
g(x) = 3.81e-11
g(x) = 3.7867e-11
g(x) = 3.7634e-11
g(x) = 3.7404e-11
g(x) = 3.7175e-11
g(x) = 3.6947e-11
g(x) = 3.672e-11
g(x) = 3.6495e-11
g(x) = 3.6272e-11
g(x) = 3.6049e-11
g(x) = 3.5829e-11
g(x) = 3.5609e-11
g(x) = 3.5391e-11
g(x) = 3.5174e-11
g(x) = 3.4958e-11
g(x) = 3.4744e-11
g(x) = 3.4531e-11
g(x) = 3.432e-11
g(x) = 3.411e-11
g(x) = 3.3901e-11
g(x) = 3.3693e-11
g(x) = 3.3487e-11
g(x) = 3.3282e-11
g(x) = 3.3078e-11
g(x) = 3.2875e-11
g(x) = 3.2674e-11
g(x) = 3.2474e-11
g(x) = 3.2275e-11
g(x) = 3.2077e-11
g(x) = 3.1881e-11
g(x) = 3.1686e-11
g(x) = 3.1491e-11
g(x) = 3.1299e-11
g(x) = 3.1107e-11
g(x) = 3.0917e-11
g(x) = 3.0727e-11
g(x) = 3.0539e-11
g(x) = 3.0352e-11
g(x) = 3.0166e-11
g(x) = 2.9982e-11
g(x) = 2.9798e-11
g(x) = 2.9616e-11
g(x) = 2.9434e-11
g(x) = 2.9254e-11
g(x) = 2.9075e-11
g(x) = 2.8897e-11
g(x) = 2.872e-11
g(x) = 2.8545e-11
g(x) = 2.837e-11
g(x) = 2.8196e-11
g(x) = 2.8024e-11
g(x) = 2.7852e-11
g(x) = 2.7682e-11
g(x) = 2.7513e-11
g(x) = 2.7344e-11
g(x) = 2.7177e-11
g(x) = 2.7011e-11
g(x) = 2.6845e-11
g(x) = 2.6681e-11
g(x) = 2.6518e-11
g(x) = 2.6356e-11
g(x) = 2.6194e-11
g(x) = 2.6034e-11
g(x) = 2.5875e-11
g(x) = 2.5717e-11
g(x) = 2.5559e-11
g(x) = 2.5403e-11
g(x) = 2.5248e-11
g(x) = 2.5093e-11
g(x) = 2.494e-11
g(x) = 2.4787e-11
g(x) = 2.4636e-11
g(x) = 2.4485e-11
g(x) = 2.4335e-11
g(x) = 2.4186e-11
g(x) = 2.4039e-11
g(x) = 2.3892e-11
g(x) = 2.3745e-11
g(x) = 2.36e-11
g(x) = 2.3456e-11
g(x) = 2.3313e-11
g(x) = 2.317e-11
g(x) = 2.3028e-11
g(x) = 2.2888e-11
g(x) = 2.2748e-11
g(x) = 2.2609e-11
g(x) = 2.247e-11
g(x) = 2.2333e-11
g(x) = 2.2197e-11
g(x) = 2.2061e-11
g(x) = 2.1926e-11
g(x) = 2.1792e-11
g(x) = 2.1659e-11
g(x) = 2.1526e-11
g(x) = 2.1395e-11
g(x) = 2.1264e-11
g(x) = 2.1134e-11
g(x) = 2.1005e-11
g(x) = 2.0877e-11
g(x) = 2.0749e-11
g(x) = 2.0622e-11
g(x) = 2.0496e-11
g(x) = 2.0371e-11
g(x) = 2.0247e-11
g(x) = 2.0123e-11
g(x) = 2e-11
g(x) = 1.9878e-11
g(x) = 1.9756e-11
g(x) = 1.9636e-11
g(x) = 1.9516e-11
g(x) = 1.9397e-11
g(x) = 1.9278e-11
g(x) = 1.916e-11
g(x) = 1.9043e-11
g(x) = 1.8927e-11
g(x) = 1.8811e-11
g(x) = 1.8696e-11
g(x) = 1.8582e-11
g(x) = 1.8469e-11
g(x) = 1.8356e-11
g(x) = 1.8244e-11
g(x) = 1.8133e-11
g(x) = 1.8022e-11
g(x) = 1.7912e-11
g(x) = 1.7802e-11
g(x) = 1.7694e-11
g(x) = 1.7586e-11
g(x) = 1.7478e-11
g(x) = 1.7372e-11
g(x) = 1.7266e-11
g(x) = 1.716e-11
g(x) = 1.7055e-11
g(x) = 1.6951e-11
g(x) = 1.6848e-11
g(x) = 1.6745e-11
g(x) = 1.6643e-11
g(x) = 1.6541e-11
g(x) = 1.644e-11
g(x) = 1.634e-11
g(x) = 1.624e-11
g(x) = 1.6141e-11
g(x) = 1.6042e-11
g(x) = 1.5945e-11
g(x) = 1.5847e-11
g(x) = 1.5751e-11
g(x) = 1.5654e-11
g(x) = 1.5559e-11
g(x) = 1.5464e-11
g(x) = 1.537e-11
g(x) = 1.5276e-11
g(x) = 1.5183e-11
g(x) = 1.509e-11
g(x) = 1.4998e-11
g(x) = 1.4906e-11
g(x) = 1.4815e-11
g(x) = 1.4725e-11
g(x) = 1.4635e-11
g(x) = 1.4546e-11
g(x) = 1.4457e-11
g(x) = 1.4369e-11
g(x) = 1.4281e-11
g(x) = 1.4194e-11
g(x) = 1.4108e-11
g(x) = 1.4022e-11
g(x) = 1.3936e-11
g(x) = 1.3851e-11
g(x) = 1.3767e-11
g(x) = 1.3683e-11
g(x) = 1.3599e-11
g(x) = 1.3516e-11
g(x) = 1.3434e-11
g(x) = 1.3352e-11
g(x) = 1.3271e-11
g(x) = 1.319e-11
g(x) = 1.3109e-11
g(x) = 1.3029e-11
g(x) = 1.295e-11
g(x) = 1.2871e-11
g(x) = 1.2792e-11
g(x) = 1.2714e-11
g(x) = 1.2637e-11
g(x) = 1.256e-11
g(x) = 1.2483e-11
g(x) = 1.2407e-11
g(x) = 1.2332e-11
g(x) = 1.2256e-11
g(x) = 1.2182e-11
g(x) = 1.2107e-11
g(x) = 1.2034e-11
g(x) = 1.196e-11
g(x) = 1.1887e-11
g(x) = 1.1815e-11
g(x) = 1.1743e-11
g(x) = 1.1671e-11
g(x) = 1.16e-11
g(x) = 1.153e-11
g(x) = 1.1459e-11
g(x) = 1.1389e-11
g(x) = 1.132e-11
g(x) = 1.1251e-11
g(x) = 1.1182e-11
g(x) = 1.1114e-11
g(x) = 1.1047e-11
g(x) = 1.0979e-11
g(x) = 1.0912e-11
g(x) = 1.0846e-11
g(x) = 1.078e-11
g(x) = 1.0714e-11
g(x) = 1.0649e-11
g(x) = 1.0584e-11
g(x) = 1.052e-11
g(x) = 1.0455e-11
g(x) = 1.0392e-11
g(x) = 1.0328e-11
g(x) = 1.0266e-11
g(x) = 1.0203e-11
g(x) = 1.0141e-11
g(x) = 1.0079e-11
g(x) = 1.0018e-11
g(x) = 9.9567e-12
g(x) = 9.8961e-12
g(x) = 9.8358e-12
g(x) = 9.7759e-12
g(x) = 9.7164e-12
g(x) = 9.6572e-12
g(x) = 9.5984e-12
g(x) = 9.54e-12
g(x) = 9.4819e-12
g(x) = 9.4241e-12
g(x) = 9.3668e-12
g(x) = 9.3097e-12
g(x) = 9.253e-12
g(x) = 9.1967e-12
g(x) = 9.1407e-12
g(x) = 9.0851e-12
g(x) = 9.0298e-12
g(x) = 8.9748e-12
g(x) = 8.9201e-12
g(x) = 8.8658e-12
g(x) = 8.8119e-12
g(x) = 8.7582e-12
g(x) = 8.7049e-12
g(x) = 8.6519e-12
g(x) = 8.5993e-12
g(x) = 8.5469e-12
g(x) = 8.4949e-12
g(x) = 8.4432e-12
g(x) = 8.3918e-12
g(x) = 8.3407e-12
g(x) = 8.29e-12
g(x) = 8.2395e-12
g(x) = 8.1894e-12
g(x) = 8.1396e-12
g(x) = 8.09e-12
g(x) = 8.0408e-12
g(x) = 7.9919e-12
g(x) = 7.9432e-12
g(x) = 7.8949e-12
g(x) = 7.8469e-12
g(x) = 7.7991e-12
g(x) = 7.7517e-12
g(x) = 7.7045e-12
g(x) = 7.6576e-12
g(x) = 7.6111e-12
g(x) = 7.5647e-12
g(x) = 7.5187e-12
g(x) = 7.473e-12
g(x) = 7.4275e-12
g(x) = 7.3823e-12
g(x) = 7.3374e-12
g(x) = 7.2928e-12
g(x) = 7.2484e-12
g(x) = 7.2044e-12
g(x) = 7.1605e-12
g(x) = 7.117e-12
g(x) = 7.0737e-12
g(x) = 7.0307e-12
g(x) = 6.9879e-12
g(x) = 6.9454e-12
g(x) = 6.9032e-12
g(x) = 6.8612e-12
g(x) = 6.8195e-12
g(x) = 6.778e-12
g(x) = 6.7368e-12
g(x) = 6.6958e-12
g(x) = 6.6551e-12
g(x) = 6.6146e-12
g(x) = 6.5744e-12
g(x) = 6.5345e-12
g(x) = 6.4947e-12
g(x) = 6.4552e-12
g(x) = 6.416e-12
g(x) = 6.377e-12
g(x) = 6.3382e-12
g(x) = 6.2997e-12
g(x) = 6.2614e-12
g(x) = 6.2233e-12
g(x) = 6.1855e-12
g(x) = 6.1479e-12
g(x) = 6.1105e-12
g(x) = 6.0734e-12
g(x) = 6.0365e-12
g(x) = 5.9998e-12
g(x) = 5.9633e-12
g(x) = 5.9271e-12
g(x) = 5.891e-12
g(x) = 5.8552e-12
g(x) = 5.8196e-12
g(x) = 5.7843e-12
g(x) = 5.7491e-12
g(x) = 5.7142e-12
g(x) = 5.6795e-12
g(x) = 5.6449e-12
g(x) = 5.6106e-12
g(x) = 5.5766e-12
g(x) = 5.5427e-12
g(x) = 5.509e-12
g(x) = 5.4755e-12
g(x) = 5.4422e-12
g(x) = 5.4092e-12
g(x) = 5.3763e-12
g(x) = 5.3437e-12
g(x) = 5.3112e-12
g(x) = 5.2789e-12
g(x) = 5.2468e-12
g(x) = 5.215e-12
g(x) = 5.1833e-12
g(x) = 5.1518e-12
g(x) = 5.1205e-12
g(x) = 5.0894e-12
g(x) = 5.0585e-12
g(x) = 5.0278e-12
g(x) = 4.9972e-12
g(x) = 4.9669e-12
g(x) = 4.9367e-12
g(x) = 4.9067e-12
g(x) = 4.8769e-12
g(x) = 4.8473e-12
g(x) = 4.8179e-12
g(x) = 4.7886e-12
g(x) = 4.7595e-12
g(x) = 4.7306e-12
g(x) = 4.7019e-12
g(x) = 4.6733e-12
g(x) = 4.645e-12
g(x) = 4.6167e-12
g(x) = 4.5887e-12
g(x) = 4.5609e-12
g(x) = 4.5332e-12
g(x) = 4.5056e-12
g(x) = 4.4783e-12
g(x) = 4.4511e-12
g(x) = 4.4241e-12
g(x) = 4.3972e-12
g(x) = 4.3705e-12
g(x) = 4.344e-12
g(x) = 4.3176e-12
g(x) = 4.2914e-12
g(x) = 4.2653e-12
g(x) = 4.2394e-12
g(x) = 4.2137e-12
g(x) = 4.1881e-12
g(x) = 4.1627e-12
g(x) = 4.1374e-12
g(x) = 4.1123e-12
g(x) = 4.0874e-12
g(x) = 4.0626e-12
g(x) = 4.0379e-12
g(x) = 4.0134e-12
g(x) = 3.989e-12
g(x) = 3.9648e-12
g(x) = 3.9408e-12
g(x) = 3.9168e-12
g(x) = 3.8931e-12
g(x) = 3.8695e-12
g(x) = 3.846e-12
g(x) = 3.8226e-12
g(x) = 3.7994e-12
g(x) = 3.7764e-12
g(x) = 3.7535e-12
g(x) = 3.7307e-12
g(x) = 3.7081e-12
g(x) = 3.6856e-12
g(x) = 3.6632e-12
g(x) = 3.641e-12
g(x) = 3.6189e-12
g(x) = 3.5969e-12
g(x) = 3.5751e-12
g(x) = 3.5534e-12
g(x) = 3.5319e-12
g(x) = 3.5104e-12
g(x) = 3.4891e-12
g(x) = 3.468e-12
g(x) = 3.4469e-12
g(x) = 3.426e-12
g(x) = 3.4052e-12
g(x) = 3.3846e-12
g(x) = 3.3641e-12
g(x) = 3.3436e-12
g(x) = 3.3234e-12
g(x) = 3.3032e-12
g(x) = 3.2832e-12
g(x) = 3.2633e-12
g(x) = 3.2435e-12
g(x) = 3.2238e-12
g(x) = 3.2042e-12
g(x) = 3.1848e-12
g(x) = 3.1655e-12
g(x) = 3.1463e-12
g(x) = 3.1272e-12
g(x) = 3.1083e-12
g(x) = 3.0894e-12
g(x) = 3.0707e-12
g(x) = 3.0521e-12
g(x) = 3.0336e-12
g(x) = 3.0152e-12
g(x) = 2.9969e-12
g(x) = 2.9787e-12
g(x) = 2.9606e-12
g(x) = 2.9427e-12
g(x) = 2.9249e-12
g(x) = 2.9071e-12
g(x) = 2.8895e-12
g(x) = 2.872e-12
g(x) = 2.8546e-12
g(x) = 2.8373e-12
g(x) = 2.8201e-12
g(x) = 2.803e-12
g(x) = 2.786e-12
g(x) = 2.7691e-12
g(x) = 2.7523e-12
g(x) = 2.7356e-12
g(x) = 2.719e-12
g(x) = 2.7026e-12
g(x) = 2.6862e-12
g(x) = 2.6699e-12
g(x) = 2.6537e-12
g(x) = 2.6376e-12
g(x) = 2.6217e-12
g(x) = 2.6058e-12
g(x) = 2.59e-12
g(x) = 2.5743e-12
g(x) = 2.5587e-12
g(x) = 2.5432e-12
g(x) = 2.5278e-12
g(x) = 2.5124e-12
g(x) = 2.4972e-12
g(x) = 2.4821e-12
g(x) = 2.467e-12
g(x) = 2.4521e-12
g(x) = 2.4372e-12
g(x) = 2.4225e-12
g(x) = 2.4078e-12
g(x) = 2.3932e-12
g(x) = 2.3787e-12
g(x) = 2.3643e-12
g(x) = 2.35e-12
g(x) = 2.3357e-12
g(x) = 2.3216e-12
g(x) = 2.3075e-12
g(x) = 2.2935e-12
g(x) = 2.2796e-12
g(x) = 2.2658e-12
g(x) = 2.2521e-12
g(x) = 2.2385e-12
g(x) = 2.2249e-12
g(x) = 2.2114e-12
g(x) = 2.198e-12
g(x) = 2.1847e-12
g(x) = 2.1715e-12
g(x) = 2.1583e-12
g(x) = 2.1453e-12
g(x) = 2.1323e-12
g(x) = 2.1194e-12
g(x) = 2.1065e-12
g(x) = 2.0938e-12
g(x) = 2.0811e-12
g(x) = 2.0685e-12
g(x) = 2.056e-12
g(x) = 2.0435e-12
g(x) = 2.0311e-12
g(x) = 2.0188e-12
g(x) = 2.0066e-12
g(x) = 1.9945e-12
g(x) = 1.9824e-12
g(x) = 1.9704e-12
g(x) = 1.9584e-12
g(x) = 1.9466e-12
g(x) = 1.9348e-12
g(x) = 1.9231e-12
g(x) = 1.9114e-12
g(x) = 1.8999e-12
g(x) = 1.8884e-12
g(x) = 1.8769e-12
g(x) = 1.8656e-12
g(x) = 1.8543e-12
g(x) = 1.843e-12
g(x) = 1.8319e-12
g(x) = 1.8208e-12
g(x) = 1.8098e-12
g(x) = 1.7988e-12
g(x) = 1.7879e-12
g(x) = 1.7771e-12
g(x) = 1.7664e-12
g(x) = 1.7557e-12
g(x) = 1.745e-12
g(x) = 1.7345e-12
g(x) = 1.724e-12
g(x) = 1.7135e-12
g(x) = 1.7032e-12
g(x) = 1.6929e-12
g(x) = 1.6826e-12
g(x) = 1.6724e-12
g(x) = 1.6623e-12
g(x) = 1.6523e-12
g(x) = 1.6423e-12
g(x) = 1.6323e-12
g(x) = 1.6224e-12
g(x) = 1.6126e-12
g(x) = 1.6029e-12
g(x) = 1.5932e-12
g(x) = 1.5835e-12
g(x) = 1.5739e-12
g(x) = 1.5644e-12
g(x) = 1.5549e-12
g(x) = 1.5455e-12
g(x) = 1.5362e-12
g(x) = 1.5269e-12
g(x) = 1.5177e-12
g(x) = 1.5085e-12
g(x) = 1.4993e-12
g(x) = 1.4903e-12
g(x) = 1.4813e-12
g(x) = 1.4723e-12
g(x) = 1.4634e-12
g(x) = 1.4545e-12
g(x) = 1.4457e-12
g(x) = 1.437e-12
g(x) = 1.4283e-12
g(x) = 1.4197e-12
g(x) = 1.4111e-12
g(x) = 1.4025e-12
g(x) = 1.3941e-12
g(x) = 1.3856e-12
g(x) = 1.3772e-12
g(x) = 1.3689e-12
g(x) = 1.3606e-12
g(x) = 1.3524e-12
g(x) = 1.3442e-12
g(x) = 1.3361e-12
g(x) = 1.328e-12
g(x) = 1.32e-12
g(x) = 1.312e-12
g(x) = 1.3041e-12
g(x) = 1.2962e-12
g(x) = 1.2883e-12
g(x) = 1.2805e-12
g(x) = 1.2728e-12
g(x) = 1.2651e-12
g(x) = 1.2575e-12
g(x) = 1.2499e-12
g(x) = 1.2423e-12
g(x) = 1.2348e-12
g(x) = 1.2273e-12
g(x) = 1.2199e-12
g(x) = 1.2125e-12
g(x) = 1.2052e-12
g(x) = 1.1979e-12
g(x) = 1.1907e-12
g(x) = 1.1835e-12
g(x) = 1.1763e-12
g(x) = 1.1692e-12
g(x) = 1.1621e-12
g(x) = 1.1551e-12
g(x) = 1.1481e-12
g(x) = 1.1412e-12
g(x) = 1.1343e-12
g(x) = 1.1274e-12
g(x) = 1.1206e-12
g(x) = 1.1138e-12
g(x) = 1.1071e-12
g(x) = 1.1004e-12
g(x) = 1.0938e-12
g(x) = 1.0871e-12
g(x) = 1.0806e-12
g(x) = 1.074e-12
g(x) = 1.0675e-12
g(x) = 1.0611e-12
g(x) = 1.0547e-12
g(x) = 1.0483e-12
g(x) = 1.042e-12
g(x) = 1.0357e-12
g(x) = 1.0294e-12
g(x) = 1.0232e-12
g(x) = 1.017e-12
g(x) = 1.0109e-12
g(x) = 1.0048e-12
g(x) = 9.9868e-13
g(x) = 9.9265e-13
g(x) = 9.8665e-13
g(x) = 9.8069e-13
g(x) = 9.7476e-13
g(x) = 9.6887e-13
g(x) = 9.6302e-13
g(x) = 9.572e-13
g(x) = 9.5141e-13
g(x) = 9.4567e-13
g(x) = 9.3995e-13
g(x) = 9.3427e-13
g(x) = 9.2863e-13
g(x) = 9.2302e-13
g(x) = 9.1744e-13
g(x) = 9.119e-13
g(x) = 9.0639e-13
g(x) = 9.0091e-13
g(x) = 8.9547e-13
g(x) = 8.9006e-13
g(x) = 8.8468e-13
g(x) = 8.7934e-13
g(x) = 8.7403e-13
g(x) = 8.6875e-13
g(x) = 8.635e-13
g(x) = 8.5828e-13
g(x) = 8.531e-13
g(x) = 8.4795e-13
g(x) = 8.4282e-13
g(x) = 8.3773e-13
g(x) = 8.3267e-13
g(x) = 8.2764e-13
g(x) = 8.2264e-13
g(x) = 8.1768e-13
g(x) = 8.1274e-13
g(x) = 8.0783e-13
g(x) = 8.0295e-13
g(x) = 7.981e-13
g(x) = 7.9328e-13
g(x) = 7.8849e-13
g(x) = 7.8373e-13
g(x) = 7.7899e-13
g(x) = 7.7429e-13
g(x) = 7.6961e-13
g(x) = 7.6497e-13
g(x) = 7.6035e-13
g(x) = 7.5576e-13
g(x) = 7.5119e-13
g(x) = 7.4666e-13
g(x) = 7.4215e-13
g(x) = 7.3767e-13
g(x) = 7.3321e-13
g(x) = 7.2879e-13
g(x) = 7.2439e-13
g(x) = 7.2001e-13
g(x) = 7.1566e-13
g(x) = 7.1134e-13
g(x) = 7.0705e-13
g(x) = 7.0278e-13
g(x) = 6.9854e-13
g(x) = 6.9432e-13
g(x) = 6.9013e-13
g(x) = 6.8596e-13
g(x) = 6.8182e-13
g(x) = 6.777e-13
g(x) = 6.7361e-13
g(x) = 6.6955e-13
g(x) = 6.6551e-13
g(x) = 6.6149e-13
g(x) = 6.575e-13
g(x) = 6.5353e-13
g(x) = 6.4958e-13
g(x) = 6.4566e-13
g(x) = 6.4176e-13
g(x) = 6.3789e-13
g(x) = 6.3404e-13
g(x) = 6.3021e-13
g(x) = 6.2641e-13
g(x) = 6.2263e-13
g(x) = 6.1887e-13
g(x) = 6.1514e-13
g(x) = 6.1142e-13
g(x) = 6.0773e-13
g(x) = 6.0407e-13
g(x) = 6.0042e-13
g(x) = 5.968e-13
g(x) = 5.9319e-13
g(x) = 5.8962e-13
g(x) = 5.8606e-13
g(x) = 5.8252e-13
g(x) = 5.7901e-13
g(x) = 5.7551e-13
g(x) = 5.7204e-13
g(x) = 5.6859e-13
g(x) = 5.6516e-13
g(x) = 5.6175e-13
g(x) = 5.5836e-13
g(x) = 5.5499e-13
g(x) = 5.5164e-13
g(x) = 5.4831e-13
g(x) = 5.45e-13
g(x) = 5.4171e-13
g(x) = 5.3845e-13
g(x) = 5.352e-13
g(x) = 5.3197e-13
g(x) = 5.2876e-13
g(x) = 5.2557e-13
g(x) = 5.224e-13
g(x) = 5.1925e-13
g(x) = 5.1611e-13
g(x) = 5.13e-13
g(x) = 5.0991e-13
g(x) = 5.0683e-13
g(x) = 5.0377e-13
g(x) = 5.0073e-13
g(x) = 4.9771e-13
g(x) = 4.9471e-13
g(x) = 4.9173e-13
g(x) = 4.8876e-13
g(x) = 4.8581e-13
g(x) = 4.8288e-13
g(x) = 4.7997e-13
g(x) = 4.7708e-13
g(x) = 4.742e-13
g(x) = 4.7134e-13
g(x) = 4.685e-13
g(x) = 4.6567e-13
g(x) = 4.6286e-13
g(x) = 4.6007e-13
g(x) = 4.573e-13
g(x) = 4.5454e-13
g(x) = 4.518e-13
g(x) = 4.4907e-13
g(x) = 4.4636e-13
g(x) = 4.4367e-13
g(x) = 4.41e-13
g(x) = 4.3834e-13
g(x) = 4.3569e-13
g(x) = 4.3307e-13
g(x) = 4.3046e-13
g(x) = 4.2786e-13
g(x) = 4.2528e-13
g(x) = 4.2272e-13
g(x) = 4.2017e-13
g(x) = 4.1763e-13
g(x) = 4.1512e-13
g(x) = 4.1261e-13
g(x) = 4.1012e-13
g(x) = 4.0765e-13
g(x) = 4.0519e-13
g(x) = 4.0275e-13
g(x) = 4.0032e-13
g(x) = 3.9791e-13
g(x) = 3.9551e-13
g(x) = 3.9313e-13
g(x) = 3.9076e-13
g(x) = 3.884e-13
g(x) = 3.8606e-13
g(x) = 3.8373e-13
g(x) = 3.8142e-13
g(x) = 3.7912e-13
g(x) = 3.7683e-13
g(x) = 3.7456e-13
g(x) = 3.723e-13
g(x) = 3.7006e-13
g(x) = 3.6783e-13
g(x) = 3.6561e-13
g(x) = 3.6341e-13
g(x) = 3.6122e-13
g(x) = 3.5904e-13
g(x) = 3.5688e-13
g(x) = 3.5473e-13
g(x) = 3.5259e-13
g(x) = 3.5046e-13
g(x) = 3.4835e-13
g(x) = 3.4625e-13
g(x) = 3.4416e-13
g(x) = 3.4209e-13
g(x) = 3.4003e-13
g(x) = 3.3798e-13
g(x) = 3.3594e-13
g(x) = 3.3392e-13
g(x) = 3.3191e-13
g(x) = 3.2991e-13
g(x) = 3.2792e-13
g(x) = 3.2594e-13
g(x) = 3.2398e-13
g(x) = 3.2203e-13
g(x) = 3.2009e-13
g(x) = 3.1816e-13
g(x) = 3.1624e-13
g(x) = 3.1433e-13
g(x) = 3.1244e-13
g(x) = 3.1056e-13
g(x) = 3.0869e-13
g(x) = 3.0683e-13
g(x) = 3.0498e-13
g(x) = 3.0314e-13
g(x) = 3.0131e-13
g(x) = 2.995e-13
g(x) = 2.9769e-13
g(x) = 2.959e-13
g(x) = 2.9412e-13
g(x) = 2.9235e-13
g(x) = 2.9059e-13
g(x) = 2.8883e-13
g(x) = 2.8709e-13
g(x) = 2.8536e-13
g(x) = 2.8365e-13
g(x) = 2.8194e-13
g(x) = 2.8024e-13
g(x) = 2.7855e-13
g(x) = 2.7687e-13
g(x) = 2.7521e-13
g(x) = 2.7355e-13
g(x) = 2.719e-13
g(x) = 2.7026e-13
g(x) = 2.6863e-13
g(x) = 2.6702e-13
g(x) = 2.6541e-13
g(x) = 2.6381e-13
g(x) = 2.6222e-13
g(x) = 2.6064e-13
g(x) = 2.5907e-13
g(x) = 2.5751e-13
g(x) = 2.5596e-13
g(x) = 2.5442e-13
g(x) = 2.5289e-13
g(x) = 2.5136e-13
g(x) = 2.4985e-13
g(x) = 2.4834e-13
g(x) = 2.4685e-13
g(x) = 2.4536e-13
g(x) = 2.4389e-13
g(x) = 2.4242e-13
g(x) = 2.4096e-13
g(x) = 2.3951e-13
g(x) = 2.3806e-13
g(x) = 2.3663e-13
g(x) = 2.3521e-13
g(x) = 2.3379e-13
g(x) = 2.3238e-13
g(x) = 2.3098e-13
g(x) = 2.2959e-13
g(x) = 2.2821e-13
g(x) = 2.2683e-13
g(x) = 2.2547e-13
g(x) = 2.2411e-13
g(x) = 2.2276e-13
g(x) = 2.2142e-13
g(x) = 2.2009e-13
g(x) = 2.1876e-13
g(x) = 2.1745e-13
g(x) = 2.1614e-13
g(x) = 2.1484e-13
g(x) = 2.1354e-13
g(x) = 2.1226e-13
g(x) = 2.1098e-13
g(x) = 2.0971e-13
g(x) = 2.0845e-13
g(x) = 2.0719e-13
g(x) = 2.0594e-13
g(x) = 2.047e-13
g(x) = 2.0347e-13
g(x) = 2.0225e-13
g(x) = 2.0103e-13
g(x) = 1.9982e-13
g(x) = 1.9862e-13
g(x) = 1.9742e-13
g(x) = 1.9623e-13
g(x) = 1.9505e-13
g(x) = 1.9388e-13
g(x) = 1.9271e-13
g(x) = 1.9155e-13
g(x) = 1.904e-13
g(x) = 1.8925e-13
g(x) = 1.8811e-13
g(x) = 1.8698e-13
g(x) = 1.8586e-13
g(x) = 1.8474e-13
g(x) = 1.8363e-13
g(x) = 1.8252e-13
g(x) = 1.8142e-13
g(x) = 1.8033e-13
g(x) = 1.7924e-13
g(x) = 1.7817e-13
g(x) = 1.7709e-13
g(x) = 1.7603e-13
g(x) = 1.7497e-13
g(x) = 1.7392e-13
g(x) = 1.7287e-13
g(x) = 1.7183e-13
g(x) = 1.708e-13
g(x) = 1.6977e-13
g(x) = 1.6875e-13
g(x) = 1.6773e-13
g(x) = 1.6672e-13
g(x) = 1.6572e-13
g(x) = 1.6472e-13
g(x) = 1.6373e-13
g(x) = 1.6275e-13
g(x) = 1.6177e-13
g(x) = 1.6079e-13
g(x) = 1.5983e-13
g(x) = 1.5886e-13
g(x) = 1.5791e-13
g(x) = 1.5696e-13
g(x) = 1.5601e-13
g(x) = 1.5508e-13
g(x) = 1.5414e-13
g(x) = 1.5321e-13
g(x) = 1.5229e-13
g(x) = 1.5138e-13
g(x) = 1.5047e-13
g(x) = 1.4956e-13
g(x) = 1.4866e-13
g(x) = 1.4777e-13
g(x) = 1.4688e-13
g(x) = 1.4599e-13
g(x) = 1.4512e-13
g(x) = 1.4424e-13
g(x) = 1.4338e-13
g(x) = 1.4251e-13
g(x) = 1.4166e-13
g(x) = 1.408e-13
g(x) = 1.3996e-13
g(x) = 1.3912e-13
g(x) = 1.3828e-13
g(x) = 1.3745e-13
g(x) = 1.3662e-13
g(x) = 1.358e-13
g(x) = 1.3498e-13
g(x) = 1.3417e-13
g(x) = 1.3336e-13
g(x) = 1.3256e-13
g(x) = 1.3176e-13
g(x) = 1.3097e-13
g(x) = 1.3018e-13
g(x) = 1.294e-13
g(x) = 1.2862e-13
g(x) = 1.2785e-13
g(x) = 1.2708e-13
g(x) = 1.2632e-13
g(x) = 1.2556e-13
g(x) = 1.248e-13
g(x) = 1.2405e-13
g(x) = 1.2331e-13
g(x) = 1.2256e-13
g(x) = 1.2183e-13
g(x) = 1.2109e-13
g(x) = 1.2037e-13
g(x) = 1.1964e-13
g(x) = 1.1892e-13
g(x) = 1.1821e-13
g(x) = 1.175e-13
g(x) = 1.1679e-13
g(x) = 1.1609e-13
g(x) = 1.1539e-13
g(x) = 1.147e-13
g(x) = 1.1401e-13
g(x) = 1.1332e-13
g(x) = 1.1264e-13
g(x) = 1.1196e-13
g(x) = 1.1129e-13
g(x) = 1.1062e-13
g(x) = 1.0996e-13
g(x) = 1.0929e-13
g(x) = 1.0864e-13
g(x) = 1.0798e-13
g(x) = 1.0734e-13
g(x) = 1.0669e-13
g(x) = 1.0605e-13
g(x) = 1.0541e-13
g(x) = 1.0478e-13
g(x) = 1.0415e-13
g(x) = 1.0352e-13
g(x) = 1.029e-13
g(x) = 1.0228e-13
g(x) = 1.0167e-13
g(x) = 1.0106e-13
g(x) = 1.0045e-13
g(x) = 9.9844e-14

--------------------------------
        Initial Matrices        
--------------------------------

M_0^0 = { { (+0.39082,+0.00000), (-0.28764,-0.11953), (+0.16144,+0.25981), (+0.16922,-0.13732)},
          { (-0.28764,+0.11953), (+0.24826,+0.00000), (-0.19828,-0.14184), (-0.08255,+0.15282)},
          { (+0.16144,-0.25981), (-0.19828,+0.14184), (+0.23940,+0.00000), (-0.02139,-0.16922)},
          { (+0.16922,+0.13732), (-0.08255,-0.15282), (-0.02139,+0.16922), (+0.12152,+0.00000)} } 

|M^2-M|  = 0.00000
is M PD? = 1

M_1^0 = { { (+0.23967,+0.00000), (+0.27012,+0.26016), (+0.03246,+0.09619), (+0.04869,+0.17000)},
          { (+0.27012,-0.26016), (+0.58686,+0.00000), (+0.14101,+0.07317), (+0.23941,+0.13875)},
          { (+0.03246,-0.09619), (+0.14101,-0.07317), (+0.04301,+0.00000), (+0.07482,+0.00349)},
          { (+0.04869,-0.17000), (+0.23941,-0.13875), (+0.07482,-0.00349), (+0.13047,+0.00000)} } 

|M^2-M|  = 0.00000
is M PD? = 1

M_2^0 = { { (+0.10765,+0.00000), (-0.05688,-0.10872), (+0.07990,-0.15076), (-0.10127,+0.20405)},
          { (-0.05688,+0.10872), (+0.13986,+0.00000), (+0.11005,+0.16035), (-0.15258,-0.21010)},
          { (+0.07990,+0.15076), (+0.11005,-0.16035), (+0.27043,+0.00000), (-0.36093,+0.00962)},
          { (-0.10127,-0.20405), (-0.15258,+0.21010), (-0.36093,-0.00962), (+0.48206,+0.00000)} } 

|M^2-M|  = 0.00000
is M PD? = 1

M_3^0 = { { (+0.26186,+0.00000), (+0.07440,-0.03191), (-0.27381,-0.20524), (-0.11663,-0.23673)},
          { (+0.07440,+0.03191), (+0.02503,+0.00000), (-0.05278,-0.09168), (-0.00429,-0.08147)},
          { (-0.27381,+0.20524), (-0.05278,+0.09168), (+0.44716,+0.00000), (+0.30749,+0.15611)},
          { (-0.11663,+0.23673), (-0.00429,+0.08147), (+0.30749,-0.15611), (+0.26595,+0.00000)} } 

|M^2-M|  = 0.00000
is M PD? = 1

M_0^1 = { { (+0.10236,+0.00000), (-0.18095,-0.07035), (+0.02382,+0.09950), (-0.20809,-0.02059)},
          { (-0.18095,+0.07035), (+0.36822,+0.00000), (-0.11048,-0.15952), (+0.38200,-0.10661)},
          { (+0.02382,-0.09950), (-0.11048,+0.15952), (+0.10226,+0.00000), (-0.06843,+0.19748)},
          { (-0.20809,+0.02059), (+0.38200,+0.10661), (-0.06843,-0.19748), (+0.42717,+0.00000)} } 

|M^2-M|  = 0.00000
is M PD? = 1

M_1^1 = { { (+0.25637,+0.00000), (+0.08813,-0.12230), (+0.37994,-0.11905), (+0.08243,-0.05100)},
          { (+0.08813,+0.12230), (+0.08863,+0.00000), (+0.18739,+0.14032), (+0.05266,+0.02179)},
          { (+0.37994,+0.11905), (+0.18739,-0.14032), (+0.61835,+0.00000), (+0.14585,-0.03730)},
          { (+0.08243,+0.05100), (+0.05266,-0.02179), (+0.14585,+0.03730), (+0.03665,+0.00000)} } 

|M^2-M|  = 0.00000
is M PD? = 1

M_2^1 = { { (+0.06119,+0.00000), (+0.06698,+0.16917), (-0.00799,-0.01884), (-0.08230,-0.13094)},
          { (+0.06698,-0.16917), (+0.54105,+0.00000), (-0.06083,+0.00148), (-0.45212,+0.08421)},
          { (-0.00799,+0.01884), (-0.06083,-0.00148), (+0.00684,+0.00000), (+0.05106,-0.00823)},
          { (-0.08230,+0.13094), (-0.45212,-0.08421), (+0.05106,+0.00823), (+0.39092,+0.00000)} } 

|M^2-M|  = 0.00000
is M PD? = 1

M_3^1 = { { (+0.58008,+0.00000), (+0.02585,+0.02347), (-0.39577,+0.03839), (+0.20795,+0.20253)},
          { (+0.02585,-0.02347), (+0.00210,+0.00000), (-0.01608,+0.01772), (+0.01746,+0.00061)},
          { (-0.39577,-0.03839), (-0.01608,-0.01772), (+0.27256,+0.00000), (-0.12847,-0.15194)},
          { (+0.20795,-0.20253), (+0.01746,-0.00061), (-0.12847,+0.15194), (+0.14526,+0.00000)} } 

|M^2-M|  = 0.00000
is M PD? = 1

M_0^2 = { { (+0.29847,+0.00000), (-0.39347,+0.02303), (-0.13190,-0.18140), (-0.03205,-0.05204)},
          { (-0.39347,-0.02303), (+0.52048,+0.00000), (+0.15988,+0.24931), (+0.03823,+0.07108)},
          { (-0.13190,+0.18140), (+0.15988,-0.24931), (+0.16853,+0.00000), (+0.04579,+0.00352)},
          { (-0.03205,+0.05204), (+0.03823,-0.07108), (+0.04579,-0.00352), (+0.01251,+0.00000)} } 

|M^2-M|  = 0.00000
is M PD? = 1

M_1^2 = { { (+0.34015,+0.00000), (+0.22389,+0.01193), (+0.03817,+0.12622), (+0.15068,-0.36617)},
          { (+0.22389,-0.01193), (+0.14779,+0.00000), (+0.02955,+0.08174), (+0.08634,-0.24631)},
          { (+0.03817,-0.12622), (+0.02955,-0.08174), (+0.05112,+0.00000), (-0.11897,-0.09700)},
          { (+0.15068,+0.36617), (+0.08634,+0.24631), (-0.11897,+0.09700), (+0.46094,+0.00000)} } 

|M^2-M|  = 0.00000
is M PD? = 1

M_2^2 = { { (+0.07784,+0.00000), (+0.13417,+0.06770), (+0.04135,-0.20075), (-0.03383,+0.07774)},
          { (+0.13417,-0.06770), (+0.29014,+0.00000), (-0.10331,-0.38198), (+0.00929,+0.16342)},
          { (+0.04135,+0.20075), (-0.10331,+0.38198), (+0.53968,+0.00000), (-0.21846,-0.04596)},
          { (-0.03383,-0.07774), (+0.00929,-0.16342), (-0.21846,+0.04596), (+0.09234,+0.00000)} } 

|M^2-M|  = 0.00000
is M PD? = 1

M_3^2 = { { (+0.28354,+0.00000), (+0.03541,-0.10266), (+0.05238,+0.25592), (-0.08480,+0.34047)},
          { (+0.03541,+0.10266), (+0.04159,+0.00000), (-0.08612,+0.05092), (-0.13386,+0.01182)},
          { (+0.05238,-0.25592), (-0.08612,-0.05092), (+0.24067,+0.00000), (+0.29164,+0.13944)},
          { (-0.08480,-0.34047), (-0.13386,-0.01182), (+0.29164,-0.13944), (+0.43420,+0.00000)} } 

|M^2-M|  = 0.00000
is M PD? = 1

M_0^3 = { { (+0.02530,+0.00000), (-0.02965,+0.03699), (-0.02133,-0.07966), (-0.12493,+0.00219)},
          { (-0.02965,-0.03699), (+0.08882,+0.00000), (-0.09146,+0.12454), (+0.14961,+0.18006)},
          { (-0.02133,+0.07966), (-0.09146,-0.12454), (+0.26882,+0.00000), (+0.09843,-0.39521)},
          { (-0.12493,-0.00219), (+0.14961,-0.18006), (+0.09843,+0.39521), (+0.61706,+0.00000)} } 

|M^2-M|  = 0.00000
is M PD? = 1

M_1^3 = { { (+0.18898,+0.00000), (-0.03155,+0.14257), (-0.08112,+0.31430), (-0.10085,-0.12812)},
          { (-0.03155,-0.14257), (+0.11282,+0.00000), (+0.25065,+0.00872), (-0.07982,+0.09747)},
          { (-0.08112,-0.31430), (+0.25065,-0.00872), (+0.55752,+0.00000), (-0.16979,+0.22271)},
          { (-0.10085,+0.12812), (-0.07982,-0.09747), (-0.16979,-0.22271), (+0.14067,+0.00000)} } 

|M^2-M|  = 0.00000
is M PD? = 1

M_2^3 = { { (+0.37331,+0.00000), (-0.11588,+0.27028), (+0.15660,-0.18914), (+0.27871,+0.09743)},
          { (-0.11588,-0.27028), (+0.23166,+0.00000), (-0.18555,-0.05467), (-0.01598,-0.23203)},
          { (+0.15660,+0.18914), (-0.18555,+0.05467), (+0.16153,+0.00000), (+0.06755,+0.18208)},
          { (+0.27871,-0.09743), (-0.01598,+0.23203), (+0.06755,-0.18208), (+0.23351,+0.00000)} } 

|M^2-M|  = 0.00000
is M PD? = 1

M_3^3 = { { (+0.41240,+0.00000), (+0.17708,-0.44984), (-0.05415,-0.04549), (-0.05293,+0.02850)},
          { (+0.17708,+0.44984), (+0.56670,+0.00000), (+0.02637,-0.07860), (-0.05382,-0.04550)},
          { (-0.05415,+0.04549), (+0.02637,+0.07860), (+0.01213,+0.00000), (+0.00381,-0.00958)},
          { (-0.05293,-0.02850), (-0.05382,+0.04550), (+0.00381,+0.00958), (+0.00876,+0.00000)} } 

|M^2-M|  = 0.00000
is M PD? = 1

----------------------------------
         Iteration 0
----------------------------------
     r(w,0) = 22.80694 ?< 0.00001
      -f(x) = 83.13821 <= 83.13844
       g(x) = 0.00000
      -L(x) = 275.13821
----------------------------------
f = -83.13821   r = 15.55146 ?< 10000000000.00000   g = 0.00000   eta = 0 s

----------------------------------
         Iteration 1
----------------------------------
     r(w,0) = 21.57331 ?< 0.00001
      -f(x) = 83.13821 <= 83.13844
       g(x) = 0.00000
      -L(x) = 258.91816
----------------------------------
f = -83.13831   r = 11.64629 ?< 1000000000.00000   g = 0.61239   eta = -1 s

----------------------------------
         Iteration 2
----------------------------------
     r(w,0) = 12.11429 ?< 0.00001
      -f(x) = 83.13831 <= 83.13844
       g(x) = 0.61239
      -L(x) = 144.87834
----------------------------------
f = -83.13833   r = 3.13684 ?< 100000000.00000   g = 0.24505   eta = -2 s

----------------------------------
         Iteration 3
----------------------------------
     r(w,0) = 3.14233 ?< 0.00001
      -f(x) = 83.13833 <= 83.13844
       g(x) = 0.24505
      -L(x) = 85.43676
----------------------------------
f = -83.13836   r = 0.12011 ?< 10000000.00000   g = 0.05827   eta = -2 s

----------------------------------
         Iteration 4
----------------------------------
     r(w,0) = 0.12609 ?< 0.00001
      -f(x) = 83.13836 <= 83.13844
       g(x) = 0.05827
      -L(x) = 83.93049
----------------------------------
f = -83.13840   r = 0.05982 ?< 1000000.00000   g = 0.02431   eta = -3 s

----------------------------------
         Iteration 5
----------------------------------
     r(w,0) = 0.06069 ?< 0.00001
      -f(x) = 83.13840 <= 83.13844
       g(x) = 0.02431
      -L(x) = 83.66582
----------------------------------
f = -83.13841   r = 0.05129 ?< 100000.00000   g = 0.01667   eta = -4 s

----------------------------------
         Iteration 6
----------------------------------
     r(w,0) = 0.05139 ?< 0.00001
      -f(x) = 83.13841 <= 83.13844
       g(x) = 0.01667
      -L(x) = 83.64531
----------------------------------
f = -83.13841   r = 0.05920 ?< 10000.00000   g = 0.01601   eta = -4 s

----------------------------------
         Iteration 7
----------------------------------
     r(w,0) = 0.05920 ?< 0.00001
      -f(x) = 83.13841 <= 83.13844
       g(x) = 0.01601
      -L(x) = 83.63864
----------------------------------
f = -83.13841   r = 0.06549 ?< 1000.00000   g = 0.01579   eta = -5 s

----------------------------------
         Iteration 8
----------------------------------
     r(w,0) = 0.06549 ?< 0.00001
      -f(x) = 83.13841 <= 83.13844
       g(x) = 0.01579
      -L(x) = 83.63712
----------------------------------
f = -83.13841   r = 0.06908 ?< 100.00000   g = 0.01574   eta = -6 s

----------------------------------
         Iteration 9
----------------------------------
     r(w,0) = 0.06908 ?< 0.00001
      -f(x) = 83.13841 <= 83.13844
       g(x) = 0.01574
      -L(x) = 83.63691
----------------------------------
f = -83.13841   r = 0.07095 ?< 10.00000   g = 0.01573   eta = -6 s

----------------------------------
         Iteration 10
----------------------------------
     r(w,0) = 0.07095 ?< 0.00001
      -f(x) = 83.13841 <= 83.13844
       g(x) = 0.01573
      -L(x) = 83.63684
----------------------------------
f = -83.13841   r = 0.07188 ?< 1.00000   g = 0.01572   eta = 0 s

----------------------------------
         Iteration 11
----------------------------------
     r(w,0) = 0.07188 ?< 0.00001
      -f(x) = 83.13841 <= 83.13844
       g(x) = 0.01572
      -L(x) = 83.63685
----------------------------------
f = -83.13841   r = 0.05518 ?< 0.10000   g = 0.01572   eta = 0 s

----------------------------------
         Iteration 12
----------------------------------
     r(w,0) = 0.05518 ?< 0.00001
      -f(x) = 83.13841 <= 83.13844
       g(x) = 0.01572
      -L(x) = 83.14707
----------------------------------
f = -83.13844   r = 0.00071 ?< 0.01000   g = 0.00404   eta = 0 s

----------------------------------
         Iteration 13
----------------------------------
     r(w,0) = 0.00071 ?< 0.00001
      -f(x) = 83.13844 <= 83.13844
       g(x) = 0.00404
      -L(x) = 83.13856
----------------------------------
f = -83.13844   r = 0.00008 ?< 0.00100   g = 0.00104   eta = 0 s

----------------------------------
         Iteration 14
----------------------------------
     r(w,0) = 0.00008 ?< 0.00001
      -f(x) = 83.13844 <= 83.13844
       g(x) = 0.00104
      -L(x) = 83.13844
----------------------------------
f = -83.13844   r = 0.00003 ?< 0.00010   g = 0.00027   eta = 0 s

----------------------------------
         Iteration 15
----------------------------------
     r(w,0) = 0.00003 ?< 0.00001
      -f(x) = 83.13844 <= 83.13844
       g(x) = 0.00027
      -L(x) = 83.13844
----------------------------------
f = -83.13844   r = 0.00001 ?< 0.00001   g = 0.00008   eta = 0 s

----------------------------------
         Final Matrices 
----------------------------------

M_0^0 = { { (+0.39085,+0.00000), (-0.28663,-0.11804), (+0.16277,+0.26002), (+0.16971,-0.13770)},
          { (-0.28663,+0.11804), (+0.24609,+0.00000), (-0.19779,-0.14152), (-0.08302,+0.15223)},
          { (+0.16277,-0.26002), (-0.19779,+0.14152), (+0.24108,+0.00000), (-0.02094,-0.17017)},
          { (+0.16971,+0.13770), (-0.08302,-0.15223), (-0.02094,+0.17017), (+0.12198,+0.00000)} } 

|M^2-M|  = 0.00000
is M PD? = 1

M_1^0 = { { (+0.23695,+0.00000), (+0.26975,+0.25832), (+0.03310,+0.09600), (+0.04817,+0.16833)},
          { (+0.26975,-0.25832), (+0.58986,+0.00000), (+0.14234,+0.07331), (+0.23928,+0.13905)},
          { (+0.03310,-0.09600), (+0.14234,-0.07331), (+0.04338,+0.00000), (+0.07497,+0.00401)},
          { (+0.04817,-0.16833), (+0.23928,-0.13905), (+0.07497,-0.00401), (+0.12981,+0.00000)} } 

|M^2-M|  = 0.00000
is M PD? = 1

M_2^0 = { { (+0.10782,+0.00000), (-0.05672,-0.10862), (+0.08034,-0.14858), (-0.10250,+0.20495)},
          { (-0.05672,+0.10862), (+0.13940,+0.00000), (+0.10753,+0.15948), (-0.15242,-0.21179)},
          { (+0.08034,+0.14858), (+0.10753,-0.15948), (+0.26516,+0.00000), (-0.35903,+0.01077)},
          { (-0.10250,-0.20495), (-0.15242,+0.21179), (-0.35903,-0.01077), (+0.48762,+0.00000)} } 

|M^2-M|  = 0.00000
is M PD? = 1

M_3^0 = { { (+0.26438,+0.00000), (+0.07361,-0.03166), (-0.27622,-0.20743), (-0.11538,-0.23559)},
          { (+0.07361,+0.03166), (+0.02464,+0.00000), (-0.05208,-0.09127), (-0.00384,-0.07949)},
          { (-0.27622,+0.20743), (-0.05208,+0.09127), (+0.45038,+0.00000), (+0.30500,+0.15538)},
          { (-0.11538,+0.23559), (-0.00384,+0.07949), (+0.30500,-0.15538), (+0.26060,+0.00000)} } 

|M^2-M|  = 0.00000
is M PD? = 1

M_0^1 = { { (+0.10327,+0.00000), (-0.18083,-0.07070), (+0.02362,+0.10038), (-0.20907,-0.01952)},
          { (-0.18083,+0.07070), (+0.36711,+0.00000), (-0.10981,-0.15974), (+0.38076,-0.10786)},
          { (+0.02362,-0.10038), (-0.10981,+0.15974), (+0.10256,+0.00000), (-0.06717,+0.19860)},
          { (-0.20907,+0.01952), (+0.38076,+0.10786), (-0.06717,-0.19860), (+0.42706,+0.00000)} } 

|M^2-M|  = 0.00000
is M PD? = 1

M_1^1 = { { (+0.25840,+0.00000), (+0.08728,-0.12411), (+0.38042,-0.11831), (+0.08436,-0.05021)},
          { (+0.08728,+0.12411), (+0.08998,+0.00000), (+0.18637,+0.14280), (+0.05282,+0.02332)},
          { (+0.38042,+0.11831), (+0.18637,-0.14280), (+0.61450,+0.00000), (+0.14733,-0.03563)},
          { (+0.08436,+0.05021), (+0.05282,-0.02332), (+0.14733,+0.03563), (+0.03712,+0.00000)} } 

|M^2-M|  = 0.00000
is M PD? = 1

M_2^1 = { { (+0.06162,+0.00000), (+0.06758,+0.16982), (-0.00710,-0.01921), (-0.08276,-0.13167)},
          { (+0.06758,-0.16982), (+0.54129,+0.00000), (-0.05992,-0.00155), (-0.45153,+0.08438)},
          { (-0.00710,+0.01921), (-0.05992,+0.00155), (+0.00685,+0.00000), (+0.04944,-0.01083)},
          { (-0.08276,+0.13167), (-0.45153,-0.08438), (+0.04944,+0.01083), (+0.39024,+0.00000)} } 

|M^2-M|  = 0.00000
is M PD? = 1

M_3^1 = { { (+0.57671,+0.00000), (+0.02596,+0.02499), (-0.39694,+0.03714), (+0.20746,+0.20140)},
          { (+0.02596,-0.02499), (+0.00162,+0.00000), (-0.01663,+0.01849), (+0.01795,+0.00016)},
          { (-0.39694,-0.03714), (-0.01663,-0.01849), (+0.27609,+0.00000), (-0.12960,-0.15214)},
          { (+0.20746,-0.20140), (+0.01795,-0.00016), (-0.12960,+0.15214), (+0.14558,+0.00000)} } 

|M^2-M|  = 0.00000
is M PD? = 1

M_0^2 = { { (+0.29733,+0.00000), (-0.39192,+0.02287), (-0.13214,-0.18189), (-0.03278,-0.05379)},
          { (-0.39192,-0.02287), (+0.51886,+0.00000), (+0.16095,+0.24997), (+0.03947,+0.07326)},
          { (-0.13214,+0.18189), (+0.16095,-0.24997), (+0.17074,+0.00000), (+0.04788,+0.00392)},
          { (-0.03278,+0.05379), (+0.03947,-0.07326), (+0.04788,-0.00392), (+0.01307,+0.00000)} } 

|M^2-M|  = 0.00000
is M PD? = 1

M_1^2 = { { (+0.33947,+0.00000), (+0.22392,+0.01318), (+0.03778,+0.12637), (+0.15108,-0.36525)},
          { (+0.22392,-0.01318), (+0.14865,+0.00000), (+0.02964,+0.08199), (+0.08522,-0.24696)},
          { (+0.03778,-0.12637), (+0.02964,-0.08199), (+0.05090,+0.00000), (-0.11945,-0.09725)},
          { (+0.15108,+0.36525), (+0.08522,+0.24696), (-0.11945,+0.09725), (+0.46098,+0.00000)} } 

|M^2-M|  = 0.00000
is M PD? = 1

M_2^2 = { { (+0.07742,+0.00000), (+0.13449,+0.06712), (+0.03848,-0.20020), (-0.03395,+0.07714)},
          { (+0.13449,-0.06712), (+0.29168,+0.00000), (-0.10542,-0.38215), (+0.00761,+0.16391)},
          { (+0.03848,+0.20020), (-0.10542,+0.38215), (+0.53848,+0.00000), (-0.21737,-0.04865)},
          { (-0.03395,-0.07714), (+0.00761,-0.16391), (-0.21737,+0.04865), (+0.09242,+0.00000)} } 

|M^2-M|  = 0.00000
is M PD? = 1

M_3^2 = { { (+0.28578,+0.00000), (+0.03351,-0.10317), (+0.05588,+0.25573), (-0.08436,+0.34190)},
          { (+0.03351,+0.10317), (+0.04080,+0.00000), (-0.08518,+0.05019), (-0.13230,+0.00979)},
          { (+0.05588,-0.25573), (-0.08518,-0.05019), (+0.23988,+0.00000), (+0.28894,+0.14198)},
          { (-0.08436,-0.34190), (-0.13230,-0.00979), (+0.28894,-0.14198), (+0.43354,+0.00000)} } 

|M^2-M|  = 0.00000
is M PD? = 1

M_0^3 = { { (+0.02564,+0.00000), (-0.02850,+0.03774), (-0.02265,-0.07971), (-0.12505,+0.00433)},
          { (-0.02850,-0.03774), (+0.08804,+0.00000), (-0.09284,+0.12311), (+0.14724,+0.18031)},
          { (-0.02265,+0.07971), (-0.09284,-0.12311), (+0.26955,+0.00000), (+0.09644,-0.39619)},
          { (-0.12505,-0.00433), (+0.14724,-0.18031), (+0.09644,+0.39619), (+0.61677,+0.00000)} } 

|M^2-M|  = 0.00000
is M PD? = 1

M_1^3 = { { (+0.19030,+0.00000), (-0.03344,+0.14228), (-0.08284,+0.31485), (-0.10117,-0.12797)},
          { (-0.03344,-0.14228), (+0.11243,+0.00000), (+0.24981,+0.00663), (-0.07806,+0.09825)},
          { (-0.08284,-0.31485), (+0.24981,-0.00663), (+0.55735,+0.00000), (-0.16805,+0.22313)},
          { (-0.10117,+0.12797), (-0.07806,-0.09825), (-0.16805,-0.22313), (+0.13993,+0.00000)} } 

|M^2-M|  = 0.00000
is M PD? = 1

M_2^3 = { { (+0.37447,+0.00000), (-0.11646,+0.26901), (+0.15647,-0.18964), (+0.27991,+0.09717)},
          { (-0.11646,-0.26901), (+0.22958,+0.00000), (-0.18471,-0.05350), (-0.01703,-0.23146)},
          { (+0.15647,+0.18964), (-0.18471,+0.05350), (+0.16171,+0.00000), (+0.06764,+0.18210)},
          { (+0.27991,-0.09717), (-0.01703,+0.23146), (+0.06764,-0.18210), (+0.23424,+0.00000)} } 

|M^2-M|  = 0.00000
is M PD? = 1

M_3^3 = { { (+0.40959,+0.00000), (+0.17840,-0.44903), (-0.05098,-0.04550), (-0.05369,+0.02648)},
          { (+0.17840,+0.44903), (+0.56995,+0.00000), (+0.02774,-0.07623), (-0.05215,-0.04710)},
          { (-0.05098,+0.04550), (+0.02774,+0.07623), (+0.01140,+0.00000), (+0.00397,-0.00905)},
          { (-0.05369,-0.02648), (-0.05215,+0.04710), (+0.00397,+0.00905), (+0.00906,+0.00000)} } 

|M^2-M|  = 0.00000
is M PD? = 1

----------------------------------
         Final Output 
----------------------------------
          r(w) = 0.00001 < 0.00001
         -f(x) = 83.13844 <= 83.13844
          g(x) = 0.00008
         -L(w) = 83.13844
       delf(w) = 0.00001
       delL(w) = 0.00001
       delg(w) = 0.05178
   outer iters = 16
   total inner = 16
          time = 14855 ms
