--------------------------------
          System Info           
--------------------------------
               d = 4
               n = 5
  size of vector = 225
  size of matrix = 160 x 160 ~ 0 MB 
         epsilon = 1e-05
       epsilon_0 = 0.9
     g(x) thresh = 1e-15
      initial mu = 1
             M_c = 1e+10
  extra diagonal = 1
       muScaling = 10
             rho = 0.5
              nu = 0.9
           gamma = 1
            beta = 0.1
     f(x) factor = 1
     g(x) factor = 0.01
           cores = 4

--------------------------------
     Finding Interior Point 
--------------------------------
g(x) = 27.828
g(x) = 3.8927
g(x) = 2.6148
g(x) = 2.3518
g(x) = 2.1828
g(x) = 2.0471
g(x) = 1.928
g(x) = 1.8187
g(x) = 1.7161
g(x) = 1.6185
g(x) = 1.5252
g(x) = 1.4358
g(x) = 1.3501
g(x) = 1.2681
g(x) = 1.19
g(x) = 1.1156
g(x) = 1.0451
g(x) = 0.97845
g(x) = 0.91552
g(x) = 0.85625
g(x) = 0.80053
g(x) = 0.74822
g(x) = 0.69917
g(x) = 0.65323
g(x) = 0.61021
g(x) = 0.56995
g(x) = 0.53224
g(x) = 0.49693
g(x) = 0.46382
g(x) = 0.43277
g(x) = 0.40363
g(x) = 0.37627
g(x) = 0.35057
g(x) = 0.32643
g(x) = 0.30378
g(x) = 0.28251
g(x) = 0.26257
g(x) = 0.24389
g(x) = 0.2264
g(x) = 0.21004
g(x) = 0.19476
g(x) = 0.1805
g(x) = 0.1672
g(x) = 0.15481
g(x) = 0.14328
g(x) = 0.13257
g(x) = 0.12261
g(x) = 0.11337
g(x) = 0.10479
g(x) = 0.096848
g(x) = 0.089487
g(x) = 0.082672
g(x) = 0.076365
g(x) = 0.070531
g(x) = 0.065138
g(x) = 0.060153
g(x) = 0.055547
g(x) = 0.051293
g(x) = 0.047364
g(x) = 0.043736
g(x) = 0.040388
g(x) = 0.037298
g(x) = 0.034446
g(x) = 0.031814
g(x) = 0.029386
g(x) = 0.027145
g(x) = 0.025078
g(x) = 0.023171
g(x) = 0.021412
g(x) = 0.019788
g(x) = 0.01829
g(x) = 0.016908
g(x) = 0.015633
g(x) = 0.014456
g(x) = 0.013369
g(x) = 0.012367
g(x) = 0.011441
g(x) = 0.010586
g(x) = 0.0097973
g(x) = 0.0090685
g(x) = 0.0083954
g(x) = 0.0077736
g(x) = 0.0071992
g(x) = 0.0066684
g(x) = 0.0061778
g(x) = 0.0057244
g(x) = 0.0053052
g(x) = 0.0049176
g(x) = 0.0045591
g(x) = 0.0042276
g(x) = 0.0039208
g(x) = 0.003637
g(x) = 0.0033743
g(x) = 0.0031312
g(x) = 0.0029061
g(x) = 0.0026976
g(x) = 0.0025046
g(x) = 0.0023258
g(x) = 0.0021601
g(x) = 0.0020066
g(x) = 0.0018643
g(x) = 0.0017324
g(x) = 0.0016101
g(x) = 0.0014967
g(x) = 0.0013915
g(x) = 0.0012939
g(x) = 0.0012034
g(x) = 0.0011194
g(x) = 0.0010414
g(x) = 0.000969
g(x) = 0.00090178
g(x) = 0.00083935
g(x) = 0.00078136
g(x) = 0.00072749
g(x) = 0.00067744
g(x) = 0.00063092
g(x) = 0.00058769
g(x) = 0.00054749
g(x) = 0.00051012
g(x) = 0.00047537
g(x) = 0.00044304
g(x) = 0.00041298
g(x) = 0.000385
g(x) = 0.00035897
g(x) = 0.00033474
g(x) = 0.00031219
g(x) = 0.00029119
g(x) = 0.00027164
g(x) = 0.00025344
g(x) = 0.00023648
g(x) = 0.00022069
g(x) = 0.00020597
g(x) = 0.00019226
g(x) = 0.00017949
g(x) = 0.00016758
g(x) = 0.00015647
g(x) = 0.00014612
g(x) = 0.00013647
g(x) = 0.00012747
g(x) = 0.00011908
g(x) = 0.00011125
g(x) = 0.00010395
g(x) = 9.7133e-05
g(x) = 9.0774e-05
g(x) = 8.484e-05
g(x) = 7.9301e-05
g(x) = 7.413e-05
g(x) = 6.9304e-05
g(x) = 6.4797e-05
g(x) = 6.0589e-05
g(x) = 5.6659e-05
g(x) = 5.2988e-05
g(x) = 4.956e-05
g(x) = 4.6357e-05
g(x) = 4.3364e-05
g(x) = 4.0569e-05
g(x) = 3.7956e-05
g(x) = 3.5514e-05
g(x) = 3.3232e-05
g(x) = 3.1099e-05
g(x) = 2.9105e-05
g(x) = 2.7241e-05
g(x) = 2.5498e-05
g(x) = 2.3868e-05
g(x) = 2.2344e-05
g(x) = 2.0919e-05
g(x) = 1.9585e-05
g(x) = 1.8338e-05
g(x) = 1.7172e-05
g(x) = 1.6081e-05
g(x) = 1.506e-05
g(x) = 1.4104e-05
g(x) = 1.321e-05
g(x) = 1.2374e-05
g(x) = 1.1591e-05
g(x) = 1.0858e-05
g(x) = 1.0172e-05
g(x) = 9.53e-06
g(x) = 8.929e-06
g(x) = 8.3663e-06
g(x) = 7.8394e-06
g(x) = 7.3461e-06
g(x) = 6.8842e-06
g(x) = 6.4516e-06
g(x) = 6.0465e-06
g(x) = 5.6672e-06
g(x) = 5.3118e-06
g(x) = 4.979e-06
g(x) = 4.6672e-06
g(x) = 4.3752e-06
g(x) = 4.1016e-06
g(x) = 3.8452e-06
g(x) = 3.6051e-06
g(x) = 3.38e-06
g(x) = 3.1692e-06
g(x) = 2.9716e-06
g(x) = 2.7864e-06
g(x) = 2.6129e-06
g(x) = 2.4503e-06
g(x) = 2.2979e-06
g(x) = 2.155e-06
g(x) = 2.0211e-06
g(x) = 1.8956e-06
g(x) = 1.7779e-06
g(x) = 1.6676e-06
g(x) = 1.5642e-06
g(x) = 1.4673e-06
g(x) = 1.3764e-06
g(x) = 1.2912e-06
g(x) = 1.2113e-06
g(x) = 1.1363e-06
g(x) = 1.0661e-06
g(x) = 1.0002e-06
g(x) = 9.3841e-07
g(x) = 8.8046e-07
g(x) = 8.2612e-07
g(x) = 7.7515e-07
g(x) = 7.2735e-07
g(x) = 6.8252e-07
g(x) = 6.4046e-07
g(x) = 6.0101e-07
g(x) = 5.6401e-07
g(x) = 5.293e-07
g(x) = 4.9673e-07
g(x) = 4.6619e-07
g(x) = 4.3753e-07
g(x) = 4.1064e-07
g(x) = 3.8541e-07
g(x) = 3.6175e-07
g(x) = 3.3954e-07
g(x) = 3.187e-07
g(x) = 2.9915e-07
g(x) = 2.8081e-07
g(x) = 2.636e-07
g(x) = 2.4744e-07
g(x) = 2.3228e-07
g(x) = 2.1806e-07
g(x) = 2.0471e-07
g(x) = 1.9218e-07
g(x) = 1.8042e-07
g(x) = 1.6938e-07
g(x) = 1.5903e-07
g(x) = 1.4931e-07
g(x) = 1.4018e-07
g(x) = 1.3162e-07
g(x) = 1.2358e-07
g(x) = 1.1603e-07
g(x) = 1.0895e-07
g(x) = 1.023e-07
g(x) = 9.6062e-08
g(x) = 9.0203e-08
g(x) = 8.4703e-08
g(x) = 7.954e-08
g(x) = 7.4693e-08
g(x) = 7.0142e-08
g(x) = 6.587e-08
g(x) = 6.1859e-08
g(x) = 5.8093e-08
g(x) = 5.4557e-08
g(x) = 5.1238e-08
g(x) = 4.8121e-08
g(x) = 4.5194e-08
g(x) = 4.2446e-08
g(x) = 3.9866e-08
g(x) = 3.7443e-08
g(x) = 3.5168e-08
g(x) = 3.3032e-08
g(x) = 3.1026e-08
g(x) = 2.9142e-08
g(x) = 2.7373e-08
g(x) = 2.5712e-08
g(x) = 2.4152e-08
g(x) = 2.2686e-08
g(x) = 2.131e-08
g(x) = 2.0018e-08
g(x) = 1.8805e-08
g(x) = 1.7665e-08
g(x) = 1.6594e-08
g(x) = 1.5589e-08
g(x) = 1.4645e-08
g(x) = 1.3758e-08
g(x) = 1.2925e-08
g(x) = 1.2142e-08
g(x) = 1.1407e-08
g(x) = 1.0717e-08
g(x) = 1.0069e-08
g(x) = 9.4598e-09
g(x) = 8.8877e-09
g(x) = 8.3503e-09
g(x) = 7.8455e-09
g(x) = 7.3713e-09
g(x) = 6.9258e-09
g(x) = 6.5074e-09
g(x) = 6.1143e-09
g(x) = 5.745e-09
g(x) = 5.3981e-09
g(x) = 5.0722e-09
g(x) = 4.766e-09
g(x) = 4.4784e-09
g(x) = 4.2081e-09
g(x) = 3.9543e-09
g(x) = 3.7157e-09
g(x) = 3.4916e-09
g(x) = 3.2811e-09
g(x) = 3.0833e-09
g(x) = 2.8974e-09
g(x) = 2.7228e-09
g(x) = 2.5587e-09
g(x) = 2.4046e-09
g(x) = 2.2597e-09
g(x) = 2.1237e-09
g(x) = 1.9958e-09
g(x) = 1.8756e-09
g(x) = 1.7627e-09
g(x) = 1.6566e-09
g(x) = 1.5569e-09
g(x) = 1.4633e-09
g(x) = 1.3752e-09
g(x) = 1.2925e-09
g(x) = 1.2148e-09
g(x) = 1.1417e-09
g(x) = 1.0731e-09
g(x) = 1.0086e-09
g(x) = 9.4798e-10
g(x) = 8.9102e-10
g(x) = 8.3748e-10
g(x) = 7.8718e-10
g(x) = 7.399e-10
g(x) = 6.9546e-10
g(x) = 6.537e-10
g(x) = 6.1446e-10
g(x) = 5.7758e-10
g(x) = 5.4291e-10
g(x) = 5.1033e-10
g(x) = 4.7971e-10
g(x) = 4.5094e-10
g(x) = 4.2389e-10
g(x) = 3.9847e-10
g(x) = 3.7457e-10
g(x) = 3.5212e-10
g(x) = 3.3101e-10
g(x) = 3.1117e-10
g(x) = 2.9252e-10
g(x) = 2.7499e-10
g(x) = 2.5852e-10
g(x) = 2.4303e-10
g(x) = 2.2848e-10
g(x) = 2.1479e-10
g(x) = 2.0193e-10
g(x) = 1.8984e-10
g(x) = 1.7848e-10
g(x) = 1.678e-10
g(x) = 1.5776e-10
g(x) = 1.4832e-10
g(x) = 1.3944e-10
g(x) = 1.311e-10
g(x) = 1.2326e-10
g(x) = 1.1589e-10
g(x) = 1.0896e-10
g(x) = 1.0245e-10
g(x) = 9.6322e-11
g(x) = 9.0565e-11
g(x) = 8.5152e-11
g(x) = 8.0064e-11
g(x) = 7.5281e-11
g(x) = 7.0784e-11
g(x) = 6.6556e-11
g(x) = 6.2581e-11
g(x) = 5.8844e-11
g(x) = 5.5331e-11
g(x) = 5.2028e-11
g(x) = 4.8922e-11
g(x) = 4.6002e-11
g(x) = 4.3257e-11
g(x) = 4.0676e-11
g(x) = 3.8249e-11
g(x) = 3.5968e-11
g(x) = 3.3822e-11
g(x) = 3.1805e-11
g(x) = 2.9909e-11
g(x) = 2.8126e-11
g(x) = 2.6449e-11
g(x) = 2.4872e-11
g(x) = 2.339e-11
g(x) = 2.1996e-11
g(x) = 2.0686e-11
g(x) = 1.9453e-11
g(x) = 1.8294e-11
g(x) = 1.7205e-11
g(x) = 1.618e-11
g(x) = 1.5217e-11
g(x) = 1.4311e-11
g(x) = 1.3459e-11
g(x) = 1.2658e-11
g(x) = 1.1904e-11
g(x) = 1.1196e-11
g(x) = 1.053e-11
g(x) = 9.9032e-12
g(x) = 9.314e-12
g(x) = 8.76e-12
g(x) = 8.239e-12
g(x) = 7.7491e-12
g(x) = 7.2883e-12
g(x) = 6.855e-12
g(x) = 6.4475e-12
g(x) = 6.0643e-12
g(x) = 5.7039e-12
g(x) = 5.3649e-12
g(x) = 5.0461e-12
g(x) = 4.7463e-12
g(x) = 4.4644e-12
g(x) = 4.1992e-12
g(x) = 3.9498e-12
g(x) = 3.7153e-12
g(x) = 3.4947e-12
g(x) = 3.2872e-12
g(x) = 3.0921e-12
g(x) = 2.9085e-12
g(x) = 2.7359e-12
g(x) = 2.5735e-12
g(x) = 2.4208e-12
g(x) = 2.2772e-12
g(x) = 2.1421e-12
g(x) = 2.0151e-12
g(x) = 1.8956e-12
g(x) = 1.7831e-12
g(x) = 1.6774e-12
g(x) = 1.578e-12
g(x) = 1.4844e-12
g(x) = 1.3964e-12
g(x) = 1.3137e-12
g(x) = 1.2358e-12
g(x) = 1.1626e-12
g(x) = 1.0937e-12
g(x) = 1.0289e-12
g(x) = 9.6796e-13
g(x) = 9.1063e-13
g(x) = 8.567e-13
g(x) = 8.0597e-13
g(x) = 7.5825e-13
g(x) = 7.1336e-13
g(x) = 6.7113e-13
g(x) = 6.3141e-13
g(x) = 5.9404e-13
g(x) = 5.5888e-13
g(x) = 5.2581e-13
g(x) = 4.947e-13
g(x) = 4.6544e-13
g(x) = 4.3791e-13
g(x) = 4.1201e-13
g(x) = 3.8764e-13
g(x) = 3.6472e-13
g(x) = 3.4315e-13
g(x) = 3.2287e-13
g(x) = 3.0378e-13
g(x) = 2.8582e-13
g(x) = 2.6893e-13
g(x) = 2.5304e-13
g(x) = 2.3809e-13
g(x) = 2.2402e-13
g(x) = 2.1079e-13
g(x) = 1.9833e-13
g(x) = 1.8662e-13
g(x) = 1.756e-13
g(x) = 1.6523e-13
g(x) = 1.5547e-13
g(x) = 1.4629e-13
g(x) = 1.3766e-13
g(x) = 1.2953e-13
g(x) = 1.2189e-13
g(x) = 1.1469e-13
g(x) = 1.0792e-13
g(x) = 1.0156e-13
g(x) = 9.5565e-14
g(x) = 8.9927e-14
g(x) = 8.4623e-14
g(x) = 7.9632e-14
g(x) = 7.4935e-14
g(x) = 7.0517e-14
g(x) = 6.6359e-14
g(x) = 6.2447e-14
g(x) = 5.8765e-14
g(x) = 5.5301e-14
g(x) = 5.2042e-14
g(x) = 4.8975e-14
g(x) = 4.6089e-14
g(x) = 4.3373e-14
g(x) = 4.0818e-14
g(x) = 3.8413e-14
g(x) = 3.6151e-14
g(x) = 3.4021e-14
g(x) = 3.2018e-14
g(x) = 3.0132e-14
g(x) = 2.8358e-14
g(x) = 2.6689e-14
g(x) = 2.5117e-14
g(x) = 2.3639e-14
g(x) = 2.2248e-14
g(x) = 2.0938e-14
g(x) = 1.9706e-14
g(x) = 1.8547e-14
g(x) = 1.7455e-14
g(x) = 1.6428e-14
g(x) = 1.5462e-14
g(x) = 1.4553e-14
g(x) = 1.3697e-14
g(x) = 1.2891e-14
g(x) = 1.2133e-14
g(x) = 1.142e-14
g(x) = 1.0748e-14
g(x) = 1.0117e-14
g(x) = 9.5219e-15
g(x) = 8.9623e-15
g(x) = 8.4356e-15
g(x) = 7.9399e-15
g(x) = 7.4734e-15
g(x) = 7.0343e-15
g(x) = 6.621e-15
g(x) = 6.2321e-15
g(x) = 5.8661e-15
g(x) = 5.5215e-15
g(x) = 5.1973e-15
g(x) = 4.8921e-15
g(x) = 4.6049e-15
g(x) = 4.3345e-15
g(x) = 4.0801e-15
g(x) = 3.8406e-15
g(x) = 3.6152e-15
g(x) = 3.403e-15
g(x) = 3.2033e-15
g(x) = 3.0153e-15
g(x) = 2.8384e-15
g(x) = 2.6719e-15
g(x) = 2.5152e-15
g(x) = 2.3676e-15
g(x) = 2.2288e-15
g(x) = 2.0981e-15
g(x) = 1.975e-15
g(x) = 1.8592e-15
g(x) = 1.7502e-15
g(x) = 1.6476e-15
g(x) = 1.551e-15
g(x) = 1.4601e-15
g(x) = 1.3745e-15
g(x) = 1.294e-15
g(x) = 1.2182e-15
g(x) = 1.1468e-15
g(x) = 1.0796e-15
g(x) = 1.0164e-15
g(x) = 9.5682e-16

--------------------------------
        Initial Matrices        
--------------------------------

M_0^0 = { { (+0.20308,+0.00000), (+0.15896,+0.18730), (+0.21811,-0.19777), (-0.03781,+0.11563)},
          { (+0.15896,-0.18730), (+0.29717,+0.00000), (-0.01168,-0.35597), (+0.07706,+0.12538)},
          { (+0.21811,+0.19777), (-0.01168,+0.35597), (+0.42687,+0.00000), (-0.15322,+0.08738)},
          { (-0.03781,-0.11563), (+0.07706,-0.12538), (-0.15322,-0.08738), (+0.07288,+0.00000)} } 

|M^2-M|  = 0.00000
tr(M^2-M)  = (-0.00000,0.00000)
is M PD? = 0

M_1^0 = { { (+0.24454,+0.00000), (+0.10994,-0.06237), (-0.04200,+0.03746), (-0.14008,-0.38206)},
          { (+0.10994,+0.06237), (+0.06533,+0.00000), (-0.02844,+0.00613), (+0.03447,-0.20749)},
          { (-0.04200,-0.03746), (-0.02844,-0.00613), (+0.01295,+0.00000), (-0.03447,+0.08708)},
          { (-0.14008,+0.38206), (+0.03447,+0.20749), (-0.03447,-0.08708), (+0.67718,+0.00000)} } 

|M^2-M|  = 0.00000
tr(M^2-M)  = (-0.00000,0.00000)
is M PD? = 0

M_2^0 = { { (+0.20904,+0.00000), (-0.03182,+0.19202), (-0.30199,+0.12438), (-0.01335,+0.14358)},
          { (-0.03182,-0.19202), (+0.18122,+0.00000), (+0.16021,+0.25846), (+0.13392,-0.00959)},
          { (-0.30199,-0.12438), (+0.16021,-0.25846), (+0.51026,+0.00000), (+0.10471,-0.19948)},
          { (-0.01335,-0.14358), (+0.13392,+0.00959), (+0.10471,+0.19948), (+0.09947,+0.00000)} } 

|M^2-M|  = 0.00000
tr(M^2-M)  = (-0.00000,0.00000)
is M PD? = 0

M_3^0 = { { (+0.34334,+0.00000), (-0.23708,-0.31695), (+0.12588,+0.03594), (+0.19123,+0.12285)},
          { (-0.23708,+0.31695), (+0.45628,+0.00000), (-0.12009,+0.09138), (-0.24545,+0.09170)},
          { (+0.12588,-0.03594), (-0.12009,-0.09138), (+0.04991,+0.00000), (+0.08297,+0.02502)},
          { (+0.19123,-0.12285), (-0.24545,-0.09170), (+0.08297,-0.02502), (+0.15047,+0.00000)} } 

|M^2-M|  = 0.00000
tr(M^2-M)  = (-0.00000,0.00000)
is M PD? = 0

M_0^1 = { { (+0.05664,+0.00000), (+0.02350,+0.03671), (-0.16966,+0.07179), (-0.13261,-0.00332)},
          { (+0.02350,-0.03671), (+0.03354,+0.00000), (-0.02385,+0.13975), (-0.05716,+0.08458)},
          { (-0.16966,-0.07179), (-0.02385,-0.13975), (+0.59917,+0.00000), (+0.39300,+0.17800)},
          { (-0.13261,+0.00332), (-0.05716,-0.08458), (+0.39300,-0.17800), (+0.31065,+0.00000)} } 

|M^2-M|  = 0.00000
tr(M^2-M)  = (-0.00000,0.00000)
is M PD? = 0

M_1^1 = { { (+0.14294,+0.00000), (+0.17465,+0.10643), (-0.06422,+0.07970), (+0.24903,-0.09047)},
          { (+0.17465,-0.10643), (+0.29263,+0.00000), (-0.01912,+0.14519), (+0.23692,-0.29596)},
          { (-0.06422,-0.07970), (-0.01912,-0.14519), (+0.07329,+0.00000), (-0.16233,-0.09821)},
          { (+0.24903,+0.09047), (+0.23692,+0.29596), (-0.16233,+0.09821), (+0.49114,+0.00000)} } 

|M^2-M|  = 0.00000
tr(M^2-M)  = (-0.00000,0.00000)
is M PD? = 0

M_2^1 = { { (+0.47277,+0.00000), (-0.23725,+0.23406), (+0.31703,+0.02283), (-0.16610,-0.09784)},
          { (-0.23725,-0.23406), (+0.23493,+0.00000), (-0.14779,-0.16841), (+0.03492,+0.13133)},
          { (+0.31703,-0.02283), (-0.14779,+0.16841), (+0.21370,+0.00000), (-0.11611,-0.05759)},
          { (-0.16610,+0.09784), (+0.03492,-0.13133), (-0.11611,+0.05759), (+0.07860,+0.00000)} } 

|M^2-M|  = 0.00000
tr(M^2-M)  = (0.00000,0.00000)
is M PD? = 0

M_3^1 = { { (+0.32765,+0.00000), (+0.03910,-0.37720), (-0.08315,-0.17432), (+0.04967,+0.19163)},
          { (+0.03910,+0.37720), (+0.43890,+0.00000), (+0.19076,-0.11653), (-0.21468,+0.08005)},
          { (-0.08315,+0.17432), (+0.19076,+0.11653), (+0.11385,+0.00000), (-0.11456,-0.02220)},
          { (+0.04967,-0.19163), (-0.21468,-0.08005), (-0.11456,+0.02220), (+0.11960,+0.00000)} } 

|M^2-M|  = 0.00000
tr(M^2-M)  = (-0.00000,0.00000)
is M PD? = 0

M_0^2 = { { (+0.14522,+0.00000), (-0.03731,-0.14186), (-0.10434,-0.03476), (+0.11205,+0.27922)},
          { (-0.03731,+0.14186), (+0.14816,+0.00000), (+0.06076,-0.09299), (-0.30155,+0.03772)},
          { (-0.10434,+0.03476), (+0.06076,+0.09299), (+0.08329,+0.00000), (-0.14734,-0.17380)},
          { (+0.11205,-0.27922), (-0.30155,-0.03772), (-0.14734,+0.17380), (+0.62334,+0.00000)} } 

|M^2-M|  = 0.00000
tr(M^2-M)  = (0.00000,0.00000)
is M PD? = 0

M_1^2 = { { (+0.26867,+0.00000), (+0.29484,-0.17290), (+0.14190,+0.19144), (+0.06404,-0.13702)},
          { (+0.29484,+0.17290), (+0.43484,+0.00000), (+0.03253,+0.30141), (+0.15846,-0.10915)},
          { (+0.14190,-0.19144), (+0.03253,-0.30141), (+0.21135,+0.00000), (-0.06381,-0.11800)},
          { (+0.06404,+0.13702), (+0.15846,+0.10915), (-0.06381,+0.11800), (+0.08514,+0.00000)} } 

|M^2-M|  = 0.00000
tr(M^2-M)  = (-0.00000,0.00000)
is M PD? = 0

M_2^2 = { { (+0.29518,+0.00000), (-0.25553,+0.22113), (+0.14315,+0.18679), (-0.18154,+0.07428)},
          { (-0.25553,-0.22113), (+0.38686,+0.00000), (+0.01601,-0.26894), (+0.21280,+0.07170)},
          { (+0.14315,-0.18679), (+0.01601,+0.26894), (+0.18763,+0.00000), (-0.04104,+0.15090)},
          { (-0.18154,-0.07428), (+0.21280,-0.07170), (-0.04104,-0.15090), (+0.13034,+0.00000)} } 

|M^2-M|  = 0.00000
tr(M^2-M)  = (-0.00000,0.00000)
is M PD? = 0

M_3^2 = { { (+0.29094,+0.00000), (-0.00201,+0.09363), (-0.18072,-0.34347), (+0.00545,-0.21648)},
          { (-0.00201,-0.09363), (+0.03015,+0.00000), (-0.10929,+0.06053), (-0.06971,-0.00026)},
          { (-0.18072,+0.34347), (-0.10929,-0.06053), (+0.51774,+0.00000), (+0.25218,+0.14090)},
          { (+0.00545,+0.21648), (-0.06971,+0.00026), (+0.25218,-0.14090), (+0.16118,+0.00000)} } 

|M^2-M|  = 0.00000
tr(M^2-M)  = (-0.00000,0.00000)
is M PD? = 0

M_0^3 = { { (+0.08031,+0.00000), (+0.16576,-0.01955), (-0.12405,-0.07581), (+0.15003,+0.04854)},
          { (+0.16576,+0.01955), (+0.34688,+0.00000), (-0.23758,-0.18667), (+0.29785,+0.13671)},
          { (-0.12405,+0.07581), (-0.23758,+0.18667), (+0.26318,+0.00000), (-0.27757,+0.06665)},
          { (+0.15003,-0.04854), (+0.29785,-0.13671), (-0.27757,-0.06665), (+0.30964,+0.00000)} } 

|M^2-M|  = 0.00000
tr(M^2-M)  = (-0.00000,0.00000)
is M PD? = 0

M_1^3 = { { (+0.62294,+0.00000), (-0.25274,+0.12302), (-0.28440,+0.12712), (-0.23199,+0.07077)},
          { (-0.25274,-0.12302), (+0.12684,+0.00000), (+0.14050,+0.00459), (+0.10810,+0.01710)},
          { (-0.28440,-0.12712), (+0.14050,-0.00459), (+0.15579,+0.00000), (+0.12036,+0.01503)},
          { (-0.23199,-0.07077), (+0.10810,-0.01710), (+0.12036,-0.01503), (+0.09444,+0.00000)} } 

|M^2-M|  = 0.00000
tr(M^2-M)  = (-0.00000,0.00000)
is M PD? = 0

M_2^3 = { { (+0.15062,+0.00000), (+0.22327,-0.10137), (+0.19744,-0.00070), (-0.15566,-0.06781)},
          { (+0.22327,+0.10137), (+0.39917,+0.00000), (+0.29313,+0.13184), (-0.18510,-0.20527)},
          { (+0.19744,+0.00070), (+0.29313,-0.13184), (+0.25881,+0.00000), (-0.20373,-0.08961)},
          { (-0.15566,+0.06781), (-0.18510,+0.20527), (-0.20373,+0.08961), (+0.19140,+0.00000)} } 

|M^2-M|  = 0.00000
tr(M^2-M)  = (0.00000,0.00000)
is M PD? = 0

M_3^3 = { { (+0.14614,+0.00000), (-0.13628,-0.00211), (+0.21101,-0.05061), (+0.23762,-0.05151)},
          { (-0.13628,+0.00211), (+0.12712,+0.00000), (-0.19605,+0.05024), (-0.22085,+0.05146)},
          { (+0.21101,+0.05061), (-0.19605,-0.05024), (+0.32222,+0.00000), (+0.36095,+0.00792)},
          { (+0.23762,+0.05151), (-0.22085,-0.05146), (+0.36095,-0.00792), (+0.40453,+0.00000)} } 

|M^2-M|  = 0.00000
tr(M^2-M)  = (-0.00000,0.00000)
is M PD? = 0

M_0^4 = { { (+0.08606,+0.00000), (+0.05879,-0.12173), (+0.09243,+0.01241), (-0.21955,-0.05897)},
          { (+0.05879,+0.12173), (+0.21235,+0.00000), (+0.04559,+0.13922), (-0.06657,-0.35084)},
          { (+0.09243,-0.01241), (+0.04559,-0.13922), (+0.10107,+0.00000), (-0.24431,-0.03168)},
          { (-0.21955,+0.05897), (-0.06657,+0.35084), (-0.24431,+0.03168), (+0.60053,+0.00000)} } 

|M^2-M|  = 0.00000
tr(M^2-M)  = (0.00000,0.00000)
is M PD? = 0

M_1^4 = { { (+0.37667,+0.00000), (+0.20946,+0.11803), (+0.31140,-0.06810), (+0.22226,+0.16117)},
          { (+0.20946,-0.11803), (+0.15346,+0.00000), (+0.15183,-0.13545), (+0.17410,+0.01998)},
          { (+0.31140,+0.06810), (+0.15183,+0.13545), (+0.26976,+0.00000), (+0.15461,+0.17343)},
          { (+0.22226,-0.16117), (+0.17410,-0.01998), (+0.15461,-0.17343), (+0.20011,+0.00000)} } 

|M^2-M|  = 0.00000
tr(M^2-M)  = (-0.00000,0.00000)
is M PD? = 0

M_2^4 = { { (+0.44026,+0.00000), (-0.19325,+0.20067), (-0.36053,-0.11105), (-0.11852,-0.11162)},
          { (-0.19325,-0.20067), (+0.17629,+0.00000), (+0.10763,+0.21308), (+0.00115,+0.10301)},
          { (-0.36053,+0.11105), (+0.10763,-0.21308), (+0.32325,+0.00000), (+0.12521,+0.06151)},
          { (-0.11852,+0.11162), (+0.00115,-0.10301), (+0.12521,-0.06151), (+0.06020,+0.00000)} } 

|M^2-M|  = 0.00000
tr(M^2-M)  = (-0.00000,0.00000)
is M PD? = 0

M_3^4 = { { (+0.09701,+0.00000), (-0.07501,-0.19697), (-0.04331,+0.16674), (+0.11581,+0.00942)},
          { (-0.07501,+0.19697), (+0.45790,+0.00000), (-0.30506,-0.21685), (-0.10867,+0.22784)},
          { (-0.04331,-0.16674), (-0.30506,+0.21685), (+0.30593,+0.00000), (-0.03550,-0.20326)},
          { (+0.11581,-0.00942), (-0.10867,-0.22784), (-0.03550,+0.20326), (+0.13916,+0.00000)} } 

|M^2-M|  = 0.00000
tr(M^2-M)  = (-0.00000,0.00000)
is M PD? = 0

|X^2-X|  = 0.00000
tr(X^2-X)  = -0.00000
isPD(X) = 0
isPSD(X) = 0

----------------------------------
         Iteration 0
----------------------------------
f = -136.99922   r = 19.80490 ?< 10000000000.00000   g = 0.00000

----------------------------------
         Iteration 1
----------------------------------
f = -136.99922   r = 25.80376 ?< 1000000000.00000   g = 0.00000

----------------------------------
         Iteration 2
----------------------------------
f = -136.99922   r = 26.59793 ?< 100000000.00000   g = 0.00000

----------------------------------
         Iteration 3
----------------------------------
f = -136.99922   r = 26.67872 ?< 10000000.00000   g = 0.00000

----------------------------------
         Iteration 4
----------------------------------
f = -136.99922   r = 26.68681 ?< 1000000.00000   g = 0.00000

----------------------------------
         Iteration 5
----------------------------------
f = -136.99922   r = 26.68762 ?< 100000.00000   g = 0.00000

----------------------------------
         Iteration 6
----------------------------------
f = -136.99922   r = 26.68770 ?< 10000.00000   g = 0.00000

----------------------------------
         Iteration 7
----------------------------------
f = -136.99922   r = 26.68771 ?< 1000.00000   g = 0.00000

----------------------------------
         Iteration 8
----------------------------------
f = -136.99922   r = 26.68771 ?< 100.00000   g = 0.00000

----------------------------------
         Iteration 9
----------------------------------
f = -136.99922   r = 26.68771 ?< 10.00000   g = 0.00000
f = -137.76685   r = 4.44795 ?< 10.00000   g = 0.24308

----------------------------------
         Iteration 10
----------------------------------
f = -137.76685   r = 4.44795 ?< 1.00000   g = 0.24308
f = -137.51600   r = 26.61195 ?< 1.00000   g = 8.66517
f = -137.64074   r = 14.99583 ?< 1.00000   g = 5.92537
f = -137.88587   r = 6.24637 ?< 1.00000   g = 2.71263
f = -137.90462   r = 4.95362 ?< 1.00000   g = 2.51879
f = -137.92556   r = 4.05907 ?< 1.00000   g = 2.33797
f = -137.94814   r = 3.43045 ?< 1.00000   g = 2.16940
f = -137.97176   r = 2.97997 ?< 1.00000   g = 2.01230
f = -137.99581   r = 2.64958 ?< 1.00000   g = 1.86598
f = -138.01951   r = 2.40237 ?< 1.00000   g = 1.73063
f = -138.04233   r = 2.21332 ?< 1.00000   g = 1.60530
f = -138.06382   r = 2.06668 ?< 1.00000   g = 1.48905
f = -138.06582   r = 2.07918 ?< 1.00000   g = 1.47783
f = -138.06776   r = 2.09225 ?< 1.00000   g = 1.46667
f = -138.06795   r = 2.11870 ?< 1.00000   g = 1.46556
f = -138.06813   r = 2.14305 ?< 1.00000   g = 1.46444
f = -138.06815   r = 2.16655 ?< 1.00000   g = 1.46433
f = -138.06817   r = 2.18767 ?< 1.00000   g = 1.46422
f = -138.06819   r = 2.20648 ?< 1.00000   g = 1.46411
f = -138.06820   r = 2.22313 ?< 1.00000   g = 1.46400
f = -138.21461   r = 1.01371 ?< 1.00000   g = 0.73215
f = -138.30243   r = 0.58634 ?< 1.00000   g = 0.41432

----------------------------------
         Iteration 11
----------------------------------
f = -138.30243   r = 0.58634 ?< 0.10000   g = 0.41432
f = -138.27345   r = 0.92146 ?< 0.10000   g = 0.22348
f = -138.26967   r = 0.78231 ?< 0.10000   g = 0.14182
f = -138.27661   r = 0.70781 ?< 0.10000   g = 0.09964
f = -138.28967   r = 1.11323 ?< 0.10000   g = 0.11488
f = -138.32298   r = 0.59434 ?< 0.10000   g = 0.09834
f = -138.32772   r = 0.90792 ?< 0.10000   g = 0.10179
f = -138.31823   r = 0.56172 ?< 0.10000   g = 0.05816
f = -138.31990   r = 0.77580 ?< 0.10000   g = 0.06186
f = -138.32383   r = 0.68700 ?< 0.10000   g = 0.04815
f = -138.33236   r = 0.92261 ?< 0.10000   g = 0.05937
f = -138.33462   r = 1.06811 ?< 0.10000   g = 0.05343
f = -138.35146   r = 0.98510 ?< 0.10000   g = 0.07042
f = -138.35405   r = 0.74888 ?< 0.10000   g = 0.05589
f = -138.36015   r = 0.90159 ?< 0.10000   g = 0.06508
f = -138.36172   r = 0.75528 ?< 0.10000   g = 0.04884
f = -138.36783   r = 0.91105 ?< 0.10000   g = 0.05715
f = -138.37357   r = 0.62958 ?< 0.10000   g = 0.04399
f = -138.38972   r = 1.08902 ?< 0.10000   g = 0.07717
f = -138.39706   r = 0.64016 ?< 0.10000   g = 0.04505
f = -138.40777   r = 0.91743 ?< 0.10000   g = 0.06367
f = -138.41641   r = 0.51757 ?< 0.10000   g = 0.03790
f = -138.43331   r = 0.92293 ?< 0.10000   g = 0.06403
f = -138.44239   r = 0.58398 ?< 0.10000   g = 0.04250
f = -138.45590   r = 0.87090 ?< 0.10000   g = 0.06936
f = -138.47810   r = 0.53107 ?< 0.10000   g = 0.05753
f = -138.49023   r = 0.58429 ?< 0.10000   g = 0.05098
f = -138.50782   r = 0.60457 ?< 0.10000   g = 0.02822
f = -138.54007   r = 0.75580 ?< 0.10000   g = 0.04737
f = -138.55175   r = 0.43428 ?< 0.10000   g = 0.03715
f = -138.56048   r = 0.26549 ?< 0.10000   g = 0.02860
f = -138.56229   r = 0.14154 ?< 0.10000   g = 0.01050
f = -138.56324   r = 0.08423 ?< 0.10000   g = 0.00459

----------------------------------
         Iteration 12
----------------------------------
f = -138.56324   r = 0.08423 ?< 0.01000   g = 0.00459
f = -138.56367   r = 0.06170 ?< 0.01000   g = 0.00193
f = -138.56391   r = 0.03914 ?< 0.01000   g = 0.00081
f = -138.56401   r = 0.02532 ?< 0.01000   g = 0.00032
f = -138.56404   r = 0.01559 ?< 0.01000   g = 0.00012
f = -138.56406   r = 0.00832 ?< 0.01000   g = 0.00005

----------------------------------
         Iteration 13
----------------------------------
f = -138.56406   r = 0.00832 ?< 0.00100   g = 0.00005
f = -138.56406   r = 0.00527 ?< 0.00100   g = 0.00002
f = -138.56406   r = 0.00338 ?< 0.00100   g = 0.00001
f = -138.56406   r = 0.00174 ?< 0.00100   g = 0.00000
f = -138.56406   r = 0.00129 ?< 0.00100   g = 0.00000
f = -138.56406   r = 0.00093 ?< 0.00100   g = 0.00000

----------------------------------
         Iteration 14
----------------------------------
f = -138.56406   r = 0.00093 ?< 0.00010   g = 0.00000
f = -138.56406   r = 0.00047 ?< 0.00010   g = 0.00000
f = -138.56406   r = 0.00029 ?< 0.00010   g = 0.00000
f = -138.56406   r = 0.00021 ?< 0.00010   g = 0.00000
f = -138.56406   r = 0.00011 ?< 0.00010   g = 0.00000
f = -138.56406   r = 0.00007 ?< 0.00010   g = 0.00000

----------------------------------
         Iteration 15
----------------------------------
f = -138.56406   r = 0.00007 ?< 0.00001   g = 0.00000
f = -138.56406   r = 0.00005 ?< 0.00001   g = 0.00000
f = -138.56406   r = 0.00003 ?< 0.00001   g = 0.00000
f = -138.56406   r = 0.00002 ?< 0.00001   g = 0.00000
f = -138.56406   r = 0.00001 ?< 0.00001   g = 0.00000

--------------------------------
      Final Z 
--------------------------------

Z_0^0 = { { (+0.00000,+0.00000), (-0.00000,-0.00000), (+0.00000,+0.00000), (+0.00000,-0.00000)},
          { (-0.00000,+0.00000), (+0.00000,+0.00000), (+0.00000,+0.00000), (-0.00000,-0.00000)},
          { (+0.00000,-0.00000), (+0.00000,-0.00000), (+0.00000,-0.00000), (+0.00000,+0.00000)},
          { (+0.00000,+0.00000), (-0.00000,+0.00000), (+0.00000,-0.00000), (+0.00000,-0.00000)} } 

Z_1^0 = { { (+0.00000,+0.00000), (+0.00000,+0.00000), (+0.00000,+0.00000), (-0.00000,+0.00000)},
          { (+0.00000,-0.00000), (+0.00000,-0.00000), (-0.00000,-0.00000), (-0.00000,-0.00000)},
          { (+0.00000,-0.00000), (-0.00000,+0.00000), (+0.00000,-0.00000), (-0.00000,-0.00000)},
          { (-0.00000,-0.00000), (-0.00000,+0.00000), (-0.00000,+0.00000), (+0.00000,-0.00000)} } 

Z_2^0 = { { (+0.00000,-0.00000), (-0.00000,-0.00000), (-0.00000,-0.00000), (+0.00000,-0.00000)},
          { (-0.00000,+0.00000), (+0.00000,+0.00000), (-0.00000,-0.00000), (+0.00000,-0.00000)},
          { (-0.00000,+0.00000), (-0.00000,+0.00000), (+0.00000,+0.00000), (-0.00000,-0.00000)},
          { (+0.00000,+0.00000), (+0.00000,+0.00000), (-0.00000,+0.00000), (+0.00000,-0.00000)} } 

Z_3^0 = { { (+0.00000,-0.00000), (-0.00000,-0.00000), (-0.00000,-0.00000), (-0.00000,+0.00000)},
          { (-0.00000,+0.00000), (+0.00000,+0.00000), (-0.00000,+0.00000), (+0.00000,+0.00000)},
          { (-0.00000,+0.00000), (-0.00000,-0.00000), (+0.00000,-0.00000), (-0.00000,+0.00000)},
          { (-0.00000,-0.00000), (+0.00000,-0.00000), (-0.00000,-0.00000), (+0.00000,+0.00000)} } 

Z_0^1 = { { (+0.00000,+0.00000), (+0.00000,-0.00000), (+0.00000,-0.00000), (-0.00000,+0.00000)},
          { (+0.00000,+0.00000), (+0.00000,+0.00000), (-0.00000,-0.00000), (+0.00000,-0.00000)},
          { (+0.00000,+0.00000), (-0.00000,+0.00000), (+0.00000,-0.00000), (+0.00000,-0.00000)},
          { (-0.00000,-0.00000), (+0.00000,+0.00000), (+0.00000,+0.00000), (+0.00000,+0.00000)} } 

Z_1^1 = { { (+0.00000,+0.00000), (+0.00000,+0.00000), (+0.00000,+0.00000), (+0.00000,-0.00000)},
          { (+0.00000,-0.00000), (+0.00000,+0.00000), (-0.00000,+0.00000), (-0.00000,+0.00000)},
          { (+0.00000,-0.00000), (-0.00000,-0.00000), (+0.00000,+0.00000), (-0.00000,+0.00000)},
          { (+0.00000,+0.00000), (-0.00000,-0.00000), (-0.00000,-0.00000), (+0.00000,+0.00000)} } 

Z_2^1 = { { (+0.00000,+0.00000), (+0.00000,-0.00000), (-0.00000,+0.00000), (-0.00000,+0.00000)},
          { (+0.00000,+0.00000), (+0.00000,+0.00000), (+0.00000,+0.00000), (+0.00000,-0.00000)},
          { (-0.00000,-0.00000), (+0.00000,-0.00000), (+0.00000,-0.00000), (-0.00000,+0.00000)},
          { (-0.00000,-0.00000), (+0.00000,+0.00000), (-0.00000,-0.00000), (+0.00000,-0.00000)} } 

Z_3^1 = { { (+0.00000,+0.00000), (-0.00000,+0.00000), (+0.00000,-0.00000), (-0.00000,-0.00000)},
          { (-0.00000,-0.00000), (+0.00000,+0.00000), (+0.00000,-0.00000), (+0.00000,-0.00000)},
          { (+0.00000,+0.00000), (+0.00000,+0.00000), (+0.00000,-0.00000), (-0.00000,+0.00000)},
          { (-0.00000,+0.00000), (+0.00000,+0.00000), (-0.00000,-0.00000), (+0.00000,-0.00000)} } 

Z_0^2 = { { (+0.00000,-0.00000), (+0.00000,+0.00000), (-0.00000,+0.00000), (-0.00000,-0.00000)},
          { (+0.00000,-0.00000), (+0.00000,+0.00000), (-0.00000,-0.00000), (+0.00000,+0.00000)},
          { (-0.00000,-0.00000), (-0.00000,+0.00000), (+0.00000,-0.00000), (+0.00000,-0.00000)},
          { (-0.00000,+0.00000), (+0.00000,-0.00000), (+0.00000,+0.00000), (+0.00000,-0.00000)} } 

Z_1^2 = { { (+0.00000,+0.00000), (-0.00000,+0.00000), (-0.00000,-0.00000), (-0.00000,+0.00000)},
          { (-0.00000,-0.00000), (+0.00000,+0.00000), (-0.00000,-0.00000), (-0.00000,+0.00000)},
          { (-0.00000,+0.00000), (-0.00000,+0.00000), (+0.00000,-0.00000), (+0.00000,+0.00000)},
          { (-0.00000,-0.00000), (-0.00000,-0.00000), (+0.00000,-0.00000), (+0.00000,-0.00000)} } 

Z_2^2 = { { (+0.00000,-0.00000), (+0.00000,-0.00000), (-0.00000,-0.00000), (+0.00000,+0.00000)},
          { (+0.00000,+0.00000), (+0.00000,-0.00000), (-0.00000,+0.00000), (-0.00000,-0.00000)},
          { (-0.00000,+0.00000), (-0.00000,-0.00000), (+0.00000,+0.00000), (+0.00000,-0.00000)},
          { (+0.00000,-0.00000), (-0.00000,+0.00000), (+0.00000,+0.00000), (+0.00000,-0.00000)} } 

Z_3^2 = { { (+0.00000,+0.00000), (-0.00000,-0.00000), (+0.00000,+0.00000), (+0.00000,+0.00000)},
          { (-0.00000,+0.00000), (+0.00000,-0.00000), (+0.00000,+0.00000), (+0.00000,+0.00000)},
          { (+0.00000,-0.00000), (+0.00000,-0.00000), (+0.00000,+0.00000), (-0.00000,-0.00000)},
          { (+0.00000,-0.00000), (+0.00000,-0.00000), (-0.00000,+0.00000), (+0.00000,-0.00000)} } 

Z_0^3 = { { (+0.00000,+0.00000), (+0.00000,+0.00000), (-0.00000,-0.00000), (+0.00000,+0.00000)},
          { (+0.00000,-0.00000), (+0.00000,-0.00000), (+0.00000,+0.00000), (-0.00000,+0.00000)},
          { (-0.00000,+0.00000), (+0.00000,-0.00000), (+0.00000,-0.00000), (+0.00000,-0.00000)},
          { (+0.00000,-0.00000), (-0.00000,-0.00000), (+0.00000,+0.00000), (+0.00000,+0.00000)} } 

Z_1^3 = { { (+0.00000,+0.00000), (+0.00000,-0.00000), (+0.00000,-0.00000), (-0.00000,-0.00000)},
          { (+0.00000,+0.00000), (+0.00000,-0.00000), (-0.00000,-0.00000), (-0.00000,+0.00000)},
          { (+0.00000,+0.00000), (-0.00000,+0.00000), (+0.00000,+0.00000), (+0.00000,+0.00000)},
          { (-0.00000,+0.00000), (-0.00000,-0.00000), (+0.00000,-0.00000), (+0.00000,+0.00000)} } 

Z_2^3 = { { (+0.00000,+0.00000), (-0.00000,+0.00000), (-0.00000,+0.00000), (+0.00000,-0.00000)},
          { (-0.00000,-0.00000), (+0.00000,-0.00000), (-0.00000,+0.00000), (+0.00000,-0.00000)},
          { (-0.00000,-0.00000), (-0.00000,-0.00000), (+0.00000,-0.00000), (+0.00000,+0.00000)},
          { (+0.00000,+0.00000), (+0.00000,+0.00000), (+0.00000,-0.00000), (+0.00000,-0.00000)} } 

Z_3^3 = { { (+0.00000,-0.00000), (+0.00000,+0.00000), (-0.00000,+0.00000), (-0.00000,+0.00000)},
          { (+0.00000,-0.00000), (+0.00000,-0.00000), (+0.00000,-0.00000), (+0.00000,-0.00000)},
          { (-0.00000,-0.00000), (+0.00000,+0.00000), (+0.00000,-0.00000), (-0.00000,+0.00000)},
          { (-0.00000,-0.00000), (+0.00000,+0.00000), (-0.00000,-0.00000), (+0.00000,-0.00000)} } 

Z_0^4 = { { (+0.00000,+0.00000), (-0.00000,-0.00000), (-0.00000,-0.00000), (+0.00000,+0.00000)},
          { (-0.00000,+0.00000), (+0.00000,-0.00000), (-0.00000,-0.00000), (+0.00000,+0.00000)},
          { (-0.00000,+0.00000), (-0.00000,+0.00000), (+0.00000,-0.00000), (+0.00000,+0.00000)},
          { (+0.00000,-0.00000), (+0.00000,-0.00000), (+0.00000,-0.00000), (+0.00000,-0.00000)} } 

Z_1^4 = { { (+0.00000,-0.00000), (-0.00000,-0.00000), (-0.00000,+0.00000), (-0.00000,-0.00000)},
          { (-0.00000,+0.00000), (+0.00000,-0.00000), (-0.00000,+0.00000), (-0.00000,+0.00000)},
          { (-0.00000,-0.00000), (-0.00000,-0.00000), (+0.00000,+0.00000), (-0.00000,-0.00000)},
          { (-0.00000,+0.00000), (-0.00000,-0.00000), (-0.00000,+0.00000), (+0.00000,+0.00000)} } 

Z_2^4 = { { (+0.00000,-0.00000), (+0.00000,-0.00000), (+0.00000,+0.00000), (+0.00000,+0.00000)},
          { (+0.00000,+0.00000), (+0.00000,+0.00000), (+0.00000,-0.00000), (-0.00000,-0.00000)},
          { (+0.00000,-0.00000), (+0.00000,+0.00000), (+0.00000,-0.00000), (-0.00000,+0.00000)},
          { (+0.00000,-0.00000), (-0.00000,+0.00000), (-0.00000,-0.00000), (+0.00000,-0.00000)} } 

Z_3^4 = { { (+0.00000,-0.00000), (+0.00000,+0.00000), (+0.00000,-0.00000), (-0.00000,-0.00000)},
          { (+0.00000,-0.00000), (+0.00000,-0.00000), (+0.00000,+0.00000), (+0.00000,-0.00000)},
          { (+0.00000,+0.00000), (+0.00000,-0.00000), (+0.00000,-0.00000), (+0.00000,+0.00000)},
          { (-0.00000,+0.00000), (+0.00000,+0.00000), (+0.00000,-0.00000), (+0.00000,+0.00000)} } 

----------------------------------
         Final Matrices 
----------------------------------

M_0^0 = { { (+0.10684,+0.00000), (+0.05009,+0.08554), (-0.05623,-0.18833), (-0.06664,+0.20622)},
          { (+0.05009,-0.08554), (+0.09197,+0.00000), (-0.17715,-0.04328), (+0.13387,+0.15004)},
          { (-0.05623,+0.18833), (-0.17715,+0.04328), (+0.36157,+0.00000), (-0.32844,-0.22601)},
          { (-0.06664,-0.20622), (+0.13387,-0.15004), (-0.32844,+0.22601), (+0.43962,+0.00000)} } 

|M^2-M|  = 0.00000
is M PD? = 0

M_1^0 = { { (+0.62373,+0.00000), (-0.13674,-0.31142), (-0.06147,-0.15262), (+0.06245,-0.29671)},
          { (-0.13674,+0.31142), (+0.18547,+0.00000), (+0.08968,+0.00277), (+0.13445,+0.09623)},
          { (-0.06147,+0.15262), (+0.08968,-0.00277), (+0.04341,+0.00000), (+0.06645,+0.04452)},
          { (+0.06245,+0.29671), (+0.13445,-0.09623), (+0.06645,-0.04452), (+0.14740,+0.00000)} } 

|M^2-M|  = 0.00000
is M PD? = 0

M_2^0 = { { (+0.19862,+0.00000), (+0.07997,+0.00490), (+0.08869,+0.32784), (-0.09485,+0.16856)},
          { (+0.07997,-0.00490), (+0.03232,+0.00000), (+0.04379,+0.12980), (-0.03403,+0.07020)},
          { (+0.08869,-0.32784), (+0.04379,-0.12980), (+0.58071,+0.00000), (+0.23587,+0.23182)},
          { (-0.09485,-0.16856), (-0.03403,-0.07020), (+0.23587,-0.23182), (+0.18835,+0.00000)} } 

|M^2-M|  = 0.00000
is M PD? = 0

M_3^0 = { { (+0.07081,+0.00000), (+0.00669,+0.22098), (+0.02901,+0.01312), (+0.09905,-0.07807)},
          { (+0.00669,-0.22098), (+0.69024,+0.00000), (+0.04368,-0.08930), (-0.23429,-0.31648)},
          { (+0.02901,-0.01312), (+0.04368,+0.08930), (+0.01432,+0.00000), (+0.02612,-0.05034)},
          { (+0.09905,+0.07807), (-0.23429,+0.31648), (+0.02612,+0.05034), (+0.22463,+0.00000)} } 

|M^2-M|  = 0.00000
is M PD? = 0

M_0^1 = { { (+0.11812,+0.00000), (-0.06024,+0.06291), (-0.20977,+0.02103), (+0.14787,-0.17400)},
          { (-0.06024,-0.06291), (+0.06422,+0.00000), (+0.11817,+0.10098), (-0.16807,+0.00998)},
          { (-0.20977,-0.02103), (+0.11817,-0.10098), (+0.37626,+0.00000), (-0.29357,+0.28266)},
          { (+0.14787,+0.17400), (-0.16807,-0.00998), (-0.29357,-0.28266), (+0.44140,+0.00000)} } 

|M^2-M|  = 0.00000
is M PD? = 0

M_1^1 = { { (+0.10197,+0.00000), (-0.12540,-0.04432), (-0.14854,-0.03154), (-0.20190,+0.10030)},
          { (-0.12540,+0.04432), (+0.17349,+0.00000), (+0.19638,-0.02578), (+0.20469,-0.21111)},
          { (-0.14854,+0.03154), (+0.19638,+0.02578), (+0.22613,+0.00000), (+0.26308,-0.20855)},
          { (-0.20190,-0.10030), (+0.20469,+0.21111), (+0.26308,+0.20855), (+0.49841,+0.00000)} } 

|M^2-M|  = 0.00000
is M PD? = 0

M_2^1 = { { (+0.48118,+0.00000), (-0.20304,+0.16578), (+0.41919,-0.05405), (+0.00943,-0.04699)},
          { (-0.20304,-0.16578), (+0.14279,+0.00000), (-0.19550,-0.12161), (-0.02017,+0.01658)},
          { (+0.41919,+0.05405), (-0.19550,+0.12161), (+0.37125,+0.00000), (+0.01350,-0.03988)},
          { (+0.00943,+0.04699), (-0.02017,-0.01658), (+0.01350,+0.03988), (+0.00477,+0.00000)} } 

|M^2-M|  = 0.00000
is M PD? = 0

M_3^1 = { { (+0.29873,+0.00000), (+0.38868,-0.18436), (-0.06088,+0.06455), (+0.04460,+0.12069)},
          { (+0.38868,+0.18436), (+0.61950,+0.00000), (-0.11905,+0.04641), (-0.01646,+0.18455)},
          { (-0.06088,-0.06455), (-0.11905,-0.04641), (+0.02636,+0.00000), (+0.01699,-0.03423)},
          { (+0.04460,-0.12069), (-0.01646,-0.18455), (+0.01699,+0.03423), (+0.05541,+0.00000)} } 

|M^2-M|  = 0.00000
is M PD? = 0

M_0^2 = { { (+0.41544,+0.00000), (-0.16377,-0.23228), (+0.08773,-0.09359), (+0.03543,+0.37995)},
          { (-0.16377,+0.23228), (+0.19443,+0.00000), (+0.01774,+0.08595), (-0.22640,-0.12997)},
          { (+0.08773,+0.09359), (+0.01774,-0.08595), (+0.03961,+0.00000), (-0.07812,+0.08822)},
          { (+0.03543,-0.37995), (-0.22640,+0.12997), (-0.07812,-0.08822), (+0.35052,+0.00000)} } 

|M^2-M|  = 0.00000
is M PD? = 0

M_1^2 = { { (+0.25613,+0.00000), (+0.16102,-0.02421), (+0.14433,+0.25324), (+0.18300,-0.21345)},
          { (+0.16102,+0.02421), (+0.10351,+0.00000), (+0.06680,+0.17285), (+0.13522,-0.11689)},
          { (+0.14433,-0.25324), (+0.06680,-0.17285), (+0.33172,+0.00000), (-0.10793,-0.30122)},
          { (+0.18300,+0.21345), (+0.13522,+0.11689), (-0.10793,+0.30122), (+0.30864,+0.00000)} } 

|M^2-M|  = 0.00000
is M PD? = 0

M_2^2 = { { (+0.10690,+0.00000), (-0.15621,+0.19070), (+0.00504,+0.09440), (-0.15753,-0.03085)},
          { (-0.15621,-0.19070), (+0.56845,+0.00000), (+0.16103,-0.14692), (+0.17516,+0.32611)},
          { (+0.00504,-0.09440), (+0.16103,+0.14692), (+0.08359,+0.00000), (-0.03467,+0.13766)},
          { (-0.15753,+0.03085), (+0.17516,-0.32611), (-0.03467,-0.13766), (+0.24106,+0.00000)} } 

|M^2-M|  = 0.00000
is M PD? = 0

M_3^2 = { { (+0.22154,+0.00000), (+0.15896,+0.06579), (-0.23710,-0.25404), (-0.06089,-0.13564)},
          { (+0.15896,-0.06579), (+0.13360,+0.00000), (-0.24558,-0.11187), (-0.08398,-0.07924)},
          { (-0.23710,+0.25404), (-0.24558,+0.11187), (+0.54507,+0.00000), (+0.22071,+0.07534)},
          { (-0.06089,+0.13564), (-0.08398,+0.07924), (+0.22071,-0.07534), (+0.09979,+0.00000)} } 

|M^2-M|  = 0.00000
is M PD? = 0

M_0^3 = { { (+0.09643,+0.00000), (-0.06063,-0.18497), (+0.02941,+0.14457), (-0.15068,-0.06909)},
          { (-0.06063,+0.18497), (+0.39292,+0.00000), (-0.29580,-0.03448), (+0.22726,-0.24559)},
          { (+0.02941,-0.14457), (-0.29580,+0.03448), (+0.22571,+0.00000), (-0.14954,+0.20482)},
          { (-0.15068,+0.06909), (+0.22726,+0.24559), (-0.14954,-0.20482), (+0.28494,+0.00000)} } 

|M^2-M|  = 0.00000
is M PD? = 0

M_1^3 = { { (+0.74168,+0.00000), (-0.01742,+0.31435), (-0.25307,+0.07846), (+0.05875,+0.13719)},
          { (-0.01742,-0.31435), (+0.13364,+0.00000), (+0.03920,+0.10542), (+0.05677,-0.02812)},
          { (-0.25307,-0.07846), (+0.03920,-0.10542), (+0.09465,+0.00000), (-0.00553,-0.05303)},
          { (+0.05875,-0.13719), (+0.05677,+0.02812), (-0.00553,+0.05303), (+0.03003,+0.00000)} } 

|M^2-M|  = 0.00000
is M PD? = 0

M_2^3 = { { (+0.12575,+0.00000), (+0.15679,-0.10976), (+0.16124,-0.21354), (-0.03283,+0.02520)},
          { (+0.15679,+0.10976), (+0.29129,+0.00000), (+0.38742,-0.12551), (-0.06293,+0.00276)},
          { (+0.16124,+0.21354), (+0.38742,+0.12551), (+0.56934,+0.00000), (-0.08488,-0.02344)},
          { (-0.03283,-0.02520), (-0.06293,-0.00276), (-0.08488,+0.02344), (+0.01362,+0.00000)} } 

|M^2-M|  = 0.00000
is M PD? = 0

M_3^3 = { { (+0.03615,+0.00000), (-0.07873,-0.01962), (+0.06242,-0.00949), (+0.12476,-0.09330)},
          { (-0.07873,+0.01962), (+0.18215,+0.00000), (-0.13082,+0.05456), (-0.22110,+0.27095)},
          { (+0.06242,+0.00949), (-0.13082,-0.05456), (+0.11029,+0.00000), (+0.23995,-0.12836)},
          { (+0.12476,+0.09330), (-0.22110,-0.27095), (+0.23995,+0.12836), (+0.67141,+0.00000)} } 

|M^2-M|  = 0.00000
is M PD? = 0

M_0^4 = { { (+0.46847,+0.00000), (+0.18734,+0.04700), (+0.08515,+0.02313), (-0.42666,-0.14789)},
          { (+0.18734,-0.04700), (+0.07963,+0.00000), (+0.03637,+0.00071), (-0.18546,-0.01634)},
          { (+0.08515,-0.02313), (+0.03637,-0.00071), (+0.01662,+0.00000), (-0.08485,-0.00582)},
          { (-0.42666,+0.14789), (-0.18546,+0.01634), (-0.08485,+0.00582), (+0.43528,+0.00000)} } 

|M^2-M|  = 0.00000
is M PD? = 0

M_1^4 = { { (+0.23945,+0.00000), (+0.16370,+0.09551), (+0.11757,-0.12368), (+0.32544,+0.10565)},
          { (+0.16370,-0.09551), (+0.15001,+0.00000), (+0.03104,-0.13144), (+0.26463,-0.05758)},
          { (+0.11757,+0.12368), (+0.03104,+0.13144), (+0.12160,+0.00000), (+0.10522,+0.21997)},
          { (+0.32544,-0.10565), (+0.26463,+0.05758), (+0.10522,-0.21997), (+0.48894,+0.00000)} } 

|M^2-M|  = 0.00000
is M PD? = 0

M_2^4 = { { (+0.05855,+0.00000), (-0.17300,+0.02168), (-0.00737,-0.15599), (-0.01649,-0.00787)},
          { (-0.17300,-0.02168), (+0.51919,+0.00000), (-0.03598,+0.46366), (+0.04580,+0.02936)},
          { (-0.00737,+0.15599), (-0.03598,-0.46366), (+0.41656,+0.00000), (+0.02305,-0.04294)},
          { (-0.01649,+0.00787), (+0.04580,-0.02936), (+0.02305,+0.04294), (+0.00570,+0.00000)} } 

|M^2-M|  = 0.00000
is M PD? = 0

M_3^4 = { { (+0.23354,+0.00000), (-0.17805,-0.16419), (-0.19534,+0.25654), (+0.11771,+0.05011)},
          { (-0.17805,+0.16419), (+0.25117,+0.00000), (-0.03143,-0.33292), (-0.12497,+0.04455)},
          { (-0.19534,-0.25654), (-0.03143,+0.33292), (+0.44522,+0.00000), (-0.04341,-0.17122)},
          { (+0.11771,-0.05011), (-0.12497,-0.04455), (-0.04341,+0.17122), (+0.07008,+0.00000)} } 

|M^2-M|  = 0.00000
is M PD? = 0

----------------------------------
         Final Output 
----------------------------------
        |r(w)| = 0.00001 < 0.00001
         -f(x) = 138.56406 <= 138.56406
          g(x) = 0.00000
         -L(w) = 138.56406
         <X,Z> = 0.00000
           |y| = 21.80951
      y^T*g(x) = -0.00000
     |delf(x)| = 0.00001
     |delL(w)| = 0.00001
     |delg(x)| = 0.00004
    |del2f(x)| = 33.53528
    |del2L(w)| = 136.05849
    |del2g(x)| = 308.28549
   total inner = 89
    time taken = 19846 ms
