--------------------------------
          System Info           
--------------------------------
               d = 5
               n = 2
  size of vector = 192
  size of matrix = 100 x 100 ~ 0 MB 
         epsilon = 1e-05
       epsilon_0 = 0.9
     g(x) thresh = 1e-15
      initial mu = 1
             M_c = 1e+10
  extra diagonal = 1
       muScaling = 10
             rho = 0.5
              nu = 0.9
           gamma = 1
            beta = 0.1
     f(x) factor = 1
     g(x) factor = -1
           cores = 1

--------------------------------
     Finding Interior Point 
--------------------------------
g(x) = 67.08
g(x) = 1.699e+11
g(x) = 4.671e+39
g(x) = 5.589e+125
g(x) = inf
g(x) = nan
decreasing g factor from 1 to 0.66667
g(x) = 67.08
g(x) = 3.3267e+10
g(x) = 6.9416e+36
g(x) = 3.6453e+116
g(x) = inf
g(x) = nan
decreasing g factor from 0.66667 to 0.44444
g(x) = 67.08
g(x) = 6.4846e+09
g(x) = 1.0191e+34
g(x) = 2.2996e+107
g(x) = inf
g(x) = nan
decreasing g factor from 0.44444 to 0.2963
g(x) = 67.08
g(x) = 1.2556e+09
g(x) = 1.4691e+31
g(x) = 1.3796e+98
g(x) = 7.9275e+299
g(x) = nan
decreasing g factor from 0.2963 to 0.19753
g(x) = 67.08
g(x) = 2.4065e+08
g(x) = 2.06e+28
g(x) = 7.6734e+88
g(x) = 2.7334e+271
g(x) = nan
decreasing g factor from 0.19753 to 0.13169
g(x) = 67.08
g(x) = 4.5417e+07
g(x) = 2.7698e+25
g(x) = 3.8061e+79
g(x) = 6.733e+242
g(x) = nan
decreasing g factor from 0.13169 to 0.087791
g(x) = 67.08
g(x) = 8.371e+06
g(x) = 3.493e+22
g(x) = 1.5864e+70
g(x) = 9.9492e+213
g(x) = nan
decreasing g factor from 0.087791 to 0.058528
g(x) = 67.08
g(x) = 1.4873e+06
g(x) = 3.9909e+19
g(x) = 5.0675e+60
g(x) = 6.7254e+184
g(x) = inf
g(x) = nan
decreasing g factor from 0.058528 to 0.039018
g(x) = 67.08
g(x) = 2.4947e+05
g(x) = 3.9066e+16
g(x) = 1.0724e+51
g(x) = 1.3536e+155
g(x) = inf
g(x) = nan
decreasing g factor from 0.039018 to 0.026012
g(x) = 67.08
g(x) = 38143
g(x) = 2.9823e+13
g(x) = 1.1852e+41
g(x) = 4.003e+124
g(x) = inf
g(x) = nan
decreasing g factor from 0.026012 to 0.017342
g(x) = 67.08
g(x) = 5009
g(x) = 1.4986e+10
g(x) = 4.51e+30
g(x) = 4.9847e+92
g(x) = 7.9515e+278
g(x) = nan
decreasing g factor from 0.017342 to 0.011561
g(x) = 67.08
g(x) = 514.84
g(x) = 3.5339e+06
g(x) = 2.4836e+19
g(x) = 1.8637e+58
g(x) = 8.2399e+174
g(x) = inf
g(x) = nan
decreasing g factor from 0.011561 to 0.0077073
g(x) = 67.08
g(x) = 43.041
g(x) = 154.15
g(x) = 5.2097e+05
g(x) = 3.5256e+16
g(x) = 1.1037e+49
g(x) = 3.3869e+146
g(x) = inf
g(x) = nan
decreasing g factor from 0.0077073 to 0.0051382
g(x) = 67.08
g(x) = 8.1112
g(x) = 3.8071
g(x) = 3.2102
g(x) = 2.8904
g(x) = 2.6605
g(x) = 2.4754
g(x) = 2.318
g(x) = 2.18
g(x) = 2.0569
g(x) = 1.946
g(x) = 1.8452
g(x) = 1.7532
g(x) = 1.669
g(x) = 1.5918
g(x) = 1.5209
g(x) = 1.4559
g(x) = 1.3963
g(x) = 1.3418
g(x) = 1.2917
g(x) = 1.2458
g(x) = 1.2035
g(x) = 1.1643
g(x) = 1.1279
g(x) = 1.0939
g(x) = 1.0619
g(x) = 1.0319
g(x) = 1.0035
g(x) = 0.9766
g(x) = 0.95108
g(x) = 0.92684
g(x) = 0.90375
g(x) = 0.88173
g(x) = 0.86069
g(x) = 0.84055
g(x) = 0.82123
g(x) = 0.80265
g(x) = 0.78476
g(x) = 0.7675
g(x) = 0.75082
g(x) = 0.73468
g(x) = 0.71904
g(x) = 0.70388
g(x) = 0.68918
g(x) = 0.67492
g(x) = 0.66107
g(x) = 0.64762
g(x) = 0.63456
g(x) = 0.62188
g(x) = 0.60957
g(x) = 0.5976
g(x) = 0.58598
g(x) = 0.57467
g(x) = 0.56368
g(x) = 0.55299
g(x) = 0.54258
g(x) = 0.53245
g(x) = 0.52257
g(x) = 0.51293
g(x) = 0.50353
g(x) = 0.49435
g(x) = 0.48538
g(x) = 0.4766
g(x) = 0.46802
g(x) = 0.45962
g(x) = 0.45138
g(x) = 0.44331
g(x) = 0.4354
g(x) = 0.42764
g(x) = 0.42002
g(x) = 0.41253
g(x) = 0.40519
g(x) = 0.39797
g(x) = 0.39088
g(x) = 0.3839
g(x) = 0.37705
g(x) = 0.37031
g(x) = 0.36368
g(x) = 0.35716
g(x) = 0.35074
g(x) = 0.34443
g(x) = 0.33822
g(x) = 0.3321
g(x) = 0.32609
g(x) = 0.32016
g(x) = 0.31434
g(x) = 0.3086
g(x) = 0.30295
g(x) = 0.29739
g(x) = 0.29192
g(x) = 0.28653
g(x) = 0.28122
g(x) = 0.276
g(x) = 0.27085
g(x) = 0.26579
g(x) = 0.2608
g(x) = 0.25589
g(x) = 0.25106
g(x) = 0.2463
g(x) = 0.24162
g(x) = 0.23701
g(x) = 0.23247
g(x) = 0.228
g(x) = 0.2236
g(x) = 0.21927
g(x) = 0.21501
g(x) = 0.21081
g(x) = 0.20668
g(x) = 0.20262
g(x) = 0.19862
g(x) = 0.19469
g(x) = 0.19081
g(x) = 0.187
g(x) = 0.18326
g(x) = 0.17957
g(x) = 0.17594
g(x) = 0.17237
g(x) = 0.16886
g(x) = 0.16541
g(x) = 0.16202
g(x) = 0.15868
g(x) = 0.1554
g(x) = 0.15217
g(x) = 0.149
g(x) = 0.14588
g(x) = 0.14281
g(x) = 0.1398
g(x) = 0.13684
g(x) = 0.13393
g(x) = 0.13107
g(x) = 0.12827
g(x) = 0.12551
g(x) = 0.1228
g(x) = 0.12014
g(x) = 0.11753
g(x) = 0.11496
g(x) = 0.11245
g(x) = 0.10997
g(x) = 0.10755
g(x) = 0.10516
g(x) = 0.10283
g(x) = 0.10053
g(x) = 0.098283
g(x) = 0.096075
g(x) = 0.093909
g(x) = 0.091785
g(x) = 0.089702
g(x) = 0.087659
g(x) = 0.085656
g(x) = 0.083693
g(x) = 0.081768
g(x) = 0.079881
g(x) = 0.078032
g(x) = 0.07622
g(x) = 0.074444
g(x) = 0.072704
g(x) = 0.071
g(x) = 0.069331
g(x) = 0.067696
g(x) = 0.066095
g(x) = 0.064527
g(x) = 0.062992
g(x) = 0.061489
g(x) = 0.060018
g(x) = 0.058578
g(x) = 0.057169
g(x) = 0.05579
g(x) = 0.054441
g(x) = 0.053121
g(x) = 0.05183
g(x) = 0.050566
g(x) = 0.049331
g(x) = 0.048122
g(x) = 0.046941
g(x) = 0.045785
g(x) = 0.044656
g(x) = 0.043552
g(x) = 0.042472
g(x) = 0.041417
g(x) = 0.040386
g(x) = 0.039378
g(x) = 0.038394
g(x) = 0.037432
g(x) = 0.036492
g(x) = 0.035574
g(x) = 0.034677
g(x) = 0.033801
g(x) = 0.032946
g(x) = 0.03211
g(x) = 0.031294
g(x) = 0.030498
g(x) = 0.02972
g(x) = 0.028961
g(x) = 0.02822
g(x) = 0.027497
g(x) = 0.026791
g(x) = 0.026102
g(x) = 0.02543
g(x) = 0.024774
g(x) = 0.024134
g(x) = 0.02351
g(x) = 0.022901
g(x) = 0.022307
g(x) = 0.021727
g(x) = 0.021162
g(x) = 0.02061
g(x) = 0.020073
g(x) = 0.019548
g(x) = 0.019037
g(x) = 0.018538
g(x) = 0.018052
g(x) = 0.017578
g(x) = 0.017116
g(x) = 0.016666
g(x) = 0.016227
g(x) = 0.015799
g(x) = 0.015382
g(x) = 0.014976
g(x) = 0.01458
g(x) = 0.014194
g(x) = 0.013818
g(x) = 0.013451
g(x) = 0.013094
g(x) = 0.012746
g(x) = 0.012407
g(x) = 0.012077
g(x) = 0.011755
g(x) = 0.011442
g(x) = 0.011137
g(x) = 0.01084
g(x) = 0.01055
g(x) = 0.010268
g(x) = 0.0099934
g(x) = 0.0097259
g(x) = 0.0094654
g(x) = 0.0092118
g(x) = 0.0089648
g(x) = 0.0087243
g(x) = 0.0084901
g(x) = 0.0082621
g(x) = 0.0080401
g(x) = 0.0078239
g(x) = 0.0076135
g(x) = 0.0074087
g(x) = 0.0072092
g(x) = 0.0070151
g(x) = 0.0068261
g(x) = 0.0066422
g(x) = 0.0064631
g(x) = 0.0062888
g(x) = 0.0061192
g(x) = 0.005954
g(x) = 0.0057933
g(x) = 0.0056369
g(x) = 0.0054847
g(x) = 0.0053365
g(x) = 0.0051924
g(x) = 0.0050521
g(x) = 0.0049155
g(x) = 0.0047826
g(x) = 0.0046533
g(x) = 0.0045275
g(x) = 0.0044051
g(x) = 0.0042859
g(x) = 0.00417
g(x) = 0.0040572
g(x) = 0.0039474
g(x) = 0.0038406
g(x) = 0.0037367
g(x) = 0.0036356
g(x) = 0.0035372
g(x) = 0.0034415
g(x) = 0.0033484
g(x) = 0.0032578
g(x) = 0.0031696
g(x) = 0.0030839
g(x) = 0.0030004
g(x) = 0.0029193
g(x) = 0.0028403
g(x) = 0.0027635
g(x) = 0.0026887
g(x) = 0.002616
g(x) = 0.0025453
g(x) = 0.0024765
g(x) = 0.0024095
g(x) = 0.0023444
g(x) = 0.002281
g(x) = 0.0022194
g(x) = 0.0021594
g(x) = 0.0021011
g(x) = 0.0020444
g(x) = 0.0019892
g(x) = 0.0019355
g(x) = 0.0018832
g(x) = 0.0018324
g(x) = 0.001783
g(x) = 0.0017349
g(x) = 0.0016881
g(x) = 0.0016426
g(x) = 0.0015984
g(x) = 0.0015553
g(x) = 0.0015134
g(x) = 0.0014727
g(x) = 0.001433
g(x) = 0.0013945
g(x) = 0.001357
g(x) = 0.0013205
g(x) = 0.001285
g(x) = 0.0012505
g(x) = 0.0012169
g(x) = 0.0011842
g(x) = 0.0011524
g(x) = 0.0011215
g(x) = 0.0010914
g(x) = 0.0010621
g(x) = 0.0010337
g(x) = 0.001006
g(x) = 0.00097904
g(x) = 0.00095283
g(x) = 0.00092733
g(x) = 0.00090253
g(x) = 0.00087839
g(x) = 0.00085492
g(x) = 0.00083208
g(x) = 0.00080986
g(x) = 0.00078824
g(x) = 0.00076722
g(x) = 0.00074676
g(x) = 0.00072685
g(x) = 0.00070749
g(x) = 0.00068864
g(x) = 0.00067031
g(x) = 0.00065248
g(x) = 0.00063513
g(x) = 0.00061825
g(x) = 0.00060182
g(x) = 0.00058584
g(x) = 0.00057029
g(x) = 0.00055516
g(x) = 0.00054044
g(x) = 0.00052612
g(x) = 0.00051218
g(x) = 0.00049862
g(x) = 0.00048543
g(x) = 0.00047259
g(x) = 0.0004601
g(x) = 0.00044794
g(x) = 0.00043612
g(x) = 0.00042461
g(x) = 0.00041341
g(x) = 0.00040251
g(x) = 0.0003919
g(x) = 0.00038158
g(x) = 0.00037154
g(x) = 0.00036176
g(x) = 0.00035225
g(x) = 0.00034299
g(x) = 0.00033399
g(x) = 0.00032522
g(x) = 0.00031669
g(x) = 0.00030838
g(x) = 0.0003003
g(x) = 0.00029244
g(x) = 0.00028478
g(x) = 0.00027733
g(x) = 0.00027008
g(x) = 0.00026303
g(x) = 0.00025616
g(x) = 0.00024947
g(x) = 0.00024296
g(x) = 0.00023663
g(x) = 0.00023046
g(x) = 0.00022446
g(x) = 0.00021862
g(x) = 0.00021293
g(x) = 0.0002074
g(x) = 0.00020201
g(x) = 0.00019677
g(x) = 0.00019166
g(x) = 0.00018669
g(x) = 0.00018185
g(x) = 0.00017714
g(x) = 0.00017255
g(x) = 0.00016809
g(x) = 0.00016374
g(x) = 0.00015951
g(x) = 0.00015539
g(x) = 0.00015138
g(x) = 0.00014748
g(x) = 0.00014367
g(x) = 0.00013997
g(x) = 0.00013637
g(x) = 0.00013286
g(x) = 0.00012944
g(x) = 0.00012611
g(x) = 0.00012287
g(x) = 0.00011972
g(x) = 0.00011665
g(x) = 0.00011366
g(x) = 0.00011074
g(x) = 0.00010791
g(x) = 0.00010514
g(x) = 0.00010245
g(x) = 9.9835e-05
g(x) = 9.7284e-05
g(x) = 9.48e-05
g(x) = 9.238e-05
g(x) = 9.0024e-05
g(x) = 8.7729e-05
g(x) = 8.5494e-05
g(x) = 8.3317e-05
g(x) = 8.1197e-05
g(x) = 7.9132e-05
g(x) = 7.7121e-05
g(x) = 7.5162e-05
g(x) = 7.3254e-05
g(x) = 7.1396e-05
g(x) = 6.9585e-05
g(x) = 6.7822e-05
g(x) = 6.6104e-05
g(x) = 6.4431e-05
g(x) = 6.2801e-05
g(x) = 6.1214e-05
g(x) = 5.9667e-05
g(x) = 5.816e-05
g(x) = 5.6693e-05
g(x) = 5.5263e-05
g(x) = 5.387e-05
g(x) = 5.2513e-05
g(x) = 5.119e-05
g(x) = 4.9902e-05
g(x) = 4.8647e-05
g(x) = 4.7424e-05
g(x) = 4.6233e-05
g(x) = 4.5072e-05
g(x) = 4.3942e-05
g(x) = 4.284e-05
g(x) = 4.1766e-05
g(x) = 4.072e-05
g(x) = 3.97e-05
g(x) = 3.8707e-05
g(x) = 3.7739e-05
g(x) = 3.6796e-05
g(x) = 3.5877e-05
g(x) = 3.4981e-05
g(x) = 3.4109e-05
g(x) = 3.3258e-05
g(x) = 3.2429e-05
g(x) = 3.1622e-05
g(x) = 3.0834e-05
g(x) = 3.0067e-05
g(x) = 2.932e-05
g(x) = 2.8591e-05
g(x) = 2.7881e-05
g(x) = 2.7189e-05
g(x) = 2.6514e-05
g(x) = 2.5856e-05
g(x) = 2.5216e-05
g(x) = 2.4591e-05
g(x) = 2.3982e-05
g(x) = 2.3389e-05
g(x) = 2.281e-05
g(x) = 2.2246e-05
g(x) = 2.1697e-05
g(x) = 2.1161e-05
g(x) = 2.0639e-05
g(x) = 2.013e-05
g(x) = 1.9634e-05
g(x) = 1.915e-05
g(x) = 1.8678e-05
g(x) = 1.8219e-05
g(x) = 1.777e-05
g(x) = 1.7333e-05
g(x) = 1.6907e-05
g(x) = 1.6492e-05
g(x) = 1.6087e-05
g(x) = 1.5693e-05
g(x) = 1.5308e-05
g(x) = 1.4932e-05
g(x) = 1.4567e-05
g(x) = 1.421e-05
g(x) = 1.3862e-05
g(x) = 1.3523e-05
g(x) = 1.3192e-05
g(x) = 1.287e-05
g(x) = 1.2556e-05
g(x) = 1.2249e-05
g(x) = 1.195e-05
g(x) = 1.1659e-05
g(x) = 1.1374e-05
g(x) = 1.1097e-05
g(x) = 1.0827e-05
g(x) = 1.0563e-05
g(x) = 1.0306e-05
g(x) = 1.0056e-05
g(x) = 9.8113e-06
g(x) = 9.573e-06
g(x) = 9.3405e-06
g(x) = 9.1137e-06
g(x) = 8.8926e-06
g(x) = 8.677e-06
g(x) = 8.4666e-06
g(x) = 8.2615e-06
g(x) = 8.0614e-06
g(x) = 7.8663e-06
g(x) = 7.676e-06
g(x) = 7.4903e-06
g(x) = 7.3093e-06
g(x) = 7.1327e-06
g(x) = 6.9604e-06
g(x) = 6.7924e-06
g(x) = 6.6285e-06
g(x) = 6.4686e-06
g(x) = 6.3127e-06
g(x) = 6.1606e-06
g(x) = 6.0122e-06
g(x) = 5.8674e-06
g(x) = 5.7262e-06
g(x) = 5.5885e-06
g(x) = 5.4541e-06
g(x) = 5.323e-06
g(x) = 5.1951e-06
g(x) = 5.0704e-06
g(x) = 4.9486e-06
g(x) = 4.8299e-06
g(x) = 4.7141e-06
g(x) = 4.601e-06
g(x) = 4.4908e-06
g(x) = 4.3832e-06
g(x) = 4.2783e-06
g(x) = 4.1759e-06
g(x) = 4.076e-06
g(x) = 3.9785e-06
g(x) = 3.8834e-06
g(x) = 3.7906e-06
g(x) = 3.7e-06
g(x) = 3.6117e-06
g(x) = 3.5255e-06
g(x) = 3.4414e-06
g(x) = 3.3593e-06
g(x) = 3.2792e-06
g(x) = 3.2011e-06
g(x) = 3.1248e-06
g(x) = 3.0504e-06
g(x) = 2.9778e-06
g(x) = 2.907e-06
g(x) = 2.8378e-06
g(x) = 2.7703e-06
g(x) = 2.7045e-06
g(x) = 2.6403e-06
g(x) = 2.5775e-06
g(x) = 2.5164e-06
g(x) = 2.4566e-06
g(x) = 2.3984e-06
g(x) = 2.3415e-06
g(x) = 2.286e-06
g(x) = 2.2318e-06
g(x) = 2.1789e-06
g(x) = 2.1273e-06
g(x) = 2.077e-06
g(x) = 2.0278e-06
g(x) = 1.9799e-06
g(x) = 1.9331e-06
g(x) = 1.8874e-06
g(x) = 1.8428e-06
g(x) = 1.7992e-06
g(x) = 1.7567e-06
g(x) = 1.7153e-06
g(x) = 1.6748e-06
g(x) = 1.6353e-06
g(x) = 1.5967e-06
g(x) = 1.5591e-06
g(x) = 1.5223e-06
g(x) = 1.4865e-06
g(x) = 1.4515e-06
g(x) = 1.4173e-06
g(x) = 1.3839e-06
g(x) = 1.3514e-06
g(x) = 1.3196e-06
g(x) = 1.2886e-06
g(x) = 1.2583e-06
g(x) = 1.2287e-06
g(x) = 1.1998e-06
g(x) = 1.1717e-06
g(x) = 1.1442e-06
g(x) = 1.1173e-06
g(x) = 1.0911e-06
g(x) = 1.0655e-06
g(x) = 1.0405e-06
g(x) = 1.0161e-06
g(x) = 9.9232e-07
g(x) = 9.6907e-07
g(x) = 9.4638e-07
g(x) = 9.2422e-07
g(x) = 9.0259e-07
g(x) = 8.8147e-07
g(x) = 8.6085e-07
g(x) = 8.4072e-07
g(x) = 8.2106e-07
g(x) = 8.0187e-07
g(x) = 7.8314e-07
g(x) = 7.6484e-07
g(x) = 7.4698e-07
g(x) = 7.2954e-07
g(x) = 7.1252e-07
g(x) = 6.9589e-07
g(x) = 6.7966e-07
g(x) = 6.6381e-07
g(x) = 6.4833e-07
g(x) = 6.3322e-07
g(x) = 6.1847e-07
g(x) = 6.0406e-07
g(x) = 5.8999e-07
g(x) = 5.7626e-07
g(x) = 5.6284e-07
g(x) = 5.4975e-07
g(x) = 5.3696e-07
g(x) = 5.2447e-07
g(x) = 5.1227e-07
g(x) = 5.0037e-07
g(x) = 4.8874e-07
g(x) = 4.7738e-07
g(x) = 4.6629e-07
g(x) = 4.5546e-07
g(x) = 4.4489e-07
g(x) = 4.3456e-07
g(x) = 4.2448e-07
g(x) = 4.1463e-07
g(x) = 4.0501e-07
g(x) = 3.9562e-07
g(x) = 3.8645e-07
g(x) = 3.7749e-07
g(x) = 3.6874e-07
g(x) = 3.602e-07
g(x) = 3.5186e-07
g(x) = 3.4371e-07
g(x) = 3.3575e-07
g(x) = 3.2798e-07
g(x) = 3.2039e-07
g(x) = 3.1298e-07
g(x) = 3.0574e-07
g(x) = 2.9867e-07
g(x) = 2.9177e-07
g(x) = 2.8502e-07
g(x) = 2.7844e-07
g(x) = 2.72e-07
g(x) = 2.6572e-07
g(x) = 2.5958e-07
g(x) = 2.5359e-07
g(x) = 2.4774e-07
g(x) = 2.4202e-07
g(x) = 2.3643e-07
g(x) = 2.3098e-07
g(x) = 2.2565e-07
g(x) = 2.2045e-07
g(x) = 2.1537e-07
g(x) = 2.104e-07
g(x) = 2.0555e-07
g(x) = 2.0082e-07
g(x) = 1.9619e-07
g(x) = 1.9167e-07
g(x) = 1.8726e-07
g(x) = 1.8295e-07
g(x) = 1.7874e-07
g(x) = 1.7462e-07
g(x) = 1.706e-07
g(x) = 1.6668e-07
g(x) = 1.6285e-07
g(x) = 1.591e-07
g(x) = 1.5544e-07
g(x) = 1.5187e-07
g(x) = 1.4838e-07
g(x) = 1.4497e-07
g(x) = 1.4164e-07
g(x) = 1.3839e-07
g(x) = 1.3521e-07
g(x) = 1.321e-07
g(x) = 1.2907e-07
g(x) = 1.2611e-07
g(x) = 1.2321e-07
g(x) = 1.2039e-07
g(x) = 1.1762e-07
g(x) = 1.1493e-07
g(x) = 1.1229e-07
g(x) = 1.0972e-07
g(x) = 1.072e-07
g(x) = 1.0474e-07
g(x) = 1.0234e-07
g(x) = 9.9998e-08
g(x) = 9.7707e-08
g(x) = 9.5469e-08
g(x) = 9.3283e-08
g(x) = 9.1147e-08
g(x) = 8.906e-08
g(x) = 8.7021e-08
g(x) = 8.503e-08
g(x) = 8.3084e-08
g(x) = 8.1183e-08
g(x) = 7.9326e-08
g(x) = 7.7511e-08
g(x) = 7.5739e-08
g(x) = 7.4007e-08
g(x) = 7.2315e-08
g(x) = 7.0662e-08
g(x) = 6.9047e-08
g(x) = 6.7469e-08
g(x) = 6.5928e-08
g(x) = 6.4421e-08
g(x) = 6.295e-08
g(x) = 6.1512e-08
g(x) = 6.0108e-08
g(x) = 5.8735e-08
g(x) = 5.7395e-08
g(x) = 5.6085e-08
g(x) = 5.4805e-08
g(x) = 5.3554e-08
g(x) = 5.2332e-08
g(x) = 5.1139e-08
g(x) = 4.9972e-08
g(x) = 4.8833e-08
g(x) = 4.7719e-08
g(x) = 4.6631e-08
g(x) = 4.5568e-08
g(x) = 4.453e-08
g(x) = 4.3515e-08
g(x) = 4.2523e-08
g(x) = 4.1554e-08
g(x) = 4.0608e-08
g(x) = 3.9683e-08
g(x) = 3.8779e-08
g(x) = 3.7896e-08
g(x) = 3.7033e-08
g(x) = 3.619e-08
g(x) = 3.5366e-08
g(x) = 3.4562e-08
g(x) = 3.3775e-08
g(x) = 3.3007e-08
g(x) = 3.2256e-08
g(x) = 3.1522e-08
g(x) = 3.0805e-08
g(x) = 3.0104e-08
g(x) = 2.942e-08
g(x) = 2.8751e-08
g(x) = 2.8097e-08
g(x) = 2.7459e-08
g(x) = 2.6834e-08
g(x) = 2.6225e-08
g(x) = 2.5629e-08
g(x) = 2.5046e-08
g(x) = 2.4477e-08
g(x) = 2.3921e-08
g(x) = 2.3378e-08
g(x) = 2.2847e-08
g(x) = 2.2328e-08
g(x) = 2.1821e-08
g(x) = 2.1326e-08
g(x) = 2.0842e-08
g(x) = 2.0369e-08
g(x) = 1.9907e-08
g(x) = 1.9455e-08
g(x) = 1.9013e-08
g(x) = 1.8582e-08
g(x) = 1.816e-08
g(x) = 1.7749e-08
g(x) = 1.7346e-08
g(x) = 1.6953e-08
g(x) = 1.6568e-08
g(x) = 1.6193e-08
g(x) = 1.5825e-08
g(x) = 1.5467e-08
g(x) = 1.5116e-08
g(x) = 1.4774e-08
g(x) = 1.4439e-08
g(x) = 1.4112e-08
g(x) = 1.3792e-08
g(x) = 1.3479e-08
g(x) = 1.3174e-08
g(x) = 1.2876e-08
g(x) = 1.2584e-08
g(x) = 1.2299e-08
g(x) = 1.2021e-08
g(x) = 1.1748e-08
g(x) = 1.1482e-08
g(x) = 1.1222e-08
g(x) = 1.0968e-08
g(x) = 1.072e-08
g(x) = 1.0478e-08
g(x) = 1.0241e-08
g(x) = 1.0009e-08
g(x) = 9.7823e-09
g(x) = 9.561e-09
g(x) = 9.3448e-09
g(x) = 9.1334e-09
g(x) = 8.9268e-09
g(x) = 8.725e-09
g(x) = 8.5277e-09
g(x) = 8.3348e-09
g(x) = 8.1464e-09
g(x) = 7.9622e-09
g(x) = 7.7822e-09
g(x) = 7.6063e-09
g(x) = 7.4344e-09
g(x) = 7.2664e-09
g(x) = 7.1022e-09
g(x) = 6.9417e-09
g(x) = 6.7849e-09
g(x) = 6.6316e-09
g(x) = 6.4818e-09
g(x) = 6.3354e-09
g(x) = 6.1923e-09
g(x) = 6.0525e-09
g(x) = 5.9158e-09
g(x) = 5.7822e-09
g(x) = 5.6516e-09
g(x) = 5.524e-09
g(x) = 5.3993e-09
g(x) = 5.2774e-09
g(x) = 5.1583e-09
g(x) = 5.0419e-09
g(x) = 4.9281e-09
g(x) = 4.8169e-09
g(x) = 4.7082e-09
g(x) = 4.602e-09
g(x) = 4.4981e-09
g(x) = 4.3967e-09
g(x) = 4.2975e-09
g(x) = 4.2005e-09
g(x) = 4.1058e-09
g(x) = 4.0132e-09
g(x) = 3.9227e-09
g(x) = 3.8342e-09
g(x) = 3.7478e-09
g(x) = 3.6633e-09
g(x) = 3.5807e-09
g(x) = 3.4999e-09
g(x) = 3.4211e-09
g(x) = 3.3439e-09
g(x) = 3.2686e-09
g(x) = 3.1949e-09
g(x) = 3.1229e-09
g(x) = 3.0525e-09
g(x) = 2.9837e-09
g(x) = 2.9165e-09
g(x) = 2.8508e-09
g(x) = 2.7866e-09
g(x) = 2.7238e-09
g(x) = 2.6624e-09
g(x) = 2.6025e-09
g(x) = 2.5439e-09
g(x) = 2.4866e-09
g(x) = 2.4306e-09
g(x) = 2.3758e-09
g(x) = 2.3223e-09
g(x) = 2.27e-09
g(x) = 2.2189e-09
g(x) = 2.169e-09
g(x) = 2.1201e-09
g(x) = 2.0724e-09
g(x) = 2.0258e-09
g(x) = 1.9802e-09
g(x) = 1.9356e-09
g(x) = 1.892e-09
g(x) = 1.8495e-09
g(x) = 1.8078e-09
g(x) = 1.7672e-09
g(x) = 1.7274e-09
g(x) = 1.6885e-09
g(x) = 1.6505e-09
g(x) = 1.6134e-09
g(x) = 1.5771e-09
g(x) = 1.5416e-09
g(x) = 1.507e-09
g(x) = 1.4731e-09
g(x) = 1.4399e-09
g(x) = 1.4076e-09
g(x) = 1.3759e-09
g(x) = 1.345e-09
g(x) = 1.3147e-09
g(x) = 1.2852e-09
g(x) = 1.2563e-09
g(x) = 1.228e-09
g(x) = 1.2004e-09
g(x) = 1.1734e-09
g(x) = 1.1471e-09
g(x) = 1.1213e-09
g(x) = 1.0961e-09
g(x) = 1.0714e-09
g(x) = 1.0474e-09
g(x) = 1.0238e-09
g(x) = 1.0008e-09
g(x) = 9.7833e-10
g(x) = 9.5635e-10
g(x) = 9.3486e-10
g(x) = 9.1386e-10
g(x) = 8.9333e-10
g(x) = 8.7326e-10
g(x) = 8.5364e-10
g(x) = 8.3447e-10
g(x) = 8.1572e-10
g(x) = 7.974e-10
g(x) = 7.7949e-10
g(x) = 7.6199e-10
g(x) = 7.4487e-10
g(x) = 7.2815e-10
g(x) = 7.118e-10
g(x) = 6.9581e-10
g(x) = 6.8019e-10
g(x) = 6.6492e-10
g(x) = 6.4999e-10
g(x) = 6.354e-10
g(x) = 6.2113e-10
g(x) = 6.0719e-10
g(x) = 5.9356e-10
g(x) = 5.8024e-10
g(x) = 5.6721e-10
g(x) = 5.5448e-10
g(x) = 5.4204e-10
g(x) = 5.2987e-10
g(x) = 5.1798e-10
g(x) = 5.0636e-10
g(x) = 4.9499e-10
g(x) = 4.8389e-10
g(x) = 4.7303e-10
g(x) = 4.6242e-10
g(x) = 4.5204e-10
g(x) = 4.419e-10
g(x) = 4.3199e-10
g(x) = 4.223e-10
g(x) = 4.1282e-10
g(x) = 4.0356e-10
g(x) = 3.9451e-10
g(x) = 3.8566e-10
g(x) = 3.7701e-10
g(x) = 3.6856e-10
g(x) = 3.6029e-10
g(x) = 3.5221e-10
g(x) = 3.4431e-10
g(x) = 3.3659e-10
g(x) = 3.2904e-10
g(x) = 3.2166e-10
g(x) = 3.1445e-10
g(x) = 3.074e-10
g(x) = 3.0051e-10
g(x) = 2.9377e-10
g(x) = 2.8719e-10
g(x) = 2.8075e-10
g(x) = 2.7445e-10
g(x) = 2.683e-10
g(x) = 2.6229e-10
g(x) = 2.5641e-10
g(x) = 2.5066e-10
g(x) = 2.4504e-10
g(x) = 2.3955e-10
g(x) = 2.3418e-10
g(x) = 2.2893e-10
g(x) = 2.238e-10
g(x) = 2.1879e-10
g(x) = 2.1389e-10
g(x) = 2.0909e-10
g(x) = 2.0441e-10
g(x) = 1.9983e-10
g(x) = 1.9535e-10
g(x) = 1.9097e-10
g(x) = 1.8669e-10
g(x) = 1.8251e-10
g(x) = 1.7842e-10
g(x) = 1.7443e-10
g(x) = 1.7052e-10
g(x) = 1.667e-10
g(x) = 1.6296e-10
g(x) = 1.5931e-10
g(x) = 1.5575e-10
g(x) = 1.5226e-10
g(x) = 1.4885e-10
g(x) = 1.4551e-10
g(x) = 1.4225e-10
g(x) = 1.3907e-10
g(x) = 1.3595e-10
g(x) = 1.3291e-10
g(x) = 1.2993e-10
g(x) = 1.2702e-10
g(x) = 1.2418e-10
g(x) = 1.214e-10
g(x) = 1.1868e-10
g(x) = 1.1602e-10
g(x) = 1.1343e-10
g(x) = 1.1089e-10
g(x) = 1.084e-10
g(x) = 1.0598e-10
g(x) = 1.036e-10
g(x) = 1.0129e-10
g(x) = 9.9018e-11
g(x) = 9.6802e-11
g(x) = 9.4635e-11
g(x) = 9.2517e-11
g(x) = 9.0446e-11
g(x) = 8.8422e-11
g(x) = 8.6443e-11
g(x) = 8.4508e-11
g(x) = 8.2617e-11
g(x) = 8.0768e-11
g(x) = 7.896e-11
g(x) = 7.7193e-11
g(x) = 7.5466e-11
g(x) = 7.3777e-11
g(x) = 7.2126e-11
g(x) = 7.0512e-11
g(x) = 6.8934e-11
g(x) = 6.7392e-11
g(x) = 6.5884e-11
g(x) = 6.441e-11
g(x) = 6.2969e-11
g(x) = 6.156e-11
g(x) = 6.0183e-11
g(x) = 5.8836e-11
g(x) = 5.752e-11
g(x) = 5.6233e-11
g(x) = 5.4975e-11
g(x) = 5.3746e-11
g(x) = 5.2543e-11
g(x) = 5.1368e-11
g(x) = 5.0219e-11
g(x) = 4.9096e-11
g(x) = 4.7998e-11
g(x) = 4.6924e-11
g(x) = 4.5875e-11
g(x) = 4.4849e-11
g(x) = 4.3845e-11
g(x) = 4.2865e-11
g(x) = 4.1906e-11
g(x) = 4.0969e-11
g(x) = 4.0053e-11
g(x) = 3.9157e-11
g(x) = 3.8282e-11
g(x) = 3.7426e-11
g(x) = 3.6589e-11
g(x) = 3.5771e-11
g(x) = 3.4971e-11
g(x) = 3.4189e-11
g(x) = 3.3424e-11
g(x) = 3.2677e-11
g(x) = 3.1946e-11
g(x) = 3.1232e-11
g(x) = 3.0534e-11
g(x) = 2.9851e-11
g(x) = 2.9184e-11
g(x) = 2.8532e-11
g(x) = 2.7894e-11
g(x) = 2.727e-11
g(x) = 2.6661e-11
g(x) = 2.6065e-11
g(x) = 2.5482e-11
g(x) = 2.4912e-11
g(x) = 2.4355e-11
g(x) = 2.3811e-11
g(x) = 2.3279e-11
g(x) = 2.2759e-11
g(x) = 2.225e-11
g(x) = 2.1753e-11
g(x) = 2.1266e-11
g(x) = 2.0791e-11
g(x) = 2.0326e-11
g(x) = 1.9872e-11
g(x) = 1.9428e-11
g(x) = 1.8994e-11
g(x) = 1.8569e-11
g(x) = 1.8154e-11
g(x) = 1.7749e-11
g(x) = 1.7352e-11
g(x) = 1.6964e-11
g(x) = 1.6585e-11
g(x) = 1.6215e-11
g(x) = 1.5852e-11
g(x) = 1.5498e-11
g(x) = 1.5152e-11
g(x) = 1.4813e-11
g(x) = 1.4482e-11
g(x) = 1.4159e-11
g(x) = 1.3843e-11
g(x) = 1.3533e-11
g(x) = 1.3231e-11
g(x) = 1.2935e-11
g(x) = 1.2646e-11
g(x) = 1.2364e-11
g(x) = 1.2088e-11
g(x) = 1.1818e-11
g(x) = 1.1554e-11
g(x) = 1.1296e-11
g(x) = 1.1043e-11
g(x) = 1.0797e-11
g(x) = 1.0555e-11
g(x) = 1.032e-11
g(x) = 1.0089e-11
g(x) = 9.8637e-12
g(x) = 9.6434e-12
g(x) = 9.428e-12
g(x) = 9.2174e-12
g(x) = 9.0116e-12
g(x) = 8.8103e-12
g(x) = 8.6135e-12
g(x) = 8.4212e-12
g(x) = 8.2331e-12
g(x) = 8.0492e-12
g(x) = 7.8695e-12
g(x) = 7.6937e-12
g(x) = 7.5219e-12
g(x) = 7.3539e-12
g(x) = 7.1897e-12
g(x) = 7.0291e-12
g(x) = 6.8722e-12
g(x) = 6.7187e-12
g(x) = 6.5687e-12
g(x) = 6.422e-12
g(x) = 6.2786e-12
g(x) = 6.1384e-12
g(x) = 6.0014e-12
g(x) = 5.8674e-12
g(x) = 5.7364e-12
g(x) = 5.6083e-12
g(x) = 5.4831e-12
g(x) = 5.3606e-12
g(x) = 5.241e-12
g(x) = 5.1239e-12
g(x) = 5.0095e-12
g(x) = 4.8977e-12
g(x) = 4.7884e-12
g(x) = 4.6815e-12
g(x) = 4.5769e-12
g(x) = 4.4748e-12
g(x) = 4.3749e-12
g(x) = 4.2772e-12
g(x) = 4.1817e-12
g(x) = 4.0884e-12
g(x) = 3.9971e-12
g(x) = 3.9079e-12
g(x) = 3.8207e-12
g(x) = 3.7354e-12
g(x) = 3.652e-12
g(x) = 3.5705e-12
g(x) = 3.4908e-12
g(x) = 3.4129e-12
g(x) = 3.3367e-12
g(x) = 3.2622e-12
g(x) = 3.1894e-12
g(x) = 3.1182e-12
g(x) = 3.0486e-12
g(x) = 2.9806e-12
g(x) = 2.914e-12
g(x) = 2.849e-12
g(x) = 2.7854e-12
g(x) = 2.7233e-12
g(x) = 2.6625e-12
g(x) = 2.6031e-12
g(x) = 2.545e-12
g(x) = 2.4882e-12
g(x) = 2.4326e-12
g(x) = 2.3784e-12
g(x) = 2.3253e-12
g(x) = 2.2734e-12
g(x) = 2.2227e-12
g(x) = 2.1731e-12
g(x) = 2.1246e-12
g(x) = 2.0772e-12
g(x) = 2.0308e-12
g(x) = 1.9855e-12
g(x) = 1.9412e-12
g(x) = 1.8979e-12
g(x) = 1.8555e-12
g(x) = 1.8141e-12
g(x) = 1.7736e-12
g(x) = 1.7341e-12
g(x) = 1.6954e-12
g(x) = 1.6575e-12
g(x) = 1.6206e-12
g(x) = 1.5844e-12
g(x) = 1.5491e-12
g(x) = 1.5145e-12
g(x) = 1.4807e-12
g(x) = 1.4477e-12
g(x) = 1.4154e-12
g(x) = 1.3838e-12
g(x) = 1.3529e-12
g(x) = 1.3227e-12
g(x) = 1.2932e-12
g(x) = 1.2644e-12
g(x) = 1.2362e-12
g(x) = 1.2086e-12
g(x) = 1.1816e-12
g(x) = 1.1553e-12
g(x) = 1.1295e-12
g(x) = 1.1043e-12
g(x) = 1.0797e-12
g(x) = 1.0556e-12
g(x) = 1.032e-12
g(x) = 1.009e-12
g(x) = 9.8651e-13
g(x) = 9.645e-13
g(x) = 9.4299e-13
g(x) = 9.2196e-13
g(x) = 9.0139e-13
g(x) = 8.8128e-13
g(x) = 8.6163e-13
g(x) = 8.4241e-13
g(x) = 8.2362e-13
g(x) = 8.0525e-13
g(x) = 7.8729e-13
g(x) = 7.6973e-13
g(x) = 7.5256e-13
g(x) = 7.3578e-13
g(x) = 7.1936e-13
g(x) = 7.0332e-13
g(x) = 6.8763e-13
g(x) = 6.723e-13
g(x) = 6.573e-13
g(x) = 6.4264e-13
g(x) = 6.2831e-13
g(x) = 6.143e-13
g(x) = 6.006e-13
g(x) = 5.8721e-13
g(x) = 5.7411e-13
g(x) = 5.6131e-13
g(x) = 5.4879e-13
g(x) = 5.3655e-13
g(x) = 5.2458e-13
g(x) = 5.1289e-13
g(x) = 5.0145e-13
g(x) = 4.9027e-13
g(x) = 4.7933e-13
g(x) = 4.6864e-13
g(x) = 4.5819e-13
g(x) = 4.4798e-13
g(x) = 4.3799e-13
g(x) = 4.2822e-13
g(x) = 4.1867e-13
g(x) = 4.0934e-13
g(x) = 4.0021e-13
g(x) = 3.9129e-13
g(x) = 3.8256e-13
g(x) = 3.7403e-13
g(x) = 3.6569e-13
g(x) = 3.5754e-13
g(x) = 3.4956e-13
g(x) = 3.4177e-13
g(x) = 3.3415e-13
g(x) = 3.267e-13
g(x) = 3.1942e-13
g(x) = 3.1229e-13
g(x) = 3.0533e-13
g(x) = 2.9852e-13
g(x) = 2.9187e-13
g(x) = 2.8536e-13
g(x) = 2.79e-13
g(x) = 2.7278e-13
g(x) = 2.667e-13
g(x) = 2.6075e-13
g(x) = 2.5494e-13
g(x) = 2.4925e-13
g(x) = 2.437e-13
g(x) = 2.3826e-13
g(x) = 2.3295e-13
g(x) = 2.2776e-13
g(x) = 2.2268e-13
g(x) = 2.1772e-13
g(x) = 2.1286e-13
g(x) = 2.0812e-13
g(x) = 2.0348e-13
g(x) = 1.9894e-13
g(x) = 1.9451e-13
g(x) = 1.9017e-13
g(x) = 1.8593e-13
g(x) = 1.8179e-13
g(x) = 1.7773e-13
g(x) = 1.7377e-13
g(x) = 1.699e-13
g(x) = 1.6611e-13
g(x) = 1.6241e-13
g(x) = 1.5879e-13
g(x) = 1.5525e-13
g(x) = 1.5179e-13
g(x) = 1.484e-13
g(x) = 1.451e-13
g(x) = 1.4186e-13
g(x) = 1.387e-13
g(x) = 1.3561e-13
g(x) = 1.3259e-13
g(x) = 1.2963e-13
g(x) = 1.2674e-13
g(x) = 1.2392e-13
g(x) = 1.2115e-13
g(x) = 1.1845e-13
g(x) = 1.1581e-13
g(x) = 1.1323e-13
g(x) = 1.1071e-13
g(x) = 1.0824e-13
g(x) = 1.0583e-13
g(x) = 1.0347e-13
g(x) = 1.0116e-13
g(x) = 9.8909e-14
g(x) = 9.6705e-14
g(x) = 9.455e-14
g(x) = 9.2442e-14
g(x) = 9.0382e-14
g(x) = 8.8368e-14
g(x) = 8.6398e-14
g(x) = 8.4473e-14
g(x) = 8.259e-14
g(x) = 8.0749e-14
g(x) = 7.895e-14
g(x) = 7.719e-14
g(x) = 7.547e-14
g(x) = 7.3788e-14
g(x) = 7.2144e-14
g(x) = 7.0536e-14
g(x) = 6.8964e-14
g(x) = 6.7427e-14
g(x) = 6.5925e-14
g(x) = 6.4456e-14
g(x) = 6.3019e-14
g(x) = 6.1615e-14
g(x) = 6.0242e-14
g(x) = 5.8899e-14
g(x) = 5.7587e-14
g(x) = 5.6303e-14
g(x) = 5.5049e-14
g(x) = 5.3822e-14
g(x) = 5.2623e-14
g(x) = 5.145e-14
g(x) = 5.0304e-14
g(x) = 4.9183e-14
g(x) = 4.8087e-14
g(x) = 4.7015e-14
g(x) = 4.5968e-14
g(x) = 4.4943e-14
g(x) = 4.3942e-14
g(x) = 4.2963e-14
g(x) = 4.2005e-14
g(x) = 4.1069e-14
g(x) = 4.0154e-14
g(x) = 3.926e-14
g(x) = 3.8385e-14
g(x) = 3.753e-14
g(x) = 3.6693e-14
g(x) = 3.5876e-14
g(x) = 3.5076e-14
g(x) = 3.4295e-14
g(x) = 3.3531e-14
g(x) = 3.2784e-14
g(x) = 3.2053e-14
g(x) = 3.1339e-14
g(x) = 3.0641e-14
g(x) = 2.9958e-14
g(x) = 2.9291e-14
g(x) = 2.8638e-14
g(x) = 2.8e-14
g(x) = 2.7376e-14
g(x) = 2.6766e-14
g(x) = 2.617e-14
g(x) = 2.5587e-14
g(x) = 2.5017e-14
g(x) = 2.4459e-14
g(x) = 2.3914e-14
g(x) = 2.3382e-14
g(x) = 2.2861e-14
g(x) = 2.2351e-14
g(x) = 2.1853e-14
g(x) = 2.1367e-14
g(x) = 2.0891e-14
g(x) = 2.0425e-14
g(x) = 1.997e-14
g(x) = 1.9525e-14
g(x) = 1.909e-14
g(x) = 1.8665e-14
g(x) = 1.8249e-14
g(x) = 1.7843e-14
g(x) = 1.7445e-14
g(x) = 1.7056e-14
g(x) = 1.6676e-14
g(x) = 1.6305e-14
g(x) = 1.5942e-14
g(x) = 1.5587e-14
g(x) = 1.5239e-14
g(x) = 1.49e-14
g(x) = 1.4568e-14
g(x) = 1.4243e-14
g(x) = 1.3926e-14
g(x) = 1.3616e-14
g(x) = 1.3313e-14
g(x) = 1.3016e-14
g(x) = 1.2726e-14
g(x) = 1.2443e-14
g(x) = 1.2165e-14
g(x) = 1.1894e-14
g(x) = 1.163e-14
g(x) = 1.137e-14
g(x) = 1.1117e-14
g(x) = 1.087e-14
g(x) = 1.0627e-14
g(x) = 1.0391e-14
g(x) = 1.0159e-14
g(x) = 9.933e-15
g(x) = 9.7117e-15
g(x) = 9.4954e-15
g(x) = 9.2839e-15
g(x) = 9.0771e-15
g(x) = 8.8749e-15
g(x) = 8.6772e-15
g(x) = 8.4839e-15
g(x) = 8.295e-15
g(x) = 8.1102e-15
g(x) = 7.9296e-15
g(x) = 7.7529e-15
g(x) = 7.5803e-15
g(x) = 7.4114e-15
g(x) = 7.2463e-15
g(x) = 7.0849e-15
g(x) = 6.9271e-15
g(x) = 6.7728e-15
g(x) = 6.622e-15
g(x) = 6.4745e-15
g(x) = 6.3303e-15
g(x) = 6.1893e-15
g(x) = 6.0515e-15
g(x) = 5.9167e-15
g(x) = 5.7849e-15
g(x) = 5.6561e-15
g(x) = 5.5301e-15
g(x) = 5.4069e-15
g(x) = 5.2865e-15
g(x) = 5.1687e-15
g(x) = 5.0536e-15
g(x) = 4.9411e-15
g(x) = 4.831e-15
g(x) = 4.7234e-15
g(x) = 4.6182e-15
g(x) = 4.5154e-15
g(x) = 4.4148e-15
g(x) = 4.3165e-15
g(x) = 4.2204e-15
g(x) = 4.1264e-15
g(x) = 4.0345e-15
g(x) = 3.9446e-15
g(x) = 3.8568e-15
g(x) = 3.7709e-15
g(x) = 3.6869e-15
g(x) = 3.6048e-15
g(x) = 3.5245e-15
g(x) = 3.446e-15
g(x) = 3.3693e-15
g(x) = 3.2942e-15
g(x) = 3.2209e-15
g(x) = 3.1492e-15
g(x) = 3.079e-15
g(x) = 3.0105e-15
g(x) = 2.9434e-15
g(x) = 2.8779e-15
g(x) = 2.8138e-15
g(x) = 2.7511e-15
g(x) = 2.6898e-15
g(x) = 2.6299e-15
g(x) = 2.5714e-15
g(x) = 2.5141e-15
g(x) = 2.4581e-15
g(x) = 2.4034e-15
g(x) = 2.3499e-15
g(x) = 2.2975e-15
g(x) = 2.2464e-15
g(x) = 2.1964e-15
g(x) = 2.1474e-15
g(x) = 2.0996e-15
g(x) = 2.0529e-15
g(x) = 2.0072e-15
g(x) = 1.9625e-15
g(x) = 1.9188e-15
g(x) = 1.876e-15
g(x) = 1.8343e-15
g(x) = 1.7934e-15
g(x) = 1.7535e-15
g(x) = 1.7144e-15
g(x) = 1.6763e-15
g(x) = 1.6389e-15
g(x) = 1.6024e-15
g(x) = 1.5668e-15
g(x) = 1.5319e-15
g(x) = 1.4978e-15
g(x) = 1.4644e-15
g(x) = 1.4318e-15
g(x) = 1.3999e-15
g(x) = 1.3687e-15
g(x) = 1.3383e-15
g(x) = 1.3085e-15
g(x) = 1.2793e-15
g(x) = 1.2508e-15
g(x) = 1.223e-15
g(x) = 1.1958e-15
g(x) = 1.1691e-15
g(x) = 1.1431e-15
g(x) = 1.1177e-15
g(x) = 1.0928e-15
g(x) = 1.0684e-15
g(x) = 1.0446e-15
g(x) = 1.0214e-15
g(x) = 9.9865e-16

--------------------------------
        Initial Matrices        
--------------------------------

M_0^0 = { { (+0.32216,+0.00000), (-0.04724,+0.23679), (+0.26885,-0.01219), (-0.27350,+0.07045), (-0.03840,-0.08003)},
          { (-0.04724,-0.23679), (+0.18097,+0.00000), (-0.04838,-0.19582), (+0.09188,+0.19069), (-0.05319,+0.03996)},
          { (+0.26885,+0.01219), (-0.04838,+0.19582), (+0.22483,+0.00000), (-0.23091,+0.04844), (-0.02902,-0.06824)},
          { (-0.27350,-0.07045), (+0.09188,-0.19069), (-0.23091,-0.04844), (+0.24759,+0.00000), (+0.01510,+0.07634)},
          { (-0.03840,+0.08003), (-0.05319,-0.03996), (-0.02902,+0.06824), (+0.01510,-0.07634), (+0.02446,+0.00000)} } 

|M^2-M|  = 0.00000
tr(M^2-M)  = (-0.00000,0.00000)
is M PD? = 0

M_1^0 = { { (+0.13971,+0.00000), (+0.05269,-0.07693), (-0.26735,-0.04295), (-0.15906,-0.01270), (+0.06944,-0.08884)},
          { (+0.05269,+0.07693), (+0.06223,+0.00000), (-0.07718,-0.16341), (-0.05299,-0.09238), (+0.07511,+0.00473)},
          { (-0.26735,+0.04295), (-0.07718,+0.16341), (+0.52481,+0.00000), (+0.30828,-0.02459), (-0.10557,+0.19136)},
          { (-0.15906,+0.01270), (-0.05299,+0.09238), (+0.30828,+0.02459), (+0.18224,+0.00000), (-0.07098,+0.10746)},
          { (+0.06944,+0.08884), (+0.07511,-0.00473), (-0.10557,-0.19136), (-0.07098,-0.10746), (+0.09101,+0.00000)} } 

|M^2-M|  = 0.00000
tr(M^2-M)  = (0.00000,0.00000)
is M PD? = 0

M_2^0 = { { (+0.30464,+0.00000), (+0.16036,-0.27358), (+0.08990,+0.05876), (+0.13838,-0.14463), (-0.21402,+0.11776)},
          { (+0.16036,+0.27358), (+0.33010,+0.00000), (-0.00544,+0.11167), (+0.20272,+0.04814), (-0.21842,-0.13020)},
          { (+0.08990,-0.05876), (-0.00544,-0.11167), (+0.03786,+0.00000), (+0.01295,-0.06937), (-0.04045,+0.07603)},
          { (+0.13838,+0.14463), (+0.20272,-0.04814), (+0.01295,+0.06937), (+0.13152,+0.00000), (-0.15313,-0.04811)},
          { (-0.21402,-0.11776), (-0.21842,+0.13020), (-0.04045,-0.07603), (-0.15313,+0.04811), (+0.19588,+0.00000)} } 

|M^2-M|  = 0.00000
tr(M^2-M)  = (0.00000,0.00000)
is M PD? = 0

M_3^0 = { { (+0.22310,+0.00000), (-0.16952,+0.05972), (-0.05162,-0.02531), (+0.29565,+0.09494), (+0.20236,-0.01858)},
          { (-0.16952,-0.05972), (+0.14480,+0.00000), (+0.03244,+0.03305), (-0.19923,-0.15128), (-0.15873,-0.04006)},
          { (-0.05162,+0.02531), (+0.03244,-0.03305), (+0.01481,+0.00000), (-0.07917,+0.01158), (-0.04471,+0.02726)},
          { (+0.29565,-0.09494), (-0.19923,+0.15128), (-0.07917,-0.01158), (+0.43220,+0.00000), (+0.26026,-0.11073)},
          { (+0.20236,+0.01858), (-0.15873,+0.04006), (-0.04471,-0.02726), (+0.26026,+0.11073), (+0.18509,+0.00000)} } 

|M^2-M|  = 0.00000
tr(M^2-M)  = (0.00000,0.00000)
is M PD? = 0

M_4^0 = { { (+0.01039,+0.00000), (+0.00370,+0.05399), (-0.03979,+0.02170), (-0.00148,-0.00805), (-0.01938,+0.06969)},
          { (+0.00370,-0.05399), (+0.28191,+0.00000), (+0.09855,+0.21451), (-0.04238,+0.00483), (+0.35523,+0.12557)},
          { (-0.03979,-0.02170), (+0.09855,-0.21451), (+0.19769,+0.00000), (-0.01114,+0.03394), (+0.21974,-0.22641)},
          { (-0.00148,+0.00805), (-0.04238,-0.00483), (-0.01114,-0.03394), (+0.00645,+0.00000), (-0.05126,-0.02496)},
          { (-0.01938,-0.06969), (+0.35523,-0.12557), (+0.21974,+0.22641), (-0.05126,+0.02496), (+0.50356,+0.00000)} } 

|M^2-M|  = 0.00000
tr(M^2-M)  = (-0.00000,0.00000)
is M PD? = 0

M_0^1 = { { (+0.07345,+0.00000), (-0.01285,+0.05129), (+0.12022,+0.00248), (+0.06956,-0.17916), (+0.11764,-0.00463)},
          { (-0.01285,-0.05129), (+0.03806,+0.00000), (-0.01930,-0.08439), (-0.13728,-0.01723), (-0.02381,-0.08134)},
          { (+0.12022,-0.00248), (-0.01930,+0.08439), (+0.19686,+0.00000), (+0.10781,-0.29560), (+0.19240,-0.01155)},
          { (+0.06956,+0.17916), (-0.13728,+0.01723), (+0.10781,+0.29560), (+0.50291,+0.00000), (+0.12271,+0.28258)},
          { (+0.11764,+0.00463), (-0.02381,+0.08134), (+0.19240,+0.01155), (+0.12271,-0.28258), (+0.18872,+0.00000)} } 

|M^2-M|  = 0.00000
tr(M^2-M)  = (0.00000,0.00000)
is M PD? = 0

M_1^1 = { { (+0.37665,+0.00000), (+0.22963,-0.34497), (+0.09211,+0.04333), (+0.04190,+0.16306), (+0.06322,-0.14263)},
          { (+0.22963,+0.34497), (+0.45596,+0.00000), (+0.01647,+0.11079), (-0.12380,+0.13779), (+0.16918,-0.02906)},
          { (+0.09211,-0.04333), (+0.01647,-0.11079), (+0.02751,+0.00000), (+0.02901,+0.03506), (-0.00095,-0.04216)},
          { (+0.04190,-0.16306), (-0.12380,-0.13779), (+0.02901,-0.03506), (+0.07525,+0.00000), (-0.05472,-0.04324)},
          { (+0.06322,+0.14263), (+0.16918,+0.02906), (-0.00095,+0.04216), (-0.05472,+0.04324), (+0.06462,+0.00000)} } 

|M^2-M|  = 0.00000
tr(M^2-M)  = (-0.00000,0.00000)
is M PD? = 0

M_2^1 = { { (+0.18689,+0.00000), (-0.15632,-0.04459), (-0.24418,+0.05664), (-0.15469,-0.07113), (+0.12254,+0.13676)},
          { (-0.15632,+0.04459), (+0.14139,+0.00000), (+0.19073,-0.10563), (+0.14635,+0.02260), (-0.13512,-0.08516)},
          { (-0.24418,-0.05664), (+0.19073,+0.10563), (+0.33619,+0.00000), (+0.18054,+0.13982), (-0.11865,-0.21582)},
          { (-0.15469,+0.07113), (+0.14635,-0.02260), (+0.18054,-0.13982), (+0.15510,+0.00000), (-0.15347,-0.06655)},
          { (+0.12254,-0.13676), (-0.13512,+0.08516), (-0.11865,+0.21582), (-0.15347,+0.06655), (+0.18042,+0.00000)} } 

|M^2-M|  = 0.00000
tr(M^2-M)  = (-0.00000,0.00000)
is M PD? = 0

M_3^1 = { { (+0.19891,+0.00000), (-0.07249,+0.14081), (+0.20880,-0.04938), (-0.11716,+0.09023), (-0.19240,+0.17129)},
          { (-0.07249,-0.14081), (+0.12610,+0.00000), (-0.11106,-0.12981), (+0.10657,+0.05005), (+0.19138,+0.07377)},
          { (+0.20880,+0.04938), (-0.11106,+0.12981), (+0.23145,+0.00000), (-0.14539,+0.06563), (-0.24450,+0.13204)},
          { (-0.11716,-0.09023), (+0.10657,-0.05005), (-0.14539,-0.06563), (+0.10994,+0.00000), (+0.19103,-0.01362)},
          { (-0.19240,-0.17129), (+0.19138,-0.07377), (-0.24450,-0.13204), (+0.19103,+0.01362), (+0.33361,+0.00000)} } 

|M^2-M|  = 0.00000
tr(M^2-M)  = (-0.00000,0.00000)
is M PD? = 0

M_4^1 = { { (+0.16410,+0.00000), (+0.01203,+0.19746), (-0.17695,-0.05307), (+0.16038,-0.00300), (-0.11100,-0.16079)},
          { (+0.01203,-0.19746), (+0.23849,+0.00000), (-0.07684,+0.20904), (+0.00816,-0.19321), (-0.20162,+0.12178)},
          { (-0.17695,+0.05307), (-0.07684,-0.20904), (+0.20798,+0.00000), (-0.17198,+0.05510), (+0.17170,+0.13749)},
          { (+0.16038,+0.00300), (+0.00816,+0.19321), (-0.17198,-0.05510), (+0.15680,+0.00000), (-0.10555,-0.15917)},
          { (-0.11100,+0.16079), (-0.20162,-0.12178), (+0.17170,-0.13749), (-0.10555,+0.15917), (+0.23263,+0.00000)} } 

|M^2-M|  = 0.00000
tr(M^2-M)  = (0.00000,0.00000)
is M PD? = 0

|X^2-X|  = 0.00000
tr(X^2-X)  = 0.00000
isPD(X) = 0
isPSD(X) = 0

----------------------------------
         Iteration 0
----------------------------------
f = -22.26194   r = 13.00737 ?< 10000000000.00000   g = 0.00000

----------------------------------
         Iteration 1
----------------------------------
f = -22.26194   r = 17.94970 ?< 1000000000.00000   g = 0.00000

----------------------------------
         Iteration 2
----------------------------------
f = -22.26194   r = 18.61187 ?< 100000000.00000   g = 0.00000

----------------------------------
         Iteration 3
----------------------------------
f = -22.26194   r = 18.67918 ?< 10000000.00000   g = 0.00000

----------------------------------
         Iteration 4
----------------------------------
f = -22.26194   r = 18.68592 ?< 1000000.00000   g = 0.00000

----------------------------------
         Iteration 5
----------------------------------
f = -22.26194   r = 18.68660 ?< 100000.00000   g = 0.00000

----------------------------------
         Iteration 6
----------------------------------
f = -22.26194   r = 18.68666 ?< 10000.00000   g = 0.00000

----------------------------------
         Iteration 7
----------------------------------
f = -22.26194   r = 18.68667 ?< 1000.00000   g = 0.00000

----------------------------------
         Iteration 8
----------------------------------
f = -22.26194   r = 18.68667 ?< 100.00000   g = 0.00000

----------------------------------
         Iteration 9
----------------------------------
f = -22.26194   r = 18.68667 ?< 10.00000   g = 0.00000
f = -22.27885   r = 13.20101 ?< 10.00000   g = 0.00167
f = -22.28857   r = 9.39060 ?< 10.00000   g = 0.00228

----------------------------------
         Iteration 10
----------------------------------
f = -22.28857   r = 9.39060 ?< 1.00000   g = 0.00228
f = -22.30484   r = 6.75362 ?< 1.00000   g = 0.00393
f = -22.31769   r = 4.85009 ?< 1.00000   g = 0.00454
f = -22.32752   r = 3.48976 ?< 1.00000   g = 0.00493
f = -22.33489   r = 2.51690 ?< 1.00000   g = 0.00608
f = -22.34216   r = 1.91246 ?< 1.00000   g = 0.02217
f = -22.34729   r = 1.54851 ?< 1.00000   g = 0.11385
f = -22.35295   r = 1.28302 ?< 1.00000   g = 0.20330
f = -22.34598   r = 1.26263 ?< 1.00000   g = 1.30830
f = -22.34362   r = 1.12715 ?< 1.00000   g = 1.48491
f = -22.33886   r = 1.09850 ?< 1.00000   g = 2.23288
f = -22.35188   r = 0.93301 ?< 1.00000   g = 2.23889

----------------------------------
         Iteration 11
----------------------------------
f = -22.35188   r = 0.93301 ?< 0.10000   g = 2.23889
f = -22.35549   r = 0.71766 ?< 0.10000   g = 1.70900
f = -22.35769   r = 0.53202 ?< 0.10000   g = 1.28767
f = -22.35898   r = 0.38573 ?< 0.10000   g = 0.96393
f = -22.35973   r = 0.27655 ?< 0.10000   g = 0.71861
f = -22.36014   r = 0.19720 ?< 0.10000   g = 0.53412
f = -22.36038   r = 0.14031 ?< 0.10000   g = 0.39615
f = -22.36051   r = 0.09981 ?< 0.10000   g = 0.29337

----------------------------------
         Iteration 12
----------------------------------
f = -22.36051   r = 0.09981 ?< 0.01000   g = 0.29337
f = -22.36059   r = 0.06989 ?< 0.01000   g = 0.21668
f = -22.36063   r = 0.04897 ?< 0.01000   g = 0.15990
f = -22.36066   r = 0.03442 ?< 0.01000   g = 0.11797
f = -22.36067   r = 0.02426 ?< 0.01000   g = 0.08706
f = -22.36067   r = 0.01716 ?< 0.01000   g = 0.06435
f = -22.36068   r = 0.01220 ?< 0.01000   g = 0.04772
f = -22.36068   r = 0.01188 ?< 0.01000   g = 0.04634
f = -22.36068   r = 0.01153 ?< 0.01000   g = 0.04501
f = -22.36068   r = 0.01117 ?< 0.01000   g = 0.04372
f = -22.36068   r = 0.01081 ?< 0.01000   g = 0.04246
f = -22.36068   r = 0.01046 ?< 0.01000   g = 0.04124
f = -22.36068   r = 0.01040 ?< 0.01000   g = 0.04112
f = -22.36068   r = 0.01033 ?< 0.01000   g = 0.04100
f = -22.36068   r = 0.01027 ?< 0.01000   g = 0.04088
f = -22.36068   r = 0.01024 ?< 0.01000   g = 0.04087
f = -22.36068   r = 0.01022 ?< 0.01000   g = 0.04085
f = -22.36068   r = 0.01020 ?< 0.01000   g = 0.04084
f = -22.36068   r = 0.01019 ?< 0.01000   g = 0.04084
f = -22.36068   r = 0.01018 ?< 0.01000   g = 0.04084
f = -22.36068   r = 0.01017 ?< 0.01000   g = 0.04084
f = -22.36068   r = 0.01017 ?< 0.01000   g = 0.04084
f = -22.36068   r = 0.01016 ?< 0.01000   g = 0.04084
f = -22.36068   r = 0.01016 ?< 0.01000   g = 0.04084
f = -22.36068   r = 0.01015 ?< 0.01000   g = 0.04083
f = -22.36068   r = 0.01015 ?< 0.01000   g = 0.04083
f = -22.36068   r = 0.01015 ?< 0.01000   g = 0.04083
f = -22.36068   r = 0.01015 ?< 0.01000   g = 0.04083
f = -22.36068   r = 0.00721 ?< 0.01000   g = 0.03011

----------------------------------
         Iteration 13
----------------------------------
f = -22.36068   r = 0.00721 ?< 0.00100   g = 0.03011
f = -22.36068   r = 0.00517 ?< 0.00100   g = 0.02230
f = -22.36068   r = 0.00375 ?< 0.00100   g = 0.01664
f = -22.36068   r = 0.00286 ?< 0.00100   g = 0.01263
f = -22.36068   r = 0.00283 ?< 0.00100   g = 0.00994
f = -22.36068   r = 0.00780 ?< 0.00100   g = 0.00811
f = -22.36067   r = 0.01003 ?< 0.00100   g = 0.00604
f = -22.36067   r = 0.00760 ?< 0.00100   g = 0.00451
f = -22.36067   r = 0.00597 ?< 0.00100   g = 0.00333
f = -22.36068   r = 0.00419 ?< 0.00100   g = 0.00246
f = -22.36068   r = 0.00309 ?< 0.00100   g = 0.00181
f = -22.36068   r = 0.00208 ?< 0.00100   g = 0.00134
f = -22.36068   r = 0.00155 ?< 0.00100   g = 0.00099
f = -22.36068   r = 0.00110 ?< 0.00100   g = 0.00075
f = -22.36068   r = 0.00104 ?< 0.00100   g = 0.00056
f = -22.36068   r = 0.00098 ?< 0.00100   g = 0.00042

----------------------------------
         Iteration 14
----------------------------------
f = -22.36068   r = 0.00098 ?< 0.00010   g = 0.00042
f = -22.36068   r = 0.00094 ?< 0.00010   g = 0.00031
f = -22.36068   r = 0.00066 ?< 0.00010   g = 0.00023
f = -22.36068   r = 0.00054 ?< 0.00010   g = 0.00017
f = -22.36068   r = 0.00038 ?< 0.00010   g = 0.00012
f = -22.36068   r = 0.00028 ?< 0.00010   g = 0.00009
f = -22.36068   r = 0.00021 ?< 0.00010   g = 0.00007
f = -22.36068   r = 0.00015 ?< 0.00010   g = 0.00005
f = -22.36068   r = 0.00012 ?< 0.00010   g = 0.00004
f = -22.36068   r = 0.00011 ?< 0.00010   g = 0.00003
f = -22.36068   r = 0.00022 ?< 0.00010   g = 0.00002
f = -22.36068   r = 0.00023 ?< 0.00010   g = 0.00002
f = -22.36068   r = 0.00016 ?< 0.00010   g = 0.00001
f = -22.36068   r = 0.00015 ?< 0.00010   g = 0.00001
f = -22.36068   r = 0.00013 ?< 0.00010   g = 0.00001
f = -22.36068   r = 0.00012 ?< 0.00010   g = 0.00000
f = -22.36068   r = 0.00013 ?< 0.00010   g = 0.00000
f = -22.36068   r = 0.00012 ?< 0.00010   g = 0.00000
f = -22.36068   r = 0.00010 ?< 0.00010   g = 0.00000
f = -22.36068   r = 0.00009 ?< 0.00010   g = 0.00000

----------------------------------
         Iteration 15
----------------------------------
f = -22.36068   r = 0.00009 ?< 0.00001   g = 0.00000
f = -22.36068   r = 0.00007 ?< 0.00001   g = 0.00000
f = -22.36068   r = 0.00005 ?< 0.00001   g = 0.00000
f = -22.36068   r = 0.00004 ?< 0.00001   g = 0.00000
f = -22.36068   r = 0.00003 ?< 0.00001   g = 0.00000
f = -22.36068   r = 0.00002 ?< 0.00001   g = 0.00000
f = -22.36068   r = 0.00001 ?< 0.00001   g = 0.00000
f = -22.36068   r = 0.00001 ?< 0.00001   g = 0.00000
f = -22.36068   r = 0.00001 ?< 0.00001   g = 0.00000
f = -22.36068   r = 0.00001 ?< 0.00001   g = 0.00000

--------------------------------
      Final Z 
--------------------------------

Z_0^0 = { { (+0.00000,-0.00000), (+0.00000,-0.00000), (-0.00000,-0.00000), (-0.00000,-0.00000), (-0.00000,+0.00000)},
          { (+0.00000,+0.00000), (+0.00000,-0.00000), (-0.00000,-0.00000), (-0.00000,-0.00000), (+0.00000,+0.00000)},
          { (-0.00000,+0.00000), (-0.00000,+0.00000), (+0.00000,-0.00000), (+0.00000,-0.00000), (-0.00000,+0.00000)},
          { (-0.00000,+0.00000), (-0.00000,+0.00000), (+0.00000,+0.00000), (+0.00000,+0.00000), (+0.00000,+0.00000)},
          { (-0.00000,-0.00000), (+0.00000,-0.00000), (-0.00000,-0.00000), (+0.00000,-0.00000), (+0.00000,-0.00000)} } 

Z_1^0 = { { (+0.00000,+0.00000), (+0.00000,-0.00000), (+0.00000,+0.00000), (+0.00000,-0.00000), (-0.00000,+0.00000)},
          { (+0.00000,+0.00000), (+0.00000,-0.00000), (+0.00000,+0.00000), (+0.00000,+0.00000), (-0.00000,-0.00000)},
          { (+0.00000,-0.00000), (+0.00000,-0.00000), (+0.00000,-0.00000), (+0.00000,-0.00000), (-0.00000,+0.00000)},
          { (+0.00000,+0.00000), (+0.00000,-0.00000), (+0.00000,+0.00000), (+0.00000,+0.00000), (-0.00000,+0.00000)},
          { (-0.00000,-0.00000), (-0.00000,+0.00000), (-0.00000,-0.00000), (-0.00000,-0.00000), (+0.00000,-0.00000)} } 

Z_2^0 = { { (+0.00000,-0.00000), (-0.00000,+0.00000), (-0.00000,-0.00000), (+0.00000,+0.00000), (+0.00000,-0.00000)},
          { (-0.00000,-0.00000), (+0.00000,+0.00000), (+0.00000,+0.00000), (-0.00000,-0.00000), (-0.00000,-0.00000)},
          { (-0.00000,+0.00000), (+0.00000,-0.00000), (+0.00000,-0.00000), (-0.00000,+0.00000), (-0.00000,+0.00000)},
          { (+0.00000,-0.00000), (-0.00000,+0.00000), (-0.00000,-0.00000), (+0.00000,+0.00000), (+0.00000,-0.00000)},
          { (+0.00000,+0.00000), (-0.00000,+0.00000), (-0.00000,-0.00000), (+0.00000,+0.00000), (+0.00000,+0.00000)} } 

Z_3^0 = { { (+0.00000,-0.00000), (-0.00000,+0.00000), (-0.00000,-0.00000), (+0.00000,-0.00000), (-0.00000,+0.00000)},
          { (-0.00000,-0.00000), (+0.00000,-0.00000), (+0.00000,+0.00000), (-0.00000,-0.00000), (+0.00000,+0.00000)},
          { (-0.00000,+0.00000), (+0.00000,-0.00000), (+0.00000,-0.00000), (+0.00000,+0.00000), (+0.00000,-0.00000)},
          { (+0.00000,+0.00000), (-0.00000,+0.00000), (+0.00000,-0.00000), (+0.00000,+0.00000), (-0.00000,-0.00000)},
          { (-0.00000,-0.00000), (+0.00000,-0.00000), (+0.00000,+0.00000), (-0.00000,+0.00000), (+0.00000,-0.00000)} } 

Z_4^0 = { { (+0.00000,+0.00000), (-0.00000,+0.00000), (+0.00000,-0.00000), (-0.00000,+0.00000), (+0.00000,-0.00000)},
          { (-0.00000,-0.00000), (+0.00000,-0.00000), (-0.00000,-0.00000), (-0.00000,+0.00000), (-0.00000,-0.00000)},
          { (+0.00000,+0.00000), (-0.00000,+0.00000), (+0.00000,+0.00000), (-0.00000,+0.00000), (-0.00000,-0.00000)},
          { (-0.00000,-0.00000), (-0.00000,-0.00000), (-0.00000,-0.00000), (+0.00000,-0.00000), (-0.00000,+0.00000)},
          { (+0.00000,+0.00000), (-0.00000,+0.00000), (-0.00000,+0.00000), (-0.00000,-0.00000), (+0.00000,-0.00000)} } 

Z_0^1 = { { (+0.00000,-0.00000), (+0.00000,-0.00000), (+0.00000,+0.00000), (+0.00000,+0.00000), (+0.00000,-0.00000)},
          { (+0.00000,+0.00000), (+0.00000,+0.00000), (-0.00000,+0.00000), (-0.00000,+0.00000), (+0.00000,-0.00000)},
          { (+0.00000,-0.00000), (-0.00000,-0.00000), (+0.00000,+0.00000), (+0.00000,+0.00000), (+0.00000,-0.00000)},
          { (+0.00000,-0.00000), (-0.00000,-0.00000), (+0.00000,-0.00000), (+0.00000,-0.00000), (-0.00000,-0.00000)},
          { (+0.00000,+0.00000), (+0.00000,+0.00000), (+0.00000,+0.00000), (-0.00000,+0.00000), (+0.00000,-0.00000)} } 

Z_1^1 = { { (+0.00000,-0.00000), (-0.00000,-0.00000), (-0.00000,-0.00000), (-0.00000,-0.00000), (+0.00000,+0.00000)},
          { (-0.00000,+0.00000), (+0.00000,+0.00000), (+0.00000,-0.00000), (+0.00000,+0.00000), (-0.00000,-0.00000)},
          { (-0.00000,+0.00000), (+0.00000,+0.00000), (+0.00000,+0.00000), (+0.00000,+0.00000), (-0.00000,-0.00000)},
          { (-0.00000,+0.00000), (+0.00000,-0.00000), (+0.00000,-0.00000), (+0.00000,+0.00000), (-0.00000,-0.00000)},
          { (+0.00000,-0.00000), (-0.00000,+0.00000), (-0.00000,+0.00000), (-0.00000,+0.00000), (+0.00000,-0.00000)} } 

Z_2^1 = { { (+0.00000,-0.00000), (+0.00000,+0.00000), (+0.00000,-0.00000), (-0.00000,+0.00000), (-0.00000,+0.00000)},
          { (+0.00000,-0.00000), (+0.00000,-0.00000), (-0.00000,-0.00000), (+0.00000,-0.00000), (+0.00000,+0.00000)},
          { (+0.00000,+0.00000), (-0.00000,+0.00000), (+0.00000,-0.00000), (-0.00000,+0.00000), (-0.00000,+0.00000)},
          { (-0.00000,-0.00000), (+0.00000,+0.00000), (-0.00000,-0.00000), (+0.00000,+0.00000), (+0.00000,-0.00000)},
          { (-0.00000,-0.00000), (+0.00000,-0.00000), (-0.00000,-0.00000), (+0.00000,+0.00000), (+0.00000,-0.00000)} } 

Z_3^1 = { { (+0.00000,+0.00000), (-0.00000,+0.00000), (-0.00000,-0.00000), (+0.00000,+0.00000), (-0.00000,-0.00000)},
          { (-0.00000,-0.00000), (+0.00000,-0.00000), (-0.00000,+0.00000), (+0.00000,-0.00000), (-0.00000,+0.00000)},
          { (-0.00000,+0.00000), (-0.00000,-0.00000), (+0.00000,+0.00000), (-0.00000,+0.00000), (+0.00000,+0.00000)},
          { (+0.00000,-0.00000), (+0.00000,+0.00000), (-0.00000,-0.00000), (+0.00000,-0.00000), (-0.00000,-0.00000)},
          { (-0.00000,+0.00000), (-0.00000,-0.00000), (+0.00000,-0.00000), (-0.00000,+0.00000), (+0.00000,+0.00000)} } 

Z_4^1 = { { (+0.00000,-0.00000), (-0.00000,+0.00000), (+0.00000,+0.00000), (+0.00000,-0.00000), (+0.00000,-0.00000)},
          { (-0.00000,-0.00000), (+0.00000,+0.00000), (+0.00000,+0.00000), (-0.00000,-0.00000), (-0.00000,-0.00000)},
          { (+0.00000,-0.00000), (+0.00000,-0.00000), (+0.00000,-0.00000), (+0.00000,-0.00000), (+0.00000,+0.00000)},
          { (+0.00000,+0.00000), (-0.00000,+0.00000), (+0.00000,+0.00000), (+0.00000,+0.00000), (+0.00000,+0.00000)},
          { (+0.00000,+0.00000), (-0.00000,+0.00000), (+0.00000,-0.00000), (+0.00000,-0.00000), (+0.00000,+0.00000)} } 

----------------------------------
         Final Matrices 
----------------------------------

M_0^0 = { { (+0.45163,+0.00000), (-0.00585,+0.22378), (+0.22973,-0.00283), (-0.28786,+0.12073), (+0.06563,-0.20739)},
          { (-0.00585,-0.22378), (+0.11093,+0.00000), (-0.00439,-0.11379), (+0.06357,+0.14104), (-0.10362,-0.02981)},
          { (+0.22973,+0.00283), (-0.00439,+0.11379), (+0.11687,+0.00000), (-0.14720,+0.05963), (+0.03470,-0.10509)},
          { (-0.28786,-0.12073), (+0.06357,-0.14104), (-0.14720,-0.05963), (+0.21578,+0.00000), (-0.09728,+0.11465)},
          { (+0.06563,+0.20739), (-0.10362,+0.02981), (+0.03470,+0.10509), (-0.09728,-0.11465), (+0.10478,+0.00000)} } 

|M^2-M|  = 0.00000
is M PD? = 0

M_1^0 = { { (+0.06945,+0.00000), (+0.10871,-0.02969), (-0.18948,-0.04984), (-0.07025,-0.08095), (+0.03134,-0.03277)},
          { (+0.10871,+0.02969), (+0.18278,+0.00000), (-0.27524,-0.15903), (-0.07533,-0.15673), (+0.06306,-0.03791)},
          { (-0.18948,+0.04984), (-0.27524,+0.15903), (+0.55271,+0.00000), (+0.24973,+0.17046), (-0.06195,+0.11193)},
          { (-0.07025,+0.08095), (-0.07533,+0.15673), (+0.24973,-0.17046), (+0.16543,+0.00000), (+0.00651,+0.06967)},
          { (+0.03134,+0.03277), (+0.06306,+0.03791), (-0.06195,-0.11193), (+0.00651,-0.06967), (+0.02963,+0.00000)} } 

|M^2-M|  = 0.00000
is M PD? = 0

M_2^0 = { { (+0.29352,+0.00000), (+0.05725,-0.21777), (+0.12987,+0.03792), (+0.13988,-0.19601), (-0.23086,+0.16459)},
          { (+0.05725,+0.21777), (+0.17269,+0.00000), (-0.00283,+0.10373), (+0.17269,+0.06557), (-0.16709,-0.13919)},
          { (+0.12987,-0.03792), (-0.00283,-0.10373), (+0.06233,+0.00000), (+0.03656,-0.10479), (-0.08087,+0.10264)},
          { (+0.13988,+0.19601), (+0.17269,-0.06557), (+0.03656,+0.10479), (+0.19759,+0.00000), (-0.21991,-0.07572)},
          { (-0.23086,-0.16459), (-0.16709,+0.13919), (-0.08087,-0.10264), (-0.21991,+0.07572), (+0.27387,+0.00000)} } 

|M^2-M|  = 0.00000
is M PD? = 0

M_3^0 = { { (+0.17439,+0.00000), (-0.13732,-0.04009), (-0.13002,-0.00194), (+0.22348,+0.14957), (+0.18255,+0.03100)},
          { (-0.13732,+0.04009), (+0.11740,+0.00000), (+0.10284,-0.02834), (-0.21040,-0.06643), (-0.15091,+0.01755)},
          { (-0.13002,+0.00194), (+0.10284,+0.02834), (+0.09692,+0.00000), (-0.16828,-0.10898), (-0.13645,-0.02109)},
          { (+0.22348,-0.14957), (-0.21040,+0.06643), (-0.16828,+0.10898), (+0.41466,+0.00000), (+0.26053,-0.11685)},
          { (+0.18255,-0.03100), (-0.15091,-0.01755), (-0.13645,+0.02109), (+0.26053,+0.11685), (+0.19663,+0.00000)} } 

|M^2-M|  = 0.00000
is M PD? = 0

M_4^0 = { { (+0.01101,+0.00000), (-0.02279,+0.06377), (-0.04011,+0.01669), (-0.00525,+0.00666), (-0.04866,+0.04457)},
          { (-0.02279,-0.06377), (+0.41618,+0.00000), (+0.17962,+0.19743), (+0.04948,+0.01654), (+0.35856,+0.18936)},
          { (-0.04011,-0.01669), (+0.17962,-0.19743), (+0.17116,+0.00000), (+0.02919,-0.01631), (+0.24458,-0.08839)},
          { (-0.00525,-0.00666), (+0.04948,-0.01654), (+0.02919,+0.01631), (+0.00654,+0.00000), (+0.05015,+0.00825)},
          { (-0.04866,-0.04457), (+0.35856,-0.18936), (+0.24458,+0.08839), (+0.05015,-0.00825), (+0.39510,+0.00000)} } 

|M^2-M|  = 0.00000
is M PD? = 0

M_0^1 = { { (+0.11540,+0.00000), (+0.02583,+0.03317), (+0.15884,-0.01565), (+0.04905,-0.22856), (+0.14212,+0.00323)},
          { (+0.02583,-0.03317), (+0.01531,+0.00000), (+0.03103,-0.04913), (-0.05469,-0.06520), (+0.03271,-0.04012)},
          { (+0.15884,+0.01565), (+0.03103,+0.04913), (+0.22069,+0.00000), (+0.09851,-0.30787), (+0.19517,+0.02370)},
          { (+0.04905,+0.22856), (-0.05469,+0.06520), (+0.09851,+0.30787), (+0.47344,+0.00000), (+0.05402,+0.28286)},
          { (+0.14212,-0.00323), (+0.03271,+0.04012), (+0.19517,-0.02370), (+0.05402,-0.28286), (+0.17515,+0.00000)} } 

|M^2-M|  = 0.00000
is M PD? = 0

M_1^1 = { { (+0.39389,+0.00000), (+0.25218,-0.30659), (+0.04018,+0.11415), (-0.02922,+0.24051), (+0.07160,-0.05176)},
          { (+0.25218,+0.30659), (+0.40007,+0.00000), (-0.06312,+0.10436), (-0.20596,+0.13122), (+0.08611,+0.02256)},
          { (+0.04018,-0.11415), (-0.06312,-0.10436), (+0.03715,+0.00000), (+0.06668,+0.03302), (-0.00772,-0.02605)},
          { (-0.02922,-0.24051), (-0.20596,-0.13122), (+0.06668,-0.03302), (+0.14906,+0.00000), (-0.03692,-0.03987)},
          { (+0.07160,+0.05176), (+0.08611,-0.02256), (-0.00772,+0.02605), (-0.03692,+0.03987), (+0.01982,+0.00000)} } 

|M^2-M|  = 0.00000
is M PD? = 0

M_2^1 = { { (+0.18835,+0.00000), (-0.23348,+0.00200), (-0.24021,+0.06085), (-0.11133,-0.06741), (+0.09160,+0.10789)},
          { (-0.23348,-0.00200), (+0.28943,+0.00000), (+0.29838,-0.07287), (+0.13727,+0.08473), (-0.11239,-0.13467)},
          { (-0.24021,-0.06085), (+0.29838,+0.07287), (+0.32597,+0.00000), (+0.12019,+0.12192), (-0.08196,-0.16718)},
          { (-0.11133,+0.06741), (+0.13727,-0.08473), (+0.12019,-0.12192), (+0.08991,+0.00000), (-0.09273,-0.03097)},
          { (+0.09160,-0.10789), (-0.11239,+0.13467), (-0.08196,+0.16718), (-0.09273,+0.03097), (+0.10635,+0.00000)} } 

|M^2-M|  = 0.00000
is M PD? = 0

M_3^1 = { { (+0.09980,+0.00000), (-0.06454,+0.06668), (+0.15922,-0.02743), (-0.09700,+0.04090), (-0.16931,+0.12404)},
          { (-0.06454,-0.06668), (+0.08631,+0.00000), (-0.12132,-0.08861), (+0.09007,+0.03834), (+0.19235,+0.03289)},
          { (+0.15922,+0.02743), (-0.12132,+0.08861), (+0.26153,+0.00000), (-0.16602,+0.03862), (-0.30418,+0.15127)},
          { (-0.09700,-0.04090), (+0.09007,-0.03834), (-0.16602,-0.03862), (+0.11107,+0.00000), (+0.21540,-0.05112)},
          { (-0.16931,-0.12404), (+0.19235,-0.03289), (-0.30418,-0.15127), (+0.21540,+0.05112), (+0.44129,+0.00000)} } 

|M^2-M|  = 0.00000
is M PD? = 0

M_4^1 = { { (+0.20256,+0.00000), (+0.02002,+0.20474), (-0.11802,-0.13192), (+0.18851,+0.01456), (-0.13601,-0.18340)},
          { (+0.02002,-0.20474), (+0.20888,+0.00000), (-0.14498,+0.10626), (+0.03331,-0.18909), (-0.19879,+0.11935)},
          { (-0.11802,+0.13192), (-0.14498,-0.10626), (+0.15466,+0.00000), (-0.11936,+0.11431), (+0.19869,+0.01826)},
          { (+0.18851,-0.01456), (+0.03331,+0.18909), (-0.11936,-0.11431), (+0.17651,+0.00000), (-0.13977,-0.16090)},
          { (-0.13601,+0.18340), (-0.19879,-0.11935), (+0.19869,-0.01826), (-0.13977,+0.16090), (+0.25739,+0.00000)} } 

|M^2-M|  = 0.00000
is M PD? = 0

----------------------------------
         Final Output 
----------------------------------
        |r(w)| = 0.00001 < 0.00001
         -f(x) = 22.36068 <= 22.36068
          g(x) = 0.00000
         -L(w) = 22.36068
         <X,Z> = 0.00000
           |y| = 1.40149
      y^T*g(x) = -0.00000
     |delf(x)| = 0.00001
     |delL(w)| = 0.00001
     |delg(x)| = 0.00126
    |del2f(x)| = 13.18153
    |del2L(w)| = 18.56123
    |del2g(x)| = 311.07703
   total inner = 107
    time taken = 14908 ms
