--------------------------------
          System Info           
--------------------------------
               d = 5
               n = 3
  size of vector = 288
  size of matrix = 150 x 150 ~ 0 MB 
         epsilon = 1e-05
       epsilon_0 = 0.9
     g(x) thresh = 1e-15
      initial mu = 1
             M_c = 1e+10
  extra diagonal = 1
       muScaling = 10
             rho = 0.5
              nu = 0.9
           gamma = 1
            beta = 0.1
     f(x) factor = 1
     g(x) factor = 0.005
           cores = 4

--------------------------------
     Finding Interior Point 
--------------------------------
g(x) = 82.178
g(x) = 9.4879
g(x) = 4.8569
g(x) = 4.1194
g(x) = 3.7212
g(x) = 3.4383
g(x) = 3.2129
g(x) = 3.0227
g(x) = 2.8574
g(x) = 2.7111
g(x) = 2.58
g(x) = 2.4618
g(x) = 2.3546
g(x) = 2.257
g(x) = 2.1678
g(x) = 2.0862
g(x) = 2.0114
g(x) = 1.9424
g(x) = 1.8787
g(x) = 1.8196
g(x) = 1.7645
g(x) = 1.7128
g(x) = 1.6641
g(x) = 1.6181
g(x) = 1.5743
g(x) = 1.5327
g(x) = 1.4929
g(x) = 1.4548
g(x) = 1.4183
g(x) = 1.3832
g(x) = 1.3494
g(x) = 1.3169
g(x) = 1.2855
g(x) = 1.2552
g(x) = 1.226
g(x) = 1.1977
g(x) = 1.1704
g(x) = 1.1439
g(x) = 1.1183
g(x) = 1.0934
g(x) = 1.0694
g(x) = 1.0461
g(x) = 1.0235
g(x) = 1.0017
g(x) = 0.98052
g(x) = 0.96001
g(x) = 0.94014
g(x) = 0.92088
g(x) = 0.90221
g(x) = 0.8841
g(x) = 0.86654
g(x) = 0.8495
g(x) = 0.83296
g(x) = 0.81688
g(x) = 0.80126
g(x) = 0.78606
g(x) = 0.77127
g(x) = 0.75686
g(x) = 0.74281
g(x) = 0.72911
g(x) = 0.71574
g(x) = 0.70268
g(x) = 0.68991
g(x) = 0.67743
g(x) = 0.66521
g(x) = 0.65325
g(x) = 0.64153
g(x) = 0.63004
g(x) = 0.61878
g(x) = 0.60773
g(x) = 0.59689
g(x) = 0.58624
g(x) = 0.57579
g(x) = 0.56552
g(x) = 0.55543
g(x) = 0.54552
g(x) = 0.53577
g(x) = 0.52619
g(x) = 0.51677
g(x) = 0.5075
g(x) = 0.49839
g(x) = 0.48942
g(x) = 0.4806
g(x) = 0.47192
g(x) = 0.46338
g(x) = 0.45497
g(x) = 0.4467
g(x) = 0.43855
g(x) = 0.43054
g(x) = 0.42265
g(x) = 0.41488
g(x) = 0.40724
g(x) = 0.39971
g(x) = 0.39231
g(x) = 0.38501
g(x) = 0.37784
g(x) = 0.37077
g(x) = 0.36381
g(x) = 0.35696
g(x) = 0.35022
g(x) = 0.34358
g(x) = 0.33705
g(x) = 0.33062
g(x) = 0.32429
g(x) = 0.31806
g(x) = 0.31193
g(x) = 0.30589
g(x) = 0.29995
g(x) = 0.29411
g(x) = 0.28835
g(x) = 0.28269
g(x) = 0.27712
g(x) = 0.27164
g(x) = 0.26625
g(x) = 0.26095
g(x) = 0.25573
g(x) = 0.2506
g(x) = 0.24555
g(x) = 0.24059
g(x) = 0.23571
g(x) = 0.2309
g(x) = 0.22618
g(x) = 0.22154
g(x) = 0.21698
g(x) = 0.21249
g(x) = 0.20808
g(x) = 0.20375
g(x) = 0.19949
g(x) = 0.19531
g(x) = 0.1912
g(x) = 0.18715
g(x) = 0.18319
g(x) = 0.17929
g(x) = 0.17546
g(x) = 0.1717
g(x) = 0.168
g(x) = 0.16438
g(x) = 0.16081
g(x) = 0.15732
g(x) = 0.15389
g(x) = 0.15052
g(x) = 0.14721
g(x) = 0.14397
g(x) = 0.14079
g(x) = 0.13766
g(x) = 0.1346
g(x) = 0.13159
g(x) = 0.12864
g(x) = 0.12575
g(x) = 0.12292
g(x) = 0.12014
g(x) = 0.11741
g(x) = 0.11474
g(x) = 0.11212
g(x) = 0.10955
g(x) = 0.10704
g(x) = 0.10457
g(x) = 0.10216
g(x) = 0.09979
g(x) = 0.097472
g(x) = 0.095201
g(x) = 0.092977
g(x) = 0.090798
g(x) = 0.088665
g(x) = 0.086576
g(x) = 0.084532
g(x) = 0.08253
g(x) = 0.08057
g(x) = 0.078653
g(x) = 0.076776
g(x) = 0.074939
g(x) = 0.073142
g(x) = 0.071383
g(x) = 0.069663
g(x) = 0.067981
g(x) = 0.066335
g(x) = 0.064725
g(x) = 0.063151
g(x) = 0.061612
g(x) = 0.060107
g(x) = 0.058635
g(x) = 0.057197
g(x) = 0.05579
g(x) = 0.054416
g(x) = 0.053073
g(x) = 0.05176
g(x) = 0.050477
g(x) = 0.049224
g(x) = 0.047999
g(x) = 0.046803
g(x) = 0.045634
g(x) = 0.044493
g(x) = 0.043378
g(x) = 0.042289
g(x) = 0.041225
g(x) = 0.040187
g(x) = 0.039173
g(x) = 0.038183
g(x) = 0.037216
g(x) = 0.036273
g(x) = 0.035352
g(x) = 0.034453
g(x) = 0.033576
g(x) = 0.032719
g(x) = 0.031884
g(x) = 0.031068
g(x) = 0.030272
g(x) = 0.029496
g(x) = 0.028739
g(x) = 0.028
g(x) = 0.027279
g(x) = 0.026576
g(x) = 0.02589
g(x) = 0.025221
g(x) = 0.024569
g(x) = 0.023933
g(x) = 0.023312
g(x) = 0.022707
g(x) = 0.022117
g(x) = 0.021542
g(x) = 0.020981
g(x) = 0.020434
g(x) = 0.019901
g(x) = 0.019382
g(x) = 0.018875
g(x) = 0.018382
g(x) = 0.017901
g(x) = 0.017432
g(x) = 0.016974
g(x) = 0.016529
g(x) = 0.016095
g(x) = 0.015672
g(x) = 0.01526
g(x) = 0.014858
g(x) = 0.014467
g(x) = 0.014085
g(x) = 0.013714
g(x) = 0.013352
g(x) = 0.012999
g(x) = 0.012656
g(x) = 0.012321
g(x) = 0.011995
g(x) = 0.011678
g(x) = 0.011369
g(x) = 0.011067
g(x) = 0.010774
g(x) = 0.010488
g(x) = 0.01021
g(x) = 0.0099389
g(x) = 0.009675
g(x) = 0.0094179
g(x) = 0.0091676
g(x) = 0.0089239
g(x) = 0.0086865
g(x) = 0.0084554
g(x) = 0.0082304
g(x) = 0.0080113
g(x) = 0.0077979
g(x) = 0.0075902
g(x) = 0.007388
g(x) = 0.0071911
g(x) = 0.0069994
g(x) = 0.0068127
g(x) = 0.006631
g(x) = 0.0064542
g(x) = 0.006282
g(x) = 0.0061143
g(x) = 0.0059512
g(x) = 0.0057923
g(x) = 0.0056377
g(x) = 0.0054872
g(x) = 0.0053406
g(x) = 0.005198
g(x) = 0.0050592
g(x) = 0.0049241
g(x) = 0.0047926
g(x) = 0.0046646
g(x) = 0.00454
g(x) = 0.0044187
g(x) = 0.0043007
g(x) = 0.0041858
g(x) = 0.004074
g(x) = 0.0039652
g(x) = 0.0038592
g(x) = 0.0037562
g(x) = 0.0036558
g(x) = 0.0035582
g(x) = 0.0034632
g(x) = 0.0033707
g(x) = 0.0032807
g(x) = 0.0031931
g(x) = 0.0031079
g(x) = 0.0030249
g(x) = 0.0029442
g(x) = 0.0028657
g(x) = 0.0027892
g(x) = 0.0027148
g(x) = 0.0026424
g(x) = 0.0025719
g(x) = 0.0025034
g(x) = 0.0024366
g(x) = 0.0023717
g(x) = 0.0023085
g(x) = 0.002247
g(x) = 0.0021871
g(x) = 0.0021289
g(x) = 0.0020722
g(x) = 0.0020171
g(x) = 0.0019634
g(x) = 0.0019112
g(x) = 0.0018603
g(x) = 0.0018109
g(x) = 0.0017627
g(x) = 0.0017159
g(x) = 0.0016703
g(x) = 0.0016259
g(x) = 0.0015828
g(x) = 0.0015408
g(x) = 0.0014999
g(x) = 0.0014601
g(x) = 0.0014214
g(x) = 0.0013837
g(x) = 0.001347
g(x) = 0.0013113
g(x) = 0.0012766
g(x) = 0.0012428
g(x) = 0.0012099
g(x) = 0.0011779
g(x) = 0.0011468
g(x) = 0.0011165
g(x) = 0.001087
g(x) = 0.0010583
g(x) = 0.0010303
g(x) = 0.0010031
g(x) = 0.00097667
g(x) = 0.00095091
g(x) = 0.00092584
g(x) = 0.00090145
g(x) = 0.0008777
g(x) = 0.0008546
g(x) = 0.00083211
g(x) = 0.00081022
g(x) = 0.00078891
g(x) = 0.00076818
g(x) = 0.000748
g(x) = 0.00072836
g(x) = 0.00070924
g(x) = 0.00069063
g(x) = 0.00067252
g(x) = 0.00065489
g(x) = 0.00063773
g(x) = 0.00062103
g(x) = 0.00060477
g(x) = 0.00058895
g(x) = 0.00057355
g(x) = 0.00055856
g(x) = 0.00054396
g(x) = 0.00052976
g(x) = 0.00051593
g(x) = 0.00050247
g(x) = 0.00048937
g(x) = 0.00047661
g(x) = 0.0004642
g(x) = 0.00045211
g(x) = 0.00044035
g(x) = 0.00042889
g(x) = 0.00041774
g(x) = 0.00040689
g(x) = 0.00039632
g(x) = 0.00038603
g(x) = 0.00037602
g(x) = 0.00036626
g(x) = 0.00035677
g(x) = 0.00034753
g(x) = 0.00033853
g(x) = 0.00032977
g(x) = 0.00032124
g(x) = 0.00031294
g(x) = 0.00030485
g(x) = 0.00029698
g(x) = 0.00028931
g(x) = 0.00028185
g(x) = 0.00027458
g(x) = 0.00026751
g(x) = 0.00026062
g(x) = 0.00025391
g(x) = 0.00024738
g(x) = 0.00024102
g(x) = 0.00023482
g(x) = 0.00022879
g(x) = 0.00022292
g(x) = 0.0002172
g(x) = 0.00021163
g(x) = 0.0002062
g(x) = 0.00020092
g(x) = 0.00019578
g(x) = 0.00019077
g(x) = 0.00018589
g(x) = 0.00018114
g(x) = 0.00017651
g(x) = 0.000172
g(x) = 0.00016762
g(x) = 0.00016334
g(x) = 0.00015918
g(x) = 0.00015512
g(x) = 0.00015117
g(x) = 0.00014733
g(x) = 0.00014358
g(x) = 0.00013993
g(x) = 0.00013637
g(x) = 0.00013291
g(x) = 0.00012954
g(x) = 0.00012625
g(x) = 0.00012305
g(x) = 0.00011994
g(x) = 0.0001169
g(x) = 0.00011394
g(x) = 0.00011106
g(x) = 0.00010825
g(x) = 0.00010552
g(x) = 0.00010285
g(x) = 0.00010026
g(x) = 9.773e-05
g(x) = 9.5266e-05
g(x) = 9.2866e-05
g(x) = 9.0528e-05
g(x) = 8.825e-05
g(x) = 8.603e-05
g(x) = 8.3868e-05
g(x) = 8.1761e-05
g(x) = 7.9708e-05
g(x) = 7.7708e-05
g(x) = 7.5759e-05
g(x) = 7.386e-05
g(x) = 7.2009e-05
g(x) = 7.0206e-05
g(x) = 6.8449e-05
g(x) = 6.6737e-05
g(x) = 6.5069e-05
g(x) = 6.3443e-05
g(x) = 6.1859e-05
g(x) = 6.0316e-05
g(x) = 5.8811e-05
g(x) = 5.7345e-05
g(x) = 5.5916e-05
g(x) = 5.4524e-05
g(x) = 5.3167e-05
g(x) = 5.1845e-05
g(x) = 5.0556e-05
g(x) = 4.93e-05
g(x) = 4.8075e-05
g(x) = 4.6882e-05
g(x) = 4.5719e-05
g(x) = 4.4586e-05
g(x) = 4.3481e-05
g(x) = 4.2404e-05
g(x) = 4.1354e-05
g(x) = 4.0331e-05
g(x) = 3.9334e-05
g(x) = 3.8362e-05
g(x) = 3.7415e-05
g(x) = 3.6491e-05
g(x) = 3.5591e-05
g(x) = 3.4713e-05
g(x) = 3.3858e-05
g(x) = 3.3024e-05
g(x) = 3.2211e-05
g(x) = 3.1418e-05
g(x) = 3.0645e-05
g(x) = 2.9892e-05
g(x) = 2.9158e-05
g(x) = 2.8442e-05
g(x) = 2.7744e-05
g(x) = 2.7063e-05
g(x) = 2.64e-05
g(x) = 2.5753e-05
g(x) = 2.5122e-05
g(x) = 2.4507e-05
g(x) = 2.3907e-05
g(x) = 2.3323e-05
g(x) = 2.2753e-05
g(x) = 2.2197e-05
g(x) = 2.1655e-05
g(x) = 2.1127e-05
g(x) = 2.0611e-05
g(x) = 2.0109e-05
g(x) = 1.9619e-05
g(x) = 1.9141e-05
g(x) = 1.8675e-05
g(x) = 1.8221e-05
g(x) = 1.7778e-05
g(x) = 1.7346e-05
g(x) = 1.6924e-05
g(x) = 1.6514e-05
g(x) = 1.6113e-05
g(x) = 1.5722e-05
g(x) = 1.5341e-05
g(x) = 1.4969e-05
g(x) = 1.4607e-05
g(x) = 1.4253e-05
g(x) = 1.3908e-05
g(x) = 1.3572e-05
g(x) = 1.3244e-05
g(x) = 1.2924e-05
g(x) = 1.2612e-05
g(x) = 1.2307e-05
g(x) = 1.201e-05
g(x) = 1.1721e-05
g(x) = 1.1438e-05
g(x) = 1.1163e-05
g(x) = 1.0894e-05
g(x) = 1.0632e-05
g(x) = 1.0376e-05
g(x) = 1.0126e-05
g(x) = 9.883e-06
g(x) = 9.6456e-06
g(x) = 9.414e-06
g(x) = 9.188e-06
g(x) = 8.9676e-06
g(x) = 8.7526e-06
g(x) = 8.5428e-06
g(x) = 8.3382e-06
g(x) = 8.1385e-06
g(x) = 7.9437e-06
g(x) = 7.7537e-06
g(x) = 7.5682e-06
g(x) = 7.3873e-06
g(x) = 7.2109e-06
g(x) = 7.0387e-06
g(x) = 6.8706e-06
g(x) = 6.7067e-06
g(x) = 6.5468e-06
g(x) = 6.3907e-06
g(x) = 6.2384e-06
g(x) = 6.0898e-06
g(x) = 5.9449e-06
g(x) = 5.8034e-06
g(x) = 5.6654e-06
g(x) = 5.5307e-06
g(x) = 5.3992e-06
g(x) = 5.271e-06
g(x) = 5.1458e-06
g(x) = 5.0237e-06
g(x) = 4.9045e-06
g(x) = 4.7882e-06
g(x) = 4.6747e-06
g(x) = 4.5639e-06
g(x) = 4.4558e-06
g(x) = 4.3503e-06
g(x) = 4.2473e-06
g(x) = 4.1469e-06
g(x) = 4.0488e-06
g(x) = 3.9531e-06
g(x) = 3.8597e-06
g(x) = 3.7686e-06
g(x) = 3.6796e-06
g(x) = 3.5928e-06
g(x) = 3.508e-06
g(x) = 3.4253e-06
g(x) = 3.3446e-06
g(x) = 3.2658e-06
g(x) = 3.1889e-06
g(x) = 3.1138e-06
g(x) = 3.0405e-06
g(x) = 2.969e-06
g(x) = 2.8992e-06
g(x) = 2.831e-06
g(x) = 2.7645e-06
g(x) = 2.6996e-06
g(x) = 2.6362e-06
g(x) = 2.5743e-06
g(x) = 2.5139e-06
g(x) = 2.455e-06
g(x) = 2.3974e-06
g(x) = 2.3413e-06
g(x) = 2.2864e-06
g(x) = 2.2329e-06
g(x) = 2.1806e-06
g(x) = 2.1296e-06
g(x) = 2.0798e-06
g(x) = 2.0312e-06
g(x) = 1.9837e-06
g(x) = 1.9373e-06
g(x) = 1.8921e-06
g(x) = 1.8479e-06
g(x) = 1.8048e-06
g(x) = 1.7627e-06
g(x) = 1.7216e-06
g(x) = 1.6814e-06
g(x) = 1.6422e-06
g(x) = 1.604e-06
g(x) = 1.5666e-06
g(x) = 1.5302e-06
g(x) = 1.4945e-06
g(x) = 1.4598e-06
g(x) = 1.4258e-06
g(x) = 1.3927e-06
g(x) = 1.3603e-06
g(x) = 1.3287e-06
g(x) = 1.2978e-06
g(x) = 1.2677e-06
g(x) = 1.2383e-06
g(x) = 1.2095e-06
g(x) = 1.1815e-06
g(x) = 1.1541e-06
g(x) = 1.1273e-06
g(x) = 1.1012e-06
g(x) = 1.0757e-06
g(x) = 1.0508e-06
g(x) = 1.0265e-06
g(x) = 1.0027e-06
g(x) = 9.7953e-07
g(x) = 9.5687e-07
g(x) = 9.3475e-07
g(x) = 9.1315e-07
g(x) = 8.9205e-07
g(x) = 8.7144e-07
g(x) = 8.5132e-07
g(x) = 8.3167e-07
g(x) = 8.1248e-07
g(x) = 7.9373e-07
g(x) = 7.7543e-07
g(x) = 7.5755e-07
g(x) = 7.4009e-07
g(x) = 7.2304e-07
g(x) = 7.0638e-07
g(x) = 6.9012e-07
g(x) = 6.7423e-07
g(x) = 6.5871e-07
g(x) = 6.4356e-07
g(x) = 6.2876e-07
g(x) = 6.143e-07
g(x) = 6.0018e-07
g(x) = 5.8638e-07
g(x) = 5.7291e-07
g(x) = 5.5975e-07
g(x) = 5.469e-07
g(x) = 5.3435e-07
g(x) = 5.2209e-07
g(x) = 5.1011e-07
g(x) = 4.9841e-07
g(x) = 4.8698e-07
g(x) = 4.7582e-07
g(x) = 4.6492e-07
g(x) = 4.5426e-07
g(x) = 4.4386e-07
g(x) = 4.337e-07
g(x) = 4.2377e-07
g(x) = 4.1407e-07
g(x) = 4.046e-07
g(x) = 3.9534e-07
g(x) = 3.863e-07
g(x) = 3.7747e-07
g(x) = 3.6885e-07
g(x) = 3.6042e-07
g(x) = 3.5219e-07
g(x) = 3.4414e-07
g(x) = 3.3629e-07
g(x) = 3.2861e-07
g(x) = 3.2111e-07
g(x) = 3.1379e-07
g(x) = 3.0663e-07
g(x) = 2.9964e-07
g(x) = 2.9281e-07
g(x) = 2.8613e-07
g(x) = 2.7961e-07
g(x) = 2.7325e-07
g(x) = 2.6702e-07
g(x) = 2.6094e-07
g(x) = 2.55e-07
g(x) = 2.492e-07
g(x) = 2.4353e-07
g(x) = 2.3799e-07
g(x) = 2.3258e-07
g(x) = 2.2729e-07
g(x) = 2.2213e-07
g(x) = 2.1708e-07
g(x) = 2.1215e-07
g(x) = 2.0733e-07
g(x) = 2.0262e-07
g(x) = 1.9802e-07
g(x) = 1.9352e-07
g(x) = 1.8913e-07
g(x) = 1.8484e-07
g(x) = 1.8065e-07
g(x) = 1.7655e-07
g(x) = 1.7255e-07
g(x) = 1.6864e-07
g(x) = 1.6482e-07
g(x) = 1.6108e-07
g(x) = 1.5743e-07
g(x) = 1.5387e-07
g(x) = 1.5038e-07
g(x) = 1.4698e-07
g(x) = 1.4365e-07
g(x) = 1.404e-07
g(x) = 1.3723e-07
g(x) = 1.3412e-07
g(x) = 1.3109e-07
g(x) = 1.2813e-07
g(x) = 1.2523e-07
g(x) = 1.224e-07
g(x) = 1.1963e-07
g(x) = 1.1693e-07
g(x) = 1.1429e-07
g(x) = 1.1171e-07
g(x) = 1.0919e-07
g(x) = 1.0672e-07
g(x) = 1.0431e-07
g(x) = 1.0196e-07
g(x) = 9.966e-08
g(x) = 9.7412e-08
g(x) = 9.5216e-08
g(x) = 9.3069e-08
g(x) = 9.0971e-08
g(x) = 8.8921e-08
g(x) = 8.6917e-08
g(x) = 8.4959e-08
g(x) = 8.3046e-08
g(x) = 8.1176e-08
g(x) = 7.9348e-08
g(x) = 7.7562e-08
g(x) = 7.5816e-08
g(x) = 7.411e-08
g(x) = 7.2443e-08
g(x) = 7.0813e-08
g(x) = 6.922e-08
g(x) = 6.7664e-08
g(x) = 6.6143e-08
g(x) = 6.4656e-08
g(x) = 6.3203e-08
g(x) = 6.1783e-08
g(x) = 6.0395e-08
g(x) = 5.9038e-08
g(x) = 5.7712e-08
g(x) = 5.6416e-08
g(x) = 5.515e-08
g(x) = 5.3912e-08
g(x) = 5.2702e-08
g(x) = 5.1519e-08
g(x) = 5.0364e-08
g(x) = 4.9234e-08
g(x) = 4.813e-08
g(x) = 4.705e-08
g(x) = 4.5995e-08
g(x) = 4.4964e-08
g(x) = 4.3957e-08
g(x) = 4.2972e-08
g(x) = 4.2009e-08
g(x) = 4.1068e-08
g(x) = 4.0148e-08
g(x) = 3.9249e-08
g(x) = 3.837e-08
g(x) = 3.7511e-08
g(x) = 3.6671e-08
g(x) = 3.5851e-08
g(x) = 3.5048e-08
g(x) = 3.4264e-08
g(x) = 3.3498e-08
g(x) = 3.2749e-08
g(x) = 3.2016e-08
g(x) = 3.13e-08
g(x) = 3.0601e-08
g(x) = 2.9917e-08
g(x) = 2.9248e-08
g(x) = 2.8594e-08
g(x) = 2.7956e-08
g(x) = 2.7331e-08
g(x) = 2.6721e-08
g(x) = 2.6124e-08
g(x) = 2.554e-08
g(x) = 2.497e-08
g(x) = 2.4413e-08
g(x) = 2.3868e-08
g(x) = 2.3335e-08
g(x) = 2.2815e-08
g(x) = 2.2306e-08
g(x) = 2.1808e-08
g(x) = 2.1322e-08
g(x) = 2.0846e-08
g(x) = 2.0381e-08
g(x) = 1.9927e-08
g(x) = 1.9483e-08
g(x) = 1.9048e-08
g(x) = 1.8624e-08
g(x) = 1.8209e-08
g(x) = 1.7803e-08
g(x) = 1.7407e-08
g(x) = 1.7019e-08
g(x) = 1.664e-08
g(x) = 1.6269e-08
g(x) = 1.5907e-08
g(x) = 1.5553e-08
g(x) = 1.5207e-08
g(x) = 1.4868e-08
g(x) = 1.4537e-08
g(x) = 1.4214e-08
g(x) = 1.3898e-08
g(x) = 1.3589e-08
g(x) = 1.3286e-08
g(x) = 1.2991e-08
g(x) = 1.2702e-08
g(x) = 1.242e-08
g(x) = 1.2143e-08
g(x) = 1.1873e-08
g(x) = 1.161e-08
g(x) = 1.1352e-08
g(x) = 1.1099e-08
g(x) = 1.0853e-08
g(x) = 1.0612e-08
g(x) = 1.0376e-08
g(x) = 1.0145e-08
g(x) = 9.9201e-09
g(x) = 9.6999e-09
g(x) = 9.4845e-09
g(x) = 9.2739e-09
g(x) = 9.0681e-09
g(x) = 8.8668e-09
g(x) = 8.67e-09
g(x) = 8.4776e-09
g(x) = 8.2896e-09
g(x) = 8.1056e-09
g(x) = 7.9258e-09
g(x) = 7.75e-09
g(x) = 7.5782e-09
g(x) = 7.4101e-09
g(x) = 7.2458e-09
g(x) = 7.0852e-09
g(x) = 6.9281e-09
g(x) = 6.7745e-09
g(x) = 6.6244e-09
g(x) = 6.4776e-09
g(x) = 6.3341e-09
g(x) = 6.1937e-09
g(x) = 6.0565e-09
g(x) = 5.9223e-09
g(x) = 5.7912e-09
g(x) = 5.6629e-09
g(x) = 5.5375e-09
g(x) = 5.4149e-09
g(x) = 5.295e-09
g(x) = 5.1778e-09
g(x) = 5.0632e-09
g(x) = 4.9511e-09
g(x) = 4.8415e-09
g(x) = 4.7344e-09
g(x) = 4.6296e-09
g(x) = 4.5272e-09
g(x) = 4.427e-09
g(x) = 4.3291e-09
g(x) = 4.2334e-09
g(x) = 4.1397e-09
g(x) = 4.0482e-09
g(x) = 3.9587e-09
g(x) = 3.8711e-09
g(x) = 3.7856e-09
g(x) = 3.7019e-09
g(x) = 3.62e-09
g(x) = 3.54e-09
g(x) = 3.4618e-09
g(x) = 3.3853e-09
g(x) = 3.3105e-09
g(x) = 3.2374e-09
g(x) = 3.1658e-09
g(x) = 3.0959e-09
g(x) = 3.0275e-09
g(x) = 2.9607e-09
g(x) = 2.8953e-09
g(x) = 2.8313e-09
g(x) = 2.7688e-09
g(x) = 2.7077e-09
g(x) = 2.6479e-09
g(x) = 2.5895e-09
g(x) = 2.5323e-09
g(x) = 2.4764e-09
g(x) = 2.4218e-09
g(x) = 2.3683e-09
g(x) = 2.3161e-09
g(x) = 2.265e-09
g(x) = 2.215e-09
g(x) = 2.1661e-09
g(x) = 2.1184e-09
g(x) = 2.0716e-09
g(x) = 2.0259e-09
g(x) = 1.9813e-09
g(x) = 1.9376e-09
g(x) = 1.8949e-09
g(x) = 1.8531e-09
g(x) = 1.8122e-09
g(x) = 1.7723e-09
g(x) = 1.7332e-09
g(x) = 1.695e-09
g(x) = 1.6577e-09
g(x) = 1.6211e-09
g(x) = 1.5854e-09
g(x) = 1.5505e-09
g(x) = 1.5163e-09
g(x) = 1.4829e-09
g(x) = 1.4502e-09
g(x) = 1.4183e-09
g(x) = 1.3871e-09
g(x) = 1.3565e-09
g(x) = 1.3266e-09
g(x) = 1.2974e-09
g(x) = 1.2689e-09
g(x) = 1.2409e-09
g(x) = 1.2136e-09
g(x) = 1.1869e-09
g(x) = 1.1608e-09
g(x) = 1.1352e-09
g(x) = 1.1102e-09
g(x) = 1.0858e-09
g(x) = 1.0619e-09
g(x) = 1.0385e-09
g(x) = 1.0157e-09
g(x) = 9.9333e-10
g(x) = 9.7147e-10
g(x) = 9.501e-10
g(x) = 9.292e-10
g(x) = 9.0876e-10
g(x) = 8.8878e-10
g(x) = 8.6923e-10
g(x) = 8.5011e-10
g(x) = 8.3142e-10
g(x) = 8.1314e-10
g(x) = 7.9526e-10
g(x) = 7.7777e-10
g(x) = 7.6068e-10
g(x) = 7.4395e-10
g(x) = 7.276e-10
g(x) = 7.1161e-10
g(x) = 6.9597e-10
g(x) = 6.8067e-10
g(x) = 6.6571e-10
g(x) = 6.5108e-10
g(x) = 6.3678e-10
g(x) = 6.2279e-10
g(x) = 6.091e-10
g(x) = 5.9572e-10
g(x) = 5.8264e-10
g(x) = 5.6984e-10
g(x) = 5.5732e-10
g(x) = 5.4508e-10
g(x) = 5.3311e-10
g(x) = 5.214e-10
g(x) = 5.0995e-10
g(x) = 4.9875e-10
g(x) = 4.878e-10
g(x) = 4.7709e-10
g(x) = 4.6662e-10
g(x) = 4.5637e-10
g(x) = 4.4635e-10
g(x) = 4.3656e-10
g(x) = 4.2697e-10
g(x) = 4.176e-10
g(x) = 4.0844e-10
g(x) = 3.9947e-10
g(x) = 3.9071e-10
g(x) = 3.8213e-10
g(x) = 3.7375e-10
g(x) = 3.6555e-10
g(x) = 3.5753e-10
g(x) = 3.4969e-10
g(x) = 3.4201e-10
g(x) = 3.3451e-10
g(x) = 3.2717e-10
g(x) = 3.2e-10
g(x) = 3.1298e-10
g(x) = 3.0611e-10
g(x) = 2.994e-10
g(x) = 2.9284e-10
g(x) = 2.8641e-10
g(x) = 2.8013e-10
g(x) = 2.7399e-10
g(x) = 2.6798e-10
g(x) = 2.6211e-10
g(x) = 2.5636e-10
g(x) = 2.5074e-10
g(x) = 2.4525e-10
g(x) = 2.3987e-10
g(x) = 2.3461e-10
g(x) = 2.2947e-10
g(x) = 2.2444e-10
g(x) = 2.1952e-10
g(x) = 2.1471e-10
g(x) = 2.1001e-10
g(x) = 2.0541e-10
g(x) = 2.0091e-10
g(x) = 1.965e-10
g(x) = 1.922e-10
g(x) = 1.8799e-10
g(x) = 1.8387e-10
g(x) = 1.7984e-10
g(x) = 1.759e-10
g(x) = 1.7205e-10
g(x) = 1.6828e-10
g(x) = 1.646e-10
g(x) = 1.6099e-10
g(x) = 1.5747e-10
g(x) = 1.5402e-10
g(x) = 1.5064e-10
g(x) = 1.4735e-10
g(x) = 1.4412e-10
g(x) = 1.4096e-10
g(x) = 1.3788e-10
g(x) = 1.3486e-10
g(x) = 1.3191e-10
g(x) = 1.2902e-10
g(x) = 1.262e-10
g(x) = 1.2343e-10
g(x) = 1.2073e-10
g(x) = 1.1809e-10
g(x) = 1.155e-10
g(x) = 1.1298e-10
g(x) = 1.105e-10
g(x) = 1.0809e-10
g(x) = 1.0572e-10
g(x) = 1.0341e-10
g(x) = 1.0114e-10
g(x) = 9.8931e-11
g(x) = 9.6767e-11
g(x) = 9.465e-11
g(x) = 9.2579e-11
g(x) = 9.0554e-11
g(x) = 8.8573e-11
g(x) = 8.6636e-11
g(x) = 8.474e-11
g(x) = 8.2887e-11
g(x) = 8.1074e-11
g(x) = 7.9301e-11
g(x) = 7.7567e-11
g(x) = 7.587e-11
g(x) = 7.4211e-11
g(x) = 7.2588e-11
g(x) = 7.1001e-11
g(x) = 6.9448e-11
g(x) = 6.793e-11
g(x) = 6.6445e-11
g(x) = 6.4992e-11
g(x) = 6.3571e-11
g(x) = 6.2181e-11
g(x) = 6.0822e-11
g(x) = 5.9492e-11
g(x) = 5.8192e-11
g(x) = 5.692e-11
g(x) = 5.5676e-11
g(x) = 5.4459e-11
g(x) = 5.3268e-11
g(x) = 5.2104e-11
g(x) = 5.0966e-11
g(x) = 4.9852e-11
g(x) = 4.8762e-11
g(x) = 4.7697e-11
g(x) = 4.6654e-11
g(x) = 4.5635e-11
g(x) = 4.4638e-11
g(x) = 4.3663e-11
g(x) = 4.2709e-11
g(x) = 4.1775e-11
g(x) = 4.0863e-11
g(x) = 3.997e-11
g(x) = 3.9097e-11
g(x) = 3.8243e-11
g(x) = 3.7407e-11
g(x) = 3.659e-11
g(x) = 3.5791e-11
g(x) = 3.5009e-11
g(x) = 3.4245e-11
g(x) = 3.3497e-11
g(x) = 3.2765e-11
g(x) = 3.205e-11
g(x) = 3.135e-11
g(x) = 3.0665e-11
g(x) = 2.9995e-11
g(x) = 2.934e-11
g(x) = 2.87e-11
g(x) = 2.8073e-11
g(x) = 2.746e-11
g(x) = 2.6861e-11
g(x) = 2.6274e-11
g(x) = 2.57e-11
g(x) = 2.5139e-11
g(x) = 2.4591e-11
g(x) = 2.4054e-11
g(x) = 2.3529e-11
g(x) = 2.3015e-11
g(x) = 2.2513e-11
g(x) = 2.2021e-11
g(x) = 2.1541e-11
g(x) = 2.107e-11
g(x) = 2.0611e-11
g(x) = 2.0161e-11
g(x) = 1.9721e-11
g(x) = 1.929e-11
g(x) = 1.8869e-11
g(x) = 1.8458e-11
g(x) = 1.8055e-11
g(x) = 1.7661e-11
g(x) = 1.7275e-11
g(x) = 1.6898e-11
g(x) = 1.653e-11
g(x) = 1.6169e-11
g(x) = 1.5816e-11
g(x) = 1.5471e-11
g(x) = 1.5134e-11
g(x) = 1.4803e-11
g(x) = 1.4481e-11
g(x) = 1.4165e-11
g(x) = 1.3856e-11
g(x) = 1.3553e-11
g(x) = 1.3258e-11
g(x) = 1.2969e-11
g(x) = 1.2686e-11
g(x) = 1.2409e-11
g(x) = 1.2138e-11
g(x) = 1.1874e-11
g(x) = 1.1615e-11
g(x) = 1.1361e-11
g(x) = 1.1113e-11
g(x) = 1.0871e-11
g(x) = 1.0634e-11
g(x) = 1.0402e-11
g(x) = 1.0175e-11
g(x) = 9.9534e-12
g(x) = 9.7363e-12
g(x) = 9.524e-12
g(x) = 9.3164e-12
g(x) = 9.1132e-12
g(x) = 8.9145e-12
g(x) = 8.7202e-12
g(x) = 8.53e-12
g(x) = 8.3441e-12
g(x) = 8.1621e-12
g(x) = 7.9842e-12
g(x) = 7.8101e-12
g(x) = 7.6399e-12
g(x) = 7.4733e-12
g(x) = 7.3104e-12
g(x) = 7.1511e-12
g(x) = 6.9952e-12
g(x) = 6.8427e-12
g(x) = 6.6936e-12
g(x) = 6.5477e-12
g(x) = 6.4049e-12
g(x) = 6.2653e-12
g(x) = 6.1288e-12
g(x) = 5.9952e-12
g(x) = 5.8646e-12
g(x) = 5.7367e-12
g(x) = 5.6117e-12
g(x) = 5.4894e-12
g(x) = 5.3698e-12
g(x) = 5.2528e-12
g(x) = 5.1383e-12
g(x) = 5.0264e-12
g(x) = 4.9168e-12
g(x) = 4.8097e-12
g(x) = 4.7049e-12
g(x) = 4.6024e-12
g(x) = 4.5021e-12
g(x) = 4.404e-12
g(x) = 4.3081e-12
g(x) = 4.2142e-12
g(x) = 4.1224e-12
g(x) = 4.0326e-12
g(x) = 3.9447e-12
g(x) = 3.8588e-12
g(x) = 3.7747e-12
g(x) = 3.6925e-12
g(x) = 3.6121e-12
g(x) = 3.5334e-12
g(x) = 3.4564e-12
g(x) = 3.3811e-12
g(x) = 3.3075e-12
g(x) = 3.2354e-12
g(x) = 3.165e-12
g(x) = 3.096e-12
g(x) = 3.0286e-12
g(x) = 2.9626e-12
g(x) = 2.8981e-12
g(x) = 2.835e-12
g(x) = 2.7732e-12
g(x) = 2.7128e-12
g(x) = 2.6538e-12
g(x) = 2.596e-12
g(x) = 2.5394e-12
g(x) = 2.4841e-12
g(x) = 2.43e-12
g(x) = 2.3771e-12
g(x) = 2.3254e-12
g(x) = 2.2747e-12
g(x) = 2.2252e-12
g(x) = 2.1767e-12
g(x) = 2.1294e-12
g(x) = 2.083e-12
g(x) = 2.0376e-12
g(x) = 1.9933e-12
g(x) = 1.9499e-12
g(x) = 1.9074e-12
g(x) = 1.8659e-12
g(x) = 1.8253e-12
g(x) = 1.7855e-12
g(x) = 1.7467e-12
g(x) = 1.7086e-12
g(x) = 1.6714e-12
g(x) = 1.6351e-12
g(x) = 1.5995e-12
g(x) = 1.5646e-12
g(x) = 1.5306e-12
g(x) = 1.4973e-12
g(x) = 1.4647e-12
g(x) = 1.4328e-12
g(x) = 1.4016e-12
g(x) = 1.3711e-12
g(x) = 1.3413e-12
g(x) = 1.3121e-12
g(x) = 1.2835e-12
g(x) = 1.2556e-12
g(x) = 1.2283e-12
g(x) = 1.2015e-12
g(x) = 1.1754e-12
g(x) = 1.1498e-12
g(x) = 1.1248e-12
g(x) = 1.1003e-12
g(x) = 1.0763e-12
g(x) = 1.0529e-12
g(x) = 1.03e-12
g(x) = 1.0076e-12
g(x) = 9.8567e-13
g(x) = 9.6422e-13
g(x) = 9.4324e-13
g(x) = 9.2271e-13
g(x) = 9.0264e-13
g(x) = 8.83e-13
g(x) = 8.6378e-13
g(x) = 8.4499e-13
g(x) = 8.266e-13
g(x) = 8.0862e-13
g(x) = 7.9103e-13
g(x) = 7.7381e-13
g(x) = 7.5698e-13
g(x) = 7.4051e-13
g(x) = 7.244e-13
g(x) = 7.0864e-13
g(x) = 6.9322e-13
g(x) = 6.7814e-13
g(x) = 6.6339e-13
g(x) = 6.4896e-13
g(x) = 6.3484e-13
g(x) = 6.2103e-13
g(x) = 6.0752e-13
g(x) = 5.943e-13
g(x) = 5.8138e-13
g(x) = 5.6873e-13
g(x) = 5.5636e-13
g(x) = 5.4426e-13
g(x) = 5.3242e-13
g(x) = 5.2084e-13
g(x) = 5.0951e-13
g(x) = 4.9843e-13
g(x) = 4.8759e-13
g(x) = 4.7698e-13
g(x) = 4.6661e-13
g(x) = 4.5646e-13
g(x) = 4.4653e-13
g(x) = 4.3682e-13
g(x) = 4.2732e-13
g(x) = 4.1803e-13
g(x) = 4.0893e-13
g(x) = 4.0004e-13
g(x) = 3.9134e-13
g(x) = 3.8283e-13
g(x) = 3.7451e-13
g(x) = 3.6636e-13
g(x) = 3.5839e-13
g(x) = 3.506e-13
g(x) = 3.4298e-13
g(x) = 3.3552e-13
g(x) = 3.2822e-13
g(x) = 3.2109e-13
g(x) = 3.141e-13
g(x) = 3.0727e-13
g(x) = 3.0059e-13
g(x) = 2.9406e-13
g(x) = 2.8766e-13
g(x) = 2.8141e-13
g(x) = 2.7529e-13
g(x) = 2.693e-13
g(x) = 2.6345e-13
g(x) = 2.5772e-13
g(x) = 2.5212e-13
g(x) = 2.4664e-13
g(x) = 2.4127e-13
g(x) = 2.3603e-13
g(x) = 2.309e-13
g(x) = 2.2588e-13
g(x) = 2.2097e-13
g(x) = 2.1616e-13
g(x) = 2.1146e-13
g(x) = 2.0687e-13
g(x) = 2.0237e-13
g(x) = 1.9797e-13
g(x) = 1.9367e-13
g(x) = 1.8946e-13
g(x) = 1.8534e-13
g(x) = 1.8131e-13
g(x) = 1.7737e-13
g(x) = 1.7351e-13
g(x) = 1.6974e-13
g(x) = 1.6605e-13
g(x) = 1.6244e-13
g(x) = 1.5891e-13
g(x) = 1.5546e-13
g(x) = 1.5208e-13
g(x) = 1.4877e-13
g(x) = 1.4554e-13
g(x) = 1.4237e-13
g(x) = 1.3928e-13
g(x) = 1.3625e-13
g(x) = 1.3329e-13
g(x) = 1.3039e-13
g(x) = 1.2756e-13
g(x) = 1.2479e-13
g(x) = 1.2208e-13
g(x) = 1.1942e-13
g(x) = 1.1683e-13
g(x) = 1.1429e-13
g(x) = 1.118e-13
g(x) = 1.0937e-13
g(x) = 1.07e-13
g(x) = 1.0467e-13
g(x) = 1.024e-13
g(x) = 1.0017e-13
g(x) = 9.7996e-14
g(x) = 9.5866e-14
g(x) = 9.3783e-14
g(x) = 9.1745e-14
g(x) = 8.9751e-14
g(x) = 8.7801e-14
g(x) = 8.5893e-14
g(x) = 8.4026e-14
g(x) = 8.2201e-14
g(x) = 8.0414e-14
g(x) = 7.8667e-14
g(x) = 7.6958e-14
g(x) = 7.5286e-14
g(x) = 7.365e-14
g(x) = 7.2049e-14
g(x) = 7.0484e-14
g(x) = 6.8952e-14
g(x) = 6.7454e-14
g(x) = 6.5989e-14
g(x) = 6.4555e-14
g(x) = 6.3152e-14
g(x) = 6.178e-14
g(x) = 6.0438e-14
g(x) = 5.9125e-14
g(x) = 5.784e-14
g(x) = 5.6584e-14
g(x) = 5.5354e-14
g(x) = 5.4152e-14
g(x) = 5.2975e-14
g(x) = 5.1824e-14
g(x) = 5.0699e-14
g(x) = 4.9597e-14
g(x) = 4.852e-14
g(x) = 4.7466e-14
g(x) = 4.6434e-14
g(x) = 4.5426e-14
g(x) = 4.4439e-14
g(x) = 4.3473e-14
g(x) = 4.2529e-14
g(x) = 4.1605e-14
g(x) = 4.0701e-14
g(x) = 3.9817e-14
g(x) = 3.8952e-14
g(x) = 3.8106e-14
g(x) = 3.7278e-14
g(x) = 3.6469e-14
g(x) = 3.5677e-14
g(x) = 3.4902e-14
g(x) = 3.4143e-14
g(x) = 3.3402e-14
g(x) = 3.2676e-14
g(x) = 3.1967e-14
g(x) = 3.1272e-14
g(x) = 3.0593e-14
g(x) = 2.9928e-14
g(x) = 2.9278e-14
g(x) = 2.8642e-14
g(x) = 2.802e-14
g(x) = 2.7412e-14
g(x) = 2.6816e-14
g(x) = 2.6234e-14
g(x) = 2.5664e-14
g(x) = 2.5107e-14
g(x) = 2.4561e-14
g(x) = 2.4028e-14
g(x) = 2.3506e-14
g(x) = 2.2996e-14
g(x) = 2.2496e-14
g(x) = 2.2008e-14
g(x) = 2.153e-14
g(x) = 2.1062e-14
g(x) = 2.0605e-14
g(x) = 2.0157e-14
g(x) = 1.972e-14
g(x) = 1.9291e-14
g(x) = 1.8872e-14
g(x) = 1.8462e-14
g(x) = 1.8062e-14
g(x) = 1.7669e-14
g(x) = 1.7286e-14
g(x) = 1.691e-14
g(x) = 1.6543e-14
g(x) = 1.6184e-14
g(x) = 1.5832e-14
g(x) = 1.5489e-14
g(x) = 1.5152e-14
g(x) = 1.4823e-14
g(x) = 1.4501e-14
g(x) = 1.4186e-14
g(x) = 1.3878e-14
g(x) = 1.3577e-14
g(x) = 1.3282e-14
g(x) = 1.2994e-14
g(x) = 1.2712e-14
g(x) = 1.2436e-14
g(x) = 1.2166e-14
g(x) = 1.1901e-14
g(x) = 1.1643e-14
g(x) = 1.139e-14
g(x) = 1.1143e-14
g(x) = 1.0901e-14
g(x) = 1.0664e-14
g(x) = 1.0433e-14
g(x) = 1.0206e-14
g(x) = 9.9846e-15
g(x) = 9.7678e-15
g(x) = 9.5558e-15
g(x) = 9.3483e-15
g(x) = 9.1453e-15
g(x) = 8.9468e-15
g(x) = 8.7525e-15
g(x) = 8.5625e-15
g(x) = 8.3766e-15
g(x) = 8.1947e-15
g(x) = 8.0168e-15
g(x) = 7.8428e-15
g(x) = 7.6725e-15
g(x) = 7.5059e-15
g(x) = 7.343e-15
g(x) = 7.1836e-15
g(x) = 7.0276e-15
g(x) = 6.875e-15
g(x) = 6.7258e-15
g(x) = 6.5798e-15
g(x) = 6.4369e-15
g(x) = 6.2972e-15
g(x) = 6.1605e-15
g(x) = 6.0268e-15
g(x) = 5.8959e-15
g(x) = 5.7679e-15
g(x) = 5.6427e-15
g(x) = 5.5202e-15
g(x) = 5.4004e-15
g(x) = 5.2832e-15
g(x) = 5.1685e-15
g(x) = 5.0563e-15
g(x) = 4.9465e-15
g(x) = 4.8392e-15
g(x) = 4.7341e-15
g(x) = 4.6313e-15
g(x) = 4.5308e-15
g(x) = 4.4325e-15
g(x) = 4.3363e-15
g(x) = 4.2421e-15
g(x) = 4.15e-15
g(x) = 4.06e-15
g(x) = 3.9718e-15
g(x) = 3.8856e-15
g(x) = 3.8013e-15
g(x) = 3.7188e-15
g(x) = 3.6381e-15
g(x) = 3.5591e-15
g(x) = 3.4818e-15
g(x) = 3.4063e-15
g(x) = 3.3323e-15
g(x) = 3.26e-15
g(x) = 3.1892e-15
g(x) = 3.12e-15
g(x) = 3.0523e-15
g(x) = 2.9861e-15
g(x) = 2.9212e-15
g(x) = 2.8578e-15
g(x) = 2.7958e-15
g(x) = 2.7351e-15
g(x) = 2.6758e-15
g(x) = 2.6177e-15
g(x) = 2.5609e-15
g(x) = 2.5053e-15
g(x) = 2.4509e-15
g(x) = 2.3977e-15
g(x) = 2.3457e-15
g(x) = 2.2948e-15
g(x) = 2.245e-15
g(x) = 2.1963e-15
g(x) = 2.1486e-15
g(x) = 2.102e-15
g(x) = 2.0564e-15
g(x) = 2.0117e-15
g(x) = 1.9681e-15
g(x) = 1.9254e-15
g(x) = 1.8836e-15
g(x) = 1.8427e-15
g(x) = 1.8027e-15
g(x) = 1.7636e-15
g(x) = 1.7253e-15
g(x) = 1.6879e-15
g(x) = 1.6512e-15
g(x) = 1.6154e-15
g(x) = 1.5804e-15
g(x) = 1.5461e-15
g(x) = 1.5125e-15
g(x) = 1.4797e-15
g(x) = 1.4476e-15
g(x) = 1.4162e-15
g(x) = 1.3854e-15
g(x) = 1.3554e-15
g(x) = 1.326e-15
g(x) = 1.2972e-15
g(x) = 1.269e-15
g(x) = 1.2415e-15
g(x) = 1.2146e-15
g(x) = 1.1882e-15
g(x) = 1.1624e-15
g(x) = 1.1372e-15
g(x) = 1.1125e-15
g(x) = 1.0884e-15
g(x) = 1.0648e-15
g(x) = 1.0417e-15
g(x) = 1.0191e-15
g(x) = 9.9694e-16

--------------------------------
        Initial Matrices        
--------------------------------

M_0^0 = { { (+0.32272,+0.00000), (-0.04785,+0.23700), (+0.26867,-0.01209), (-0.27398,+0.07003), (-0.03888,-0.07939)},
          { (-0.04785,-0.23700), (+0.18114,+0.00000), (-0.04871,-0.19551), (+0.09205,+0.19082), (-0.05254,+0.04032)},
          { (+0.26867,+0.01209), (-0.04871,+0.19551), (+0.22413,+0.00000), (-0.23072,+0.04804), (-0.02939,-0.06755)},
          { (-0.27398,-0.07003), (+0.09205,-0.19082), (-0.23072,-0.04804), (+0.24780,+0.00000), (+0.01578,+0.07584)},
          { (-0.03888,+0.07939), (-0.05254,-0.04032), (-0.02939,+0.06755), (+0.01578,-0.07584), (+0.02421,+0.00000)} } 

|M^2-M|  = 0.00000
tr(M^2-M)  = (-0.00000,0.00000)
is M PD? = 0

M_1^0 = { { (+0.13959,+0.00000), (+0.05289,-0.07707), (-0.26706,-0.04305), (-0.15893,-0.01283), (+0.06986,-0.08881)},
          { (+0.05289,+0.07707), (+0.06260,+0.00000), (-0.07742,-0.16377), (-0.05314,-0.09261), (+0.07551,+0.00492)},
          { (-0.26706,+0.04305), (-0.07742,+0.16377), (+0.52422,+0.00000), (+0.30802,-0.02448), (-0.10626,+0.19146)},
          { (-0.15893,+0.01283), (-0.05314,+0.09261), (+0.30802,+0.02448), (+0.18213,+0.00000), (-0.07138,+0.10753)},
          { (+0.06986,+0.08881), (+0.07551,-0.00492), (-0.10626,-0.19146), (-0.07138,-0.10753), (+0.09146,+0.00000)} } 

|M^2-M|  = 0.00000
tr(M^2-M)  = (0.00000,0.00000)
is M PD? = 0

M_2^0 = { { (+0.30501,+0.00000), (+0.16075,-0.27177), (+0.08814,+0.05934), (+0.13863,-0.14446), (-0.21533,+0.12058)},
          { (+0.16075,+0.27177), (+0.32686,+0.00000), (-0.00641,+0.10981), (+0.20177,+0.04739), (-0.22092,-0.12831)},
          { (+0.08814,-0.05934), (-0.00641,-0.10981), (+0.03701,+0.00000), (+0.01196,-0.06871), (-0.03877,+0.07673)},
          { (+0.13863,+0.14446), (+0.20177,-0.04739), (+0.01196,+0.06871), (+0.13142,+0.00000), (-0.15497,-0.04718)},
          { (-0.21533,-0.12058), (-0.22092,+0.12831), (-0.03877,-0.07673), (-0.15497,+0.04718), (+0.19969,+0.00000)} } 

|M^2-M|  = 0.00000
tr(M^2-M)  = (0.00000,0.00000)
is M PD? = 0

M_3^0 = { { (+0.22324,+0.00000), (-0.16832,+0.05994), (-0.05124,-0.02431), (+0.29565,+0.09505), (+0.20371,-0.01806)},
          { (-0.16832,-0.05994), (+0.14300,+0.00000), (+0.03211,+0.03209), (-0.19739,-0.15104), (-0.15844,-0.04107)},
          { (-0.05124,+0.02431), (+0.03211,-0.03209), (+0.01441,+0.00000), (-0.07821,+0.01038), (-0.04479,+0.02633)},
          { (+0.29565,-0.09505), (-0.19739,+0.15104), (-0.07821,-0.01038), (+0.43201,+0.00000), (+0.26208,-0.11065)},
          { (+0.20371,+0.01806), (-0.15844,+0.04107), (-0.04479,-0.02633), (+0.26208,+0.11065), (+0.18734,+0.00000)} } 

|M^2-M|  = 0.00000
tr(M^2-M)  = (0.00000,0.00000)
is M PD? = 0

M_4^0 = { { (+0.00943,+0.00000), (+0.00253,+0.05191), (-0.03851,+0.02012), (-0.00137,-0.00780), (-0.01935,+0.06569)},
          { (+0.00253,-0.05191), (+0.28640,+0.00000), (+0.10044,+0.21739), (-0.04329,+0.00545), (+0.35639,+0.12414)},
          { (-0.03851,-0.02012), (+0.10044,-0.21739), (+0.20023,+0.00000), (-0.01105,+0.03477), (+0.21921,-0.22697)},
          { (-0.00137,+0.00780), (-0.04329,-0.00545), (-0.01105,-0.03477), (+0.00665,+0.00000), (-0.05151,-0.02554)},
          { (-0.01935,-0.06569), (+0.35639,-0.12414), (+0.21921,+0.22697), (-0.05151,+0.02554), (+0.49729,+0.00000)} } 

|M^2-M|  = 0.00000
tr(M^2-M)  = (-0.00000,0.00000)
is M PD? = 0

M_0^1 = { { (+0.06979,+0.00000), (-0.01242,+0.04662), (+0.11840,+0.00483), (+0.06754,-0.17443), (+0.11646,-0.00134)},
          { (-0.01242,-0.04662), (+0.03336,+0.00000), (-0.01784,-0.07996), (-0.12855,-0.01408), (-0.02162,-0.07756)},
          { (+0.11840,-0.00483), (-0.01784,+0.07996), (+0.20120,+0.00000), (+0.10251,-0.30059), (+0.19748,-0.01034)},
          { (+0.06754,+0.17443), (-0.12855,+0.01408), (+0.10251,+0.30059), (+0.50130,+0.00000), (+0.11606,+0.28976)},
          { (+0.11646,+0.00134), (-0.02162,+0.07756), (+0.19748,+0.01034), (+0.11606,-0.28976), (+0.19435,+0.00000)} } 

|M^2-M|  = 0.00000
tr(M^2-M)  = (0.00000,0.00000)
is M PD? = 0

M_1^1 = { { (+0.37859,+0.00000), (+0.22771,-0.34494), (+0.09098,+0.04168), (+0.04389,+0.16513), (+0.06145,-0.14644)},
          { (+0.22771,+0.34494), (+0.45123,+0.00000), (+0.01675,+0.10797), (-0.12405,+0.13930), (+0.17038,-0.03209)},
          { (+0.09098,-0.04168), (+0.01675,-0.10797), (+0.02645,+0.00000), (+0.02873,+0.03485), (-0.00136,-0.04196)},
          { (+0.04389,-0.16513), (-0.12405,-0.13930), (+0.02873,-0.03485), (+0.07711,+0.00000), (-0.05675,-0.04378)},
          { (+0.06145,+0.14644), (+0.17038,+0.03209), (-0.00136,+0.04196), (-0.05675,+0.04378), (+0.06662,+0.00000)} } 

|M^2-M|  = 0.00000
tr(M^2-M)  = (-0.00000,0.00000)
is M PD? = 0

M_2^1 = { { (+0.18435,+0.00000), (-0.15775,-0.04448), (-0.24116,+0.05794), (-0.15542,-0.06679), (+0.12493,+0.13327)},
          { (-0.15775,+0.04448), (+0.14571,+0.00000), (+0.19238,-0.10777), (+0.14911,+0.01965), (-0.13906,-0.08389)},
          { (-0.24116,-0.05794), (+0.19238,+0.10777), (+0.33370,+0.00000), (+0.18233,+0.13622), (-0.12155,-0.21361)},
          { (-0.15542,+0.06679), (+0.14911,-0.01965), (+0.18233,-0.13622), (+0.15523,+0.00000), (-0.15361,-0.06709)},
          { (+0.12493,-0.13327), (-0.13906,+0.08389), (-0.12155,+0.21361), (-0.15361,+0.06709), (+0.18101,+0.00000)} } 

|M^2-M|  = 0.00000
tr(M^2-M)  = (-0.00000,0.00000)
is M PD? = 0

M_3^1 = { { (+0.19585,+0.00000), (-0.07025,+0.13633), (+0.20933,-0.04480), (-0.11957,+0.08493), (-0.19186,+0.17269)},
          { (-0.07025,-0.13633), (+0.12010,+0.00000), (-0.10627,-0.12965), (+0.10201,+0.05277), (+0.18903,+0.07161)},
          { (+0.20933,+0.04480), (-0.10627,+0.12965), (+0.23399,+0.00000), (-0.14723,+0.06343), (-0.24456,+0.14070)},
          { (-0.11957,-0.08493), (+0.10201,-0.05277), (-0.14723,-0.06343), (+0.10984,+0.00000), (+0.19203,-0.02224)},
          { (-0.19186,-0.17269), (+0.18903,-0.07161), (-0.24456,-0.14070), (+0.19203,+0.02224), (+0.34022,+0.00000)} } 

|M^2-M|  = 0.00000
tr(M^2-M)  = (-0.00000,0.00000)
is M PD? = 0

M_4^1 = { { (+0.17142,+0.00000), (+0.01271,+0.20646), (-0.17755,-0.05966), (+0.16356,-0.00884), (-0.11098,-0.15818)},
          { (+0.01271,-0.20646), (+0.24960,+0.00000), (-0.08501,+0.20941), (+0.00147,-0.19765), (-0.19873,+0.12193)},
          { (-0.17755,+0.05966), (-0.08501,-0.20941), (+0.20466,+0.00000), (-0.16633,+0.06608), (+0.16999,+0.12521)},
          { (+0.16356,+0.00884), (+0.00147,+0.19765), (-0.16633,-0.06608), (+0.15652,+0.00000), (-0.09773,-0.15665)},
          { (-0.11098,+0.15818), (-0.19873,-0.12193), (+0.16999,-0.12521), (-0.09773,+0.15665), (+0.21780,+0.00000)} } 

|M^2-M|  = 0.00000
tr(M^2-M)  = (0.00000,0.00000)
is M PD? = 0

M_0^2 = { { (+0.02308,+0.00000), (-0.10909,+0.03622), (+0.00926,-0.07999), (-0.02436,+0.04389), (+0.00365,+0.01774)},
          { (-0.10909,-0.03622), (+0.57252,+0.00000), (-0.16933,+0.36360), (+0.18406,-0.16921), (+0.01058,-0.08960)},
          { (+0.00926,+0.07999), (-0.16933,-0.36360), (+0.28100,+0.00000), (-0.16190,-0.06685), (-0.06003,+0.01978)},
          { (-0.02436,-0.04389), (+0.18406,+0.16921), (-0.16190,+0.06685), (+0.10918,+0.00000), (+0.02988,-0.02568)},
          { (+0.00365,-0.01774), (+0.01058,+0.08960), (-0.06003,-0.01978), (+0.02988,+0.02568), (+0.01422,+0.00000)} } 

|M^2-M|  = 0.00000
tr(M^2-M)  = (-0.00000,0.00000)
is M PD? = 0

M_1^2 = { { (+0.14649,+0.00000), (+0.09407,-0.01597), (+0.06686,-0.10505), (+0.13996,+0.06220), (-0.27732,+0.00739)},
          { (+0.09407,+0.01597), (+0.06215,+0.00000), (+0.05439,-0.06017), (+0.08310,+0.05520), (-0.17889,-0.02549)},
          { (+0.06686,+0.10505), (+0.05439,+0.06017), (+0.10585,+0.00000), (+0.01928,+0.12876), (-0.13188,-0.19550)},
          { (+0.13996,-0.06220), (+0.08310,-0.05520), (+0.01928,-0.12876), (+0.16013,+0.00000), (-0.26182,+0.12481)},
          { (-0.27732,-0.00739), (-0.17889,+0.02549), (-0.13188,+0.19550), (-0.26182,-0.12481), (+0.52538,+0.00000)} } 

|M^2-M|  = 0.00000
tr(M^2-M)  = (-0.00000,0.00000)
is M PD? = 0

M_2^2 = { { (+0.44446,+0.00000), (-0.16567,-0.16351), (-0.27620,+0.31051), (+0.01377,+0.13127), (+0.03930,-0.03265)},
          { (-0.16567,+0.16351), (+0.12191,+0.00000), (-0.01128,-0.21735), (-0.05343,-0.04386), (-0.00264,+0.02663)},
          { (-0.27620,-0.31051), (-0.01128,+0.21735), (+0.38856,+0.00000), (+0.08315,-0.09119), (-0.04723,-0.00717)},
          { (+0.01377,-0.13127), (-0.05343,+0.04386), (+0.08315,+0.09119), (+0.03920,+0.00000), (-0.00842,-0.01262)},
          { (+0.03930,+0.03265), (-0.00264,-0.02663), (-0.04723,+0.00717), (-0.00842,+0.01262), (+0.00587,+0.00000)} } 

|M^2-M|  = 0.00000
tr(M^2-M)  = (-0.00000,0.00000)
is M PD? = 0

M_3^2 = { { (+0.22092,+0.00000), (+0.01123,+0.04346), (+0.06259,-0.14160), (+0.06331,-0.30490), (+0.14584,-0.16700)},
          { (+0.01123,-0.04346), (+0.00912,+0.00000), (-0.02468,-0.01951), (-0.05677,-0.02796), (-0.02544,-0.03719)},
          { (+0.06259,+0.14160), (-0.02468,+0.01951), (+0.10849,+0.00000), (+0.21336,-0.04580), (+0.14836,+0.04617)},
          { (+0.06331,+0.30490), (-0.05677,+0.02796), (+0.21336,+0.04580), (+0.43895,+0.00000), (+0.27228,+0.15343)},
          { (+0.14584,+0.16700), (-0.02544,+0.03719), (+0.14836,-0.04617), (+0.27228,-0.15343), (+0.22253,+0.00000)} } 

|M^2-M|  = 0.00000
tr(M^2-M)  = (-0.00000,0.00000)
is M PD? = 0

M_4^2 = { { (+0.16506,+0.00000), (+0.16945,+0.09980), (+0.13749,+0.01613), (-0.19267,+0.06754), (+0.08852,+0.17452)},
          { (+0.16945,-0.09980), (+0.23430,+0.00000), (+0.15090,-0.06657), (-0.15696,+0.18583), (+0.19640,+0.12564)},
          { (+0.13749,-0.01613), (+0.15090,+0.06657), (+0.11610,+0.00000), (-0.15389,+0.07508), (+0.09079,+0.13672)},
          { (-0.19267,-0.06754), (-0.15696,-0.18583), (-0.15389,-0.07508), (+0.25254,+0.00000), (-0.03192,-0.23994)},
          { (+0.08852,-0.17452), (+0.19640,-0.12564), (+0.09079,-0.13672), (-0.03192,+0.23994), (+0.23200,+0.00000)} } 

|M^2-M|  = 0.00000
tr(M^2-M)  = (0.00000,0.00000)
is M PD? = 0

|X^2-X|  = 0.00000
tr(X^2-X)  = 0.00000
isPD(X) = 0
isPSD(X) = 0

----------------------------------
         Iteration 0
----------------------------------
f = -66.65006   r = 16.10927 ?< 10000000000.00000   g = 0.00000

----------------------------------
         Iteration 1
----------------------------------
f = -66.65006   r = 22.11354 ?< 1000000000.00000   g = 0.00000

----------------------------------
         Iteration 2
----------------------------------
f = -66.65006   r = 22.91994 ?< 100000000.00000   g = 0.00000

----------------------------------
         Iteration 3
----------------------------------
f = -66.65006   r = 23.00193 ?< 10000000.00000   g = 0.00000

----------------------------------
         Iteration 4
----------------------------------
f = -66.65006   r = 23.01014 ?< 1000000.00000   g = 0.00000

----------------------------------
         Iteration 5
----------------------------------
f = -66.65006   r = 23.01096 ?< 100000.00000   g = 0.00000

----------------------------------
         Iteration 6
----------------------------------
f = -66.65006   r = 23.01104 ?< 10000.00000   g = 0.00000

----------------------------------
         Iteration 7
----------------------------------
f = -66.65006   r = 23.01105 ?< 1000.00000   g = 0.00000

----------------------------------
         Iteration 8
----------------------------------
f = -66.65006   r = 23.01105 ?< 100.00000   g = 0.00000

----------------------------------
         Iteration 9
----------------------------------
f = -66.65006   r = 23.01105 ?< 10.00000   g = 0.00000
f = -66.85331   r = 3.12625 ?< 10.00000   g = 0.06938

----------------------------------
         Iteration 10
----------------------------------
f = -66.85331   r = 3.12625 ?< 1.00000   g = 0.06938
f = -66.86867   r = 3.08605 ?< 1.00000   g = 0.19933
f = -66.99110   r = 0.67067 ?< 1.00000   g = 0.22082

----------------------------------
         Iteration 11
----------------------------------
f = -66.99110   r = 0.67067 ?< 0.10000   g = 0.22082
f = -66.99075   r = 0.83297 ?< 0.10000   g = 0.20281
f = -66.98836   r = 1.08071 ?< 0.10000   g = 0.18589
f = -66.98526   r = 1.28655 ?< 0.10000   g = 0.17025
f = -66.98182   r = 1.44452 ?< 0.10000   g = 0.15587
f = -66.97822   r = 1.56926 ?< 0.10000   g = 0.14266
f = -66.97451   r = 1.67409 ?< 0.10000   g = 0.13055
f = -66.97074   r = 1.76850 ?< 0.10000   g = 0.11944
f = -66.96695   r = 1.85890 ?< 0.10000   g = 0.10925
f = -66.96315   r = 1.94956 ?< 0.10000   g = 0.09992
f = -66.96031   r = 1.39314 ?< 0.10000   g = 0.09137
f = -66.95847   r = 0.92421 ?< 0.10000   g = 0.08359
f = -66.95761   r = 0.60113 ?< 0.10000   g = 0.07649
f = -66.95781   r = 0.44402 ?< 0.10000   g = 0.07003
f = -66.95918   r = 0.47621 ?< 0.10000   g = 0.06418
f = -66.95947   r = 0.60777 ?< 0.10000   g = 0.06364
f = -66.95998   r = 0.74641 ?< 0.10000   g = 0.06311
f = -66.96078   r = 0.82062 ?< 0.10000   g = 0.06261
f = -66.96184   r = 0.79988 ?< 0.10000   g = 0.06213
f = -66.96305   r = 0.70534 ?< 0.10000   g = 0.06167
f = -66.96421   r = 0.58447 ?< 0.10000   g = 0.06120
f = -66.96523   r = 0.49606 ?< 0.10000   g = 0.06074
f = -66.96524   r = 0.45978 ?< 0.10000   g = 0.06073
f = -66.96525   r = 0.45593 ?< 0.10000   g = 0.06073
f = -66.96526   r = 0.46446 ?< 0.10000   g = 0.06072
f = -67.03570   r = 0.44025 ?< 0.10000   g = 0.08094
f = -67.02015   r = 0.29509 ?< 0.10000   g = 0.04629
f = -67.00470   r = 0.41197 ?< 0.10000   g = 0.01752
f = -66.99616   r = 0.38750 ?< 0.10000   g = 0.00625
f = -66.99745   r = 0.52626 ?< 0.10000   g = 0.00294
f = -67.00168   r = 0.31993 ?< 0.10000   g = 0.00223
f = -67.00129   r = 0.38859 ?< 0.10000   g = 0.00113
f = -67.00135   r = 0.33602 ?< 0.10000   g = 0.00066
f = -67.00175   r = 0.48937 ?< 0.10000   g = 0.00049
f = -67.00325   r = 0.44018 ?< 0.10000   g = 0.00033
f = -67.00849   r = 0.78209 ?< 0.10000   g = 0.00054
f = -67.01632   r = 1.26605 ?< 0.10000   g = 0.00108
f = -67.02242   r = 1.09460 ?< 0.10000   g = 0.00161
f = -67.02412   r = 0.80536 ?< 0.10000   g = 0.00200
f = -67.02470   r = 0.41976 ?< 0.10000   g = 0.00141
f = -67.02465   r = 0.44067 ?< 0.10000   g = 0.00121
f = -67.02397   r = 0.28117 ?< 0.10000   g = 0.00067
f = -67.02325   r = 0.45906 ?< 0.10000   g = 0.00052
f = -67.02362   r = 0.27725 ?< 0.10000   g = 0.00028
f = -67.02500   r = 0.69287 ?< 0.10000   g = 0.00050
f = -67.02682   r = 0.39105 ?< 0.10000   g = 0.00028
f = -67.03050   r = 0.80277 ?< 0.10000   g = 0.00075
f = -67.03225   r = 0.54881 ?< 0.10000   g = 0.00056
f = -67.03311   r = 0.65425 ?< 0.10000   g = 0.00076
f = -67.03316   r = 0.37699 ?< 0.10000   g = 0.00049
f = -67.03386   r = 0.52581 ?< 0.10000   g = 0.00063
f = -67.03385   r = 0.35012 ?< 0.10000   g = 0.00044
f = -67.03421   r = 0.55056 ?< 0.10000   g = 0.00058
f = -67.03401   r = 0.31316 ?< 0.10000   g = 0.00032
f = -67.03435   r = 0.54125 ?< 0.10000   g = 0.00047
f = -67.03467   r = 0.20778 ?< 0.10000   g = 0.00028
f = -67.03447   r = 0.56614 ?< 0.10000   g = 0.00036
f = -67.03483   r = 0.24656 ?< 0.10000   g = 0.00020
f = -67.03597   r = 0.76993 ?< 0.10000   g = 0.00051
f = -67.03661   r = 0.32993 ?< 0.10000   g = 0.00030
f = -67.03757   r = 0.57090 ?< 0.10000   g = 0.00053
f = -67.03785   r = 0.27318 ?< 0.10000   g = 0.00029
f = -67.03885   r = 0.68292 ?< 0.10000   g = 0.00060
f = -67.03924   r = 0.22696 ?< 0.10000   g = 0.00029
f = -67.03975   r = 0.62139 ?< 0.10000   g = 0.00051
f = -67.04038   r = 0.17577 ?< 0.10000   g = 0.00028
f = -67.03988   r = 0.65699 ?< 0.10000   g = 0.00039
f = -67.04048   r = 0.21836 ?< 0.10000   g = 0.00023
f = -67.04127   r = 0.80819 ?< 0.10000   g = 0.00077
f = -67.04223   r = 0.18531 ?< 0.10000   g = 0.00045
f = -67.04129   r = 0.50894 ?< 0.10000   g = 0.00046
f = -67.04148   r = 0.14124 ?< 0.10000   g = 0.00025
f = -67.04062   r = 0.52922 ?< 0.10000   g = 0.00025
f = -67.04112   r = 0.16511 ?< 0.10000   g = 0.00015
f = -67.04089   r = 0.64458 ?< 0.10000   g = 0.00025
f = -67.04155   r = 0.19108 ?< 0.10000   g = 0.00016
f = -67.04190   r = 0.69275 ?< 0.10000   g = 0.00037
f = -67.04245   r = 0.25066 ?< 0.10000   g = 0.00021
f = -67.04281   r = 0.58749 ?< 0.10000   g = 0.00041
f = -67.04320   r = 0.18471 ?< 0.10000   g = 0.00023
f = -67.04304   r = 0.65370 ?< 0.10000   g = 0.00037
f = -67.04351   r = 0.18929 ?< 0.10000   g = 0.00019
f = -67.04337   r = 0.71192 ?< 0.10000   g = 0.00032
f = -67.04399   r = 0.17542 ?< 0.10000   g = 0.00019
f = -67.04382   r = 0.61807 ?< 0.10000   g = 0.00032
f = -67.04451   r = 0.21353 ?< 0.10000   g = 0.00020
f = -67.04449   r = 0.74181 ?< 0.10000   g = 0.00040
f = -67.04505   r = 0.20243 ?< 0.10000   g = 0.00023
f = -67.04492   r = 0.63288 ?< 0.10000   g = 0.00040
f = -67.04542   r = 0.15433 ?< 0.10000   g = 0.00023
f = -67.04472   r = 0.58855 ?< 0.10000   g = 0.00025
f = -67.04513   r = 0.13072 ?< 0.10000   g = 0.00015
f = -67.04471   r = 0.58013 ?< 0.10000   g = 0.00020
f = -67.04532   r = 0.17400 ?< 0.10000   g = 0.00013
f = -67.04550   r = 0.60460 ?< 0.10000   g = 0.00024
f = -67.04608   r = 0.24633 ?< 0.10000   g = 0.00016
f = -67.04688   r = 0.68282 ?< 0.10000   g = 0.00041
f = -67.04721   r = 0.21221 ?< 0.10000   g = 0.00020
f = -67.04784   r = 0.58439 ?< 0.10000   g = 0.00040
f = -67.04839   r = 0.17902 ?< 0.10000   g = 0.00020
f = -67.04891   r = 0.68064 ?< 0.10000   g = 0.00035
f = -67.04984   r = 0.29028 ?< 0.10000   g = 0.00018
f = -67.05167   r = 0.69568 ?< 0.10000   g = 0.00062
f = -67.05262   r = 0.33244 ?< 0.10000   g = 0.00045
f = -67.05330   r = 0.52469 ?< 0.10000   g = 0.00075
f = -67.05385   r = 0.23698 ?< 0.10000   g = 0.00047
f = -67.05366   r = 0.32718 ?< 0.10000   g = 0.00040
f = -67.05404   r = 0.19941 ?< 0.10000   g = 0.00019
f = -67.05536   r = 0.57495 ?< 0.10000   g = 0.00034
f = -67.05730   r = 0.48924 ?< 0.10000   g = 0.00022
f = -67.06365   r = 0.59654 ?< 0.10000   g = 0.00072
f = -67.06952   r = 0.71453 ?< 0.10000   g = 0.00096
f = -67.06951   r = 1.35864 ?< 0.10000   g = 0.01605
f = -67.07484   r = 0.27755 ?< 0.10000   g = 0.00578
f = -67.07718   r = 0.16750 ?< 0.10000   g = 0.00308
f = -67.07649   r = 0.17452 ?< 0.10000   g = 0.00110
f = -67.07613   r = 0.18663 ?< 0.10000   g = 0.00038
f = -67.07680   r = 0.14944 ?< 0.10000   g = 0.00016
f = -67.07808   r = 0.17335 ?< 0.10000   g = 0.00021
f = -67.07850   r = 0.27329 ?< 0.10000   g = 0.00013
f = -67.07960   r = 0.21236 ?< 0.10000   g = 0.00017
f = -67.08038   r = 0.24708 ?< 0.10000   g = 0.00020
f = -67.08088   r = 0.16684 ?< 0.10000   g = 0.00011
f = -67.08140   r = 0.13430 ?< 0.10000   g = 0.00010
f = -67.08158   r = 0.14085 ?< 0.10000   g = 0.00008
f = -67.08169   r = 0.09218 ?< 0.10000   g = 0.00004

----------------------------------
         Iteration 12
----------------------------------
f = -67.08169   r = 0.09218 ?< 0.01000   g = 0.00004
f = -67.08179   r = 0.05687 ?< 0.01000   g = 0.00003
f = -67.08183   r = 0.05788 ?< 0.01000   g = 0.00002
f = -67.08187   r = 0.06562 ?< 0.01000   g = 0.00001
f = -67.08191   r = 0.04015 ?< 0.01000   g = 0.00001
f = -67.08194   r = 0.03158 ?< 0.01000   g = 0.00001
f = -67.08197   r = 0.03622 ?< 0.01000   g = 0.00001
f = -67.08199   r = 0.03967 ?< 0.01000   g = 0.00001
f = -67.08201   r = 0.03505 ?< 0.01000   g = 0.00000
f = -67.08202   r = 0.02406 ?< 0.01000   g = 0.00000
f = -67.08203   r = 0.01854 ?< 0.01000   g = 0.00000
f = -67.08203   r = 0.01131 ?< 0.01000   g = 0.00000
f = -67.08203   r = 0.01003 ?< 0.01000   g = 0.00000
f = -67.08203   r = 0.00834 ?< 0.01000   g = 0.00000

----------------------------------
         Iteration 13
----------------------------------
f = -67.08203   r = 0.00834 ?< 0.00100   g = 0.00000
f = -67.08203   r = 0.00834 ?< 0.00100   g = 0.00000
f = -67.08204   r = 0.00709 ?< 0.00100   g = 0.00000
f = -67.08204   r = 0.00561 ?< 0.00100   g = 0.00000
f = -67.08204   r = 0.00475 ?< 0.00100   g = 0.00000
f = -67.08204   r = 0.00517 ?< 0.00100   g = 0.00000
f = -67.08204   r = 0.00643 ?< 0.00100   g = 0.00000
f = -67.08204   r = 0.00464 ?< 0.00100   g = 0.00000
f = -67.08204   r = 0.00290 ?< 0.00100   g = 0.00000
f = -67.08204   r = 0.00208 ?< 0.00100   g = 0.00000
f = -67.08204   r = 0.00238 ?< 0.00100   g = 0.00000
f = -67.08204   r = 0.00214 ?< 0.00100   g = 0.00000
f = -67.08204   r = 0.00160 ?< 0.00100   g = 0.00000
f = -67.08204   r = 0.00123 ?< 0.00100   g = 0.00000
f = -67.08204   r = 0.00083 ?< 0.00100   g = 0.00000

----------------------------------
         Iteration 14
----------------------------------
f = -67.08204   r = 0.00083 ?< 0.00010   g = 0.00000
f = -67.08204   r = 0.00066 ?< 0.00010   g = 0.00000
f = -67.08204   r = 0.00070 ?< 0.00010   g = 0.00000
f = -67.08204   r = 0.00066 ?< 0.00010   g = 0.00000
f = -67.08204   r = 0.00044 ?< 0.00010   g = 0.00000
f = -67.08204   r = 0.00032 ?< 0.00010   g = 0.00000
f = -67.08204   r = 0.00029 ?< 0.00010   g = 0.00000
f = -67.08204   r = 0.00028 ?< 0.00010   g = 0.00000
f = -67.08204   r = 0.00034 ?< 0.00010   g = 0.00000
f = -67.08204   r = 0.00035 ?< 0.00010   g = 0.00000
f = -67.08204   r = 0.00018 ?< 0.00010   g = 0.00000
f = -67.08204   r = 0.00009 ?< 0.00010   g = 0.00000

----------------------------------
         Iteration 15
----------------------------------
f = -67.08204   r = 0.00009 ?< 0.00001   g = 0.00000
f = -67.08204   r = 0.00007 ?< 0.00001   g = 0.00000
f = -67.08204   r = 0.00008 ?< 0.00001   g = 0.00000
f = -67.08204   r = 0.00007 ?< 0.00001   g = 0.00000
f = -67.08204   r = 0.00006 ?< 0.00001   g = 0.00000
f = -67.08204   r = 0.00005 ?< 0.00001   g = 0.00000
f = -67.08204   r = 0.00004 ?< 0.00001   g = 0.00000
f = -67.08204   r = 0.00004 ?< 0.00001   g = 0.00000
f = -67.08204   r = 0.00004 ?< 0.00001   g = 0.00000
f = -67.08204   r = 0.00004 ?< 0.00001   g = 0.00000
f = -67.08204   r = 0.00002 ?< 0.00001   g = 0.00000
f = -67.08204   r = 0.00001 ?< 0.00001   g = 0.00000
f = -67.08204   r = 0.00001 ?< 0.00001   g = 0.00000

--------------------------------
      Final Z 
--------------------------------

Z_0^0 = { { (+0.00000,+0.00000), (+0.00000,-0.00000), (-0.00000,-0.00000), (+0.00000,-0.00000), (+0.00000,+0.00000)},
          { (+0.00000,+0.00000), (+0.00000,+0.00000), (-0.00000,+0.00000), (-0.00000,-0.00000), (+0.00000,-0.00000)},
          { (-0.00000,+0.00000), (-0.00000,-0.00000), (+0.00000,-0.00000), (+0.00000,-0.00000), (+0.00000,+0.00000)},
          { (+0.00000,+0.00000), (-0.00000,+0.00000), (+0.00000,+0.00000), (+0.00000,+0.00000), (+0.00000,-0.00000)},
          { (+0.00000,-0.00000), (+0.00000,+0.00000), (+0.00000,-0.00000), (+0.00000,+0.00000), (+0.00000,+0.00000)} } 

Z_1^0 = { { (+0.00000,-0.00000), (-0.00000,-0.00000), (+0.00000,+0.00000), (+0.00000,+0.00000), (-0.00000,+0.00000)},
          { (-0.00000,+0.00000), (+0.00000,-0.00000), (+0.00000,+0.00000), (+0.00000,+0.00000), (-0.00000,+0.00000)},
          { (+0.00000,-0.00000), (+0.00000,-0.00000), (+0.00000,+0.00000), (-0.00000,+0.00000), (+0.00000,-0.00000)},
          { (+0.00000,-0.00000), (+0.00000,-0.00000), (-0.00000,-0.00000), (+0.00000,-0.00000), (+0.00000,-0.00000)},
          { (-0.00000,-0.00000), (-0.00000,-0.00000), (+0.00000,+0.00000), (+0.00000,+0.00000), (+0.00000,-0.00000)} } 

Z_2^0 = { { (+0.00000,-0.00000), (-0.00000,+0.00000), (-0.00000,-0.00000), (-0.00000,+0.00000), (+0.00000,-0.00000)},
          { (-0.00000,-0.00000), (+0.00000,+0.00000), (+0.00000,-0.00000), (-0.00000,+0.00000), (+0.00000,+0.00000)},
          { (-0.00000,+0.00000), (+0.00000,+0.00000), (+0.00000,-0.00000), (+0.00000,+0.00000), (-0.00000,-0.00000)},
          { (-0.00000,-0.00000), (-0.00000,-0.00000), (+0.00000,-0.00000), (+0.00000,+0.00000), (+0.00000,+0.00000)},
          { (+0.00000,+0.00000), (+0.00000,-0.00000), (-0.00000,+0.00000), (+0.00000,-0.00000), (+0.00000,+0.00000)} } 

Z_3^0 = { { (+0.00000,-0.00000), (+0.00000,+0.00000), (+0.00000,+0.00000), (-0.00000,-0.00000), (-0.00000,-0.00000)},
          { (+0.00000,-0.00000), (+0.00000,-0.00000), (-0.00000,-0.00000), (+0.00000,+0.00000), (+0.00000,-0.00000)},
          { (+0.00000,-0.00000), (-0.00000,+0.00000), (+0.00000,-0.00000), (+0.00000,-0.00000), (+0.00000,-0.00000)},
          { (-0.00000,+0.00000), (+0.00000,-0.00000), (+0.00000,+0.00000), (+0.00000,+0.00000), (-0.00000,+0.00000)},
          { (-0.00000,+0.00000), (+0.00000,+0.00000), (+0.00000,+0.00000), (-0.00000,-0.00000), (+0.00000,+0.00000)} } 

Z_4^0 = { { (+0.00000,+0.00000), (+0.00000,-0.00000), (+0.00000,-0.00000), (+0.00000,-0.00000), (+0.00000,-0.00000)},
          { (+0.00000,+0.00000), (+0.00000,-0.00000), (-0.00000,-0.00000), (-0.00000,-0.00000), (-0.00000,-0.00000)},
          { (+0.00000,+0.00000), (-0.00000,+0.00000), (+0.00000,-0.00000), (-0.00000,+0.00000), (-0.00000,+0.00000)},
          { (+0.00000,+0.00000), (-0.00000,+0.00000), (-0.00000,-0.00000), (+0.00000,-0.00000), (-0.00000,-0.00000)},
          { (+0.00000,+0.00000), (-0.00000,+0.00000), (-0.00000,-0.00000), (-0.00000,+0.00000), (+0.00000,-0.00000)} } 

Z_0^1 = { { (+0.00000,-0.00000), (+0.00000,-0.00000), (-0.00000,-0.00000), (-0.00000,+0.00000), (-0.00000,-0.00000)},
          { (+0.00000,+0.00000), (+0.00000,-0.00000), (+0.00000,+0.00000), (+0.00000,-0.00000), (+0.00000,+0.00000)},
          { (-0.00000,+0.00000), (+0.00000,-0.00000), (+0.00000,-0.00000), (+0.00000,+0.00000), (-0.00000,+0.00000)},
          { (-0.00000,-0.00000), (+0.00000,+0.00000), (+0.00000,-0.00000), (+0.00000,+0.00000), (+0.00000,-0.00000)},
          { (-0.00000,+0.00000), (+0.00000,-0.00000), (-0.00000,-0.00000), (+0.00000,+0.00000), (+0.00000,+0.00000)} } 

Z_1^1 = { { (+0.00000,+0.00000), (-0.00000,+0.00000), (-0.00000,-0.00000), (-0.00000,-0.00000), (-0.00000,+0.00000)},
          { (-0.00000,-0.00000), (+0.00000,+0.00000), (-0.00000,-0.00000), (+0.00000,-0.00000), (-0.00000,+0.00000)},
          { (-0.00000,+0.00000), (-0.00000,+0.00000), (+0.00000,-0.00000), (-0.00000,-0.00000), (+0.00000,+0.00000)},
          { (-0.00000,+0.00000), (+0.00000,+0.00000), (-0.00000,+0.00000), (+0.00000,-0.00000), (+0.00000,+0.00000)},
          { (-0.00000,-0.00000), (-0.00000,-0.00000), (+0.00000,-0.00000), (+0.00000,-0.00000), (+0.00000,-0.00000)} } 

Z_2^1 = { { (+0.00000,-0.00000), (+0.00000,+0.00000), (+0.00000,+0.00000), (+0.00000,+0.00000), (-0.00000,-0.00000)},
          { (+0.00000,-0.00000), (+0.00000,+0.00000), (-0.00000,+0.00000), (-0.00000,-0.00000), (+0.00000,+0.00000)},
          { (+0.00000,-0.00000), (-0.00000,-0.00000), (+0.00000,+0.00000), (-0.00000,-0.00000), (+0.00000,+0.00000)},
          { (+0.00000,-0.00000), (-0.00000,+0.00000), (-0.00000,+0.00000), (+0.00000,-0.00000), (+0.00000,-0.00000)},
          { (-0.00000,+0.00000), (+0.00000,-0.00000), (+0.00000,-0.00000), (+0.00000,+0.00000), (+0.00000,+0.00000)} } 

Z_3^1 = { { (+0.00000,+0.00000), (+0.00000,-0.00000), (-0.00000,-0.00000), (+0.00000,-0.00000), (+0.00000,-0.00000)},
          { (+0.00000,+0.00000), (+0.00000,-0.00000), (+0.00000,+0.00000), (-0.00000,+0.00000), (-0.00000,+0.00000)},
          { (-0.00000,+0.00000), (+0.00000,-0.00000), (+0.00000,-0.00000), (+0.00000,-0.00000), (+0.00000,-0.00000)},
          { (+0.00000,+0.00000), (-0.00000,-0.00000), (+0.00000,+0.00000), (+0.00000,+0.00000), (-0.00000,-0.00000)},
          { (+0.00000,+0.00000), (-0.00000,-0.00000), (+0.00000,+0.00000), (-0.00000,+0.00000), (+0.00000,-0.00000)} } 

Z_4^1 = { { (+0.00000,+0.00000), (-0.00000,-0.00000), (+0.00000,+0.00000), (-0.00000,+0.00000), (+0.00000,+0.00000)},
          { (-0.00000,+0.00000), (+0.00000,+0.00000), (+0.00000,-0.00000), (+0.00000,+0.00000), (+0.00000,-0.00000)},
          { (+0.00000,-0.00000), (+0.00000,+0.00000), (+0.00000,-0.00000), (-0.00000,-0.00000), (-0.00000,+0.00000)},
          { (-0.00000,-0.00000), (+0.00000,-0.00000), (-0.00000,+0.00000), (+0.00000,+0.00000), (+0.00000,+0.00000)},
          { (+0.00000,-0.00000), (+0.00000,+0.00000), (-0.00000,-0.00000), (+0.00000,-0.00000), (+0.00000,+0.00000)} } 

Z_0^2 = { { (+0.00000,+0.00000), (+0.00000,-0.00000), (+0.00000,+0.00000), (+0.00000,-0.00000), (-0.00000,-0.00000)},
          { (+0.00000,+0.00000), (+0.00000,-0.00000), (+0.00000,-0.00000), (-0.00000,-0.00000), (-0.00000,+0.00000)},
          { (+0.00000,-0.00000), (+0.00000,+0.00000), (+0.00000,+0.00000), (+0.00000,+0.00000), (+0.00000,-0.00000)},
          { (+0.00000,+0.00000), (-0.00000,+0.00000), (+0.00000,-0.00000), (+0.00000,-0.00000), (+0.00000,+0.00000)},
          { (-0.00000,+0.00000), (-0.00000,-0.00000), (+0.00000,+0.00000), (+0.00000,-0.00000), (+0.00000,+0.00000)} } 

Z_1^2 = { { (+0.00000,+0.00000), (+0.00000,+0.00000), (-0.00000,+0.00000), (-0.00000,-0.00000), (+0.00000,-0.00000)},
          { (+0.00000,-0.00000), (+0.00000,+0.00000), (-0.00000,-0.00000), (+0.00000,-0.00000), (-0.00000,+0.00000)},
          { (-0.00000,-0.00000), (-0.00000,+0.00000), (+0.00000,-0.00000), (+0.00000,-0.00000), (+0.00000,+0.00000)},
          { (-0.00000,+0.00000), (+0.00000,+0.00000), (+0.00000,+0.00000), (+0.00000,+0.00000), (+0.00000,-0.00000)},
          { (+0.00000,+0.00000), (-0.00000,-0.00000), (+0.00000,-0.00000), (+0.00000,+0.00000), (+0.00000,+0.00000)} } 

Z_2^2 = { { (+0.00000,+0.00000), (+0.00000,+0.00000), (-0.00000,-0.00000), (+0.00000,-0.00000), (-0.00000,-0.00000)},
          { (+0.00000,-0.00000), (+0.00000,+0.00000), (+0.00000,+0.00000), (+0.00000,+0.00000), (+0.00000,+0.00000)},
          { (-0.00000,+0.00000), (+0.00000,-0.00000), (+0.00000,-0.00000), (-0.00000,-0.00000), (-0.00000,+0.00000)},
          { (+0.00000,+0.00000), (+0.00000,-0.00000), (-0.00000,+0.00000), (+0.00000,+0.00000), (-0.00000,+0.00000)},
          { (-0.00000,+0.00000), (+0.00000,-0.00000), (-0.00000,-0.00000), (-0.00000,-0.00000), (+0.00000,-0.00000)} } 

Z_3^2 = { { (+0.00000,-0.00000), (+0.00000,+0.00000), (+0.00000,+0.00000), (+0.00000,+0.00000), (-0.00000,+0.00000)},
          { (+0.00000,-0.00000), (+0.00000,-0.00000), (-0.00000,+0.00000), (-0.00000,-0.00000), (-0.00000,-0.00000)},
          { (+0.00000,-0.00000), (-0.00000,-0.00000), (+0.00000,-0.00000), (-0.00000,-0.00000), (-0.00000,-0.00000)},
          { (+0.00000,-0.00000), (-0.00000,+0.00000), (-0.00000,+0.00000), (+0.00000,+0.00000), (-0.00000,-0.00000)},
          { (-0.00000,-0.00000), (-0.00000,+0.00000), (-0.00000,+0.00000), (-0.00000,+0.00000), (+0.00000,+0.00000)} } 

Z_4^2 = { { (+0.00000,+0.00000), (-0.00000,-0.00000), (-0.00000,+0.00000), (+0.00000,+0.00000), (+0.00000,-0.00000)},
          { (-0.00000,+0.00000), (+0.00000,+0.00000), (-0.00000,+0.00000), (+0.00000,+0.00000), (+0.00000,-0.00000)},
          { (-0.00000,-0.00000), (-0.00000,-0.00000), (+0.00000,-0.00000), (+0.00000,+0.00000), (+0.00000,-0.00000)},
          { (+0.00000,-0.00000), (+0.00000,-0.00000), (+0.00000,-0.00000), (+0.00000,+0.00000), (+0.00000,+0.00000)},
          { (+0.00000,+0.00000), (+0.00000,+0.00000), (+0.00000,+0.00000), (+0.00000,-0.00000), (+0.00000,-0.00000)} } 

----------------------------------
         Final Matrices 
----------------------------------

M_0^0 = { { (+0.27041,+0.00000), (-0.06600,+0.29409), (+0.17460,+0.05008), (-0.16773,+0.02536), (-0.02295,-0.21011)},
          { (-0.06600,-0.29409), (+0.33596,+0.00000), (+0.01185,-0.20211), (+0.06852,+0.17623), (-0.22291,+0.07624)},
          { (+0.17460,-0.05008), (+0.01185,+0.20211), (+0.12201,+0.00000), (-0.10360,+0.04744), (-0.05373,-0.13141)},
          { (-0.16773,-0.02536), (+0.06852,-0.17623), (-0.10360,-0.04744), (+0.10642,+0.00000), (-0.00547,+0.13248)},
          { (-0.02295,+0.21011), (-0.22291,-0.07624), (-0.05373,+0.13141), (-0.00547,-0.13248), (+0.16521,+0.00000)} } 

|M^2-M|  = 0.00000
is M PD? = 0

M_1^0 = { { (+0.05392,+0.00000), (+0.08843,+0.00260), (-0.13381,-0.06144), (-0.10049,-0.04052), (+0.09753,-0.01590)},
          { (+0.08843,-0.00260), (+0.14515,+0.00000), (-0.22241,-0.09430), (-0.16677,-0.06161), (+0.15919,-0.03078)},
          { (-0.13381,+0.06144), (-0.22241,+0.09430), (+0.40206,+0.00000), (+0.29556,-0.01394), (-0.22393,+0.15059)},
          { (-0.10049,+0.04052), (-0.16677,+0.06161), (+0.29556,+0.01394), (+0.21775,+0.00000), (-0.16983,+0.10294)},
          { (+0.09753,+0.01590), (+0.15919,+0.03078), (-0.22393,-0.15059), (-0.16983,-0.10294), (+0.18112,+0.00000)} } 

|M^2-M|  = 0.00000
is M PD? = 0

M_2^0 = { { (+0.37772,+0.00000), (+0.10093,-0.27201), (+0.05927,+0.11690), (+0.00490,-0.25849), (-0.21772,+0.13947)},
          { (+0.10093,+0.27201), (+0.22286,+0.00000), (-0.06835,+0.07392), (+0.18746,-0.06554), (-0.15861,-0.11952)},
          { (+0.05927,-0.11690), (-0.06835,-0.07392), (+0.04548,+0.00000), (-0.07923,-0.04208), (+0.00900,+0.08927)},
          { (+0.00490,+0.25849), (+0.18746,+0.06554), (-0.07923,+0.04208), (+0.17696,+0.00000), (-0.09827,-0.14718)},
          { (-0.21772,-0.13947), (-0.15861,+0.11952), (+0.00900,-0.08927), (-0.09827,+0.14718), (+0.17699,+0.00000)} } 

|M^2-M|  = 0.00000
is M PD? = 0

M_3^0 = { { (+0.29404,+0.00000), (-0.09893,-0.04484), (-0.06151,-0.10589), (+0.26742,+0.27045), (+0.17662,+0.07025)},
          { (-0.09893,+0.04484), (+0.04012,+0.00000), (+0.03684,+0.02624), (-0.13122,-0.05021), (-0.07014,+0.00330)},
          { (-0.06151,+0.10589), (+0.03684,-0.02624), (+0.05100,+0.00000), (-0.15333,+0.03973), (-0.06224,+0.04891)},
          { (+0.26742,-0.27045), (-0.13122,+0.05021), (-0.15333,-0.03973), (+0.49197,+0.00000), (+0.22525,-0.09856)},
          { (+0.17662,-0.07025), (-0.07014,-0.00330), (-0.06224,-0.04891), (+0.22525,+0.09856), (+0.12287,+0.00000)} } 

|M^2-M|  = 0.00000
is M PD? = 0

M_4^0 = { { (+0.00392,+0.00000), (-0.02442,+0.02016), (-0.03856,+0.00034), (-0.00410,+0.00320), (-0.03349,+0.01629)},
          { (-0.02442,-0.02016), (+0.25591,+0.00000), (+0.24206,+0.19625), (+0.04201,+0.00113), (+0.29247,+0.07076)},
          { (-0.03856,-0.00034), (+0.24206,-0.19625), (+0.37945,+0.00000), (+0.04060,-0.03115), (+0.33090,-0.15735)},
          { (-0.00410,-0.00320), (+0.04201,-0.00113), (+0.04060,+0.03115), (+0.00690,+0.00000), (+0.04832,+0.01033)},
          { (-0.03349,-0.01629), (+0.29247,-0.07076), (+0.33090,+0.15735), (+0.04832,-0.01033), (+0.35382,+0.00000)} } 

|M^2-M|  = 0.00000
is M PD? = 0

M_0^1 = { { (+0.03936,+0.00000), (-0.02164,+0.01015), (+0.08296,+0.06368), (+0.05267,-0.14145), (+0.04878,+0.03373)},
          { (-0.02164,-0.01015), (+0.01451,+0.00000), (-0.02919,-0.05640), (-0.06544,+0.06418), (-0.01812,-0.03113)},
          { (+0.08296,-0.06368), (-0.02919,+0.05640), (+0.27790,+0.00000), (-0.11781,-0.38339), (+0.15740,-0.00781)},
          { (+0.05267,+0.14145), (-0.06544,-0.06418), (-0.11781,+0.38339), (+0.57886,+0.00000), (-0.05596,+0.22046)},
          { (+0.04878,-0.03373), (-0.01812,+0.03113), (+0.15740,+0.00781), (-0.05596,-0.22046), (+0.08937,+0.00000)} } 

|M^2-M|  = 0.00000
is M PD? = 0

M_1^1 = { { (+0.51662,+0.00000), (+0.33248,-0.11383), (+0.09477,+0.12699), (+0.00404,+0.19963), (+0.14205,-0.20264)},
          { (+0.33248,+0.11383), (+0.23906,+0.00000), (+0.03301,+0.10261), (-0.04139,+0.12937), (+0.13607,-0.09912)},
          { (+0.09477,-0.12699), (+0.03301,-0.10261), (+0.04860,+0.00000), (+0.04981,+0.03563), (-0.02375,-0.07209)},
          { (+0.00404,-0.19963), (-0.04139,-0.12937), (+0.04981,-0.03563), (+0.07717,+0.00000), (-0.07720,-0.05648)},
          { (+0.14205,+0.20264), (+0.13607,+0.09912), (-0.02375,+0.07209), (-0.07720,+0.05648), (+0.11855,+0.00000)} } 

|M^2-M|  = 0.00000
is M PD? = 0

M_2^1 = { { (+0.21873,+0.00000), (-0.23397,-0.13027), (-0.24072,-0.10505), (-0.06296,-0.06192), (+0.11953,+0.09005)},
          { (-0.23397,+0.13027), (+0.32786,+0.00000), (+0.32006,-0.03100), (+0.10423,+0.02874), (-0.18149,-0.02514)},
          { (-0.24072,+0.10505), (+0.32006,+0.03100), (+0.31537,+0.00000), (+0.09903,+0.03791), (-0.17479,-0.04170)},
          { (-0.06296,+0.06192), (+0.10423,-0.02874), (+0.09903,-0.03791), (+0.03565,+0.00000), (-0.05990,+0.00792)},
          { (+0.11953,-0.09005), (-0.18149,+0.02514), (-0.17479,+0.04170), (-0.05990,-0.00792), (+0.10239,+0.00000)} } 

|M^2-M|  = 0.00000
is M PD? = 0

M_3^1 = { { (+0.13825,+0.00000), (-0.10249,+0.07342), (+0.12754,+0.03992), (-0.09721,+0.08133), (-0.21017,+0.15857)},
          { (-0.10249,-0.07342), (+0.11497,+0.00000), (-0.07335,-0.09733), (+0.11526,-0.00867), (+0.24002,-0.00593)},
          { (+0.12754,-0.03992), (-0.07335,+0.09733), (+0.12920,+0.00000), (-0.06620,+0.10310), (-0.14812,+0.20698)},
          { (-0.09721,-0.08133), (+0.11526,+0.00867), (-0.06620,-0.10310), (+0.11620,+0.00000), (+0.24107,+0.01214)},
          { (-0.21017,-0.15857), (+0.24002,+0.00593), (-0.14812,-0.20698), (+0.24107,-0.01214), (+0.50139,+0.00000)} } 

|M^2-M|  = 0.00000
is M PD? = 0

M_4^1 = { { (+0.08705,+0.00000), (+0.02561,+0.16054), (-0.06456,-0.12554), (+0.10345,-0.07759), (-0.10019,-0.07971)},
          { (+0.02561,-0.16054), (+0.30360,+0.00000), (-0.25052,+0.08213), (-0.11266,-0.21362), (-0.17648,+0.16132)},
          { (-0.06456,+0.12554), (-0.25052,-0.08213), (+0.22893,+0.00000), (+0.03517,+0.20675), (+0.18926,-0.08537)},
          { (+0.10345,+0.07759), (-0.11266,+0.21362), (+0.03517,-0.20675), (+0.19212,+0.00000), (-0.04802,-0.18404)},
          { (-0.10019,+0.07971), (-0.17648,-0.16132), (+0.18926,+0.08537), (-0.04802,+0.18404), (+0.18830,+0.00000)} } 

|M^2-M|  = 0.00000
is M PD? = 0

M_0^2 = { { (+0.08879,+0.00000), (-0.00913,+0.19694), (-0.11502,-0.09007), (-0.03516,+0.12678), (+0.05656,+0.01359)},
          { (-0.00913,-0.19694), (+0.43779,+0.00000), (-0.18797,+0.26438), (+0.28483,+0.06495), (+0.02433,-0.12686)},
          { (-0.11502,+0.09007), (-0.18797,-0.26438), (+0.24037,+0.00000), (-0.08307,-0.19989), (-0.08705,+0.03978)},
          { (-0.03516,-0.12678), (+0.28483,-0.06495), (-0.08307,+0.19989), (+0.19494,+0.00000), (-0.00299,-0.08614)},
          { (+0.05656,-0.01359), (+0.02433,+0.12686), (-0.08705,-0.03978), (-0.00299,+0.08614), (+0.03811,+0.00000)} } 

|M^2-M|  = 0.00000
is M PD? = 0

M_1^2 = { { (+0.13054,+0.00000), (-0.01471,-0.05791), (+0.02868,-0.11991), (+0.17747,+0.08608), (-0.23186,+0.04550)},
          { (-0.01471,+0.05791), (+0.02735,+0.00000), (+0.04996,+0.02624), (-0.05819,+0.06902), (+0.00595,-0.10798)},
          { (+0.02868,+0.11991), (+0.04996,-0.02624), (+0.11644,+0.00000), (-0.04008,+0.18192), (-0.09273,-0.20297)},
          { (+0.17747,-0.08608), (-0.05819,-0.06902), (-0.04008,-0.18192), (+0.29801,+0.00000), (-0.28520,+0.21474)},
          { (-0.23186,-0.04550), (+0.00595,+0.10798), (-0.09273,+0.20297), (-0.28520,-0.21474), (+0.42766,+0.00000)} } 

|M^2-M|  = 0.00000
is M PD? = 0

M_2^2 = { { (+0.30198,+0.00000), (-0.16153,-0.07430), (+0.05806,+0.35927), (-0.01626,+0.14213), (+0.08732,+0.13652)},
          { (-0.16153,+0.07430), (+0.10469,+0.00000), (-0.11945,-0.17789), (-0.02627,-0.08003), (-0.08030,-0.05154)},
          { (+0.05806,-0.35927), (-0.11945,+0.17789), (+0.43859,+0.00000), (+0.16596,+0.04668), (+0.17921,-0.07764)},
          { (-0.01626,-0.14213), (-0.02627,+0.08003), (+0.16596,-0.04668), (+0.06777,+0.00000), (+0.05955,-0.04845)},
          { (+0.08732,-0.13652), (-0.08030,+0.05154), (+0.17921,+0.07764), (+0.05955,+0.04845), (+0.08697,+0.00000)} } 

|M^2-M|  = 0.00000
is M PD? = 0

M_3^2 = { { (+0.38236,+0.00000), (-0.01527,-0.06661), (-0.08566,-0.10145), (-0.00316,-0.32203), (+0.09010,-0.31943)},
          { (-0.01527,+0.06661), (+0.01221,+0.00000), (+0.02109,-0.01087), (+0.05622,+0.01231), (+0.05204,+0.02846)},
          { (-0.08566,+0.10145), (+0.02109,+0.01087), (+0.04611,+0.00000), (+0.08615,+0.07130), (+0.06457,+0.09546)},
          { (-0.00316,+0.32203), (+0.05622,-0.01231), (+0.08615,-0.07130), (+0.27124,+0.00000), (+0.26828,+0.07852)},
          { (+0.09010,+0.31943), (+0.05204,-0.02846), (+0.06457,-0.09546), (+0.26828,-0.07852), (+0.28808,+0.00000)} } 

|M^2-M|  = 0.00000
is M PD? = 0

M_4^2 = { { (+0.09633,+0.00000), (+0.20065,+0.00187), (+0.11393,-0.04784), (-0.12289,-0.03296), (-0.00212,+0.12381)},
          { (+0.20065,-0.00187), (+0.41796,+0.00000), (+0.23637,-0.10186), (-0.25659,-0.06626), (-0.00202,+0.25792)},
          { (+0.11393,+0.04784), (+0.23637,+0.10186), (+0.15850,+0.00000), (-0.12897,-0.10000), (-0.06400,+0.14537)},
          { (-0.12289,+0.03296), (-0.25659,+0.06626), (-0.12897,+0.10000), (+0.16803,+0.00000), (-0.03965,-0.15866)},
          { (-0.00212,-0.12381), (-0.00202,-0.25792), (-0.06400,-0.14537), (-0.03965,+0.15866), (+0.15917,+0.00000)} } 

|M^2-M|  = 0.00000
is M PD? = 0

----------------------------------
         Final Output 
----------------------------------
        |r(w)| = 0.00001 < 0.00001
         -f(x) = 67.08204 <= 67.08204
          g(x) = 0.00000
         -L(w) = 67.08204
         <X,Z> = 0.00000
           |y| = 551.77131
      y^T*g(x) = -0.00000
     |delf(x)| = 0.00000
     |delL(w)| = 0.00001
     |delg(x)| = 0.00000
    |del2f(x)| = 22.58609
    |del2L(w)| = 933.22980
    |del2g(x)| = 380.98819
   total inner = 194
    time taken = 39618 ms
