--------------------------------
          System Info           
--------------------------------
               d = 5
               n = 4
  size of vector = 384
  size of matrix = 200 x 200 ~ 0 MB 
         epsilon = 1e-05
       epsilon_0 = 0.9
     g(x) thresh = 1e-15
      initial mu = 1
             M_c = 1e+10
  extra diagonal = 1
       muScaling = 10
             rho = 0.5
              nu = 0.9
           gamma = 1
            beta = 0.1
     f(x) factor = 1
     g(x) factor = 0.005
           cores = 4

--------------------------------
     Finding Interior Point 
--------------------------------
g(x) = 91.206
g(x) = 11.051
g(x) = 5.7708
g(x) = 4.9163
g(x) = 4.4492
g(x) = 4.1194
g(x) = 3.8588
g(x) = 3.6406
g(x) = 3.4517
g(x) = 3.2848
g(x) = 3.1354
g(x) = 3.0004
g(x) = 2.8777
g(x) = 2.7655
g(x) = 2.6625
g(x) = 2.5678
g(x) = 2.4804
g(x) = 2.3993
g(x) = 2.3239
g(x) = 2.2534
g(x) = 2.1872
g(x) = 2.1247
g(x) = 2.0654
g(x) = 2.0091
g(x) = 1.9552
g(x) = 1.9037
g(x) = 1.8542
g(x) = 1.8066
g(x) = 1.7607
g(x) = 1.7165
g(x) = 1.6738
g(x) = 1.6326
g(x) = 1.5928
g(x) = 1.5544
g(x) = 1.5172
g(x) = 1.4812
g(x) = 1.4464
g(x) = 1.4127
g(x) = 1.3802
g(x) = 1.3487
g(x) = 1.3183
g(x) = 1.2889
g(x) = 1.2604
g(x) = 1.2329
g(x) = 1.2064
g(x) = 1.1807
g(x) = 1.1558
g(x) = 1.1318
g(x) = 1.1086
g(x) = 1.0861
g(x) = 1.0643
g(x) = 1.0432
g(x) = 1.0227
g(x) = 1.0028
g(x) = 0.98348
g(x) = 0.9647
g(x) = 0.94643
g(x) = 0.92864
g(x) = 0.9113
g(x) = 0.89439
g(x) = 0.87788
g(x) = 0.86175
g(x) = 0.84599
g(x) = 0.83056
g(x) = 0.81547
g(x) = 0.80068
g(x) = 0.7862
g(x) = 0.77199
g(x) = 0.75806
g(x) = 0.74439
g(x) = 0.73097
g(x) = 0.71779
g(x) = 0.70485
g(x) = 0.69213
g(x) = 0.67963
g(x) = 0.66734
g(x) = 0.65526
g(x) = 0.64338
g(x) = 0.6317
g(x) = 0.62021
g(x) = 0.60891
g(x) = 0.59778
g(x) = 0.58684
g(x) = 0.57607
g(x) = 0.56548
g(x) = 0.55505
g(x) = 0.54478
g(x) = 0.53468
g(x) = 0.52474
g(x) = 0.51496
g(x) = 0.50532
g(x) = 0.49584
g(x) = 0.48651
g(x) = 0.47733
g(x) = 0.46829
g(x) = 0.45939
g(x) = 0.45063
g(x) = 0.44201
g(x) = 0.43353
g(x) = 0.42518
g(x) = 0.41696
g(x) = 0.40887
g(x) = 0.40091
g(x) = 0.39308
g(x) = 0.38538
g(x) = 0.3778
g(x) = 0.37034
g(x) = 0.363
g(x) = 0.35578
g(x) = 0.34867
g(x) = 0.34169
g(x) = 0.33482
g(x) = 0.32806
g(x) = 0.32141
g(x) = 0.31488
g(x) = 0.30845
g(x) = 0.30213
g(x) = 0.29592
g(x) = 0.28981
g(x) = 0.28381
g(x) = 0.27791
g(x) = 0.27211
g(x) = 0.26641
g(x) = 0.26082
g(x) = 0.25531
g(x) = 0.24991
g(x) = 0.2446
g(x) = 0.23938
g(x) = 0.23426
g(x) = 0.22923
g(x) = 0.22429
g(x) = 0.21944
g(x) = 0.21467
g(x) = 0.21
g(x) = 0.20541
g(x) = 0.20091
g(x) = 0.19648
g(x) = 0.19215
g(x) = 0.18789
g(x) = 0.18371
g(x) = 0.17962
g(x) = 0.1756
g(x) = 0.17166
g(x) = 0.16779
g(x) = 0.164
g(x) = 0.16028
g(x) = 0.15664
g(x) = 0.15307
g(x) = 0.14956
g(x) = 0.14613
g(x) = 0.14277
g(x) = 0.13947
g(x) = 0.13624
g(x) = 0.13308
g(x) = 0.12998
g(x) = 0.12695
g(x) = 0.12397
g(x) = 0.12106
g(x) = 0.11821
g(x) = 0.11542
g(x) = 0.11269
g(x) = 0.11001
g(x) = 0.10739
g(x) = 0.10483
g(x) = 0.10232
g(x) = 0.099868
g(x) = 0.097466
g(x) = 0.095117
g(x) = 0.092818
g(x) = 0.09057
g(x) = 0.088371
g(x) = 0.08622
g(x) = 0.084117
g(x) = 0.08206
g(x) = 0.08005
g(x) = 0.078084
g(x) = 0.076162
g(x) = 0.074284
g(x) = 0.072448
g(x) = 0.070654
g(x) = 0.0689
g(x) = 0.067187
g(x) = 0.065513
g(x) = 0.063878
g(x) = 0.06228
g(x) = 0.060719
g(x) = 0.059195
g(x) = 0.057706
g(x) = 0.056252
g(x) = 0.054832
g(x) = 0.053446
g(x) = 0.052092
g(x) = 0.05077
g(x) = 0.04948
g(x) = 0.048221
g(x) = 0.046991
g(x) = 0.045792
g(x) = 0.044621
g(x) = 0.043478
g(x) = 0.042363
g(x) = 0.041275
g(x) = 0.040213
g(x) = 0.039177
g(x) = 0.038167
g(x) = 0.037181
g(x) = 0.03622
g(x) = 0.035282
g(x) = 0.034367
g(x) = 0.033475
g(x) = 0.032605
g(x) = 0.031757
g(x) = 0.030929
g(x) = 0.030123
g(x) = 0.029336
g(x) = 0.02857
g(x) = 0.027822
g(x) = 0.027093
g(x) = 0.026383
g(x) = 0.025691
g(x) = 0.025016
g(x) = 0.024358
g(x) = 0.023717
g(x) = 0.023092
g(x) = 0.022484
g(x) = 0.02189
g(x) = 0.021312
g(x) = 0.020749
g(x) = 0.0202
g(x) = 0.019665
g(x) = 0.019144
g(x) = 0.018637
g(x) = 0.018143
g(x) = 0.017661
g(x) = 0.017192
g(x) = 0.016735
g(x) = 0.01629
g(x) = 0.015856
g(x) = 0.015434
g(x) = 0.015023
g(x) = 0.014622
g(x) = 0.014232
g(x) = 0.013852
g(x) = 0.013483
g(x) = 0.013122
g(x) = 0.012772
g(x) = 0.01243
g(x) = 0.012098
g(x) = 0.011774
g(x) = 0.011459
g(x) = 0.011152
g(x) = 0.010853
g(x) = 0.010562
g(x) = 0.010279
g(x) = 0.010003
g(x) = 0.0097349
g(x) = 0.0094737
g(x) = 0.0092194
g(x) = 0.0089719
g(x) = 0.0087309
g(x) = 0.0084964
g(x) = 0.0082681
g(x) = 0.0080459
g(x) = 0.0078296
g(x) = 0.0076191
g(x) = 0.0074142
g(x) = 0.0072149
g(x) = 0.0070208
g(x) = 0.0068319
g(x) = 0.0066481
g(x) = 0.0064692
g(x) = 0.0062952
g(x) = 0.0061258
g(x) = 0.0059609
g(x) = 0.0058005
g(x) = 0.0056443
g(x) = 0.0054924
g(x) = 0.0053445
g(x) = 0.0052007
g(x) = 0.0050607
g(x) = 0.0049245
g(x) = 0.0047919
g(x) = 0.0046629
g(x) = 0.0045374
g(x) = 0.0044153
g(x) = 0.0042965
g(x) = 0.0041808
g(x) = 0.0040683
g(x) = 0.0039589
g(x) = 0.0038523
g(x) = 0.0037487
g(x) = 0.0036479
g(x) = 0.0035498
g(x) = 0.0034543
g(x) = 0.0033614
g(x) = 0.003271
g(x) = 0.0031831
g(x) = 0.0030976
g(x) = 0.0030143
g(x) = 0.0029333
g(x) = 0.0028545
g(x) = 0.0027779
g(x) = 0.0027033
g(x) = 0.0026307
g(x) = 0.0025601
g(x) = 0.0024914
g(x) = 0.0024246
g(x) = 0.0023595
g(x) = 0.0022963
g(x) = 0.0022347
g(x) = 0.0021748
g(x) = 0.0021165
g(x) = 0.0020598
g(x) = 0.0020047
g(x) = 0.001951
g(x) = 0.0018988
g(x) = 0.001848
g(x) = 0.0017985
g(x) = 0.0017504
g(x) = 0.0017037
g(x) = 0.0016581
g(x) = 0.0016138
g(x) = 0.0015707
g(x) = 0.0015288
g(x) = 0.001488
g(x) = 0.0014483
g(x) = 0.0014097
g(x) = 0.0013721
g(x) = 0.0013355
g(x) = 0.0012999
g(x) = 0.0012653
g(x) = 0.0012316
g(x) = 0.0011989
g(x) = 0.001167
g(x) = 0.0011359
g(x) = 0.0011057
g(x) = 0.0010764
g(x) = 0.0010478
g(x) = 0.0010199
g(x) = 0.00099288
g(x) = 0.00096654
g(x) = 0.00094091
g(x) = 0.00091597
g(x) = 0.0008917
g(x) = 0.00086809
g(x) = 0.00084511
g(x) = 0.00082275
g(x) = 0.00080099
g(x) = 0.00077981
g(x) = 0.0007592
g(x) = 0.00073915
g(x) = 0.00071964
g(x) = 0.00070065
g(x) = 0.00068216
g(x) = 0.00066418
g(x) = 0.00064667
g(x) = 0.00062964
g(x) = 0.00061306
g(x) = 0.00059693
g(x) = 0.00058123
g(x) = 0.00056595
g(x) = 0.00055107
g(x) = 0.0005366
g(x) = 0.00052251
g(x) = 0.0005088
g(x) = 0.00049545
g(x) = 0.00048247
g(x) = 0.00046982
g(x) = 0.00045752
g(x) = 0.00044554
g(x) = 0.00043389
g(x) = 0.00042254
g(x) = 0.00041149
g(x) = 0.00040074
g(x) = 0.00039028
g(x) = 0.0003801
g(x) = 0.00037018
g(x) = 0.00036053
g(x) = 0.00035113
g(x) = 0.00034199
g(x) = 0.00033309
g(x) = 0.00032442
g(x) = 0.00031598
g(x) = 0.00030777
g(x) = 0.00029978
g(x) = 0.00029199
g(x) = 0.00028442
g(x) = 0.00027704
g(x) = 0.00026986
g(x) = 0.00026287
g(x) = 0.00025606
g(x) = 0.00024943
g(x) = 0.00024298
g(x) = 0.0002367
g(x) = 0.00023058
g(x) = 0.00022463
g(x) = 0.00021883
g(x) = 0.00021318
g(x) = 0.00020769
g(x) = 0.00020233
g(x) = 0.00019712
g(x) = 0.00019205
g(x) = 0.00018711
g(x) = 0.00018229
g(x) = 0.00017761
g(x) = 0.00017305
g(x) = 0.0001686
g(x) = 0.00016428
g(x) = 0.00016006
g(x) = 0.00015596
g(x) = 0.00015197
g(x) = 0.00014807
g(x) = 0.00014428
g(x) = 0.00014059
g(x) = 0.000137
g(x) = 0.0001335
g(x) = 0.00013009
g(x) = 0.00012677
g(x) = 0.00012354
g(x) = 0.00012039
g(x) = 0.00011732
g(x) = 0.00011433
g(x) = 0.00011142
g(x) = 0.00010859
g(x) = 0.00010583
g(x) = 0.00010314
g(x) = 0.00010052
g(x) = 9.7968e-05
g(x) = 9.5483e-05
g(x) = 9.3062e-05
g(x) = 9.0704e-05
g(x) = 8.8406e-05
g(x) = 8.6169e-05
g(x) = 8.3989e-05
g(x) = 8.1865e-05
g(x) = 7.9796e-05
g(x) = 7.778e-05
g(x) = 7.5817e-05
g(x) = 7.3904e-05
g(x) = 7.204e-05
g(x) = 7.0225e-05
g(x) = 6.8456e-05
g(x) = 6.6732e-05
g(x) = 6.5053e-05
g(x) = 6.3417e-05
g(x) = 6.1823e-05
g(x) = 6.027e-05
g(x) = 5.8757e-05
g(x) = 5.7282e-05
g(x) = 5.5845e-05
g(x) = 5.4445e-05
g(x) = 5.3081e-05
g(x) = 5.1752e-05
g(x) = 5.0457e-05
g(x) = 4.9195e-05
g(x) = 4.7965e-05
g(x) = 4.6766e-05
g(x) = 4.5598e-05
g(x) = 4.446e-05
g(x) = 4.3351e-05
g(x) = 4.227e-05
g(x) = 4.1216e-05
g(x) = 4.019e-05
g(x) = 3.9189e-05
g(x) = 3.8214e-05
g(x) = 3.7264e-05
g(x) = 3.6338e-05
g(x) = 3.5435e-05
g(x) = 3.4555e-05
g(x) = 3.3697e-05
g(x) = 3.2862e-05
g(x) = 3.2047e-05
g(x) = 3.1253e-05
g(x) = 3.0479e-05
g(x) = 2.9724e-05
g(x) = 2.8989e-05
g(x) = 2.8272e-05
g(x) = 2.7573e-05
g(x) = 2.6892e-05
g(x) = 2.6228e-05
g(x) = 2.5581e-05
g(x) = 2.495e-05
g(x) = 2.4335e-05
g(x) = 2.3736e-05
g(x) = 2.3151e-05
g(x) = 2.2581e-05
g(x) = 2.2026e-05
g(x) = 2.1484e-05
g(x) = 2.0956e-05
g(x) = 2.0441e-05
g(x) = 1.9939e-05
g(x) = 1.945e-05
g(x) = 1.8973e-05
g(x) = 1.8508e-05
g(x) = 1.8054e-05
g(x) = 1.7612e-05
g(x) = 1.7181e-05
g(x) = 1.6761e-05
g(x) = 1.6351e-05
g(x) = 1.5951e-05
g(x) = 1.5561e-05
g(x) = 1.5181e-05
g(x) = 1.4811e-05
g(x) = 1.445e-05
g(x) = 1.4097e-05
g(x) = 1.3754e-05
g(x) = 1.3419e-05
g(x) = 1.3092e-05
g(x) = 1.2773e-05
g(x) = 1.2462e-05
g(x) = 1.2159e-05
g(x) = 1.1864e-05
g(x) = 1.1576e-05
g(x) = 1.1295e-05
g(x) = 1.1021e-05
g(x) = 1.0753e-05
g(x) = 1.0493e-05
g(x) = 1.0238e-05
g(x) = 9.9903e-06
g(x) = 9.7484e-06
g(x) = 9.5125e-06
g(x) = 9.2824e-06
g(x) = 9.058e-06
g(x) = 8.8391e-06
g(x) = 8.6255e-06
g(x) = 8.4173e-06
g(x) = 8.2141e-06
g(x) = 8.016e-06
g(x) = 7.8227e-06
g(x) = 7.6342e-06
g(x) = 7.4502e-06
g(x) = 7.2708e-06
g(x) = 7.0958e-06
g(x) = 6.9251e-06
g(x) = 6.7586e-06
g(x) = 6.5961e-06
g(x) = 6.4376e-06
g(x) = 6.283e-06
g(x) = 6.1322e-06
g(x) = 5.9851e-06
g(x) = 5.8415e-06
g(x) = 5.7015e-06
g(x) = 5.5648e-06
g(x) = 5.4315e-06
g(x) = 5.3015e-06
g(x) = 5.1746e-06
g(x) = 5.0508e-06
g(x) = 4.93e-06
g(x) = 4.8122e-06
g(x) = 4.6972e-06
g(x) = 4.585e-06
g(x) = 4.4756e-06
g(x) = 4.3688e-06
g(x) = 4.2646e-06
g(x) = 4.1629e-06
g(x) = 4.0637e-06
g(x) = 3.9669e-06
g(x) = 3.8724e-06
g(x) = 3.7802e-06
g(x) = 3.6903e-06
g(x) = 3.6025e-06
g(x) = 3.5169e-06
g(x) = 3.4333e-06
g(x) = 3.3517e-06
g(x) = 3.2721e-06
g(x) = 3.1945e-06
g(x) = 3.1187e-06
g(x) = 3.0447e-06
g(x) = 2.9725e-06
g(x) = 2.9021e-06
g(x) = 2.8333e-06
g(x) = 2.7662e-06
g(x) = 2.7007e-06
g(x) = 2.6368e-06
g(x) = 2.5745e-06
g(x) = 2.5136e-06
g(x) = 2.4542e-06
g(x) = 2.3962e-06
g(x) = 2.3396e-06
g(x) = 2.2844e-06
g(x) = 2.2305e-06
g(x) = 2.1778e-06
g(x) = 2.1265e-06
g(x) = 2.0764e-06
g(x) = 2.0274e-06
g(x) = 1.9797e-06
g(x) = 1.9331e-06
g(x) = 1.8876e-06
g(x) = 1.8432e-06
g(x) = 1.7998e-06
g(x) = 1.7575e-06
g(x) = 1.7162e-06
g(x) = 1.6759e-06
g(x) = 1.6365e-06
g(x) = 1.5981e-06
g(x) = 1.5606e-06
g(x) = 1.524e-06
g(x) = 1.4882e-06
g(x) = 1.4533e-06
g(x) = 1.4193e-06
g(x) = 1.386e-06
g(x) = 1.3535e-06
g(x) = 1.3219e-06
g(x) = 1.2909e-06
g(x) = 1.2607e-06
g(x) = 1.2312e-06
g(x) = 1.2024e-06
g(x) = 1.1743e-06
g(x) = 1.1469e-06
g(x) = 1.1201e-06
g(x) = 1.094e-06
g(x) = 1.0684e-06
g(x) = 1.0435e-06
g(x) = 1.0192e-06
g(x) = 9.9539e-07
g(x) = 9.7219e-07
g(x) = 9.4953e-07
g(x) = 9.2742e-07
g(x) = 9.0582e-07
g(x) = 8.8473e-07
g(x) = 8.6414e-07
g(x) = 8.4404e-07
g(x) = 8.2441e-07
g(x) = 8.0524e-07
g(x) = 7.8652e-07
g(x) = 7.6825e-07
g(x) = 7.504e-07
g(x) = 7.3298e-07
g(x) = 7.1596e-07
g(x) = 6.9935e-07
g(x) = 6.8312e-07
g(x) = 6.6728e-07
g(x) = 6.5181e-07
g(x) = 6.367e-07
g(x) = 6.2195e-07
g(x) = 6.0754e-07
g(x) = 5.9347e-07
g(x) = 5.7974e-07
g(x) = 5.6632e-07
g(x) = 5.5322e-07
g(x) = 5.4042e-07
g(x) = 5.2793e-07
g(x) = 5.1572e-07
g(x) = 5.038e-07
g(x) = 4.9217e-07
g(x) = 4.808e-07
g(x) = 4.697e-07
g(x) = 4.5886e-07
g(x) = 4.4827e-07
g(x) = 4.3793e-07
g(x) = 4.2783e-07
g(x) = 4.1796e-07
g(x) = 4.0833e-07
g(x) = 3.9892e-07
g(x) = 3.8973e-07
g(x) = 3.8075e-07
g(x) = 3.7199e-07
g(x) = 3.6343e-07
g(x) = 3.5506e-07
g(x) = 3.4689e-07
g(x) = 3.3892e-07
g(x) = 3.3112e-07
g(x) = 3.2351e-07
g(x) = 3.1608e-07
g(x) = 3.0882e-07
g(x) = 3.0172e-07
g(x) = 2.948e-07
g(x) = 2.8803e-07
g(x) = 2.8142e-07
g(x) = 2.7496e-07
g(x) = 2.6865e-07
g(x) = 2.6249e-07
g(x) = 2.5648e-07
g(x) = 2.506e-07
g(x) = 2.4486e-07
g(x) = 2.3925e-07
g(x) = 2.3377e-07
g(x) = 2.2841e-07
g(x) = 2.2319e-07
g(x) = 2.1808e-07
g(x) = 2.1309e-07
g(x) = 2.0821e-07
g(x) = 2.0345e-07
g(x) = 1.988e-07
g(x) = 1.9426e-07
g(x) = 1.8982e-07
g(x) = 1.8548e-07
g(x) = 1.8124e-07
g(x) = 1.7711e-07
g(x) = 1.7306e-07
g(x) = 1.6911e-07
g(x) = 1.6525e-07
g(x) = 1.6148e-07
g(x) = 1.578e-07
g(x) = 1.542e-07
g(x) = 1.5069e-07
g(x) = 1.4725e-07
g(x) = 1.439e-07
g(x) = 1.4062e-07
g(x) = 1.3742e-07
g(x) = 1.3429e-07
g(x) = 1.3123e-07
g(x) = 1.2824e-07
g(x) = 1.2532e-07
g(x) = 1.2247e-07
g(x) = 1.1969e-07
g(x) = 1.1697e-07
g(x) = 1.1431e-07
g(x) = 1.1171e-07
g(x) = 1.0917e-07
g(x) = 1.0669e-07
g(x) = 1.0427e-07
g(x) = 1.019e-07
g(x) = 9.9583e-08
g(x) = 9.7323e-08
g(x) = 9.5114e-08
g(x) = 9.2955e-08
g(x) = 9.0846e-08
g(x) = 8.8786e-08
g(x) = 8.6772e-08
g(x) = 8.4805e-08
g(x) = 8.2883e-08
g(x) = 8.1004e-08
g(x) = 7.9169e-08
g(x) = 7.7375e-08
g(x) = 7.5623e-08
g(x) = 7.391e-08
g(x) = 7.2237e-08
g(x) = 7.0601e-08
g(x) = 6.9004e-08
g(x) = 6.7442e-08
g(x) = 6.5917e-08
g(x) = 6.4426e-08
g(x) = 6.2969e-08
g(x) = 6.1545e-08
g(x) = 6.0154e-08
g(x) = 5.8794e-08
g(x) = 5.7466e-08
g(x) = 5.6167e-08
g(x) = 5.4899e-08
g(x) = 5.3659e-08
g(x) = 5.2447e-08
g(x) = 5.1263e-08
g(x) = 5.0106e-08
g(x) = 4.8975e-08
g(x) = 4.787e-08
g(x) = 4.679e-08
g(x) = 4.5735e-08
g(x) = 4.4704e-08
g(x) = 4.3696e-08
g(x) = 4.2711e-08
g(x) = 4.1748e-08
g(x) = 4.0807e-08
g(x) = 3.9888e-08
g(x) = 3.899e-08
g(x) = 3.8111e-08
g(x) = 3.7253e-08
g(x) = 3.6414e-08
g(x) = 3.5595e-08
g(x) = 3.4794e-08
g(x) = 3.4011e-08
g(x) = 3.3245e-08
g(x) = 3.2498e-08
g(x) = 3.1767e-08
g(x) = 3.1052e-08
g(x) = 3.0354e-08
g(x) = 2.9672e-08
g(x) = 2.9005e-08
g(x) = 2.8353e-08
g(x) = 2.7716e-08
g(x) = 2.7093e-08
g(x) = 2.6485e-08
g(x) = 2.589e-08
g(x) = 2.5309e-08
g(x) = 2.474e-08
g(x) = 2.4185e-08
g(x) = 2.3642e-08
g(x) = 2.3112e-08
g(x) = 2.2593e-08
g(x) = 2.2086e-08
g(x) = 2.1591e-08
g(x) = 2.1107e-08
g(x) = 2.0634e-08
g(x) = 2.0171e-08
g(x) = 1.9719e-08
g(x) = 1.9277e-08
g(x) = 1.8845e-08
g(x) = 1.8423e-08
g(x) = 1.801e-08
g(x) = 1.7607e-08
g(x) = 1.7212e-08
g(x) = 1.6827e-08
g(x) = 1.645e-08
g(x) = 1.6082e-08
g(x) = 1.5722e-08
g(x) = 1.537e-08
g(x) = 1.5026e-08
g(x) = 1.469e-08
g(x) = 1.4361e-08
g(x) = 1.404e-08
g(x) = 1.3726e-08
g(x) = 1.3419e-08
g(x) = 1.3119e-08
g(x) = 1.2826e-08
g(x) = 1.2539e-08
g(x) = 1.2259e-08
g(x) = 1.1985e-08
g(x) = 1.1718e-08
g(x) = 1.1456e-08
g(x) = 1.12e-08
g(x) = 1.095e-08
g(x) = 1.0705e-08
g(x) = 1.0466e-08
g(x) = 1.0233e-08
g(x) = 1.0004e-08
g(x) = 9.781e-09
g(x) = 9.5627e-09
g(x) = 9.3494e-09
g(x) = 9.1408e-09
g(x) = 8.9369e-09
g(x) = 8.7376e-09
g(x) = 8.5428e-09
g(x) = 8.3523e-09
g(x) = 8.1661e-09
g(x) = 7.9841e-09
g(x) = 7.8061e-09
g(x) = 7.6322e-09
g(x) = 7.4621e-09
g(x) = 7.2958e-09
g(x) = 7.1333e-09
g(x) = 6.9744e-09
g(x) = 6.8191e-09
g(x) = 6.6672e-09
g(x) = 6.5188e-09
g(x) = 6.3737e-09
g(x) = 6.2318e-09
g(x) = 6.0931e-09
g(x) = 5.9575e-09
g(x) = 5.8249e-09
g(x) = 5.6953e-09
g(x) = 5.5686e-09
g(x) = 5.4447e-09
g(x) = 5.3236e-09
g(x) = 5.2052e-09
g(x) = 5.0895e-09
g(x) = 4.9763e-09
g(x) = 4.8657e-09
g(x) = 4.7575e-09
g(x) = 4.6518e-09
g(x) = 4.5484e-09
g(x) = 4.4473e-09
g(x) = 4.3485e-09
g(x) = 4.2519e-09
g(x) = 4.1574e-09
g(x) = 4.0651e-09
g(x) = 3.9748e-09
g(x) = 3.8865e-09
g(x) = 3.8002e-09
g(x) = 3.7159e-09
g(x) = 3.6334e-09
g(x) = 3.5527e-09
g(x) = 3.4739e-09
g(x) = 3.3968e-09
g(x) = 3.3214e-09
g(x) = 3.2477e-09
g(x) = 3.1756e-09
g(x) = 3.1052e-09
g(x) = 3.0363e-09
g(x) = 2.969e-09
g(x) = 2.9031e-09
g(x) = 2.8387e-09
g(x) = 2.7758e-09
g(x) = 2.7143e-09
g(x) = 2.6541e-09
g(x) = 2.5953e-09
g(x) = 2.5377e-09
g(x) = 2.4815e-09
g(x) = 2.4265e-09
g(x) = 2.3728e-09
g(x) = 2.3202e-09
g(x) = 2.2688e-09
g(x) = 2.2185e-09
g(x) = 2.1694e-09
g(x) = 2.1213e-09
g(x) = 2.0744e-09
g(x) = 2.0284e-09
g(x) = 1.9835e-09
g(x) = 1.9396e-09
g(x) = 1.8967e-09
g(x) = 1.8547e-09
g(x) = 1.8137e-09
g(x) = 1.7735e-09
g(x) = 1.7343e-09
g(x) = 1.6959e-09
g(x) = 1.6584e-09
g(x) = 1.6217e-09
g(x) = 1.5858e-09
g(x) = 1.5508e-09
g(x) = 1.5165e-09
g(x) = 1.4829e-09
g(x) = 1.4501e-09
g(x) = 1.4181e-09
g(x) = 1.3867e-09
g(x) = 1.3561e-09
g(x) = 1.3261e-09
g(x) = 1.2968e-09
g(x) = 1.2681e-09
g(x) = 1.2401e-09
g(x) = 1.2127e-09
g(x) = 1.1859e-09
g(x) = 1.1597e-09
g(x) = 1.1341e-09
g(x) = 1.109e-09
g(x) = 1.0845e-09
g(x) = 1.0606e-09
g(x) = 1.0372e-09
g(x) = 1.0143e-09
g(x) = 9.9187e-10
g(x) = 9.6997e-10
g(x) = 9.4856e-10
g(x) = 9.2762e-10
g(x) = 9.0714e-10
g(x) = 8.8712e-10
g(x) = 8.6754e-10
g(x) = 8.484e-10
g(x) = 8.2968e-10
g(x) = 8.1137e-10
g(x) = 7.9347e-10
g(x) = 7.7597e-10
g(x) = 7.5885e-10
g(x) = 7.4211e-10
g(x) = 7.2574e-10
g(x) = 7.0974e-10
g(x) = 6.9409e-10
g(x) = 6.7878e-10
g(x) = 6.6381e-10
g(x) = 6.4918e-10
g(x) = 6.3487e-10
g(x) = 6.2087e-10
g(x) = 6.0719e-10
g(x) = 5.938e-10
g(x) = 5.8072e-10
g(x) = 5.6792e-10
g(x) = 5.554e-10
g(x) = 5.4317e-10
g(x) = 5.312e-10
g(x) = 5.195e-10
g(x) = 5.0805e-10
g(x) = 4.9686e-10
g(x) = 4.8592e-10
g(x) = 4.7521e-10
g(x) = 4.6475e-10
g(x) = 4.5451e-10
g(x) = 4.445e-10
g(x) = 4.3472e-10
g(x) = 4.2515e-10
g(x) = 4.1579e-10
g(x) = 4.0663e-10
g(x) = 3.9768e-10
g(x) = 3.8893e-10
g(x) = 3.8037e-10
g(x) = 3.72e-10
g(x) = 3.6381e-10
g(x) = 3.558e-10
g(x) = 3.4797e-10
g(x) = 3.4032e-10
g(x) = 3.3283e-10
g(x) = 3.2551e-10
g(x) = 3.1835e-10
g(x) = 3.1134e-10
g(x) = 3.045e-10
g(x) = 2.978e-10
g(x) = 2.9125e-10
g(x) = 2.8484e-10
g(x) = 2.7858e-10
g(x) = 2.7245e-10
g(x) = 2.6646e-10
g(x) = 2.6061e-10
g(x) = 2.5488e-10
g(x) = 2.4927e-10
g(x) = 2.4379e-10
g(x) = 2.3843e-10
g(x) = 2.3319e-10
g(x) = 2.2807e-10
g(x) = 2.2306e-10
g(x) = 2.1815e-10
g(x) = 2.1336e-10
g(x) = 2.0867e-10
g(x) = 2.0409e-10
g(x) = 1.996e-10
g(x) = 1.9522e-10
g(x) = 1.9093e-10
g(x) = 1.8674e-10
g(x) = 1.8263e-10
g(x) = 1.7862e-10
g(x) = 1.747e-10
g(x) = 1.7086e-10
g(x) = 1.6711e-10
g(x) = 1.6344e-10
g(x) = 1.5985e-10
g(x) = 1.5634e-10
g(x) = 1.5291e-10
g(x) = 1.4955e-10
g(x) = 1.4627e-10
g(x) = 1.4306e-10
g(x) = 1.3992e-10
g(x) = 1.3685e-10
g(x) = 1.3384e-10
g(x) = 1.3091e-10
g(x) = 1.2803e-10
g(x) = 1.2522e-10
g(x) = 1.2248e-10
g(x) = 1.1979e-10
g(x) = 1.1716e-10
g(x) = 1.1459e-10
g(x) = 1.1208e-10
g(x) = 1.0962e-10
g(x) = 1.0721e-10
g(x) = 1.0486e-10
g(x) = 1.0256e-10
g(x) = 1.0031e-10
g(x) = 9.811e-11
g(x) = 9.5959e-11
g(x) = 9.3854e-11
g(x) = 9.1796e-11
g(x) = 8.9783e-11
g(x) = 8.7815e-11
g(x) = 8.5889e-11
g(x) = 8.4006e-11
g(x) = 8.2164e-11
g(x) = 8.0363e-11
g(x) = 7.8601e-11
g(x) = 7.6878e-11
g(x) = 7.5193e-11
g(x) = 7.3545e-11
g(x) = 7.1933e-11
g(x) = 7.0356e-11
g(x) = 6.8815e-11
g(x) = 6.7307e-11
g(x) = 6.5832e-11
g(x) = 6.4389e-11
g(x) = 6.2978e-11
g(x) = 6.1598e-11
g(x) = 6.0249e-11
g(x) = 5.8929e-11
g(x) = 5.7638e-11
g(x) = 5.6375e-11
g(x) = 5.514e-11
g(x) = 5.3932e-11
g(x) = 5.2751e-11
g(x) = 5.1596e-11
g(x) = 5.0466e-11
g(x) = 4.936e-11
g(x) = 4.8279e-11
g(x) = 4.7222e-11
g(x) = 4.6188e-11
g(x) = 4.5177e-11
g(x) = 4.4187e-11
g(x) = 4.322e-11
g(x) = 4.2274e-11
g(x) = 4.1348e-11
g(x) = 4.0443e-11
g(x) = 3.9558e-11
g(x) = 3.8692e-11
g(x) = 3.7845e-11
g(x) = 3.7016e-11
g(x) = 3.6206e-11
g(x) = 3.5414e-11
g(x) = 3.4639e-11
g(x) = 3.3881e-11
g(x) = 3.3139e-11
g(x) = 3.2414e-11
g(x) = 3.1705e-11
g(x) = 3.1011e-11
g(x) = 3.0332e-11
g(x) = 2.9669e-11
g(x) = 2.9019e-11
g(x) = 2.8385e-11
g(x) = 2.7764e-11
g(x) = 2.7156e-11
g(x) = 2.6562e-11
g(x) = 2.5981e-11
g(x) = 2.5413e-11
g(x) = 2.4857e-11
g(x) = 2.4313e-11
g(x) = 2.3781e-11
g(x) = 2.3261e-11
g(x) = 2.2753e-11
g(x) = 2.2255e-11
g(x) = 2.1768e-11
g(x) = 2.1292e-11
g(x) = 2.0827e-11
g(x) = 2.0371e-11
g(x) = 1.9926e-11
g(x) = 1.949e-11
g(x) = 1.9064e-11
g(x) = 1.8647e-11
g(x) = 1.824e-11
g(x) = 1.7841e-11
g(x) = 1.7451e-11
g(x) = 1.7069e-11
g(x) = 1.6696e-11
g(x) = 1.6331e-11
g(x) = 1.5974e-11
g(x) = 1.5625e-11
g(x) = 1.5284e-11
g(x) = 1.495e-11
g(x) = 1.4623e-11
g(x) = 1.4303e-11
g(x) = 1.3991e-11
g(x) = 1.3685e-11
g(x) = 1.3386e-11
g(x) = 1.3094e-11
g(x) = 1.2807e-11
g(x) = 1.2528e-11
g(x) = 1.2254e-11
g(x) = 1.1986e-11
g(x) = 1.1724e-11
g(x) = 1.1468e-11
g(x) = 1.1218e-11
g(x) = 1.0973e-11
g(x) = 1.0733e-11
g(x) = 1.0498e-11
g(x) = 1.0269e-11
g(x) = 1.0045e-11
g(x) = 9.8255e-12
g(x) = 9.6109e-12
g(x) = 9.401e-12
g(x) = 9.1956e-12
g(x) = 8.9948e-12
g(x) = 8.7984e-12
g(x) = 8.6063e-12
g(x) = 8.4183e-12
g(x) = 8.2345e-12
g(x) = 8.0547e-12
g(x) = 7.8788e-12
g(x) = 7.7068e-12
g(x) = 7.5385e-12
g(x) = 7.3739e-12
g(x) = 7.2129e-12
g(x) = 7.0555e-12
g(x) = 6.9014e-12
g(x) = 6.7508e-12
g(x) = 6.6034e-12
g(x) = 6.4593e-12
g(x) = 6.3183e-12
g(x) = 6.1804e-12
g(x) = 6.0455e-12
g(x) = 5.9135e-12
g(x) = 5.7844e-12
g(x) = 5.6582e-12
g(x) = 5.5347e-12
g(x) = 5.4139e-12
g(x) = 5.2958e-12
g(x) = 5.1802e-12
g(x) = 5.0671e-12
g(x) = 4.9566e-12
g(x) = 4.8484e-12
g(x) = 4.7426e-12
g(x) = 4.6391e-12
g(x) = 4.5379e-12
g(x) = 4.4389e-12
g(x) = 4.3421e-12
g(x) = 4.2473e-12
g(x) = 4.1547e-12
g(x) = 4.064e-12
g(x) = 3.9754e-12
g(x) = 3.8886e-12
g(x) = 3.8038e-12
g(x) = 3.7208e-12
g(x) = 3.6397e-12
g(x) = 3.5603e-12
g(x) = 3.4826e-12
g(x) = 3.4066e-12
g(x) = 3.3323e-12
g(x) = 3.2597e-12
g(x) = 3.1886e-12
g(x) = 3.119e-12
g(x) = 3.051e-12
g(x) = 2.9845e-12
g(x) = 2.9194e-12
g(x) = 2.8557e-12
g(x) = 2.7934e-12
g(x) = 2.7325e-12
g(x) = 2.6729e-12
g(x) = 2.6147e-12
g(x) = 2.5576e-12
g(x) = 2.5019e-12
g(x) = 2.4473e-12
g(x) = 2.394e-12
g(x) = 2.3418e-12
g(x) = 2.2907e-12
g(x) = 2.2408e-12
g(x) = 2.1919e-12
g(x) = 2.1441e-12
g(x) = 2.0974e-12
g(x) = 2.0517e-12
g(x) = 2.0069e-12
g(x) = 1.9632e-12
g(x) = 1.9204e-12
g(x) = 1.8785e-12
g(x) = 1.8376e-12
g(x) = 1.7975e-12
g(x) = 1.7584e-12
g(x) = 1.72e-12
g(x) = 1.6825e-12
g(x) = 1.6459e-12
g(x) = 1.61e-12
g(x) = 1.5749e-12
g(x) = 1.5406e-12
g(x) = 1.507e-12
g(x) = 1.4742e-12
g(x) = 1.4421e-12
g(x) = 1.4106e-12
g(x) = 1.3799e-12
g(x) = 1.3498e-12
g(x) = 1.3204e-12
g(x) = 1.2916e-12
g(x) = 1.2635e-12
g(x) = 1.236e-12
g(x) = 1.209e-12
g(x) = 1.1827e-12
g(x) = 1.1569e-12
g(x) = 1.1317e-12
g(x) = 1.1071e-12
g(x) = 1.0829e-12
g(x) = 1.0593e-12
g(x) = 1.0363e-12
g(x) = 1.0137e-12
g(x) = 9.9161e-13
g(x) = 9.7001e-13
g(x) = 9.4888e-13
g(x) = 9.2821e-13
g(x) = 9.0799e-13
g(x) = 8.8822e-13
g(x) = 8.6887e-13
g(x) = 8.4994e-13
g(x) = 8.3143e-13
g(x) = 8.1332e-13
g(x) = 7.9561e-13
g(x) = 7.7828e-13
g(x) = 7.6133e-13
g(x) = 7.4475e-13
g(x) = 7.2853e-13
g(x) = 7.1267e-13
g(x) = 6.9715e-13
g(x) = 6.8196e-13
g(x) = 6.6711e-13
g(x) = 6.5259e-13
g(x) = 6.3837e-13
g(x) = 6.2447e-13
g(x) = 6.1088e-13
g(x) = 5.9757e-13
g(x) = 5.8456e-13
g(x) = 5.7183e-13
g(x) = 5.5938e-13
g(x) = 5.472e-13
g(x) = 5.3529e-13
g(x) = 5.2364e-13
g(x) = 5.1224e-13
g(x) = 5.0108e-13
g(x) = 4.9017e-13
g(x) = 4.795e-13
g(x) = 4.6906e-13
g(x) = 4.5885e-13
g(x) = 4.4886e-13
g(x) = 4.3909e-13
g(x) = 4.2953e-13
g(x) = 4.2018e-13
g(x) = 4.1104e-13
g(x) = 4.0209e-13
g(x) = 3.9334e-13
g(x) = 3.8477e-13
g(x) = 3.764e-13
g(x) = 3.6821e-13
g(x) = 3.6019e-13
g(x) = 3.5235e-13
g(x) = 3.4468e-13
g(x) = 3.3718e-13
g(x) = 3.2984e-13
g(x) = 3.2266e-13
g(x) = 3.1564e-13
g(x) = 3.0877e-13
g(x) = 3.0205e-13
g(x) = 2.9548e-13
g(x) = 2.8905e-13
g(x) = 2.8276e-13
g(x) = 2.7661e-13
g(x) = 2.7059e-13
g(x) = 2.647e-13
g(x) = 2.5894e-13
g(x) = 2.533e-13
g(x) = 2.4779e-13
g(x) = 2.424e-13
g(x) = 2.3713e-13
g(x) = 2.3197e-13
g(x) = 2.2692e-13
g(x) = 2.2198e-13
g(x) = 2.1715e-13
g(x) = 2.1243e-13
g(x) = 2.078e-13
g(x) = 2.0328e-13
g(x) = 1.9886e-13
g(x) = 1.9453e-13
g(x) = 1.903e-13
g(x) = 1.8616e-13
g(x) = 1.8211e-13
g(x) = 1.7815e-13
g(x) = 1.7427e-13
g(x) = 1.7048e-13
g(x) = 1.6677e-13
g(x) = 1.6315e-13
g(x) = 1.596e-13
g(x) = 1.5613e-13
g(x) = 1.5273e-13
g(x) = 1.4941e-13
g(x) = 1.4616e-13
g(x) = 1.4298e-13
g(x) = 1.3987e-13
g(x) = 1.3683e-13
g(x) = 1.3385e-13
g(x) = 1.3094e-13
g(x) = 1.2809e-13
g(x) = 1.253e-13
g(x) = 1.2258e-13
g(x) = 1.1991e-13
g(x) = 1.1731e-13
g(x) = 1.1475e-13
g(x) = 1.1226e-13
g(x) = 1.0982e-13
g(x) = 1.0743e-13
g(x) = 1.0509e-13
g(x) = 1.0281e-13
g(x) = 1.0057e-13
g(x) = 9.8384e-14
g(x) = 9.6244e-14
g(x) = 9.4151e-14
g(x) = 9.2104e-14
g(x) = 9.0101e-14
g(x) = 8.8142e-14
g(x) = 8.6225e-14
g(x) = 8.435e-14
g(x) = 8.2516e-14
g(x) = 8.0722e-14
g(x) = 7.8967e-14
g(x) = 7.725e-14
g(x) = 7.557e-14
g(x) = 7.3927e-14
g(x) = 7.2319e-14
g(x) = 7.0747e-14
g(x) = 6.9209e-14
g(x) = 6.7704e-14
g(x) = 6.6232e-14
g(x) = 6.4792e-14
g(x) = 6.3383e-14
g(x) = 6.2005e-14
g(x) = 6.0657e-14
g(x) = 5.9339e-14
g(x) = 5.8049e-14
g(x) = 5.6787e-14
g(x) = 5.5552e-14
g(x) = 5.4344e-14
g(x) = 5.3163e-14
g(x) = 5.2007e-14
g(x) = 5.0877e-14
g(x) = 4.9771e-14
g(x) = 4.8689e-14
g(x) = 4.763e-14
g(x) = 4.6595e-14
g(x) = 4.5582e-14
g(x) = 4.4591e-14
g(x) = 4.3622e-14
g(x) = 4.2674e-14
g(x) = 4.1746e-14
g(x) = 4.0839e-14
g(x) = 3.9951e-14
g(x) = 3.9083e-14
g(x) = 3.8233e-14
g(x) = 3.7402e-14
g(x) = 3.6589e-14
g(x) = 3.5794e-14
g(x) = 3.5016e-14
g(x) = 3.4255e-14
g(x) = 3.3511e-14
g(x) = 3.2782e-14
g(x) = 3.207e-14
g(x) = 3.1373e-14
g(x) = 3.0691e-14
g(x) = 3.0024e-14
g(x) = 2.9372e-14
g(x) = 2.8733e-14
g(x) = 2.8109e-14
g(x) = 2.7498e-14
g(x) = 2.69e-14
g(x) = 2.6316e-14
g(x) = 2.5744e-14
g(x) = 2.5184e-14
g(x) = 2.4637e-14
g(x) = 2.4102e-14
g(x) = 2.3578e-14
g(x) = 2.3066e-14
g(x) = 2.2565e-14
g(x) = 2.2074e-14
g(x) = 2.1595e-14
g(x) = 2.1125e-14
g(x) = 2.0666e-14
g(x) = 2.0217e-14
g(x) = 1.9778e-14
g(x) = 1.9348e-14
g(x) = 1.8928e-14
g(x) = 1.8517e-14
g(x) = 1.8114e-14
g(x) = 1.7721e-14
g(x) = 1.7336e-14
g(x) = 1.6959e-14
g(x) = 1.659e-14
g(x) = 1.623e-14
g(x) = 1.5877e-14
g(x) = 1.5532e-14
g(x) = 1.5195e-14
g(x) = 1.4865e-14
g(x) = 1.4542e-14
g(x) = 1.4226e-14
g(x) = 1.3917e-14
g(x) = 1.3615e-14
g(x) = 1.3319e-14
g(x) = 1.3029e-14
g(x) = 1.2746e-14
g(x) = 1.247e-14
g(x) = 1.2199e-14
g(x) = 1.1934e-14
g(x) = 1.1674e-14
g(x) = 1.1421e-14
g(x) = 1.1173e-14
g(x) = 1.093e-14
g(x) = 1.0693e-14
g(x) = 1.046e-14
g(x) = 1.0233e-14
g(x) = 1.0011e-14
g(x) = 9.7933e-15
g(x) = 9.5806e-15
g(x) = 9.3725e-15
g(x) = 9.1689e-15
g(x) = 8.9697e-15
g(x) = 8.7749e-15
g(x) = 8.5843e-15
g(x) = 8.3978e-15
g(x) = 8.2154e-15
g(x) = 8.037e-15
g(x) = 7.8624e-15
g(x) = 7.6917e-15
g(x) = 7.5246e-15
g(x) = 7.3612e-15
g(x) = 7.2013e-15
g(x) = 7.0449e-15
g(x) = 6.8919e-15
g(x) = 6.7422e-15
g(x) = 6.5958e-15
g(x) = 6.4525e-15
g(x) = 6.3124e-15
g(x) = 6.1753e-15
g(x) = 6.0412e-15
g(x) = 5.91e-15
g(x) = 5.7816e-15
g(x) = 5.6561e-15
g(x) = 5.5332e-15
g(x) = 5.4131e-15
g(x) = 5.2955e-15
g(x) = 5.1805e-15
g(x) = 5.068e-15
g(x) = 4.9579e-15
g(x) = 4.8503e-15
g(x) = 4.7449e-15
g(x) = 4.6419e-15
g(x) = 4.5411e-15
g(x) = 4.4425e-15
g(x) = 4.346e-15
g(x) = 4.2516e-15
g(x) = 4.1593e-15
g(x) = 4.069e-15
g(x) = 3.9806e-15
g(x) = 3.8942e-15
g(x) = 3.8096e-15
g(x) = 3.7269e-15
g(x) = 3.646e-15
g(x) = 3.5668e-15
g(x) = 3.4894e-15
g(x) = 3.4136e-15
g(x) = 3.3395e-15
g(x) = 3.267e-15
g(x) = 3.196e-15
g(x) = 3.1266e-15
g(x) = 3.0588e-15
g(x) = 2.9923e-15
g(x) = 2.9274e-15
g(x) = 2.8638e-15
g(x) = 2.8016e-15
g(x) = 2.7408e-15
g(x) = 2.6813e-15
g(x) = 2.6231e-15
g(x) = 2.5661e-15
g(x) = 2.5104e-15
g(x) = 2.4559e-15
g(x) = 2.4026e-15
g(x) = 2.3504e-15
g(x) = 2.2994e-15
g(x) = 2.2495e-15
g(x) = 2.2006e-15
g(x) = 2.1529e-15
g(x) = 2.1061e-15
g(x) = 2.0604e-15
g(x) = 2.0157e-15
g(x) = 1.9719e-15
g(x) = 1.9291e-15
g(x) = 1.8872e-15
g(x) = 1.8463e-15
g(x) = 1.8062e-15
g(x) = 1.767e-15
g(x) = 1.7286e-15
g(x) = 1.6911e-15
g(x) = 1.6544e-15
g(x) = 1.6185e-15
g(x) = 1.5833e-15
g(x) = 1.549e-15
g(x) = 1.5153e-15
g(x) = 1.4824e-15
g(x) = 1.4503e-15
g(x) = 1.4188e-15
g(x) = 1.388e-15
g(x) = 1.3578e-15
g(x) = 1.3284e-15
g(x) = 1.2995e-15
g(x) = 1.2713e-15
g(x) = 1.2437e-15
g(x) = 1.2167e-15
g(x) = 1.1903e-15
g(x) = 1.1645e-15
g(x) = 1.1392e-15
g(x) = 1.1145e-15
g(x) = 1.0903e-15
g(x) = 1.0666e-15
g(x) = 1.0435e-15
g(x) = 1.0208e-15
g(x) = 9.9867e-16

--------------------------------
        Initial Matrices        
--------------------------------

M_0^0 = { { (+0.32272,+0.00000), (-0.04785,+0.23700), (+0.26867,-0.01209), (-0.27398,+0.07003), (-0.03888,-0.07939)},
          { (-0.04785,-0.23700), (+0.18114,+0.00000), (-0.04871,-0.19551), (+0.09205,+0.19082), (-0.05254,+0.04032)},
          { (+0.26867,+0.01209), (-0.04871,+0.19551), (+0.22413,+0.00000), (-0.23072,+0.04804), (-0.02939,-0.06755)},
          { (-0.27398,-0.07003), (+0.09205,-0.19082), (-0.23072,-0.04804), (+0.24780,+0.00000), (+0.01578,+0.07584)},
          { (-0.03888,+0.07939), (-0.05254,-0.04032), (-0.02939,+0.06755), (+0.01578,-0.07584), (+0.02421,+0.00000)} } 

|M^2-M|  = 0.00000
tr(M^2-M)  = (-0.00000,0.00000)
is M PD? = 0

M_1^0 = { { (+0.13959,+0.00000), (+0.05289,-0.07707), (-0.26706,-0.04305), (-0.15893,-0.01283), (+0.06986,-0.08881)},
          { (+0.05289,+0.07707), (+0.06260,+0.00000), (-0.07742,-0.16377), (-0.05314,-0.09261), (+0.07551,+0.00492)},
          { (-0.26706,+0.04305), (-0.07742,+0.16377), (+0.52422,+0.00000), (+0.30802,-0.02448), (-0.10626,+0.19146)},
          { (-0.15893,+0.01283), (-0.05314,+0.09261), (+0.30802,+0.02448), (+0.18213,+0.00000), (-0.07138,+0.10753)},
          { (+0.06986,+0.08881), (+0.07551,-0.00492), (-0.10626,-0.19146), (-0.07138,-0.10753), (+0.09146,+0.00000)} } 

|M^2-M|  = 0.00000
tr(M^2-M)  = (0.00000,0.00000)
is M PD? = 0

M_2^0 = { { (+0.30501,+0.00000), (+0.16075,-0.27177), (+0.08814,+0.05934), (+0.13863,-0.14446), (-0.21533,+0.12058)},
          { (+0.16075,+0.27177), (+0.32686,+0.00000), (-0.00641,+0.10981), (+0.20177,+0.04739), (-0.22092,-0.12831)},
          { (+0.08814,-0.05934), (-0.00641,-0.10981), (+0.03701,+0.00000), (+0.01196,-0.06871), (-0.03877,+0.07673)},
          { (+0.13863,+0.14446), (+0.20177,-0.04739), (+0.01196,+0.06871), (+0.13142,+0.00000), (-0.15497,-0.04718)},
          { (-0.21533,-0.12058), (-0.22092,+0.12831), (-0.03877,-0.07673), (-0.15497,+0.04718), (+0.19969,+0.00000)} } 

|M^2-M|  = 0.00000
tr(M^2-M)  = (0.00000,0.00000)
is M PD? = 0

M_3^0 = { { (+0.22324,+0.00000), (-0.16832,+0.05994), (-0.05124,-0.02431), (+0.29565,+0.09505), (+0.20371,-0.01806)},
          { (-0.16832,-0.05994), (+0.14300,+0.00000), (+0.03211,+0.03209), (-0.19739,-0.15104), (-0.15844,-0.04107)},
          { (-0.05124,+0.02431), (+0.03211,-0.03209), (+0.01441,+0.00000), (-0.07821,+0.01038), (-0.04479,+0.02633)},
          { (+0.29565,-0.09505), (-0.19739,+0.15104), (-0.07821,-0.01038), (+0.43201,+0.00000), (+0.26208,-0.11065)},
          { (+0.20371,+0.01806), (-0.15844,+0.04107), (-0.04479,-0.02633), (+0.26208,+0.11065), (+0.18734,+0.00000)} } 

|M^2-M|  = 0.00000
tr(M^2-M)  = (0.00000,0.00000)
is M PD? = 0

M_4^0 = { { (+0.00943,+0.00000), (+0.00253,+0.05191), (-0.03851,+0.02012), (-0.00137,-0.00780), (-0.01935,+0.06569)},
          { (+0.00253,-0.05191), (+0.28640,+0.00000), (+0.10044,+0.21739), (-0.04329,+0.00545), (+0.35639,+0.12414)},
          { (-0.03851,-0.02012), (+0.10044,-0.21739), (+0.20023,+0.00000), (-0.01105,+0.03477), (+0.21921,-0.22697)},
          { (-0.00137,+0.00780), (-0.04329,-0.00545), (-0.01105,-0.03477), (+0.00665,+0.00000), (-0.05151,-0.02554)},
          { (-0.01935,-0.06569), (+0.35639,-0.12414), (+0.21921,+0.22697), (-0.05151,+0.02554), (+0.49729,+0.00000)} } 

|M^2-M|  = 0.00000
tr(M^2-M)  = (-0.00000,0.00000)
is M PD? = 0

M_0^1 = { { (+0.06979,+0.00000), (-0.01242,+0.04662), (+0.11840,+0.00483), (+0.06754,-0.17443), (+0.11646,-0.00134)},
          { (-0.01242,-0.04662), (+0.03336,+0.00000), (-0.01784,-0.07996), (-0.12855,-0.01408), (-0.02162,-0.07756)},
          { (+0.11840,-0.00483), (-0.01784,+0.07996), (+0.20120,+0.00000), (+0.10251,-0.30059), (+0.19748,-0.01034)},
          { (+0.06754,+0.17443), (-0.12855,+0.01408), (+0.10251,+0.30059), (+0.50130,+0.00000), (+0.11606,+0.28976)},
          { (+0.11646,+0.00134), (-0.02162,+0.07756), (+0.19748,+0.01034), (+0.11606,-0.28976), (+0.19435,+0.00000)} } 

|M^2-M|  = 0.00000
tr(M^2-M)  = (0.00000,0.00000)
is M PD? = 0

M_1^1 = { { (+0.37859,+0.00000), (+0.22771,-0.34494), (+0.09098,+0.04168), (+0.04389,+0.16513), (+0.06145,-0.14644)},
          { (+0.22771,+0.34494), (+0.45123,+0.00000), (+0.01675,+0.10797), (-0.12405,+0.13930), (+0.17038,-0.03209)},
          { (+0.09098,-0.04168), (+0.01675,-0.10797), (+0.02645,+0.00000), (+0.02873,+0.03485), (-0.00136,-0.04196)},
          { (+0.04389,-0.16513), (-0.12405,-0.13930), (+0.02873,-0.03485), (+0.07711,+0.00000), (-0.05675,-0.04378)},
          { (+0.06145,+0.14644), (+0.17038,+0.03209), (-0.00136,+0.04196), (-0.05675,+0.04378), (+0.06662,+0.00000)} } 

|M^2-M|  = 0.00000
tr(M^2-M)  = (-0.00000,0.00000)
is M PD? = 0

M_2^1 = { { (+0.18435,+0.00000), (-0.15775,-0.04448), (-0.24116,+0.05794), (-0.15542,-0.06679), (+0.12493,+0.13327)},
          { (-0.15775,+0.04448), (+0.14571,+0.00000), (+0.19238,-0.10777), (+0.14911,+0.01965), (-0.13906,-0.08389)},
          { (-0.24116,-0.05794), (+0.19238,+0.10777), (+0.33370,+0.00000), (+0.18233,+0.13622), (-0.12155,-0.21361)},
          { (-0.15542,+0.06679), (+0.14911,-0.01965), (+0.18233,-0.13622), (+0.15523,+0.00000), (-0.15361,-0.06709)},
          { (+0.12493,-0.13327), (-0.13906,+0.08389), (-0.12155,+0.21361), (-0.15361,+0.06709), (+0.18101,+0.00000)} } 

|M^2-M|  = 0.00000
tr(M^2-M)  = (-0.00000,0.00000)
is M PD? = 0

M_3^1 = { { (+0.19585,+0.00000), (-0.07025,+0.13633), (+0.20933,-0.04480), (-0.11957,+0.08493), (-0.19186,+0.17269)},
          { (-0.07025,-0.13633), (+0.12010,+0.00000), (-0.10627,-0.12965), (+0.10201,+0.05277), (+0.18903,+0.07161)},
          { (+0.20933,+0.04480), (-0.10627,+0.12965), (+0.23399,+0.00000), (-0.14723,+0.06343), (-0.24456,+0.14070)},
          { (-0.11957,-0.08493), (+0.10201,-0.05277), (-0.14723,-0.06343), (+0.10984,+0.00000), (+0.19203,-0.02224)},
          { (-0.19186,-0.17269), (+0.18903,-0.07161), (-0.24456,-0.14070), (+0.19203,+0.02224), (+0.34022,+0.00000)} } 

|M^2-M|  = 0.00000
tr(M^2-M)  = (-0.00000,0.00000)
is M PD? = 0

M_4^1 = { { (+0.17142,+0.00000), (+0.01271,+0.20646), (-0.17755,-0.05966), (+0.16356,-0.00884), (-0.11098,-0.15818)},
          { (+0.01271,-0.20646), (+0.24960,+0.00000), (-0.08501,+0.20941), (+0.00147,-0.19765), (-0.19873,+0.12193)},
          { (-0.17755,+0.05966), (-0.08501,-0.20941), (+0.20466,+0.00000), (-0.16633,+0.06608), (+0.16999,+0.12521)},
          { (+0.16356,+0.00884), (+0.00147,+0.19765), (-0.16633,-0.06608), (+0.15652,+0.00000), (-0.09773,-0.15665)},
          { (-0.11098,+0.15818), (-0.19873,-0.12193), (+0.16999,-0.12521), (-0.09773,+0.15665), (+0.21780,+0.00000)} } 

|M^2-M|  = 0.00000
tr(M^2-M)  = (0.00000,0.00000)
is M PD? = 0

M_0^2 = { { (+0.02308,+0.00000), (-0.10909,+0.03622), (+0.00926,-0.07999), (-0.02436,+0.04389), (+0.00365,+0.01774)},
          { (-0.10909,-0.03622), (+0.57252,+0.00000), (-0.16933,+0.36360), (+0.18406,-0.16921), (+0.01058,-0.08960)},
          { (+0.00926,+0.07999), (-0.16933,-0.36360), (+0.28100,+0.00000), (-0.16190,-0.06685), (-0.06003,+0.01978)},
          { (-0.02436,-0.04389), (+0.18406,+0.16921), (-0.16190,+0.06685), (+0.10918,+0.00000), (+0.02988,-0.02568)},
          { (+0.00365,-0.01774), (+0.01058,+0.08960), (-0.06003,-0.01978), (+0.02988,+0.02568), (+0.01422,+0.00000)} } 

|M^2-M|  = 0.00000
tr(M^2-M)  = (-0.00000,0.00000)
is M PD? = 0

M_1^2 = { { (+0.14649,+0.00000), (+0.09407,-0.01597), (+0.06686,-0.10505), (+0.13996,+0.06220), (-0.27732,+0.00739)},
          { (+0.09407,+0.01597), (+0.06215,+0.00000), (+0.05439,-0.06017), (+0.08310,+0.05520), (-0.17889,-0.02549)},
          { (+0.06686,+0.10505), (+0.05439,+0.06017), (+0.10585,+0.00000), (+0.01928,+0.12876), (-0.13188,-0.19550)},
          { (+0.13996,-0.06220), (+0.08310,-0.05520), (+0.01928,-0.12876), (+0.16013,+0.00000), (-0.26182,+0.12481)},
          { (-0.27732,-0.00739), (-0.17889,+0.02549), (-0.13188,+0.19550), (-0.26182,-0.12481), (+0.52538,+0.00000)} } 

|M^2-M|  = 0.00000
tr(M^2-M)  = (-0.00000,0.00000)
is M PD? = 0

M_2^2 = { { (+0.44446,+0.00000), (-0.16567,-0.16351), (-0.27620,+0.31051), (+0.01377,+0.13127), (+0.03930,-0.03265)},
          { (-0.16567,+0.16351), (+0.12191,+0.00000), (-0.01128,-0.21735), (-0.05343,-0.04386), (-0.00264,+0.02663)},
          { (-0.27620,-0.31051), (-0.01128,+0.21735), (+0.38856,+0.00000), (+0.08315,-0.09119), (-0.04723,-0.00717)},
          { (+0.01377,-0.13127), (-0.05343,+0.04386), (+0.08315,+0.09119), (+0.03920,+0.00000), (-0.00842,-0.01262)},
          { (+0.03930,+0.03265), (-0.00264,-0.02663), (-0.04723,+0.00717), (-0.00842,+0.01262), (+0.00587,+0.00000)} } 

|M^2-M|  = 0.00000
tr(M^2-M)  = (-0.00000,0.00000)
is M PD? = 0

M_3^2 = { { (+0.22092,+0.00000), (+0.01123,+0.04346), (+0.06259,-0.14160), (+0.06331,-0.30490), (+0.14584,-0.16700)},
          { (+0.01123,-0.04346), (+0.00912,+0.00000), (-0.02468,-0.01951), (-0.05677,-0.02796), (-0.02544,-0.03719)},
          { (+0.06259,+0.14160), (-0.02468,+0.01951), (+0.10849,+0.00000), (+0.21336,-0.04580), (+0.14836,+0.04617)},
          { (+0.06331,+0.30490), (-0.05677,+0.02796), (+0.21336,+0.04580), (+0.43895,+0.00000), (+0.27228,+0.15343)},
          { (+0.14584,+0.16700), (-0.02544,+0.03719), (+0.14836,-0.04617), (+0.27228,-0.15343), (+0.22253,+0.00000)} } 

|M^2-M|  = 0.00000
tr(M^2-M)  = (-0.00000,0.00000)
is M PD? = 0

M_4^2 = { { (+0.16506,+0.00000), (+0.16945,+0.09980), (+0.13749,+0.01613), (-0.19267,+0.06754), (+0.08852,+0.17452)},
          { (+0.16945,-0.09980), (+0.23430,+0.00000), (+0.15090,-0.06657), (-0.15696,+0.18583), (+0.19640,+0.12564)},
          { (+0.13749,-0.01613), (+0.15090,+0.06657), (+0.11610,+0.00000), (-0.15389,+0.07508), (+0.09079,+0.13672)},
          { (-0.19267,-0.06754), (-0.15696,-0.18583), (-0.15389,-0.07508), (+0.25254,+0.00000), (-0.03192,-0.23994)},
          { (+0.08852,-0.17452), (+0.19640,-0.12564), (+0.09079,-0.13672), (-0.03192,+0.23994), (+0.23200,+0.00000)} } 

|M^2-M|  = 0.00000
tr(M^2-M)  = (0.00000,0.00000)
is M PD? = 0

M_0^3 = { { (+0.06161,+0.00000), (-0.09440,+0.10241), (-0.06884,+0.05623), (+0.01587,+0.16797), (+0.03180,-0.03219)},
          { (-0.09440,-0.10241), (+0.31487,+0.00000), (+0.19895,+0.02828), (+0.25488,-0.28376), (-0.10223,-0.00352)},
          { (-0.06884,-0.05623), (+0.19895,-0.02828), (+0.12825,+0.00000), (+0.13556,-0.20218), (-0.06491,+0.00696)},
          { (+0.01587,-0.16797), (+0.25488,+0.28376), (+0.13556,+0.20218), (+0.46204,+0.00000), (-0.07958,-0.09499)},
          { (+0.03180,+0.03219), (-0.10223,+0.00352), (-0.06491,-0.00696), (-0.07958,+0.09499), (+0.03323,+0.00000)} } 

|M^2-M|  = 0.00000
tr(M^2-M)  = (-0.00000,0.00000)
is M PD? = 0

M_1^3 = { { (+0.03450,+0.00000), (-0.02170,+0.07566), (-0.05799,-0.07568), (-0.01577,-0.06077), (-0.10096,-0.06239)},
          { (-0.02170,-0.07566), (+0.17956,+0.00000), (-0.12948,+0.17477), (-0.12335,+0.07279), (-0.07331,+0.26063)},
          { (-0.05799,+0.07568), (-0.12948,-0.17477), (+0.26347,+0.00000), (+0.15979,+0.06757), (+0.30653,-0.11658)},
          { (-0.01577,+0.06077), (-0.12335,-0.07279), (+0.15979,-0.06757), (+0.11424,+0.00000), (+0.15601,-0.14932)},
          { (-0.10096,+0.06239), (-0.07331,-0.26063), (+0.30653,+0.11658), (+0.15601,+0.14932), (+0.40822,+0.00000)} } 

|M^2-M|  = 0.00000
tr(M^2-M)  = (-0.00000,0.00000)
is M PD? = 0

M_2^3 = { { (+0.29916,+0.00000), (-0.25207,-0.00673), (+0.14547,+0.08507), (+0.09472,-0.15523), (-0.08853,+0.27708)},
          { (-0.25207,+0.00673), (+0.21255,+0.00000), (-0.12449,-0.06841), (-0.07632,+0.13293), (+0.06836,-0.23546)},
          { (+0.14547,-0.08507), (-0.12449,+0.06841), (+0.09493,+0.00000), (+0.00192,-0.10242), (+0.03574,+0.15991)},
          { (+0.09472,+0.15523), (-0.07632,-0.13293), (+0.00192,+0.10242), (+0.11054,+0.00000), (-0.17180,+0.04179)},
          { (-0.08853,-0.27708), (+0.06836,+0.23546), (+0.03574,-0.15991), (-0.17180,-0.04179), (+0.28283,+0.00000)} } 

|M^2-M|  = 0.00000
tr(M^2-M)  = (0.00000,0.00000)
is M PD? = 0

M_3^3 = { { (+0.04995,+0.00000), (+0.00160,-0.02421), (-0.11352,+0.09768), (+0.00676,-0.11128), (+0.09265,-0.05850)},
          { (+0.00160,+0.02421), (+0.01179,+0.00000), (-0.05099,-0.05190), (+0.05416,-0.00029), (+0.03133,+0.04304)},
          { (-0.11352,-0.09768), (-0.05099,+0.05190), (+0.44906,+0.00000), (-0.23300,+0.23969), (-0.32499,-0.04822)},
          { (+0.00676,+0.11128), (+0.05416,+0.00029), (-0.23300,-0.23969), (+0.24883,+0.00000), (+0.14289,+0.19849)},
          { (+0.09265,+0.05850), (+0.03133,-0.04304), (-0.32499,+0.04822), (+0.14289,-0.19849), (+0.24038,+0.00000)} } 

|M^2-M|  = 0.00000
tr(M^2-M)  = (-0.00000,0.00000)
is M PD? = 0

M_4^3 = { { (+0.55478,+0.00000), (+0.36657,-0.14712), (+0.09489,-0.16330), (-0.10159,+0.15931), (+0.06504,-0.12400)},
          { (+0.36657,+0.14712), (+0.28123,+0.00000), (+0.10601,-0.08274), (-0.10937,+0.07832), (+0.07586,-0.06468)},
          { (+0.09489,+0.16330), (+0.10601,+0.08274), (+0.06430,+0.00000), (-0.06427,-0.00265), (+0.04762,-0.00206)},
          { (-0.10159,-0.15931), (-0.10937,-0.07832), (-0.06427,+0.00265), (+0.06435,+0.00000), (-0.04752,+0.00403)},
          { (+0.06504,+0.12400), (+0.07586,+0.06468), (+0.04762,+0.00206), (-0.04752,-0.00403), (+0.03534,+0.00000)} } 

|M^2-M|  = 0.00000
tr(M^2-M)  = (-0.00000,0.00000)
is M PD? = 0

|X^2-X|  = 0.00000
tr(X^2-X)  = 0.00000
isPD(X) = 0
isPSD(X) = 0

----------------------------------
         Iteration 0
----------------------------------
f = -133.37035   r = 19.01794 ?< 10000000000.00000   g = 0.00000

----------------------------------
         Iteration 1
----------------------------------
f = -133.37035   r = 25.83954 ?< 1000000000.00000   g = 0.00000

----------------------------------
         Iteration 2
----------------------------------
f = -133.37035   r = 26.76008 ?< 100000000.00000   g = 0.00000

----------------------------------
         Iteration 3
----------------------------------
f = -133.37035   r = 26.85372 ?< 10000000.00000   g = 0.00000

----------------------------------
         Iteration 4
----------------------------------
f = -133.37035   r = 26.86310 ?< 1000000.00000   g = 0.00000

----------------------------------
         Iteration 5
----------------------------------
f = -133.37035   r = 26.86404 ?< 100000.00000   g = 0.00000

----------------------------------
         Iteration 6
----------------------------------
f = -133.37035   r = 26.86413 ?< 10000.00000   g = 0.00000

----------------------------------
         Iteration 7
----------------------------------
f = -133.37035   r = 26.86414 ?< 1000.00000   g = 0.00000

----------------------------------
         Iteration 8
----------------------------------
f = -133.37035   r = 26.86414 ?< 100.00000   g = 0.00000

----------------------------------
         Iteration 9
----------------------------------
f = -133.37035   r = 26.86414 ?< 10.00000   g = 0.00000
f = -133.73490   r = 3.92531 ?< 10.00000   g = 0.14041

----------------------------------
         Iteration 10
----------------------------------
f = -133.73490   r = 3.92531 ?< 1.00000   g = 0.14041
f = -132.07106   r = 90.11881 ?< 1.00000   g = 18.89205
f = -132.05460   r = 35.30815 ?< 1.00000   g = 18.56302
f = -132.05612   r = 24.75629 ?< 1.00000   g = 18.13915
f = -132.05130   r = 23.27437 ?< 1.00000   g = 17.80366
f = -132.06412   r = 23.36832 ?< 1.00000   g = 17.61483
f = -132.07026   r = 23.50981 ?< 1.00000   g = 17.41914
f = -132.06394   r = 23.59016 ?< 1.00000   g = 17.22407
f = -132.07395   r = 25.21007 ?< 1.00000   g = 17.03533
f = -132.08440   r = 30.28981 ?< 1.00000   g = 17.07231
f = -132.44535   r = 18.75500 ?< 1.00000   g = 16.17818
f = -132.95335   r = 12.06429 ?< 1.00000   g = 12.65992
f = -133.52200   r = 6.79890 ?< 1.00000   g = 10.15008
f = -133.69912   r = 5.16671 ?< 1.00000   g = 10.45364
f = -133.72483   r = 4.32951 ?< 1.00000   g = 10.00158
f = -133.90755   r = 3.05805 ?< 1.00000   g = 7.98306
f = -133.90767   r = 2.92116 ?< 1.00000   g = 7.98007
f = -133.90780   r = 2.81144 ?< 1.00000   g = 7.97713
f = -133.90781   r = 2.72268 ?< 1.00000   g = 7.97684
f = -134.01320   r = 1.80828 ?< 1.00000   g = 5.54358
f = -134.06637   r = 1.30380 ?< 1.00000   g = 4.14154
f = -134.09395   r = 1.02547 ?< 1.00000   g = 3.32347
f = -134.10573   r = 0.92239 ?< 1.00000   g = 2.90653

----------------------------------
         Iteration 11
----------------------------------
f = -134.10573   r = 0.92239 ?< 0.10000   g = 2.90653
f = -134.11050   r = 0.92462 ?< 0.10000   g = 2.71262
f = -134.11244   r = 0.99199 ?< 0.10000   g = 2.62491
f = -134.11322   r = 1.10285 ?< 0.10000   g = 2.58594
f = -134.11353   r = 1.24096 ?< 0.10000   g = 2.56877
f = -134.11365   r = 1.39285 ?< 0.10000   g = 2.56125
f = -134.11370   r = 1.54807 ?< 0.10000   g = 2.55797
f = -134.11373   r = 1.69920 ?< 0.10000   g = 2.55654
f = -134.11373   r = 1.84138 ?< 0.10000   g = 2.55591
f = -134.11374   r = 1.97192 ?< 0.10000   g = 2.55564
f = -134.11374   r = 2.08959 ?< 0.10000   g = 2.55551
f = -134.11374   r = 2.19418 ?< 0.10000   g = 2.55546
f = -134.11374   r = 2.28613 ?< 0.10000   g = 2.55543
f = -134.11374   r = 2.36629 ?< 0.10000   g = 2.55542
f = -134.11374   r = 2.43566 ?< 0.10000   g = 2.55541
f = -134.11374   r = 2.49542 ?< 0.10000   g = 2.55540
f = -134.11374   r = 2.54665 ?< 0.10000   g = 2.55540
f = -134.11374   r = 2.59042 ?< 0.10000   g = 2.55539
f = -134.11374   r = 2.62769 ?< 0.10000   g = 2.55538
f = -134.11374   r = 2.65935 ?< 0.10000   g = 2.55538
f = -134.11374   r = 2.68620 ?< 0.10000   g = 2.55538
f = -134.11374   r = 2.70892 ?< 0.10000   g = 2.55537
f = -134.11374   r = 2.72813 ?< 0.10000   g = 2.55537
f = -134.11374   r = 2.74435 ?< 0.10000   g = 2.55536
f = -134.11374   r = 2.75803 ?< 0.10000   g = 2.55535
f = -134.11374   r = 2.76956 ?< 0.10000   g = 2.55535
f = -134.11374   r = 2.77927 ?< 0.10000   g = 2.55534
f = -134.11374   r = 2.78745 ?< 0.10000   g = 2.55534
f = -134.11374   r = 2.79434 ?< 0.10000   g = 2.55533
f = -134.11374   r = 2.80013 ?< 0.10000   g = 2.55532
f = -134.11374   r = 2.80499 ?< 0.10000   g = 2.55531
f = -134.11374   r = 2.80910 ?< 0.10000   g = 2.55531
f = -134.11374   r = 2.81254 ?< 0.10000   g = 2.55531
f = -134.11374   r = 2.81544 ?< 0.10000   g = 2.55531
f = -134.11374   r = 2.81787 ?< 0.10000   g = 2.55531
f = -134.10828   r = 1.45731 ?< 0.10000   g = 1.36949
f = -134.07094   r = 0.90765 ?< 0.10000   g = 0.61445
f = -134.03356   r = 1.03705 ?< 0.10000   g = 0.31071
f = -134.00480   r = 0.73894 ?< 0.10000   g = 0.13442
f = -133.96142   r = 0.72750 ?< 0.10000   g = 0.04461
f = -133.95977   r = 0.39287 ?< 0.10000   g = 0.02299
f = -133.94164   r = 0.55724 ?< 0.10000   g = 0.00842
f = -133.93952   r = 0.69023 ?< 0.10000   g = 0.00353
f = -133.95315   r = 0.73767 ?< 0.10000   g = 0.00231
f = -133.96248   r = 0.57150 ?< 0.10000   g = 0.00192
f = -133.96447   r = 0.48053 ?< 0.10000   g = 0.00186
f = -133.96468   r = 0.54811 ?< 0.10000   g = 0.00186
f = -133.96470   r = 0.63879 ?< 0.10000   g = 0.00186
f = -133.96471   r = 0.58746 ?< 0.10000   g = 0.00186
f = -133.96471   r = 0.65047 ?< 0.10000   g = 0.00186
f = -133.96471   r = 0.49418 ?< 0.10000   g = 0.00186
f = -133.96471   r = 0.53995 ?< 0.10000   g = 0.00186
f = -133.96471   r = 0.53101 ?< 0.10000   g = 0.00186
f = -133.96471   r = 0.53443 ?< 0.10000   g = 0.00186
f = -133.96471   r = 0.48421 ?< 0.10000   g = 0.00186
f = -133.96471   r = 0.50271 ?< 0.10000   g = 0.00186
f = -133.96471   r = 0.48601 ?< 0.10000   g = 0.00186
f = -133.96471   r = 0.48140 ?< 0.10000   g = 0.00186
f = -133.96471   r = 0.47795 ?< 0.10000   g = 0.00186
f = -133.96471   r = 0.47954 ?< 0.10000   g = 0.00186
f = -133.96471   r = 0.48337 ?< 0.10000   g = 0.00186
f = -133.99237   r = 9.12929 ?< 0.10000   g = 0.07703
f = -134.00115   r = 2.46128 ?< 0.10000   g = 0.06622
f = -134.00213   r = 1.79495 ?< 0.10000   g = 0.06505
f = -134.00227   r = 1.23984 ?< 0.10000   g = 0.06493
f = -134.00229   r = 0.99137 ?< 0.10000   g = 0.06492
f = -134.00229   r = 1.42671 ?< 0.10000   g = 0.06492
f = -134.00229   r = 3.46758 ?< 0.10000   g = 0.06492
f = -134.00229   r = 8.11079 ?< 0.10000   g = 0.06492
f = -134.00229   r = 16.22819 ?< 0.10000   g = 0.06492
f = -134.00229   r = 25.28778 ?< 0.10000   g = 0.06492
f = -134.00229   r = 30.66216 ?< 0.10000   g = 0.06492
f = -134.00229   r = 32.39099 ?< 0.10000   g = 0.06492
f = -134.00229   r = 32.78790 ?< 0.10000   g = 0.06492
f = -134.00229   r = 32.86642 ?< 0.10000   g = 0.06492
f = -134.00229   r = 32.94479 ?< 0.10000   g = 0.06492
f = -134.00229   r = 32.98349 ?< 0.10000   g = 0.06492
f = -134.00229   r = 35.03289 ?< 0.10000   g = 0.06492
f = -134.00229   r = 35.22607 ?< 0.10000   g = 0.06492
f = -134.09968   r = 49.42367 ?< 0.10000   g = 0.17812
f = -134.06810   r = 15.44889 ?< 0.10000   g = 0.06027
f = -134.04118   r = 1.72278 ?< 0.10000   g = 0.02032
f = -134.01514   r = 0.98037 ?< 0.10000   g = 0.00937
f = -134.14874   r = 214.77742 ?< 0.10000   g = 0.59385
f = -134.10723   r = 56.11657 ?< 0.10000   g = 0.15695
f = -134.06885   r = 15.88963 ?< 0.10000   g = 0.04460
f = -134.03818   r = 1.62409 ?< 0.10000   g = 0.01488
f = -134.00242   r = 1.19585 ?< 0.10000   g = 0.01395
f = -134.03850   r = 1.22368 ?< 0.10000   g = 0.01486
f = -134.00209   r = 2.21664 ?< 0.10000   g = 0.01399
f = -134.04223   r = 1.53623 ?< 0.10000   g = 0.01733
f = -134.00642   r = 4.89602 ?< 0.10000   g = 0.01446
f = -134.07309   r = 31.33790 ?< 0.10000   g = 0.05105
f = -134.03528   r = 12.95822 ?< 0.10000   g = 0.02066
f = -134.06442   r = 182.05908 ?< 0.10000   g = 0.05934
f = -134.04366   r = 0.76254 ?< 0.10000   g = 0.02030
f = -134.01554   r = 2.80871 ?< 0.10000   g = 0.02576
f = -134.03800   r = 1.90107 ?< 0.10000   g = 0.01781
f = -133.98499   r = 42.26410 ?< 0.10000   g = 0.07382
f = -134.01418   r = 13.57243 ?< 0.10000   g = 0.02516
f = -134.03824   r = 85.89101 ?< 0.10000   g = 0.07096
f = -134.00395   r = 57.34116 ?< 0.10000   g = 0.04341
f = -134.01402   r = 50.68486 ?< 0.10000   g = 0.02810
f = -133.99677   r = 15.87585 ?< 0.10000   g = 0.10683
f = -134.02096   r = 4.24096 ?< 0.10000   g = 0.02917
f = -134.03352   r = 1.20592 ?< 0.10000   g = 0.00975
f = -134.04174   r = 0.66682 ?< 0.10000   g = 0.00729
f = -134.02808   r = 1.38111 ?< 0.10000   g = 0.00328
f = -134.02401   r = 0.64803 ?< 0.10000   g = 0.00114
f = -134.02077   r = 0.30391 ?< 0.10000   g = 0.00039
f = -134.01781   r = 0.41970 ?< 0.10000   g = 0.00011
f = -134.01689   r = 0.45775 ?< 0.10000   g = 0.00004
f = -134.01714   r = 0.53178 ?< 0.10000   g = 0.00002
f = -134.01820   r = 0.85800 ?< 0.10000   g = 0.00002
f = -134.02521   r = 1.14791 ?< 0.10000   g = 0.00002
f = -134.03197   r = 0.84804 ?< 0.10000   g = 0.00011
f = -134.03326   r = 0.64057 ?< 0.10000   g = 0.00013
f = -134.03256   r = 0.28859 ?< 0.10000   g = 0.00006
f = -134.03167   r = 0.57322 ?< 0.10000   g = 0.00003
f = -134.03162   r = 0.42174 ?< 0.10000   g = 0.00002
f = -134.03143   r = 0.78223 ?< 0.10000   g = 0.00002
f = -134.03165   r = 0.81461 ?< 0.10000   g = 0.00002
f = -134.03192   r = 0.62643 ?< 0.10000   g = 0.00002
f = -134.03193   r = 1.14195 ?< 0.10000   g = 0.00003
f = -134.03233   r = 0.55554 ?< 0.10000   g = 0.00002
f = -134.03243   r = 1.01329 ?< 0.10000   g = 0.00003
f = -134.03288   r = 0.73503 ?< 0.10000   g = 0.00003
f = -134.03344   r = 0.94303 ?< 0.10000   g = 0.00003
f = -134.03417   r = 1.43796 ?< 0.10000   g = 0.00005
f = -134.03490   r = 0.71137 ?< 0.10000   g = 0.00003
f = -134.03707   r = 1.20475 ?< 0.10000   g = 0.00007
f = -134.03863   r = 1.01702 ?< 0.10000   g = 0.00005
f = -134.04024   r = 1.35641 ?< 0.10000   g = 0.00007
f = -134.04129   r = 0.89157 ?< 0.10000   g = 0.00006
f = -134.04179   r = 0.71605 ?< 0.10000   g = 0.00006
f = -134.04196   r = 0.91199 ?< 0.10000   g = 0.00007
f = -134.04219   r = 0.86741 ?< 0.10000   g = 0.00007
f = -134.04250   r = 0.59826 ?< 0.10000   g = 0.00007
f = -134.04214   r = 0.50556 ?< 0.10000   g = 0.00004
f = -134.04191   r = 0.66212 ?< 0.10000   g = 0.00004
f = -134.04187   r = 0.27396 ?< 0.10000   g = 0.00002
f = -134.04157   r = 0.91557 ?< 0.10000   g = 0.00003
f = -134.04183   r = 0.27580 ?< 0.10000   g = 0.00001
f = -134.04162   r = 1.01876 ?< 0.10000   g = 0.00002
f = -134.04193   r = 0.36320 ?< 0.10000   g = 0.00001
f = -134.04211   r = 1.18286 ?< 0.10000   g = 0.00002
f = -134.04255   r = 0.69137 ?< 0.10000   g = 0.00002
f = -134.04319   r = 1.04589 ?< 0.10000   g = 0.00004
f = -134.04325   r = 0.66058 ?< 0.10000   g = 0.00002
f = -134.04419   r = 0.81186 ?< 0.10000   g = 0.00005
f = -134.04450   r = 0.70206 ?< 0.10000   g = 0.00003
f = -134.04528   r = 0.82800 ?< 0.10000   g = 0.00004
f = -134.04606   r = 0.68138 ?< 0.10000   g = 0.00003
f = -134.04831   r = 1.18478 ?< 0.10000   g = 0.00007
f = -134.04879   r = 1.44878 ?< 0.10000   g = 0.00010
f = -134.04927   r = 0.84165 ?< 0.10000   g = 0.00010
f = -134.04929   r = 0.35446 ?< 0.10000   g = 0.00007
f = -134.04860   r = 0.45007 ?< 0.10000   g = 0.00003
f = -134.04839   r = 0.68870 ?< 0.10000   g = 0.00003
f = -134.04838   r = 0.26329 ?< 0.10000   g = 0.00002
f = -134.04804   r = 0.83158 ?< 0.10000   g = 0.00002
f = -134.04820   r = 0.33878 ?< 0.10000   g = 0.00001
f = -134.04815   r = 0.89203 ?< 0.10000   g = 0.00002
f = -134.04835   r = 0.58095 ?< 0.10000   g = 0.00002
f = -134.04863   r = 0.77094 ?< 0.10000   g = 0.00003
f = -134.04856   r = 0.57091 ?< 0.10000   g = 0.00002
f = -134.04888   r = 0.74251 ?< 0.10000   g = 0.00003
f = -134.04887   r = 0.34011 ?< 0.10000   g = 0.00002
f = -134.04889   r = 1.00360 ?< 0.10000   g = 0.00003
f = -134.04909   r = 0.25564 ?< 0.10000   g = 0.00002
f = -134.04892   r = 1.02776 ?< 0.10000   g = 0.00003
f = -134.04923   r = 0.21642 ?< 0.10000   g = 0.00002
f = -134.04905   r = 1.03517 ?< 0.10000   g = 0.00002
f = -134.04932   r = 0.27937 ?< 0.10000   g = 0.00001
f = -134.04939   r = 1.18196 ?< 0.10000   g = 0.00002
f = -134.04998   r = 0.47588 ?< 0.10000   g = 0.00001
f = -134.05031   r = 1.15765 ?< 0.10000   g = 0.00003
f = -134.05100   r = 0.82457 ?< 0.10000   g = 0.00002
f = -134.05213   r = 1.00888 ?< 0.10000   g = 0.00004
f = -134.05290   r = 1.31250 ?< 0.10000   g = 0.00006
f = -134.05334   r = 0.71115 ?< 0.10000   g = 0.00003
f = -134.05558   r = 1.65066 ?< 0.10000   g = 0.00020
f = -134.05527   r = 0.48454 ?< 0.10000   g = 0.00007
f = -134.05504   r = 0.77174 ?< 0.10000   g = 0.00008
f = -134.05484   r = 0.31849 ?< 0.10000   g = 0.00003
f = -134.05435   r = 0.81459 ?< 0.10000   g = 0.00003
f = -134.05451   r = 0.24636 ?< 0.10000   g = 0.00002
f = -134.05436   r = 1.19198 ?< 0.10000   g = 0.00003
f = -134.05506   r = 0.39811 ?< 0.10000   g = 0.00003
f = -134.05503   r = 1.08364 ?< 0.10000   g = 0.00005
f = -134.05528   r = 0.23393 ?< 0.10000   g = 0.00003
f = -134.05492   r = 0.90202 ?< 0.10000   g = 0.00003
f = -134.05518   r = 0.26100 ?< 0.10000   g = 0.00002
f = -134.05504   r = 1.08994 ?< 0.10000   g = 0.00003
f = -134.05528   r = 0.25539 ?< 0.10000   g = 0.00002
f = -134.05509   r = 1.01171 ?< 0.10000   g = 0.00002
f = -134.05544   r = 0.20796 ?< 0.10000   g = 0.00001
f = -134.05522   r = 1.07654 ?< 0.10000   g = 0.00002
f = -134.05562   r = 0.26020 ?< 0.10000   g = 0.00001
f = -134.05557   r = 1.05793 ?< 0.10000   g = 0.00002
f = -134.05600   r = 0.41995 ?< 0.10000   g = 0.00001
f = -134.05656   r = 1.40337 ?< 0.10000   g = 0.00003
f = -134.05700   r = 0.82433 ?< 0.10000   g = 0.00003
f = -134.05797   r = 0.68281 ?< 0.10000   g = 0.00004
f = -134.05782   r = 0.69022 ?< 0.10000   g = 0.00002
f = -134.05892   r = 0.70452 ?< 0.10000   g = 0.00004
f = -134.05930   r = 0.71087 ?< 0.10000   g = 0.00003
f = -134.06041   r = 1.15644 ?< 0.10000   g = 0.00006
f = -134.06060   r = 0.57189 ?< 0.10000   g = 0.00003
f = -134.06092   r = 1.02260 ?< 0.10000   g = 0.00006
f = -134.06134   r = 0.73877 ?< 0.10000   g = 0.00006
f = -134.06153   r = 0.83247 ?< 0.10000   g = 0.00007
f = -134.06140   r = 0.39831 ?< 0.10000   g = 0.00004
f = -134.06100   r = 0.62009 ?< 0.10000   g = 0.00003
f = -134.06097   r = 0.44345 ?< 0.10000   g = 0.00002
f = -134.06110   r = 0.94554 ?< 0.10000   g = 0.00003
f = -134.06127   r = 0.36031 ?< 0.10000   g = 0.00002
f = -134.06118   r = 0.97018 ?< 0.10000   g = 0.00002
f = -134.06148   r = 0.33297 ?< 0.10000   g = 0.00001
f = -134.06164   r = 1.19229 ?< 0.10000   g = 0.00002
f = -134.06219   r = 0.59696 ?< 0.10000   g = 0.00002
f = -134.06278   r = 1.12449 ?< 0.10000   g = 0.00003
f = -134.06341   r = 0.81438 ?< 0.10000   g = 0.00003
f = -134.06422   r = 0.89525 ?< 0.10000   g = 0.00004
f = -134.06460   r = 0.95725 ?< 0.10000   g = 0.00004
f = -134.06525   r = 0.76280 ?< 0.10000   g = 0.00004
f = -134.06553   r = 0.97399 ?< 0.10000   g = 0.00004
f = -134.06620   r = 0.70136 ?< 0.10000   g = 0.00005
f = -134.06702   r = 1.17142 ?< 0.10000   g = 0.00009
f = -134.06749   r = 0.61785 ?< 0.10000   g = 0.00006
f = -134.06750   r = 0.75884 ?< 0.10000   g = 0.00006
f = -134.06751   r = 0.52474 ?< 0.10000   g = 0.00004
f = -134.06795   r = 0.81797 ?< 0.10000   g = 0.00005
f = -134.06819   r = 0.45481 ?< 0.10000   g = 0.00003
f = -134.06847   r = 0.89717 ?< 0.10000   g = 0.00004
f = -134.06864   r = 0.59836 ?< 0.10000   g = 0.00002
f = -134.06955   r = 1.06593 ?< 0.10000   g = 0.00006
f = -134.06955   r = 0.65968 ?< 0.10000   g = 0.00004
f = -134.07011   r = 0.91495 ?< 0.10000   g = 0.00007
f = -134.07005   r = 0.56326 ?< 0.10000   g = 0.00004
f = -134.07039   r = 0.78534 ?< 0.10000   g = 0.00007
f = -134.07030   r = 0.33951 ?< 0.10000   g = 0.00004
f = -134.07004   r = 0.81568 ?< 0.10000   g = 0.00004
f = -134.07019   r = 0.20944 ?< 0.10000   g = 0.00002
f = -134.06970   r = 0.82704 ?< 0.10000   g = 0.00002
f = -134.06988   r = 0.25455 ?< 0.10000   g = 0.00001
f = -134.06986   r = 1.23819 ?< 0.10000   g = 0.00003
f = -134.07037   r = 0.33565 ?< 0.10000   g = 0.00002
f = -134.07016   r = 0.92242 ?< 0.10000   g = 0.00002
f = -134.07042   r = 0.30286 ?< 0.10000   g = 0.00001
f = -134.07054   r = 1.25068 ?< 0.10000   g = 0.00003
f = -134.07086   r = 0.49005 ?< 0.10000   g = 0.00002
f = -134.07135   r = 0.90819 ?< 0.10000   g = 0.00004
f = -134.07164   r = 0.36949 ?< 0.10000   g = 0.00002
f = -134.07175   r = 1.18932 ?< 0.10000   g = 0.00004
f = -134.07219   r = 0.50165 ?< 0.10000   g = 0.00002
f = -134.07281   r = 1.37428 ?< 0.10000   g = 0.00007
f = -134.07385   r = 0.60238 ?< 0.10000   g = 0.00005
f = -134.07396   r = 1.13165 ?< 0.10000   g = 0.00007
f = -134.07426   r = 0.43778 ?< 0.10000   g = 0.00004
f = -134.07445   r = 1.24031 ?< 0.10000   g = 0.00006
f = -134.07478   r = 0.43033 ?< 0.10000   g = 0.00003
f = -134.07499   r = 0.71380 ?< 0.10000   g = 0.00003
f = -134.07529   r = 0.65096 ?< 0.10000   g = 0.00002
f = -134.07630   r = 1.01640 ?< 0.10000   g = 0.00005
f = -134.07619   r = 0.79061 ?< 0.10000   g = 0.00003
f = -134.07751   r = 0.89994 ?< 0.10000   g = 0.00009
f = -134.07738   r = 0.49030 ?< 0.10000   g = 0.00005
f = -134.07743   r = 0.51803 ?< 0.10000   g = 0.00004
f = -134.07728   r = 0.33543 ?< 0.10000   g = 0.00002
f = -134.07740   r = 0.75520 ?< 0.10000   g = 0.00003
f = -134.07774   r = 0.31340 ?< 0.10000   g = 0.00002
f = -134.07799   r = 0.97339 ?< 0.10000   g = 0.00004
f = -134.07848   r = 0.36358 ?< 0.10000   g = 0.00002
f = -134.07860   r = 1.00848 ?< 0.10000   g = 0.00003
f = -134.07893   r = 0.37788 ?< 0.10000   g = 0.00002
f = -134.07907   r = 0.80666 ?< 0.10000   g = 0.00003
f = -134.07935   r = 0.63077 ?< 0.10000   g = 0.00002
f = -134.08014   r = 0.82769 ?< 0.10000   g = 0.00003
f = -134.08022   r = 0.68730 ?< 0.10000   g = 0.00002
f = -134.08110   r = 0.55526 ?< 0.10000   g = 0.00003
f = -134.08142   r = 0.73447 ?< 0.10000   g = 0.00002
f = -134.08274   r = 0.97381 ?< 0.10000   g = 0.00005
f = -134.08297   r = 0.79252 ?< 0.10000   g = 0.00003
f = -134.08345   r = 0.88289 ?< 0.10000   g = 0.00004
f = -134.08388   r = 0.64624 ?< 0.10000   g = 0.00004
f = -134.08445   r = 0.97586 ?< 0.10000   g = 0.00004
f = -134.08499   r = 0.58649 ?< 0.10000   g = 0.00003
f = -134.08591   r = 0.83514 ?< 0.10000   g = 0.00003
f = -134.08767   r = 0.90031 ?< 0.10000   g = 0.00004
f = -134.09036   r = 1.35812 ?< 0.10000   g = 0.00007
f = -134.09303   r = 0.85621 ?< 0.10000   g = 0.00010
f = -134.09423   r = 1.65790 ?< 0.10000   g = 0.00017
f = -134.09579   r = 0.94655 ?< 0.10000   g = 0.00026
f = -134.09652   r = 0.44272 ?< 0.10000   g = 0.00016
f = -134.09625   r = 0.75915 ?< 0.10000   g = 0.00013
f = -134.09634   r = 0.45915 ?< 0.10000   g = 0.00006
f = -134.09699   r = 0.87437 ?< 0.10000   g = 0.00008
f = -134.09738   r = 0.51423 ?< 0.10000   g = 0.00003
f = -134.09896   r = 0.69216 ?< 0.10000   g = 0.00005
f = -134.10049   r = 0.85722 ?< 0.10000   g = 0.00005
f = -134.10288   r = 1.14906 ?< 0.10000   g = 0.00008
f = -134.10627   r = 1.45437 ?< 0.10000   g = 0.00030
f = -134.10660   r = 1.09170 ?< 0.10000   g = 0.00032
f = -134.10780   r = 0.40466 ?< 0.10000   g = 0.00021
f = -134.10741   r = 0.50801 ?< 0.10000   g = 0.00012
f = -134.10716   r = 0.50237 ?< 0.10000   g = 0.00006
f = -134.10787   r = 0.53451 ?< 0.10000   g = 0.00006
f = -134.10851   r = 0.54415 ?< 0.10000   g = 0.00004
f = -134.11047   r = 0.61476 ?< 0.10000   g = 0.00006
f = -134.11139   r = 0.85669 ?< 0.10000   g = 0.00006
f = -134.11451   r = 1.03120 ?< 0.10000   g = 0.00015
f = -134.11518   r = 0.83693 ?< 0.10000   g = 0.00010
f = -134.11638   r = 0.57298 ?< 0.10000   g = 0.00007
f = -134.11880   r = 0.85687 ?< 0.10000   g = 0.00010
f = -134.12093   r = 0.96540 ?< 0.10000   g = 0.00008
f = -134.12264   r = 1.04756 ?< 0.10000   g = 0.00012
f = -134.12351   r = 0.94373 ?< 0.10000   g = 0.00008
f = -134.12486   r = 0.69945 ?< 0.10000   g = 0.00007
f = -134.12618   r = 0.88213 ?< 0.10000   g = 0.00006
f = -134.12878   r = 1.03905 ?< 0.10000   g = 0.00007
f = -134.13186   r = 1.27048 ?< 0.10000   g = 0.00008
f = -134.13549   r = 1.42371 ?< 0.10000   g = 0.00016
f = -134.13707   r = 0.86275 ?< 0.10000   g = 0.00015
f = -134.13828   r = 1.06402 ?< 0.10000   g = 0.00013
f = -134.13896   r = 0.74517 ?< 0.10000   g = 0.00009
f = -134.14014   r = 0.78427 ?< 0.10000   g = 0.00006
f = -134.14210   r = 0.88042 ?< 0.10000   g = 0.00009
f = -134.14410   r = 1.10409 ?< 0.10000   g = 0.00013
f = -134.14568   r = 0.72864 ?< 0.10000   g = 0.00009
f = -134.14767   r = 0.91195 ?< 0.10000   g = 0.00012
f = -134.14948   r = 0.67191 ?< 0.10000   g = 0.00011
f = -134.15084   r = 0.76736 ?< 0.10000   g = 0.00010
f = -134.15203   r = 0.65479 ?< 0.10000   g = 0.00009
f = -134.15288   r = 0.68676 ?< 0.10000   g = 0.00006
f = -134.15412   r = 0.62898 ?< 0.10000   g = 0.00005
f = -134.15556   r = 0.66118 ?< 0.10000   g = 0.00005
f = -134.15672   r = 0.93910 ?< 0.10000   g = 0.00006
f = -134.15774   r = 0.71069 ?< 0.10000   g = 0.00006
f = -134.15867   r = 0.63081 ?< 0.10000   g = 0.00005
f = -134.15919   r = 0.55691 ?< 0.10000   g = 0.00004
f = -134.15976   r = 0.39583 ?< 0.10000   g = 0.00003
f = -134.16020   r = 0.36103 ?< 0.10000   g = 0.00002
f = -134.16041   r = 0.33986 ?< 0.10000   g = 0.00001
f = -134.16078   r = 0.30954 ?< 0.10000   g = 0.00001
f = -134.16107   r = 0.30131 ?< 0.10000   g = 0.00001
f = -134.16142   r = 0.48185 ?< 0.10000   g = 0.00001
f = -134.16171   r = 0.28837 ?< 0.10000   g = 0.00001
f = -134.16198   r = 0.27811 ?< 0.10000   g = 0.00001
f = -134.16224   r = 0.27581 ?< 0.10000   g = 0.00001
f = -134.16239   r = 0.23627 ?< 0.10000   g = 0.00001
f = -134.16256   r = 0.22393 ?< 0.10000   g = 0.00001
f = -134.16276   r = 0.23731 ?< 0.10000   g = 0.00001
f = -134.16292   r = 0.26585 ?< 0.10000   g = 0.00001
f = -134.16314   r = 0.25790 ?< 0.10000   g = 0.00001
f = -134.16334   r = 0.28398 ?< 0.10000   g = 0.00000
f = -134.16355   r = 0.25128 ?< 0.10000   g = 0.00001
f = -134.16369   r = 0.24860 ?< 0.10000   g = 0.00000
f = -134.16374   r = 0.15118 ?< 0.10000   g = 0.00000
f = -134.16379   r = 0.10347 ?< 0.10000   g = 0.00000
f = -134.16380   r = 0.08699 ?< 0.10000   g = 0.00000

----------------------------------
         Iteration 12
----------------------------------
f = -134.16380   r = 0.08699 ?< 0.01000   g = 0.00000
f = -134.16382   r = 0.07944 ?< 0.01000   g = 0.00000
f = -134.16384   r = 0.07883 ?< 0.01000   g = 0.00000
f = -134.16386   r = 0.08617 ?< 0.01000   g = 0.00000
f = -134.16389   r = 0.09721 ?< 0.01000   g = 0.00000
f = -134.16392   r = 0.09990 ?< 0.01000   g = 0.00000
f = -134.16395   r = 0.10063 ?< 0.01000   g = 0.00000
f = -134.16396   r = 0.08150 ?< 0.01000   g = 0.00000
f = -134.16398   r = 0.05949 ?< 0.01000   g = 0.00000
f = -134.16399   r = 0.05369 ?< 0.01000   g = 0.00000
f = -134.16399   r = 0.03708 ?< 0.01000   g = 0.00000
f = -134.16400   r = 0.03445 ?< 0.01000   g = 0.00000
f = -134.16400   r = 0.04075 ?< 0.01000   g = 0.00000
f = -134.16401   r = 0.04942 ?< 0.01000   g = 0.00000
f = -134.16402   r = 0.05248 ?< 0.01000   g = 0.00000
f = -134.16403   r = 0.07514 ?< 0.01000   g = 0.00000
f = -134.16404   r = 0.08227 ?< 0.01000   g = 0.00000
f = -134.16406   r = 0.06162 ?< 0.01000   g = 0.00000
f = -134.16406   r = 0.03810 ?< 0.01000   g = 0.00000
f = -134.16406   r = 0.02207 ?< 0.01000   g = 0.00000
f = -134.16407   r = 0.01919 ?< 0.01000   g = 0.00000
f = -134.16407   r = 0.02043 ?< 0.01000   g = 0.00000
f = -134.16407   r = 0.02099 ?< 0.01000   g = 0.00000
f = -134.16407   r = 0.02330 ?< 0.01000   g = 0.00000
f = -134.16407   r = 0.02323 ?< 0.01000   g = 0.00000
f = -134.16407   r = 0.00946 ?< 0.01000   g = 0.00000

----------------------------------
         Iteration 13
----------------------------------
f = -134.16407   r = 0.00946 ?< 0.00100   g = 0.00000
f = -134.16407   r = 0.00761 ?< 0.00100   g = 0.00000
f = -134.16407   r = 0.00925 ?< 0.00100   g = 0.00000
f = -134.16407   r = 0.01330 ?< 0.00100   g = 0.00000
f = -134.16407   r = 0.01458 ?< 0.00100   g = 0.00000
f = -134.16408   r = 0.03012 ?< 0.00100   g = 0.00000
f = -134.16408   r = 0.02878 ?< 0.00100   g = 0.00000
f = -134.16408   r = 0.00894 ?< 0.00100   g = 0.00000
f = -134.16408   r = 0.00532 ?< 0.00100   g = 0.00000
f = -134.16408   r = 0.00492 ?< 0.00100   g = 0.00000
f = -134.16408   r = 0.00582 ?< 0.00100   g = 0.00000
f = -134.16408   r = 0.00707 ?< 0.00100   g = 0.00000
f = -134.16408   r = 0.00954 ?< 0.00100   g = 0.00000
f = -134.16408   r = 0.01038 ?< 0.00100   g = 0.00000
f = -134.16408   r = 0.00311 ?< 0.00100   g = 0.00000
f = -134.16408   r = 0.00207 ?< 0.00100   g = 0.00000
f = -134.16408   r = 0.00130 ?< 0.00100   g = 0.00000
f = -134.16408   r = 0.00133 ?< 0.00100   g = 0.00000
f = -134.16408   r = 0.00183 ?< 0.00100   g = 0.00000
f = -134.16408   r = 0.00272 ?< 0.00100   g = 0.00000
f = -134.16408   r = 0.00372 ?< 0.00100   g = 0.00000
f = -134.16408   r = 0.00454 ?< 0.00100   g = 0.00000
f = -134.16408   r = 0.00555 ?< 0.00100   g = 0.00000
f = -134.16408   r = 0.00366 ?< 0.00100   g = 0.00000
f = -134.16408   r = 0.00157 ?< 0.00100   g = 0.00000
f = -134.16408   r = 0.00191 ?< 0.00100   g = 0.00000
f = -134.16408   r = 0.00073 ?< 0.00100   g = 0.00000

----------------------------------
         Iteration 14
----------------------------------
f = -134.16408   r = 0.00073 ?< 0.00010   g = 0.00000
f = -134.16408   r = 0.00090 ?< 0.00010   g = 0.00000
f = -134.16408   r = 0.00067 ?< 0.00010   g = 0.00000
f = -134.16408   r = 0.00136 ?< 0.00010   g = 0.00000
f = -134.16408   r = 0.00167 ?< 0.00010   g = 0.00000
f = -134.16408   r = 0.00140 ?< 0.00010   g = 0.00000
f = -134.16408   r = 0.00084 ?< 0.00010   g = 0.00000
f = -134.16408   r = 0.00061 ?< 0.00010   g = 0.00000
f = -134.16408   r = 0.00039 ?< 0.00010   g = 0.00000
f = -134.16408   r = 0.00032 ?< 0.00010   g = 0.00000
f = -134.16408   r = 0.00032 ?< 0.00010   g = 0.00000
f = -134.16408   r = 0.00045 ?< 0.00010   g = 0.00000
f = -134.16408   r = 0.00080 ?< 0.00010   g = 0.00000
f = -134.16408   r = 0.00101 ?< 0.00010   g = 0.00000
f = -134.16408   r = 0.00052 ?< 0.00010   g = 0.00000
f = -134.16408   r = 0.00040 ?< 0.00010   g = 0.00000
f = -134.16408   r = 0.00019 ?< 0.00010   g = 0.00000
f = -134.16408   r = 0.00016 ?< 0.00010   g = 0.00000
f = -134.16408   r = 0.00008 ?< 0.00010   g = 0.00000

----------------------------------
         Iteration 15
----------------------------------
f = -134.16408   r = 0.00008 ?< 0.00001   g = 0.00000
f = -134.16408   r = 0.00008 ?< 0.00001   g = 0.00000
f = -134.16408   r = 0.00006 ?< 0.00001   g = 0.00000
f = -134.16408   r = 0.00007 ?< 0.00001   g = 0.00000
f = -134.16408   r = 0.00012 ?< 0.00001   g = 0.00000
f = -134.16408   r = 0.00025 ?< 0.00001   g = 0.00000
f = -134.16408   r = 0.00022 ?< 0.00001   g = 0.00000
f = -134.16408   r = 0.00011 ?< 0.00001   g = 0.00000
f = -134.16408   r = 0.00010 ?< 0.00001   g = 0.00000
f = -134.16408   r = 0.00004 ?< 0.00001   g = 0.00000
f = -134.16408   r = 0.00004 ?< 0.00001   g = 0.00000
f = -134.16408   r = 0.00002 ?< 0.00001   g = 0.00000
f = -134.16408   r = 0.00002 ?< 0.00001   g = 0.00000
f = -134.16408   r = 0.00002 ?< 0.00001   g = 0.00000
f = -134.16408   r = 0.00005 ?< 0.00001   g = 0.00000
f = -134.16408   r = 0.00009 ?< 0.00001   g = 0.00000
f = -134.16408   r = 0.00006 ?< 0.00001   g = 0.00000
f = -134.16408   r = 0.00005 ?< 0.00001   g = 0.00000
f = -134.16408   r = 0.00002 ?< 0.00001   g = 0.00000
f = -134.16408   r = 0.00002 ?< 0.00001   g = 0.00000
f = -134.16408   r = 0.00001 ?< 0.00001   g = 0.00000
f = -134.16408   r = 0.00001 ?< 0.00001   g = 0.00000

--------------------------------
      Final Z 
--------------------------------

Z_0^0 = { { (+0.00000,-0.00000), (+0.00000,-0.00000), (-0.00000,+0.00000), (+0.00000,-0.00000), (-0.00000,+0.00000)},
          { (+0.00000,+0.00000), (+0.00000,-0.00000), (+0.00000,+0.00000), (-0.00000,-0.00000), (+0.00000,-0.00000)},
          { (-0.00000,-0.00000), (+0.00000,-0.00000), (+0.00000,-0.00000), (+0.00000,-0.00000), (-0.00000,+0.00000)},
          { (+0.00000,+0.00000), (-0.00000,+0.00000), (+0.00000,+0.00000), (+0.00000,-0.00000), (+0.00000,-0.00000)},
          { (-0.00000,-0.00000), (+0.00000,+0.00000), (-0.00000,-0.00000), (+0.00000,+0.00000), (+0.00000,+0.00000)} } 

Z_1^0 = { { (+0.00000,+0.00000), (-0.00000,-0.00000), (+0.00000,-0.00000), (+0.00000,+0.00000), (-0.00000,-0.00000)},
          { (-0.00000,+0.00000), (+0.00000,-0.00000), (+0.00000,-0.00000), (+0.00000,+0.00000), (-0.00000,+0.00000)},
          { (+0.00000,+0.00000), (+0.00000,+0.00000), (+0.00000,+0.00000), (-0.00000,-0.00000), (+0.00000,+0.00000)},
          { (+0.00000,-0.00000), (+0.00000,-0.00000), (-0.00000,+0.00000), (+0.00000,-0.00000), (+0.00000,-0.00000)},
          { (-0.00000,+0.00000), (-0.00000,-0.00000), (+0.00000,-0.00000), (+0.00000,+0.00000), (+0.00000,-0.00000)} } 

Z_2^0 = { { (+0.00000,-0.00000), (+0.00000,+0.00000), (-0.00000,-0.00000), (-0.00000,+0.00000), (+0.00000,-0.00000)},
          { (+0.00000,-0.00000), (+0.00000,+0.00000), (+0.00000,-0.00000), (-0.00000,-0.00000), (+0.00000,+0.00000)},
          { (-0.00000,+0.00000), (+0.00000,+0.00000), (+0.00000,+0.00000), (+0.00000,+0.00000), (+0.00000,-0.00000)},
          { (-0.00000,-0.00000), (-0.00000,+0.00000), (+0.00000,-0.00000), (+0.00000,+0.00000), (+0.00000,+0.00000)},
          { (+0.00000,+0.00000), (+0.00000,-0.00000), (+0.00000,+0.00000), (+0.00000,-0.00000), (+0.00000,+0.00000)} } 

Z_3^0 = { { (+0.00000,+0.00000), (+0.00000,+0.00000), (+0.00000,+0.00000), (-0.00000,-0.00000), (-0.00000,-0.00000)},
          { (+0.00000,-0.00000), (+0.00000,-0.00000), (-0.00000,+0.00000), (+0.00000,-0.00000), (+0.00000,-0.00000)},
          { (+0.00000,-0.00000), (-0.00000,-0.00000), (+0.00000,-0.00000), (+0.00000,+0.00000), (+0.00000,-0.00000)},
          { (-0.00000,+0.00000), (+0.00000,+0.00000), (+0.00000,-0.00000), (+0.00000,+0.00000), (-0.00000,+0.00000)},
          { (-0.00000,+0.00000), (+0.00000,+0.00000), (+0.00000,+0.00000), (-0.00000,-0.00000), (+0.00000,-0.00000)} } 

Z_4^0 = { { (+0.00000,+0.00000), (+0.00000,-0.00000), (+0.00000,-0.00000), (-0.00000,-0.00000), (+0.00000,-0.00000)},
          { (+0.00000,+0.00000), (+0.00000,+0.00000), (-0.00000,+0.00000), (-0.00000,+0.00000), (-0.00000,-0.00000)},
          { (+0.00000,+0.00000), (-0.00000,-0.00000), (+0.00000,-0.00000), (-0.00000,+0.00000), (-0.00000,-0.00000)},
          { (-0.00000,+0.00000), (-0.00000,-0.00000), (-0.00000,-0.00000), (+0.00000,-0.00000), (-0.00000,-0.00000)},
          { (+0.00000,+0.00000), (-0.00000,+0.00000), (-0.00000,+0.00000), (-0.00000,+0.00000), (+0.00000,-0.00000)} } 

Z_0^1 = { { (+0.00000,+0.00000), (-0.00000,+0.00000), (+0.00000,-0.00000), (-0.00000,+0.00000), (-0.00000,-0.00000)},
          { (-0.00000,-0.00000), (+0.00000,-0.00000), (+0.00000,-0.00000), (-0.00000,+0.00000), (+0.00000,-0.00000)},
          { (+0.00000,+0.00000), (+0.00000,+0.00000), (+0.00000,+0.00000), (+0.00000,+0.00000), (-0.00000,+0.00000)},
          { (-0.00000,-0.00000), (-0.00000,-0.00000), (+0.00000,-0.00000), (+0.00000,-0.00000), (+0.00000,-0.00000)},
          { (-0.00000,+0.00000), (+0.00000,+0.00000), (-0.00000,-0.00000), (+0.00000,+0.00000), (+0.00000,+0.00000)} } 

Z_1^1 = { { (+0.00000,+0.00000), (-0.00000,+0.00000), (-0.00000,-0.00000), (-0.00000,-0.00000), (-0.00000,+0.00000)},
          { (-0.00000,-0.00000), (+0.00000,+0.00000), (-0.00000,-0.00000), (-0.00000,-0.00000), (-0.00000,+0.00000)},
          { (-0.00000,+0.00000), (-0.00000,+0.00000), (+0.00000,-0.00000), (-0.00000,-0.00000), (-0.00000,+0.00000)},
          { (-0.00000,+0.00000), (-0.00000,+0.00000), (-0.00000,+0.00000), (+0.00000,+0.00000), (+0.00000,+0.00000)},
          { (-0.00000,-0.00000), (-0.00000,-0.00000), (-0.00000,-0.00000), (+0.00000,-0.00000), (+0.00000,+0.00000)} } 

Z_2^1 = { { (+0.00000,-0.00000), (+0.00000,-0.00000), (+0.00000,+0.00000), (+0.00000,+0.00000), (-0.00000,-0.00000)},
          { (+0.00000,+0.00000), (+0.00000,-0.00000), (-0.00000,-0.00000), (-0.00000,-0.00000), (+0.00000,+0.00000)},
          { (+0.00000,-0.00000), (-0.00000,+0.00000), (+0.00000,-0.00000), (-0.00000,+0.00000), (+0.00000,-0.00000)},
          { (+0.00000,-0.00000), (-0.00000,+0.00000), (-0.00000,-0.00000), (+0.00000,-0.00000), (+0.00000,-0.00000)},
          { (-0.00000,+0.00000), (+0.00000,-0.00000), (+0.00000,+0.00000), (+0.00000,+0.00000), (+0.00000,+0.00000)} } 

Z_3^1 = { { (+0.00000,+0.00000), (+0.00000,-0.00000), (-0.00000,-0.00000), (-0.00000,+0.00000), (+0.00000,-0.00000)},
          { (+0.00000,+0.00000), (+0.00000,-0.00000), (+0.00000,+0.00000), (+0.00000,+0.00000), (-0.00000,-0.00000)},
          { (-0.00000,+0.00000), (+0.00000,-0.00000), (+0.00000,-0.00000), (-0.00000,+0.00000), (+0.00000,-0.00000)},
          { (-0.00000,-0.00000), (+0.00000,-0.00000), (-0.00000,-0.00000), (+0.00000,-0.00000), (+0.00000,-0.00000)},
          { (+0.00000,+0.00000), (-0.00000,+0.00000), (+0.00000,+0.00000), (+0.00000,+0.00000), (+0.00000,-0.00000)} } 

Z_4^1 = { { (+0.00000,-0.00000), (-0.00000,+0.00000), (+0.00000,-0.00000), (+0.00000,+0.00000), (+0.00000,-0.00000)},
          { (-0.00000,-0.00000), (+0.00000,+0.00000), (+0.00000,-0.00000), (+0.00000,+0.00000), (+0.00000,+0.00000)},
          { (+0.00000,+0.00000), (+0.00000,+0.00000), (+0.00000,+0.00000), (-0.00000,-0.00000), (-0.00000,-0.00000)},
          { (+0.00000,-0.00000), (+0.00000,-0.00000), (-0.00000,+0.00000), (+0.00000,-0.00000), (-0.00000,+0.00000)},
          { (+0.00000,+0.00000), (+0.00000,-0.00000), (-0.00000,+0.00000), (-0.00000,-0.00000), (+0.00000,-0.00000)} } 

Z_0^2 = { { (+0.00000,-0.00000), (-0.00000,-0.00000), (+0.00000,+0.00000), (-0.00000,-0.00000), (-0.00000,-0.00000)},
          { (-0.00000,+0.00000), (+0.00000,-0.00000), (+0.00000,-0.00000), (-0.00000,+0.00000), (-0.00000,+0.00000)},
          { (+0.00000,-0.00000), (+0.00000,+0.00000), (+0.00000,+0.00000), (+0.00000,+0.00000), (+0.00000,-0.00000)},
          { (-0.00000,+0.00000), (-0.00000,-0.00000), (+0.00000,-0.00000), (+0.00000,+0.00000), (-0.00000,+0.00000)},
          { (-0.00000,+0.00000), (-0.00000,-0.00000), (+0.00000,+0.00000), (-0.00000,-0.00000), (+0.00000,-0.00000)} } 

Z_1^2 = { { (+0.00000,-0.00000), (-0.00000,+0.00000), (-0.00000,-0.00000), (-0.00000,-0.00000), (+0.00000,-0.00000)},
          { (-0.00000,-0.00000), (+0.00000,-0.00000), (-0.00000,-0.00000), (-0.00000,-0.00000), (+0.00000,-0.00000)},
          { (-0.00000,+0.00000), (-0.00000,+0.00000), (+0.00000,-0.00000), (-0.00000,-0.00000), (+0.00000,-0.00000)},
          { (-0.00000,+0.00000), (-0.00000,+0.00000), (-0.00000,+0.00000), (+0.00000,+0.00000), (-0.00000,-0.00000)},
          { (+0.00000,+0.00000), (+0.00000,+0.00000), (+0.00000,+0.00000), (-0.00000,+0.00000), (+0.00000,+0.00000)} } 

Z_2^2 = { { (+0.00000,+0.00000), (+0.00000,+0.00000), (+0.00000,-0.00000), (+0.00000,-0.00000), (-0.00000,-0.00000)},
          { (+0.00000,-0.00000), (+0.00000,+0.00000), (+0.00000,+0.00000), (+0.00000,+0.00000), (+0.00000,-0.00000)},
          { (+0.00000,+0.00000), (+0.00000,-0.00000), (+0.00000,-0.00000), (-0.00000,-0.00000), (-0.00000,+0.00000)},
          { (+0.00000,+0.00000), (+0.00000,-0.00000), (-0.00000,+0.00000), (+0.00000,+0.00000), (-0.00000,+0.00000)},
          { (-0.00000,+0.00000), (+0.00000,+0.00000), (-0.00000,-0.00000), (-0.00000,-0.00000), (+0.00000,+0.00000)} } 

Z_3^2 = { { (+0.00000,+0.00000), (-0.00000,+0.00000), (-0.00000,+0.00000), (+0.00000,+0.00000), (-0.00000,+0.00000)},
          { (-0.00000,-0.00000), (+0.00000,-0.00000), (-0.00000,+0.00000), (+0.00000,+0.00000), (-0.00000,+0.00000)},
          { (-0.00000,-0.00000), (-0.00000,-0.00000), (+0.00000,-0.00000), (-0.00000,+0.00000), (-0.00000,-0.00000)},
          { (+0.00000,-0.00000), (+0.00000,-0.00000), (-0.00000,-0.00000), (+0.00000,+0.00000), (-0.00000,-0.00000)},
          { (-0.00000,-0.00000), (-0.00000,-0.00000), (-0.00000,+0.00000), (-0.00000,+0.00000), (+0.00000,-0.00000)} } 

Z_4^2 = { { (+0.00000,-0.00000), (+0.00000,-0.00000), (+0.00000,+0.00000), (-0.00000,+0.00000), (+0.00000,+0.00000)},
          { (+0.00000,+0.00000), (+0.00000,-0.00000), (-0.00000,-0.00000), (+0.00000,-0.00000), (-0.00000,-0.00000)},
          { (+0.00000,-0.00000), (-0.00000,+0.00000), (+0.00000,+0.00000), (+0.00000,-0.00000), (-0.00000,+0.00000)},
          { (-0.00000,-0.00000), (+0.00000,+0.00000), (+0.00000,+0.00000), (+0.00000,+0.00000), (+0.00000,+0.00000)},
          { (+0.00000,-0.00000), (-0.00000,+0.00000), (-0.00000,-0.00000), (+0.00000,-0.00000), (+0.00000,-0.00000)} } 

Z_0^3 = { { (+0.00000,+0.00000), (+0.00000,-0.00000), (+0.00000,-0.00000), (-0.00000,-0.00000), (-0.00000,+0.00000)},
          { (+0.00000,+0.00000), (+0.00000,-0.00000), (-0.00000,+0.00000), (-0.00000,+0.00000), (+0.00000,-0.00000)},
          { (+0.00000,+0.00000), (-0.00000,-0.00000), (+0.00000,+0.00000), (-0.00000,+0.00000), (+0.00000,-0.00000)},
          { (-0.00000,+0.00000), (-0.00000,-0.00000), (-0.00000,-0.00000), (+0.00000,+0.00000), (+0.00000,+0.00000)},
          { (-0.00000,-0.00000), (+0.00000,+0.00000), (+0.00000,+0.00000), (+0.00000,-0.00000), (+0.00000,+0.00000)} } 

Z_1^3 = { { (+0.00000,+0.00000), (+0.00000,+0.00000), (-0.00000,+0.00000), (-0.00000,-0.00000), (-0.00000,+0.00000)},
          { (+0.00000,-0.00000), (+0.00000,+0.00000), (+0.00000,-0.00000), (+0.00000,+0.00000), (+0.00000,-0.00000)},
          { (-0.00000,-0.00000), (+0.00000,+0.00000), (+0.00000,-0.00000), (+0.00000,-0.00000), (-0.00000,-0.00000)},
          { (-0.00000,+0.00000), (+0.00000,-0.00000), (+0.00000,+0.00000), (+0.00000,+0.00000), (+0.00000,+0.00000)},
          { (-0.00000,-0.00000), (+0.00000,+0.00000), (-0.00000,+0.00000), (+0.00000,-0.00000), (+0.00000,+0.00000)} } 

Z_2^3 = { { (+0.00000,+0.00000), (+0.00000,-0.00000), (-0.00000,-0.00000), (-0.00000,+0.00000), (-0.00000,-0.00000)},
          { (+0.00000,+0.00000), (+0.00000,+0.00000), (-0.00000,+0.00000), (+0.00000,-0.00000), (-0.00000,+0.00000)},
          { (-0.00000,+0.00000), (-0.00000,-0.00000), (+0.00000,-0.00000), (+0.00000,+0.00000), (-0.00000,-0.00000)},
          { (-0.00000,-0.00000), (+0.00000,+0.00000), (+0.00000,-0.00000), (+0.00000,-0.00000), (+0.00000,-0.00000)},
          { (-0.00000,+0.00000), (-0.00000,-0.00000), (-0.00000,+0.00000), (+0.00000,+0.00000), (+0.00000,+0.00000)} } 

Z_3^3 = { { (+0.00000,+0.00000), (+0.00000,+0.00000), (+0.00000,-0.00000), (+0.00000,+0.00000), (-0.00000,+0.00000)},
          { (+0.00000,-0.00000), (+0.00000,-0.00000), (+0.00000,+0.00000), (-0.00000,-0.00000), (-0.00000,-0.00000)},
          { (+0.00000,+0.00000), (+0.00000,-0.00000), (+0.00000,+0.00000), (+0.00000,-0.00000), (+0.00000,-0.00000)},
          { (+0.00000,-0.00000), (-0.00000,+0.00000), (+0.00000,+0.00000), (+0.00000,+0.00000), (-0.00000,-0.00000)},
          { (-0.00000,-0.00000), (-0.00000,+0.00000), (+0.00000,+0.00000), (-0.00000,+0.00000), (+0.00000,-0.00000)} } 

Z_4^3 = { { (+0.00000,+0.00000), (-0.00000,-0.00000), (+0.00000,+0.00000), (+0.00000,-0.00000), (+0.00000,-0.00000)},
          { (-0.00000,+0.00000), (+0.00000,-0.00000), (+0.00000,+0.00000), (-0.00000,-0.00000), (+0.00000,-0.00000)},
          { (+0.00000,-0.00000), (+0.00000,-0.00000), (+0.00000,-0.00000), (+0.00000,+0.00000), (+0.00000,+0.00000)},
          { (+0.00000,+0.00000), (-0.00000,+0.00000), (+0.00000,-0.00000), (+0.00000,-0.00000), (-0.00000,-0.00000)},
          { (+0.00000,+0.00000), (+0.00000,+0.00000), (+0.00000,-0.00000), (-0.00000,+0.00000), (+0.00000,+0.00000)} } 

----------------------------------
         Final Matrices 
----------------------------------

M_0^0 = { { (+0.31434,+0.00000), (-0.09242,+0.28159), (+0.16054,-0.10359), (-0.03246,+0.08770), (+0.00603,-0.28708)},
          { (-0.09242,-0.28159), (+0.27942,+0.00000), (-0.14000,-0.11335), (+0.08810,+0.00329), (-0.25894,+0.07900)},
          { (+0.16054,+0.10359), (-0.14000,+0.11335), (+0.11613,+0.00000), (-0.04548,+0.03409), (+0.09769,-0.14463)},
          { (-0.03246,-0.08770), (+0.08810,-0.00329), (-0.04548,-0.03409), (+0.02782,+0.00000), (-0.08072,+0.02796)},
          { (+0.00603,+0.28708), (-0.25894,-0.07900), (+0.09769,+0.14463), (-0.08072,-0.02796), (+0.26229,+0.00000)} } 

|M^2-M|  = 0.00000
is M PD? = 0

M_1^0 = { { (+0.12641,+0.00000), (+0.15236,+0.04645), (-0.17417,+0.05362), (-0.13498,-0.11479), (+0.14302,+0.00139)},
          { (+0.15236,-0.04645), (+0.20069,+0.00000), (-0.19021,+0.12863), (-0.20486,-0.08875), (+0.17288,-0.05088)},
          { (-0.17417,-0.05362), (-0.19021,-0.12863), (+0.26272,+0.00000), (+0.13727,+0.21541), (-0.19646,-0.06258)},
          { (-0.13498,+0.11479), (-0.20486,+0.08875), (+0.13727,-0.21541), (+0.24835,+0.00000), (-0.15397,+0.12839)},
          { (+0.14302,-0.00139), (+0.17288,+0.05088), (-0.19646,+0.06258), (-0.15397,-0.12839), (+0.16182,+0.00000)} } 

|M^2-M|  = 0.00000
is M PD? = 0

M_2^0 = { { (+0.35156,+0.00000), (-0.00092,-0.23908), (+0.18817,+0.07075), (+0.02909,-0.25530), (-0.20835,+0.14478)},
          { (-0.00092,+0.23908), (+0.16258,+0.00000), (-0.04860,+0.12778), (+0.17354,+0.02045), (-0.09791,-0.14206)},
          { (+0.18817,-0.07075), (-0.04860,-0.12778), (+0.11495,+0.00000), (-0.03581,-0.14250), (-0.08238,+0.11942)},
          { (+0.02909,+0.25530), (+0.17354,-0.02045), (-0.03581,+0.14250), (+0.18781,+0.00000), (-0.12238,-0.13932)},
          { (-0.20835,-0.14478), (-0.09791,+0.14206), (-0.08238,-0.11942), (-0.12238,+0.13932), (+0.18310,+0.00000)} } 

|M^2-M|  = 0.00000
is M PD? = 0

M_3^0 = { { (+0.16310,+0.00000), (-0.05314,-0.17255), (-0.16945,-0.12340), (+0.13552,+0.18470), (+0.08436,+0.01909)},
          { (-0.05314,+0.17255), (+0.19986,+0.00000), (+0.18576,-0.13906), (-0.23955,+0.08319), (-0.04769,+0.08303)},
          { (-0.16945,+0.12340), (+0.18576,+0.13906), (+0.26941,+0.00000), (-0.28054,-0.08935), (-0.10209,+0.04399)},
          { (+0.13552,-0.18470), (-0.23955,-0.08319), (-0.28054,+0.08935), (+0.32176,+0.00000), (+0.09172,-0.07967)},
          { (+0.08436,-0.01909), (-0.04769,-0.08303), (-0.10209,-0.04399), (+0.09172,+0.07967), (+0.04587,+0.00000)} } 

|M^2-M|  = 0.00000
is M PD? = 0

M_4^0 = { { (+0.04459,+0.00000), (-0.00588,+0.08358), (-0.00509,+0.10262), (+0.00282,+0.09770), (-0.02507,+0.12182)},
          { (-0.00588,-0.08358), (+0.15745,+0.00000), (+0.19305,-0.00400), (+0.18277,-0.01818), (+0.23166,+0.03092)},
          { (-0.00509,-0.10262), (+0.19305,+0.00400), (+0.23679,+0.00000), (+0.22455,-0.01765), (+0.28325,+0.04380)},
          { (+0.00282,-0.09770), (+0.18277,+0.01818), (+0.22455,+0.01765), (+0.21426,+0.00000), (+0.26534,+0.06265)},
          { (-0.02507,-0.12182), (+0.23166,-0.03092), (+0.28325,-0.04380), (+0.26534,-0.06265), (+0.34692,+0.00000)} } 

|M^2-M|  = 0.00000
is M PD? = 0

M_0^1 = { { (+0.02903,+0.00000), (+0.02354,-0.00509), (-0.03603,+0.06945), (+0.08432,-0.07723), (+0.01825,+0.08990)},
          { (+0.02354,+0.00509), (+0.01998,+0.00000), (-0.04140,+0.05000), (+0.08191,-0.04783), (-0.00097,+0.07609)},
          { (-0.03603,-0.06945), (-0.04140,-0.05000), (+0.21087,+0.00000), (-0.28940,-0.10586), (+0.19240,-0.15523)},
          { (+0.08432,+0.07723), (+0.08191,+0.04783), (-0.28940,+0.10586), (+0.45030,+0.00000), (-0.18612,+0.30962)},
          { (+0.01825,-0.08990), (-0.00097,-0.07609), (+0.19240,+0.15523), (-0.18612,-0.30962), (+0.28981,+0.00000)} } 

|M^2-M|  = 0.00000
is M PD? = 0

M_1^1 = { { (+0.41920,+0.00000), (+0.27379,-0.12414), (+0.12157,+0.07071), (+0.15594,+0.20187), (+0.13916,-0.22110)},
          { (+0.27379,+0.12414), (+0.21558,+0.00000), (+0.05846,+0.08218), (+0.04206,+0.17803), (+0.15637,-0.10320)},
          { (+0.12157,-0.07071), (+0.05846,-0.08218), (+0.04718,+0.00000), (+0.07927,+0.03224), (+0.00306,-0.08759)},
          { (+0.15594,-0.20187), (+0.04206,-0.17803), (+0.07927,-0.03224), (+0.15522,+0.00000), (-0.05471,-0.14926)},
          { (+0.13916,+0.22110), (+0.15637,+0.10320), (+0.00306,+0.08759), (-0.05471,+0.14926), (+0.16282,+0.00000)} } 

|M^2-M|  = 0.00000
is M PD? = 0

M_2^1 = { { (+0.44170,+0.00000), (-0.33720,+0.06065), (-0.25444,-0.17251), (-0.14846,-0.09943), (+0.04673,+0.02471)},
          { (-0.33720,-0.06065), (+0.26574,+0.00000), (+0.17055,+0.16663), (+0.09968,+0.09629), (-0.03228,-0.02528)},
          { (-0.25444,+0.17251), (+0.17055,-0.16663), (+0.21395,+0.00000), (+0.12435,-0.00070), (-0.03657,+0.00402)},
          { (-0.14846,+0.09943), (+0.09968,-0.09629), (+0.12435,+0.00070), (+0.07228,+0.00000), (-0.02127,+0.00221)},
          { (+0.04673,-0.02471), (-0.03228,+0.02528), (-0.03657,-0.00402), (-0.02127,-0.00221), (+0.00633,+0.00000)} } 

|M^2-M|  = 0.00000
is M PD? = 0

M_3^1 = { { (+0.07915,+0.00000), (-0.04034,+0.12041), (+0.19655,+0.01204), (+0.00550,-0.00335), (-0.11049,+0.07570)},
          { (-0.04034,-0.12041), (+0.20375,+0.00000), (-0.08185,-0.30516), (-0.00790,-0.00665), (+0.17148,+0.12951)},
          { (+0.19655,-0.01204), (-0.08185,+0.30516), (+0.48994,+0.00000), (+0.01314,-0.00916), (-0.26286,+0.20480)},
          { (+0.00550,+0.00335), (-0.00790,+0.00665), (+0.01314,+0.00916), (+0.00052,+0.00000), (-0.01088,+0.00058)},
          { (-0.11049,-0.07570), (+0.17148,-0.12951), (-0.26286,-0.20480), (-0.01088,-0.00058), (+0.22664,+0.00000)} } 

|M^2-M|  = 0.00000
is M PD? = 0

M_4^1 = { { (+0.03092,+0.00000), (+0.08020,-0.05183), (-0.02764,+0.02031), (-0.09730,-0.02186), (-0.09366,+0.03079)},
          { (+0.08020,+0.05183), (+0.29495,+0.00000), (-0.10576,+0.00635), (-0.21576,-0.21983), (-0.29459,-0.07712)},
          { (-0.02764,-0.02031), (-0.10576,-0.00635), (+0.03806,+0.00000), (+0.07263,+0.08347), (+0.10398,+0.03400)},
          { (-0.09730,+0.02186), (-0.21576,+0.21983), (+0.07263,-0.08347), (+0.32167,+0.00000), (+0.27298,-0.16315)},
          { (-0.09366,-0.03079), (-0.29459,+0.07712), (+0.10398,-0.03400), (+0.27298,+0.16315), (+0.31440,+0.00000)} } 

|M^2-M|  = 0.00000
is M PD? = 0

M_0^2 = { { (+0.08593,+0.00000), (+0.00691,+0.17085), (-0.07834,-0.09663), (+0.07508,+0.13241), (+0.09353,+0.04384)},
          { (+0.00691,-0.17085), (+0.34022,+0.00000), (-0.19841,+0.14797), (+0.26930,-0.13862), (+0.09467,-0.18242)},
          { (-0.07834,+0.09663), (-0.19841,-0.14797), (+0.18006,+0.00000), (-0.21733,-0.03628), (-0.13455,+0.06520)},
          { (+0.07508,-0.13241), (+0.26930,+0.13862), (-0.21733,+0.03628), (+0.26963,+0.00000), (+0.14926,-0.10581)},
          { (+0.09353,-0.04384), (+0.09467,+0.18242), (-0.13455,-0.06520), (+0.14926,+0.10581), (+0.12415,+0.00000)} } 

|M^2-M|  = 0.00000
is M PD? = 0

M_1^2 = { { (+0.03052,+0.00000), (+0.08403,-0.01732), (+0.06439,+0.01842), (+0.02738,+0.08901), (-0.09094,+0.02836)},
          { (+0.08403,+0.01732), (+0.24113,+0.00000), (+0.16681,+0.08725), (+0.02487,+0.26055), (-0.26643,+0.02648)},
          { (+0.06439,-0.01842), (+0.16681,-0.08725), (+0.14697,+0.00000), (+0.11148,+0.17125), (-0.17473,+0.11472)},
          { (+0.02738,-0.08901), (+0.02487,-0.26055), (+0.11148,-0.17125), (+0.28410,+0.00000), (+0.00113,+0.29061)},
          { (-0.09094,-0.02836), (-0.26643,-0.02648), (-0.17473,-0.11472), (+0.00113,-0.29061), (+0.29728,+0.00000)} } 

|M^2-M|  = 0.00000
is M PD? = 0

M_2^2 = { { (+0.42690,+0.00000), (-0.16315,-0.15740), (-0.05519,+0.39311), (-0.01522,+0.05977), (+0.14810,+0.09974)},
          { (-0.16315,+0.15740), (+0.12039,+0.00000), (-0.12385,-0.17058), (-0.01622,-0.02846), (-0.09337,+0.01648)},
          { (-0.05519,-0.39311), (-0.12385,+0.17058), (+0.36912,+0.00000), (+0.05701,+0.00629), (+0.07270,-0.14927)},
          { (-0.01522,-0.05977), (-0.01622,+0.02846), (+0.05701,-0.00629), (+0.00891,+0.00000), (+0.00868,-0.02429)},
          { (+0.14810,-0.09974), (-0.09337,-0.01648), (+0.07270,+0.14927), (+0.00868,+0.02429), (+0.07468,+0.00000)} } 

|M^2-M|  = 0.00000
is M PD? = 0

M_3^2 = { { (+0.33416,+0.00000), (+0.19810,-0.06506), (+0.12175,-0.27249), (-0.20818,-0.16900), (+0.07595,-0.11081)},
          { (+0.19810,+0.06506), (+0.13010,+0.00000), (+0.12523,-0.13783), (-0.09051,-0.14072), (+0.06660,-0.05090)},
          { (+0.12175,+0.27249), (+0.12523,+0.13783), (+0.26656,+0.00000), (+0.06196,-0.23134), (+0.11804,+0.02156)},
          { (-0.20818,+0.16900), (-0.09051,+0.14072), (+0.06196,+0.23134), (+0.21517,+0.00000), (+0.00872,+0.10745)},
          { (+0.07595,+0.11081), (+0.06660,+0.05090), (+0.11804,-0.02156), (+0.00872,-0.10745), (+0.05401,+0.00000)} } 

|M^2-M|  = 0.00000
is M PD? = 0

M_4^2 = { { (+0.12248,+0.00000), (-0.12588,+0.06893), (-0.05262,-0.04241), (+0.12094,-0.11219), (-0.22664,-0.06113)},
          { (-0.12588,-0.06893), (+0.16816,+0.00000), (+0.03022,+0.07320), (-0.18743,+0.04725), (+0.19853,+0.19036)},
          { (-0.05262,+0.04241), (+0.03022,-0.07320), (+0.03730,+0.00000), (-0.01311,+0.09008), (+0.11854,-0.05221)},
          { (+0.12094,+0.11219), (-0.18743,-0.04725), (-0.01311,-0.09008), (+0.22219,+0.00000), (-0.16780,-0.26796)},
          { (-0.22664,+0.06113), (+0.19853,-0.19036), (+0.11854,+0.05221), (-0.16780,+0.26796), (+0.44987,+0.00000)} } 

|M^2-M|  = 0.00000
is M PD? = 0

M_0^3 = { { (+0.04078,+0.00000), (-0.05594,+0.03041), (-0.03935,+0.06483), (+0.00696,+0.15548), (+0.02928,-0.06506)},
          { (-0.05594,-0.03041), (+0.09940,+0.00000), (+0.10231,-0.05959), (+0.10637,-0.21846), (-0.08867,+0.06741)},
          { (-0.03935,-0.06483), (+0.10231,+0.05959), (+0.14102,+0.00000), (+0.24045,-0.16108), (-0.13168,+0.01623)},
          { (+0.00696,-0.15548), (+0.10637,+0.21846), (+0.24045,+0.16108), (+0.59397,+0.00000), (-0.24306,-0.12274)},
          { (+0.02928,+0.06506), (-0.08867,-0.06741), (-0.13168,-0.01623), (-0.24306,+0.12274), (+0.12482,+0.00000)} } 

|M^2-M|  = 0.00000
is M PD? = 0

M_1^3 = { { (+0.08369,+0.00000), (-0.04779,-0.09185), (+0.22153,-0.09600), (+0.00243,+0.06199), (+0.06181,-0.00279)},
          { (-0.04779,+0.09185), (+0.12809,+0.00000), (-0.02116,+0.29793), (-0.06941,-0.03273), (-0.03224,+0.06942)},
          { (+0.22153,+0.09600), (-0.02116,-0.29793), (+0.69650,+0.00000), (-0.06467,+0.16687), (+0.16681,+0.06352)},
          { (+0.00243,-0.06199), (-0.06941,+0.03273), (-0.06467,-0.16687), (+0.04598,+0.00000), (-0.00027,-0.04586)},
          { (+0.06181,+0.00279), (-0.03224,-0.06942), (+0.16681,-0.06352), (-0.00027,+0.04586), (+0.04574,+0.00000)} } 

|M^2-M|  = 0.00000
is M PD? = 0

M_2^3 = { { (+0.01851,+0.00000), (-0.09528,+0.04360), (+0.00821,+0.02940), (+0.01107,-0.03294), (+0.01795,+0.06877)},
          { (-0.09528,-0.04360), (+0.59308,+0.00000), (+0.02695,-0.17064), (-0.13456,+0.14346), (+0.06954,-0.39622)},
          { (+0.00821,-0.02940), (+0.02695,+0.17064), (+0.05032,+0.00000), (-0.04739,-0.03220), (+0.11716,+0.00201)},
          { (+0.01107,+0.03294), (-0.13456,-0.14346), (-0.04739,+0.03220), (+0.06523,+0.00000), (-0.11162,+0.07307)},
          { (+0.01795,-0.06877), (+0.06954,+0.39622), (+0.11716,-0.00201), (-0.11162,-0.07307), (+0.27286,+0.00000)} } 

|M^2-M|  = 0.00000
is M PD? = 0

M_3^3 = { { (+0.26969,+0.00000), (-0.06746,-0.08174), (-0.04473,+0.11316), (-0.01169,-0.27492), (+0.05978,-0.30270)},
          { (-0.06746,+0.08174), (+0.04165,+0.00000), (-0.02311,-0.04186), (+0.08625,+0.06523), (+0.07679,+0.09384)},
          { (-0.04473,-0.11316), (-0.02311,+0.04186), (+0.05490,+0.00000), (-0.11342,+0.05050), (-0.13693,+0.02512)},
          { (-0.01169,+0.27492), (+0.08625,-0.06523), (-0.11342,-0.05050), (+0.28077,+0.00000), (+0.30598,+0.07406)},
          { (+0.05978,+0.30270), (+0.07679,-0.09384), (-0.13693,-0.02512), (+0.30598,-0.07406), (+0.35299,+0.00000)} } 

|M^2-M|  = 0.00000
is M PD? = 0

M_4^3 = { { (+0.58732,+0.00000), (+0.26648,+0.09959), (-0.14567,-0.11139), (-0.00878,+0.09039), (-0.16882,+0.30178)},
          { (+0.26648,-0.09959), (+0.13779,+0.00000), (-0.08498,-0.02584), (+0.01135,+0.04250), (-0.02543,+0.16555)},
          { (-0.14567,+0.11139), (-0.08498,+0.02584), (+0.05726,+0.00000), (-0.01497,-0.02409), (-0.01536,-0.10687)},
          { (-0.00878,-0.09039), (+0.01135,-0.04250), (-0.01497,+0.02409), (+0.01404,+0.00000), (+0.04897,+0.02147)},
          { (-0.16882,-0.30178), (-0.02543,-0.16555), (-0.01536,+0.10687), (+0.04897,-0.02147), (+0.20358,+0.00000)} } 

|M^2-M|  = 0.00000
is M PD? = 0

----------------------------------
         Final Output 
----------------------------------
        |r(w)| = 0.00001 < 0.00001
         -f(x) = 134.16408 <= 134.16408
          g(x) = 0.00000
         -L(w) = 134.16408
         <X,Z> = 0.00000
           |y| = 5331.25387
      y^T*g(x) = -0.00000
     |delf(x)| = 0.00000
     |delL(w)| = 0.00001
     |delg(x)| = 0.00000
    |del2f(x)| = 31.76581
    |del2L(w)| = 7228.60134
    |del2g(x)| = 439.92727
   total inner = 489
    time taken = 233443 ms
