--------------------------------
          System Info           
--------------------------------
               d = 5
               n = 5
  size of vector = 480
  size of matrix = 250 x 250 ~ 0 MB 
         epsilon = 1e-05
       epsilon_0 = 0.9
     g(x) thresh = 1e-15
      initial mu = 1
             M_c = 1e+10
  extra diagonal = 1
       muScaling = 10
             rho = 0.5
              nu = 0.9
           gamma = 1
            beta = 0.1
     f(x) factor = 1
     g(x) factor = 0.01
           cores = 4

--------------------------------
     Finding Interior Point 
--------------------------------
g(x) = 100.07
g(x) = 224.84
g(x) = 1.3051e+05
g(x) = 9.7708e+14
g(x) = 6.5207e+44
g(x) = 1.9769e+134
g(x) = inf
g(x) = nan
decreasing g factor from 0.01 to 0.005
g(x) = 100.07
g(x) = 12.639
g(x) = 6.7542
g(x) = 5.7458
g(x) = 5.2025
g(x) = 4.8283
g(x) = 4.5392
g(x) = 4.3013
g(x) = 4.0976
g(x) = 3.9189
g(x) = 3.7595
g(x) = 3.6158
g(x) = 3.485
g(x) = 3.3655
g(x) = 3.2557
g(x) = 3.1544
g(x) = 3.0607
g(x) = 2.9737
g(x) = 2.8925
g(x) = 2.8165
g(x) = 2.7449
g(x) = 2.6772
g(x) = 2.6129
g(x) = 2.5516
g(x) = 2.493
g(x) = 2.4367
g(x) = 2.3826
g(x) = 2.3305
g(x) = 2.2802
g(x) = 2.2316
g(x) = 2.1847
g(x) = 2.1392
g(x) = 2.0952
g(x) = 2.0526
g(x) = 2.0113
g(x) = 1.9712
g(x) = 1.9324
g(x) = 1.8947
g(x) = 1.8581
g(x) = 1.8226
g(x) = 1.7881
g(x) = 1.7547
g(x) = 1.7222
g(x) = 1.6906
g(x) = 1.66
g(x) = 1.6302
g(x) = 1.6013
g(x) = 1.5731
g(x) = 1.5457
g(x) = 1.519
g(x) = 1.4929
g(x) = 1.4675
g(x) = 1.4427
g(x) = 1.4184
g(x) = 1.3947
g(x) = 1.3715
g(x) = 1.3487
g(x) = 1.3264
g(x) = 1.3046
g(x) = 1.2831
g(x) = 1.262
g(x) = 1.2412
g(x) = 1.2208
g(x) = 1.2008
g(x) = 1.1811
g(x) = 1.1617
g(x) = 1.1426
g(x) = 1.1238
g(x) = 1.1054
g(x) = 1.0872
g(x) = 1.0694
g(x) = 1.0518
g(x) = 1.0346
g(x) = 1.0176
g(x) = 1.0009
g(x) = 0.98457
g(x) = 0.96849
g(x) = 0.9527
g(x) = 0.9372
g(x) = 0.92197
g(x) = 0.90702
g(x) = 0.89234
g(x) = 0.87792
g(x) = 0.86376
g(x) = 0.84985
g(x) = 0.83618
g(x) = 0.82275
g(x) = 0.80954
g(x) = 0.79656
g(x) = 0.78378
g(x) = 0.77122
g(x) = 0.75885
g(x) = 0.74667
g(x) = 0.73468
g(x) = 0.72287
g(x) = 0.71123
g(x) = 0.69976
g(x) = 0.68846
g(x) = 0.67731
g(x) = 0.66632
g(x) = 0.65548
g(x) = 0.64479
g(x) = 0.63424
g(x) = 0.62383
g(x) = 0.61355
g(x) = 0.60341
g(x) = 0.59341
g(x) = 0.58353
g(x) = 0.57379
g(x) = 0.56416
g(x) = 0.55467
g(x) = 0.54529
g(x) = 0.53603
g(x) = 0.5269
g(x) = 0.51788
g(x) = 0.50898
g(x) = 0.50019
g(x) = 0.49152
g(x) = 0.48295
g(x) = 0.4745
g(x) = 0.46617
g(x) = 0.45794
g(x) = 0.44981
g(x) = 0.4418
g(x) = 0.43389
g(x) = 0.42609
g(x) = 0.41839
g(x) = 0.4108
g(x) = 0.40331
g(x) = 0.39592
g(x) = 0.38863
g(x) = 0.38144
g(x) = 0.37436
g(x) = 0.36737
g(x) = 0.36048
g(x) = 0.35368
g(x) = 0.34699
g(x) = 0.34039
g(x) = 0.33388
g(x) = 0.32747
g(x) = 0.32115
g(x) = 0.31492
g(x) = 0.30879
g(x) = 0.30275
g(x) = 0.2968
g(x) = 0.29094
g(x) = 0.28516
g(x) = 0.27948
g(x) = 0.27388
g(x) = 0.26837
g(x) = 0.26295
g(x) = 0.25761
g(x) = 0.25236
g(x) = 0.24719
g(x) = 0.24211
g(x) = 0.2371
g(x) = 0.23218
g(x) = 0.22734
g(x) = 0.22258
g(x) = 0.2179
g(x) = 0.21329
g(x) = 0.20877
g(x) = 0.20432
g(x) = 0.19995
g(x) = 0.19565
g(x) = 0.19143
g(x) = 0.18728
g(x) = 0.18321
g(x) = 0.17921
g(x) = 0.17528
g(x) = 0.17142
g(x) = 0.16763
g(x) = 0.16391
g(x) = 0.16025
g(x) = 0.15667
g(x) = 0.15315
g(x) = 0.1497
g(x) = 0.14631
g(x) = 0.14299
g(x) = 0.13973
g(x) = 0.13653
g(x) = 0.1334
g(x) = 0.13032
g(x) = 0.12731
g(x) = 0.12435
g(x) = 0.12146
g(x) = 0.11862
g(x) = 0.11584
g(x) = 0.11311
g(x) = 0.11044
g(x) = 0.10783
g(x) = 0.10526
g(x) = 0.10276
g(x) = 0.1003
g(x) = 0.097893
g(x) = 0.095538
g(x) = 0.093233
g(x) = 0.090976
g(x) = 0.088768
g(x) = 0.086607
g(x) = 0.084492
g(x) = 0.082424
g(x) = 0.0804
g(x) = 0.07842
g(x) = 0.076485
g(x) = 0.074591
g(x) = 0.07274
g(x) = 0.07093
g(x) = 0.069161
g(x) = 0.067431
g(x) = 0.065741
g(x) = 0.064089
g(x) = 0.062474
g(x) = 0.060897
g(x) = 0.059356
g(x) = 0.05785
g(x) = 0.056379
g(x) = 0.054943
g(x) = 0.05354
g(x) = 0.05217
g(x) = 0.050832
g(x) = 0.049526
g(x) = 0.048251
g(x) = 0.047006
g(x) = 0.045791
g(x) = 0.044605
g(x) = 0.043448
g(x) = 0.042318
g(x) = 0.041216
g(x) = 0.040141
g(x) = 0.039092
g(x) = 0.038069
g(x) = 0.03707
g(x) = 0.036097
g(x) = 0.035147
g(x) = 0.034221
g(x) = 0.033318
g(x) = 0.032438
g(x) = 0.031579
g(x) = 0.030742
g(x) = 0.029926
g(x) = 0.029131
g(x) = 0.028355
g(x) = 0.0276
g(x) = 0.026863
g(x) = 0.026146
g(x) = 0.025446
g(x) = 0.024765
g(x) = 0.024101
g(x) = 0.023454
g(x) = 0.022823
g(x) = 0.022209
g(x) = 0.021611
g(x) = 0.021028
g(x) = 0.020461
g(x) = 0.019908
g(x) = 0.01937
g(x) = 0.018845
g(x) = 0.018335
g(x) = 0.017838
g(x) = 0.017353
g(x) = 0.016882
g(x) = 0.016423
g(x) = 0.015976
g(x) = 0.015541
g(x) = 0.015118
g(x) = 0.014706
g(x) = 0.014304
g(x) = 0.013914
g(x) = 0.013534
g(x) = 0.013164
g(x) = 0.012804
g(x) = 0.012453
g(x) = 0.012112
g(x) = 0.01178
g(x) = 0.011457
g(x) = 0.011143
g(x) = 0.010837
g(x) = 0.010539
g(x) = 0.01025
g(x) = 0.0099682
g(x) = 0.0096941
g(x) = 0.0094275
g(x) = 0.0091681
g(x) = 0.0089157
g(x) = 0.0086702
g(x) = 0.0084314
g(x) = 0.0081991
g(x) = 0.0079731
g(x) = 0.0077533
g(x) = 0.0075395
g(x) = 0.0073315
g(x) = 0.0071293
g(x) = 0.0069325
g(x) = 0.0067412
g(x) = 0.0065551
g(x) = 0.0063741
g(x) = 0.0061981
g(x) = 0.0060269
g(x) = 0.0058604
g(x) = 0.0056985
g(x) = 0.0055411
g(x) = 0.005388
g(x) = 0.0052391
g(x) = 0.0050943
g(x) = 0.0049535
g(x) = 0.0048166
g(x) = 0.0046835
g(x) = 0.0045541
g(x) = 0.0044282
g(x) = 0.0043058
g(x) = 0.0041868
g(x) = 0.0040711
g(x) = 0.0039586
g(x) = 0.0038492
g(x) = 0.0037429
g(x) = 0.0036394
g(x) = 0.0035389
g(x) = 0.0034411
g(x) = 0.0033461
g(x) = 0.0032537
g(x) = 0.0031638
g(x) = 0.0030765
g(x) = 0.0029916
g(x) = 0.002909
g(x) = 0.0028287
g(x) = 0.0027507
g(x) = 0.0026748
g(x) = 0.002601
g(x) = 0.0025293
g(x) = 0.0024596
g(x) = 0.0023918
g(x) = 0.0023259
g(x) = 0.0022618
g(x) = 0.0021995
g(x) = 0.0021389
g(x) = 0.00208
g(x) = 0.0020228
g(x) = 0.0019671
g(x) = 0.001913
g(x) = 0.0018604
g(x) = 0.0018093
g(x) = 0.0017596
g(x) = 0.0017112
g(x) = 0.0016642
g(x) = 0.0016185
g(x) = 0.0015741
g(x) = 0.0015309
g(x) = 0.0014889
g(x) = 0.0014481
g(x) = 0.0014084
g(x) = 0.0013699
g(x) = 0.0013323
g(x) = 0.0012959
g(x) = 0.0012604
g(x) = 0.0012259
g(x) = 0.0011924
g(x) = 0.0011598
g(x) = 0.0011281
g(x) = 0.0010973
g(x) = 0.0010674
g(x) = 0.0010382
g(x) = 0.0010099
g(x) = 0.00098238
g(x) = 0.0009556
g(x) = 0.00092957
g(x) = 0.00090426
g(x) = 0.00087965
g(x) = 0.00085572
g(x) = 0.00083245
g(x) = 0.00080983
g(x) = 0.00078783
g(x) = 0.00076644
g(x) = 0.00074564
g(x) = 0.00072541
g(x) = 0.00070574
g(x) = 0.00068661
g(x) = 0.00066801
g(x) = 0.00064993
g(x) = 0.00063234
g(x) = 0.00061524
g(x) = 0.00059861
g(x) = 0.00058243
g(x) = 0.0005667
g(x) = 0.00055141
g(x) = 0.00053653
g(x) = 0.00052206
g(x) = 0.00050799
g(x) = 0.00049431
g(x) = 0.000481
g(x) = 0.00046806
g(x) = 0.00045547
g(x) = 0.00044323
g(x) = 0.00043132
g(x) = 0.00041974
g(x) = 0.00040848
g(x) = 0.00039752
g(x) = 0.00038687
g(x) = 0.0003765
g(x) = 0.00036642
g(x) = 0.00035662
g(x) = 0.00034708
g(x) = 0.0003378
g(x) = 0.00032878
g(x) = 0.00032
g(x) = 0.00031146
g(x) = 0.00030315
g(x) = 0.00029507
g(x) = 0.00028721
g(x) = 0.00027956
g(x) = 0.00027213
g(x) = 0.00026489
g(x) = 0.00025785
g(x) = 0.000251
g(x) = 0.00024434
g(x) = 0.00023785
g(x) = 0.00023155
g(x) = 0.00022541
g(x) = 0.00021944
g(x) = 0.00021363
g(x) = 0.00020798
g(x) = 0.00020248
g(x) = 0.00019713
g(x) = 0.00019193
g(x) = 0.00018686
g(x) = 0.00018193
g(x) = 0.00017714
g(x) = 0.00017247
g(x) = 0.00016793
g(x) = 0.00016351
g(x) = 0.00015921
g(x) = 0.00015503
g(x) = 0.00015096
g(x) = 0.00014699
g(x) = 0.00014314
g(x) = 0.00013939
g(x) = 0.00013573
g(x) = 0.00013218
g(x) = 0.00012872
g(x) = 0.00012535
g(x) = 0.00012208
g(x) = 0.00011889
g(x) = 0.00011579
g(x) = 0.00011277
g(x) = 0.00010983
g(x) = 0.00010696
g(x) = 0.00010418
g(x) = 0.00010147
g(x) = 9.8827e-05
g(x) = 9.6259e-05
g(x) = 9.3758e-05
g(x) = 9.1324e-05
g(x) = 8.8954e-05
g(x) = 8.6648e-05
g(x) = 8.4402e-05
g(x) = 8.2216e-05
g(x) = 8.0088e-05
g(x) = 7.8017e-05
g(x) = 7.6e-05
g(x) = 7.4037e-05
g(x) = 7.2125e-05
g(x) = 7.0264e-05
g(x) = 6.8452e-05
g(x) = 6.6688e-05
g(x) = 6.497e-05
g(x) = 6.3298e-05
g(x) = 6.1669e-05
g(x) = 6.0084e-05
g(x) = 5.854e-05
g(x) = 5.7037e-05
g(x) = 5.5573e-05
g(x) = 5.4148e-05
g(x) = 5.276e-05
g(x) = 5.1409e-05
g(x) = 5.0093e-05
g(x) = 4.8811e-05
g(x) = 4.7563e-05
g(x) = 4.6347e-05
g(x) = 4.5164e-05
g(x) = 4.4011e-05
g(x) = 4.2889e-05
g(x) = 4.1795e-05
g(x) = 4.073e-05
g(x) = 3.9693e-05
g(x) = 3.8683e-05
g(x) = 3.77e-05
g(x) = 3.6741e-05
g(x) = 3.5808e-05
g(x) = 3.4899e-05
g(x) = 3.4014e-05
g(x) = 3.3151e-05
g(x) = 3.2311e-05
g(x) = 3.1493e-05
g(x) = 3.0696e-05
g(x) = 2.992e-05
g(x) = 2.9163e-05
g(x) = 2.8426e-05
g(x) = 2.7709e-05
g(x) = 2.7009e-05
g(x) = 2.6328e-05
g(x) = 2.5665e-05
g(x) = 2.5018e-05
g(x) = 2.4388e-05
g(x) = 2.3775e-05
g(x) = 2.3177e-05
g(x) = 2.2594e-05
g(x) = 2.2027e-05
g(x) = 2.1474e-05
g(x) = 2.0935e-05
g(x) = 2.041e-05
g(x) = 1.9899e-05
g(x) = 1.94e-05
g(x) = 1.8915e-05
g(x) = 1.8442e-05
g(x) = 1.7981e-05
g(x) = 1.7531e-05
g(x) = 1.7093e-05
g(x) = 1.6667e-05
g(x) = 1.6251e-05
g(x) = 1.5846e-05
g(x) = 1.5451e-05
g(x) = 1.5066e-05
g(x) = 1.4691e-05
g(x) = 1.4326e-05
g(x) = 1.397e-05
g(x) = 1.3623e-05
g(x) = 1.3284e-05
g(x) = 1.2955e-05
g(x) = 1.2633e-05
g(x) = 1.232e-05
g(x) = 1.2015e-05
g(x) = 1.1717e-05
g(x) = 1.1427e-05
g(x) = 1.1145e-05
g(x) = 1.0869e-05
g(x) = 1.0601e-05
g(x) = 1.0339e-05
g(x) = 1.0084e-05
g(x) = 9.8348e-06
g(x) = 9.5923e-06
g(x) = 9.356e-06
g(x) = 9.1255e-06
g(x) = 8.9009e-06
g(x) = 8.6819e-06
g(x) = 8.4684e-06
g(x) = 8.2603e-06
g(x) = 8.0574e-06
g(x) = 7.8595e-06
g(x) = 7.6667e-06
g(x) = 7.4786e-06
g(x) = 7.2953e-06
g(x) = 7.1166e-06
g(x) = 6.9423e-06
g(x) = 6.7724e-06
g(x) = 6.6068e-06
g(x) = 6.4452e-06
g(x) = 6.2877e-06
g(x) = 6.1342e-06
g(x) = 5.9844e-06
g(x) = 5.8384e-06
g(x) = 5.696e-06
g(x) = 5.5572e-06
g(x) = 5.4218e-06
g(x) = 5.2898e-06
g(x) = 5.161e-06
g(x) = 5.0355e-06
g(x) = 4.9131e-06
g(x) = 4.7937e-06
g(x) = 4.6772e-06
g(x) = 4.5637e-06
g(x) = 4.453e-06
g(x) = 4.345e-06
g(x) = 4.2396e-06
g(x) = 4.1369e-06
g(x) = 4.0367e-06
g(x) = 3.939e-06
g(x) = 3.8437e-06
g(x) = 3.7508e-06
g(x) = 3.6601e-06
g(x) = 3.5717e-06
g(x) = 3.4854e-06
g(x) = 3.4013e-06
g(x) = 3.3193e-06
g(x) = 3.2392e-06
g(x) = 3.1611e-06
g(x) = 3.085e-06
g(x) = 3.0107e-06
g(x) = 2.9382e-06
g(x) = 2.8676e-06
g(x) = 2.7986e-06
g(x) = 2.7313e-06
g(x) = 2.6657e-06
g(x) = 2.6017e-06
g(x) = 2.5393e-06
g(x) = 2.4783e-06
g(x) = 2.4189e-06
g(x) = 2.3609e-06
g(x) = 2.3044e-06
g(x) = 2.2492e-06
g(x) = 2.1953e-06
g(x) = 2.1428e-06
g(x) = 2.0916e-06
g(x) = 2.0416e-06
g(x) = 1.9928e-06
g(x) = 1.9452e-06
g(x) = 1.8988e-06
g(x) = 1.8534e-06
g(x) = 1.8092e-06
g(x) = 1.7661e-06
g(x) = 1.724e-06
g(x) = 1.6829e-06
g(x) = 1.6429e-06
g(x) = 1.6038e-06
g(x) = 1.5656e-06
g(x) = 1.5284e-06
g(x) = 1.492e-06
g(x) = 1.4566e-06
g(x) = 1.422e-06
g(x) = 1.3882e-06
g(x) = 1.3553e-06
g(x) = 1.3231e-06
g(x) = 1.2917e-06
g(x) = 1.2611e-06
g(x) = 1.2312e-06
g(x) = 1.2021e-06
g(x) = 1.1736e-06
g(x) = 1.1459e-06
g(x) = 1.1187e-06
g(x) = 1.0923e-06
g(x) = 1.0665e-06
g(x) = 1.0413e-06
g(x) = 1.0167e-06
g(x) = 9.9268e-07
g(x) = 9.6925e-07
g(x) = 9.4639e-07
g(x) = 9.2407e-07
g(x) = 9.0229e-07
g(x) = 8.8103e-07
g(x) = 8.6028e-07
g(x) = 8.4002e-07
g(x) = 8.2025e-07
g(x) = 8.0095e-07
g(x) = 7.8211e-07
g(x) = 7.6373e-07
g(x) = 7.4578e-07
g(x) = 7.2826e-07
g(x) = 7.1116e-07
g(x) = 6.9446e-07
g(x) = 6.7817e-07
g(x) = 6.6226e-07
g(x) = 6.4673e-07
g(x) = 6.3157e-07
g(x) = 6.1677e-07
g(x) = 6.0232e-07
g(x) = 5.8822e-07
g(x) = 5.7445e-07
g(x) = 5.6101e-07
g(x) = 5.4789e-07
g(x) = 5.3508e-07
g(x) = 5.2257e-07
g(x) = 5.1036e-07
g(x) = 4.9844e-07
g(x) = 4.868e-07
g(x) = 4.7544e-07
g(x) = 4.6434e-07
g(x) = 4.5351e-07
g(x) = 4.4294e-07
g(x) = 4.3261e-07
g(x) = 4.2253e-07
g(x) = 4.1269e-07
g(x) = 4.0308e-07
g(x) = 3.937e-07
g(x) = 3.8454e-07
g(x) = 3.7559e-07
g(x) = 3.6686e-07
g(x) = 3.5833e-07
g(x) = 3.5e-07
g(x) = 3.4187e-07
g(x) = 3.3393e-07
g(x) = 3.2617e-07
g(x) = 3.186e-07
g(x) = 3.1121e-07
g(x) = 3.0399e-07
g(x) = 2.9694e-07
g(x) = 2.9006e-07
g(x) = 2.8334e-07
g(x) = 2.7677e-07
g(x) = 2.7036e-07
g(x) = 2.641e-07
g(x) = 2.5799e-07
g(x) = 2.5202e-07
g(x) = 2.4619e-07
g(x) = 2.405e-07
g(x) = 2.3494e-07
g(x) = 2.2951e-07
g(x) = 2.2421e-07
g(x) = 2.1903e-07
g(x) = 2.1397e-07
g(x) = 2.0903e-07
g(x) = 2.0421e-07
g(x) = 1.995e-07
g(x) = 1.949e-07
g(x) = 1.904e-07
g(x) = 1.8601e-07
g(x) = 1.8173e-07
g(x) = 1.7754e-07
g(x) = 1.7345e-07
g(x) = 1.6946e-07
g(x) = 1.6556e-07
g(x) = 1.6175e-07
g(x) = 1.5803e-07
g(x) = 1.5439e-07
g(x) = 1.5084e-07
g(x) = 1.4738e-07
g(x) = 1.4399e-07
g(x) = 1.4068e-07
g(x) = 1.3745e-07
g(x) = 1.343e-07
g(x) = 1.3121e-07
g(x) = 1.282e-07
g(x) = 1.2526e-07
g(x) = 1.2239e-07
g(x) = 1.1958e-07
g(x) = 1.1684e-07
g(x) = 1.1416e-07
g(x) = 1.1155e-07
g(x) = 1.0899e-07
g(x) = 1.065e-07
g(x) = 1.0406e-07
g(x) = 1.0168e-07
g(x) = 9.9349e-08
g(x) = 9.7076e-08
g(x) = 9.4856e-08
g(x) = 9.2687e-08
g(x) = 9.0568e-08
g(x) = 8.8498e-08
g(x) = 8.6476e-08
g(x) = 8.45e-08
g(x) = 8.2571e-08
g(x) = 8.0685e-08
g(x) = 7.8844e-08
g(x) = 7.7044e-08
g(x) = 7.5286e-08
g(x) = 7.3569e-08
g(x) = 7.1891e-08
g(x) = 7.0252e-08
g(x) = 6.8651e-08
g(x) = 6.7086e-08
g(x) = 6.5558e-08
g(x) = 6.4064e-08
g(x) = 6.2606e-08
g(x) = 6.118e-08
g(x) = 5.9787e-08
g(x) = 5.8427e-08
g(x) = 5.7097e-08
g(x) = 5.5799e-08
g(x) = 5.453e-08
g(x) = 5.329e-08
g(x) = 5.2078e-08
g(x) = 5.0895e-08
g(x) = 4.9738e-08
g(x) = 4.8608e-08
g(x) = 4.7504e-08
g(x) = 4.6425e-08
g(x) = 4.5371e-08
g(x) = 4.4342e-08
g(x) = 4.3335e-08
g(x) = 4.2352e-08
g(x) = 4.1391e-08
g(x) = 4.0453e-08
g(x) = 3.9535e-08
g(x) = 3.8639e-08
g(x) = 3.7763e-08
g(x) = 3.6908e-08
g(x) = 3.6071e-08
g(x) = 3.5254e-08
g(x) = 3.4456e-08
g(x) = 3.3676e-08
g(x) = 3.2913e-08
g(x) = 3.2169e-08
g(x) = 3.1441e-08
g(x) = 3.0729e-08
g(x) = 3.0034e-08
g(x) = 2.9355e-08
g(x) = 2.8691e-08
g(x) = 2.8043e-08
g(x) = 2.7409e-08
g(x) = 2.6789e-08
g(x) = 2.6184e-08
g(x) = 2.5593e-08
g(x) = 2.5015e-08
g(x) = 2.445e-08
g(x) = 2.3898e-08
g(x) = 2.3358e-08
g(x) = 2.2831e-08
g(x) = 2.2316e-08
g(x) = 2.1812e-08
g(x) = 2.132e-08
g(x) = 2.084e-08
g(x) = 2.037e-08
g(x) = 1.991e-08
g(x) = 1.9462e-08
g(x) = 1.9023e-08
g(x) = 1.8594e-08
g(x) = 1.8176e-08
g(x) = 1.7766e-08
g(x) = 1.7366e-08
g(x) = 1.6975e-08
g(x) = 1.6593e-08
g(x) = 1.6219e-08
g(x) = 1.5854e-08
g(x) = 1.5498e-08
g(x) = 1.5149e-08
g(x) = 1.4808e-08
g(x) = 1.4475e-08
g(x) = 1.415e-08
g(x) = 1.3831e-08
g(x) = 1.3521e-08
g(x) = 1.3217e-08
g(x) = 1.292e-08
g(x) = 1.2629e-08
g(x) = 1.2346e-08
g(x) = 1.2068e-08
g(x) = 1.1797e-08
g(x) = 1.1532e-08
g(x) = 1.1274e-08
g(x) = 1.102e-08
g(x) = 1.0773e-08
g(x) = 1.0531e-08
g(x) = 1.0295e-08
g(x) = 1.0064e-08
g(x) = 9.8384e-09
g(x) = 9.6178e-09
g(x) = 9.4021e-09
g(x) = 9.1913e-09
g(x) = 8.9853e-09
g(x) = 8.7839e-09
g(x) = 8.5871e-09
g(x) = 8.3947e-09
g(x) = 8.2066e-09
g(x) = 8.0228e-09
g(x) = 7.8431e-09
g(x) = 7.6675e-09
g(x) = 7.4958e-09
g(x) = 7.328e-09
g(x) = 7.1639e-09
g(x) = 7.0036e-09
g(x) = 6.8469e-09
g(x) = 6.6937e-09
g(x) = 6.5439e-09
g(x) = 6.3976e-09
g(x) = 6.2545e-09
g(x) = 6.1146e-09
g(x) = 5.9779e-09
g(x) = 5.8443e-09
g(x) = 5.7136e-09
g(x) = 5.5859e-09
g(x) = 5.4611e-09
g(x) = 5.3391e-09
g(x) = 5.2198e-09
g(x) = 5.1032e-09
g(x) = 4.9892e-09
g(x) = 4.8778e-09
g(x) = 4.7689e-09
g(x) = 4.6624e-09
g(x) = 4.5583e-09
g(x) = 4.4566e-09
g(x) = 4.3571e-09
g(x) = 4.2599e-09
g(x) = 4.1648e-09
g(x) = 4.0719e-09
g(x) = 3.9811e-09
g(x) = 3.8923e-09
g(x) = 3.8055e-09
g(x) = 3.7206e-09
g(x) = 3.6377e-09
g(x) = 3.5566e-09
g(x) = 3.4773e-09
g(x) = 3.3998e-09
g(x) = 3.324e-09
g(x) = 3.25e-09
g(x) = 3.1775e-09
g(x) = 3.1068e-09
g(x) = 3.0376e-09
g(x) = 2.9699e-09
g(x) = 2.9038e-09
g(x) = 2.8391e-09
g(x) = 2.7759e-09
g(x) = 2.7141e-09
g(x) = 2.6537e-09
g(x) = 2.5946e-09
g(x) = 2.5369e-09
g(x) = 2.4804e-09
g(x) = 2.4252e-09
g(x) = 2.3713e-09
g(x) = 2.3185e-09
g(x) = 2.267e-09
g(x) = 2.2165e-09
g(x) = 2.1672e-09
g(x) = 2.1191e-09
g(x) = 2.0719e-09
g(x) = 2.0259e-09
g(x) = 1.9809e-09
g(x) = 1.9368e-09
g(x) = 1.8938e-09
g(x) = 1.8517e-09
g(x) = 1.8106e-09
g(x) = 1.7703e-09
g(x) = 1.731e-09
g(x) = 1.6926e-09
g(x) = 1.655e-09
g(x) = 1.6182e-09
g(x) = 1.5823e-09
g(x) = 1.5471e-09
g(x) = 1.5128e-09
g(x) = 1.4792e-09
g(x) = 1.4464e-09
g(x) = 1.4143e-09
g(x) = 1.3829e-09
g(x) = 1.3522e-09
g(x) = 1.3222e-09
g(x) = 1.2929e-09
g(x) = 1.2642e-09
g(x) = 1.2361e-09
g(x) = 1.2087e-09
g(x) = 1.1819e-09
g(x) = 1.1557e-09
g(x) = 1.1301e-09
g(x) = 1.105e-09
g(x) = 1.0805e-09
g(x) = 1.0566e-09
g(x) = 1.0332e-09
g(x) = 1.0103e-09
g(x) = 9.8787e-10
g(x) = 9.6598e-10
g(x) = 9.4458e-10
g(x) = 9.2365e-10
g(x) = 9.0319e-10
g(x) = 8.8318e-10
g(x) = 8.6362e-10
g(x) = 8.4449e-10
g(x) = 8.2579e-10
g(x) = 8.0751e-10
g(x) = 7.8963e-10
g(x) = 7.7214e-10
g(x) = 7.5505e-10
g(x) = 7.3834e-10
g(x) = 7.2199e-10
g(x) = 7.0601e-10
g(x) = 6.9039e-10
g(x) = 6.7511e-10
g(x) = 6.6017e-10
g(x) = 6.4557e-10
g(x) = 6.3128e-10
g(x) = 6.1732e-10
g(x) = 6.0366e-10
g(x) = 5.9031e-10
g(x) = 5.7726e-10
g(x) = 5.6449e-10
g(x) = 5.5201e-10
g(x) = 5.398e-10
g(x) = 5.2787e-10
g(x) = 5.162e-10
g(x) = 5.0479e-10
g(x) = 4.9363e-10
g(x) = 4.8272e-10
g(x) = 4.7205e-10
g(x) = 4.6162e-10
g(x) = 4.5142e-10
g(x) = 4.4144e-10
g(x) = 4.3169e-10
g(x) = 4.2215e-10
g(x) = 4.1282e-10
g(x) = 4.037e-10
g(x) = 3.9479e-10
g(x) = 3.8607e-10
g(x) = 3.7754e-10
g(x) = 3.692e-10
g(x) = 3.6105e-10
g(x) = 3.5308e-10
g(x) = 3.4528e-10
g(x) = 3.3766e-10
g(x) = 3.3021e-10
g(x) = 3.2292e-10
g(x) = 3.1579e-10
g(x) = 3.0882e-10
g(x) = 3.0201e-10
g(x) = 2.9534e-10
g(x) = 2.8882e-10
g(x) = 2.8245e-10
g(x) = 2.7622e-10
g(x) = 2.7013e-10
g(x) = 2.6417e-10
g(x) = 2.5834e-10
g(x) = 2.5264e-10
g(x) = 2.4707e-10
g(x) = 2.4162e-10
g(x) = 2.3629e-10
g(x) = 2.3108e-10
g(x) = 2.2598e-10
g(x) = 2.21e-10
g(x) = 2.1613e-10
g(x) = 2.1136e-10
g(x) = 2.067e-10
g(x) = 2.0215e-10
g(x) = 1.9769e-10
g(x) = 1.9334e-10
g(x) = 1.8907e-10
g(x) = 1.8491e-10
g(x) = 1.8083e-10
g(x) = 1.7685e-10
g(x) = 1.7295e-10
g(x) = 1.6914e-10
g(x) = 1.6541e-10
g(x) = 1.6177e-10
g(x) = 1.5821e-10
g(x) = 1.5472e-10
g(x) = 1.5131e-10
g(x) = 1.4798e-10
g(x) = 1.4472e-10
g(x) = 1.4153e-10
g(x) = 1.3842e-10
g(x) = 1.3537e-10
g(x) = 1.3239e-10
g(x) = 1.2947e-10
g(x) = 1.2662e-10
g(x) = 1.2384e-10
g(x) = 1.2111e-10
g(x) = 1.1844e-10
g(x) = 1.1584e-10
g(x) = 1.1329e-10
g(x) = 1.1079e-10
g(x) = 1.0836e-10
g(x) = 1.0597e-10
g(x) = 1.0364e-10
g(x) = 1.0136e-10
g(x) = 9.9129e-11
g(x) = 9.6948e-11
g(x) = 9.4815e-11
g(x) = 9.2729e-11
g(x) = 9.0689e-11
g(x) = 8.8694e-11
g(x) = 8.6743e-11
g(x) = 8.4836e-11
g(x) = 8.297e-11
g(x) = 8.1145e-11
g(x) = 7.936e-11
g(x) = 7.7615e-11
g(x) = 7.5909e-11
g(x) = 7.424e-11
g(x) = 7.2607e-11
g(x) = 7.1011e-11
g(x) = 6.945e-11
g(x) = 6.7923e-11
g(x) = 6.643e-11
g(x) = 6.497e-11
g(x) = 6.3541e-11
g(x) = 6.2145e-11
g(x) = 6.0779e-11
g(x) = 5.9443e-11
g(x) = 5.8137e-11
g(x) = 5.6859e-11
g(x) = 5.561e-11
g(x) = 5.4388e-11
g(x) = 5.3193e-11
g(x) = 5.2024e-11
g(x) = 5.0881e-11
g(x) = 4.9763e-11
g(x) = 4.867e-11
g(x) = 4.7601e-11
g(x) = 4.6555e-11
g(x) = 4.5533e-11
g(x) = 4.4533e-11
g(x) = 4.3555e-11
g(x) = 4.2598e-11
g(x) = 4.1662e-11
g(x) = 4.0747e-11
g(x) = 3.9853e-11
g(x) = 3.8978e-11
g(x) = 3.8122e-11
g(x) = 3.7285e-11
g(x) = 3.6466e-11
g(x) = 3.5665e-11
g(x) = 3.4882e-11
g(x) = 3.4117e-11
g(x) = 3.3368e-11
g(x) = 3.2635e-11
g(x) = 3.1919e-11
g(x) = 3.1218e-11
g(x) = 3.0533e-11
g(x) = 2.9863e-11
g(x) = 2.9208e-11
g(x) = 2.8567e-11
g(x) = 2.794e-11
g(x) = 2.7327e-11
g(x) = 2.6727e-11
g(x) = 2.6141e-11
g(x) = 2.5567e-11
g(x) = 2.5006e-11
g(x) = 2.4457e-11
g(x) = 2.3921e-11
g(x) = 2.3396e-11
g(x) = 2.2883e-11
g(x) = 2.2381e-11
g(x) = 2.189e-11
g(x) = 2.141e-11
g(x) = 2.094e-11
g(x) = 2.0481e-11
g(x) = 2.0032e-11
g(x) = 1.9592e-11
g(x) = 1.9163e-11
g(x) = 1.8742e-11
g(x) = 1.8331e-11
g(x) = 1.7929e-11
g(x) = 1.7536e-11
g(x) = 1.7152e-11
g(x) = 1.6776e-11
g(x) = 1.6408e-11
g(x) = 1.6048e-11
g(x) = 1.5696e-11
g(x) = 1.5352e-11
g(x) = 1.5016e-11
g(x) = 1.4687e-11
g(x) = 1.4365e-11
g(x) = 1.405e-11
g(x) = 1.3742e-11
g(x) = 1.3441e-11
g(x) = 1.3146e-11
g(x) = 1.2858e-11
g(x) = 1.2576e-11
g(x) = 1.23e-11
g(x) = 1.2031e-11
g(x) = 1.1767e-11
g(x) = 1.1509e-11
g(x) = 1.1257e-11
g(x) = 1.1011e-11
g(x) = 1.0769e-11
g(x) = 1.0533e-11
g(x) = 1.0303e-11
g(x) = 1.0077e-11
g(x) = 9.8561e-12
g(x) = 9.6402e-12
g(x) = 9.429e-12
g(x) = 9.2224e-12
g(x) = 9.0204e-12
g(x) = 8.8228e-12
g(x) = 8.6296e-12
g(x) = 8.4405e-12
g(x) = 8.2557e-12
g(x) = 8.0749e-12
g(x) = 7.898e-12
g(x) = 7.725e-12
g(x) = 7.5559e-12
g(x) = 7.3904e-12
g(x) = 7.2285e-12
g(x) = 7.0703e-12
g(x) = 6.9154e-12
g(x) = 6.764e-12
g(x) = 6.6159e-12
g(x) = 6.4711e-12
g(x) = 6.3294e-12
g(x) = 6.1908e-12
g(x) = 6.0553e-12
g(x) = 5.9227e-12
g(x) = 5.793e-12
g(x) = 5.6662e-12
g(x) = 5.5422e-12
g(x) = 5.4209e-12
g(x) = 5.3022e-12
g(x) = 5.1861e-12
g(x) = 5.0726e-12
g(x) = 4.9616e-12
g(x) = 4.853e-12
g(x) = 4.7468e-12
g(x) = 4.6429e-12
g(x) = 4.5413e-12
g(x) = 4.4419e-12
g(x) = 4.3447e-12
g(x) = 4.2496e-12
g(x) = 4.1566e-12
g(x) = 4.0656e-12
g(x) = 3.9767e-12
g(x) = 3.8897e-12
g(x) = 3.8046e-12
g(x) = 3.7213e-12
g(x) = 3.6399e-12
g(x) = 3.5603e-12
g(x) = 3.4824e-12
g(x) = 3.4062e-12
g(x) = 3.3317e-12
g(x) = 3.2588e-12
g(x) = 3.1875e-12
g(x) = 3.1178e-12
g(x) = 3.0496e-12
g(x) = 2.9828e-12
g(x) = 2.9176e-12
g(x) = 2.8538e-12
g(x) = 2.7914e-12
g(x) = 2.7303e-12
g(x) = 2.6706e-12
g(x) = 2.6122e-12
g(x) = 2.555e-12
g(x) = 2.4992e-12
g(x) = 2.4445e-12
g(x) = 2.391e-12
g(x) = 2.3388e-12
g(x) = 2.2876e-12
g(x) = 2.2376e-12
g(x) = 2.1887e-12
g(x) = 2.1408e-12
g(x) = 2.094e-12
g(x) = 2.0482e-12
g(x) = 2.0034e-12
g(x) = 1.9596e-12
g(x) = 1.9168e-12
g(x) = 1.8749e-12
g(x) = 1.8339e-12
g(x) = 1.7938e-12
g(x) = 1.7546e-12
g(x) = 1.7162e-12
g(x) = 1.6787e-12
g(x) = 1.642e-12
g(x) = 1.6061e-12
g(x) = 1.571e-12
g(x) = 1.5366e-12
g(x) = 1.5031e-12
g(x) = 1.4702e-12
g(x) = 1.4381e-12
g(x) = 1.4066e-12
g(x) = 1.3759e-12
g(x) = 1.3458e-12
g(x) = 1.3164e-12
g(x) = 1.2876e-12
g(x) = 1.2595e-12
g(x) = 1.232e-12
g(x) = 1.205e-12
g(x) = 1.1787e-12
g(x) = 1.1529e-12
g(x) = 1.1277e-12
g(x) = 1.1031e-12
g(x) = 1.079e-12
g(x) = 1.0554e-12
g(x) = 1.0324e-12
g(x) = 1.0098e-12
g(x) = 9.8773e-13
g(x) = 9.6615e-13
g(x) = 9.4504e-13
g(x) = 9.2439e-13
g(x) = 9.042e-13
g(x) = 8.8444e-13
g(x) = 8.6512e-13
g(x) = 8.4622e-13
g(x) = 8.2773e-13
g(x) = 8.0965e-13
g(x) = 7.9196e-13
g(x) = 7.7466e-13
g(x) = 7.5774e-13
g(x) = 7.4118e-13
g(x) = 7.2499e-13
g(x) = 7.0916e-13
g(x) = 6.9367e-13
g(x) = 6.7851e-13
g(x) = 6.6369e-13
g(x) = 6.492e-13
g(x) = 6.3502e-13
g(x) = 6.2115e-13
g(x) = 6.0758e-13
g(x) = 5.9431e-13
g(x) = 5.8133e-13
g(x) = 5.6863e-13
g(x) = 5.5621e-13
g(x) = 5.4407e-13
g(x) = 5.3218e-13
g(x) = 5.2056e-13
g(x) = 5.0919e-13
g(x) = 4.9807e-13
g(x) = 4.872e-13
g(x) = 4.7656e-13
g(x) = 4.6615e-13
g(x) = 4.5597e-13
g(x) = 4.4602e-13
g(x) = 4.3628e-13
g(x) = 4.2675e-13
g(x) = 4.1743e-13
g(x) = 4.0832e-13
g(x) = 3.994e-13
g(x) = 3.9068e-13
g(x) = 3.8215e-13
g(x) = 3.7381e-13
g(x) = 3.6565e-13
g(x) = 3.5767e-13
g(x) = 3.4986e-13
g(x) = 3.4222e-13
g(x) = 3.3475e-13
g(x) = 3.2744e-13
g(x) = 3.2029e-13
g(x) = 3.133e-13
g(x) = 3.0646e-13
g(x) = 2.9977e-13
g(x) = 2.9323e-13
g(x) = 2.8683e-13
g(x) = 2.8057e-13
g(x) = 2.7444e-13
g(x) = 2.6845e-13
g(x) = 2.6259e-13
g(x) = 2.5686e-13
g(x) = 2.5125e-13
g(x) = 2.4577e-13
g(x) = 2.404e-13
g(x) = 2.3516e-13
g(x) = 2.3002e-13
g(x) = 2.25e-13
g(x) = 2.2009e-13
g(x) = 2.1529e-13
g(x) = 2.1059e-13
g(x) = 2.06e-13
g(x) = 2.015e-13
g(x) = 1.971e-13
g(x) = 1.928e-13
g(x) = 1.8859e-13
g(x) = 1.8448e-13
g(x) = 1.8045e-13
g(x) = 1.7652e-13
g(x) = 1.7266e-13
g(x) = 1.689e-13
g(x) = 1.6521e-13
g(x) = 1.6161e-13
g(x) = 1.5808e-13
g(x) = 1.5463e-13
g(x) = 1.5126e-13
g(x) = 1.4796e-13
g(x) = 1.4473e-13
g(x) = 1.4157e-13
g(x) = 1.3848e-13
g(x) = 1.3546e-13
g(x) = 1.325e-13
g(x) = 1.2961e-13
g(x) = 1.2679e-13
g(x) = 1.2402e-13
g(x) = 1.2131e-13
g(x) = 1.1867e-13
g(x) = 1.1608e-13
g(x) = 1.1355e-13
g(x) = 1.1107e-13
g(x) = 1.0865e-13
g(x) = 1.0628e-13
g(x) = 1.0396e-13
g(x) = 1.0169e-13
g(x) = 9.9471e-14
g(x) = 9.7301e-14
g(x) = 9.5179e-14
g(x) = 9.3103e-14
g(x) = 9.1072e-14
g(x) = 8.9085e-14
g(x) = 8.7142e-14
g(x) = 8.5241e-14
g(x) = 8.3382e-14
g(x) = 8.1563e-14
g(x) = 7.9784e-14
g(x) = 7.8044e-14
g(x) = 7.6342e-14
g(x) = 7.4677e-14
g(x) = 7.3048e-14
g(x) = 7.1455e-14
g(x) = 6.9896e-14
g(x) = 6.8372e-14
g(x) = 6.6881e-14
g(x) = 6.5422e-14
g(x) = 6.3996e-14
g(x) = 6.26e-14
g(x) = 6.1235e-14
g(x) = 5.9899e-14
g(x) = 5.8593e-14
g(x) = 5.7315e-14
g(x) = 5.6065e-14
g(x) = 5.4843e-14
g(x) = 5.3647e-14
g(x) = 5.2477e-14
g(x) = 5.1333e-14
g(x) = 5.0213e-14
g(x) = 4.9118e-14
g(x) = 4.8047e-14
g(x) = 4.7e-14
g(x) = 4.5975e-14
g(x) = 4.4972e-14
g(x) = 4.3992e-14
g(x) = 4.3032e-14
g(x) = 4.2094e-14
g(x) = 4.1176e-14
g(x) = 4.0279e-14
g(x) = 3.94e-14
g(x) = 3.8541e-14
g(x) = 3.7701e-14
g(x) = 3.6879e-14
g(x) = 3.6075e-14
g(x) = 3.5288e-14
g(x) = 3.4519e-14
g(x) = 3.3767e-14
g(x) = 3.303e-14
g(x) = 3.231e-14
g(x) = 3.1606e-14
g(x) = 3.0917e-14
g(x) = 3.0243e-14
g(x) = 2.9584e-14
g(x) = 2.8939e-14
g(x) = 2.8308e-14
g(x) = 2.7691e-14
g(x) = 2.7087e-14
g(x) = 2.6497e-14
g(x) = 2.5919e-14
g(x) = 2.5354e-14
g(x) = 2.4801e-14
g(x) = 2.4261e-14
g(x) = 2.3732e-14
g(x) = 2.3214e-14
g(x) = 2.2708e-14
g(x) = 2.2213e-14
g(x) = 2.1729e-14
g(x) = 2.1256e-14
g(x) = 2.0792e-14
g(x) = 2.0339e-14
g(x) = 1.9896e-14
g(x) = 1.9462e-14
g(x) = 1.9038e-14
g(x) = 1.8623e-14
g(x) = 1.8217e-14
g(x) = 1.782e-14
g(x) = 1.7432e-14
g(x) = 1.7052e-14
g(x) = 1.668e-14
g(x) = 1.6317e-14
g(x) = 1.5961e-14
g(x) = 1.5613e-14
g(x) = 1.5273e-14
g(x) = 1.494e-14
g(x) = 1.4614e-14
g(x) = 1.4296e-14
g(x) = 1.3984e-14
g(x) = 1.368e-14
g(x) = 1.3381e-14
g(x) = 1.309e-14
g(x) = 1.2805e-14
g(x) = 1.2526e-14
g(x) = 1.2253e-14
g(x) = 1.1986e-14
g(x) = 1.1724e-14
g(x) = 1.1469e-14
g(x) = 1.1219e-14
g(x) = 1.0975e-14
g(x) = 1.0735e-14
g(x) = 1.0501e-14
g(x) = 1.0273e-14
g(x) = 1.0049e-14
g(x) = 9.8298e-15
g(x) = 9.6156e-15
g(x) = 9.4061e-15
g(x) = 9.2011e-15
g(x) = 9.0006e-15
g(x) = 8.8045e-15
g(x) = 8.6127e-15
g(x) = 8.425e-15
g(x) = 8.2414e-15
g(x) = 8.0619e-15
g(x) = 7.8862e-15
g(x) = 7.7144e-15
g(x) = 7.5463e-15
g(x) = 7.3819e-15
g(x) = 7.2211e-15
g(x) = 7.0637e-15
g(x) = 6.9098e-15
g(x) = 6.7593e-15
g(x) = 6.612e-15
g(x) = 6.468e-15
g(x) = 6.3271e-15
g(x) = 6.1892e-15
g(x) = 6.0544e-15
g(x) = 5.9225e-15
g(x) = 5.7934e-15
g(x) = 5.6672e-15
g(x) = 5.5438e-15
g(x) = 5.423e-15
g(x) = 5.3049e-15
g(x) = 5.1893e-15
g(x) = 5.0762e-15
g(x) = 4.9657e-15
g(x) = 4.8575e-15
g(x) = 4.7517e-15
g(x) = 4.6482e-15
g(x) = 4.5469e-15
g(x) = 4.4478e-15
g(x) = 4.351e-15
g(x) = 4.2562e-15
g(x) = 4.1635e-15
g(x) = 4.0728e-15
g(x) = 3.9841e-15
g(x) = 3.8973e-15
g(x) = 3.8124e-15
g(x) = 3.7293e-15
g(x) = 3.6481e-15
g(x) = 3.5686e-15
g(x) = 3.4909e-15
g(x) = 3.4149e-15
g(x) = 3.3405e-15
g(x) = 3.2677e-15
g(x) = 3.1965e-15
g(x) = 3.1269e-15
g(x) = 3.0588e-15
g(x) = 2.9922e-15
g(x) = 2.927e-15
g(x) = 2.8633e-15
g(x) = 2.8009e-15
g(x) = 2.7399e-15
g(x) = 2.6802e-15
g(x) = 2.6218e-15
g(x) = 2.5647e-15
g(x) = 2.5089e-15
g(x) = 2.4542e-15
g(x) = 2.4008e-15
g(x) = 2.3485e-15
g(x) = 2.2973e-15
g(x) = 2.2473e-15
g(x) = 2.1984e-15
g(x) = 2.1505e-15
g(x) = 2.1037e-15
g(x) = 2.0578e-15
g(x) = 2.013e-15
g(x) = 1.9692e-15
g(x) = 1.9263e-15
g(x) = 1.8844e-15
g(x) = 1.8433e-15
g(x) = 1.8032e-15
g(x) = 1.7639e-15
g(x) = 1.7255e-15
g(x) = 1.6879e-15
g(x) = 1.6512e-15
g(x) = 1.6152e-15
g(x) = 1.58e-15
g(x) = 1.5456e-15
g(x) = 1.512e-15
g(x) = 1.479e-15
g(x) = 1.4468e-15
g(x) = 1.4153e-15
g(x) = 1.3845e-15
g(x) = 1.3544e-15
g(x) = 1.3249e-15
g(x) = 1.296e-15
g(x) = 1.2678e-15
g(x) = 1.2402e-15
g(x) = 1.2132e-15
g(x) = 1.1868e-15
g(x) = 1.1609e-15
g(x) = 1.1356e-15
g(x) = 1.1109e-15
g(x) = 1.0867e-15
g(x) = 1.0631e-15
g(x) = 1.0399e-15
g(x) = 1.0173e-15
g(x) = 9.9512e-16

--------------------------------
        Initial Matrices        
--------------------------------

M_0^0 = { { (+0.32272,+0.00000), (-0.04785,+0.23700), (+0.26867,-0.01209), (-0.27398,+0.07003), (-0.03888,-0.07939)},
          { (-0.04785,-0.23700), (+0.18114,+0.00000), (-0.04871,-0.19551), (+0.09205,+0.19082), (-0.05254,+0.04032)},
          { (+0.26867,+0.01209), (-0.04871,+0.19551), (+0.22413,+0.00000), (-0.23072,+0.04804), (-0.02939,-0.06755)},
          { (-0.27398,-0.07003), (+0.09205,-0.19082), (-0.23072,-0.04804), (+0.24780,+0.00000), (+0.01578,+0.07584)},
          { (-0.03888,+0.07939), (-0.05254,-0.04032), (-0.02939,+0.06755), (+0.01578,-0.07584), (+0.02421,+0.00000)} } 

|M^2-M|  = 0.00000
tr(M^2-M)  = (-0.00000,0.00000)
is M PD? = 0

M_1^0 = { { (+0.13959,+0.00000), (+0.05289,-0.07707), (-0.26706,-0.04305), (-0.15893,-0.01283), (+0.06986,-0.08881)},
          { (+0.05289,+0.07707), (+0.06260,+0.00000), (-0.07742,-0.16377), (-0.05314,-0.09261), (+0.07551,+0.00492)},
          { (-0.26706,+0.04305), (-0.07742,+0.16377), (+0.52422,+0.00000), (+0.30802,-0.02448), (-0.10626,+0.19146)},
          { (-0.15893,+0.01283), (-0.05314,+0.09261), (+0.30802,+0.02448), (+0.18213,+0.00000), (-0.07138,+0.10753)},
          { (+0.06986,+0.08881), (+0.07551,-0.00492), (-0.10626,-0.19146), (-0.07138,-0.10753), (+0.09146,+0.00000)} } 

|M^2-M|  = 0.00000
tr(M^2-M)  = (0.00000,0.00000)
is M PD? = 0

M_2^0 = { { (+0.30501,+0.00000), (+0.16075,-0.27177), (+0.08814,+0.05934), (+0.13863,-0.14446), (-0.21533,+0.12058)},
          { (+0.16075,+0.27177), (+0.32686,+0.00000), (-0.00641,+0.10981), (+0.20177,+0.04739), (-0.22092,-0.12831)},
          { (+0.08814,-0.05934), (-0.00641,-0.10981), (+0.03701,+0.00000), (+0.01196,-0.06871), (-0.03877,+0.07673)},
          { (+0.13863,+0.14446), (+0.20177,-0.04739), (+0.01196,+0.06871), (+0.13142,+0.00000), (-0.15497,-0.04718)},
          { (-0.21533,-0.12058), (-0.22092,+0.12831), (-0.03877,-0.07673), (-0.15497,+0.04718), (+0.19969,+0.00000)} } 

|M^2-M|  = 0.00000
tr(M^2-M)  = (0.00000,0.00000)
is M PD? = 0

M_3^0 = { { (+0.22324,+0.00000), (-0.16832,+0.05994), (-0.05124,-0.02431), (+0.29565,+0.09505), (+0.20371,-0.01806)},
          { (-0.16832,-0.05994), (+0.14300,+0.00000), (+0.03211,+0.03209), (-0.19739,-0.15104), (-0.15844,-0.04107)},
          { (-0.05124,+0.02431), (+0.03211,-0.03209), (+0.01441,+0.00000), (-0.07821,+0.01038), (-0.04479,+0.02633)},
          { (+0.29565,-0.09505), (-0.19739,+0.15104), (-0.07821,-0.01038), (+0.43201,+0.00000), (+0.26208,-0.11065)},
          { (+0.20371,+0.01806), (-0.15844,+0.04107), (-0.04479,-0.02633), (+0.26208,+0.11065), (+0.18734,+0.00000)} } 

|M^2-M|  = 0.00000
tr(M^2-M)  = (0.00000,0.00000)
is M PD? = 0

M_4^0 = { { (+0.00943,+0.00000), (+0.00253,+0.05191), (-0.03851,+0.02012), (-0.00137,-0.00780), (-0.01935,+0.06569)},
          { (+0.00253,-0.05191), (+0.28640,+0.00000), (+0.10044,+0.21739), (-0.04329,+0.00545), (+0.35639,+0.12414)},
          { (-0.03851,-0.02012), (+0.10044,-0.21739), (+0.20023,+0.00000), (-0.01105,+0.03477), (+0.21921,-0.22697)},
          { (-0.00137,+0.00780), (-0.04329,-0.00545), (-0.01105,-0.03477), (+0.00665,+0.00000), (-0.05151,-0.02554)},
          { (-0.01935,-0.06569), (+0.35639,-0.12414), (+0.21921,+0.22697), (-0.05151,+0.02554), (+0.49729,+0.00000)} } 

|M^2-M|  = 0.00000
tr(M^2-M)  = (-0.00000,0.00000)
is M PD? = 0

M_0^1 = { { (+0.06979,+0.00000), (-0.01242,+0.04662), (+0.11840,+0.00483), (+0.06754,-0.17443), (+0.11646,-0.00134)},
          { (-0.01242,-0.04662), (+0.03336,+0.00000), (-0.01784,-0.07996), (-0.12855,-0.01408), (-0.02162,-0.07756)},
          { (+0.11840,-0.00483), (-0.01784,+0.07996), (+0.20120,+0.00000), (+0.10251,-0.30059), (+0.19748,-0.01034)},
          { (+0.06754,+0.17443), (-0.12855,+0.01408), (+0.10251,+0.30059), (+0.50130,+0.00000), (+0.11606,+0.28976)},
          { (+0.11646,+0.00134), (-0.02162,+0.07756), (+0.19748,+0.01034), (+0.11606,-0.28976), (+0.19435,+0.00000)} } 

|M^2-M|  = 0.00000
tr(M^2-M)  = (0.00000,0.00000)
is M PD? = 0

M_1^1 = { { (+0.37859,+0.00000), (+0.22771,-0.34494), (+0.09098,+0.04168), (+0.04389,+0.16513), (+0.06145,-0.14644)},
          { (+0.22771,+0.34494), (+0.45123,+0.00000), (+0.01675,+0.10797), (-0.12405,+0.13930), (+0.17038,-0.03209)},
          { (+0.09098,-0.04168), (+0.01675,-0.10797), (+0.02645,+0.00000), (+0.02873,+0.03485), (-0.00136,-0.04196)},
          { (+0.04389,-0.16513), (-0.12405,-0.13930), (+0.02873,-0.03485), (+0.07711,+0.00000), (-0.05675,-0.04378)},
          { (+0.06145,+0.14644), (+0.17038,+0.03209), (-0.00136,+0.04196), (-0.05675,+0.04378), (+0.06662,+0.00000)} } 

|M^2-M|  = 0.00000
tr(M^2-M)  = (-0.00000,0.00000)
is M PD? = 0

M_2^1 = { { (+0.18435,+0.00000), (-0.15775,-0.04448), (-0.24116,+0.05794), (-0.15542,-0.06679), (+0.12493,+0.13327)},
          { (-0.15775,+0.04448), (+0.14571,+0.00000), (+0.19238,-0.10777), (+0.14911,+0.01965), (-0.13906,-0.08389)},
          { (-0.24116,-0.05794), (+0.19238,+0.10777), (+0.33370,+0.00000), (+0.18233,+0.13622), (-0.12155,-0.21361)},
          { (-0.15542,+0.06679), (+0.14911,-0.01965), (+0.18233,-0.13622), (+0.15523,+0.00000), (-0.15361,-0.06709)},
          { (+0.12493,-0.13327), (-0.13906,+0.08389), (-0.12155,+0.21361), (-0.15361,+0.06709), (+0.18101,+0.00000)} } 

|M^2-M|  = 0.00000
tr(M^2-M)  = (-0.00000,0.00000)
is M PD? = 0

M_3^1 = { { (+0.19585,+0.00000), (-0.07025,+0.13633), (+0.20933,-0.04480), (-0.11957,+0.08493), (-0.19186,+0.17269)},
          { (-0.07025,-0.13633), (+0.12010,+0.00000), (-0.10627,-0.12965), (+0.10201,+0.05277), (+0.18903,+0.07161)},
          { (+0.20933,+0.04480), (-0.10627,+0.12965), (+0.23399,+0.00000), (-0.14723,+0.06343), (-0.24456,+0.14070)},
          { (-0.11957,-0.08493), (+0.10201,-0.05277), (-0.14723,-0.06343), (+0.10984,+0.00000), (+0.19203,-0.02224)},
          { (-0.19186,-0.17269), (+0.18903,-0.07161), (-0.24456,-0.14070), (+0.19203,+0.02224), (+0.34022,+0.00000)} } 

|M^2-M|  = 0.00000
tr(M^2-M)  = (-0.00000,0.00000)
is M PD? = 0

M_4^1 = { { (+0.17142,+0.00000), (+0.01271,+0.20646), (-0.17755,-0.05966), (+0.16356,-0.00884), (-0.11098,-0.15818)},
          { (+0.01271,-0.20646), (+0.24960,+0.00000), (-0.08501,+0.20941), (+0.00147,-0.19765), (-0.19873,+0.12193)},
          { (-0.17755,+0.05966), (-0.08501,-0.20941), (+0.20466,+0.00000), (-0.16633,+0.06608), (+0.16999,+0.12521)},
          { (+0.16356,+0.00884), (+0.00147,+0.19765), (-0.16633,-0.06608), (+0.15652,+0.00000), (-0.09773,-0.15665)},
          { (-0.11098,+0.15818), (-0.19873,-0.12193), (+0.16999,-0.12521), (-0.09773,+0.15665), (+0.21780,+0.00000)} } 

|M^2-M|  = 0.00000
tr(M^2-M)  = (0.00000,0.00000)
is M PD? = 0

M_0^2 = { { (+0.02308,+0.00000), (-0.10909,+0.03622), (+0.00926,-0.07999), (-0.02436,+0.04389), (+0.00365,+0.01774)},
          { (-0.10909,-0.03622), (+0.57252,+0.00000), (-0.16933,+0.36360), (+0.18406,-0.16921), (+0.01058,-0.08960)},
          { (+0.00926,+0.07999), (-0.16933,-0.36360), (+0.28100,+0.00000), (-0.16190,-0.06685), (-0.06003,+0.01978)},
          { (-0.02436,-0.04389), (+0.18406,+0.16921), (-0.16190,+0.06685), (+0.10918,+0.00000), (+0.02988,-0.02568)},
          { (+0.00365,-0.01774), (+0.01058,+0.08960), (-0.06003,-0.01978), (+0.02988,+0.02568), (+0.01422,+0.00000)} } 

|M^2-M|  = 0.00000
tr(M^2-M)  = (-0.00000,0.00000)
is M PD? = 0

M_1^2 = { { (+0.14649,+0.00000), (+0.09407,-0.01597), (+0.06686,-0.10505), (+0.13996,+0.06220), (-0.27732,+0.00739)},
          { (+0.09407,+0.01597), (+0.06215,+0.00000), (+0.05439,-0.06017), (+0.08310,+0.05520), (-0.17889,-0.02549)},
          { (+0.06686,+0.10505), (+0.05439,+0.06017), (+0.10585,+0.00000), (+0.01928,+0.12876), (-0.13188,-0.19550)},
          { (+0.13996,-0.06220), (+0.08310,-0.05520), (+0.01928,-0.12876), (+0.16013,+0.00000), (-0.26182,+0.12481)},
          { (-0.27732,-0.00739), (-0.17889,+0.02549), (-0.13188,+0.19550), (-0.26182,-0.12481), (+0.52538,+0.00000)} } 

|M^2-M|  = 0.00000
tr(M^2-M)  = (-0.00000,0.00000)
is M PD? = 0

M_2^2 = { { (+0.44446,+0.00000), (-0.16567,-0.16351), (-0.27620,+0.31051), (+0.01377,+0.13127), (+0.03930,-0.03265)},
          { (-0.16567,+0.16351), (+0.12191,+0.00000), (-0.01128,-0.21735), (-0.05343,-0.04386), (-0.00264,+0.02663)},
          { (-0.27620,-0.31051), (-0.01128,+0.21735), (+0.38856,+0.00000), (+0.08315,-0.09119), (-0.04723,-0.00717)},
          { (+0.01377,-0.13127), (-0.05343,+0.04386), (+0.08315,+0.09119), (+0.03920,+0.00000), (-0.00842,-0.01262)},
          { (+0.03930,+0.03265), (-0.00264,-0.02663), (-0.04723,+0.00717), (-0.00842,+0.01262), (+0.00587,+0.00000)} } 

|M^2-M|  = 0.00000
tr(M^2-M)  = (-0.00000,0.00000)
is M PD? = 0

M_3^2 = { { (+0.22092,+0.00000), (+0.01123,+0.04346), (+0.06259,-0.14160), (+0.06331,-0.30490), (+0.14584,-0.16700)},
          { (+0.01123,-0.04346), (+0.00912,+0.00000), (-0.02468,-0.01951), (-0.05677,-0.02796), (-0.02544,-0.03719)},
          { (+0.06259,+0.14160), (-0.02468,+0.01951), (+0.10849,+0.00000), (+0.21336,-0.04580), (+0.14836,+0.04617)},
          { (+0.06331,+0.30490), (-0.05677,+0.02796), (+0.21336,+0.04580), (+0.43895,+0.00000), (+0.27228,+0.15343)},
          { (+0.14584,+0.16700), (-0.02544,+0.03719), (+0.14836,-0.04617), (+0.27228,-0.15343), (+0.22253,+0.00000)} } 

|M^2-M|  = 0.00000
tr(M^2-M)  = (-0.00000,0.00000)
is M PD? = 0

M_4^2 = { { (+0.16506,+0.00000), (+0.16945,+0.09980), (+0.13749,+0.01613), (-0.19267,+0.06754), (+0.08852,+0.17452)},
          { (+0.16945,-0.09980), (+0.23430,+0.00000), (+0.15090,-0.06657), (-0.15696,+0.18583), (+0.19640,+0.12564)},
          { (+0.13749,-0.01613), (+0.15090,+0.06657), (+0.11610,+0.00000), (-0.15389,+0.07508), (+0.09079,+0.13672)},
          { (-0.19267,-0.06754), (-0.15696,-0.18583), (-0.15389,-0.07508), (+0.25254,+0.00000), (-0.03192,-0.23994)},
          { (+0.08852,-0.17452), (+0.19640,-0.12564), (+0.09079,-0.13672), (-0.03192,+0.23994), (+0.23200,+0.00000)} } 

|M^2-M|  = 0.00000
tr(M^2-M)  = (0.00000,0.00000)
is M PD? = 0

M_0^3 = { { (+0.06161,+0.00000), (-0.09440,+0.10241), (-0.06884,+0.05623), (+0.01587,+0.16797), (+0.03180,-0.03219)},
          { (-0.09440,-0.10241), (+0.31487,+0.00000), (+0.19895,+0.02828), (+0.25488,-0.28376), (-0.10223,-0.00352)},
          { (-0.06884,-0.05623), (+0.19895,-0.02828), (+0.12825,+0.00000), (+0.13556,-0.20218), (-0.06491,+0.00696)},
          { (+0.01587,-0.16797), (+0.25488,+0.28376), (+0.13556,+0.20218), (+0.46204,+0.00000), (-0.07958,-0.09499)},
          { (+0.03180,+0.03219), (-0.10223,+0.00352), (-0.06491,-0.00696), (-0.07958,+0.09499), (+0.03323,+0.00000)} } 

|M^2-M|  = 0.00000
tr(M^2-M)  = (-0.00000,0.00000)
is M PD? = 0

M_1^3 = { { (+0.03450,+0.00000), (-0.02170,+0.07566), (-0.05799,-0.07568), (-0.01577,-0.06077), (-0.10096,-0.06239)},
          { (-0.02170,-0.07566), (+0.17956,+0.00000), (-0.12948,+0.17477), (-0.12335,+0.07279), (-0.07331,+0.26063)},
          { (-0.05799,+0.07568), (-0.12948,-0.17477), (+0.26347,+0.00000), (+0.15979,+0.06757), (+0.30653,-0.11658)},
          { (-0.01577,+0.06077), (-0.12335,-0.07279), (+0.15979,-0.06757), (+0.11424,+0.00000), (+0.15601,-0.14932)},
          { (-0.10096,+0.06239), (-0.07331,-0.26063), (+0.30653,+0.11658), (+0.15601,+0.14932), (+0.40822,+0.00000)} } 

|M^2-M|  = 0.00000
tr(M^2-M)  = (-0.00000,0.00000)
is M PD? = 0

M_2^3 = { { (+0.29916,+0.00000), (-0.25207,-0.00673), (+0.14547,+0.08507), (+0.09472,-0.15523), (-0.08853,+0.27708)},
          { (-0.25207,+0.00673), (+0.21255,+0.00000), (-0.12449,-0.06841), (-0.07632,+0.13293), (+0.06836,-0.23546)},
          { (+0.14547,-0.08507), (-0.12449,+0.06841), (+0.09493,+0.00000), (+0.00192,-0.10242), (+0.03574,+0.15991)},
          { (+0.09472,+0.15523), (-0.07632,-0.13293), (+0.00192,+0.10242), (+0.11054,+0.00000), (-0.17180,+0.04179)},
          { (-0.08853,-0.27708), (+0.06836,+0.23546), (+0.03574,-0.15991), (-0.17180,-0.04179), (+0.28283,+0.00000)} } 

|M^2-M|  = 0.00000
tr(M^2-M)  = (0.00000,0.00000)
is M PD? = 0

M_3^3 = { { (+0.04995,+0.00000), (+0.00160,-0.02421), (-0.11352,+0.09768), (+0.00676,-0.11128), (+0.09265,-0.05850)},
          { (+0.00160,+0.02421), (+0.01179,+0.00000), (-0.05099,-0.05190), (+0.05416,-0.00029), (+0.03133,+0.04304)},
          { (-0.11352,-0.09768), (-0.05099,+0.05190), (+0.44906,+0.00000), (-0.23300,+0.23969), (-0.32499,-0.04822)},
          { (+0.00676,+0.11128), (+0.05416,+0.00029), (-0.23300,-0.23969), (+0.24883,+0.00000), (+0.14289,+0.19849)},
          { (+0.09265,+0.05850), (+0.03133,-0.04304), (-0.32499,+0.04822), (+0.14289,-0.19849), (+0.24038,+0.00000)} } 

|M^2-M|  = 0.00000
tr(M^2-M)  = (-0.00000,0.00000)
is M PD? = 0

M_4^3 = { { (+0.55478,+0.00000), (+0.36657,-0.14712), (+0.09489,-0.16330), (-0.10159,+0.15931), (+0.06504,-0.12400)},
          { (+0.36657,+0.14712), (+0.28123,+0.00000), (+0.10601,-0.08274), (-0.10937,+0.07832), (+0.07586,-0.06468)},
          { (+0.09489,+0.16330), (+0.10601,+0.08274), (+0.06430,+0.00000), (-0.06427,-0.00265), (+0.04762,-0.00206)},
          { (-0.10159,-0.15931), (-0.10937,-0.07832), (-0.06427,+0.00265), (+0.06435,+0.00000), (-0.04752,+0.00403)},
          { (+0.06504,+0.12400), (+0.07586,+0.06468), (+0.04762,+0.00206), (-0.04752,-0.00403), (+0.03534,+0.00000)} } 

|M^2-M|  = 0.00000
tr(M^2-M)  = (-0.00000,0.00000)
is M PD? = 0

M_0^4 = { { (+0.04220,+0.00000), (+0.12847,+0.05412), (+0.06675,-0.05139), (+0.00723,+0.11431), (+0.00794,-0.02660)},
          { (+0.12847,-0.05412), (+0.46052,+0.00000), (+0.13729,-0.24205), (+0.16862,+0.33872), (-0.00995,-0.09116)},
          { (+0.06675,+0.05139), (+0.13729,+0.24205), (+0.16815,+0.00000), (-0.12776,+0.18960), (+0.04495,-0.03241)},
          { (+0.00723,-0.11431), (+0.16862,-0.33872), (-0.12776,-0.18960), (+0.31087,+0.00000), (-0.07069,-0.02606)},
          { (+0.00794,+0.02660), (-0.00995,+0.09116), (+0.04495,+0.03241), (-0.07069,+0.02606), (+0.01826,+0.00000)} } 

|M^2-M|  = 0.00000
tr(M^2-M)  = (-0.00000,0.00000)
is M PD? = 0

M_1^4 = { { (+0.15838,+0.00000), (+0.02685,+0.02337), (+0.15334,+0.08423), (+0.06514,-0.18271), (-0.18488,-0.17208)},
          { (+0.02685,-0.02337), (+0.00800,+0.00000), (+0.03842,-0.00834), (-0.01591,-0.04059), (-0.05673,-0.00190)},
          { (+0.15334,-0.08423), (+0.03842,+0.00834), (+0.19327,+0.00000), (-0.03410,-0.21155), (-0.27052,-0.06828)},
          { (+0.06514,+0.18271), (-0.01591,+0.04059), (-0.03410,+0.21155), (+0.23757,+0.00000), (+0.12247,-0.28406)},
          { (-0.18488,+0.17208), (-0.05673,+0.00190), (-0.27052,+0.06828), (+0.12247,+0.28406), (+0.40279,+0.00000)} } 

|M^2-M|  = 0.00000
tr(M^2-M)  = (-0.00000,0.00000)
is M PD? = 0

M_2^4 = { { (+0.14795,+0.00000), (+0.01995,-0.24458), (+0.00895,+0.11378), (-0.19821,+0.07955), (+0.06276,-0.05719)},
          { (+0.01995,+0.24458), (+0.40699,+0.00000), (-0.18687,+0.03013), (-0.15824,-0.31691), (+0.10300,+0.09603)},
          { (+0.00895,-0.11378), (-0.18687,-0.03013), (+0.08803,+0.00000), (+0.04919,+0.15723), (-0.04018,-0.05172)},
          { (-0.19821,-0.07955), (-0.15824,+0.31691), (+0.04919,-0.15723), (+0.30830,+0.00000), (-0.11482,+0.04286)},
          { (+0.06276,+0.05719), (+0.10300,-0.09603), (-0.04018,+0.05172), (-0.11482,-0.04286), (+0.04872,+0.00000)} } 

|M^2-M|  = 0.00000
tr(M^2-M)  = (-0.00000,0.00000)
is M PD? = 0

M_3^4 = { { (+0.28034,+0.00000), (-0.14922,+0.07966), (-0.09849,-0.32728), (-0.04710,-0.09816), (+0.18017,-0.10959)},
          { (-0.14922,-0.07966), (+0.10206,+0.00000), (-0.04057,+0.20219), (-0.00282,+0.06563), (-0.12704,+0.00714)},
          { (-0.09849,+0.32728), (-0.04057,-0.20219), (+0.41668,+0.00000), (+0.13115,-0.02050), (+0.06464,+0.24884)},
          { (-0.04710,+0.09816), (-0.00282,-0.06563), (+0.13115,+0.02050), (+0.04229,+0.00000), (+0.00811,+0.08150)},
          { (+0.18017,+0.10959), (-0.12704,-0.00714), (+0.06464,-0.24884), (+0.00811,-0.08150), (+0.15863,+0.00000)} } 

|M^2-M|  = 0.00000
tr(M^2-M)  = (0.00000,0.00000)
is M PD? = 0

M_4^4 = { { (+0.37113,+0.00000), (-0.02606,+0.08743), (-0.13055,+0.18067), (+0.17293,+0.08701), (-0.06598,+0.36546)},
          { (-0.02606,-0.08743), (+0.02243,+0.00000), (+0.05173,+0.01807), (+0.00836,-0.04685), (+0.09073,-0.01012)},
          { (-0.13055,-0.18067), (+0.05173,-0.01807), (+0.13387,+0.00000), (-0.01847,-0.11479), (+0.20111,-0.09643)},
          { (+0.17293,-0.08701), (+0.00836,+0.04685), (-0.01847,+0.11479), (+0.10098,+0.00000), (+0.05494,+0.18576)},
          { (-0.06598,-0.36546), (+0.09073,+0.01012), (+0.20111,+0.09643), (+0.05494,-0.18576), (+0.37160,+0.00000)} } 

|M^2-M|  = 0.00000
tr(M^2-M)  = (-0.00000,0.00000)
is M PD? = 0

|X^2-X|  = 0.00000
tr(X^2-X)  = 0.00000
isPD(X) = 0
isPSD(X) = 0

----------------------------------
         Iteration 0
----------------------------------
f = -222.43661   r = 21.50303 ?< 10000000000.00000   g = 0.00000

----------------------------------
         Iteration 1
----------------------------------
f = -222.43661   r = 29.06683 ?< 1000000000.00000   g = 0.00000

----------------------------------
         Iteration 2
----------------------------------
f = -222.43661   r = 30.08996 ?< 100000000.00000   g = 0.00000

----------------------------------
         Iteration 3
----------------------------------
f = -222.43661   r = 30.19405 ?< 10000000.00000   g = 0.00000

----------------------------------
         Iteration 4
----------------------------------
f = -222.43661   r = 30.20448 ?< 1000000.00000   g = 0.00000

----------------------------------
         Iteration 5
----------------------------------
f = -222.43661   r = 30.20552 ?< 100000.00000   g = 0.00000

----------------------------------
         Iteration 6
----------------------------------
f = -222.43661   r = 30.20562 ?< 10000.00000   g = 0.00000

----------------------------------
         Iteration 7
----------------------------------
f = -222.43661   r = 30.20563 ?< 1000.00000   g = 0.00000

----------------------------------
         Iteration 8
----------------------------------
f = -222.43661   r = 30.20564 ?< 100.00000   g = 0.00000

----------------------------------
         Iteration 9
----------------------------------
f = -222.43661   r = 30.20564 ?< 10.00000   g = 0.00000
f = -222.98135   r = 4.59670 ?< 10.00000   g = 0.22008

----------------------------------
         Iteration 10
----------------------------------
f = -222.98135   r = 4.59670 ?< 1.00000   g = 0.22008
f = -223.02356   r = 5.80108 ?< 1.00000   g = 0.44039
f = -222.96359   r = 4.41562 ?< 1.00000   g = 0.41152
f = -222.97890   r = 4.12788 ?< 1.00000   g = 0.37919
f = -222.98927   r = 3.87393 ?< 1.00000   g = 0.34897
f = -222.99598   r = 3.64975 ?< 1.00000   g = 0.32086
f = -222.99991   r = 3.45303 ?< 1.00000   g = 0.29477
f = -223.00167   r = 3.28251 ?< 1.00000   g = 0.27063
f = -223.00168   r = 3.13738 ?< 1.00000   g = 0.24833
f = -223.00028   r = 3.01687 ?< 1.00000   g = 0.22774
f = -222.99772   r = 2.92007 ?< 1.00000   g = 0.20877
f = -222.99420   r = 2.84589 ?< 1.00000   g = 0.19129
f = -222.98988   r = 2.79303 ?< 1.00000   g = 0.17521
f = -222.98491   r = 2.76009 ?< 1.00000   g = 0.16043
f = -222.98437   r = 2.96187 ?< 1.00000   g = 0.15903
f = -222.98377   r = 3.08807 ?< 1.00000   g = 0.15765
f = -222.98314   r = 3.16488 ?< 1.00000   g = 0.15628
f = -222.98250   r = 3.21132 ?< 1.00000   g = 0.15492
f = -222.98185   r = 3.23959 ?< 1.00000   g = 0.15357
f = -222.98119   r = 3.25716 ?< 1.00000   g = 0.15223
f = -222.98053   r = 3.26849 ?< 1.00000   g = 0.15090
f = -222.97986   r = 3.27622 ?< 1.00000   g = 0.14958
f = -222.97979   r = 3.30510 ?< 1.00000   g = 0.14945
f = -222.97972   r = 3.32222 ?< 1.00000   g = 0.14932
f = -222.97966   r = 3.33241 ?< 1.00000   g = 0.14919
f = -222.97959   r = 3.33851 ?< 1.00000   g = 0.14906
f = -222.97952   r = 3.34221 ?< 1.00000   g = 0.14893
f = -222.97945   r = 3.34450 ?< 1.00000   g = 0.14880
f = -222.97938   r = 3.34597 ?< 1.00000   g = 0.14867
f = -222.97938   r = 3.34930 ?< 1.00000   g = 0.14866
f = -222.97937   r = 3.35126 ?< 1.00000   g = 0.14864
f = -222.97936   r = 3.35242 ?< 1.00000   g = 0.14863
f = -222.97936   r = 3.35312 ?< 1.00000   g = 0.14862
f = -222.97935   r = 3.35354 ?< 1.00000   g = 0.14860
f = -222.97934   r = 3.35380 ?< 1.00000   g = 0.14859
f = -222.97934   r = 3.35396 ?< 1.00000   g = 0.14858
f = -222.97933   r = 3.35407 ?< 1.00000   g = 0.14856
f = -222.97932   r = 3.35415 ?< 1.00000   g = 0.14855
f = -222.90826   r = 1.14971 ?< 1.00000   g = 0.05392
f = -222.87713   r = 1.33206 ?< 1.00000   g = 0.02044
f = -222.88930   r = 1.61096 ?< 1.00000   g = 0.00798
f = -222.95194   r = 1.94041 ?< 1.00000   g = 0.00490
f = -223.04846   r = 2.61839 ?< 1.00000   g = 0.00462
f = -223.14518   r = 2.08544 ?< 1.00000   g = 0.00473
f = -223.21590   r = 1.01926 ?< 1.00000   g = 0.00659
f = -223.23287   r = 0.80423 ?< 1.00000   g = 0.00472

----------------------------------
         Iteration 11
----------------------------------
f = -223.23287   r = 0.80423 ?< 0.10000   g = 0.00472
f = -223.23526   r = 1.60440 ?< 0.10000   g = 0.00509
f = -223.24427   r = 0.87789 ?< 0.10000   g = 0.00348
f = -223.24590   r = 1.01085 ?< 0.10000   g = 0.00245
f = -223.25046   r = 0.88911 ?< 0.10000   g = 0.00091
f = -223.27606   r = 1.73010 ?< 0.10000   g = 0.00257
f = -223.29836   r = 1.13535 ?< 0.10000   g = 0.00306
f = -223.30678   r = 1.01623 ?< 0.10000   g = 0.00281
f = -223.30483   r = 0.80518 ?< 0.10000   g = 0.00143
f = -223.30587   r = 0.84044 ?< 0.10000   g = 0.00125
f = -223.30522   r = 0.94240 ?< 0.10000   g = 0.00091
f = -223.30716   r = 1.04270 ?< 0.10000   g = 0.00086
f = -223.30971   r = 1.21748 ?< 0.10000   g = 0.00088
f = -223.31611   r = 1.22273 ?< 0.10000   g = 0.00106
f = -223.32106   r = 1.66042 ?< 0.10000   g = 0.00136
f = -223.32654   r = 0.98421 ?< 0.10000   g = 0.00103
f = -223.33162   r = 1.17633 ?< 0.10000   g = 0.00128
f = -223.33553   r = 0.79988 ?< 0.10000   g = 0.00101
f = -223.33542   r = 1.21294 ?< 0.10000   g = 0.00113
f = -223.33658   r = 0.66292 ?< 0.10000   g = 0.00077
f = -223.33823   r = 1.45404 ?< 0.10000   g = 0.00137
f = -223.33982   r = 0.51840 ?< 0.10000   g = 0.00087
f = -223.33735   r = 1.25230 ?< 0.10000   g = 0.00090
f = -223.33833   r = 0.45561 ?< 0.10000   g = 0.00053
f = -223.33702   r = 1.66906 ?< 0.10000   g = 0.00081
f = -223.33968   r = 0.50166 ?< 0.10000   g = 0.00052
f = -223.33978   r = 1.53406 ?< 0.10000   g = 0.00094
f = -223.34204   r = 0.42588 ?< 0.10000   g = 0.00055
f = -223.34146   r = 1.52566 ?< 0.10000   g = 0.00092
f = -223.34408   r = 0.46031 ?< 0.10000   g = 0.00053
f = -223.34505   r = 1.32544 ?< 0.10000   g = 0.00086
f = -223.34739   r = 0.60924 ?< 0.10000   g = 0.00055
f = -223.35085   r = 1.66707 ?< 0.10000   g = 0.00129
f = -223.35264   r = 0.73583 ?< 0.10000   g = 0.00067
f = -223.35838   r = 1.53636 ?< 0.10000   g = 0.00177
f = -223.35921   r = 0.51172 ?< 0.10000   g = 0.00087
f = -223.35837   r = 1.42927 ?< 0.10000   g = 0.00121
f = -223.36035   r = 0.36313 ?< 0.10000   g = 0.00066
f = -223.35877   r = 1.53291 ?< 0.10000   g = 0.00112
f = -223.36336   r = 0.72297 ?< 0.10000   g = 0.00088
f = -223.36603   r = 1.75607 ?< 0.10000   g = 0.00220
f = -223.36811   r = 0.27838 ?< 0.10000   g = 0.00116
f = -223.36209   r = 0.96700 ?< 0.10000   g = 0.00060
f = -223.36317   r = 0.51694 ?< 0.10000   g = 0.00042
f = -223.36225   r = 1.36657 ?< 0.10000   g = 0.00046
f = -223.36485   r = 0.93007 ?< 0.10000   g = 0.00040
f = -223.36942   r = 1.28596 ?< 0.10000   g = 0.00080
f = -223.37220   r = 1.34979 ?< 0.10000   g = 0.00077
f = -223.37743   r = 1.52097 ?< 0.10000   g = 0.00131
f = -223.37798   r = 0.87939 ?< 0.10000   g = 0.00077
f = -223.38355   r = 1.12577 ?< 0.10000   g = 0.00145
f = -223.38469   r = 0.87756 ?< 0.10000   g = 0.00102
f = -223.38576   r = 0.97486 ?< 0.10000   g = 0.00113
f = -223.38565   r = 0.73019 ?< 0.10000   g = 0.00071
f = -223.38734   r = 1.26622 ?< 0.10000   g = 0.00110
f = -223.38804   r = 0.71075 ?< 0.10000   g = 0.00072
f = -223.38938   r = 0.93060 ?< 0.10000   g = 0.00098
f = -223.38945   r = 0.63077 ?< 0.10000   g = 0.00059
f = -223.39140   r = 1.22011 ?< 0.10000   g = 0.00112
f = -223.39190   r = 0.44794 ?< 0.10000   g = 0.00053
f = -223.39325   r = 1.33957 ?< 0.10000   g = 0.00106
f = -223.39523   r = 0.41954 ?< 0.10000   g = 0.00055
f = -223.39524   r = 1.26587 ?< 0.10000   g = 0.00072
f = -223.39726   r = 0.52817 ?< 0.10000   g = 0.00041
f = -223.40145   r = 1.77753 ?< 0.10000   g = 0.00124
f = -223.40326   r = 0.74246 ?< 0.10000   g = 0.00069
f = -223.40943   r = 1.61975 ?< 0.10000   g = 0.00242
f = -223.40981   r = 0.48710 ?< 0.10000   g = 0.00119
f = -223.40826   r = 0.98277 ?< 0.10000   g = 0.00133
f = -223.40766   r = 0.39470 ?< 0.10000   g = 0.00069
f = -223.40590   r = 1.22309 ?< 0.10000   g = 0.00093
f = -223.40712   r = 0.34836 ?< 0.10000   g = 0.00054
f = -223.40550   r = 1.10138 ?< 0.10000   g = 0.00075
f = -223.40705   r = 0.23090 ?< 0.10000   g = 0.00044
f = -223.40425   r = 1.09970 ?< 0.10000   g = 0.00044
f = -223.40557   r = 0.30543 ?< 0.10000   g = 0.00027
f = -223.40421   r = 1.35250 ?< 0.10000   g = 0.00046
f = -223.40671   r = 0.37415 ?< 0.10000   g = 0.00031
f = -223.40552   r = 1.36583 ?< 0.10000   g = 0.00050
f = -223.40739   r = 0.34888 ?< 0.10000   g = 0.00032
f = -223.40709   r = 1.49773 ?< 0.10000   g = 0.00070
f = -223.40884   r = 0.43197 ?< 0.10000   g = 0.00040
f = -223.40880   r = 1.26297 ?< 0.10000   g = 0.00081
f = -223.41074   r = 0.28290 ?< 0.10000   g = 0.00048
f = -223.40859   r = 1.27058 ?< 0.10000   g = 0.00064
f = -223.41027   r = 0.23421 ?< 0.10000   g = 0.00036
f = -223.40816   r = 1.26725 ?< 0.10000   g = 0.00047
f = -223.41020   r = 0.25207 ?< 0.10000   g = 0.00029
f = -223.40843   r = 1.28722 ?< 0.10000   g = 0.00036
f = -223.41019   r = 0.29986 ?< 0.10000   g = 0.00022
f = -223.40959   r = 1.62666 ?< 0.10000   g = 0.00048
f = -223.41183   r = 0.41857 ?< 0.10000   g = 0.00030
f = -223.41152   r = 0.98727 ?< 0.10000   g = 0.00046
f = -223.41247   r = 0.48872 ?< 0.10000   g = 0.00031
f = -223.41314   r = 1.42892 ?< 0.10000   g = 0.00072
f = -223.41405   r = 0.37300 ?< 0.10000   g = 0.00038
f = -223.41302   r = 1.24586 ?< 0.10000   g = 0.00062
f = -223.41458   r = 0.22090 ?< 0.10000   g = 0.00037
f = -223.41184   r = 1.09436 ?< 0.10000   g = 0.00036
f = -223.41324   r = 0.24657 ?< 0.10000   g = 0.00023
f = -223.41153   r = 1.32557 ?< 0.10000   g = 0.00033
f = -223.41344   r = 0.29402 ?< 0.10000   g = 0.00022
f = -223.41227   r = 1.20278 ?< 0.10000   g = 0.00036
f = -223.41395   r = 0.35789 ?< 0.10000   g = 0.00024
f = -223.41373   r = 1.31668 ?< 0.10000   g = 0.00052
f = -223.41513   r = 0.41264 ?< 0.10000   g = 0.00032
f = -223.41499   r = 1.21882 ?< 0.10000   g = 0.00065
f = -223.41622   r = 0.23457 ?< 0.10000   g = 0.00035
f = -223.41370   r = 1.11408 ?< 0.10000   g = 0.00037
f = -223.41508   r = 0.22110 ?< 0.10000   g = 0.00023
f = -223.41272   r = 1.28871 ?< 0.10000   g = 0.00024
f = -223.41444   r = 0.30649 ?< 0.10000   g = 0.00017
f = -223.41394   r = 1.40780 ?< 0.10000   g = 0.00037
f = -223.41606   r = 0.34368 ?< 0.10000   g = 0.00026
f = -223.41543   r = 1.16841 ?< 0.10000   g = 0.00047
f = -223.41674   r = 0.44174 ?< 0.10000   g = 0.00029
f = -223.41719   r = 1.41524 ?< 0.10000   g = 0.00070
f = -223.41837   r = 0.27573 ?< 0.10000   g = 0.00038
f = -223.41608   r = 1.20475 ?< 0.10000   g = 0.00041
f = -223.41746   r = 0.23153 ?< 0.10000   g = 0.00026
f = -223.41505   r = 1.28629 ?< 0.10000   g = 0.00024
f = -223.41639   r = 0.41157 ?< 0.10000   g = 0.00017
f = -223.41674   r = 1.19793 ?< 0.10000   g = 0.00038
f = -223.41818   r = 0.57398 ?< 0.10000   g = 0.00028
f = -223.41876   r = 1.47965 ?< 0.10000   g = 0.00072
f = -223.41982   r = 0.32384 ?< 0.10000   g = 0.00037
f = -223.41826   r = 1.23898 ?< 0.10000   g = 0.00053
f = -223.41986   r = 0.16862 ?< 0.10000   g = 0.00032
f = -223.41696   r = 1.03096 ?< 0.10000   g = 0.00026
f = -223.41832   r = 0.25254 ?< 0.10000   g = 0.00018
f = -223.41671   r = 1.48988 ?< 0.10000   g = 0.00027
f = -223.41855   r = 0.43986 ?< 0.10000   g = 0.00020
f = -223.41933   r = 1.29177 ?< 0.10000   g = 0.00053
f = -223.42085   r = 0.47662 ?< 0.10000   g = 0.00036
f = -223.42063   r = 1.31707 ?< 0.10000   g = 0.00068
f = -223.42137   r = 0.27529 ?< 0.10000   g = 0.00035
f = -223.41962   r = 1.34708 ?< 0.10000   g = 0.00050
f = -223.42113   r = 0.20025 ?< 0.10000   g = 0.00030
f = -223.41878   r = 1.02896 ?< 0.10000   g = 0.00028
f = -223.42009   r = 0.31462 ?< 0.10000   g = 0.00020
f = -223.41893   r = 1.34522 ?< 0.10000   g = 0.00034
f = -223.42012   r = 0.46054 ?< 0.10000   g = 0.00020
f = -223.42108   r = 1.70955 ?< 0.10000   g = 0.00068
f = -223.42307   r = 0.32156 ?< 0.10000   g = 0.00040
f = -223.42018   r = 0.97689 ?< 0.10000   g = 0.00033
f = -223.42119   r = 0.32681 ?< 0.10000   g = 0.00023
f = -223.41909   r = 1.14496 ?< 0.10000   g = 0.00021
f = -223.42019   r = 0.54473 ?< 0.10000   g = 0.00017
f = -223.42118   r = 1.24559 ?< 0.10000   g = 0.00041
f = -223.42221   r = 0.71046 ?< 0.10000   g = 0.00031
f = -223.42325   r = 1.44034 ?< 0.10000   g = 0.00080
f = -223.42385   r = 0.30213 ?< 0.10000   g = 0.00039
f = -223.42180   r = 1.11270 ?< 0.10000   g = 0.00048
f = -223.42315   r = 0.18630 ?< 0.10000   g = 0.00030
f = -223.42024   r = 0.92168 ?< 0.10000   g = 0.00020
f = -223.42122   r = 0.38081 ?< 0.10000   g = 0.00015
f = -223.42007   r = 1.32144 ?< 0.10000   g = 0.00023
f = -223.42161   r = 0.57325 ?< 0.10000   g = 0.00019
f = -223.42312   r = 1.52848 ?< 0.10000   g = 0.00062
f = -223.42410   r = 0.46817 ?< 0.10000   g = 0.00035
f = -223.42373   r = 1.14526 ?< 0.10000   g = 0.00070
f = -223.42505   r = 0.18667 ?< 0.10000   g = 0.00039
f = -223.42184   r = 0.95851 ?< 0.10000   g = 0.00027
f = -223.42285   r = 0.34034 ?< 0.10000   g = 0.00020
f = -223.42072   r = 1.04467 ?< 0.10000   g = 0.00016
f = -223.42193   r = 0.68274 ?< 0.10000   g = 0.00016
f = -223.42262   r = 1.32906 ?< 0.10000   g = 0.00034
f = -223.42385   r = 1.01874 ?< 0.10000   g = 0.00033
f = -223.42563   r = 1.39030 ?< 0.10000   g = 0.00072
f = -223.42498   r = 0.42504 ?< 0.10000   g = 0.00034
f = -223.42473   r = 1.22397 ?< 0.10000   g = 0.00067
f = -223.42607   r = 0.17626 ?< 0.10000   g = 0.00039
f = -223.42264   r = 0.82353 ?< 0.10000   g = 0.00023
f = -223.42346   r = 0.40612 ?< 0.10000   g = 0.00018
f = -223.42180   r = 1.06129 ?< 0.10000   g = 0.00017
f = -223.42295   r = 0.80651 ?< 0.10000   g = 0.00019
f = -223.42424   r = 1.16837 ?< 0.10000   g = 0.00036
f = -223.42453   r = 0.93280 ?< 0.10000   g = 0.00030
f = -223.42631   r = 1.33792 ?< 0.10000   g = 0.00074
f = -223.42629   r = 0.34361 ?< 0.10000   g = 0.00036
f = -223.42452   r = 1.11234 ?< 0.10000   g = 0.00047
f = -223.42587   r = 0.22678 ?< 0.10000   g = 0.00030
f = -223.42301   r = 0.87911 ?< 0.10000   g = 0.00020
f = -223.42389   r = 0.41444 ?< 0.10000   g = 0.00016
f = -223.42342   r = 1.63311 ?< 0.10000   g = 0.00034
f = -223.42540   r = 0.59905 ?< 0.10000   g = 0.00027
f = -223.42566   r = 1.40057 ?< 0.10000   g = 0.00064
f = -223.42677   r = 0.27607 ?< 0.10000   g = 0.00035
f = -223.42467   r = 1.15625 ?< 0.10000   g = 0.00042
f = -223.42605   r = 0.16965 ?< 0.10000   g = 0.00027
f = -223.42345   r = 0.89345 ?< 0.10000   g = 0.00021
f = -223.42449   r = 0.38275 ?< 0.10000   g = 0.00016
f = -223.42425   r = 1.49507 ?< 0.10000   g = 0.00039
f = -223.42571   r = 0.51739 ?< 0.10000   g = 0.00024
f = -223.42562   r = 1.38465 ?< 0.10000   g = 0.00057
f = -223.42715   r = 0.20410 ?< 0.10000   g = 0.00032
f = -223.42426   r = 0.92868 ?< 0.10000   g = 0.00025
f = -223.42531   r = 0.30938 ?< 0.10000   g = 0.00018
f = -223.42330   r = 1.13358 ?< 0.10000   g = 0.00016
f = -223.42440   r = 0.59723 ?< 0.10000   g = 0.00014
f = -223.42552   r = 1.41377 ?< 0.10000   g = 0.00041
f = -223.42670   r = 0.67373 ?< 0.10000   g = 0.00030
f = -223.42738   r = 1.56645 ?< 0.10000   g = 0.00076
f = -223.42819   r = 0.26782 ?< 0.10000   g = 0.00038
f = -223.42560   r = 0.90858 ?< 0.10000   g = 0.00035
f = -223.42667   r = 0.26654 ?< 0.10000   g = 0.00024
f = -223.42418   r = 0.88815 ?< 0.10000   g = 0.00017
f = -223.42507   r = 0.49570 ?< 0.10000   g = 0.00015
f = -223.42547   r = 1.35443 ?< 0.10000   g = 0.00034
f = -223.42656   r = 0.66448 ?< 0.10000   g = 0.00025
f = -223.42801   r = 1.56409 ?< 0.10000   g = 0.00079
f = -223.42879   r = 0.33701 ?< 0.10000   g = 0.00039
f = -223.42636   r = 0.98541 ?< 0.10000   g = 0.00038
f = -223.42743   r = 0.26036 ?< 0.10000   g = 0.00026
f = -223.42491   r = 0.92098 ?< 0.10000   g = 0.00018
f = -223.42557   r = 0.52798 ?< 0.10000   g = 0.00015
f = -223.42665   r = 1.64941 ?< 0.10000   g = 0.00048
f = -223.42851   r = 0.54748 ?< 0.10000   g = 0.00034
f = -223.42656   r = 1.06519 ?< 0.10000   g = 0.00039
f = -223.42762   r = 0.23612 ?< 0.10000   g = 0.00024
f = -223.42539   r = 1.06578 ?< 0.10000   g = 0.00023
f = -223.42658   r = 0.35477 ?< 0.10000   g = 0.00017
f = -223.42644   r = 1.29046 ?< 0.10000   g = 0.00038
f = -223.42781   r = 0.47446 ?< 0.10000   g = 0.00025
f = -223.42801   r = 1.36057 ?< 0.10000   g = 0.00065
f = -223.42936   r = 0.22757 ?< 0.10000   g = 0.00035
f = -223.42650   r = 0.86979 ?< 0.10000   g = 0.00026
f = -223.42753   r = 0.31595 ?< 0.10000   g = 0.00020
f = -223.42531   r = 0.94995 ?< 0.10000   g = 0.00013
f = -223.42636   r = 0.65844 ?< 0.10000   g = 0.00015
f = -223.42688   r = 1.00813 ?< 0.10000   g = 0.00024
f = -223.42801   r = 1.31304 ?< 0.10000   g = 0.00034
f = -223.42993   r = 1.26465 ?< 0.10000   g = 0.00058
f = -223.42847   r = 0.58127 ?< 0.10000   g = 0.00027
f = -223.42966   r = 1.18075 ?< 0.10000   g = 0.00065
f = -223.43058   r = 0.23927 ?< 0.10000   g = 0.00038
f = -223.42768   r = 0.83147 ?< 0.10000   g = 0.00027
f = -223.42842   r = 0.38127 ?< 0.10000   g = 0.00020
f = -223.42697   r = 1.07039 ?< 0.10000   g = 0.00021
f = -223.42797   r = 0.71710 ?< 0.10000   g = 0.00019
f = -223.42987   r = 1.38660 ?< 0.10000   g = 0.00054
f = -223.43022   r = 0.54059 ?< 0.10000   g = 0.00032
f = -223.43038   r = 1.28846 ?< 0.10000   g = 0.00070
f = -223.43148   r = 0.18990 ?< 0.10000   g = 0.00038
f = -223.42862   r = 0.91623 ?< 0.10000   g = 0.00029
f = -223.42965   r = 0.29676 ?< 0.10000   g = 0.00020
f = -223.42754   r = 0.93522 ?< 0.10000   g = 0.00014
f = -223.42857   r = 0.60881 ?< 0.10000   g = 0.00014
f = -223.42948   r = 1.14039 ?< 0.10000   g = 0.00030
f = -223.43066   r = 0.98281 ?< 0.10000   g = 0.00031
f = -223.43301   r = 1.38572 ?< 0.10000   g = 0.00076
f = -223.43215   r = 0.41151 ?< 0.10000   g = 0.00032
f = -223.43251   r = 1.27034 ?< 0.10000   g = 0.00071
f = -223.43381   r = 0.19414 ?< 0.10000   g = 0.00040
f = -223.43098   r = 0.79329 ?< 0.10000   g = 0.00023
f = -223.43171   r = 0.51238 ?< 0.10000   g = 0.00018
f = -223.43158   r = 1.19508 ?< 0.10000   g = 0.00026
f = -223.43263   r = 0.85388 ?< 0.10000   g = 0.00023
f = -223.43598   r = 1.06198 ?< 0.10000   g = 0.00057
f = -223.43615   r = 0.52446 ?< 0.10000   g = 0.00032
f = -223.43722   r = 1.16726 ?< 0.10000   g = 0.00060
f = -223.43847   r = 0.47741 ?< 0.10000   g = 0.00029
f = -223.43993   r = 1.26023 ?< 0.10000   g = 0.00047
f = -223.44325   r = 0.92695 ?< 0.10000   g = 0.00037
f = -223.44931   r = 2.10336 ?< 0.10000   g = 0.00114
f = -223.46200   r = 2.53686 ?< 0.10000   g = 0.00417
f = -223.46089   r = 0.87966 ?< 0.10000   g = 0.00185
f = -223.46181   r = 0.78993 ?< 0.10000   g = 0.00117
f = -223.46056   r = 0.80092 ?< 0.10000   g = 0.00053
f = -223.46455   r = 0.87616 ?< 0.10000   g = 0.00056
f = -223.47258   r = 1.52494 ?< 0.10000   g = 0.00068
f = -223.49042   r = 1.46262 ?< 0.10000   g = 0.00264
f = -223.49906   r = 2.55820 ?< 0.10000   g = 0.00668
f = -223.50713   r = 0.86849 ?< 0.10000   g = 0.00342
f = -223.51302   r = 0.83761 ?< 0.10000   g = 0.00237
f = -223.51538   r = 0.82280 ?< 0.10000   g = 0.00138
f = -223.52274   r = 0.74670 ?< 0.10000   g = 0.00081
f = -223.53673   r = 1.56940 ?< 0.10000   g = 0.00255
f = -223.54388   r = 0.90563 ?< 0.10000   g = 0.00175
f = -223.54993   r = 0.97069 ?< 0.10000   g = 0.00203
f = -223.55704   r = 0.69640 ?< 0.10000   g = 0.00136
f = -223.56629   r = 1.09754 ?< 0.10000   g = 0.00165
f = -223.57321   r = 1.06397 ?< 0.10000   g = 0.00167
f = -223.58108   r = 0.90597 ?< 0.10000   g = 0.00177
f = -223.58604   r = 0.70721 ?< 0.10000   g = 0.00124
f = -223.58911   r = 0.67570 ?< 0.10000   g = 0.00069
f = -223.59407   r = 0.62779 ?< 0.10000   g = 0.00070
f = -223.59712   r = 0.74014 ?< 0.10000   g = 0.00079
f = -223.59874   r = 0.48815 ?< 0.10000   g = 0.00056
f = -223.60049   r = 0.40735 ?< 0.10000   g = 0.00049
f = -223.60161   r = 0.35895 ?< 0.10000   g = 0.00036
f = -223.60262   r = 0.34562 ?< 0.10000   g = 0.00025
f = -223.60354   r = 0.31806 ?< 0.10000   g = 0.00020
f = -223.60428   r = 0.34319 ?< 0.10000   g = 0.00018
f = -223.60481   r = 0.23906 ?< 0.10000   g = 0.00012
f = -223.60528   r = 0.21366 ?< 0.10000   g = 0.00009
f = -223.60572   r = 0.20361 ?< 0.10000   g = 0.00007
f = -223.60594   r = 0.15825 ?< 0.10000   g = 0.00005
f = -223.60608   r = 0.13458 ?< 0.10000   g = 0.00003
f = -223.60624   r = 0.11761 ?< 0.10000   g = 0.00002
f = -223.60639   r = 0.12552 ?< 0.10000   g = 0.00003
f = -223.60646   r = 0.09840 ?< 0.10000   g = 0.00002

----------------------------------
         Iteration 12
----------------------------------
f = -223.60646   r = 0.09840 ?< 0.01000   g = 0.00002
f = -223.60652   r = 0.07092 ?< 0.01000   g = 0.00001
f = -223.60657   r = 0.07170 ?< 0.01000   g = 0.00001
f = -223.60661   r = 0.07764 ?< 0.01000   g = 0.00001
f = -223.60665   r = 0.07059 ?< 0.01000   g = 0.00001
f = -223.60668   r = 0.06048 ?< 0.01000   g = 0.00000
f = -223.60672   r = 0.05706 ?< 0.01000   g = 0.00000
f = -223.60674   r = 0.04802 ?< 0.01000   g = 0.00000
f = -223.60676   r = 0.03625 ?< 0.01000   g = 0.00000
f = -223.60676   r = 0.02705 ?< 0.01000   g = 0.00000
f = -223.60677   r = 0.02544 ?< 0.01000   g = 0.00000
f = -223.60678   r = 0.02630 ?< 0.01000   g = 0.00000
f = -223.60678   r = 0.02636 ?< 0.01000   g = 0.00000
f = -223.60679   r = 0.02543 ?< 0.01000   g = 0.00000
f = -223.60679   r = 0.01716 ?< 0.01000   g = 0.00000
f = -223.60679   r = 0.01074 ?< 0.01000   g = 0.00000
f = -223.60679   r = 0.00871 ?< 0.01000   g = 0.00000

----------------------------------
         Iteration 13
----------------------------------
f = -223.60679   r = 0.00871 ?< 0.00100   g = 0.00000
f = -223.60679   r = 0.00857 ?< 0.00100   g = 0.00000
f = -223.60679   r = 0.00890 ?< 0.00100   g = 0.00000
f = -223.60680   r = 0.00979 ?< 0.00100   g = 0.00000
f = -223.60680   r = 0.00957 ?< 0.00100   g = 0.00000
f = -223.60680   r = 0.00607 ?< 0.00100   g = 0.00000
f = -223.60680   r = 0.00356 ?< 0.00100   g = 0.00000
f = -223.60680   r = 0.00266 ?< 0.00100   g = 0.00000
f = -223.60680   r = 0.00380 ?< 0.00100   g = 0.00000
f = -223.60680   r = 0.00433 ?< 0.00100   g = 0.00000
f = -223.60680   r = 0.00352 ?< 0.00100   g = 0.00000
f = -223.60680   r = 0.00290 ?< 0.00100   g = 0.00000
f = -223.60680   r = 0.00158 ?< 0.00100   g = 0.00000
f = -223.60680   r = 0.00103 ?< 0.00100   g = 0.00000
f = -223.60680   r = 0.00075 ?< 0.00100   g = 0.00000

----------------------------------
         Iteration 14
----------------------------------
f = -223.60680   r = 0.00075 ?< 0.00010   g = 0.00000
f = -223.60680   r = 0.00108 ?< 0.00010   g = 0.00000
f = -223.60680   r = 0.00112 ?< 0.00010   g = 0.00000
f = -223.60680   r = 0.00104 ?< 0.00010   g = 0.00000
f = -223.60680   r = 0.00090 ?< 0.00010   g = 0.00000
f = -223.60680   r = 0.00049 ?< 0.00010   g = 0.00000
f = -223.60680   r = 0.00031 ?< 0.00010   g = 0.00000
f = -223.60680   r = 0.00023 ?< 0.00010   g = 0.00000
f = -223.60680   r = 0.00024 ?< 0.00010   g = 0.00000
f = -223.60680   r = 0.00028 ?< 0.00010   g = 0.00000
f = -223.60680   r = 0.00029 ?< 0.00010   g = 0.00000
f = -223.60680   r = 0.00025 ?< 0.00010   g = 0.00000
f = -223.60680   r = 0.00016 ?< 0.00010   g = 0.00000
f = -223.60680   r = 0.00010 ?< 0.00010   g = 0.00000
f = -223.60680   r = 0.00009 ?< 0.00010   g = 0.00000

----------------------------------
         Iteration 15
----------------------------------
f = -223.60680   r = 0.00009 ?< 0.00001   g = 0.00000
f = -223.60680   r = 0.00008 ?< 0.00001   g = 0.00000
f = -223.60680   r = 0.00009 ?< 0.00001   g = 0.00000
f = -223.60680   r = 0.00009 ?< 0.00001   g = 0.00000
f = -223.60680   r = 0.00008 ?< 0.00001   g = 0.00000
f = -223.60680   r = 0.00005 ?< 0.00001   g = 0.00000
f = -223.60680   r = 0.00003 ?< 0.00001   g = 0.00000
f = -223.60680   r = 0.00003 ?< 0.00001   g = 0.00000
f = -223.60680   r = 0.00003 ?< 0.00001   g = 0.00000
f = -223.60680   r = 0.00003 ?< 0.00001   g = 0.00000
f = -223.60680   r = 0.00003 ?< 0.00001   g = 0.00000
f = -223.60680   r = 0.00003 ?< 0.00001   g = 0.00000
f = -223.60680   r = 0.00002 ?< 0.00001   g = 0.00000
f = -223.60680   r = 0.00001 ?< 0.00001   g = 0.00000

--------------------------------
      Final Z 
--------------------------------

Z_0^0 = { { (+0.00000,+0.00000), (+0.00000,-0.00000), (-0.00000,+0.00000), (+0.00000,+0.00000), (+0.00000,+0.00000)},
          { (+0.00000,+0.00000), (+0.00000,-0.00000), (+0.00000,+0.00000), (+0.00000,-0.00000), (+0.00000,-0.00000)},
          { (-0.00000,-0.00000), (+0.00000,-0.00000), (+0.00000,-0.00000), (+0.00000,+0.00000), (+0.00000,+0.00000)},
          { (+0.00000,-0.00000), (+0.00000,+0.00000), (+0.00000,-0.00000), (+0.00000,-0.00000), (-0.00000,-0.00000)},
          { (+0.00000,-0.00000), (+0.00000,+0.00000), (+0.00000,-0.00000), (-0.00000,+0.00000), (+0.00000,-0.00000)} } 

Z_1^0 = { { (+0.00000,+0.00000), (-0.00000,+0.00000), (+0.00000,-0.00000), (+0.00000,-0.00000), (+0.00000,+0.00000)},
          { (-0.00000,-0.00000), (+0.00000,+0.00000), (+0.00000,+0.00000), (+0.00000,+0.00000), (-0.00000,+0.00000)},
          { (+0.00000,+0.00000), (+0.00000,-0.00000), (+0.00000,+0.00000), (-0.00000,-0.00000), (+0.00000,-0.00000)},
          { (+0.00000,+0.00000), (+0.00000,-0.00000), (-0.00000,+0.00000), (+0.00000,+0.00000), (-0.00000,-0.00000)},
          { (+0.00000,-0.00000), (-0.00000,-0.00000), (+0.00000,+0.00000), (-0.00000,+0.00000), (+0.00000,+0.00000)} } 

Z_2^0 = { { (+0.00000,+0.00000), (-0.00000,+0.00000), (+0.00000,-0.00000), (-0.00000,+0.00000), (-0.00000,-0.00000)},
          { (-0.00000,-0.00000), (+0.00000,+0.00000), (+0.00000,+0.00000), (-0.00000,+0.00000), (+0.00000,-0.00000)},
          { (+0.00000,+0.00000), (+0.00000,-0.00000), (+0.00000,-0.00000), (+0.00000,-0.00000), (-0.00000,+0.00000)},
          { (-0.00000,-0.00000), (-0.00000,-0.00000), (+0.00000,+0.00000), (+0.00000,-0.00000), (+0.00000,-0.00000)},
          { (-0.00000,+0.00000), (+0.00000,+0.00000), (-0.00000,-0.00000), (+0.00000,+0.00000), (+0.00000,-0.00000)} } 

Z_3^0 = { { (+0.00000,-0.00000), (+0.00000,+0.00000), (+0.00000,+0.00000), (+0.00000,-0.00000), (-0.00000,-0.00000)},
          { (+0.00000,-0.00000), (+0.00000,+0.00000), (-0.00000,-0.00000), (+0.00000,+0.00000), (+0.00000,-0.00000)},
          { (+0.00000,-0.00000), (-0.00000,+0.00000), (+0.00000,+0.00000), (+0.00000,+0.00000), (+0.00000,-0.00000)},
          { (+0.00000,+0.00000), (+0.00000,-0.00000), (+0.00000,-0.00000), (+0.00000,-0.00000), (-0.00000,+0.00000)},
          { (-0.00000,+0.00000), (+0.00000,+0.00000), (+0.00000,+0.00000), (-0.00000,-0.00000), (+0.00000,-0.00000)} } 

Z_4^0 = { { (+0.00000,+0.00000), (+0.00000,+0.00000), (-0.00000,+0.00000), (+0.00000,-0.00000), (+0.00000,+0.00000)},
          { (+0.00000,-0.00000), (+0.00000,+0.00000), (-0.00000,-0.00000), (+0.00000,+0.00000), (-0.00000,+0.00000)},
          { (-0.00000,-0.00000), (-0.00000,+0.00000), (+0.00000,-0.00000), (+0.00000,+0.00000), (-0.00000,+0.00000)},
          { (+0.00000,+0.00000), (+0.00000,-0.00000), (+0.00000,-0.00000), (+0.00000,-0.00000), (-0.00000,-0.00000)},
          { (+0.00000,-0.00000), (-0.00000,-0.00000), (-0.00000,-0.00000), (-0.00000,+0.00000), (+0.00000,-0.00000)} } 

Z_0^1 = { { (+0.00000,-0.00000), (-0.00000,-0.00000), (-0.00000,+0.00000), (+0.00000,+0.00000), (-0.00000,+0.00000)},
          { (-0.00000,+0.00000), (+0.00000,-0.00000), (-0.00000,+0.00000), (+0.00000,-0.00000), (-0.00000,+0.00000)},
          { (-0.00000,-0.00000), (-0.00000,-0.00000), (+0.00000,+0.00000), (+0.00000,+0.00000), (-0.00000,+0.00000)},
          { (+0.00000,-0.00000), (+0.00000,+0.00000), (+0.00000,-0.00000), (+0.00000,-0.00000), (+0.00000,-0.00000)},
          { (-0.00000,-0.00000), (-0.00000,-0.00000), (-0.00000,-0.00000), (+0.00000,+0.00000), (+0.00000,+0.00000)} } 

Z_1^1 = { { (+0.00000,-0.00000), (+0.00000,+0.00000), (-0.00000,+0.00000), (-0.00000,-0.00000), (+0.00000,+0.00000)},
          { (+0.00000,-0.00000), (+0.00000,+0.00000), (+0.00000,-0.00000), (+0.00000,-0.00000), (-0.00000,+0.00000)},
          { (-0.00000,-0.00000), (+0.00000,+0.00000), (+0.00000,-0.00000), (-0.00000,-0.00000), (+0.00000,+0.00000)},
          { (-0.00000,+0.00000), (+0.00000,+0.00000), (-0.00000,+0.00000), (+0.00000,-0.00000), (+0.00000,+0.00000)},
          { (+0.00000,-0.00000), (-0.00000,-0.00000), (+0.00000,-0.00000), (+0.00000,-0.00000), (+0.00000,+0.00000)} } 

Z_2^1 = { { (+0.00000,+0.00000), (+0.00000,-0.00000), (+0.00000,-0.00000), (+0.00000,+0.00000), (-0.00000,-0.00000)},
          { (+0.00000,+0.00000), (+0.00000,+0.00000), (-0.00000,-0.00000), (-0.00000,-0.00000), (-0.00000,+0.00000)},
          { (+0.00000,+0.00000), (-0.00000,+0.00000), (+0.00000,-0.00000), (-0.00000,-0.00000), (+0.00000,+0.00000)},
          { (+0.00000,-0.00000), (-0.00000,+0.00000), (-0.00000,+0.00000), (+0.00000,+0.00000), (+0.00000,+0.00000)},
          { (-0.00000,+0.00000), (-0.00000,-0.00000), (+0.00000,-0.00000), (+0.00000,-0.00000), (+0.00000,-0.00000)} } 

Z_3^1 = { { (+0.00000,-0.00000), (+0.00000,+0.00000), (+0.00000,-0.00000), (+0.00000,+0.00000), (+0.00000,+0.00000)},
          { (+0.00000,-0.00000), (+0.00000,-0.00000), (-0.00000,+0.00000), (-0.00000,-0.00000), (-0.00000,-0.00000)},
          { (+0.00000,+0.00000), (-0.00000,-0.00000), (+0.00000,+0.00000), (+0.00000,-0.00000), (+0.00000,-0.00000)},
          { (+0.00000,-0.00000), (-0.00000,+0.00000), (+0.00000,+0.00000), (+0.00000,-0.00000), (-0.00000,-0.00000)},
          { (+0.00000,-0.00000), (-0.00000,+0.00000), (+0.00000,+0.00000), (-0.00000,+0.00000), (+0.00000,+0.00000)} } 

Z_4^1 = { { (+0.00000,-0.00000), (-0.00000,-0.00000), (+0.00000,-0.00000), (-0.00000,+0.00000), (+0.00000,+0.00000)},
          { (-0.00000,+0.00000), (+0.00000,-0.00000), (+0.00000,-0.00000), (+0.00000,+0.00000), (+0.00000,+0.00000)},
          { (+0.00000,+0.00000), (+0.00000,+0.00000), (+0.00000,-0.00000), (+0.00000,-0.00000), (-0.00000,-0.00000)},
          { (-0.00000,-0.00000), (+0.00000,-0.00000), (+0.00000,+0.00000), (+0.00000,+0.00000), (-0.00000,+0.00000)},
          { (+0.00000,-0.00000), (+0.00000,-0.00000), (-0.00000,+0.00000), (-0.00000,-0.00000), (+0.00000,-0.00000)} } 

Z_0^2 = { { (+0.00000,+0.00000), (+0.00000,-0.00000), (+0.00000,+0.00000), (-0.00000,-0.00000), (-0.00000,-0.00000)},
          { (+0.00000,+0.00000), (+0.00000,+0.00000), (+0.00000,-0.00000), (-0.00000,+0.00000), (-0.00000,+0.00000)},
          { (+0.00000,-0.00000), (+0.00000,+0.00000), (+0.00000,+0.00000), (+0.00000,+0.00000), (+0.00000,+0.00000)},
          { (-0.00000,+0.00000), (-0.00000,-0.00000), (+0.00000,-0.00000), (+0.00000,+0.00000), (-0.00000,-0.00000)},
          { (-0.00000,+0.00000), (-0.00000,-0.00000), (+0.00000,-0.00000), (-0.00000,+0.00000), (+0.00000,-0.00000)} } 

Z_1^2 = { { (+0.00000,+0.00000), (-0.00000,-0.00000), (-0.00000,-0.00000), (+0.00000,-0.00000), (+0.00000,+0.00000)},
          { (-0.00000,+0.00000), (+0.00000,-0.00000), (-0.00000,-0.00000), (-0.00000,-0.00000), (+0.00000,+0.00000)},
          { (-0.00000,+0.00000), (-0.00000,+0.00000), (+0.00000,+0.00000), (-0.00000,-0.00000), (+0.00000,+0.00000)},
          { (+0.00000,+0.00000), (-0.00000,+0.00000), (-0.00000,+0.00000), (+0.00000,+0.00000), (+0.00000,-0.00000)},
          { (+0.00000,-0.00000), (+0.00000,-0.00000), (+0.00000,-0.00000), (+0.00000,+0.00000), (+0.00000,-0.00000)} } 

Z_2^2 = { { (+0.00000,+0.00000), (+0.00000,+0.00000), (+0.00000,-0.00000), (-0.00000,-0.00000), (-0.00000,-0.00000)},
          { (+0.00000,-0.00000), (+0.00000,-0.00000), (+0.00000,+0.00000), (+0.00000,-0.00000), (+0.00000,+0.00000)},
          { (+0.00000,+0.00000), (+0.00000,-0.00000), (+0.00000,-0.00000), (+0.00000,+0.00000), (-0.00000,+0.00000)},
          { (-0.00000,+0.00000), (+0.00000,+0.00000), (+0.00000,-0.00000), (+0.00000,-0.00000), (-0.00000,-0.00000)},
          { (-0.00000,+0.00000), (+0.00000,-0.00000), (-0.00000,-0.00000), (-0.00000,+0.00000), (+0.00000,+0.00000)} } 

Z_3^2 = { { (+0.00000,-0.00000), (+0.00000,+0.00000), (+0.00000,+0.00000), (+0.00000,+0.00000), (+0.00000,+0.00000)},
          { (+0.00000,-0.00000), (+0.00000,+0.00000), (-0.00000,+0.00000), (-0.00000,+0.00000), (-0.00000,+0.00000)},
          { (+0.00000,-0.00000), (-0.00000,-0.00000), (+0.00000,+0.00000), (-0.00000,-0.00000), (-0.00000,+0.00000)},
          { (+0.00000,-0.00000), (-0.00000,-0.00000), (-0.00000,+0.00000), (+0.00000,-0.00000), (-0.00000,+0.00000)},
          { (+0.00000,-0.00000), (-0.00000,-0.00000), (-0.00000,-0.00000), (-0.00000,-0.00000), (+0.00000,-0.00000)} } 

Z_4^2 = { { (+0.00000,+0.00000), (-0.00000,-0.00000), (-0.00000,-0.00000), (+0.00000,+0.00000), (-0.00000,-0.00000)},
          { (-0.00000,+0.00000), (+0.00000,+0.00000), (-0.00000,-0.00000), (+0.00000,+0.00000), (-0.00000,-0.00000)},
          { (-0.00000,+0.00000), (-0.00000,+0.00000), (+0.00000,+0.00000), (+0.00000,-0.00000), (-0.00000,-0.00000)},
          { (+0.00000,-0.00000), (+0.00000,-0.00000), (+0.00000,+0.00000), (+0.00000,-0.00000), (+0.00000,+0.00000)},
          { (-0.00000,+0.00000), (-0.00000,+0.00000), (-0.00000,+0.00000), (+0.00000,-0.00000), (+0.00000,-0.00000)} } 

Z_0^3 = { { (+0.00000,+0.00000), (+0.00000,-0.00000), (-0.00000,-0.00000), (-0.00000,-0.00000), (+0.00000,-0.00000)},
          { (+0.00000,+0.00000), (+0.00000,+0.00000), (-0.00000,+0.00000), (-0.00000,+0.00000), (-0.00000,-0.00000)},
          { (-0.00000,+0.00000), (-0.00000,-0.00000), (+0.00000,-0.00000), (-0.00000,+0.00000), (-0.00000,-0.00000)},
          { (-0.00000,+0.00000), (-0.00000,-0.00000), (-0.00000,-0.00000), (+0.00000,-0.00000), (+0.00000,-0.00000)},
          { (+0.00000,+0.00000), (-0.00000,+0.00000), (-0.00000,+0.00000), (+0.00000,+0.00000), (+0.00000,-0.00000)} } 

Z_1^3 = { { (+0.00000,+0.00000), (+0.00000,+0.00000), (-0.00000,+0.00000), (-0.00000,-0.00000), (-0.00000,+0.00000)},
          { (+0.00000,-0.00000), (+0.00000,-0.00000), (+0.00000,-0.00000), (+0.00000,-0.00000), (+0.00000,-0.00000)},
          { (-0.00000,-0.00000), (+0.00000,+0.00000), (+0.00000,-0.00000), (-0.00000,-0.00000), (-0.00000,+0.00000)},
          { (-0.00000,+0.00000), (+0.00000,+0.00000), (-0.00000,+0.00000), (+0.00000,+0.00000), (-0.00000,+0.00000)},
          { (-0.00000,-0.00000), (+0.00000,+0.00000), (-0.00000,-0.00000), (-0.00000,-0.00000), (+0.00000,-0.00000)} } 

Z_2^3 = { { (+0.00000,-0.00000), (+0.00000,+0.00000), (-0.00000,-0.00000), (+0.00000,+0.00000), (+0.00000,-0.00000)},
          { (+0.00000,-0.00000), (+0.00000,-0.00000), (+0.00000,-0.00000), (-0.00000,-0.00000), (-0.00000,+0.00000)},
          { (-0.00000,+0.00000), (+0.00000,+0.00000), (+0.00000,-0.00000), (+0.00000,+0.00000), (+0.00000,-0.00000)},
          { (+0.00000,-0.00000), (-0.00000,+0.00000), (+0.00000,-0.00000), (+0.00000,+0.00000), (+0.00000,+0.00000)},
          { (+0.00000,+0.00000), (-0.00000,-0.00000), (+0.00000,+0.00000), (+0.00000,-0.00000), (+0.00000,-0.00000)} } 

Z_3^3 = { { (+0.00000,+0.00000), (+0.00000,-0.00000), (+0.00000,-0.00000), (-0.00000,+0.00000), (-0.00000,+0.00000)},
          { (+0.00000,+0.00000), (+0.00000,+0.00000), (-0.00000,-0.00000), (+0.00000,-0.00000), (+0.00000,+0.00000)},
          { (+0.00000,+0.00000), (-0.00000,+0.00000), (+0.00000,-0.00000), (+0.00000,-0.00000), (+0.00000,-0.00000)},
          { (-0.00000,-0.00000), (+0.00000,+0.00000), (+0.00000,+0.00000), (+0.00000,+0.00000), (-0.00000,-0.00000)},
          { (-0.00000,-0.00000), (+0.00000,-0.00000), (+0.00000,+0.00000), (-0.00000,+0.00000), (+0.00000,+0.00000)} } 

Z_4^3 = { { (+0.00000,+0.00000), (-0.00000,+0.00000), (+0.00000,+0.00000), (+0.00000,-0.00000), (-0.00000,+0.00000)},
          { (-0.00000,-0.00000), (+0.00000,-0.00000), (+0.00000,+0.00000), (+0.00000,+0.00000), (-0.00000,+0.00000)},
          { (+0.00000,-0.00000), (+0.00000,-0.00000), (+0.00000,-0.00000), (-0.00000,+0.00000), (-0.00000,-0.00000)},
          { (+0.00000,+0.00000), (+0.00000,-0.00000), (-0.00000,-0.00000), (+0.00000,-0.00000), (+0.00000,-0.00000)},
          { (-0.00000,-0.00000), (-0.00000,-0.00000), (-0.00000,+0.00000), (+0.00000,+0.00000), (+0.00000,-0.00000)} } 

Z_0^4 = { { (+0.00000,+0.00000), (-0.00000,-0.00000), (-0.00000,+0.00000), (-0.00000,-0.00000), (-0.00000,+0.00000)},
          { (-0.00000,+0.00000), (+0.00000,-0.00000), (+0.00000,+0.00000), (-0.00000,-0.00000), (+0.00000,+0.00000)},
          { (-0.00000,-0.00000), (+0.00000,-0.00000), (+0.00000,-0.00000), (+0.00000,-0.00000), (-0.00000,+0.00000)},
          { (-0.00000,+0.00000), (-0.00000,+0.00000), (+0.00000,+0.00000), (+0.00000,+0.00000), (+0.00000,+0.00000)},
          { (-0.00000,-0.00000), (+0.00000,-0.00000), (-0.00000,-0.00000), (+0.00000,-0.00000), (+0.00000,-0.00000)} } 

Z_1^4 = { { (+0.00000,+0.00000), (-0.00000,+0.00000), (-0.00000,-0.00000), (-0.00000,+0.00000), (-0.00000,+0.00000)},
          { (-0.00000,-0.00000), (+0.00000,-0.00000), (+0.00000,-0.00000), (-0.00000,-0.00000), (-0.00000,+0.00000)},
          { (-0.00000,+0.00000), (+0.00000,+0.00000), (+0.00000,-0.00000), (+0.00000,+0.00000), (+0.00000,+0.00000)},
          { (-0.00000,-0.00000), (-0.00000,+0.00000), (+0.00000,-0.00000), (+0.00000,+0.00000), (-0.00000,+0.00000)},
          { (-0.00000,-0.00000), (-0.00000,-0.00000), (+0.00000,-0.00000), (-0.00000,-0.00000), (+0.00000,-0.00000)} } 

Z_2^4 = { { (+0.00000,-0.00000), (-0.00000,-0.00000), (+0.00000,+0.00000), (+0.00000,+0.00000), (-0.00000,-0.00000)},
          { (-0.00000,+0.00000), (+0.00000,+0.00000), (+0.00000,-0.00000), (+0.00000,+0.00000), (-0.00000,-0.00000)},
          { (+0.00000,-0.00000), (+0.00000,+0.00000), (+0.00000,+0.00000), (-0.00000,-0.00000), (+0.00000,+0.00000)},
          { (+0.00000,-0.00000), (+0.00000,-0.00000), (-0.00000,+0.00000), (+0.00000,-0.00000), (+0.00000,-0.00000)},
          { (-0.00000,+0.00000), (-0.00000,+0.00000), (+0.00000,-0.00000), (+0.00000,+0.00000), (+0.00000,+0.00000)} } 

Z_3^4 = { { (+0.00000,-0.00000), (+0.00000,+0.00000), (+0.00000,+0.00000), (+0.00000,+0.00000), (-0.00000,+0.00000)},
          { (+0.00000,-0.00000), (+0.00000,+0.00000), (-0.00000,-0.00000), (-0.00000,-0.00000), (+0.00000,-0.00000)},
          { (+0.00000,-0.00000), (-0.00000,+0.00000), (+0.00000,-0.00000), (-0.00000,+0.00000), (+0.00000,-0.00000)},
          { (+0.00000,-0.00000), (-0.00000,+0.00000), (-0.00000,-0.00000), (+0.00000,-0.00000), (+0.00000,-0.00000)},
          { (-0.00000,-0.00000), (+0.00000,+0.00000), (+0.00000,+0.00000), (+0.00000,+0.00000), (+0.00000,+0.00000)} } 

Z_4^4 = { { (+0.00000,+0.00000), (-0.00000,+0.00000), (+0.00000,-0.00000), (+0.00000,-0.00000), (+0.00000,-0.00000)},
          { (-0.00000,-0.00000), (+0.00000,+0.00000), (+0.00000,+0.00000), (+0.00000,-0.00000), (+0.00000,+0.00000)},
          { (+0.00000,+0.00000), (+0.00000,-0.00000), (+0.00000,+0.00000), (-0.00000,+0.00000), (-0.00000,+0.00000)},
          { (+0.00000,+0.00000), (+0.00000,+0.00000), (-0.00000,-0.00000), (+0.00000,+0.00000), (-0.00000,-0.00000)},
          { (+0.00000,+0.00000), (+0.00000,-0.00000), (-0.00000,-0.00000), (-0.00000,+0.00000), (+0.00000,-0.00000)} } 

----------------------------------
         Final Matrices 
----------------------------------

M_0^0 = { { (+0.51722,+0.00000), (-0.13287,+0.35906), (+0.14779,-0.00184), (-0.16635,-0.08974), (-0.06020,-0.20477)},
          { (-0.13287,-0.35906), (+0.28339,+0.00000), (-0.03925,-0.10212), (-0.01956,+0.13854), (-0.12669,+0.09439)},
          { (+0.14779,+0.00184), (-0.03925,+0.10212), (+0.04224,+0.00000), (-0.04721,-0.02624), (-0.01647,-0.05873)},
          { (-0.16635,+0.08974), (-0.01956,-0.13854), (-0.04721,+0.02624), (+0.06907,+0.00000), (+0.05489,+0.05541)},
          { (-0.06020,+0.20477), (-0.12669,-0.09439), (-0.01647,+0.05873), (+0.05489,-0.05541), (+0.08807,+0.00000)} } 

|M^2-M|  = 0.00000
is M PD? = 0

M_1^0 = { { (+0.02071,+0.00000), (+0.00825,-0.02671), (-0.04339,+0.11334), (-0.02231,+0.04271), (-0.04551,-0.01944)},
          { (+0.00825,+0.02671), (+0.03774,+0.00000), (-0.16347,-0.01078), (-0.06398,-0.01175), (+0.00693,-0.06644)},
          { (-0.04339,-0.11334), (-0.16347,+0.01078), (+0.71118,+0.00000), (+0.28051,+0.03260), (-0.01104,+0.28977)},
          { (-0.02231,-0.04271), (-0.06398,+0.01175), (+0.28051,-0.03260), (+0.11213,+0.00000), (+0.00893,+0.11480)},
          { (-0.04551,+0.01944), (+0.00693,+0.06644), (-0.01104,-0.28977), (+0.00893,-0.11480), (+0.11824,+0.00000)} } 

|M^2-M|  = 0.00000
is M PD? = 0

M_2^0 = { { (+0.30921,+0.00000), (+0.18149,-0.13337), (-0.11652,+0.02221), (+0.24189,-0.19461), (+0.01965,+0.22811)},
          { (+0.18149,+0.13337), (+0.16405,+0.00000), (-0.07797,-0.03722), (+0.22591,-0.00989), (-0.08686,+0.14236)},
          { (-0.11652,-0.02221), (-0.07797,+0.03722), (+0.04550,+0.00000), (-0.10513,+0.05596), (+0.00898,-0.08737)},
          { (+0.24189,+0.19461), (+0.22591,+0.00989), (-0.10513,-0.05596), (+0.31171,+0.00000), (-0.12820,+0.19081)},
          { (+0.01965,-0.22811), (-0.08686,-0.14236), (+0.00898,+0.08737), (-0.12820,-0.19081), (+0.16953,+0.00000)} } 

|M^2-M|  = 0.00000
is M PD? = 0

M_3^0 = { { (+0.10985,+0.00000), (-0.02379,-0.05955), (-0.01329,-0.05041), (-0.04219,+0.23090), (+0.17973,+0.05958)},
          { (-0.02379,+0.05955), (+0.03744,+0.00000), (+0.03020,+0.00371), (-0.11605,-0.07288), (-0.07122,+0.08454)},
          { (-0.01329,+0.05041), (+0.03020,-0.00371), (+0.02474,+0.00000), (-0.10085,-0.04730), (-0.04908,+0.07527)},
          { (-0.04219,-0.23090), (-0.11605,+0.07288), (-0.10085,+0.04730), (+0.50158,+0.00000), (+0.05620,-0.40070)},
          { (+0.17973,-0.05958), (-0.07122,-0.08454), (-0.04908,-0.07527), (+0.05620,+0.40070), (+0.32640,+0.00000)} } 

|M^2-M|  = 0.00000
is M PD? = 0

M_4^0 = { { (+0.04301,+0.00000), (-0.03308,-0.13942), (+0.02541,-0.08330), (-0.01103,+0.01074), (-0.09368,-0.06348)},
          { (-0.03308,+0.13942), (+0.47738,+0.00000), (+0.25049,+0.14642), (-0.02632,-0.04402), (+0.27783,-0.25486)},
          { (+0.02541,+0.08330), (+0.25049,-0.14642), (+0.17634,+0.00000), (-0.02731,-0.01502), (+0.06761,-0.21894)},
          { (-0.01103,-0.01074), (-0.02632,+0.04402), (-0.02731,+0.01502), (+0.00551,+0.00000), (+0.00818,+0.03967)},
          { (-0.09368,+0.06348), (+0.27783,+0.25486), (+0.06761,+0.21894), (+0.00818,-0.03967), (+0.29776,+0.00000)} } 

|M^2-M|  = 0.00000
is M PD? = 0

M_0^1 = { { (+0.02262,+0.00000), (+0.01019,+0.00300), (+0.05721,-0.07033), (-0.10630,-0.02264), (+0.02095,-0.03903)},
          { (+0.01019,-0.00300), (+0.00499,+0.00000), (+0.01644,-0.03927), (-0.05089,+0.00391), (+0.00426,-0.02036)},
          { (+0.05721,+0.07033), (+0.01644,+0.03927), (+0.36341,+0.00000), (-0.19850,-0.38779), (+0.17435,-0.03360)},
          { (-0.10630,+0.02264), (-0.05089,-0.00391), (-0.19850,+0.38779), (+0.52223,+0.00000), (-0.05937,+0.20440)},
          { (+0.02095,+0.03903), (+0.00426,+0.02036), (+0.17435,+0.03360), (-0.05937,-0.20440), (+0.08675,+0.00000)} } 

|M^2-M|  = 0.00000
is M PD? = 0

M_1^1 = { { (+0.51893,+0.00000), (-0.11458,-0.11566), (+0.27323,-0.15061), (+0.32176,+0.13482), (-0.04542,-0.04505)},
          { (-0.11458,+0.11566), (+0.05108,+0.00000), (-0.02676,+0.09415), (-0.10110,+0.04195), (+0.02007,-0.00018)},
          { (+0.27323,+0.15061), (-0.02676,-0.09415), (+0.18757,+0.00000), (+0.13028,+0.16437), (-0.01084,-0.03691)},
          { (+0.32176,-0.13482), (-0.10110,-0.04195), (+0.13028,-0.16437), (+0.23453,+0.00000), (-0.03987,-0.01613)},
          { (-0.04542,+0.04505), (+0.02007,+0.00018), (-0.01084,+0.03691), (-0.03987,+0.01613), (+0.00789,+0.00000)} } 

|M^2-M|  = 0.00000
is M PD? = 0

M_2^1 = { { (+0.36940,+0.00000), (-0.09933,+0.09112), (-0.27720,+0.16978), (-0.22123,-0.03401), (+0.15407,+0.18782)},
          { (-0.09933,-0.09112), (+0.04919,+0.00000), (+0.11642,+0.02273), (+0.05110,+0.06372), (+0.00490,-0.08851)},
          { (-0.27720,-0.16978), (+0.11642,-0.02273), (+0.28603,+0.00000), (+0.15038,+0.12720), (-0.02929,-0.21175)},
          { (-0.22123,+0.03401), (+0.05110,-0.06372), (+0.15038,-0.12720), (+0.13562,+0.00000), (-0.10956,-0.09830)},
          { (+0.15407,-0.18782), (+0.00490,+0.08851), (-0.02929,+0.21175), (-0.10956,+0.09830), (+0.15975,+0.00000)} } 

|M^2-M|  = 0.00000
is M PD? = 0

M_3^1 = { { (+0.00037,+0.00000), (-0.01031,-0.00544), (-0.00302,+0.00563), (-0.00186,-0.00357), (-0.00412,-0.01254)},
          { (-0.01031,+0.00544), (+0.36996,+0.00000), (+0.00127,-0.20279), (+0.10516,+0.07279), (+0.30134,+0.29097)},
          { (-0.00302,-0.00563), (+0.00127,+0.20279), (+0.11116,+0.00000), (-0.03954,+0.05789), (-0.15846,+0.16618)},
          { (-0.00186,+0.00357), (+0.10516,-0.07279), (-0.03954,-0.05789), (+0.04421,+0.00000), (+0.14290,+0.02342)},
          { (-0.00412,+0.01254), (+0.30134,-0.29097), (-0.15846,-0.16618), (+0.14290,-0.02342), (+0.47430,+0.00000)} } 

|M^2-M|  = 0.00000
is M PD? = 0

M_4^1 = { { (+0.08868,+0.00000), (+0.21403,+0.02698), (-0.05023,+0.04553), (+0.00763,-0.07459), (-0.12547,-0.09119)},
          { (+0.21403,-0.02698), (+0.52479,+0.00000), (-0.10737,+0.12518), (-0.00427,-0.18236), (-0.33058,-0.18192)},
          { (-0.05023,-0.04553), (-0.10737,-0.12518), (+0.05183,+0.00000), (-0.04262,+0.03833), (+0.02424,+0.11607)},
          { (+0.00763,+0.07459), (-0.00427,+0.18236), (-0.04262,-0.03833), (+0.06340,+0.00000), (+0.06591,-0.11339)},
          { (-0.12547,+0.09119), (-0.33058,+0.18192), (+0.02424,-0.11607), (+0.06591,+0.11339), (+0.27130,+0.00000)} } 

|M^2-M|  = 0.00000
is M PD? = 0

M_0^2 = { { (+0.22180,+0.00000), (-0.04331,+0.22190), (-0.13832,-0.25981), (+0.04850,+0.13337), (+0.03553,+0.11598)},
          { (-0.04331,-0.22190), (+0.23046,+0.00000), (-0.23292,+0.18912), (+0.12397,-0.07456), (+0.10909,-0.05819)},
          { (-0.13832,+0.25981), (-0.23292,-0.18912), (+0.39060,+0.00000), (-0.18648,-0.02636), (-0.15801,-0.03071)},
          { (+0.04850,-0.13337), (+0.12397,+0.07456), (-0.18648,+0.02636), (+0.09081,+0.00000), (+0.07751,+0.00399)},
          { (+0.03553,-0.11598), (+0.10909,+0.05819), (-0.15801,+0.03071), (+0.07751,-0.00399), (+0.06634,+0.00000)} } 

|M^2-M|  = 0.00000
is M PD? = 0

M_1^2 = { { (+0.07887,+0.00000), (+0.01690,+0.02382), (+0.01590,+0.04063), (-0.01471,+0.13896), (-0.04631,-0.21960)},
          { (+0.01690,-0.02382), (+0.01082,+0.00000), (+0.01568,+0.00390), (+0.03882,+0.03422), (-0.07625,-0.03307)},
          { (+0.01590,-0.04063), (+0.01568,-0.00390), (+0.02413,+0.00000), (+0.06861,+0.03560), (-0.12245,-0.02043)},
          { (-0.01471,-0.13896), (+0.03882,-0.03422), (+0.06861,-0.03560), (+0.24758,+0.00000), (-0.37827,+0.12254)},
          { (-0.04631,+0.21960), (-0.07625,+0.03307), (-0.12245,+0.02043), (-0.37827,-0.12254), (+0.63860,+0.00000)} } 

|M^2-M|  = 0.00000
is M PD? = 0

M_2^2 = { { (+0.18305,+0.00000), (-0.22702,-0.21423), (-0.09438,+0.14728), (+0.10681,+0.05878), (+0.04900,+0.06516)},
          { (-0.22702,+0.21423), (+0.53228,+0.00000), (-0.05533,-0.29312), (-0.20126,+0.05210), (-0.13703,-0.02346)},
          { (-0.09438,-0.14728), (-0.05533,+0.29312), (+0.16716,+0.00000), (-0.00777,-0.11625), (+0.02716,-0.07302)},
          { (+0.10681,-0.05878), (-0.20126,-0.05210), (-0.00777,+0.11625), (+0.08120,+0.00000), (+0.04952,+0.02228)},
          { (+0.04900,-0.06516), (-0.13703,+0.02346), (+0.02716,+0.07302), (+0.04952,-0.02228), (+0.03631,+0.00000)} } 

|M^2-M|  = 0.00000
is M PD? = 0

M_3^2 = { { (+0.17699,+0.00000), (-0.00703,-0.06395), (-0.05826,-0.11428), (-0.04548,-0.30934), (-0.07851,-0.14543)},
          { (-0.00703,+0.06395), (+0.02339,+0.00000), (+0.04361,-0.01651), (+0.11358,-0.00414), (+0.05567,-0.02259)},
          { (-0.05826,+0.11428), (+0.04361,+0.01651), (+0.09296,+0.00000), (+0.21470,+0.07247), (+0.11974,-0.00282)},
          { (-0.04548,+0.30934), (+0.11358,+0.00414), (+0.21470,-0.07247), (+0.55235,+0.00000), (+0.27434,-0.09985)},
          { (-0.07851,+0.14543), (+0.05567,+0.02259), (+0.11974,+0.00282), (+0.27434,+0.09985), (+0.15431,+0.00000)} } 

|M^2-M|  = 0.00000
is M PD? = 0

M_4^2 = { { (+0.33929,+0.00000), (+0.26046,+0.03246), (+0.27506,+0.18618), (-0.09512,-0.02177), (+0.04028,+0.18389)},
          { (+0.26046,-0.03246), (+0.20305,+0.00000), (+0.22896,+0.11661), (-0.07511,-0.00762), (+0.04851,+0.13731)},
          { (+0.27506,-0.18618), (+0.22896,-0.11661), (+0.32514,+0.00000), (-0.08906,+0.03454), (+0.13356,+0.12697)},
          { (-0.09512,+0.02177), (-0.07511,+0.00762), (-0.08906,-0.03454), (+0.02807,+0.00000), (-0.02309,-0.04897)},
          { (+0.04028,-0.18389), (+0.04851,-0.13731), (+0.13356,-0.12697), (-0.02309,+0.04897), (+0.10445,+0.00000)} } 

|M^2-M|  = 0.00000
is M PD? = 0

M_0^3 = { { (+0.14467,+0.00000), (-0.04874,+0.22082), (+0.02305,+0.13158), (+0.14931,+0.17913), (-0.01636,+0.01052)},
          { (-0.04874,-0.22082), (+0.35346,+0.00000), (+0.19307,-0.07951), (+0.22311,-0.28825), (+0.02156,+0.02142)},
          { (+0.02305,-0.13158), (+0.19307,+0.07951), (+0.12335,+0.00000), (+0.18672,-0.10726), (+0.00696,+0.01655)},
          { (+0.14931,-0.17913), (+0.22311,+0.28825), (+0.18672,+0.10726), (+0.37591,+0.00000), (-0.00386,+0.03111)},
          { (-0.01636,-0.01052), (+0.02156,-0.02142), (+0.00696,-0.01655), (-0.00386,-0.03111), (+0.00261,+0.00000)} } 

|M^2-M|  = 0.00000
is M PD? = 0

M_1^3 = { { (+0.00295,+0.00000), (-0.02133,-0.00852), (+0.03204,-0.00574), (+0.00643,+0.00066), (+0.02034,-0.02996)},
          { (-0.02133,+0.00852), (+0.17892,+0.00000), (-0.21518,+0.13407), (-0.04846,+0.01380), (-0.06062,+0.27549)},
          { (+0.03204,+0.00574), (-0.21518,-0.13407), (+0.35923,+0.00000), (+0.06862,+0.01971), (+0.27932,-0.28589)},
          { (+0.00643,-0.00066), (-0.04846,-0.01380), (+0.06862,-0.01971), (+0.01419,+0.00000), (+0.03767,-0.06993)},
          { (+0.02034,+0.02996), (-0.06062,-0.27549), (+0.27932,+0.28589), (+0.03767,+0.06993), (+0.44471,+0.00000)} } 

|M^2-M|  = 0.00000
is M PD? = 0

M_2^3 = { { (+0.24604,+0.00000), (-0.18682,-0.06473), (+0.16225,+0.03921), (-0.04834,-0.20692), (-0.16730,+0.21309)},
          { (-0.18682,+0.06473), (+0.15889,+0.00000), (-0.13351,+0.01291), (+0.09114,+0.14440), (+0.07097,-0.20582)},
          { (+0.16225,-0.03921), (-0.13351,-0.01291), (+0.11324,+0.00000), (-0.06485,-0.12875), (-0.07636,+0.16718)},
          { (-0.04834,+0.20692), (+0.09114,-0.14440), (-0.06485,+0.12875), (+0.18352,+0.00000), (-0.14634,-0.18257)},
          { (-0.16730,-0.21309), (+0.07097,+0.20582), (-0.07636,-0.16718), (-0.14634,+0.18257), (+0.29831,+0.00000)} } 

|M^2-M|  = 0.00000
is M PD? = 0

M_3^3 = { { (+0.00510,+0.00000), (-0.02159,+0.01503), (-0.03738,+0.01119), (+0.01568,-0.04193), (+0.02768,-0.00927)},
          { (-0.02159,-0.01503), (+0.13577,+0.00000), (+0.19131,+0.06284), (-0.19011,+0.13135), (-0.14460,-0.04238)},
          { (-0.03738,-0.01119), (+0.19131,-0.06284), (+0.29864,+0.00000), (-0.20708,+0.27306), (-0.22336,+0.00722)},
          { (+0.01568,+0.04193), (-0.19011,-0.13135), (-0.20708,-0.27306), (+0.39325,+0.00000), (+0.16148,+0.19922)},
          { (+0.02768,+0.00927), (-0.14460,+0.04238), (-0.22336,-0.00722), (+0.16148,-0.19922), (+0.16723,+0.00000)} } 

|M^2-M|  = 0.00000
is M PD? = 0

M_4^3 = { { (+0.60124,+0.00000), (+0.27848,-0.16260), (-0.17996,-0.17624), (-0.12309,+0.06907), (+0.13563,-0.18437)},
          { (+0.27848,+0.16260), (+0.17296,+0.00000), (-0.03569,-0.13030), (-0.07569,-0.00130), (+0.11268,-0.04872)},
          { (-0.17996,+0.17624), (-0.03569,+0.13030), (+0.10553,+0.00000), (+0.01660,-0.05676), (+0.01345,+0.09494)},
          { (-0.12309,-0.06907), (-0.07569,+0.00130), (+0.01660,+0.05676), (+0.03313,+0.00000), (-0.04895,+0.02217)},
          { (+0.13563,+0.18437), (+0.11268,+0.04872), (+0.01345,-0.09494), (-0.04895,-0.02217), (+0.08713,+0.00000)} } 

|M^2-M|  = 0.00000
is M PD? = 0

M_0^4 = { { (+0.03342,+0.00000), (+0.05973,+0.06316), (+0.08239,-0.08203), (+0.02101,+0.08269), (+0.04102,-0.04762)},
          { (+0.05973,-0.06316), (+0.22612,+0.00000), (-0.00776,-0.30232), (+0.19382,+0.10810), (-0.01666,-0.16263)},
          { (+0.08239,+0.08203), (-0.00776,+0.30232), (+0.40445,+0.00000), (-0.15118,+0.25542), (+0.21801,-0.01670)},
          { (+0.02101,-0.08269), (+0.19382,-0.10810), (-0.15118,-0.25542), (+0.21781,+0.00000), (-0.09203,-0.13143)},
          { (+0.04102,+0.04762), (-0.01666,+0.16263), (+0.21801,+0.01670), (-0.09203,+0.13143), (+0.11820,+0.00000)} } 

|M^2-M|  = 0.00000
is M PD? = 0

M_1^4 = { { (+0.29929,+0.00000), (+0.07698,-0.04916), (+0.02986,+0.31321), (+0.17356,-0.08819), (+0.10849,-0.22959)},
          { (+0.07698,+0.04916), (+0.02787,+0.00000), (-0.04377,+0.08546), (+0.05913,+0.00583), (+0.06562,-0.04123)},
          { (+0.02986,-0.31321), (-0.04377,-0.08546), (+0.33076,+0.00000), (-0.07497,-0.19043), (-0.22944,-0.13645)},
          { (+0.17356,+0.08819), (+0.05913,-0.00583), (-0.07497,+0.19043), (+0.12663,+0.00000), (+0.13056,-0.10117)},
          { (+0.10849,+0.22959), (+0.06562,+0.04123), (-0.22944,+0.13645), (+0.13056,+0.10117), (+0.21544,+0.00000)} } 

|M^2-M|  = 0.00000
is M PD? = 0

M_2^4 = { { (+0.08065,+0.00000), (+0.06106,+0.16435), (-0.02250,-0.05065), (-0.00113,-0.18041), (+0.00286,+0.08819)},
          { (+0.06106,-0.16435), (+0.38115,+0.00000), (-0.12025,+0.00750), (-0.36850,-0.13428), (+0.18188,+0.06095)},
          { (-0.02250,+0.05065), (-0.12025,-0.00750), (+0.03808,+0.00000), (+0.11361,+0.04962), (-0.05618,-0.02281)},
          { (-0.00113,+0.18041), (-0.36850,+0.13428), (+0.11361,-0.04962), (+0.40358,+0.00000), (-0.19731,+0.00515)},
          { (+0.00286,-0.08819), (+0.18188,-0.06095), (-0.05618,+0.02281), (-0.19731,-0.00515), (+0.09653,+0.00000)} } 

|M^2-M|  = 0.00000
is M PD? = 0

M_3^4 = { { (+0.19489,+0.00000), (-0.22222,-0.14440), (-0.02404,-0.20299), (-0.08331,-0.06655), (+0.18187,-0.02106)},
          { (-0.22222,+0.14440), (+0.36038,+0.00000), (+0.17782,+0.21364), (+0.14431,+0.01415), (-0.19177,+0.15877)},
          { (-0.02404,+0.20299), (+0.17782,-0.21364), (+0.21440,+0.00000), (+0.07959,-0.07857), (-0.00050,+0.19203)},
          { (-0.08331,+0.06655), (+0.14431,-0.01415), (+0.07959,+0.07857), (+0.05834,+0.00000), (-0.07056,+0.07110)},
          { (+0.18187,+0.02106), (-0.19177,-0.15877), (-0.00050,-0.19203), (-0.07056,-0.07110), (+0.17199,+0.00000)} } 

|M^2-M|  = 0.00000
is M PD? = 0

M_4^4 = { { (+0.39174,+0.00000), (+0.02445,-0.03395), (-0.06571,+0.02246), (-0.11012,+0.25245), (-0.33424,+0.21008)},
          { (+0.02445,+0.03395), (+0.00447,+0.00000), (-0.00605,-0.00429), (-0.02875,+0.00621), (-0.03906,-0.01586)},
          { (-0.06571,-0.02246), (-0.00605,+0.00429), (+0.01231,+0.00000), (+0.03294,-0.03603), (+0.06811,-0.01608)},
          { (-0.11012,-0.25245), (-0.02875,-0.00621), (+0.03294,+0.03603), (+0.19364,+0.00000), (+0.22934,+0.15634)},
          { (-0.33424,-0.21008), (-0.03906,+0.01586), (+0.06811,+0.01608), (+0.22934,-0.15634), (+0.39783,+0.00000)} } 

|M^2-M|  = 0.00000
is M PD? = 0

----------------------------------
         Final Output 
----------------------------------
        |r(w)| = 0.00001 < 0.00001
         -f(x) = 223.60680 <= 223.60680
          g(x) = 0.00000
         -L(w) = 223.60680
         <X,Z> = 0.00000
           |y| = 868.00146
      y^T*g(x) = -0.00000
     |delf(x)| = 0.00001
     |delL(w)| = 0.00001
     |delg(x)| = 0.00000
    |del2f(x)| = 41.75521
    |del2L(w)| = 2724.80776
    |del2g(x)| = 491.85363
   total inner = 420
    time taken = 349549 ms
