--------------------------------
          System Info           
--------------------------------
               d = 6
               n = 2
  size of vector = 350
  size of matrix = 144 x 144 ~ 0 MB 
         epsilon = 1e-05
       epsilon_0 = 0.9
     g(x) thresh = 1e-15
      initial mu = 1
             M_c = 1e+10
  extra diagonal = 1
       muScaling = 10
             rho = 0.5
              nu = 0.9
           gamma = 1
            beta = 0.1
     f(x) factor = 1
     g(x) factor = -1
           cores = 1

--------------------------------
     Finding Interior Point 
--------------------------------
g(x) = 22.979
g(x) = 1.701e+10
g(x) = 1.6184e+37
g(x) = 2.7707e+118
g(x) = inf
g(x) = nan
decreasing g factor from 1 to 0.66667
g(x) = 22.979
g(x) = 3.3204e+09
g(x) = 2.3817e+34
g(x) = 1.7461e+109
g(x) = inf
g(x) = nan
decreasing g factor from 0.66667 to 0.44444
g(x) = 22.979
g(x) = 6.4427e+08
g(x) = 3.4456e+31
g(x) = 1.0457e+100
g(x) = 5.6166e+305
g(x) = nan
decreasing g factor from 0.44444 to 0.2963
g(x) = 22.979
g(x) = 1.2389e+08
g(x) = 4.8571e+28
g(x) = 5.7987e+90
g(x) = 1.9105e+277
g(x) = nan
decreasing g factor from 0.2963 to 0.19753
g(x) = 22.979
g(x) = 2.3497e+07
g(x) = 6.5825e+25
g(x) = 2.8604e+81
g(x) = 4.5998e+248
g(x) = nan
decreasing g factor from 0.19753 to 0.13169
g(x) = 22.979
g(x) = 4.3641e+06
g(x) = 8.3993e+22
g(x) = 1.1796e+72
g(x) = 6.5314e+219
g(x) = nan
decreasing g factor from 0.13169 to 0.087791
g(x) = 22.979
g(x) = 7.8485e+05
g(x) = 9.7636e+19
g(x) = 3.6875e+62
g(x) = 4.1036e+190
g(x) = inf
g(x) = nan
decreasing g factor from 0.087791 to 0.058528
g(x) = 22.979
g(x) = 1.3425e+05
g(x) = 9.7991e+16
g(x) = 7.4476e+52
g(x) = 7.1642e+160
g(x) = inf
g(x) = nan
decreasing g factor from 0.058528 to 0.039018
g(x) = 22.979
g(x) = 21222
g(x) = 7.7479e+13
g(x) = 7.3887e+42
g(x) = 1.5785e+130
g(x) = inf
g(x) = nan
decreasing g factor from 0.039018 to 0.026012
g(x) = 22.979
g(x) = 2963.1
g(x) = 4.0809e+10
g(x) = 2.1545e+32
g(x) = 1.0296e+98
g(x) = 1.0737e+296
g(x) = nan
decreasing g factor from 0.026012 to 0.017342
g(x) = 22.979
g(x) = 346.41
g(x) = 1.067e+07
g(x) = 8.2641e+20
g(x) = 1.4301e+63
g(x) = 2.7966e+190
g(x) = inf
g(x) = nan
decreasing g factor from 0.017342 to 0.011561
g(x) = 22.979
g(x) = 38.349
g(x) = 2693.3
g(x) = 1.0699e+11
g(x) = 9.0155e+33
g(x) = 5.4045e+102
g(x) = inf
g(x) = nan
decreasing g factor from 0.011561 to 0.0077073
g(x) = 22.979
g(x) = 9.1865
g(x) = 5.5856
g(x) = 2.4039
g(x) = 2.1104
g(x) = 1.8945
g(x) = 1.7192
g(x) = 1.5692
g(x) = 1.4381
g(x) = 1.3244
g(x) = 1.2283
g(x) = 1.1488
g(x) = 1.0837
g(x) = 1.0299
g(x) = 0.98447
g(x) = 0.94532
g(x) = 0.91109
g(x) = 0.88087
g(x) = 0.85401
g(x) = 0.83003
g(x) = 0.80856
g(x) = 0.78925
g(x) = 0.77181
g(x) = 0.75596
g(x) = 0.74143
g(x) = 0.72801
g(x) = 0.71547
g(x) = 0.70367
g(x) = 0.69246
g(x) = 0.68172
g(x) = 0.67136
g(x) = 0.6613
g(x) = 0.65149
g(x) = 0.64188
g(x) = 0.63241
g(x) = 0.62307
g(x) = 0.61381
g(x) = 0.60463
g(x) = 0.59549
g(x) = 0.5864
g(x) = 0.57733
g(x) = 0.5683
g(x) = 0.55929
g(x) = 0.55032
g(x) = 0.54141
g(x) = 0.53258
g(x) = 0.52384
g(x) = 0.51523
g(x) = 0.50677
g(x) = 0.4985
g(x) = 0.49045
g(x) = 0.48263
g(x) = 0.47507
g(x) = 0.46778
g(x) = 0.46076
g(x) = 0.45402
g(x) = 0.44754
g(x) = 0.44131
g(x) = 0.43532
g(x) = 0.42953
g(x) = 0.42394
g(x) = 0.41852
g(x) = 0.41325
g(x) = 0.40811
g(x) = 0.40309
g(x) = 0.39818
g(x) = 0.39336
g(x) = 0.38862
g(x) = 0.38395
g(x) = 0.37936
g(x) = 0.37482
g(x) = 0.37035
g(x) = 0.36592
g(x) = 0.36155
g(x) = 0.35723
g(x) = 0.35295
g(x) = 0.34871
g(x) = 0.34452
g(x) = 0.34037
g(x) = 0.33626
g(x) = 0.33218
g(x) = 0.32815
g(x) = 0.32415
g(x) = 0.32018
g(x) = 0.31625
g(x) = 0.31236
g(x) = 0.3085
g(x) = 0.30467
g(x) = 0.30087
g(x) = 0.29711
g(x) = 0.29338
g(x) = 0.28967
g(x) = 0.286
g(x) = 0.28236
g(x) = 0.27874
g(x) = 0.27516
g(x) = 0.2716
g(x) = 0.26807
g(x) = 0.26457
g(x) = 0.2611
g(x) = 0.25765
g(x) = 0.25423
g(x) = 0.25084
g(x) = 0.24747
g(x) = 0.24413
g(x) = 0.24081
g(x) = 0.23751
g(x) = 0.23425
g(x) = 0.231
g(x) = 0.22779
g(x) = 0.22459
g(x) = 0.22142
g(x) = 0.21827
g(x) = 0.21515
g(x) = 0.21205
g(x) = 0.20897
g(x) = 0.20592
g(x) = 0.20289
g(x) = 0.19988
g(x) = 0.1969
g(x) = 0.19394
g(x) = 0.191
g(x) = 0.18808
g(x) = 0.18519
g(x) = 0.18232
g(x) = 0.17947
g(x) = 0.17665
g(x) = 0.17384
g(x) = 0.17106
g(x) = 0.1683
g(x) = 0.16557
g(x) = 0.16286
g(x) = 0.16017
g(x) = 0.1575
g(x) = 0.15486
g(x) = 0.15224
g(x) = 0.14964
g(x) = 0.14706
g(x) = 0.14451
g(x) = 0.14198
g(x) = 0.13948
g(x) = 0.137
g(x) = 0.13454
g(x) = 0.1321
g(x) = 0.12969
g(x) = 0.12731
g(x) = 0.12495
g(x) = 0.12261
g(x) = 0.12029
g(x) = 0.11801
g(x) = 0.11574
g(x) = 0.1135
g(x) = 0.11129
g(x) = 0.1091
g(x) = 0.10693
g(x) = 0.10479
g(x) = 0.10268
g(x) = 0.10059
g(x) = 0.098528
g(x) = 0.096491
g(x) = 0.094479
g(x) = 0.092494
g(x) = 0.090534
g(x) = 0.088601
g(x) = 0.086693
g(x) = 0.084812
g(x) = 0.082957
g(x) = 0.081128
g(x) = 0.079326
g(x) = 0.07755
g(x) = 0.075801
g(x) = 0.074077
g(x) = 0.07238
g(x) = 0.07071
g(x) = 0.069066
g(x) = 0.067448
g(x) = 0.065857
g(x) = 0.064292
g(x) = 0.062753
g(x) = 0.06124
g(x) = 0.059753
g(x) = 0.058292
g(x) = 0.056857
g(x) = 0.055447
g(x) = 0.054064
g(x) = 0.052705
g(x) = 0.051372
g(x) = 0.050065
g(x) = 0.048782
g(x) = 0.047524
g(x) = 0.046291
g(x) = 0.045082
g(x) = 0.043898
g(x) = 0.042738
g(x) = 0.041601
g(x) = 0.040488
g(x) = 0.039399
g(x) = 0.038333
g(x) = 0.03729
g(x) = 0.036269
g(x) = 0.035271
g(x) = 0.034295
g(x) = 0.033341
g(x) = 0.032408
g(x) = 0.031497
g(x) = 0.030607
g(x) = 0.029738
g(x) = 0.028889
g(x) = 0.02806
g(x) = 0.027251
g(x) = 0.026462
g(x) = 0.025692
g(x) = 0.024941
g(x) = 0.024208
g(x) = 0.023494
g(x) = 0.022798
g(x) = 0.02212
g(x) = 0.021459
g(x) = 0.020815
g(x) = 0.020188
g(x) = 0.019577
g(x) = 0.018983
g(x) = 0.018404
g(x) = 0.017841
g(x) = 0.017293
g(x) = 0.01676
g(x) = 0.016241
g(x) = 0.015737
g(x) = 0.015246
g(x) = 0.01477
g(x) = 0.014306
g(x) = 0.013856
g(x) = 0.013419
g(x) = 0.012994
g(x) = 0.012581
g(x) = 0.01218
g(x) = 0.011791
g(x) = 0.011413
g(x) = 0.011046
g(x) = 0.01069
g(x) = 0.010344
g(x) = 0.010009
g(x) = 0.0096839
g(x) = 0.0093685
g(x) = 0.0090625
g(x) = 0.0087659
g(x) = 0.0084782
g(x) = 0.0081994
g(x) = 0.0079291
g(x) = 0.0076671
g(x) = 0.0074132
g(x) = 0.0071672
g(x) = 0.0069289
g(x) = 0.0066981
g(x) = 0.0064744
g(x) = 0.0062579
g(x) = 0.0060482
g(x) = 0.0058451
g(x) = 0.0056485
g(x) = 0.0054582
g(x) = 0.005274
g(x) = 0.0050957
g(x) = 0.0049231
g(x) = 0.0047562
g(x) = 0.0045946
g(x) = 0.0044383
g(x) = 0.0042871
g(x) = 0.0041408
g(x) = 0.0039994
g(x) = 0.0038625
g(x) = 0.0037302
g(x) = 0.0036023
g(x) = 0.0034786
g(x) = 0.003359
g(x) = 0.0032434
g(x) = 0.0031316
g(x) = 0.0030236
g(x) = 0.0029192
g(x) = 0.0028182
g(x) = 0.0027207
g(x) = 0.0026265
g(x) = 0.0025354
g(x) = 0.0024474
g(x) = 0.0023624
g(x) = 0.0022803
g(x) = 0.002201
g(x) = 0.0021243
g(x) = 0.0020503
g(x) = 0.0019788
g(x) = 0.0019098
g(x) = 0.0018431
g(x) = 0.0017787
g(x) = 0.0017165
g(x) = 0.0016564
g(x) = 0.0015984
g(x) = 0.0015425
g(x) = 0.0014884
g(x) = 0.0014362
g(x) = 0.0013858
g(x) = 0.0013372
g(x) = 0.0012902
g(x) = 0.0012449
g(x) = 0.0012012
g(x) = 0.0011589
g(x) = 0.0011182
g(x) = 0.0010788
g(x) = 0.0010409
g(x) = 0.0010042
g(x) = 0.00096886
g(x) = 0.00093474
g(x) = 0.0009018
g(x) = 0.00087002
g(x) = 0.00083935
g(x) = 0.00080976
g(x) = 0.0007812
g(x) = 0.00075365
g(x) = 0.00072707
g(x) = 0.00070141
g(x) = 0.00067666
g(x) = 0.00065278
g(x) = 0.00062974
g(x) = 0.00060752
g(x) = 0.00058607
g(x) = 0.00056538
g(x) = 0.00054542
g(x) = 0.00052616
g(x) = 0.00050759
g(x) = 0.00048967
g(x) = 0.00047238
g(x) = 0.0004557
g(x) = 0.00043961
g(x) = 0.00042409
g(x) = 0.00040912
g(x) = 0.00039468
g(x) = 0.00038074
g(x) = 0.00036731
g(x) = 0.00035434
g(x) = 0.00034184
g(x) = 0.00032977
g(x) = 0.00031814
g(x) = 0.00030692
g(x) = 0.00029609
g(x) = 0.00028565
g(x) = 0.00027557
g(x) = 0.00026586
g(x) = 0.00025648
g(x) = 0.00024744
g(x) = 0.00023872
g(x) = 0.00023031
g(x) = 0.0002222
g(x) = 0.00021437
g(x) = 0.00020682
g(x) = 0.00019954
g(x) = 0.00019252
g(x) = 0.00018574
g(x) = 0.00017921
g(x) = 0.0001729
g(x) = 0.00016682
g(x) = 0.00016096
g(x) = 0.0001553
g(x) = 0.00014984
g(x) = 0.00014458
g(x) = 0.0001395
g(x) = 0.0001346
g(x) = 0.00012988
g(x) = 0.00012532
g(x) = 0.00012092
g(x) = 0.00011668
g(x) = 0.00011259
g(x) = 0.00010864
g(x) = 0.00010484
g(x) = 0.00010116
g(x) = 9.7622e-05
g(x) = 9.4204e-05
g(x) = 9.0907e-05
g(x) = 8.7726e-05
g(x) = 8.4658e-05
g(x) = 8.1698e-05
g(x) = 7.8842e-05
g(x) = 7.6087e-05
g(x) = 7.3429e-05
g(x) = 7.0865e-05
g(x) = 6.8392e-05
g(x) = 6.6005e-05
g(x) = 6.3703e-05
g(x) = 6.1481e-05
g(x) = 5.9338e-05
g(x) = 5.727e-05
g(x) = 5.5275e-05
g(x) = 5.335e-05
g(x) = 5.1493e-05
g(x) = 4.9701e-05
g(x) = 4.7973e-05
g(x) = 4.6304e-05
g(x) = 4.4695e-05
g(x) = 4.3142e-05
g(x) = 4.1643e-05
g(x) = 4.0197e-05
g(x) = 3.8802e-05
g(x) = 3.7456e-05
g(x) = 3.6157e-05
g(x) = 3.4903e-05
g(x) = 3.3693e-05
g(x) = 3.2526e-05
g(x) = 3.14e-05
g(x) = 3.0313e-05
g(x) = 2.9264e-05
g(x) = 2.8251e-05
g(x) = 2.7274e-05
g(x) = 2.6332e-05
g(x) = 2.5422e-05
g(x) = 2.4544e-05
g(x) = 2.3696e-05
g(x) = 2.2878e-05
g(x) = 2.2089e-05
g(x) = 2.1327e-05
g(x) = 2.0592e-05
g(x) = 1.9882e-05
g(x) = 1.9197e-05
g(x) = 1.8536e-05
g(x) = 1.7898e-05
g(x) = 1.7282e-05
g(x) = 1.6688e-05
g(x) = 1.6114e-05
g(x) = 1.556e-05
g(x) = 1.5026e-05
g(x) = 1.4509e-05
g(x) = 1.4011e-05
g(x) = 1.3531e-05
g(x) = 1.3066e-05
g(x) = 1.2618e-05
g(x) = 1.2186e-05
g(x) = 1.1768e-05
g(x) = 1.1365e-05
g(x) = 1.0976e-05
g(x) = 1.06e-05
g(x) = 1.0238e-05
g(x) = 9.8874e-06
g(x) = 9.5494e-06
g(x) = 9.223e-06
g(x) = 8.908e-06
g(x) = 8.6037e-06
g(x) = 8.31e-06
g(x) = 8.0265e-06
g(x) = 7.7527e-06
g(x) = 7.4883e-06
g(x) = 7.2331e-06
g(x) = 6.9866e-06
g(x) = 6.7487e-06
g(x) = 6.5189e-06
g(x) = 6.297e-06
g(x) = 6.0828e-06
g(x) = 5.8759e-06
g(x) = 5.6761e-06
g(x) = 5.4832e-06
g(x) = 5.297e-06
g(x) = 5.1171e-06
g(x) = 4.9434e-06
g(x) = 4.7756e-06
g(x) = 4.6136e-06
g(x) = 4.4572e-06
g(x) = 4.3061e-06
g(x) = 4.1602e-06
g(x) = 4.0192e-06
g(x) = 3.8831e-06
g(x) = 3.7517e-06
g(x) = 3.6248e-06
g(x) = 3.5022e-06
g(x) = 3.3837e-06
g(x) = 3.2694e-06
g(x) = 3.1589e-06
g(x) = 3.0522e-06
g(x) = 2.9492e-06
g(x) = 2.8496e-06
g(x) = 2.7535e-06
g(x) = 2.6606e-06
g(x) = 2.5709e-06
g(x) = 2.4842e-06
g(x) = 2.4005e-06
g(x) = 2.3197e-06
g(x) = 2.2416e-06
g(x) = 2.1661e-06
g(x) = 2.0933e-06
g(x) = 2.0228e-06
g(x) = 1.9548e-06
g(x) = 1.8891e-06
g(x) = 1.8257e-06
g(x) = 1.7643e-06
g(x) = 1.7051e-06
g(x) = 1.6479e-06
g(x) = 1.5926e-06
g(x) = 1.5391e-06
g(x) = 1.4875e-06
g(x) = 1.4377e-06
g(x) = 1.3895e-06
g(x) = 1.343e-06
g(x) = 1.298e-06
g(x) = 1.2545e-06
g(x) = 1.2125e-06
g(x) = 1.172e-06
g(x) = 1.1328e-06
g(x) = 1.0949e-06
g(x) = 1.0583e-06
g(x) = 1.023e-06
g(x) = 9.888e-07
g(x) = 9.5579e-07
g(x) = 9.2389e-07
g(x) = 8.9306e-07
g(x) = 8.6327e-07
g(x) = 8.3448e-07
g(x) = 8.0667e-07
g(x) = 7.7979e-07
g(x) = 7.5381e-07
g(x) = 7.2871e-07
g(x) = 7.0445e-07
g(x) = 6.81e-07
g(x) = 6.5834e-07
g(x) = 6.3645e-07
g(x) = 6.1529e-07
g(x) = 5.9483e-07
g(x) = 5.7507e-07
g(x) = 5.5596e-07
g(x) = 5.375e-07
g(x) = 5.1966e-07
g(x) = 5.0241e-07
g(x) = 4.8574e-07
g(x) = 4.6963e-07
g(x) = 4.5406e-07
g(x) = 4.3901e-07
g(x) = 4.2446e-07
g(x) = 4.104e-07
g(x) = 3.9681e-07
g(x) = 3.8367e-07
g(x) = 3.7097e-07
g(x) = 3.587e-07
g(x) = 3.4683e-07
g(x) = 3.3537e-07
g(x) = 3.2428e-07
g(x) = 3.1356e-07
g(x) = 3.032e-07
g(x) = 2.9319e-07
g(x) = 2.8351e-07
g(x) = 2.7415e-07
g(x) = 2.651e-07
g(x) = 2.5636e-07
g(x) = 2.479e-07
g(x) = 2.3973e-07
g(x) = 2.3183e-07
g(x) = 2.2419e-07
g(x) = 2.168e-07
g(x) = 2.0966e-07
g(x) = 2.0276e-07
g(x) = 1.9609e-07
g(x) = 1.8964e-07
g(x) = 1.834e-07
g(x) = 1.7737e-07
g(x) = 1.7154e-07
g(x) = 1.659e-07
g(x) = 1.6045e-07
g(x) = 1.5518e-07
g(x) = 1.5008e-07
g(x) = 1.4515e-07
g(x) = 1.4039e-07
g(x) = 1.3578e-07
g(x) = 1.3133e-07
g(x) = 1.2702e-07
g(x) = 1.2286e-07
g(x) = 1.1883e-07
g(x) = 1.1494e-07
g(x) = 1.1117e-07
g(x) = 1.0753e-07
g(x) = 1.0401e-07
g(x) = 1.0061e-07
g(x) = 9.7316e-08
g(x) = 9.4133e-08
g(x) = 9.1055e-08
g(x) = 8.8078e-08
g(x) = 8.5199e-08
g(x) = 8.2415e-08
g(x) = 7.9723e-08
g(x) = 7.7119e-08
g(x) = 7.4601e-08
g(x) = 7.2166e-08
g(x) = 6.9811e-08
g(x) = 6.7534e-08
g(x) = 6.5331e-08
g(x) = 6.3201e-08
g(x) = 6.1141e-08
g(x) = 5.9148e-08
g(x) = 5.7221e-08
g(x) = 5.5357e-08
g(x) = 5.3555e-08
g(x) = 5.1811e-08
g(x) = 5.0125e-08
g(x) = 4.8494e-08
g(x) = 4.6917e-08
g(x) = 4.5391e-08
g(x) = 4.3915e-08
g(x) = 4.2488e-08
g(x) = 4.1107e-08
g(x) = 3.9772e-08
g(x) = 3.848e-08
g(x) = 3.7231e-08
g(x) = 3.6022e-08
g(x) = 3.4853e-08
g(x) = 3.3722e-08
g(x) = 3.2628e-08
g(x) = 3.157e-08
g(x) = 3.0547e-08
g(x) = 2.9557e-08
g(x) = 2.8599e-08
g(x) = 2.7673e-08
g(x) = 2.6776e-08
g(x) = 2.5909e-08
g(x) = 2.5071e-08
g(x) = 2.4259e-08
g(x) = 2.3475e-08
g(x) = 2.2715e-08
g(x) = 2.1981e-08
g(x) = 2.127e-08
g(x) = 2.0583e-08
g(x) = 1.9917e-08
g(x) = 1.9274e-08
g(x) = 1.8652e-08
g(x) = 1.8049e-08
g(x) = 1.7467e-08
g(x) = 1.6903e-08
g(x) = 1.6358e-08
g(x) = 1.583e-08
g(x) = 1.5319e-08
g(x) = 1.4826e-08
g(x) = 1.4348e-08
g(x) = 1.3885e-08
g(x) = 1.3438e-08
g(x) = 1.3005e-08
g(x) = 1.2586e-08
g(x) = 1.2181e-08
g(x) = 1.1789e-08
g(x) = 1.141e-08
g(x) = 1.1043e-08
g(x) = 1.0688e-08
g(x) = 1.0344e-08
g(x) = 1.0011e-08
g(x) = 9.6897e-09
g(x) = 9.3784e-09
g(x) = 9.0771e-09
g(x) = 8.7856e-09
g(x) = 8.5035e-09
g(x) = 8.2306e-09
g(x) = 7.9664e-09
g(x) = 7.7108e-09
g(x) = 7.4635e-09
g(x) = 7.2242e-09
g(x) = 6.9926e-09
g(x) = 6.7684e-09
g(x) = 6.5515e-09
g(x) = 6.3416e-09
g(x) = 6.1385e-09
g(x) = 5.942e-09
g(x) = 5.7517e-09
g(x) = 5.5676e-09
g(x) = 5.3895e-09
g(x) = 5.2171e-09
g(x) = 5.0502e-09
g(x) = 4.8887e-09
g(x) = 4.7324e-09
g(x) = 4.5812e-09
g(x) = 4.4348e-09
g(x) = 4.2931e-09
g(x) = 4.156e-09
g(x) = 4.0233e-09
g(x) = 3.8949e-09
g(x) = 3.7706e-09
g(x) = 3.6503e-09
g(x) = 3.5338e-09
g(x) = 3.4211e-09
g(x) = 3.312e-09
g(x) = 3.2065e-09
g(x) = 3.1043e-09
g(x) = 3.0054e-09
g(x) = 2.9096e-09
g(x) = 2.817e-09
g(x) = 2.7273e-09
g(x) = 2.6404e-09
g(x) = 2.5564e-09
g(x) = 2.4751e-09
g(x) = 2.3963e-09
g(x) = 2.3201e-09
g(x) = 2.2464e-09
g(x) = 2.175e-09
g(x) = 2.1058e-09
g(x) = 2.0389e-09
g(x) = 1.9742e-09
g(x) = 1.9115e-09
g(x) = 1.8508e-09
g(x) = 1.792e-09
g(x) = 1.7352e-09
g(x) = 1.6801e-09
g(x) = 1.6268e-09
g(x) = 1.5752e-09
g(x) = 1.5253e-09
g(x) = 1.4769e-09
g(x) = 1.4301e-09
g(x) = 1.3848e-09
g(x) = 1.3409e-09
g(x) = 1.2985e-09
g(x) = 1.2573e-09
g(x) = 1.2175e-09
g(x) = 1.179e-09
g(x) = 1.1417e-09
g(x) = 1.1056e-09
g(x) = 1.0706e-09
g(x) = 1.0368e-09
g(x) = 1.004e-09
g(x) = 9.7227e-10
g(x) = 9.4155e-10
g(x) = 9.1181e-10
g(x) = 8.8301e-10
g(x) = 8.5513e-10
g(x) = 8.2813e-10
g(x) = 8.02e-10
g(x) = 7.7669e-10
g(x) = 7.5219e-10
g(x) = 7.2847e-10
g(x) = 7.055e-10
g(x) = 6.8326e-10
g(x) = 6.6172e-10
g(x) = 6.4087e-10
g(x) = 6.2068e-10
g(x) = 6.0113e-10
g(x) = 5.822e-10
g(x) = 5.6388e-10
g(x) = 5.4613e-10
g(x) = 5.2894e-10
g(x) = 5.123e-10
g(x) = 4.9619e-10
g(x) = 4.8059e-10
g(x) = 4.6548e-10
g(x) = 4.5085e-10
g(x) = 4.3668e-10
g(x) = 4.2296e-10
g(x) = 4.0968e-10
g(x) = 3.9681e-10
g(x) = 3.8435e-10
g(x) = 3.7229e-10
g(x) = 3.606e-10
g(x) = 3.4929e-10
g(x) = 3.3833e-10
g(x) = 3.2772e-10
g(x) = 3.1745e-10
g(x) = 3.075e-10
g(x) = 2.9786e-10
g(x) = 2.8853e-10
g(x) = 2.7949e-10
g(x) = 2.7074e-10
g(x) = 2.6226e-10
g(x) = 2.5405e-10
g(x) = 2.461e-10
g(x) = 2.384e-10
g(x) = 2.3094e-10
g(x) = 2.2372e-10
g(x) = 2.1672e-10
g(x) = 2.0995e-10
g(x) = 2.0339e-10
g(x) = 1.9703e-10
g(x) = 1.9088e-10
g(x) = 1.8492e-10
g(x) = 1.7914e-10
g(x) = 1.7355e-10
g(x) = 1.6813e-10
g(x) = 1.6289e-10
g(x) = 1.578e-10
g(x) = 1.5288e-10
g(x) = 1.4811e-10
g(x) = 1.435e-10
g(x) = 1.3902e-10
g(x) = 1.3469e-10
g(x) = 1.3049e-10
g(x) = 1.2643e-10
g(x) = 1.2249e-10
g(x) = 1.1868e-10
g(x) = 1.1498e-10
g(x) = 1.1141e-10
g(x) = 1.0794e-10
g(x) = 1.0458e-10
g(x) = 1.0133e-10
g(x) = 9.8178e-11
g(x) = 9.5126e-11
g(x) = 9.217e-11
g(x) = 8.9306e-11
g(x) = 8.6531e-11
g(x) = 8.3844e-11
g(x) = 8.124e-11
g(x) = 7.8718e-11
g(x) = 7.6275e-11
g(x) = 7.3908e-11
g(x) = 7.1615e-11
g(x) = 6.9393e-11
g(x) = 6.7242e-11
g(x) = 6.5157e-11
g(x) = 6.3137e-11
g(x) = 6.118e-11
g(x) = 5.9285e-11
g(x) = 5.7448e-11
g(x) = 5.5669e-11
g(x) = 5.3945e-11
g(x) = 5.2275e-11
g(x) = 5.0658e-11
g(x) = 4.909e-11
g(x) = 4.7571e-11
g(x) = 4.61e-11
g(x) = 4.4675e-11
g(x) = 4.3293e-11
g(x) = 4.1955e-11
g(x) = 4.0659e-11
g(x) = 3.9403e-11
g(x) = 3.8185e-11
g(x) = 3.7006e-11
g(x) = 3.5864e-11
g(x) = 3.4757e-11
g(x) = 3.3684e-11
g(x) = 3.2645e-11
g(x) = 3.1638e-11
g(x) = 3.0662e-11
g(x) = 2.9716e-11
g(x) = 2.88e-11
g(x) = 2.7913e-11
g(x) = 2.7053e-11
g(x) = 2.6219e-11
g(x) = 2.5412e-11
g(x) = 2.4629e-11
g(x) = 2.3871e-11
g(x) = 2.3136e-11
g(x) = 2.2424e-11
g(x) = 2.1734e-11
g(x) = 2.1066e-11
g(x) = 2.0418e-11
g(x) = 1.979e-11
g(x) = 1.9182e-11
g(x) = 1.8592e-11
g(x) = 1.8021e-11
g(x) = 1.7467e-11
g(x) = 1.6931e-11
g(x) = 1.6411e-11
g(x) = 1.5907e-11
g(x) = 1.5419e-11
g(x) = 1.4945e-11
g(x) = 1.4487e-11
g(x) = 1.4042e-11
g(x) = 1.3612e-11
g(x) = 1.3194e-11
g(x) = 1.279e-11
g(x) = 1.2398e-11
g(x) = 1.2018e-11
g(x) = 1.165e-11
g(x) = 1.1293e-11
g(x) = 1.0947e-11
g(x) = 1.0612e-11
g(x) = 1.0287e-11
g(x) = 9.9725e-12
g(x) = 9.6674e-12
g(x) = 9.3716e-12
g(x) = 9.085e-12
g(x) = 8.8072e-12
g(x) = 8.538e-12
g(x) = 8.277e-12
g(x) = 8.0241e-12
g(x) = 7.779e-12
g(x) = 7.5414e-12
g(x) = 7.3111e-12
g(x) = 7.0879e-12
g(x) = 6.8715e-12
g(x) = 6.6618e-12
g(x) = 6.4585e-12
g(x) = 6.2615e-12
g(x) = 6.0705e-12
g(x) = 5.8854e-12
g(x) = 5.706e-12
g(x) = 5.5321e-12
g(x) = 5.3635e-12
g(x) = 5.2001e-12
g(x) = 5.0417e-12
g(x) = 4.8881e-12
g(x) = 4.7393e-12
g(x) = 4.595e-12
g(x) = 4.4552e-12
g(x) = 4.3196e-12
g(x) = 4.1882e-12
g(x) = 4.0608e-12
g(x) = 3.9373e-12
g(x) = 3.8176e-12
g(x) = 3.7016e-12
g(x) = 3.5891e-12
g(x) = 3.48e-12
g(x) = 3.3743e-12
g(x) = 3.2718e-12
g(x) = 3.1725e-12
g(x) = 3.0762e-12
g(x) = 2.9828e-12
g(x) = 2.8923e-12
g(x) = 2.8045e-12
g(x) = 2.7194e-12
g(x) = 2.637e-12
g(x) = 2.557e-12
g(x) = 2.4795e-12
g(x) = 2.4043e-12
g(x) = 2.3315e-12
g(x) = 2.2608e-12
g(x) = 2.1923e-12
g(x) = 2.1259e-12
g(x) = 2.0616e-12
g(x) = 1.9992e-12
g(x) = 1.9387e-12
g(x) = 1.88e-12
g(x) = 1.8231e-12
g(x) = 1.768e-12
g(x) = 1.7145e-12
g(x) = 1.6627e-12
g(x) = 1.6124e-12
g(x) = 1.5637e-12
g(x) = 1.5164e-12
g(x) = 1.4706e-12
g(x) = 1.4262e-12
g(x) = 1.3831e-12
g(x) = 1.3413e-12
g(x) = 1.3009e-12
g(x) = 1.2616e-12
g(x) = 1.2235e-12
g(x) = 1.1866e-12
g(x) = 1.1508e-12
g(x) = 1.1161e-12
g(x) = 1.0825e-12
g(x) = 1.0498e-12
g(x) = 1.0182e-12
g(x) = 9.8751e-13
g(x) = 9.5776e-13
g(x) = 9.2891e-13
g(x) = 9.0093e-13
g(x) = 8.738e-13
g(x) = 8.475e-13
g(x) = 8.2199e-13
g(x) = 7.9726e-13
g(x) = 7.7327e-13
g(x) = 7.5001e-13
g(x) = 7.2745e-13
g(x) = 7.0558e-13
g(x) = 6.8437e-13
g(x) = 6.638e-13
g(x) = 6.4385e-13
g(x) = 6.2451e-13
g(x) = 6.0575e-13
g(x) = 5.8755e-13
g(x) = 5.6991e-13
g(x) = 5.528e-13
g(x) = 5.3621e-13
g(x) = 5.2012e-13
g(x) = 5.0451e-13
g(x) = 4.8937e-13
g(x) = 4.747e-13
g(x) = 4.6046e-13
g(x) = 4.4666e-13
g(x) = 4.3327e-13
g(x) = 4.2028e-13
g(x) = 4.0769e-13
g(x) = 3.9547e-13
g(x) = 3.8363e-13
g(x) = 3.7214e-13
g(x) = 3.61e-13
g(x) = 3.5019e-13
g(x) = 3.3971e-13
g(x) = 3.2954e-13
g(x) = 3.1968e-13
g(x) = 3.1012e-13
g(x) = 3.0085e-13
g(x) = 2.9185e-13
g(x) = 2.8312e-13
g(x) = 2.7466e-13
g(x) = 2.6645e-13
g(x) = 2.5849e-13
g(x) = 2.5077e-13
g(x) = 2.4328e-13
g(x) = 2.3601e-13
g(x) = 2.2897e-13
g(x) = 2.2213e-13
g(x) = 2.155e-13
g(x) = 2.0907e-13
g(x) = 2.0283e-13
g(x) = 1.9678e-13
g(x) = 1.9091e-13
g(x) = 1.8522e-13
g(x) = 1.797e-13
g(x) = 1.7434e-13
g(x) = 1.6914e-13
g(x) = 1.641e-13
g(x) = 1.5922e-13
g(x) = 1.5447e-13
g(x) = 1.4987e-13
g(x) = 1.4541e-13
g(x) = 1.4108e-13
g(x) = 1.3688e-13
g(x) = 1.3281e-13
g(x) = 1.2886e-13
g(x) = 1.2502e-13
g(x) = 1.213e-13
g(x) = 1.177e-13
g(x) = 1.142e-13
g(x) = 1.108e-13
g(x) = 1.0751e-13
g(x) = 1.0431e-13
g(x) = 1.0121e-13
g(x) = 9.8207e-14
g(x) = 9.529e-14
g(x) = 9.246e-14
g(x) = 8.9715e-14
g(x) = 8.7052e-14
g(x) = 8.4468e-14
g(x) = 8.1961e-14
g(x) = 7.9529e-14
g(x) = 7.717e-14
g(x) = 7.4881e-14
g(x) = 7.266e-14
g(x) = 7.0506e-14
g(x) = 6.8416e-14
g(x) = 6.6388e-14
g(x) = 6.442e-14
g(x) = 6.2511e-14
g(x) = 6.066e-14
g(x) = 5.8863e-14
g(x) = 5.712e-14
g(x) = 5.5428e-14
g(x) = 5.3787e-14
g(x) = 5.2195e-14
g(x) = 5.065e-14
g(x) = 4.9152e-14
g(x) = 4.7697e-14
g(x) = 4.6287e-14
g(x) = 4.4918e-14
g(x) = 4.3589e-14
g(x) = 4.2301e-14
g(x) = 4.105e-14
g(x) = 3.9837e-14
g(x) = 3.866e-14
g(x) = 3.7518e-14
g(x) = 3.6409e-14
g(x) = 3.5334e-14
g(x) = 3.429e-14
g(x) = 3.3278e-14
g(x) = 3.2295e-14
g(x) = 3.1342e-14
g(x) = 3.0417e-14
g(x) = 2.952e-14
g(x) = 2.8649e-14
g(x) = 2.7804e-14
g(x) = 2.6984e-14
g(x) = 2.6188e-14
g(x) = 2.5416e-14
g(x) = 2.4667e-14
g(x) = 2.394e-14
g(x) = 2.3234e-14
g(x) = 2.255e-14
g(x) = 2.1885e-14
g(x) = 2.1241e-14
g(x) = 2.0615e-14
g(x) = 2.0008e-14
g(x) = 1.9419e-14
g(x) = 1.8847e-14
g(x) = 1.8293e-14
g(x) = 1.7754e-14
g(x) = 1.7232e-14
g(x) = 1.6725e-14
g(x) = 1.6233e-14
g(x) = 1.5756e-14
g(x) = 1.5293e-14
g(x) = 1.4843e-14
g(x) = 1.4407e-14
g(x) = 1.3983e-14
g(x) = 1.3572e-14
g(x) = 1.3174e-14
g(x) = 1.2787e-14
g(x) = 1.2411e-14
g(x) = 1.2046e-14
g(x) = 1.1693e-14
g(x) = 1.1349e-14
g(x) = 1.1016e-14
g(x) = 1.0693e-14
g(x) = 1.0379e-14
g(x) = 1.0075e-14
g(x) = 9.7791e-15
g(x) = 9.4922e-15
g(x) = 9.2138e-15
g(x) = 8.9437e-15
g(x) = 8.6814e-15
g(x) = 8.4269e-15
g(x) = 8.1799e-15
g(x) = 7.9402e-15
g(x) = 7.7075e-15
g(x) = 7.4817e-15
g(x) = 7.2626e-15
g(x) = 7.0499e-15
g(x) = 6.8434e-15
g(x) = 6.643e-15
g(x) = 6.4485e-15
g(x) = 6.2598e-15
g(x) = 6.0766e-15
g(x) = 5.8987e-15
g(x) = 5.7261e-15
g(x) = 5.5586e-15
g(x) = 5.396e-15
g(x) = 5.2382e-15
g(x) = 5.085e-15
g(x) = 4.9363e-15
g(x) = 4.792e-15
g(x) = 4.652e-15
g(x) = 4.516e-15
g(x) = 4.384e-15
g(x) = 4.2559e-15
g(x) = 4.1316e-15
g(x) = 4.0109e-15
g(x) = 3.8938e-15
g(x) = 3.7801e-15
g(x) = 3.6697e-15
g(x) = 3.5626e-15
g(x) = 3.4586e-15
g(x) = 3.3576e-15
g(x) = 3.2597e-15
g(x) = 3.1645e-15
g(x) = 3.0722e-15
g(x) = 2.9826e-15
g(x) = 2.8956e-15
g(x) = 2.8112e-15
g(x) = 2.7292e-15
g(x) = 2.6496e-15
g(x) = 2.5724e-15
g(x) = 2.4974e-15
g(x) = 2.4246e-15
g(x) = 2.354e-15
g(x) = 2.2854e-15
g(x) = 2.2188e-15
g(x) = 2.1542e-15
g(x) = 2.0915e-15
g(x) = 2.0306e-15
g(x) = 1.9714e-15
g(x) = 1.9141e-15
g(x) = 1.8583e-15
g(x) = 1.8043e-15
g(x) = 1.7518e-15
g(x) = 1.7008e-15
g(x) = 1.6513e-15
g(x) = 1.6033e-15
g(x) = 1.5566e-15
g(x) = 1.5114e-15
g(x) = 1.4674e-15
g(x) = 1.4248e-15
g(x) = 1.3833e-15
g(x) = 1.3431e-15
g(x) = 1.3041e-15
g(x) = 1.2662e-15
g(x) = 1.2294e-15
g(x) = 1.1937e-15
g(x) = 1.159e-15
g(x) = 1.1253e-15
g(x) = 1.0927e-15
g(x) = 1.0609e-15
g(x) = 1.0301e-15
g(x) = 1.0002e-15
g(x) = 9.7119e-16

--------------------------------
        Initial Matrices        
--------------------------------

M_0^0 = { { (+0.27259,+0.00000), (+0.14587,+0.04692), (+0.11746,-0.29433), (-0.14194,+0.16845), (-0.08658,-0.11152), (-0.07660,-0.00763)},
          { (+0.14587,-0.04692), (+0.08614,+0.00000), (+0.01219,-0.17772), (-0.04696,+0.11458), (-0.06553,-0.04478), (-0.04230,+0.00910)},
          { (+0.11746,+0.29433), (+0.01219,+0.17772), (+0.36841,+0.00000), (-0.24304,-0.08067), (+0.08311,-0.14153), (-0.02476,-0.08599)},
          { (-0.14194,-0.16845), (-0.04696,-0.11458), (-0.24304,+0.08067), (+0.17800,+0.00000), (-0.02384,+0.11157), (+0.03517,+0.05131)},
          { (-0.08658,+0.11152), (-0.06553,+0.04478), (+0.08311,+0.14153), (-0.02384,-0.11157), (+0.07312,+0.00000), (+0.02745,-0.02891)},
          { (-0.07660,+0.00763), (-0.04230,-0.00910), (-0.02476,+0.08599), (+0.03517,-0.05131), (+0.02745,+0.02891), (+0.02174,+0.00000)} } 

|M^2-M|  = 0.00000
tr(M^2-M)  = (0.00000,0.00000)
is M PD? = 0

M_1^0 = { { (+0.19386,+0.00000), (-0.22205,-0.09046), (-0.10288,-0.07141), (+0.02439,-0.02382), (+0.22752,-0.05674), (+0.07086,-0.14811)},
          { (-0.22205,+0.09046), (+0.29656,+0.00000), (+0.15116,+0.03378), (-0.01683,+0.03866), (-0.23413,+0.17116), (-0.01205,+0.20271)},
          { (-0.10288,+0.07141), (+0.15116,-0.03378), (+0.08090,+0.00000), (-0.00417,+0.02162), (-0.09984,+0.11391), (+0.01695,+0.10470)},
          { (+0.02439,+0.02382), (-0.01683,-0.03866), (-0.00417,-0.02162), (+0.00600,+0.00000), (+0.03560,+0.02081), (+0.02711,-0.00993)},
          { (+0.22752,+0.05674), (-0.23413,-0.17116), (-0.09984,-0.11391), (+0.03560,-0.02081), (+0.28363,+0.00000), (+0.12651,-0.15309)},
          { (+0.07086,+0.14811), (-0.01205,-0.20271), (+0.01695,-0.10470), (+0.02711,+0.00993), (+0.12651,+0.15309), (+0.13906,+0.00000)} } 

|M^2-M|  = 0.00000
tr(M^2-M)  = (0.00000,0.00000)
is M PD? = 0

M_2^0 = { { (+0.18197,+0.00000), (+0.23449,-0.02207), (-0.15701,+0.20074), (-0.12205,-0.07722), (+0.07937,+0.03230), (-0.01276,+0.00815)},
          { (+0.23449,+0.02207), (+0.30484,+0.00000), (-0.22667,+0.23964), (-0.14791,-0.11432), (+0.09837,+0.05126), (-0.01743,+0.00895)},
          { (-0.15701,-0.20074), (-0.22667,-0.23964), (+0.35694,+0.00000), (+0.02012,+0.20128), (-0.03285,-0.11544), (+0.02000,+0.00705)},
          { (-0.12205,+0.07722), (-0.14791,+0.11432), (+0.02012,-0.20128), (+0.11464,+0.00000), (-0.06695,+0.01202), (+0.00510,-0.01088)},
          { (+0.07937,-0.03230), (+0.09837,-0.05126), (-0.03285,+0.11544), (-0.06695,-0.01202), (+0.04036,+0.00000), (-0.00412,+0.00582)},
          { (-0.01276,-0.00815), (-0.01743,-0.00895), (+0.02000,-0.00705), (+0.00510,+0.01088), (-0.00412,-0.00582), (+0.00126,+0.00000)} } 

|M^2-M|  = 0.00000
tr(M^2-M)  = (0.00000,0.00000)
is M PD? = 0

M_3^0 = { { (+0.13145,+0.00000), (+0.00468,+0.11126), (+0.05961,+0.11432), (+0.15575,+0.09569), (-0.09341,+0.01833), (+0.20203,-0.04305)},
          { (+0.00468,-0.11126), (+0.09434,+0.00000), (+0.09889,-0.04639), (+0.08654,-0.12842), (+0.01219,+0.07972), (-0.02924,-0.17253)},
          { (+0.05961,-0.11432), (+0.09889,+0.04639), (+0.12646,+0.00000), (+0.15386,-0.09206), (-0.02642,+0.08955), (+0.05419,-0.19522)},
          { (+0.15575,-0.09569), (+0.08654,+0.12842), (+0.15386,+0.09206), (+0.25422,+0.00000), (-0.09734,+0.08972), (+0.20805,-0.19808)},
          { (-0.09341,-0.01833), (+0.01219,-0.07972), (-0.02642,-0.08955), (-0.09734,-0.08972), (+0.06894,+0.00000), (-0.14957,+0.00242)},
          { (+0.20203,+0.04305), (-0.02924,+0.17253), (+0.05419,+0.19522), (+0.20805,+0.19808), (-0.14957,-0.00242), (+0.32460,+0.00000)} } 

|M^2-M|  = 0.00000
tr(M^2-M)  = (-0.00000,0.00000)
is M PD? = 0

M_4^0 = { { (+0.17848,+0.00000), (-0.18527,-0.02480), (+0.04927,+0.06361), (-0.01790,-0.08157), (-0.15509,+0.19888), (-0.16980,+0.07613)},
          { (-0.18527,+0.02480), (+0.19577,+0.00000), (-0.05998,-0.05919), (+0.02992,+0.08219), (+0.13336,-0.22800), (+0.16569,-0.10262)},
          { (+0.04927,-0.06361), (-0.05998,+0.05919), (+0.03627,+0.00000), (-0.03401,-0.01614), (+0.02807,+0.11018), (-0.01974,+0.08153)},
          { (-0.01790,+0.08157), (+0.02992,-0.08219), (-0.03401,+0.01614), (+0.03908,+0.00000), (-0.07534,-0.09083), (-0.01776,-0.08524)},
          { (-0.15509,-0.19888), (+0.13336,+0.22800), (+0.02807,-0.11018), (-0.07534,+0.09083), (+0.35639,+0.00000), (+0.23238,+0.12306)},
          { (-0.16980,-0.07613), (+0.16569,+0.10262), (-0.01974,-0.08153), (-0.01776,+0.08524), (+0.23238,-0.12306), (+0.19402,+0.00000)} } 

|M^2-M|  = 0.00000
tr(M^2-M)  = (0.00000,0.00000)
is M PD? = 0

M_5^0 = { { (+0.04166,+0.00000), (+0.02228,-0.02085), (+0.03354,-0.01294), (+0.10174,-0.08153), (+0.02818,-0.08125), (-0.01373,+0.11452)},
          { (+0.02228,+0.02085), (+0.02236,+0.00000), (+0.02442,+0.00987), (+0.09523,+0.00732), (+0.05575,-0.02936), (-0.06466,+0.05438)},
          { (+0.03354,+0.01294), (+0.02442,-0.00987), (+0.03103,+0.00000), (+0.10725,-0.03404), (+0.04794,-0.05667), (-0.04663,+0.08794)},
          { (+0.10174,+0.08153), (+0.09523,-0.00732), (+0.10725,+0.03404), (+0.40808,+0.00000), (+0.22787,-0.14329), (-0.25767,+0.25282)},
          { (+0.02818,+0.08125), (+0.05575,+0.02936), (+0.04794,+0.05667), (+0.22787,+0.14329), (+0.17755,+0.00000), (-0.23265,+0.05070)},
          { (-0.01373,-0.11452), (-0.06466,-0.05438), (-0.04663,-0.08794), (-0.25767,-0.25282), (-0.23265,-0.05070), (+0.31933,+0.00000)} } 

|M^2-M|  = 0.00000
tr(M^2-M)  = (0.00000,0.00000)
is M PD? = 0

M_0^1 = { { (+0.22703,+0.00000), (+0.10132,-0.21083), (+0.18977,+0.12500), (+0.00531,-0.03312), (-0.20803,-0.04336), (+0.14608,+0.03898)},
          { (+0.10132,+0.21083), (+0.24099,+0.00000), (-0.03139,+0.23201), (+0.03313,-0.00985), (-0.05257,-0.21253), (+0.02900,+0.15304)},
          { (+0.18977,-0.12500), (-0.03139,-0.23201), (+0.22745,+0.00000), (-0.01380,-0.03061), (-0.19776,+0.07829), (+0.14356,-0.04785)},
          { (+0.00531,+0.03312), (+0.03313,+0.00985), (-0.01380,+0.03061), (+0.00496,+0.00000), (+0.00146,-0.03136), (-0.00227,+0.02222)},
          { (-0.20803,+0.04336), (-0.05257,+0.21253), (-0.19776,-0.07829), (+0.00146,+0.03136), (+0.19889,+0.00000), (-0.14129,-0.00781)},
          { (+0.14608,-0.03898), (+0.02900,-0.15304), (+0.14356,+0.04785), (-0.00227,-0.02222), (-0.14129,+0.00781), (+0.10068,+0.00000)} } 

|M^2-M|  = 0.00000
tr(M^2-M)  = (-0.00000,0.00000)
is M PD? = 0

M_1^1 = { { (+0.10870,+0.00000), (-0.14121,+0.03997), (+0.00944,+0.04926), (+0.12544,+0.04089), (-0.00687,+0.08991), (-0.09791,+0.19418)},
          { (-0.14121,-0.03997), (+0.19814,+0.00000), (+0.00585,-0.06746), (-0.14792,-0.09924), (+0.04198,-0.11427), (+0.19860,-0.21626)},
          { (+0.00944,-0.04926), (+0.00585,+0.06746), (+0.02314,+0.00000), (+0.02942,-0.05329), (+0.04015,+0.01092), (+0.07949,+0.06122)},
          { (+0.12544,-0.04089), (-0.14792,+0.09924), (+0.02942,+0.05329), (+0.16013,+0.00000), (+0.02589,+0.10634), (-0.03994,+0.26092)},
          { (-0.00687,-0.08991), (+0.04198,+0.11427), (+0.04015,-0.01092), (+0.02589,-0.10634), (+0.07480,+0.00000), (+0.16680,+0.06871)},
          { (-0.09791,-0.19418), (+0.19860,+0.21626), (+0.07949,-0.06122), (-0.03994,-0.26092), (+0.16680,-0.06871), (+0.43509,+0.00000)} } 

|M^2-M|  = 0.00000
tr(M^2-M)  = (0.00000,0.00000)
is M PD? = 0

M_2^1 = { { (+0.01792,+0.00000), (-0.02969,-0.06477), (-0.02010,+0.02614), (-0.00775,-0.07774), (+0.06920,-0.01338), (-0.01885,-0.00343)},
          { (-0.02969,+0.06477), (+0.28321,+0.00000), (-0.06116,-0.11593), (+0.29376,+0.10076), (-0.06628,+0.27222), (+0.04361,-0.06243)},
          { (-0.02010,-0.02614), (-0.06116,+0.11593), (+0.06066,+0.00000), (-0.10468,+0.09849), (-0.09712,-0.08592), (+0.01614,+0.03133)},
          { (-0.00775,+0.07774), (+0.29376,-0.10076), (-0.10468,-0.09849), (+0.34055,+0.00000), (+0.02810,+0.30594), (+0.02302,-0.08027)},
          { (+0.06920,+0.01338), (-0.06628,-0.27222), (-0.09712,+0.08592), (+0.02810,-0.30594), (+0.27717,+0.00000), (-0.07021,-0.02731)},
          { (-0.01885,+0.00343), (+0.04361,+0.06243), (+0.01614,-0.03133), (+0.02302,+0.08027), (-0.07021,+0.02731), (+0.02048,+0.00000)} } 

|M^2-M|  = 0.00000
tr(M^2-M)  = (-0.00000,0.00000)
is M PD? = 0

M_3^1 = { { (+0.21622,+0.00000), (+0.10276,+0.20235), (+0.11622,-0.07734), (-0.02314,-0.16593), (-0.01765,-0.00330), (-0.22633,-0.13731)},
          { (+0.10276,-0.20235), (+0.23822,+0.00000), (-0.01714,-0.14553), (-0.16629,-0.05720), (-0.01147,+0.01495), (-0.23608,+0.14656)},
          { (+0.11622,+0.07734), (-0.01714,+0.14553), (+0.09014,+0.00000), (+0.04691,-0.09747), (-0.00831,-0.00809), (-0.07254,-0.15477)},
          { (-0.02314,+0.16593), (-0.16629,+0.05720), (+0.04691,+0.09747), (+0.12981,+0.00000), (+0.00442,-0.01319), (+0.12960,-0.15900)},
          { (-0.01765,+0.00330), (-0.01147,-0.01495), (-0.00831,+0.00809), (+0.00442,+0.01319), (+0.00149,+0.00000), (+0.02057,+0.00775)},
          { (-0.22633,+0.13731), (-0.23608,-0.14656), (-0.07254,+0.15477), (+0.12960,+0.15900), (+0.02057,-0.00775), (+0.32412,+0.00000)} } 

|M^2-M|  = 0.00000
tr(M^2-M)  = (-0.00000,0.00000)
is M PD? = 0

M_4^1 = { { (+0.32370,+0.00000), (-0.05249,+0.06965), (-0.37887,-0.02661), (-0.14302,+0.06631), (-0.02488,+0.07173), (+0.17516,-0.07589)},
          { (-0.05249,-0.06965), (+0.02350,+0.00000), (+0.05571,+0.08584), (+0.03746,+0.02002), (+0.01947,-0.00628), (-0.04474,-0.02538)},
          { (-0.37887,+0.02661), (+0.05571,-0.08584), (+0.44564,+0.00000), (+0.16194,-0.08937), (+0.02322,-0.08600), (-0.19878,+0.10323)},
          { (-0.14302,-0.06631), (+0.03746,-0.02002), (+0.16194,+0.08937), (+0.07677,+0.00000), (+0.02569,-0.02660), (-0.09294,-0.00235)},
          { (-0.02488,-0.07173), (+0.01947,+0.00628), (+0.02322,+0.08600), (+0.02569,+0.02660), (+0.01781,+0.00000), (-0.03028,-0.03298)},
          { (+0.17516,+0.07589), (-0.04474,+0.02538), (-0.19878,-0.10323), (-0.09294,+0.00235), (-0.03028,+0.03298), (+0.11258,+0.00000)} } 

|M^2-M|  = 0.00000
tr(M^2-M)  = (0.00000,0.00000)
is M PD? = 0

M_5^1 = { { (+0.10643,+0.00000), (+0.01931,-0.03638), (+0.08355,-0.09644), (+0.04317,+0.16960), (+0.18822,-0.10160), (+0.02185,-0.01653)},
          { (+0.01931,+0.03638), (+0.01594,+0.00000), (+0.04812,+0.01107), (-0.05015,+0.04552), (+0.06887,+0.04591), (+0.00961,+0.00447)},
          { (+0.08355,+0.09644), (+0.04812,-0.01107), (+0.15297,+0.00000), (-0.11979,+0.17225), (+0.23981,+0.09080), (+0.03213,+0.00683)},
          { (+0.04317,-0.16960), (-0.05015,-0.04552), (-0.11979,-0.17225), (+0.28777,+0.00000), (-0.08556,-0.34113), (-0.01747,-0.04152)},
          { (+0.18822,+0.10160), (+0.06887,-0.04591), (+0.23981,-0.09080), (-0.08556,+0.34113), (+0.42984,+0.00000), (+0.05442,-0.00837)},
          { (+0.02185,+0.01653), (+0.00961,-0.00447), (+0.03213,-0.00683), (-0.01747,+0.04152), (+0.05442,+0.00837), (+0.00705,+0.00000)} } 

|M^2-M|  = 0.00000
tr(M^2-M)  = (0.00000,0.00000)
is M PD? = 0

|X^2-X|  = 0.00000
tr(X^2-X)  = 0.00000
isPD(X) = 0
isPSD(X) = 0

----------------------------------
         Iteration 0
----------------------------------
f = -32.78267   r = 14.53579 ?< 10000000000.00000   g = 0.00000

----------------------------------
         Iteration 1
----------------------------------
f = -32.78267   r = 20.35508 ?< 1000000000.00000   g = 0.00000

----------------------------------
         Iteration 2
----------------------------------
f = -32.78267   r = 21.15334 ?< 100000000.00000   g = 0.00000

----------------------------------
         Iteration 3
----------------------------------
f = -32.78267   r = 21.23453 ?< 10000000.00000   g = 0.00000

----------------------------------
         Iteration 4
----------------------------------
f = -32.78267   r = 21.24267 ?< 1000000.00000   g = 0.00000

----------------------------------
         Iteration 5
----------------------------------
f = -32.78267   r = 21.24348 ?< 100000.00000   g = 0.00000

----------------------------------
         Iteration 6
----------------------------------
f = -32.78267   r = 21.24356 ?< 10000.00000   g = 0.00000

----------------------------------
         Iteration 7
----------------------------------
f = -32.78267   r = 21.24357 ?< 1000.00000   g = 0.00000

----------------------------------
         Iteration 8
----------------------------------
f = -32.78267   r = 21.24357 ?< 100.00000   g = 0.00000

----------------------------------
         Iteration 9
----------------------------------
f = -32.78267   r = 21.24357 ?< 10.00000   g = 0.00000
f = -32.79511   r = 15.00627 ?< 10.00000   g = 0.00176
f = -32.80028   r = 10.63575 ?< 10.00000   g = 0.00207
f = -32.80885   r = 7.62908 ?< 10.00000   g = 0.00353

----------------------------------
         Iteration 10
----------------------------------
f = -32.80885   r = 7.62908 ?< 1.00000   g = 0.00353
f = -32.81595   r = 5.45991 ?< 1.00000   g = 0.00371
f = -32.82120   r = 4.04985 ?< 1.00000   g = 0.00555
f = -32.83600   r = 3.03882 ?< 1.00000   g = 0.02297
f = -32.84266   r = 2.25773 ?< 1.00000   g = 0.04187
f = -32.84840   r = 2.05179 ?< 1.00000   g = 0.21801
f = -32.84899   r = 1.44693 ?< 1.00000   g = 0.16329
f = -32.85007   r = 1.03605 ?< 1.00000   g = 0.12276
f = -32.85127   r = 0.74886 ?< 1.00000   g = 0.09281

----------------------------------
         Iteration 11
----------------------------------
f = -32.85127   r = 0.74886 ?< 0.10000   g = 0.09281
f = -32.85277   r = 0.54020 ?< 0.10000   g = 0.07063
f = -32.85413   r = 0.38979 ?< 0.10000   g = 0.05424
f = -32.85497   r = 0.28201 ?< 0.10000   g = 0.04182
f = -32.85509   r = 0.21041 ?< 0.10000   g = 0.03198
f = -32.85462   r = 0.16803 ?< 0.10000   g = 0.02405
f = -32.85456   r = 0.19963 ?< 0.10000   g = 0.02336
f = -32.85452   r = 0.19762 ?< 0.10000   g = 0.02269
f = -32.85452   r = 0.17586 ?< 0.10000   g = 0.02204
f = -32.85455   r = 0.15222 ?< 0.10000   g = 0.02142
f = -32.85462   r = 0.13327 ?< 0.10000   g = 0.02081
f = -32.85473   r = 0.12307 ?< 0.10000   g = 0.02023
f = -32.85486   r = 0.12009 ?< 0.10000   g = 0.01968
f = -32.85488   r = 0.12423 ?< 0.10000   g = 0.01962
f = -32.85490   r = 0.13141 ?< 0.10000   g = 0.01957
f = -32.85492   r = 0.14143 ?< 0.10000   g = 0.01951
f = -32.85495   r = 0.15387 ?< 0.10000   g = 0.01946
f = -32.85498   r = 0.16882 ?< 0.10000   g = 0.01941
f = -32.85502   r = 0.18800 ?< 0.10000   g = 0.01936
f = -32.85507   r = 0.21791 ?< 0.10000   g = 0.01931
f = -32.85514   r = 0.28654 ?< 0.10000   g = 0.01927
f = -32.85522   r = 0.34106 ?< 0.10000   g = 0.01923
f = -32.85532   r = 0.35391 ?< 0.10000   g = 0.01919
f = -32.85532   r = 0.27460 ?< 0.10000   g = 0.01919
f = -32.86284   r = 0.14981 ?< 0.10000   g = 0.04727
f = -32.86221   r = 0.08236 ?< 0.10000   g = 0.03590

----------------------------------
         Iteration 12
----------------------------------
f = -32.86221   r = 0.08236 ?< 0.01000   g = 0.03590
f = -32.86296   r = 0.07462 ?< 0.01000   g = 0.04126
f = -32.86290   r = 0.05974 ?< 0.01000   g = 0.05750
f = -32.86267   r = 0.08150 ?< 0.01000   g = 0.06912
f = -32.86300   r = 0.05919 ?< 0.01000   g = 0.06308
f = -32.86122   r = 0.09201 ?< 0.01000   g = 0.13057
f = -32.86212   r = 0.06650 ?< 0.01000   g = 0.09847
f = -32.86272   r = 0.04820 ?< 0.01000   g = 0.07295
f = -32.86307   r = 0.03624 ?< 0.01000   g = 0.05434
f = -32.86327   r = 0.03304 ?< 0.01000   g = 0.04196
f = -32.86318   r = 0.15910 ?< 0.01000   g = 0.05277
f = -32.86325   r = 0.01986 ?< 0.01000   g = 0.04181
f = -32.86328   r = 0.01571 ?< 0.01000   g = 0.04228
f = -32.86322   r = 0.02417 ?< 0.01000   g = 0.04271
f = -32.86331   r = 0.02827 ?< 0.01000   g = 0.03985
f = -32.86322   r = 0.22220 ?< 0.01000   g = 0.05980
f = -32.86318   r = 0.49517 ?< 0.01000   g = 0.05529
f = -32.86288   r = 0.56901 ?< 0.01000   g = 0.07368
f = -32.86306   r = 0.03429 ?< 0.01000   g = 0.05788
f = -32.86320   r = 0.02264 ?< 0.01000   g = 0.05216
f = -32.86242   r = 0.08432 ?< 0.01000   g = 0.12238
f = -32.86285   r = 0.05754 ?< 0.01000   g = 0.09054
f = -32.86309   r = 0.03983 ?< 0.01000   g = 0.06698
f = -32.86322   r = 0.02746 ?< 0.01000   g = 0.04958
f = -32.86329   r = 0.01881 ?< 0.01000   g = 0.03676
f = -32.86332   r = 0.01279 ?< 0.01000   g = 0.02734
f = -32.86334   r = 0.00867 ?< 0.01000   g = 0.02043

----------------------------------
         Iteration 13
----------------------------------
f = -32.86334   r = 0.00867 ?< 0.00100   g = 0.02043
f = -32.86335   r = 0.00610 ?< 0.00100   g = 0.01534
f = -32.86335   r = 0.00507 ?< 0.00100   g = 0.01153
f = -32.86335   r = 0.00502 ?< 0.00100   g = 0.00860
f = -32.86334   r = 0.00481 ?< 0.00100   g = 0.00636
f = -32.86334   r = 0.00465 ?< 0.00100   g = 0.00470
f = -32.86334   r = 0.00469 ?< 0.00100   g = 0.00347
f = -32.86334   r = 0.00455 ?< 0.00100   g = 0.00258
f = -32.86334   r = 0.00409 ?< 0.00100   g = 0.00193
f = -32.86335   r = 0.00344 ?< 0.00100   g = 0.00145
f = -32.86335   r = 0.00289 ?< 0.00100   g = 0.00109
f = -32.86335   r = 0.00269 ?< 0.00100   g = 0.00081
f = -32.86335   r = 0.00240 ?< 0.00100   g = 0.00060
f = -32.86335   r = 0.00202 ?< 0.00100   g = 0.00045
f = -32.86335   r = 0.00170 ?< 0.00100   g = 0.00033
f = -32.86335   r = 0.00128 ?< 0.00100   g = 0.00024
f = -32.86335   r = 0.00092 ?< 0.00100   g = 0.00018

----------------------------------
         Iteration 14
----------------------------------
f = -32.86335   r = 0.00092 ?< 0.00010   g = 0.00018
f = -32.86335   r = 0.00065 ?< 0.00010   g = 0.00013
f = -32.86335   r = 0.00048 ?< 0.00010   g = 0.00010
f = -32.86335   r = 0.00040 ?< 0.00010   g = 0.00007
f = -32.86335   r = 0.00037 ?< 0.00010   g = 0.00005
f = -32.86335   r = 0.00036 ?< 0.00010   g = 0.00004
f = -32.86335   r = 0.00033 ?< 0.00010   g = 0.00003
f = -32.86335   r = 0.00028 ?< 0.00010   g = 0.00002
f = -32.86335   r = 0.00023 ?< 0.00010   g = 0.00002
f = -32.86335   r = 0.00019 ?< 0.00010   g = 0.00001
f = -32.86335   r = 0.00015 ?< 0.00010   g = 0.00001
f = -32.86335   r = 0.00011 ?< 0.00010   g = 0.00001
f = -32.86335   r = 0.00008 ?< 0.00010   g = 0.00000

----------------------------------
         Iteration 15
----------------------------------
f = -32.86335   r = 0.00008 ?< 0.00001   g = 0.00000
f = -32.86335   r = 0.00005 ?< 0.00001   g = 0.00000
f = -32.86335   r = 0.00004 ?< 0.00001   g = 0.00000
f = -32.86335   r = 0.00004 ?< 0.00001   g = 0.00000
f = -32.86335   r = 0.00005 ?< 0.00001   g = 0.00000
f = -32.86335   r = 0.00006 ?< 0.00001   g = 0.00000
f = -32.86335   r = 0.00006 ?< 0.00001   g = 0.00000
f = -32.86335   r = 0.00006 ?< 0.00001   g = 0.00000
f = -32.86335   r = 0.00005 ?< 0.00001   g = 0.00000
f = -32.86335   r = 0.00004 ?< 0.00001   g = 0.00000
f = -32.86335   r = 0.00003 ?< 0.00001   g = 0.00000
f = -32.86335   r = 0.00003 ?< 0.00001   g = 0.00000
f = -32.86335   r = 0.00003 ?< 0.00001   g = 0.00000
f = -32.86335   r = 0.00003 ?< 0.00001   g = 0.00000
f = -32.86335   r = 0.00002 ?< 0.00001   g = 0.00000
f = -32.86335   r = 0.00002 ?< 0.00001   g = 0.00000
f = -32.86335   r = 0.00002 ?< 0.00001   g = 0.00000
f = -32.86335   r = 0.00001 ?< 0.00001   g = 0.00000
f = -32.86335   r = 0.00001 ?< 0.00001   g = 0.00000
f = -32.86335   r = 0.00001 ?< 0.00001   g = 0.00000

--------------------------------
      Final Z 
--------------------------------

Z_0^0 = { { (+0.00000,-0.00000), (-0.00000,+0.00000), (-0.00000,-0.00000), (-0.00000,-0.00000), (+0.00000,-0.00000), (+0.00000,-0.00000)},
          { (-0.00000,-0.00000), (+0.00000,-0.00000), (+0.00000,+0.00000), (+0.00000,+0.00000), (-0.00000,+0.00000), (-0.00000,+0.00000)},
          { (-0.00000,+0.00000), (+0.00000,-0.00000), (+0.00000,+0.00000), (+0.00000,-0.00000), (-0.00000,+0.00000), (-0.00000,+0.00000)},
          { (-0.00000,+0.00000), (+0.00000,-0.00000), (+0.00000,+0.00000), (+0.00000,-0.00000), (-0.00000,+0.00000), (+0.00000,-0.00000)},
          { (+0.00000,+0.00000), (-0.00000,-0.00000), (-0.00000,-0.00000), (-0.00000,-0.00000), (+0.00000,-0.00000), (+0.00000,-0.00000)},
          { (+0.00000,+0.00000), (-0.00000,-0.00000), (-0.00000,-0.00000), (+0.00000,+0.00000), (+0.00000,+0.00000), (+0.00000,+0.00000)} } 

Z_1^0 = { { (+0.00000,-0.00000), (+0.00000,-0.00000), (-0.00000,+0.00000), (-0.00000,-0.00000), (+0.00000,+0.00000), (+0.00000,+0.00000)},
          { (+0.00000,+0.00000), (+0.00000,-0.00000), (-0.00000,+0.00000), (-0.00000,-0.00000), (+0.00000,+0.00000), (+0.00000,+0.00000)},
          { (-0.00000,-0.00000), (-0.00000,-0.00000), (+0.00000,-0.00000), (-0.00000,+0.00000), (-0.00000,-0.00000), (-0.00000,-0.00000)},
          { (-0.00000,+0.00000), (-0.00000,+0.00000), (-0.00000,-0.00000), (+0.00000,+0.00000), (-0.00000,-0.00000), (-0.00000,-0.00000)},
          { (+0.00000,-0.00000), (+0.00000,-0.00000), (-0.00000,+0.00000), (-0.00000,+0.00000), (+0.00000,-0.00000), (-0.00000,+0.00000)},
          { (+0.00000,-0.00000), (+0.00000,-0.00000), (-0.00000,+0.00000), (-0.00000,+0.00000), (-0.00000,-0.00000), (+0.00000,-0.00000)} } 

Z_2^0 = { { (+0.00000,-0.00000), (+0.00000,+0.00000), (-0.00000,+0.00000), (+0.00000,+0.00000), (-0.00000,+0.00000), (+0.00000,-0.00000)},
          { (+0.00000,-0.00000), (+0.00000,-0.00000), (+0.00000,-0.00000), (+0.00000,-0.00000), (-0.00000,+0.00000), (-0.00000,-0.00000)},
          { (-0.00000,-0.00000), (+0.00000,+0.00000), (+0.00000,+0.00000), (+0.00000,-0.00000), (-0.00000,+0.00000), (+0.00000,-0.00000)},
          { (+0.00000,-0.00000), (+0.00000,+0.00000), (+0.00000,+0.00000), (+0.00000,-0.00000), (-0.00000,+0.00000), (+0.00000,-0.00000)},
          { (-0.00000,-0.00000), (-0.00000,-0.00000), (-0.00000,-0.00000), (-0.00000,-0.00000), (+0.00000,-0.00000), (-0.00000,+0.00000)},
          { (+0.00000,+0.00000), (-0.00000,+0.00000), (+0.00000,+0.00000), (+0.00000,+0.00000), (-0.00000,-0.00000), (+0.00000,-0.00000)} } 

Z_3^0 = { { (+0.00000,+0.00000), (-0.00000,-0.00000), (+0.00000,+0.00000), (-0.00000,-0.00000), (-0.00000,+0.00000), (-0.00000,+0.00000)},
          { (-0.00000,+0.00000), (+0.00000,+0.00000), (-0.00000,-0.00000), (-0.00000,+0.00000), (+0.00000,-0.00000), (+0.00000,-0.00000)},
          { (+0.00000,-0.00000), (-0.00000,+0.00000), (+0.00000,-0.00000), (-0.00000,-0.00000), (+0.00000,+0.00000), (-0.00000,+0.00000)},
          { (-0.00000,+0.00000), (-0.00000,-0.00000), (-0.00000,+0.00000), (+0.00000,+0.00000), (-0.00000,-0.00000), (-0.00000,-0.00000)},
          { (-0.00000,-0.00000), (+0.00000,+0.00000), (+0.00000,-0.00000), (-0.00000,+0.00000), (+0.00000,+0.00000), (+0.00000,+0.00000)},
          { (-0.00000,-0.00000), (+0.00000,+0.00000), (-0.00000,-0.00000), (-0.00000,+0.00000), (+0.00000,-0.00000), (+0.00000,-0.00000)} } 

Z_4^0 = { { (+0.00000,+0.00000), (+0.00000,-0.00000), (+0.00000,-0.00000), (+0.00000,+0.00000), (+0.00000,-0.00000), (-0.00000,+0.00000)},
          { (+0.00000,+0.00000), (+0.00000,+0.00000), (-0.00000,+0.00000), (+0.00000,-0.00000), (+0.00000,-0.00000), (-0.00000,-0.00000)},
          { (+0.00000,+0.00000), (-0.00000,-0.00000), (+0.00000,-0.00000), (+0.00000,-0.00000), (-0.00000,-0.00000), (-0.00000,+0.00000)},
          { (+0.00000,-0.00000), (+0.00000,+0.00000), (+0.00000,+0.00000), (+0.00000,+0.00000), (+0.00000,-0.00000), (-0.00000,+0.00000)},
          { (+0.00000,+0.00000), (+0.00000,+0.00000), (-0.00000,+0.00000), (+0.00000,+0.00000), (+0.00000,+0.00000), (-0.00000,+0.00000)},
          { (-0.00000,-0.00000), (-0.00000,+0.00000), (-0.00000,-0.00000), (-0.00000,-0.00000), (-0.00000,-0.00000), (+0.00000,-0.00000)} } 

Z_5^0 = { { (+0.00000,-0.00000), (+0.00000,+0.00000), (+0.00000,-0.00000), (-0.00000,+0.00000), (-0.00000,-0.00000), (-0.00000,-0.00000)},
          { (+0.00000,-0.00000), (+0.00000,+0.00000), (+0.00000,-0.00000), (-0.00000,+0.00000), (-0.00000,-0.00000), (-0.00000,+0.00000)},
          { (+0.00000,+0.00000), (+0.00000,+0.00000), (+0.00000,-0.00000), (-0.00000,-0.00000), (+0.00000,-0.00000), (+0.00000,-0.00000)},
          { (-0.00000,-0.00000), (-0.00000,-0.00000), (-0.00000,+0.00000), (+0.00000,-0.00000), (-0.00000,+0.00000), (+0.00000,+0.00000)},
          { (-0.00000,+0.00000), (-0.00000,+0.00000), (+0.00000,+0.00000), (-0.00000,-0.00000), (+0.00000,+0.00000), (+0.00000,-0.00000)},
          { (-0.00000,+0.00000), (-0.00000,-0.00000), (+0.00000,+0.00000), (+0.00000,-0.00000), (+0.00000,+0.00000), (+0.00000,+0.00000)} } 

Z_0^1 = { { (+0.00000,+0.00000), (-0.00000,-0.00000), (-0.00000,+0.00000), (+0.00000,+0.00000), (-0.00000,+0.00000), (-0.00000,+0.00000)},
          { (-0.00000,+0.00000), (+0.00000,-0.00000), (-0.00000,-0.00000), (-0.00000,-0.00000), (+0.00000,-0.00000), (+0.00000,-0.00000)},
          { (-0.00000,-0.00000), (-0.00000,+0.00000), (+0.00000,-0.00000), (+0.00000,-0.00000), (+0.00000,+0.00000), (+0.00000,+0.00000)},
          { (+0.00000,-0.00000), (-0.00000,+0.00000), (+0.00000,+0.00000), (+0.00000,-0.00000), (-0.00000,+0.00000), (-0.00000,+0.00000)},
          { (-0.00000,-0.00000), (+0.00000,+0.00000), (+0.00000,-0.00000), (-0.00000,-0.00000), (+0.00000,-0.00000), (+0.00000,+0.00000)},
          { (-0.00000,-0.00000), (+0.00000,+0.00000), (+0.00000,-0.00000), (-0.00000,-0.00000), (+0.00000,-0.00000), (+0.00000,+0.00000)} } 

Z_1^1 = { { (+0.00000,-0.00000), (-0.00000,-0.00000), (-0.00000,+0.00000), (+0.00000,-0.00000), (+0.00000,+0.00000), (-0.00000,+0.00000)},
          { (-0.00000,+0.00000), (+0.00000,+0.00000), (-0.00000,-0.00000), (+0.00000,+0.00000), (-0.00000,+0.00000), (+0.00000,-0.00000)},
          { (-0.00000,-0.00000), (-0.00000,+0.00000), (+0.00000,+0.00000), (-0.00000,+0.00000), (-0.00000,-0.00000), (+0.00000,+0.00000)},
          { (+0.00000,+0.00000), (+0.00000,-0.00000), (-0.00000,-0.00000), (+0.00000,-0.00000), (+0.00000,+0.00000), (-0.00000,-0.00000)},
          { (+0.00000,-0.00000), (-0.00000,-0.00000), (-0.00000,+0.00000), (+0.00000,-0.00000), (+0.00000,-0.00000), (-0.00000,+0.00000)},
          { (-0.00000,-0.00000), (+0.00000,+0.00000), (+0.00000,-0.00000), (-0.00000,+0.00000), (-0.00000,-0.00000), (+0.00000,-0.00000)} } 

Z_2^1 = { { (+0.00000,-0.00000), (+0.00000,+0.00000), (+0.00000,-0.00000), (-0.00000,-0.00000), (-0.00000,-0.00000), (-0.00000,-0.00000)},
          { (+0.00000,-0.00000), (+0.00000,+0.00000), (+0.00000,-0.00000), (-0.00000,-0.00000), (+0.00000,+0.00000), (-0.00000,+0.00000)},
          { (+0.00000,+0.00000), (+0.00000,+0.00000), (+0.00000,-0.00000), (+0.00000,-0.00000), (-0.00000,+0.00000), (-0.00000,-0.00000)},
          { (-0.00000,+0.00000), (-0.00000,+0.00000), (+0.00000,+0.00000), (+0.00000,-0.00000), (-0.00000,+0.00000), (+0.00000,-0.00000)},
          { (-0.00000,+0.00000), (+0.00000,-0.00000), (-0.00000,-0.00000), (-0.00000,-0.00000), (+0.00000,-0.00000), (+0.00000,+0.00000)},
          { (-0.00000,+0.00000), (-0.00000,-0.00000), (-0.00000,+0.00000), (+0.00000,+0.00000), (+0.00000,-0.00000), (+0.00000,+0.00000)} } 

Z_3^1 = { { (+0.00000,-0.00000), (+0.00000,+0.00000), (-0.00000,-0.00000), (-0.00000,+0.00000), (-0.00000,+0.00000), (+0.00000,-0.00000)},
          { (+0.00000,-0.00000), (+0.00000,-0.00000), (+0.00000,+0.00000), (+0.00000,+0.00000), (-0.00000,+0.00000), (-0.00000,-0.00000)},
          { (-0.00000,+0.00000), (+0.00000,-0.00000), (+0.00000,+0.00000), (+0.00000,-0.00000), (+0.00000,-0.00000), (-0.00000,+0.00000)},
          { (-0.00000,-0.00000), (+0.00000,-0.00000), (+0.00000,+0.00000), (+0.00000,-0.00000), (+0.00000,-0.00000), (+0.00000,+0.00000)},
          { (-0.00000,-0.00000), (-0.00000,-0.00000), (+0.00000,+0.00000), (+0.00000,+0.00000), (+0.00000,+0.00000), (-0.00000,-0.00000)},
          { (+0.00000,+0.00000), (-0.00000,+0.00000), (-0.00000,-0.00000), (+0.00000,-0.00000), (-0.00000,+0.00000), (+0.00000,-0.00000)} } 

Z_4^1 = { { (+0.00000,+0.00000), (+0.00000,-0.00000), (+0.00000,-0.00000), (+0.00000,+0.00000), (+0.00000,-0.00000), (+0.00000,-0.00000)},
          { (+0.00000,+0.00000), (+0.00000,-0.00000), (-0.00000,+0.00000), (-0.00000,+0.00000), (+0.00000,+0.00000), (+0.00000,-0.00000)},
          { (+0.00000,+0.00000), (-0.00000,-0.00000), (+0.00000,-0.00000), (-0.00000,+0.00000), (+0.00000,+0.00000), (-0.00000,+0.00000)},
          { (+0.00000,-0.00000), (-0.00000,-0.00000), (-0.00000,-0.00000), (+0.00000,-0.00000), (-0.00000,-0.00000), (-0.00000,-0.00000)},
          { (+0.00000,+0.00000), (+0.00000,-0.00000), (+0.00000,-0.00000), (-0.00000,+0.00000), (+0.00000,-0.00000), (+0.00000,-0.00000)},
          { (+0.00000,+0.00000), (+0.00000,+0.00000), (-0.00000,-0.00000), (-0.00000,+0.00000), (+0.00000,+0.00000), (+0.00000,-0.00000)} } 

Z_5^1 = { { (+0.00000,+0.00000), (+0.00000,-0.00000), (+0.00000,+0.00000), (+0.00000,-0.00000), (-0.00000,-0.00000), (+0.00000,-0.00000)},
          { (+0.00000,+0.00000), (+0.00000,-0.00000), (-0.00000,+0.00000), (+0.00000,+0.00000), (-0.00000,-0.00000), (+0.00000,+0.00000)},
          { (+0.00000,-0.00000), (-0.00000,-0.00000), (+0.00000,+0.00000), (-0.00000,-0.00000), (-0.00000,+0.00000), (+0.00000,-0.00000)},
          { (+0.00000,+0.00000), (+0.00000,-0.00000), (-0.00000,+0.00000), (+0.00000,-0.00000), (+0.00000,-0.00000), (-0.00000,+0.00000)},
          { (-0.00000,+0.00000), (-0.00000,+0.00000), (-0.00000,-0.00000), (+0.00000,+0.00000), (+0.00000,+0.00000), (-0.00000,-0.00000)},
          { (+0.00000,+0.00000), (+0.00000,-0.00000), (+0.00000,+0.00000), (-0.00000,-0.00000), (-0.00000,+0.00000), (+0.00000,-0.00000)} } 

----------------------------------
         Final Matrices 
----------------------------------

M_0^0 = { { (+0.25470,+0.00000), (+0.12538,-0.04460), (+0.05631,-0.31684), (-0.08586,+0.19242), (-0.12011,-0.02671), (-0.07989,-0.05132)},
          { (+0.12538,+0.04460), (+0.06954,+0.00000), (+0.08320,-0.14611), (-0.07596,+0.07969), (-0.05445,-0.03418), (-0.03035,-0.03925)},
          { (+0.05631,+0.31684), (+0.08320,+0.14611), (+0.40661,+0.00000), (-0.25836,-0.06427), (+0.00667,-0.15532), (+0.04618,-0.11074)},
          { (-0.08586,-0.19242), (-0.07596,-0.07969), (-0.25836,+0.06427), (+0.17433,+0.00000), (+0.02032,+0.09975), (-0.01183,+0.07766)},
          { (-0.12011,+0.02671), (-0.05445,+0.03418), (+0.00667,+0.15532), (+0.02032,-0.09975), (+0.05944,+0.00000), (+0.04305,+0.01582)},
          { (-0.07989,+0.05132), (-0.03035,+0.03925), (+0.04618,+0.11074), (-0.01183,-0.07766), (+0.04305,-0.01582), (+0.03540,+0.00000)} } 

|M^2-M|  = 0.00000
is M PD? = 0

M_1^0 = { { (+0.09709,+0.00000), (-0.12184,+0.01781), (-0.08336,-0.05791), (-0.00772,-0.03776), (+0.18004,-0.08260), (+0.04350,-0.13996)},
          { (-0.12184,-0.01781), (+0.15616,+0.00000), (+0.09399,+0.08795), (+0.00277,+0.04880), (-0.24107,+0.07063), (-0.08026,+0.16765)},
          { (-0.08336,+0.05791), (+0.09399,-0.08795), (+0.10610,+0.00000), (+0.02915,+0.02782), (-0.10530,+0.17830), (+0.04613,+0.14611)},
          { (-0.00772,+0.03776), (+0.00277,-0.04880), (+0.02915,-0.02782), (+0.01530,+0.00000), (+0.01780,+0.07659), (+0.05097,+0.02806)},
          { (+0.18004,+0.08260), (-0.24107,-0.07063), (-0.10530,-0.17830), (+0.01780,-0.07659), (+0.40411,+0.00000), (+0.19973,-0.22251)},
          { (+0.04350,+0.13996), (-0.08026,-0.16765), (+0.04613,-0.14611), (+0.05097,-0.02806), (+0.19973,+0.22251), (+0.22124,+0.00000)} } 

|M^2-M|  = 0.00000
is M PD? = 0

M_2^0 = { { (+0.09355,+0.00000), (+0.20361,-0.05389), (-0.09471,+0.11840), (-0.09421,-0.02340), (+0.07858,+0.02770), (+0.03253,-0.00545)},
          { (+0.20361,+0.05389), (+0.47417,+0.00000), (-0.27432,+0.20314), (-0.19155,-0.10520), (+0.15505,+0.10555), (+0.07394,+0.00687)},
          { (-0.09471,-0.11840), (-0.27432,-0.20314), (+0.24573,+0.00000), (+0.06574,+0.14294), (-0.04447,-0.12749), (-0.03983,-0.03565)},
          { (-0.09421,+0.02340), (-0.19155,+0.10520), (+0.06574,-0.14294), (+0.10073,+0.00000), (-0.08605,-0.00824), (-0.03139,+0.01363)},
          { (+0.07858,-0.02770), (+0.15505,-0.10555), (-0.04447,+0.12749), (-0.08605,+0.00824), (+0.07420,+0.00000), (+0.02571,-0.01421)},
          { (+0.03253,+0.00545), (+0.07394,-0.00687), (-0.03983,+0.03565), (-0.03139,-0.01363), (+0.02571,+0.01421), (+0.01162,+0.00000)} } 

|M^2-M|  = 0.00000
is M PD? = 0

M_3^0 = { { (+0.15512,+0.00000), (-0.00347,+0.12981), (+0.03847,+0.13060), (+0.17460,+0.15259), (-0.05570,-0.02139), (+0.19575,+0.00119)},
          { (-0.00347,-0.12981), (+0.10872,+0.00000), (+0.10844,-0.03512), (+0.12379,-0.14954), (-0.01665,+0.04709), (-0.00339,-0.16385)},
          { (+0.03847,-0.13060), (+0.10844,+0.03512), (+0.11952,+0.00000), (+0.17180,-0.10916), (-0.03182,+0.04160), (+0.04956,-0.16453)},
          { (+0.17460,-0.15259), (+0.12379,+0.14954), (+0.17180,+0.10916), (+0.34666,+0.00000), (-0.08374,+0.03071), (+0.22152,-0.19123)},
          { (-0.05570,+0.02139), (-0.01665,-0.04709), (-0.03182,-0.04160), (-0.08374,-0.03071), (+0.02295,+0.00000), (-0.07046,+0.02657)},
          { (+0.19575,-0.00119), (-0.00339,+0.16385), (+0.04956,+0.16453), (+0.22152,+0.19123), (-0.07046,-0.02657), (+0.24704,+0.00000)} } 

|M^2-M|  = 0.00000
is M PD? = 0

M_4^0 = { { (+0.31012,+0.00000), (-0.23045,-0.01756), (+0.03742,+0.15906), (-0.08477,-0.17405), (-0.14559,+0.22432), (-0.15735,+0.00849)},
          { (-0.23045,+0.01756), (+0.17225,+0.00000), (-0.03681,-0.11609), (+0.07285,+0.12454), (+0.09549,-0.17494), (+0.11644,-0.01522)},
          { (+0.03742,-0.15906), (-0.03681,+0.11609), (+0.08609,+0.00000), (-0.09950,+0.02249), (+0.09750,+0.10174), (-0.01462,+0.08172)},
          { (-0.08477,+0.17405), (+0.07285,-0.12454), (-0.09950,-0.02249), (+0.12086,+0.00000), (-0.08609,-0.14303), (+0.03825,-0.09063)},
          { (-0.14559,-0.22432), (+0.09549,+0.17494), (+0.09750,-0.10174), (-0.08609,+0.14303), (+0.23061,+0.00000), (+0.08001,+0.10983)},
          { (-0.15735,-0.00849), (+0.11644,+0.01522), (-0.01462,-0.08172), (+0.03825,+0.09063), (+0.08001,-0.10983), (+0.08007,+0.00000)} } 

|M^2-M|  = 0.00000
is M PD? = 0

M_5^0 = { { (+0.08942,+0.00000), (+0.02677,-0.03157), (+0.04588,-0.03332), (+0.09796,-0.10980), (+0.06279,-0.12132), (-0.03454,+0.18705)},
          { (+0.02677,+0.03157), (+0.01917,+0.00000), (+0.02550,+0.00623), (+0.06809,+0.00172), (+0.06163,-0.01415), (-0.07638,+0.04380)},
          { (+0.04588,+0.03332), (+0.02550,-0.00623), (+0.03595,+0.00000), (+0.09116,-0.01983), (+0.07742,-0.03883), (-0.08741,+0.08309)},
          { (+0.09796,+0.10980), (+0.06809,-0.00172), (+0.09116,+0.01983), (+0.24213,+0.00000), (+0.21777,-0.05578), (-0.26752,+0.16251)},
          { (+0.06279,+0.12132), (+0.06163,+0.01415), (+0.07742,+0.03883), (+0.21777,+0.05578), (+0.20870,+0.00000), (-0.27805,+0.08451)},
          { (-0.03454,-0.18705), (-0.07638,-0.04380), (-0.08741,-0.08309), (-0.26752,-0.16251), (-0.27805,-0.08451), (+0.40464,+0.00000)} } 

|M^2-M|  = 0.00000
is M PD? = 0

M_0^1 = { { (+0.18398,+0.00000), (+0.11002,-0.14040), (+0.21329,+0.09837), (-0.01764,-0.07153), (-0.21339,-0.02473), (+0.10594,+0.01864)},
          { (+0.11002,+0.14040), (+0.17293,+0.00000), (+0.05248,+0.22159), (+0.04404,-0.05624), (-0.10874,-0.17763), (+0.04913,+0.09199)},
          { (+0.21329,-0.09837), (+0.05248,-0.22159), (+0.29986,+0.00000), (-0.05871,-0.07348), (-0.26060,+0.08545), (+0.13278,-0.03505)},
          { (-0.01764,+0.07153), (+0.04404,+0.05624), (-0.05871,+0.07348), (+0.02951,+0.00000), (+0.03008,-0.08059), (-0.01741,+0.03941)},
          { (-0.21339,+0.02473), (-0.10874,+0.17763), (-0.26060,-0.08545), (+0.03008,+0.08059), (+0.25083,+0.00000), (-0.12539,-0.00737)},
          { (+0.10594,-0.01864), (+0.04913,-0.09199), (+0.13278,+0.03505), (-0.01741,-0.03941), (-0.12539,+0.00737), (+0.06289,+0.00000)} } 

|M^2-M|  = 0.00000
is M PD? = 0

M_1^1 = { { (+0.02197,+0.00000), (-0.05531,+0.01651), (+0.00585,+0.01425), (+0.07141,+0.01201), (-0.02257,+0.05279), (-0.01383,+0.09586)},
          { (-0.05531,-0.01651), (+0.15166,+0.00000), (-0.00402,-0.04026), (-0.17073,-0.08392), (+0.09650,-0.11593), (+0.10687,-0.23091)},
          { (+0.00585,-0.01425), (-0.00402,+0.04026), (+0.01079,+0.00000), (+0.02681,-0.04309), (+0.02822,+0.02870), (+0.05847,+0.03450)},
          { (+0.07141,-0.01201), (-0.17073,+0.08392), (+0.02681,+0.04309), (+0.23865,+0.00000), (-0.04448,+0.18391), (+0.00746,+0.31911)},
          { (-0.02257,-0.05279), (+0.09650,+0.11593), (+0.02822,-0.02870), (-0.04448,-0.18391), (+0.15002,+0.00000), (+0.24451,-0.06523)},
          { (-0.01383,-0.09586), (+0.10687,+0.23091), (+0.05847,-0.03450), (+0.00746,-0.31911), (+0.24451,+0.06523), (+0.42692,+0.00000)} } 

|M^2-M|  = 0.00000
is M PD? = 0

M_2^1 = { { (+0.02995,+0.00000), (-0.00554,-0.10249), (-0.03276,+0.03508), (+0.04717,-0.07968), (+0.07300,+0.01836), (-0.03989,-0.01945)},
          { (-0.00554,+0.10249), (+0.35181,+0.00000), (-0.11401,-0.11862), (+0.26396,+0.17621), (-0.07634,+0.24646), (+0.07395,-0.13291)},
          { (-0.03276,-0.03508), (-0.11401,+0.11862), (+0.07694,+0.00000), (-0.14495,+0.03191), (-0.05836,-0.10561), (+0.02085,+0.06800)},
          { (+0.04717,+0.07968), (+0.26396,-0.17621), (-0.14495,-0.03191), (+0.28631,+0.00000), (+0.06617,+0.22317), (-0.01108,-0.13676)},
          { (+0.07300,-0.01836), (-0.07634,-0.24646), (-0.05836,+0.10561), (+0.06617,-0.22317), (+0.18923,+0.00000), (-0.10917,-0.02297)},
          { (-0.03989,+0.01945), (+0.07395,+0.13291), (+0.02085,-0.06800), (-0.01108,+0.13676), (-0.10917,+0.02297), (+0.06575,+0.00000)} } 

|M^2-M|  = 0.00000
is M PD? = 0

M_3^1 = { { (+0.19822,+0.00000), (+0.03903,+0.23040), (+0.09425,-0.08425), (+0.04276,-0.12337), (+0.00152,+0.00758), (-0.24269,-0.11106)},
          { (+0.03903,-0.23040), (+0.27549,+0.00000), (-0.07936,-0.12614), (-0.13497,-0.07399), (+0.00911,-0.00029), (-0.17688,+0.26022)},
          { (+0.09425,+0.08425), (-0.07936,+0.12614), (+0.08062,+0.00000), (+0.07277,-0.04048), (-0.00249,+0.00426), (-0.06819,-0.15596)},
          { (+0.04276,+0.12337), (-0.13497,+0.07399), (+0.07277,+0.04048), (+0.08601,+0.00000), (-0.00439,+0.00259), (+0.01677,-0.17501)},
          { (+0.00152,-0.00758), (+0.00911,+0.00029), (-0.00249,-0.00426), (-0.00439,-0.00259), (+0.00030,+0.00000), (-0.00612,+0.00843)},
          { (-0.24269,+0.11106), (-0.17688,-0.26022), (-0.06819,+0.15596), (+0.01677,+0.17501), (-0.00612,-0.00843), (+0.35936,+0.00000)} } 

|M^2-M|  = 0.00000
is M PD? = 0

M_4^1 = { { (+0.36126,+0.00000), (-0.11106,+0.03597), (-0.40222,-0.01601), (-0.14502,+0.01451), (-0.10576,+0.02224), (+0.14441,-0.03627)},
          { (-0.11106,-0.03597), (+0.03773,+0.00000), (+0.12206,+0.04497), (+0.04603,+0.00998), (+0.03473,+0.00369), (-0.04801,-0.00323)},
          { (-0.40222,+0.01601), (+0.12206,-0.04497), (+0.44852,+0.00000), (+0.16082,-0.02257), (+0.11676,-0.02945), (-0.15917,+0.04677)},
          { (-0.14502,-0.01451), (+0.04603,-0.00998), (+0.16082,+0.02257), (+0.05880,+0.00000), (+0.04335,-0.00468), (-0.05942,+0.00876)},
          { (-0.10576,-0.02224), (+0.03473,-0.00369), (+0.11676,+0.02945), (+0.04335,+0.00468), (+0.03232,+0.00000), (-0.04451,+0.00172)},
          { (+0.14441,+0.03627), (-0.04801,+0.00323), (-0.15917,-0.04677), (-0.05942,-0.00876), (-0.04451,-0.00172), (+0.06136,+0.00000)} } 

|M^2-M|  = 0.00000
is M PD? = 0

M_5^1 = { { (+0.20462,+0.00000), (+0.02286,-0.03999), (+0.12159,-0.04744), (+0.00131,+0.24806), (+0.26719,-0.07625), (+0.04606,+0.05228)},
          { (+0.02286,+0.03999), (+0.01038,+0.00000), (+0.02285,+0.01846), (-0.04833,+0.02797), (+0.04475,+0.04369), (-0.00507,+0.01484)},
          { (+0.12159,+0.04744), (+0.02285,-0.01846), (+0.08326,+0.00000), (-0.05674,+0.14772), (+0.17646,+0.01665), (+0.01525,+0.04174)},
          { (+0.00131,-0.24806), (-0.04833,-0.02797), (-0.05674,-0.14772), (+0.30072,+0.00000), (-0.09073,-0.32440), (+0.06368,-0.05551)},
          { (+0.26719,+0.07625), (+0.04475,-0.04369), (+0.17646,-0.01665), (-0.09073,+0.32440), (+0.37730,+0.00000), (+0.04067,+0.08543)},
          { (+0.04606,-0.05228), (-0.00507,-0.01484), (+0.01525,-0.04174), (+0.06368,+0.05551), (+0.04067,-0.08543), (+0.02372,+0.00000)} } 

|M^2-M|  = 0.00000
is M PD? = 0

----------------------------------
         Final Output 
----------------------------------
        |r(w)| = 0.00001 < 0.00001
         -f(x) = 32.86335 <= 32.86335
          g(x) = 0.00000
         -L(w) = 32.86335
         <X,Z> = 0.00000
           |y| = 2.22950
      y^T*g(x) = -0.00000
     |delf(x)| = 0.00001
     |delL(w)| = 0.00001
     |delg(x)| = 0.00058
    |del2f(x)| = 16.68873
    |del2L(w)| = 23.92868
    |del2g(x)| = 452.55104
   total inner = 125
    time taken = 41292 ms
