--------------------------------
          System Info           
--------------------------------
               d = 6
               n = 3
  size of vector = 525
  size of matrix = 216 x 216 ~ 0 MB 
         epsilon = 1e-05
       epsilon_0 = 0.9
     g(x) thresh = 1e-15
      initial mu = 1
             M_c = 1e+10
  extra diagonal = 1
       muScaling = 10
             rho = 0.5
              nu = 0.9
           gamma = 1
            beta = 0.9
     f(x) factor = 1
     g(x) factor = 1
           cores = 4

--------------------------------
     Finding Interior Point 
--------------------------------
g(x) = 55.829
g(x) = 8.4777e+10
g(x) = 6.3545e+38
g(x) = 8.1253e+122
g(x) = inf
g(x) = nan
decreasing g factor from 1 to 0.66667
g(x) = 55.829
g(x) = 1.6578e+10
g(x) = 9.4008e+35
g(x) = 5.205e+113
g(x) = inf
g(x) = nan
decreasing g factor from 0.66667 to 0.44444
g(x) = 55.829
g(x) = 3.2253e+09
g(x) = 1.3708e+33
g(x) = 3.1952e+104
g(x) = inf
g(x) = nan
decreasing g factor from 0.44444 to 0.2963
g(x) = 55.829
g(x) = 6.2266e+08
g(x) = 1.9555e+30
g(x) = 1.8392e+95
g(x) = 9.0738e+290
g(x) = nan
decreasing g factor from 0.2963 to 0.19753
g(x) = 55.829
g(x) = 1.1881e+08
g(x) = 2.6988e+27
g(x) = 9.6014e+85
g(x) = 2.5915e+262
g(x) = nan
decreasing g factor from 0.19753 to 0.13169
g(x) = 55.829
g(x) = 2.2271e+07
g(x) = 3.5406e+24
g(x) = 4.3185e+76
g(x) = 4.7741e+233
g(x) = nan
decreasing g factor from 0.13169 to 0.087791
g(x) = 55.829
g(x) = 4.0616e+06
g(x) = 4.2962e+21
g(x) = 1.5439e+67
g(x) = 4.4769e+204
g(x) = inf
g(x) = nan
decreasing g factor from 0.087791 to 0.058528
g(x) = 55.829
g(x) = 7.097e+05
g(x) = 4.6133e+18
g(x) = 3.8529e+57
g(x) = 1.4607e+175
g(x) = inf
g(x) = nan
decreasing g factor from 0.058528 to 0.039018
g(x) = 55.829
g(x) = 1.1586e+05
g(x) = 4.0689e+15
g(x) = 5.3946e+47
g(x) = 8.7619e+144
g(x) = inf
g(x) = nan
decreasing g factor from 0.039018 to 0.026012
g(x) = 55.829
g(x) = 16934
g(x) = 2.5719e+12
g(x) = 2.8484e+37
g(x) = 3.0586e+113
g(x) = inf
g(x) = nan
decreasing g factor from 0.026012 to 0.017342
g(x) = 55.829
g(x) = 2059.9
g(x) = 8.7192e+08
g(x) = 2.4702e+26
g(x) = 5.8559e+79
g(x) = 7.0505e+240
g(x) = nan
decreasing g factor from 0.017342 to 0.011561
g(x) = 55.829
g(x) = 191.79
g(x) = 68376
g(x) = 3.7383e+13
g(x) = 1.3286e+41
g(x) = 1.7144e+124
g(x) = inf
g(x) = nan
decreasing g factor from 0.011561 to 0.0077073
g(x) = 55.829
g(x) = 22.293
g(x) = 5.9459
g(x) = 4.6951
g(x) = 4.14
g(x) = 3.7263
g(x) = 3.3853
g(x) = 3.0911
g(x) = 2.8322
g(x) = 2.6036
g(x) = 2.4026
g(x) = 2.2262
g(x) = 2.0708
g(x) = 1.9327
g(x) = 1.8087
g(x) = 1.6972
g(x) = 1.5973
g(x) = 1.5091
g(x) = 1.4325
g(x) = 1.3666
g(x) = 1.3102
g(x) = 1.2619
g(x) = 1.2199
g(x) = 1.1829
g(x) = 1.1497
g(x) = 1.1195
g(x) = 1.0916
g(x) = 1.0654
g(x) = 1.0406
g(x) = 1.0169
g(x) = 0.99426
g(x) = 0.97247
g(x) = 0.95147
g(x) = 0.93123
g(x) = 0.9117
g(x) = 0.89287
g(x) = 0.87472
g(x) = 0.85723
g(x) = 0.8404
g(x) = 0.8242
g(x) = 0.80862
g(x) = 0.79365
g(x) = 0.77924
g(x) = 0.76539
g(x) = 0.75207
g(x) = 0.73924
g(x) = 0.72688
g(x) = 0.71497
g(x) = 0.70347
g(x) = 0.69237
g(x) = 0.68164
g(x) = 0.67126
g(x) = 0.66121
g(x) = 0.65148
g(x) = 0.64204
g(x) = 0.63289
g(x) = 0.62401
g(x) = 0.61538
g(x) = 0.607
g(x) = 0.59886
g(x) = 0.59094
g(x) = 0.58324
g(x) = 0.57574
g(x) = 0.56845
g(x) = 0.56135
g(x) = 0.55443
g(x) = 0.54768
g(x) = 0.54111
g(x) = 0.53471
g(x) = 0.52846
g(x) = 0.52236
g(x) = 0.51641
g(x) = 0.5106
g(x) = 0.50493
g(x) = 0.49939
g(x) = 0.49398
g(x) = 0.48869
g(x) = 0.48351
g(x) = 0.47845
g(x) = 0.4735
g(x) = 0.46866
g(x) = 0.46391
g(x) = 0.45927
g(x) = 0.45472
g(x) = 0.45026
g(x) = 0.44589
g(x) = 0.44161
g(x) = 0.4374
g(x) = 0.43328
g(x) = 0.42923
g(x) = 0.42526
g(x) = 0.42136
g(x) = 0.41752
g(x) = 0.41376
g(x) = 0.41005
g(x) = 0.40641
g(x) = 0.40283
g(x) = 0.3993
g(x) = 0.39583
g(x) = 0.39242
g(x) = 0.38905
g(x) = 0.38573
g(x) = 0.38246
g(x) = 0.37924
g(x) = 0.37606
g(x) = 0.37292
g(x) = 0.36983
g(x) = 0.36677
g(x) = 0.36375
g(x) = 0.36077
g(x) = 0.35782
g(x) = 0.35491
g(x) = 0.35203
g(x) = 0.34917
g(x) = 0.34635
g(x) = 0.34356
g(x) = 0.34079
g(x) = 0.33805
g(x) = 0.33533
g(x) = 0.33264
g(x) = 0.32997
g(x) = 0.32732
g(x) = 0.32469
g(x) = 0.32208
g(x) = 0.31949
g(x) = 0.31692
g(x) = 0.31436
g(x) = 0.31182
g(x) = 0.30929
g(x) = 0.30678
g(x) = 0.30428
g(x) = 0.30179
g(x) = 0.29932
g(x) = 0.29685
g(x) = 0.2944
g(x) = 0.29195
g(x) = 0.28952
g(x) = 0.28709
g(x) = 0.28467
g(x) = 0.28225
g(x) = 0.27985
g(x) = 0.27744
g(x) = 0.27505
g(x) = 0.27266
g(x) = 0.27027
g(x) = 0.26789
g(x) = 0.2655
g(x) = 0.26313
g(x) = 0.26075
g(x) = 0.25838
g(x) = 0.25601
g(x) = 0.25364
g(x) = 0.25127
g(x) = 0.24891
g(x) = 0.24654
g(x) = 0.24417
g(x) = 0.24181
g(x) = 0.23944
g(x) = 0.23708
g(x) = 0.23471
g(x) = 0.23235
g(x) = 0.22998
g(x) = 0.22761
g(x) = 0.22524
g(x) = 0.22288
g(x) = 0.22051
g(x) = 0.21814
g(x) = 0.21577
g(x) = 0.2134
g(x) = 0.21103
g(x) = 0.20866
g(x) = 0.20629
g(x) = 0.20392
g(x) = 0.20154
g(x) = 0.19917
g(x) = 0.1968
g(x) = 0.19443
g(x) = 0.19206
g(x) = 0.1897
g(x) = 0.18733
g(x) = 0.18497
g(x) = 0.1826
g(x) = 0.18024
g(x) = 0.17789
g(x) = 0.17553
g(x) = 0.17318
g(x) = 0.17084
g(x) = 0.16849
g(x) = 0.16615
g(x) = 0.16382
g(x) = 0.16149
g(x) = 0.15917
g(x) = 0.15685
g(x) = 0.15455
g(x) = 0.15224
g(x) = 0.14995
g(x) = 0.14766
g(x) = 0.14538
g(x) = 0.14312
g(x) = 0.14086
g(x) = 0.13861
g(x) = 0.13637
g(x) = 0.13414
g(x) = 0.13192
g(x) = 0.12972
g(x) = 0.12753
g(x) = 0.12535
g(x) = 0.12318
g(x) = 0.12103
g(x) = 0.11889
g(x) = 0.11677
g(x) = 0.11466
g(x) = 0.11257
g(x) = 0.1105
g(x) = 0.10844
g(x) = 0.1064
g(x) = 0.10437
g(x) = 0.10237
g(x) = 0.10038
g(x) = 0.09841
g(x) = 0.096461
g(x) = 0.094531
g(x) = 0.09262
g(x) = 0.09073
g(x) = 0.088861
g(x) = 0.087012
g(x) = 0.085185
g(x) = 0.083379
g(x) = 0.081595
g(x) = 0.079833
g(x) = 0.078093
g(x) = 0.076376
g(x) = 0.074681
g(x) = 0.07301
g(x) = 0.071361
g(x) = 0.069736
g(x) = 0.068134
g(x) = 0.066556
g(x) = 0.065002
g(x) = 0.063471
g(x) = 0.061964
g(x) = 0.060481
g(x) = 0.059022
g(x) = 0.057587
g(x) = 0.056176
g(x) = 0.054789
g(x) = 0.053426
g(x) = 0.052087
g(x) = 0.050772
g(x) = 0.049481
g(x) = 0.048213
g(x) = 0.04697
g(x) = 0.04575
g(x) = 0.044553
g(x) = 0.04338
g(x) = 0.042231
g(x) = 0.041104
g(x) = 0.040001
g(x) = 0.03892
g(x) = 0.037861
g(x) = 0.036826
g(x) = 0.035812
g(x) = 0.03482
g(x) = 0.03385
g(x) = 0.032902
g(x) = 0.031975
g(x) = 0.031069
g(x) = 0.030184
g(x) = 0.029319
g(x) = 0.028475
g(x) = 0.02765
g(x) = 0.026846
g(x) = 0.02606
g(x) = 0.025294
g(x) = 0.024547
g(x) = 0.023818
g(x) = 0.023108
g(x) = 0.022416
g(x) = 0.021741
g(x) = 0.021083
g(x) = 0.020443
g(x) = 0.01982
g(x) = 0.019212
g(x) = 0.018621
g(x) = 0.018046
g(x) = 0.017487
g(x) = 0.016942
g(x) = 0.016413
g(x) = 0.015898
g(x) = 0.015397
g(x) = 0.01491
g(x) = 0.014438
g(x) = 0.013978
g(x) = 0.013532
g(x) = 0.013098
g(x) = 0.012677
g(x) = 0.012268
g(x) = 0.011871
g(x) = 0.011486
g(x) = 0.011112
g(x) = 0.010749
g(x) = 0.010397
g(x) = 0.010055
g(x) = 0.0097241
g(x) = 0.0094029
g(x) = 0.0090916
g(x) = 0.0087897
g(x) = 0.0084971
g(x) = 0.0082136
g(x) = 0.0079389
g(x) = 0.0076727
g(x) = 0.0074148
g(x) = 0.0071651
g(x) = 0.0069232
g(x) = 0.006689
g(x) = 0.0064622
g(x) = 0.0062426
g(x) = 0.0060301
g(x) = 0.0058244
g(x) = 0.0056254
g(x) = 0.0054328
g(x) = 0.0052464
g(x) = 0.0050662
g(x) = 0.0048918
g(x) = 0.0047231
g(x) = 0.00456
g(x) = 0.0044022
g(x) = 0.0042497
g(x) = 0.0041023
g(x) = 0.0039597
g(x) = 0.0038219
g(x) = 0.0036887
g(x) = 0.00356
g(x) = 0.0034356
g(x) = 0.0033154
g(x) = 0.0031993
g(x) = 0.0030871
g(x) = 0.0029787
g(x) = 0.002874
g(x) = 0.0027728
g(x) = 0.0026751
g(x) = 0.0025808
g(x) = 0.0024897
g(x) = 0.0024017
g(x) = 0.0023168
g(x) = 0.0022348
g(x) = 0.0021556
g(x) = 0.0020792
g(x) = 0.0020054
g(x) = 0.0019342
g(x) = 0.0018654
g(x) = 0.0017991
g(x) = 0.001735
g(x) = 0.0016732
g(x) = 0.0016136
g(x) = 0.0015561
g(x) = 0.0015005
g(x) = 0.001447
g(x) = 0.0013953
g(x) = 0.0013454
g(x) = 0.0012973
g(x) = 0.0012509
g(x) = 0.0012061
g(x) = 0.001163
g(x) = 0.0011213
g(x) = 0.0010811
g(x) = 0.0010424
g(x) = 0.001005
g(x) = 0.00096895
g(x) = 0.00093419
g(x) = 0.00090067
g(x) = 0.00086834
g(x) = 0.00083716
g(x) = 0.0008071
g(x) = 0.00077811
g(x) = 0.00075016
g(x) = 0.00072321
g(x) = 0.00069722
g(x) = 0.00067217
g(x) = 0.00064801
g(x) = 0.00062472
g(x) = 0.00060226
g(x) = 0.00058061
g(x) = 0.00055974
g(x) = 0.00053962
g(x) = 0.00052022
g(x) = 0.00050152
g(x) = 0.00048349
g(x) = 0.00046611
g(x) = 0.00044936
g(x) = 0.00043321
g(x) = 0.00041764
g(x) = 0.00040263
g(x) = 0.00038816
g(x) = 0.00037422
g(x) = 0.00036078
g(x) = 0.00034782
g(x) = 0.00033533
g(x) = 0.00032329
g(x) = 0.00031169
g(x) = 0.0003005
g(x) = 0.00028972
g(x) = 0.00027932
g(x) = 0.00026931
g(x) = 0.00025965
g(x) = 0.00025034
g(x) = 0.00024137
g(x) = 0.00023272
g(x) = 0.00022439
g(x) = 0.00021635
g(x) = 0.00020861
g(x) = 0.00020114
g(x) = 0.00019395
g(x) = 0.00018701
g(x) = 0.00018033
g(x) = 0.00017388
g(x) = 0.00016767
g(x) = 0.00016168
g(x) = 0.00015591
g(x) = 0.00015035
g(x) = 0.00014498
g(x) = 0.00013981
g(x) = 0.00013483
g(x) = 0.00013003
g(x) = 0.0001254
g(x) = 0.00012093
g(x) = 0.00011663
g(x) = 0.00011248
g(x) = 0.00010848
g(x) = 0.00010463
g(x) = 0.00010091
g(x) = 9.7329e-05
g(x) = 9.3875e-05
g(x) = 9.0546e-05
g(x) = 8.7335e-05
g(x) = 8.4241e-05
g(x) = 8.1257e-05
g(x) = 7.8381e-05
g(x) = 7.5607e-05
g(x) = 7.2934e-05
g(x) = 7.0356e-05
g(x) = 6.787e-05
g(x) = 6.5474e-05
g(x) = 6.3163e-05
g(x) = 6.0935e-05
g(x) = 5.8787e-05
g(x) = 5.6715e-05
g(x) = 5.4718e-05
g(x) = 5.2792e-05
g(x) = 5.0935e-05
g(x) = 4.9144e-05
g(x) = 4.7417e-05
g(x) = 4.5752e-05
g(x) = 4.4146e-05
g(x) = 4.2597e-05
g(x) = 4.1104e-05
g(x) = 3.9663e-05
g(x) = 3.8274e-05
g(x) = 3.6935e-05
g(x) = 3.5643e-05
g(x) = 3.4397e-05
g(x) = 3.3195e-05
g(x) = 3.2036e-05
g(x) = 3.0918e-05
g(x) = 2.9839e-05
g(x) = 2.8799e-05
g(x) = 2.7796e-05
g(x) = 2.6828e-05
g(x) = 2.5895e-05
g(x) = 2.4994e-05
g(x) = 2.4125e-05
g(x) = 2.3288e-05
g(x) = 2.2479e-05
g(x) = 2.1699e-05
g(x) = 2.0947e-05
g(x) = 2.0221e-05
g(x) = 1.9521e-05
g(x) = 1.8845e-05
g(x) = 1.8194e-05
g(x) = 1.7565e-05
g(x) = 1.6958e-05
g(x) = 1.6373e-05
g(x) = 1.5808e-05
g(x) = 1.5263e-05
g(x) = 1.4737e-05
g(x) = 1.4229e-05
g(x) = 1.3739e-05
g(x) = 1.3267e-05
g(x) = 1.2811e-05
g(x) = 1.2371e-05
g(x) = 1.1946e-05
g(x) = 1.1536e-05
g(x) = 1.1141e-05
g(x) = 1.0759e-05
g(x) = 1.039e-05
g(x) = 1.0035e-05
g(x) = 9.6915e-06
g(x) = 9.3602e-06
g(x) = 9.0404e-06
g(x) = 8.7318e-06
g(x) = 8.4338e-06
g(x) = 8.1463e-06
g(x) = 7.8686e-06
g(x) = 7.6007e-06
g(x) = 7.342e-06
g(x) = 7.0922e-06
g(x) = 6.8511e-06
g(x) = 6.6184e-06
g(x) = 6.3936e-06
g(x) = 6.1767e-06
g(x) = 5.9672e-06
g(x) = 5.765e-06
g(x) = 5.5697e-06
g(x) = 5.3812e-06
g(x) = 5.1991e-06
g(x) = 5.0234e-06
g(x) = 4.8536e-06
g(x) = 4.6897e-06
g(x) = 4.5315e-06
g(x) = 4.3786e-06
g(x) = 4.231e-06
g(x) = 4.0885e-06
g(x) = 3.9509e-06
g(x) = 3.8179e-06
g(x) = 3.6896e-06
g(x) = 3.5656e-06
g(x) = 3.4458e-06
g(x) = 3.3301e-06
g(x) = 3.2184e-06
g(x) = 3.1105e-06
g(x) = 3.0063e-06
g(x) = 2.9056e-06
g(x) = 2.8084e-06
g(x) = 2.7144e-06
g(x) = 2.6237e-06
g(x) = 2.536e-06
g(x) = 2.4514e-06
g(x) = 2.3695e-06
g(x) = 2.2905e-06
g(x) = 2.2142e-06
g(x) = 2.1404e-06
g(x) = 2.0691e-06
g(x) = 2.0003e-06
g(x) = 1.9338e-06
g(x) = 1.8695e-06
g(x) = 1.8074e-06
g(x) = 1.7474e-06
g(x) = 1.6894e-06
g(x) = 1.6334e-06
g(x) = 1.5792e-06
g(x) = 1.5269e-06
g(x) = 1.4763e-06
g(x) = 1.4275e-06
g(x) = 1.3803e-06
g(x) = 1.3347e-06
g(x) = 1.2906e-06
g(x) = 1.2479e-06
g(x) = 1.2068e-06
g(x) = 1.167e-06
g(x) = 1.1285e-06
g(x) = 1.0913e-06
g(x) = 1.0554e-06
g(x) = 1.0206e-06
g(x) = 9.8705e-07
g(x) = 9.546e-07
g(x) = 9.2323e-07
g(x) = 8.929e-07
g(x) = 8.6359e-07
g(x) = 8.3525e-07
g(x) = 8.0786e-07
g(x) = 7.8138e-07
g(x) = 7.5578e-07
g(x) = 7.3103e-07
g(x) = 7.0711e-07
g(x) = 6.8397e-07
g(x) = 6.6161e-07
g(x) = 6.3999e-07
g(x) = 6.1908e-07
g(x) = 5.9887e-07
g(x) = 5.7933e-07
g(x) = 5.6044e-07
g(x) = 5.4216e-07
g(x) = 5.245e-07
g(x) = 5.0742e-07
g(x) = 4.909e-07
g(x) = 4.7493e-07
g(x) = 4.5948e-07
g(x) = 4.4454e-07
g(x) = 4.301e-07
g(x) = 4.1613e-07
g(x) = 4.0262e-07
g(x) = 3.8956e-07
g(x) = 3.7692e-07
g(x) = 3.6471e-07
g(x) = 3.5289e-07
g(x) = 3.4146e-07
g(x) = 3.304e-07
g(x) = 3.1971e-07
g(x) = 3.0937e-07
g(x) = 2.9937e-07
g(x) = 2.897e-07
g(x) = 2.8034e-07
g(x) = 2.7129e-07
g(x) = 2.6253e-07
g(x) = 2.5406e-07
g(x) = 2.4587e-07
g(x) = 2.3794e-07
g(x) = 2.3028e-07
g(x) = 2.2286e-07
g(x) = 2.1569e-07
g(x) = 2.0875e-07
g(x) = 2.0203e-07
g(x) = 1.9554e-07
g(x) = 1.8925e-07
g(x) = 1.8317e-07
g(x) = 1.7729e-07
g(x) = 1.716e-07
g(x) = 1.6609e-07
g(x) = 1.6077e-07
g(x) = 1.5561e-07
g(x) = 1.5063e-07
g(x) = 1.458e-07
g(x) = 1.4113e-07
g(x) = 1.3661e-07
g(x) = 1.3224e-07
g(x) = 1.2801e-07
g(x) = 1.2392e-07
g(x) = 1.1996e-07
g(x) = 1.1613e-07
g(x) = 1.1242e-07
g(x) = 1.0883e-07
g(x) = 1.0535e-07
g(x) = 1.0199e-07
g(x) = 9.8741e-08
g(x) = 9.5593e-08
g(x) = 9.2547e-08
g(x) = 8.9598e-08
g(x) = 8.6745e-08
g(x) = 8.3984e-08
g(x) = 8.1311e-08
g(x) = 7.8724e-08
g(x) = 7.6221e-08
g(x) = 7.3798e-08
g(x) = 7.1452e-08
g(x) = 6.9182e-08
g(x) = 6.6985e-08
g(x) = 6.4859e-08
g(x) = 6.28e-08
g(x) = 6.0808e-08
g(x) = 5.8879e-08
g(x) = 5.7013e-08
g(x) = 5.5206e-08
g(x) = 5.3457e-08
g(x) = 5.1763e-08
g(x) = 5.0124e-08
g(x) = 4.8538e-08
g(x) = 4.7002e-08
g(x) = 4.5515e-08
g(x) = 4.4075e-08
g(x) = 4.2682e-08
g(x) = 4.1333e-08
g(x) = 4.0027e-08
g(x) = 3.8763e-08
g(x) = 3.7539e-08
g(x) = 3.6354e-08
g(x) = 3.5207e-08
g(x) = 3.4096e-08
g(x) = 3.3021e-08
g(x) = 3.1979e-08
g(x) = 3.0971e-08
g(x) = 2.9995e-08
g(x) = 2.905e-08
g(x) = 2.8136e-08
g(x) = 2.725e-08
g(x) = 2.6392e-08
g(x) = 2.5562e-08
g(x) = 2.4757e-08
g(x) = 2.3979e-08
g(x) = 2.3225e-08
g(x) = 2.2495e-08
g(x) = 2.1788e-08
g(x) = 2.1103e-08
g(x) = 2.0441e-08
g(x) = 1.9799e-08
g(x) = 1.9177e-08
g(x) = 1.8575e-08
g(x) = 1.7993e-08
g(x) = 1.7428e-08
g(x) = 1.6882e-08
g(x) = 1.6352e-08
g(x) = 1.584e-08
g(x) = 1.5344e-08
g(x) = 1.4863e-08
g(x) = 1.4397e-08
g(x) = 1.3947e-08
g(x) = 1.351e-08
g(x) = 1.3087e-08
g(x) = 1.2678e-08
g(x) = 1.2281e-08
g(x) = 1.1897e-08
g(x) = 1.1525e-08
g(x) = 1.1165e-08
g(x) = 1.0816e-08
g(x) = 1.0478e-08
g(x) = 1.015e-08
g(x) = 9.8335e-09
g(x) = 9.5264e-09
g(x) = 9.229e-09
g(x) = 8.941e-09
g(x) = 8.662e-09
g(x) = 8.3917e-09
g(x) = 8.13e-09
g(x) = 7.8765e-09
g(x) = 7.6309e-09
g(x) = 7.393e-09
g(x) = 7.1626e-09
g(x) = 6.9395e-09
g(x) = 6.7233e-09
g(x) = 6.5139e-09
g(x) = 6.311e-09
g(x) = 6.1146e-09
g(x) = 5.9242e-09
g(x) = 5.7399e-09
g(x) = 5.5613e-09
g(x) = 5.3883e-09
g(x) = 5.2207e-09
g(x) = 5.0584e-09
g(x) = 4.9011e-09
g(x) = 4.7488e-09
g(x) = 4.6012e-09
g(x) = 4.4582e-09
g(x) = 4.3197e-09
g(x) = 4.1856e-09
g(x) = 4.0556e-09
g(x) = 3.9297e-09
g(x) = 3.8077e-09
g(x) = 3.6895e-09
g(x) = 3.575e-09
g(x) = 3.4641e-09
g(x) = 3.3566e-09
g(x) = 3.2525e-09
g(x) = 3.1516e-09
g(x) = 3.0539e-09
g(x) = 2.9593e-09
g(x) = 2.8675e-09
g(x) = 2.7787e-09
g(x) = 2.6926e-09
g(x) = 2.6092e-09
g(x) = 2.5284e-09
g(x) = 2.4501e-09
g(x) = 2.3742e-09
g(x) = 2.3007e-09
g(x) = 2.2295e-09
g(x) = 2.1605e-09
g(x) = 2.0936e-09
g(x) = 2.0289e-09
g(x) = 1.9661e-09
g(x) = 1.9053e-09
g(x) = 1.8464e-09
g(x) = 1.7893e-09
g(x) = 1.734e-09
g(x) = 1.6804e-09
g(x) = 1.6284e-09
g(x) = 1.5781e-09
g(x) = 1.5294e-09
g(x) = 1.4821e-09
g(x) = 1.4363e-09
g(x) = 1.392e-09
g(x) = 1.349e-09
g(x) = 1.3073e-09
g(x) = 1.267e-09
g(x) = 1.2279e-09
g(x) = 1.19e-09
g(x) = 1.1533e-09
g(x) = 1.1177e-09
g(x) = 1.0832e-09
g(x) = 1.0498e-09
g(x) = 1.0174e-09
g(x) = 9.8605e-10
g(x) = 9.5565e-10
g(x) = 9.2619e-10
g(x) = 8.9764e-10
g(x) = 8.6997e-10
g(x) = 8.4316e-10
g(x) = 8.1718e-10
g(x) = 7.9201e-10
g(x) = 7.6761e-10
g(x) = 7.4397e-10
g(x) = 7.2105e-10
g(x) = 6.9885e-10
g(x) = 6.7733e-10
g(x) = 6.5648e-10
g(x) = 6.3627e-10
g(x) = 6.1669e-10
g(x) = 5.9771e-10
g(x) = 5.7932e-10
g(x) = 5.615e-10
g(x) = 5.4422e-10
g(x) = 5.2748e-10
g(x) = 5.1126e-10
g(x) = 4.9554e-10
g(x) = 4.803e-10
g(x) = 4.6553e-10
g(x) = 4.5122e-10
g(x) = 4.3735e-10
g(x) = 4.2391e-10
g(x) = 4.1088e-10
g(x) = 3.9825e-10
g(x) = 3.8601e-10
g(x) = 3.7415e-10
g(x) = 3.6266e-10
g(x) = 3.5152e-10
g(x) = 3.4072e-10
g(x) = 3.3026e-10
g(x) = 3.2012e-10
g(x) = 3.1029e-10
g(x) = 3.0076e-10
g(x) = 2.9153e-10
g(x) = 2.8258e-10
g(x) = 2.7391e-10
g(x) = 2.655e-10
g(x) = 2.5736e-10
g(x) = 2.4946e-10
g(x) = 2.4181e-10
g(x) = 2.3439e-10
g(x) = 2.272e-10
g(x) = 2.2023e-10
g(x) = 2.1347e-10
g(x) = 2.0693e-10
g(x) = 2.0058e-10
g(x) = 1.9443e-10
g(x) = 1.8847e-10
g(x) = 1.8269e-10
g(x) = 1.7709e-10
g(x) = 1.7167e-10
g(x) = 1.6641e-10
g(x) = 1.6131e-10
g(x) = 1.5636e-10
g(x) = 1.5157e-10
g(x) = 1.4693e-10
g(x) = 1.4243e-10
g(x) = 1.3807e-10
g(x) = 1.3384e-10
g(x) = 1.2974e-10
g(x) = 1.2576e-10
g(x) = 1.2191e-10
g(x) = 1.1818e-10
g(x) = 1.1456e-10
g(x) = 1.1105e-10
g(x) = 1.0766e-10
g(x) = 1.0436e-10
g(x) = 1.0117e-10
g(x) = 9.807e-11
g(x) = 9.5069e-11
g(x) = 9.216e-11
g(x) = 8.934e-11
g(x) = 8.6606e-11
g(x) = 8.3957e-11
g(x) = 8.1388e-11
g(x) = 7.8899e-11
g(x) = 7.6486e-11
g(x) = 7.4146e-11
g(x) = 7.1879e-11
g(x) = 6.9681e-11
g(x) = 6.755e-11
g(x) = 6.5485e-11
g(x) = 6.3483e-11
g(x) = 6.1542e-11
g(x) = 5.9661e-11
g(x) = 5.7837e-11
g(x) = 5.6069e-11
g(x) = 5.4355e-11
g(x) = 5.2694e-11
g(x) = 5.1084e-11
g(x) = 4.9523e-11
g(x) = 4.801e-11
g(x) = 4.6543e-11
g(x) = 4.5121e-11
g(x) = 4.3743e-11
g(x) = 4.2406e-11
g(x) = 4.1111e-11
g(x) = 3.9855e-11
g(x) = 3.8638e-11
g(x) = 3.7458e-11
g(x) = 3.6314e-11
g(x) = 3.5205e-11
g(x) = 3.413e-11
g(x) = 3.3088e-11
g(x) = 3.2078e-11
g(x) = 3.1099e-11
g(x) = 3.0149e-11
g(x) = 2.9229e-11
g(x) = 2.8337e-11
g(x) = 2.7472e-11
g(x) = 2.6634e-11
g(x) = 2.5821e-11
g(x) = 2.5033e-11
g(x) = 2.4269e-11
g(x) = 2.3528e-11
g(x) = 2.2811e-11
g(x) = 2.2115e-11
g(x) = 2.144e-11
g(x) = 2.0786e-11
g(x) = 2.0152e-11
g(x) = 1.9537e-11
g(x) = 1.8941e-11
g(x) = 1.8363e-11
g(x) = 1.7803e-11
g(x) = 1.726e-11
g(x) = 1.6734e-11
g(x) = 1.6224e-11
g(x) = 1.5729e-11
g(x) = 1.5249e-11
g(x) = 1.4785e-11
g(x) = 1.4334e-11
g(x) = 1.3897e-11
g(x) = 1.3473e-11
g(x) = 1.3062e-11
g(x) = 1.2664e-11
g(x) = 1.2278e-11
g(x) = 1.1904e-11
g(x) = 1.1541e-11
g(x) = 1.1189e-11
g(x) = 1.0848e-11
g(x) = 1.0518e-11
g(x) = 1.0197e-11
g(x) = 9.8867e-12
g(x) = 9.5854e-12
g(x) = 9.2934e-12
g(x) = 9.0102e-12
g(x) = 8.7357e-12
g(x) = 8.4696e-12
g(x) = 8.2116e-12
g(x) = 7.9615e-12
g(x) = 7.719e-12
g(x) = 7.4838e-12
g(x) = 7.2559e-12
g(x) = 7.0349e-12
g(x) = 6.8207e-12
g(x) = 6.6129e-12
g(x) = 6.4116e-12
g(x) = 6.2163e-12
g(x) = 6.027e-12
g(x) = 5.8435e-12
g(x) = 5.6656e-12
g(x) = 5.4931e-12
g(x) = 5.3259e-12
g(x) = 5.1637e-12
g(x) = 5.0065e-12
g(x) = 4.8541e-12
g(x) = 4.7063e-12
g(x) = 4.5631e-12
g(x) = 4.4242e-12
g(x) = 4.2895e-12
g(x) = 4.159e-12
g(x) = 4.0324e-12
g(x) = 3.9097e-12
g(x) = 3.7907e-12
g(x) = 3.6753e-12
g(x) = 3.5635e-12
g(x) = 3.4551e-12
g(x) = 3.3499e-12
g(x) = 3.248e-12
g(x) = 3.1492e-12
g(x) = 3.0534e-12
g(x) = 2.9605e-12
g(x) = 2.8704e-12
g(x) = 2.7831e-12
g(x) = 2.6984e-12
g(x) = 2.6163e-12
g(x) = 2.5367e-12
g(x) = 2.4596e-12
g(x) = 2.3848e-12
g(x) = 2.3122e-12
g(x) = 2.2419e-12
g(x) = 2.1737e-12
g(x) = 2.1076e-12
g(x) = 2.0435e-12
g(x) = 1.9814e-12
g(x) = 1.9211e-12
g(x) = 1.8627e-12
g(x) = 1.806e-12
g(x) = 1.7511e-12
g(x) = 1.6979e-12
g(x) = 1.6463e-12
g(x) = 1.5962e-12
g(x) = 1.5477e-12
g(x) = 1.5006e-12
g(x) = 1.455e-12
g(x) = 1.4108e-12
g(x) = 1.3679e-12
g(x) = 1.3263e-12
g(x) = 1.286e-12
g(x) = 1.2469e-12
g(x) = 1.209e-12
g(x) = 1.1722e-12
g(x) = 1.1366e-12
g(x) = 1.1021e-12
g(x) = 1.0686e-12
g(x) = 1.0361e-12
g(x) = 1.0046e-12
g(x) = 9.7407e-13
g(x) = 9.4446e-13
g(x) = 9.1576e-13
g(x) = 8.8793e-13
g(x) = 8.6095e-13
g(x) = 8.3479e-13
g(x) = 8.0942e-13
g(x) = 7.8483e-13
g(x) = 7.6098e-13
g(x) = 7.3786e-13
g(x) = 7.1544e-13
g(x) = 6.937e-13
g(x) = 6.7263e-13
g(x) = 6.5219e-13
g(x) = 6.3238e-13
g(x) = 6.1317e-13
g(x) = 5.9454e-13
g(x) = 5.7648e-13
g(x) = 5.5897e-13
g(x) = 5.4199e-13
g(x) = 5.2553e-13
g(x) = 5.0956e-13
g(x) = 4.9409e-13
g(x) = 4.7908e-13
g(x) = 4.6453e-13
g(x) = 4.5042e-13
g(x) = 4.3674e-13
g(x) = 4.2347e-13
g(x) = 4.1061e-13
g(x) = 3.9814e-13
g(x) = 3.8605e-13
g(x) = 3.7433e-13
g(x) = 3.6296e-13
g(x) = 3.5194e-13
g(x) = 3.4125e-13
g(x) = 3.3089e-13
g(x) = 3.2084e-13
g(x) = 3.111e-13
g(x) = 3.0165e-13
g(x) = 2.9249e-13
g(x) = 2.8361e-13
g(x) = 2.75e-13
g(x) = 2.6665e-13
g(x) = 2.5856e-13
g(x) = 2.5071e-13
g(x) = 2.431e-13
g(x) = 2.3572e-13
g(x) = 2.2856e-13
g(x) = 2.2162e-13
g(x) = 2.1489e-13
g(x) = 2.0837e-13
g(x) = 2.0205e-13
g(x) = 1.9591e-13
g(x) = 1.8997e-13
g(x) = 1.842e-13
g(x) = 1.7861e-13
g(x) = 1.7319e-13
g(x) = 1.6793e-13
g(x) = 1.6283e-13
g(x) = 1.5789e-13
g(x) = 1.531e-13
g(x) = 1.4845e-13
g(x) = 1.4395e-13
g(x) = 1.3958e-13
g(x) = 1.3534e-13
g(x) = 1.3124e-13
g(x) = 1.2725e-13
g(x) = 1.2339e-13
g(x) = 1.1965e-13
g(x) = 1.1602e-13
g(x) = 1.125e-13
g(x) = 1.0908e-13
g(x) = 1.0577e-13
g(x) = 1.0256e-13
g(x) = 9.945e-14
g(x) = 9.6433e-14
g(x) = 9.3507e-14
g(x) = 9.067e-14
g(x) = 8.7919e-14
g(x) = 8.5251e-14
g(x) = 8.2665e-14
g(x) = 8.0157e-14
g(x) = 7.7725e-14
g(x) = 7.5367e-14
g(x) = 7.308e-14
g(x) = 7.0863e-14
g(x) = 6.8713e-14
g(x) = 6.6629e-14
g(x) = 6.4608e-14
g(x) = 6.2648e-14
g(x) = 6.0747e-14
g(x) = 5.8905e-14
g(x) = 5.7118e-14
g(x) = 5.5385e-14
g(x) = 5.3705e-14
g(x) = 5.2076e-14
g(x) = 5.0496e-14
g(x) = 4.8965e-14
g(x) = 4.748e-14
g(x) = 4.604e-14
g(x) = 4.4643e-14
g(x) = 4.3289e-14
g(x) = 4.1976e-14
g(x) = 4.0703e-14
g(x) = 3.9469e-14
g(x) = 3.8272e-14
g(x) = 3.7111e-14
g(x) = 3.5985e-14
g(x) = 3.4894e-14
g(x) = 3.3836e-14
g(x) = 3.281e-14
g(x) = 3.1815e-14
g(x) = 3.085e-14
g(x) = 2.9914e-14
g(x) = 2.9007e-14
g(x) = 2.8128e-14
g(x) = 2.7275e-14
g(x) = 2.6448e-14
g(x) = 2.5646e-14
g(x) = 2.4868e-14
g(x) = 2.4114e-14
g(x) = 2.3383e-14
g(x) = 2.2674e-14
g(x) = 2.1986e-14
g(x) = 2.132e-14
g(x) = 2.0673e-14
g(x) = 2.0046e-14
g(x) = 1.9439e-14
g(x) = 1.8849e-14
g(x) = 1.8278e-14
g(x) = 1.7724e-14
g(x) = 1.7186e-14
g(x) = 1.6665e-14
g(x) = 1.616e-14
g(x) = 1.567e-14
g(x) = 1.5195e-14
g(x) = 1.4734e-14
g(x) = 1.4288e-14
g(x) = 1.3854e-14
g(x) = 1.3434e-14
g(x) = 1.3027e-14
g(x) = 1.2632e-14
g(x) = 1.2249e-14
g(x) = 1.1878e-14
g(x) = 1.1518e-14
g(x) = 1.1169e-14
g(x) = 1.083e-14
g(x) = 1.0502e-14
g(x) = 1.0184e-14
g(x) = 9.8749e-15
g(x) = 9.5756e-15
g(x) = 9.2853e-15
g(x) = 9.0039e-15
g(x) = 8.731e-15
g(x) = 8.4663e-15
g(x) = 8.2097e-15
g(x) = 7.9609e-15
g(x) = 7.7196e-15
g(x) = 7.4856e-15
g(x) = 7.2587e-15
g(x) = 7.0387e-15
g(x) = 6.8254e-15
g(x) = 6.6185e-15
g(x) = 6.4179e-15
g(x) = 6.2234e-15
g(x) = 6.0348e-15
g(x) = 5.8519e-15
g(x) = 5.6746e-15
g(x) = 5.5026e-15
g(x) = 5.3358e-15
g(x) = 5.1741e-15
g(x) = 5.0173e-15
g(x) = 4.8653e-15
g(x) = 4.7179e-15
g(x) = 4.5749e-15
g(x) = 4.4362e-15
g(x) = 4.3018e-15
g(x) = 4.1715e-15
g(x) = 4.045e-15
g(x) = 3.9225e-15
g(x) = 3.8036e-15
g(x) = 3.6884e-15
g(x) = 3.5766e-15
g(x) = 3.4682e-15
g(x) = 3.3631e-15
g(x) = 3.2612e-15
g(x) = 3.1624e-15
g(x) = 3.0666e-15
g(x) = 2.9737e-15
g(x) = 2.8836e-15
g(x) = 2.7962e-15
g(x) = 2.7115e-15
g(x) = 2.6293e-15
g(x) = 2.5496e-15
g(x) = 2.4724e-15
g(x) = 2.3975e-15
g(x) = 2.3248e-15
g(x) = 2.2544e-15
g(x) = 2.1861e-15
g(x) = 2.1199e-15
g(x) = 2.0556e-15
g(x) = 1.9934e-15
g(x) = 1.933e-15
g(x) = 1.8744e-15
g(x) = 1.8176e-15
g(x) = 1.7626e-15
g(x) = 1.7092e-15
g(x) = 1.6574e-15
g(x) = 1.6072e-15
g(x) = 1.5585e-15
g(x) = 1.5113e-15
g(x) = 1.4655e-15
g(x) = 1.4211e-15
g(x) = 1.378e-15
g(x) = 1.3363e-15
g(x) = 1.2958e-15
g(x) = 1.2566e-15
g(x) = 1.2185e-15
g(x) = 1.1816e-15
g(x) = 1.1458e-15
g(x) = 1.1111e-15
g(x) = 1.0774e-15
g(x) = 1.0448e-15
g(x) = 1.0131e-15
g(x) = 9.8245e-16

--------------------------------
        Initial Matrices        
--------------------------------

M_0^0 = { { (+0.05038,+0.00000), (+0.08836,-0.10537), (+0.07429,-0.08909), (+0.08254,+0.05441), (-0.03491,-0.01982), (-0.02687,+0.05807)},
          { (+0.08836,+0.10537), (+0.37532,+0.00000), (+0.31660,-0.00087), (+0.03097,+0.26804), (-0.01977,-0.10778), (-0.16856,+0.04565)},
          { (+0.07429,+0.08909), (+0.31660,+0.00087), (+0.26706,+0.00000), (+0.02551,+0.22618), (-0.01643,-0.09096), (-0.14229,+0.03812)},
          { (+0.08254,-0.05441), (+0.03097,-0.26804), (+0.02551,-0.22618), (+0.19398,+0.00000), (-0.07861,+0.00523), (+0.01869,+0.12415)},
          { (-0.03491,+0.01982), (-0.01977,+0.10778), (-0.01643,+0.09096), (-0.07861,-0.00523), (+0.03199,+0.00000), (-0.00423,-0.05081)},
          { (-0.02687,-0.05807), (-0.16856,-0.04565), (-0.14229,-0.03812), (+0.01869,-0.12415), (-0.00423,+0.05081), (+0.08125,+0.00000)} } 

|M^2-M|  = 0.00000
tr(M^2-M)  = (-0.00000,0.00000)
is M PD? = 0

M_1^0 = { { (+0.28685,+0.00000), (+0.09147,-0.00784), (-0.06150,+0.11033), (-0.04808,-0.14647), (-0.31715,+0.16315), (-0.10699,-0.13330)},
          { (+0.09147,+0.00784), (+0.02939,+0.00000), (-0.02263,+0.03350), (-0.01133,-0.04802), (-0.10560,+0.04335), (-0.03047,-0.04543)},
          { (-0.06150,-0.11033), (-0.02263,-0.03350), (+0.05562,+0.00000), (-0.04603,+0.04989), (+0.13074,+0.08701), (-0.02833,+0.06973)},
          { (-0.04808,+0.14647), (-0.01133,+0.04802), (-0.04603,-0.04989), (+0.08284,+0.00000), (-0.03015,-0.18928), (+0.08599,-0.03229)},
          { (-0.31715,-0.16315), (-0.10560,-0.04335), (+0.13074,-0.08701), (-0.03015,+0.18928), (+0.44345,+0.00000), (+0.04247,+0.20823)},
          { (-0.10699,+0.13330), (-0.03047,+0.04543), (-0.02833,-0.06973), (+0.08599,+0.03229), (+0.04247,-0.20823), (+0.10185,+0.00000)} } 

|M^2-M|  = 0.00000
tr(M^2-M)  = (0.00000,0.00000)
is M PD? = 0

M_2^0 = { { (+0.04502,+0.00000), (-0.04552,+0.04191), (+0.01459,-0.03081), (+0.00059,+0.13353), (-0.03768,+0.06974), (+0.11341,-0.03200)},
          { (-0.04552,-0.04191), (+0.08504,+0.00000), (-0.04343,+0.01757), (+0.12372,-0.13556), (+0.10303,-0.03543), (-0.14446,-0.07323)},
          { (+0.01459,+0.03081), (-0.04343,-0.01757), (+0.02581,+0.00000), (-0.09119,+0.04367), (-0.05994,-0.00319), (+0.05865,+0.06725)},
          { (+0.00059,-0.13353), (+0.12372,+0.13556), (-0.09119,-0.04367), (+0.39609,+0.00000), (+0.20637,+0.11268), (-0.09344,-0.33682)},
          { (-0.03768,-0.06974), (+0.10303,+0.03543), (-0.05994,+0.00319), (+0.20637,-0.11268), (+0.13958,+0.00000), (-0.14451,-0.14891)},
          { (+0.11341,+0.03200), (-0.14446,+0.07323), (+0.05865,-0.06725), (-0.09344,+0.33682), (-0.14451,+0.14891), (+0.30847,+0.00000)} } 

|M^2-M|  = 0.00000
tr(M^2-M)  = (-0.00000,0.00000)
is M PD? = 0

M_3^0 = { { (+0.29222,+0.00000), (+0.01224,-0.18806), (-0.21054,+0.15682), (-0.06287,+0.12920), (+0.23554,-0.15426), (+0.04184,-0.02684)},
          { (+0.01224,+0.18806), (+0.12154,+0.00000), (-0.10974,-0.12892), (-0.08578,-0.03505), (+0.10914,+0.14512), (+0.01903,+0.02580)},
          { (-0.21054,-0.15682), (-0.10974,+0.12892), (+0.23585,+0.00000), (+0.11464,-0.05935), (-0.25248,-0.01527), (-0.04455,-0.00311)},
          { (-0.06287,-0.12920), (-0.08578,+0.03505), (+0.11464,+0.05935), (+0.07065,+0.00000), (-0.11888,-0.07095), (-0.02087,-0.01272)},
          { (+0.23554,+0.15426), (+0.10914,-0.14512), (-0.25248,+0.01527), (-0.11888,+0.07095), (+0.27128,+0.00000), (+0.04789,+0.00045)},
          { (+0.04184,+0.02684), (+0.01903,-0.02580), (-0.04455,+0.00311), (-0.02087,+0.01272), (+0.04789,-0.00045), (+0.00845,+0.00000)} } 

|M^2-M|  = 0.00000
tr(M^2-M)  = (-0.00000,0.00000)
is M PD? = 0

M_4^0 = { { (+0.24489,+0.00000), (-0.03442,+0.15918), (+0.22535,-0.02560), (+0.04810,-0.22455), (+0.15111,-0.01998), (+0.14781,+0.09561)},
          { (-0.03442,-0.15918), (+0.10831,+0.00000), (-0.04832,-0.14288), (-0.15272,+0.00030), (-0.03423,-0.09541), (+0.04137,-0.10952)},
          { (+0.22535,+0.02560), (-0.04832,+0.14288), (+0.21004,+0.00000), (+0.06774,-0.20160), (+0.14114,-0.00258), (+0.12602,+0.10344)},
          { (+0.04810,+0.22455), (-0.15272,-0.00030), (+0.06774,+0.20160), (+0.21534,+0.00000), (+0.04800,+0.13463), (-0.05864,+0.15431)},
          { (+0.15111,+0.01998), (-0.03423,+0.09541), (+0.14114,+0.00258), (+0.04800,-0.13463), (+0.09487,+0.00000), (+0.08341,+0.07105)},
          { (+0.14781,-0.09561), (+0.04137,+0.10952), (+0.12602,-0.10344), (-0.05864,-0.15431), (+0.08341,-0.07105), (+0.12655,+0.00000)} } 

|M^2-M|  = 0.00000
tr(M^2-M)  = (0.00000,0.00000)
is M PD? = 0

M_5^0 = { { (+0.08063,+0.00000), (-0.11213,+0.10018), (-0.04219,-0.12165), (-0.02028,+0.05387), (+0.00310,-0.03884), (-0.16921,+0.03846)},
          { (-0.11213,-0.10018), (+0.28041,+0.00000), (-0.09247,+0.22160), (+0.09513,-0.04972), (-0.05257,+0.05015), (+0.28310,+0.15674)},
          { (-0.04219,+0.12165), (-0.09247,-0.22160), (+0.20562,+0.00000), (-0.07066,-0.05879), (+0.05697,+0.02500), (+0.03050,-0.27541)},
          { (-0.02028,-0.05387), (+0.09513,+0.04972), (-0.07066,+0.05879), (+0.04109,+0.00000), (-0.02673,+0.00770), (+0.06826,+0.10337)},
          { (+0.00310,+0.03884), (-0.05257,-0.05015), (+0.05697,-0.02500), (-0.02673,-0.00770), (+0.01882,+0.00000), (-0.02504,-0.08002)},
          { (-0.16921,-0.03846), (+0.28310,-0.15674), (+0.03050,+0.27541), (+0.06826,-0.10337), (-0.02504,+0.08002), (+0.37343,+0.00000)} } 

|M^2-M|  = 0.00000
tr(M^2-M)  = (-0.00000,0.00000)
is M PD? = 0

M_0^1 = { { (+0.09969,+0.00000), (-0.03111,-0.06831), (+0.09693,+0.16445), (+0.09821,+0.13560), (+0.13483,-0.03162), (-0.01817,+0.01168)},
          { (-0.03111,+0.06831), (+0.05652,+0.00000), (-0.14294,+0.01510), (-0.12356,+0.02498), (-0.02041,+0.10226), (-0.00233,-0.01610)},
          { (+0.09693,-0.16445), (-0.14294,-0.01510), (+0.36553,+0.00000), (+0.31917,-0.03017), (+0.07894,-0.25317), (+0.00160,+0.04134)},
          { (+0.09821,-0.13560), (-0.12356,-0.02498), (+0.31917,+0.03017), (+0.28119,+0.00000), (+0.08982,-0.21455), (-0.00202,+0.03623)},
          { (+0.13483,+0.03162), (-0.02041,-0.10226), (+0.07894,+0.25317), (+0.08982,+0.21455), (+0.19239,+0.00000), (-0.02829,+0.01003)},
          { (-0.01817,-0.01168), (-0.00233,+0.01610), (+0.00160,-0.04134), (-0.00202,-0.03623), (-0.02829,-0.01003), (+0.00468,+0.00000)} } 

|M^2-M|  = 0.00000
tr(M^2-M)  = (-0.00000,0.00000)
is M PD? = 0

M_1^1 = { { (+0.16373,+0.00000), (+0.06218,-0.07739), (-0.07254,+0.06820), (+0.12874,-0.12947), (-0.11989,+0.02563), (-0.05618,-0.25618)},
          { (+0.06218,+0.07739), (+0.06020,+0.00000), (-0.05979,-0.00839), (+0.11009,+0.01168), (-0.05765,-0.04694), (+0.09975,-0.12385)},
          { (-0.07254,-0.06820), (-0.05979,+0.00839), (+0.06055,+0.00000), (-0.11097,+0.00373), (+0.06379,+0.03859), (-0.08182,+0.13690)},
          { (+0.12874,+0.12947), (+0.11009,-0.01168), (-0.11097,-0.00373), (+0.20361,+0.00000), (-0.11454,-0.07466), (+0.15840,-0.24586)},
          { (-0.11989,-0.02563), (-0.05765,+0.04694), (+0.06379,-0.03859), (-0.11454,+0.07466), (+0.09181,+0.00000), (+0.00104,+0.19639)},
          { (-0.05618,+0.25618), (+0.09975,+0.12385), (-0.08182,-0.13690), (+0.15840,+0.24586), (+0.00104,-0.19639), (+0.42011,+0.00000)} } 

|M^2-M|  = 0.00000
tr(M^2-M)  = (0.00000,0.00000)
is M PD? = 0

M_2^1 = { { (+0.15462,+0.00000), (+0.04723,+0.00397), (-0.14439,-0.09895), (+0.08302,+0.09366), (-0.09081,-0.08091), (-0.17579,+0.19097)},
          { (+0.04723,-0.00397), (+0.01453,+0.00000), (-0.04665,-0.02651), (+0.02777,+0.02648), (-0.02982,-0.02238), (-0.04879,+0.06285)},
          { (-0.14439,+0.09895), (-0.04665,+0.02651), (+0.19816,+0.00000), (-0.13747,-0.03434), (+0.13657,+0.01744), (+0.04195,-0.29083)},
          { (+0.08302,-0.09366), (+0.02777,-0.02648), (-0.13747,+0.03434), (+0.10131,+0.00000), (-0.09777,+0.01156), (+0.02129,+0.20902)},
          { (-0.09081,+0.08091), (-0.02982,+0.02238), (+0.13657,-0.01744), (-0.09777,-0.01156), (+0.09567,+0.00000), (+0.00331,-0.20414)},
          { (-0.17579,-0.19097), (-0.04879,-0.06285), (+0.04195,+0.29083), (+0.02129,-0.20902), (+0.00331,+0.20414), (+0.43571,+0.00000)} } 

|M^2-M|  = 0.00000
tr(M^2-M)  = (-0.00000,0.00000)
is M PD? = 0

M_3^1 = { { (+0.18525,+0.00000), (-0.10293,+0.23657), (-0.04272,+0.14061), (-0.17176,-0.07610), (-0.00971,-0.15677), (+0.05301,+0.00085)},
          { (-0.10293,-0.23657), (+0.35931,+0.00000), (+0.20330,-0.02358), (-0.00175,+0.26163), (-0.19481,+0.09951), (-0.02836,-0.06817)},
          { (-0.04272,-0.14061), (+0.20330,+0.02358), (+0.11658,+0.00000), (-0.01816,+0.14792), (-0.11676,+0.04352), (-0.01157,-0.04043)},
          { (-0.17176,+0.07610), (-0.00175,-0.26163), (-0.01816,-0.14792), (+0.19051,+0.00000), (+0.07340,+0.14137), (-0.04950,+0.02098)},
          { (-0.00971,+0.15677), (-0.19481,-0.09951), (-0.11676,-0.04352), (+0.07340,-0.14137), (+0.13318,+0.00000), (-0.00350,+0.04481)},
          { (+0.05301,-0.00085), (-0.02836,+0.06817), (-0.01157,+0.04043), (-0.04950,-0.02098), (-0.00350,-0.04481), (+0.01517,+0.00000)} } 

|M^2-M|  = 0.00000
tr(M^2-M)  = (0.00000,0.00000)
is M PD? = 0

M_4^1 = { { (+0.28511,+0.00000), (-0.09827,-0.22776), (+0.13109,-0.19255), (-0.19250,+0.05551), (-0.07875,+0.09831), (+0.17764,+0.02174)},
          { (-0.09827,+0.22776), (+0.21582,+0.00000), (+0.10863,+0.17109), (+0.02201,-0.17291), (-0.05139,-0.09680), (-0.07859,+0.13442)},
          { (+0.13109,+0.19255), (+0.10863,-0.17109), (+0.19031,+0.00000), (-0.12599,-0.10448), (-0.10261,-0.00798), (+0.06700,+0.12996)},
          { (-0.19250,-0.05551), (+0.02201,+0.17291), (-0.12599,+0.10448), (+0.14077,+0.00000), (+0.07231,-0.05105), (-0.11570,-0.04926)},
          { (-0.07875,-0.09831), (-0.05139,+0.09680), (-0.10261,+0.00798), (+0.07231,+0.05105), (+0.05566,+0.00000), (-0.04157,-0.06726)},
          { (+0.17764,-0.02174), (-0.07859,-0.13442), (+0.06700,-0.12996), (-0.11570,+0.04926), (-0.04157,+0.06726), (+0.11234,+0.00000)} } 

|M^2-M|  = 0.00000
tr(M^2-M)  = (-0.00000,0.00000)
is M PD? = 0

M_5^1 = { { (+0.11160,+0.00000), (+0.12290,+0.13292), (+0.03162,-0.08177), (+0.05428,-0.07920), (+0.16433,+0.14536), (+0.01950,+0.03094)},
          { (+0.12290,-0.13292), (+0.29363,+0.00000), (-0.06256,-0.12771), (-0.03455,-0.15186), (+0.35408,-0.03565), (+0.05832,+0.01085)},
          { (+0.03162,+0.08177), (-0.06256,+0.12771), (+0.06888,+0.00000), (+0.07341,+0.01733), (-0.05994,+0.16160), (-0.01714,+0.02305)},
          { (+0.05428,+0.07920), (-0.03455,+0.15186), (+0.07341,-0.01733), (+0.08261,+0.00000), (-0.02323,+0.18732), (-0.01247,+0.02889)},
          { (+0.16433,-0.14536), (+0.35408,+0.03565), (-0.05994,-0.16160), (-0.02323,-0.18732), (+0.43130,+0.00000), (+0.06901,+0.02016)},
          { (+0.01950,-0.03094), (+0.05832,-0.01085), (-0.01714,-0.02305), (-0.01247,-0.02889), (+0.06901,-0.02016), (+0.01198,+0.00000)} } 

|M^2-M|  = 0.00000
tr(M^2-M)  = (-0.00000,0.00000)
is M PD? = 0

M_0^2 = { { (+0.06468,+0.00000), (-0.07749,+0.05769), (-0.12632,-0.05646), (-0.01474,-0.10382), (-0.04031,-0.09575), (+0.04060,-0.09263)},
          { (-0.07749,-0.05769), (+0.14430,+0.00000), (+0.10099,+0.18031), (-0.07494,+0.13754), (-0.03710,+0.15067), (-0.13126,+0.07476)},
          { (-0.12632,+0.05646), (+0.10099,-0.18031), (+0.29600,+0.00000), (+0.11941,+0.18991), (+0.16231,+0.15182), (+0.00155,+0.21635)},
          { (-0.01474,+0.10382), (-0.07494,-0.13754), (+0.11941,-0.18991), (+0.17002,+0.00000), (+0.16288,-0.04289), (+0.13943,+0.08628)},
          { (-0.04031,+0.09575), (-0.03710,-0.15067), (+0.16231,-0.15182), (+0.16288,+0.04289), (+0.16687,+0.00000), (+0.11181,+0.11784)},
          { (+0.04060,+0.09263), (-0.13126,-0.07476), (+0.00155,-0.21635), (+0.13943,-0.08628), (+0.11181,-0.11784), (+0.15813,+0.00000)} } 

|M^2-M|  = 0.00000
tr(M^2-M)  = (0.00000,0.00000)
is M PD? = 0

M_1^2 = { { (+0.20161,+0.00000), (+0.24103,+0.03536), (+0.14990,-0.00318), (-0.02728,-0.07584), (-0.12544,-0.17504), (+0.10013,+0.12743)},
          { (+0.24103,-0.03536), (+0.29437,+0.00000), (+0.17866,-0.03010), (-0.04592,-0.08588), (-0.18067,-0.18727), (+0.14206,+0.13479)},
          { (+0.14990,+0.00318), (+0.17866,+0.03010), (+0.11151,+0.00000), (-0.01909,-0.05682), (-0.09050,-0.13213), (+0.07244,+0.09633)},
          { (-0.02728,+0.07584), (-0.04592,+0.08588), (-0.01909,+0.05682), (+0.03222,+0.00000), (+0.08282,-0.02350), (-0.06148,+0.02042)},
          { (-0.12544,+0.17504), (-0.18067,+0.18727), (-0.09050,+0.13213), (+0.08282,+0.02350), (+0.23003,+0.00000), (-0.17294,+0.00765)},
          { (+0.10013,-0.12743), (+0.14206,-0.13479), (+0.07244,-0.09633), (-0.06148,-0.02042), (-0.17294,-0.00765), (+0.13027,+0.00000)} } 

|M^2-M|  = 0.00000
tr(M^2-M)  = (-0.00000,0.00000)
is M PD? = 0

M_2^2 = { { (+0.02312,+0.00000), (+0.00083,-0.02810), (-0.04335,-0.05317), (-0.05767,-0.04013), (+0.02383,+0.02028), (-0.06364,+0.08441)},
          { (+0.00083,+0.02810), (+0.03417,+0.00000), (+0.06306,-0.05458), (+0.04670,-0.07151), (-0.02379,+0.02968), (-0.10485,-0.07430)},
          { (-0.04335,+0.05317), (+0.06306,+0.05458), (+0.20357,+0.00000), (+0.20041,-0.05738), (-0.09132,+0.01676), (-0.07481,-0.30462)},
          { (-0.05767,+0.04013), (+0.04670,+0.07151), (+0.20041,+0.05738), (+0.21347,+0.00000), (-0.09463,-0.00924), (+0.01221,-0.32098)},
          { (+0.02383,-0.02028), (-0.02379,-0.02968), (-0.09132,-0.01676), (-0.09463,+0.00924), (+0.04235,+0.00000), (+0.00847,+0.14282)},
          { (-0.06364,-0.08441), (-0.10485,+0.07430), (-0.07481,+0.30462), (+0.01221,+0.32098), (+0.00847,-0.14282), (+0.48333,+0.00000)} } 

|M^2-M|  = 0.00000
tr(M^2-M)  = (-0.00000,0.00000)
is M PD? = 0

M_3^2 = { { (+0.26184,+0.00000), (-0.27407,+0.07620), (+0.10441,-0.04966), (+0.06908,+0.19654), (-0.18576,+0.07062), (-0.09737,+0.08134)},
          { (-0.27407,-0.07620), (+0.30905,+0.00000), (-0.12374,+0.02160), (-0.01511,-0.22582), (+0.21499,-0.01986), (+0.12559,-0.05681)},
          { (+0.10441,+0.04966), (-0.12374,-0.02160), (+0.05105,+0.00000), (-0.00973,+0.09147), (-0.08747,-0.00707), (-0.05426,+0.01397)},
          { (+0.06908,-0.19654), (-0.01511,+0.22582), (-0.00973,-0.09147), (+0.16574,+0.00000), (+0.00400,+0.15806), (+0.03537,+0.09455)},
          { (-0.18576,-0.07062), (+0.21499,+0.01986), (-0.08747,+0.00707), (+0.00400,-0.15806), (+0.15083,+0.00000), (+0.09102,-0.03145)},
          { (-0.09737,-0.08134), (+0.12559,+0.05681), (-0.05426,-0.01397), (+0.03537,-0.09455), (+0.09102,+0.03145), (+0.06148,+0.00000)} } 

|M^2-M|  = 0.00000
tr(M^2-M)  = (0.00000,0.00000)
is M PD? = 0

M_4^2 = { { (+0.37378,+0.00000), (+0.16556,-0.17816), (-0.19857,+0.13021), (+0.16550,+0.09894), (+0.22487,+0.08785), (-0.04816,-0.14405)},
          { (+0.16556,+0.17816), (+0.15825,+0.00000), (-0.15002,-0.03697), (+0.02615,+0.12271), (+0.05774,+0.14609), (+0.04733,-0.08676)},
          { (-0.19857,-0.13021), (-0.15002,+0.03697), (+0.15085,+0.00000), (-0.05345,-0.11022), (-0.08886,-0.12501), (-0.02460,+0.09330)},
          { (+0.16550,-0.09894), (+0.02615,-0.12271), (-0.05345,+0.11022), (+0.09947,+0.00000), (+0.12282,-0.02063), (-0.05945,-0.05103)},
          { (+0.22487,-0.08785), (+0.05774,-0.14609), (-0.08886,+0.12501), (+0.12282,+0.02063), (+0.15593,+0.00000), (-0.06283,-0.07535)},
          { (-0.04816,+0.14405), (+0.04733,+0.08676), (-0.02460,-0.09330), (-0.05945,+0.05103), (-0.06283,+0.07535), (+0.06172,+0.00000)} } 

|M^2-M|  = 0.00000
tr(M^2-M)  = (0.00000,0.00000)
is M PD? = 0

M_5^2 = { { (+0.07497,+0.00000), (-0.05585,+0.03700), (+0.11393,+0.03227), (-0.13489,-0.07569), (+0.10281,+0.09205), (+0.06844,-0.05651)},
          { (-0.05585,-0.03700), (+0.05987,+0.00000), (-0.06895,-0.08027), (+0.06313,+0.12296), (-0.03116,-0.11931), (-0.07887,+0.00832)},
          { (+0.11393,-0.03227), (-0.06895,+0.08027), (+0.18702,+0.00000), (-0.23755,-0.05697), (+0.19584,+0.09563), (+0.07967,-0.11533)},
          { (-0.13489,+0.07569), (+0.06313,-0.12296), (-0.23755,+0.05697), (+0.31909,+0.00000), (-0.27789,-0.06181), (-0.06607,+0.17076)},
          { (+0.10281,-0.09205), (-0.03116,+0.11931), (+0.19584,-0.09563), (-0.27789,+0.06181), (+0.25399,+0.00000), (+0.02446,-0.16151)},
          { (+0.06844,+0.05651), (-0.07887,-0.00832), (+0.07967,+0.11533), (-0.06607,-0.17076), (+0.02446,+0.16151), (+0.10506,+0.00000)} } 

|M^2-M|  = 0.00000
tr(M^2-M)  = (-0.00000,0.00000)
is M PD? = 0

|X^2-X|  = 0.00000
tr(X^2-X)  = 0.00000
isPD(X) = 0
isPSD(X) = 0

----------------------------------
         Iteration 0
----------------------------------
f = -98.16351   r = 17.92530 ?< 10000000000.00000   g = 0.00000

----------------------------------
         Iteration 1
----------------------------------
f = -98.16351   r = 25.01752 ?< 1000000000.00000   g = 0.00000

----------------------------------
         Iteration 2
----------------------------------
f = -98.16351   r = 25.99189 ?< 100000000.00000   g = 0.00000

----------------------------------
         Iteration 3
----------------------------------
f = -98.16351   r = 26.09101 ?< 10000000.00000   g = 0.00000

----------------------------------
         Iteration 4
----------------------------------
f = -98.16351   r = 26.10094 ?< 1000000.00000   g = 0.00000

----------------------------------
         Iteration 5
----------------------------------
f = -98.16351   r = 26.10193 ?< 100000.00000   g = 0.00000

----------------------------------
         Iteration 6
----------------------------------
f = -98.16351   r = 26.10203 ?< 10000.00000   g = 0.00000

----------------------------------
         Iteration 7
----------------------------------
f = -98.16351   r = 26.10204 ?< 1000.00000   g = 0.00000

----------------------------------
         Iteration 8
----------------------------------
f = -98.16351   r = 26.10204 ?< 100.00000   g = 0.00000

----------------------------------
         Iteration 9
----------------------------------
f = -98.16351   r = 26.10204 ?< 10.00000   g = 0.00000
f = -98.18930   r = 23.57481 ?< 10.00000   g = 0.00110
f = -98.20184   r = 21.28462 ?< 10.00000   g = 0.00127
f = -98.21784   r = 19.29382 ?< 10.00000   g = 0.00148
f = -98.23147   r = 17.45580 ?< 10.00000   g = 0.00147
f = -98.23947   r = 16.24786 ?< 10.00000   g = 0.00353
f = -98.25471   r = 14.46424 ?< 10.00000   g = 0.00334
f = -98.26046   r = 13.22379 ?< 10.00000   g = 0.00374
f = -98.28933   r = 11.90711 ?< 10.00000   g = 0.00716
f = -98.30266   r = 10.81303 ?< 10.00000   g = 0.00693
f = -98.31069   r = 9.82326 ?< 10.00000   g = 0.00656

----------------------------------
         Iteration 10
----------------------------------
f = -98.31069   r = 9.82326 ?< 1.00000   g = 0.00656
f = -98.25904   r = 19.61250 ?< 1.00000   g = 0.10211
f = -98.25747   r = 12.26882 ?< 1.00000   g = 0.09243
f = -98.25419   r = 7.77288 ?< 1.00000   g = 0.08367
f = -98.24843   r = 7.15461 ?< 1.00000   g = 0.07584
f = -98.23552   r = 7.14651 ?< 1.00000   g = 0.06917
f = -98.23654   r = 7.94767 ?< 1.00000   g = 0.06257
f = -98.24708   r = 5.97041 ?< 1.00000   g = 0.05679
f = -98.25775   r = 5.05871 ?< 1.00000   g = 0.05163
f = -98.27128   r = 4.44966 ?< 1.00000   g = 0.04723
f = -98.29107   r = 4.00387 ?< 1.00000   g = 0.04406
f = -98.32376   r = 3.63028 ?< 1.00000   g = 0.04431
f = -98.33108   r = 4.05368 ?< 1.00000   g = 0.04085
f = -98.32855   r = 3.44856 ?< 1.00000   g = 0.03700
f = -98.32552   r = 3.56818 ?< 1.00000   g = 0.03358
f = -98.31993   r = 4.12751 ?< 1.00000   g = 0.03048
f = -98.31118   r = 7.02117 ?< 1.00000   g = 0.02781
f = -98.43960   r = 5138.70489 ?< 1.00000   g = 0.22730
f = -98.43515   r = 2175.63001 ?< 1.00000   g = 0.20603
f = -98.43075   r = 936.16031 ?< 1.00000   g = 0.18668
f = -98.42639   r = 408.57340 ?< 1.00000   g = 0.16910
f = -98.42209   r = 180.50521 ?< 1.00000   g = 0.15312
f = -98.41783   r = 80.53337 ?< 1.00000   g = 0.13863
f = -98.41360   r = 36.15455 ?< 1.00000   g = 0.12547
f = -98.40933   r = 16.23045 ?< 1.00000   g = 0.11354
f = -98.40486   r = 7.20814 ?< 1.00000   g = 0.10273
f = -98.39979   r = 3.13372 ?< 1.00000   g = 0.09293
f = -98.39569   r = 1.14774 ?< 1.00000   g = 0.08708
f = -98.39509   r = 1.41200 ?< 1.00000   g = 0.08648
f = -98.39505   r = 2.91246 ?< 1.00000   g = 0.08644
f = -98.39505   r = 6.31874 ?< 1.00000   g = 0.08644
f = -98.39505   r = 90.48512 ?< 1.00000   g = 0.08644
f = -98.39505   r = 107.11613 ?< 1.00000   g = 0.08644
f = -98.38690   r = 1.03939 ?< 1.00000   g = 0.07839
f = -98.37834   r = 2.03925 ?< 1.00000   g = 0.07111
f = -98.36919   r = 3.19307 ?< 1.00000   g = 0.06454
f = -98.35899   r = 4.92516 ?< 1.00000   g = 0.05868
f = -98.34430   r = 15.15470 ?< 1.00000   g = 0.05466
f = -98.33665   r = 17.90571 ?< 1.00000   g = 0.04970
f = -98.32934   r = 1.35048 ?< 1.00000   g = 0.04525
f = -98.33032   r = 10.64204 ?< 1.00000   g = 0.05241
f = -98.31888   r = 4.82739 ?< 1.00000   g = 0.04793
f = -98.30485   r = 2.31331 ?< 1.00000   g = 0.04406
f = -98.31324   r = 1.05300 ?< 1.00000   g = 0.04095
f = -98.30670   r = 10.98916 ?< 1.00000   g = 0.03856
f = -98.36097   r = 184.65491 ?< 1.00000   g = 0.05198
f = -98.35495   r = 1.10868 ?< 1.00000   g = 0.04766
f = -98.34712   r = 8.25980 ?< 1.00000   g = 0.04386
f = -98.33588   r = 46.52803 ?< 1.00000   g = 0.04083
f = -98.33712   r = 523.55814 ?< 1.00000   g = 0.06383
f = -98.33671   r = 1.18796 ?< 1.00000   g = 0.05811
f = -98.33611   r = 1.09921 ?< 1.00000   g = 0.05299
f = -98.33519   r = 1.69300 ?< 1.00000   g = 0.04847
f = -98.33353   r = 6.72130 ?< 1.00000   g = 0.04461
f = -98.32776   r = 54.30989 ?< 1.00000   g = 0.04234
f = -98.32806   r = 93.63403 ?< 1.00000   g = 0.04135
f = -98.33567   r = 71.52589 ?< 1.00000   g = 0.04795
f = -98.33526   r = 2.02498 ?< 1.00000   g = 0.04428
f = -98.34032   r = 4.19644 ?< 1.00000   g = 0.04686
f = -98.33384   r = 18.67931 ?< 1.00000   g = 0.04610
f = -98.33952   r = 0.89625 ?< 1.00000   g = 0.04570

----------------------------------
         Iteration 11
----------------------------------
f = -98.33952   r = 0.89625 ?< 0.10000   g = 0.04570
f = -98.32695   r = 140.16832 ?< 0.10000   g = 0.06710
f = -98.34304   r = 838.21170 ?< 0.10000   g = 0.07527
f = -98.34663   r = 902.00996 ?< 0.10000   g = 0.07220
f = -98.33463   r = 56.36464 ?< 0.10000   g = 0.09789
f = -98.33688   r = 1.64402 ?< 0.10000   g = 0.08946
f = -98.33921   r = 1.57875 ?< 0.10000   g = 0.08205
f = -98.34176   r = 1.60460 ?< 0.10000   g = 0.07586
f = -98.34495   r = 1.73237 ?< 0.10000   g = 0.07201
f = -98.35225   r = 5.74188 ?< 0.10000   g = 0.12983
f = -98.34609   r = 2.60375 ?< 0.10000   g = 0.11769
f = -98.33319   r = 1.40350 ?< 0.10000   g = 0.10713
f = -98.30099   r = 1.39583 ?< 0.10000   g = 0.25879
f = -98.33169   r = 1.27275 ?< 0.10000   g = 0.24032
f = -98.35179   r = 1.22219 ?< 0.10000   g = 0.34723
f = -98.36446   r = 1.40455 ?< 0.10000   g = 0.51575
f = -98.38027   r = 1.17850 ?< 0.10000   g = 0.47017
f = -98.39760   r = 1.05500 ?< 0.10000   g = 0.42965
f = -98.41519   r = 0.96684 ?< 0.10000   g = 0.39367
f = -98.43200   r = 0.89179 ?< 0.10000   g = 0.36158
f = -98.44704   r = 0.82108 ?< 0.10000   g = 0.33244
f = -98.45938   r = 0.75319 ?< 0.10000   g = 0.30520
f = -98.46843   r = 0.69956 ?< 0.10000   g = 0.27932
f = -98.47421   r = 0.68225 ?< 0.10000   g = 0.25477
f = -98.47734   r = 0.70907 ?< 0.10000   g = 0.23185
f = -98.47859   r = 0.76415 ?< 0.10000   g = 0.21070
f = -98.47859   r = 0.82852 ?< 0.10000   g = 0.19131
f = -98.47774   r = 0.89222 ?< 0.10000   g = 0.17360
f = -98.47628   r = 0.95238 ?< 0.10000   g = 0.15745
f = -98.47439   r = 1.00937 ?< 0.10000   g = 0.14275
f = -98.47217   r = 1.06457 ?< 0.10000   g = 0.12939
f = -98.46971   r = 1.11951 ?< 0.10000   g = 0.11724
f = -98.46705   r = 1.17557 ?< 0.10000   g = 0.10620
f = -98.46425   r = 1.23397 ?< 0.10000   g = 0.09619
f = -98.46257   r = 0.96371 ?< 0.10000   g = 0.08710
f = -98.46207   r = 0.67557 ?< 0.10000   g = 0.07891
f = -98.46285   r = 0.47942 ?< 0.10000   g = 0.07155
f = -98.46512   r = 0.43158 ?< 0.10000   g = 0.06500
f = -98.46917   r = 0.49883 ?< 0.10000   g = 0.05924
f = -98.47530   r = 0.56254 ?< 0.10000   g = 0.05430
f = -98.48313   r = 0.51361 ?< 0.10000   g = 0.05018
f = -98.49039   r = 0.33027 ?< 0.10000   g = 0.04651
f = -98.49474   r = 0.37417 ?< 0.10000   g = 0.04269
f = -98.49777   r = 0.43574 ?< 0.10000   g = 0.03897
f = -98.50098   r = 0.42697 ?< 0.10000   g = 0.03556
f = -98.50453   r = 0.39283 ?< 0.10000   g = 0.03245
f = -98.50822   r = 0.36690 ?< 0.10000   g = 0.02963
f = -98.51179   r = 0.35619 ?< 0.10000   g = 0.02705
f = -98.51506   r = 0.35405 ?< 0.10000   g = 0.02468
f = -98.51794   r = 0.35436 ?< 0.10000   g = 0.02251
f = -98.52046   r = 0.35350 ?< 0.10000   g = 0.02051
f = -98.52265   r = 0.34980 ?< 0.10000   g = 0.01868
f = -98.52455   r = 0.34307 ?< 0.10000   g = 0.01700
f = -98.52620   r = 0.33390 ?< 0.10000   g = 0.01546
f = -98.52765   r = 0.32318 ?< 0.10000   g = 0.01406
f = -98.52891   r = 0.31165 ?< 0.10000   g = 0.01278
f = -98.53000   r = 0.29988 ?< 0.10000   g = 0.01161
f = -98.53096   r = 0.28830 ?< 0.10000   g = 0.01054
f = -98.53179   r = 0.27721 ?< 0.10000   g = 0.00958
f = -98.53251   r = 0.26686 ?< 0.10000   g = 0.00869
f = -98.53314   r = 0.25733 ?< 0.10000   g = 0.00789
f = -98.53368   r = 0.24857 ?< 0.10000   g = 0.00716
f = -98.53416   r = 0.24038 ?< 0.10000   g = 0.00650
f = -98.53458   r = 0.23249 ?< 0.10000   g = 0.00590
f = -98.53495   r = 0.22456 ?< 0.10000   g = 0.00535
f = -98.53528   r = 0.21633 ?< 0.10000   g = 0.00485
f = -98.53558   r = 0.20766 ?< 0.10000   g = 0.00440
f = -98.53586   r = 0.19853 ?< 0.10000   g = 0.00399
f = -98.53611   r = 0.18905 ?< 0.10000   g = 0.00362
f = -98.53636   r = 0.17930 ?< 0.10000   g = 0.00328
f = -98.53659   r = 0.16955 ?< 0.10000   g = 0.00298
f = -98.53681   r = 0.15966 ?< 0.10000   g = 0.00270
f = -98.53704   r = 0.15053 ?< 0.10000   g = 0.00245
f = -98.53726   r = 0.14027 ?< 0.10000   g = 0.00222
f = -98.53749   r = 0.13523 ?< 0.10000   g = 0.00201
f = -98.53771   r = 0.11614 ?< 0.10000   g = 0.00182
f = -98.53804   r = 0.12966 ?< 0.10000   g = 0.00166
f = -98.53841   r = 0.18629 ?< 0.10000   g = 0.00152
f = -98.53865   r = 0.11355 ?< 0.10000   g = 0.00138
f = -98.53888   r = 0.13519 ?< 0.10000   g = 0.00125
f = -98.53910   r = 0.12508 ?< 0.10000   g = 0.00113
f = -98.53942   r = 0.13716 ?< 0.10000   g = 0.00103
f = -98.53971   r = 0.16254 ?< 0.10000   g = 0.00094
f = -98.53999   r = 0.15457 ?< 0.10000   g = 0.00085
f = -98.54031   r = 0.16093 ?< 0.10000   g = 0.00077
f = -98.54068   r = 0.19204 ?< 0.10000   g = 0.00070
f = -98.54100   r = 0.19837 ?< 0.10000   g = 0.00064
f = -98.54138   r = 0.19639 ?< 0.10000   g = 0.00058
f = -98.54180   r = 0.22248 ?< 0.10000   g = 0.00053
f = -98.54218   r = 0.23741 ?< 0.10000   g = 0.00048
f = -98.54259   r = 0.22659 ?< 0.10000   g = 0.00044
f = -98.54306   r = 0.25115 ?< 0.10000   g = 0.00040
f = -98.54347   r = 0.26032 ?< 0.10000   g = 0.00037
f = -98.54392   r = 0.24723 ?< 0.10000   g = 0.00034
f = -98.54442   r = 0.26143 ?< 0.10000   g = 0.00031
f = -98.54484   r = 0.27356 ?< 0.10000   g = 0.00028
f = -98.54534   r = 0.24109 ?< 0.10000   g = 0.00026
f = -98.54583   r = 0.26941 ?< 0.10000   g = 0.00024
f = -98.54626   r = 0.23547 ?< 0.10000   g = 0.00022
f = -98.54677   r = 0.25983 ?< 0.10000   g = 0.00020
f = -98.54714   r = 0.19851 ?< 0.10000   g = 0.00019
f = -98.54765   r = 0.20757 ?< 0.10000   g = 0.00017
f = -98.54796   r = 0.17064 ?< 0.10000   g = 0.00016
f = -98.54846   r = 0.15420 ?< 0.10000   g = 0.00015
f = -98.54876   r = 0.14112 ?< 0.10000   g = 0.00014
f = -98.54923   r = 0.22247 ?< 0.10000   g = 0.00013
f = -98.54960   r = 0.24465 ?< 0.10000   g = 0.00013
f = -98.54977   r = 0.13587 ?< 0.10000   g = 0.00012
f = -98.55008   r = 0.18817 ?< 0.10000   g = 0.00011
f = -98.55042   r = 0.18415 ?< 0.10000   g = 0.00010
f = -98.55066   r = 0.15582 ?< 0.10000   g = 0.00009
f = -98.55097   r = 0.14833 ?< 0.10000   g = 0.00009
f = -98.55129   r = 0.18242 ?< 0.10000   g = 0.00008
f = -98.55159   r = 0.18343 ?< 0.10000   g = 0.00008
f = -98.55200   r = 0.19378 ?< 0.10000   g = 0.00007
f = -98.55230   r = 0.19612 ?< 0.10000   g = 0.00007
f = -98.55277   r = 0.20009 ?< 0.10000   g = 0.00007
f = -98.55309   r = 0.26633 ?< 0.10000   g = 0.00007
f = -98.55344   r = 0.20647 ?< 0.10000   g = 0.00007
f = -98.55367   r = 0.20334 ?< 0.10000   g = 0.00006
f = -98.55402   r = 0.19437 ?< 0.10000   g = 0.00006
f = -98.55424   r = 0.19449 ?< 0.10000   g = 0.00006
f = -98.55452   r = 0.15843 ?< 0.10000   g = 0.00006
f = -98.55474   r = 0.14123 ?< 0.10000   g = 0.00005
f = -98.55496   r = 0.14020 ?< 0.10000   g = 0.00005
f = -98.55513   r = 0.11972 ?< 0.10000   g = 0.00005
f = -98.55531   r = 0.11998 ?< 0.10000   g = 0.00005
f = -98.55550   r = 0.12391 ?< 0.10000   g = 0.00004
f = -98.55562   r = 0.11289 ?< 0.10000   g = 0.00004
f = -98.55579   r = 0.11589 ?< 0.10000   g = 0.00004
f = -98.55587   r = 0.11908 ?< 0.10000   g = 0.00004
f = -98.55602   r = 0.13387 ?< 0.10000   g = 0.00004
f = -98.55613   r = 0.14181 ?< 0.10000   g = 0.00003
f = -98.55629   r = 0.16494 ?< 0.10000   g = 0.00003
f = -98.55640   r = 0.16486 ?< 0.10000   g = 0.00003
f = -98.55658   r = 0.20223 ?< 0.10000   g = 0.00003
f = -98.55674   r = 0.19479 ?< 0.10000   g = 0.00003
f = -98.55688   r = 0.19505 ?< 0.10000   g = 0.00003
f = -98.55704   r = 0.18199 ?< 0.10000   g = 0.00003
f = -98.55724   r = 0.20093 ?< 0.10000   g = 0.00003
f = -98.55744   r = 0.19570 ?< 0.10000   g = 0.00003
f = -98.55760   r = 0.17305 ?< 0.10000   g = 0.00003
f = -98.55776   r = 0.17165 ?< 0.10000   g = 0.00003
f = -98.55789   r = 0.15505 ?< 0.10000   g = 0.00003
f = -98.55803   r = 0.14454 ?< 0.10000   g = 0.00003
f = -98.55817   r = 0.11785 ?< 0.10000   g = 0.00003
f = -98.55826   r = 0.13422 ?< 0.10000   g = 0.00002
f = -98.55839   r = 0.12798 ?< 0.10000   g = 0.00002
f = -98.55849   r = 0.13321 ?< 0.10000   g = 0.00002
f = -98.55863   r = 0.12005 ?< 0.10000   g = 0.00002
f = -98.55873   r = 0.13624 ?< 0.10000   g = 0.00002
f = -98.55885   r = 0.15924 ?< 0.10000   g = 0.00002
f = -98.55896   r = 0.15903 ?< 0.10000   g = 0.00002
f = -98.55916   r = 0.19058 ?< 0.10000   g = 0.00002
f = -98.55933   r = 0.22034 ?< 0.10000   g = 0.00002
f = -98.55958   r = 0.24964 ?< 0.10000   g = 0.00002
f = -98.55984   r = 0.25327 ?< 0.10000   g = 0.00002
f = -98.56017   r = 0.25396 ?< 0.10000   g = 0.00002
f = -98.56045   r = 0.25137 ?< 0.10000   g = 0.00003
f = -98.56085   r = 0.26290 ?< 0.10000   g = 0.00003
f = -98.56123   r = 0.22891 ?< 0.10000   g = 0.00003
f = -98.56152   r = 0.21460 ?< 0.10000   g = 0.00003
f = -98.56186   r = 0.22312 ?< 0.10000   g = 0.00003
f = -98.56211   r = 0.23013 ?< 0.10000   g = 0.00003
f = -98.56235   r = 0.20802 ?< 0.10000   g = 0.00003
f = -98.56250   r = 0.17781 ?< 0.10000   g = 0.00003
f = -98.56271   r = 0.18659 ?< 0.10000   g = 0.00003
f = -98.56281   r = 0.19718 ?< 0.10000   g = 0.00003
f = -98.56300   r = 0.17981 ?< 0.10000   g = 0.00003
f = -98.56310   r = 0.15228 ?< 0.10000   g = 0.00003
f = -98.56328   r = 0.15905 ?< 0.10000   g = 0.00003
f = -98.56336   r = 0.18065 ?< 0.10000   g = 0.00003
f = -98.56360   r = 0.16819 ?< 0.10000   g = 0.00003
f = -98.56373   r = 0.17548 ?< 0.10000   g = 0.00003
f = -98.56393   r = 0.16707 ?< 0.10000   g = 0.00003
f = -98.56410   r = 0.19285 ?< 0.10000   g = 0.00003
f = -98.56439   r = 0.19928 ?< 0.10000   g = 0.00003
f = -98.56458   r = 0.21658 ?< 0.10000   g = 0.00003
f = -98.56480   r = 0.23286 ?< 0.10000   g = 0.00003
f = -98.56516   r = 0.28268 ?< 0.10000   g = 0.00003
f = -98.56538   r = 0.26379 ?< 0.10000   g = 0.00003
f = -98.56564   r = 0.22607 ?< 0.10000   g = 0.00003
f = -98.56579   r = 0.23542 ?< 0.10000   g = 0.00003
f = -98.56607   r = 0.24033 ?< 0.10000   g = 0.00003
f = -98.56621   r = 0.22708 ?< 0.10000   g = 0.00003
f = -98.56646   r = 0.20305 ?< 0.10000   g = 0.00003
f = -98.56657   r = 0.19541 ?< 0.10000   g = 0.00003
f = -98.56674   r = 0.20752 ?< 0.10000   g = 0.00003
f = -98.56686   r = 0.17294 ?< 0.10000   g = 0.00003
f = -98.56698   r = 0.15026 ?< 0.10000   g = 0.00003
f = -98.56704   r = 0.13569 ?< 0.10000   g = 0.00003
f = -98.56717   r = 0.16753 ?< 0.10000   g = 0.00003
f = -98.56724   r = 0.16019 ?< 0.10000   g = 0.00003
f = -98.56738   r = 0.20473 ?< 0.10000   g = 0.00003
f = -98.56746   r = 0.18605 ?< 0.10000   g = 0.00002
f = -98.56763   r = 0.27859 ?< 0.10000   g = 0.00003
f = -98.56773   r = 0.25918 ?< 0.10000   g = 0.00003
f = -98.56805   r = 0.34848 ?< 0.10000   g = 0.00004
f = -98.56829   r = 0.31873 ?< 0.10000   g = 0.00004
f = -98.56863   r = 0.47310 ?< 0.10000   g = 0.00007
f = -98.56906   r = 0.40459 ?< 0.10000   g = 0.00008
f = -98.56969   r = 0.69672 ?< 0.10000   g = 0.00025
f = -98.57044   r = 0.52343 ?< 0.10000   g = 0.00028
f = -98.57076   r = 0.50353 ?< 0.10000   g = 0.00043
f = -98.57098   r = 0.20943 ?< 0.10000   g = 0.00028
f = -98.57115   r = 0.28227 ?< 0.10000   g = 0.00027
f = -98.57130   r = 0.32158 ?< 0.10000   g = 0.00024
f = -98.57162   r = 0.32447 ?< 0.10000   g = 0.00028
f = -98.57175   r = 0.33220 ?< 0.10000   g = 0.00022
f = -98.57247   r = 0.40874 ?< 0.10000   g = 0.00032
f = -98.57299   r = 0.23455 ?< 0.10000   g = 0.00025
f = -98.57384   r = 0.34705 ?< 0.10000   g = 0.00041
f = -98.57450   r = 0.23539 ?< 0.10000   g = 0.00021
f = -98.57631   r = 0.75445 ?< 0.10000   g = 0.00080
f = -98.57810   r = 0.46298 ?< 0.10000   g = 0.00098
f = -98.57876   r = 0.36125 ?< 0.10000   g = 0.00095
f = -98.57852   r = 0.24364 ?< 0.10000   g = 0.00046
f = -98.57866   r = 0.47141 ?< 0.10000   g = 0.00050
f = -98.57922   r = 0.28157 ?< 0.10000   g = 0.00028
f = -98.58040   r = 0.46502 ?< 0.10000   g = 0.00050
f = -98.58132   r = 0.34828 ?< 0.10000   g = 0.00036
f = -98.58285   r = 0.42919 ?< 0.10000   g = 0.00064
f = -98.58364   r = 0.34998 ?< 0.10000   g = 0.00044
f = -98.58451   r = 0.36305 ?< 0.10000   g = 0.00056
f = -98.58519   r = 0.42397 ?< 0.10000   g = 0.00048
f = -98.58599   r = 0.29015 ?< 0.10000   g = 0.00071
f = -98.58677   r = 0.32639 ?< 0.10000   g = 0.00058
f = -98.58708   r = 0.24551 ?< 0.10000   g = 0.00041
f = -98.58729   r = 0.23852 ?< 0.10000   g = 0.00023
f = -98.58797   r = 0.25994 ?< 0.10000   g = 0.00028
f = -98.58828   r = 0.22002 ?< 0.10000   g = 0.00019
f = -98.58874   r = 0.26179 ?< 0.10000   g = 0.00033
f = -98.58885   r = 0.16254 ?< 0.10000   g = 0.00016
f = -98.58903   r = 0.11034 ?< 0.10000   g = 0.00012
f = -98.58914   r = 0.12916 ?< 0.10000   g = 0.00007
f = -98.58939   r = 0.12924 ?< 0.10000   g = 0.00008
f = -98.58944   r = 0.10368 ?< 0.10000   g = 0.00005
f = -98.58952   r = 0.09182 ?< 0.10000   g = 0.00004

----------------------------------
         Iteration 12
----------------------------------
f = -98.58952   r = 0.09182 ?< 0.01000   g = 0.00004
f = -98.58953   r = 0.09016 ?< 0.01000   g = 0.00003
f = -98.58956   r = 0.07234 ?< 0.01000   g = 0.00003
f = -98.58959   r = 0.05318 ?< 0.01000   g = 0.00003
f = -98.58963   r = 0.04917 ?< 0.01000   g = 0.00003
f = -98.58967   r = 0.04958 ?< 0.01000   g = 0.00002
f = -98.58970   r = 0.05282 ?< 0.01000   g = 0.00002
f = -98.58974   r = 0.05362 ?< 0.01000   g = 0.00002
f = -98.58977   r = 0.05600 ?< 0.01000   g = 0.00002
f = -98.58980   r = 0.05252 ?< 0.01000   g = 0.00002
f = -98.58983   r = 0.04733 ?< 0.01000   g = 0.00001
f = -98.58986   r = 0.04804 ?< 0.01000   g = 0.00001
f = -98.58988   r = 0.04583 ?< 0.01000   g = 0.00001
f = -98.58990   r = 0.04319 ?< 0.01000   g = 0.00001
f = -98.58991   r = 0.04348 ?< 0.01000   g = 0.00001
f = -98.58993   r = 0.03392 ?< 0.01000   g = 0.00001
f = -98.58994   r = 0.03235 ?< 0.01000   g = 0.00001
f = -98.58995   r = 0.03090 ?< 0.01000   g = 0.00001
f = -98.58997   r = 0.02609 ?< 0.01000   g = 0.00000
f = -98.58998   r = 0.02510 ?< 0.01000   g = 0.00000
f = -98.58999   r = 0.02697 ?< 0.01000   g = 0.00000
f = -98.59000   r = 0.02659 ?< 0.01000   g = 0.00000
f = -98.59001   r = 0.03815 ?< 0.01000   g = 0.00000
f = -98.59002   r = 0.03376 ?< 0.01000   g = 0.00000
f = -98.59003   r = 0.03609 ?< 0.01000   g = 0.00000
f = -98.59003   r = 0.01958 ?< 0.01000   g = 0.00000
f = -98.59004   r = 0.01718 ?< 0.01000   g = 0.00000
f = -98.59004   r = 0.02435 ?< 0.01000   g = 0.00000
f = -98.59004   r = 0.02197 ?< 0.01000   g = 0.00000
f = -98.59005   r = 0.01392 ?< 0.01000   g = 0.00000
f = -98.59005   r = 0.01735 ?< 0.01000   g = 0.00000
f = -98.59005   r = 0.01608 ?< 0.01000   g = 0.00000
f = -98.59005   r = 0.01339 ?< 0.01000   g = 0.00000
f = -98.59006   r = 0.01013 ?< 0.01000   g = 0.00000
f = -98.59006   r = 0.00716 ?< 0.01000   g = 0.00000

----------------------------------
         Iteration 13
----------------------------------
f = -98.59006   r = 0.00716 ?< 0.00100   g = 0.00000
f = -98.59006   r = 0.00742 ?< 0.00100   g = 0.00000
f = -98.59006   r = 0.00660 ?< 0.00100   g = 0.00000
f = -98.59006   r = 0.00500 ?< 0.00100   g = 0.00000
f = -98.59006   r = 0.00405 ?< 0.00100   g = 0.00000
f = -98.59006   r = 0.00374 ?< 0.00100   g = 0.00000
f = -98.59006   r = 0.00399 ?< 0.00100   g = 0.00000
f = -98.59006   r = 0.00469 ?< 0.00100   g = 0.00000
f = -98.59006   r = 0.00521 ?< 0.00100   g = 0.00000
f = -98.59006   r = 0.00485 ?< 0.00100   g = 0.00000
f = -98.59006   r = 0.00373 ?< 0.00100   g = 0.00000
f = -98.59006   r = 0.00346 ?< 0.00100   g = 0.00000
f = -98.59006   r = 0.00354 ?< 0.00100   g = 0.00000
f = -98.59006   r = 0.00310 ?< 0.00100   g = 0.00000
f = -98.59006   r = 0.00262 ?< 0.00100   g = 0.00000
f = -98.59006   r = 0.00240 ?< 0.00100   g = 0.00000
f = -98.59006   r = 0.00225 ?< 0.00100   g = 0.00000
f = -98.59006   r = 0.00211 ?< 0.00100   g = 0.00000
f = -98.59006   r = 0.00174 ?< 0.00100   g = 0.00000
f = -98.59006   r = 0.00156 ?< 0.00100   g = 0.00000
f = -98.59006   r = 0.00138 ?< 0.00100   g = 0.00000
f = -98.59006   r = 0.00134 ?< 0.00100   g = 0.00000
f = -98.59006   r = 0.00149 ?< 0.00100   g = 0.00000
f = -98.59006   r = 0.00166 ?< 0.00100   g = 0.00000
f = -98.59006   r = 0.00190 ?< 0.00100   g = 0.00000
f = -98.59006   r = 0.00143 ?< 0.00100   g = 0.00000
f = -98.59006   r = 0.00148 ?< 0.00100   g = 0.00000
f = -98.59006   r = 0.00138 ?< 0.00100   g = 0.00000
f = -98.59006   r = 0.00110 ?< 0.00100   g = 0.00000
f = -98.59006   r = 0.00081 ?< 0.00100   g = 0.00000

----------------------------------
         Iteration 14
----------------------------------
f = -98.59006   r = 0.00081 ?< 0.00010   g = 0.00000
f = -98.59006   r = 0.00078 ?< 0.00010   g = 0.00000
f = -98.59006   r = 0.00068 ?< 0.00010   g = 0.00000
f = -98.59006   r = 0.00052 ?< 0.00010   g = 0.00000
f = -98.59006   r = 0.00045 ?< 0.00010   g = 0.00000
f = -98.59006   r = 0.00040 ?< 0.00010   g = 0.00000
f = -98.59006   r = 0.00036 ?< 0.00010   g = 0.00000
f = -98.59006   r = 0.00035 ?< 0.00010   g = 0.00000
f = -98.59006   r = 0.00035 ?< 0.00010   g = 0.00000
f = -98.59006   r = 0.00035 ?< 0.00010   g = 0.00000
f = -98.59006   r = 0.00035 ?< 0.00010   g = 0.00000
f = -98.59006   r = 0.00034 ?< 0.00010   g = 0.00000
f = -98.59006   r = 0.00035 ?< 0.00010   g = 0.00000
f = -98.59006   r = 0.00036 ?< 0.00010   g = 0.00000
f = -98.59006   r = 0.00035 ?< 0.00010   g = 0.00000
f = -98.59006   r = 0.00038 ?< 0.00010   g = 0.00000
f = -98.59006   r = 0.00038 ?< 0.00010   g = 0.00000
f = -98.59006   r = 0.00038 ?< 0.00010   g = 0.00000
f = -98.59006   r = 0.00042 ?< 0.00010   g = 0.00000
f = -98.59006   r = 0.00038 ?< 0.00010   g = 0.00000
f = -98.59006   r = 0.00039 ?< 0.00010   g = 0.00000
f = -98.59006   r = 0.00037 ?< 0.00010   g = 0.00000
f = -98.59006   r = 0.00033 ?< 0.00010   g = 0.00000
f = -98.59006   r = 0.00025 ?< 0.00010   g = 0.00000
f = -98.59006   r = 0.00016 ?< 0.00010   g = 0.00000
f = -98.59006   r = 0.00015 ?< 0.00010   g = 0.00000
f = -98.59006   r = 0.00013 ?< 0.00010   g = 0.00000
f = -98.59006   r = 0.00018 ?< 0.00010   g = 0.00000
f = -98.59006   r = 0.00013 ?< 0.00010   g = 0.00000
f = -98.59006   r = 0.00016 ?< 0.00010   g = 0.00000
f = -98.59006   r = 0.00015 ?< 0.00010   g = 0.00000
f = -98.59006   r = 0.00013 ?< 0.00010   g = 0.00000
f = -98.59006   r = 0.00006 ?< 0.00010   g = 0.00000

----------------------------------
         Iteration 15
----------------------------------
f = -98.59006   r = 0.00006 ?< 0.00001   g = 0.00000
f = -98.59006   r = 0.00006 ?< 0.00001   g = 0.00000
f = -98.59006   r = 0.00005 ?< 0.00001   g = 0.00000
f = -98.59006   r = 0.00005 ?< 0.00001   g = 0.00000
f = -98.59006   r = 0.00004 ?< 0.00001   g = 0.00000
f = -98.59006   r = 0.00004 ?< 0.00001   g = 0.00000
f = -98.59006   r = 0.00003 ?< 0.00001   g = 0.00000
f = -98.59006   r = 0.00003 ?< 0.00001   g = 0.00000
f = -98.59006   r = 0.00003 ?< 0.00001   g = 0.00000
f = -98.59006   r = 0.00003 ?< 0.00001   g = 0.00000
f = -98.59006   r = 0.00003 ?< 0.00001   g = 0.00000
f = -98.59006   r = 0.00003 ?< 0.00001   g = 0.00000
f = -98.59006   r = 0.00003 ?< 0.00001   g = 0.00000
f = -98.59006   r = 0.00003 ?< 0.00001   g = 0.00000
f = -98.59006   r = 0.00003 ?< 0.00001   g = 0.00000
f = -98.59006   r = 0.00003 ?< 0.00001   g = 0.00000
f = -98.59006   r = 0.00003 ?< 0.00001   g = 0.00000
f = -98.59006   r = 0.00003 ?< 0.00001   g = 0.00000
f = -98.59006   r = 0.00003 ?< 0.00001   g = 0.00000
f = -98.59006   r = 0.00003 ?< 0.00001   g = 0.00000
f = -98.59006   r = 0.00003 ?< 0.00001   g = 0.00000
f = -98.59006   r = 0.00002 ?< 0.00001   g = 0.00000
f = -98.59006   r = 0.00002 ?< 0.00001   g = 0.00000
f = -98.59006   r = 0.00001 ?< 0.00001   g = 0.00000
f = -98.59006   r = 0.00001 ?< 0.00001   g = 0.00000
f = -98.59006   r = 0.00001 ?< 0.00001   g = 0.00000
f = -98.59006   r = 0.00001 ?< 0.00001   g = 0.00000

--------------------------------
      Final Z 
--------------------------------

Z_0^0 = { { (+0.00000,-0.00000), (-0.00000,+0.00000), (-0.00000,+0.00000), (-0.00000,-0.00000), (+0.00000,+0.00000), (+0.00000,-0.00000)},
          { (-0.00000,-0.00000), (+0.00000,-0.00000), (-0.00000,+0.00000), (-0.00000,-0.00000), (+0.00000,+0.00000), (+0.00000,-0.00000)},
          { (-0.00000,-0.00000), (-0.00000,-0.00000), (+0.00000,-0.00000), (+0.00000,-0.00000), (+0.00000,+0.00000), (+0.00000,-0.00000)},
          { (-0.00000,+0.00000), (-0.00000,+0.00000), (+0.00000,+0.00000), (+0.00000,+0.00000), (+0.00000,-0.00000), (-0.00000,-0.00000)},
          { (+0.00000,-0.00000), (+0.00000,-0.00000), (+0.00000,-0.00000), (+0.00000,+0.00000), (+0.00000,-0.00000), (-0.00000,+0.00000)},
          { (+0.00000,+0.00000), (+0.00000,+0.00000), (+0.00000,+0.00000), (-0.00000,+0.00000), (-0.00000,-0.00000), (+0.00000,-0.00000)} } 

Z_1^0 = { { (+0.00000,+0.00000), (-0.00000,-0.00000), (+0.00000,-0.00000), (+0.00000,+0.00000), (+0.00000,-0.00000), (+0.00000,+0.00000)},
          { (-0.00000,+0.00000), (+0.00000,-0.00000), (-0.00000,-0.00000), (+0.00000,+0.00000), (-0.00000,-0.00000), (+0.00000,+0.00000)},
          { (+0.00000,+0.00000), (-0.00000,+0.00000), (+0.00000,-0.00000), (+0.00000,-0.00000), (-0.00000,-0.00000), (+0.00000,-0.00000)},
          { (+0.00000,-0.00000), (+0.00000,-0.00000), (+0.00000,+0.00000), (+0.00000,-0.00000), (+0.00000,+0.00000), (-0.00000,+0.00000)},
          { (+0.00000,+0.00000), (-0.00000,+0.00000), (-0.00000,+0.00000), (+0.00000,-0.00000), (+0.00000,-0.00000), (+0.00000,-0.00000)},
          { (+0.00000,-0.00000), (+0.00000,-0.00000), (+0.00000,+0.00000), (-0.00000,-0.00000), (+0.00000,+0.00000), (+0.00000,-0.00000)} } 

Z_2^0 = { { (+0.00000,-0.00000), (+0.00000,-0.00000), (+0.00000,+0.00000), (-0.00000,-0.00000), (-0.00000,-0.00000), (-0.00000,+0.00000)},
          { (+0.00000,+0.00000), (+0.00000,+0.00000), (+0.00000,-0.00000), (-0.00000,+0.00000), (-0.00000,+0.00000), (+0.00000,+0.00000)},
          { (+0.00000,-0.00000), (+0.00000,+0.00000), (+0.00000,+0.00000), (+0.00000,-0.00000), (+0.00000,-0.00000), (-0.00000,-0.00000)},
          { (-0.00000,+0.00000), (-0.00000,-0.00000), (+0.00000,+0.00000), (+0.00000,-0.00000), (-0.00000,+0.00000), (+0.00000,+0.00000)},
          { (-0.00000,+0.00000), (-0.00000,-0.00000), (+0.00000,+0.00000), (-0.00000,-0.00000), (+0.00000,-0.00000), (-0.00000,+0.00000)},
          { (-0.00000,-0.00000), (+0.00000,-0.00000), (-0.00000,+0.00000), (+0.00000,-0.00000), (-0.00000,-0.00000), (+0.00000,-0.00000)} } 

Z_3^0 = { { (+0.00000,-0.00000), (+0.00000,+0.00000), (+0.00000,-0.00000), (+0.00000,-0.00000), (-0.00000,+0.00000), (+0.00000,+0.00000)},
          { (+0.00000,-0.00000), (+0.00000,+0.00000), (-0.00000,+0.00000), (-0.00000,+0.00000), (+0.00000,-0.00000), (-0.00000,-0.00000)},
          { (+0.00000,+0.00000), (-0.00000,-0.00000), (+0.00000,+0.00000), (-0.00000,-0.00000), (+0.00000,+0.00000), (-0.00000,-0.00000)},
          { (+0.00000,+0.00000), (-0.00000,-0.00000), (-0.00000,+0.00000), (+0.00000,-0.00000), (+0.00000,-0.00000), (-0.00000,-0.00000)},
          { (-0.00000,-0.00000), (+0.00000,+0.00000), (+0.00000,-0.00000), (+0.00000,+0.00000), (+0.00000,-0.00000), (+0.00000,+0.00000)},
          { (+0.00000,-0.00000), (-0.00000,+0.00000), (-0.00000,+0.00000), (-0.00000,+0.00000), (+0.00000,-0.00000), (+0.00000,+0.00000)} } 

Z_4^0 = { { (+0.00000,-0.00000), (+0.00000,-0.00000), (-0.00000,+0.00000), (+0.00000,+0.00000), (-0.00000,+0.00000), (-0.00000,-0.00000)},
          { (+0.00000,+0.00000), (+0.00000,+0.00000), (+0.00000,+0.00000), (+0.00000,-0.00000), (+0.00000,+0.00000), (-0.00000,+0.00000)},
          { (-0.00000,-0.00000), (+0.00000,-0.00000), (+0.00000,-0.00000), (-0.00000,+0.00000), (-0.00000,+0.00000), (-0.00000,-0.00000)},
          { (+0.00000,-0.00000), (+0.00000,+0.00000), (-0.00000,-0.00000), (+0.00000,+0.00000), (-0.00000,-0.00000), (+0.00000,-0.00000)},
          { (-0.00000,-0.00000), (+0.00000,-0.00000), (-0.00000,-0.00000), (-0.00000,+0.00000), (+0.00000,-0.00000), (-0.00000,-0.00000)},
          { (-0.00000,+0.00000), (-0.00000,-0.00000), (-0.00000,+0.00000), (+0.00000,+0.00000), (-0.00000,+0.00000), (+0.00000,-0.00000)} } 

Z_5^0 = { { (+0.00000,-0.00000), (-0.00000,+0.00000), (-0.00000,-0.00000), (-0.00000,-0.00000), (-0.00000,-0.00000), (-0.00000,-0.00000)},
          { (-0.00000,-0.00000), (+0.00000,-0.00000), (+0.00000,-0.00000), (-0.00000,-0.00000), (-0.00000,-0.00000), (-0.00000,-0.00000)},
          { (-0.00000,+0.00000), (+0.00000,+0.00000), (+0.00000,+0.00000), (-0.00000,+0.00000), (-0.00000,+0.00000), (-0.00000,+0.00000)},
          { (-0.00000,+0.00000), (-0.00000,+0.00000), (-0.00000,-0.00000), (+0.00000,-0.00000), (-0.00000,-0.00000), (-0.00000,+0.00000)},
          { (-0.00000,+0.00000), (-0.00000,+0.00000), (-0.00000,-0.00000), (-0.00000,+0.00000), (+0.00000,+0.00000), (-0.00000,+0.00000)},
          { (-0.00000,+0.00000), (-0.00000,+0.00000), (-0.00000,-0.00000), (-0.00000,-0.00000), (-0.00000,-0.00000), (+0.00000,+0.00000)} } 

Z_0^1 = { { (+0.00000,-0.00000), (+0.00000,+0.00000), (-0.00000,-0.00000), (-0.00000,-0.00000), (-0.00000,+0.00000), (+0.00000,+0.00000)},
          { (+0.00000,-0.00000), (+0.00000,+0.00000), (+0.00000,-0.00000), (+0.00000,-0.00000), (-0.00000,-0.00000), (-0.00000,-0.00000)},
          { (-0.00000,+0.00000), (+0.00000,+0.00000), (+0.00000,-0.00000), (-0.00000,-0.00000), (-0.00000,+0.00000), (+0.00000,+0.00000)},
          { (-0.00000,+0.00000), (+0.00000,+0.00000), (-0.00000,+0.00000), (+0.00000,-0.00000), (+0.00000,+0.00000), (+0.00000,+0.00000)},
          { (-0.00000,-0.00000), (-0.00000,+0.00000), (-0.00000,-0.00000), (+0.00000,-0.00000), (+0.00000,+0.00000), (-0.00000,+0.00000)},
          { (+0.00000,-0.00000), (-0.00000,+0.00000), (+0.00000,-0.00000), (+0.00000,-0.00000), (-0.00000,-0.00000), (+0.00000,+0.00000)} } 

Z_1^1 = { { (+0.00000,+0.00000), (+0.00000,+0.00000), (-0.00000,-0.00000), (+0.00000,+0.00000), (-0.00000,-0.00000), (+0.00000,+0.00000)},
          { (+0.00000,-0.00000), (+0.00000,-0.00000), (+0.00000,+0.00000), (-0.00000,-0.00000), (+0.00000,+0.00000), (-0.00000,-0.00000)},
          { (-0.00000,+0.00000), (+0.00000,-0.00000), (+0.00000,-0.00000), (+0.00000,-0.00000), (-0.00000,+0.00000), (+0.00000,-0.00000)},
          { (+0.00000,-0.00000), (-0.00000,+0.00000), (+0.00000,+0.00000), (+0.00000,+0.00000), (+0.00000,-0.00000), (-0.00000,+0.00000)},
          { (-0.00000,+0.00000), (+0.00000,-0.00000), (-0.00000,-0.00000), (+0.00000,+0.00000), (+0.00000,-0.00000), (+0.00000,-0.00000)},
          { (+0.00000,-0.00000), (-0.00000,+0.00000), (+0.00000,+0.00000), (-0.00000,-0.00000), (+0.00000,+0.00000), (+0.00000,+0.00000)} } 

Z_2^1 = { { (+0.00000,-0.00000), (-0.00000,+0.00000), (+0.00000,-0.00000), (-0.00000,-0.00000), (+0.00000,+0.00000), (+0.00000,-0.00000)},
          { (-0.00000,-0.00000), (+0.00000,+0.00000), (+0.00000,+0.00000), (+0.00000,-0.00000), (+0.00000,+0.00000), (+0.00000,-0.00000)},
          { (+0.00000,+0.00000), (+0.00000,-0.00000), (+0.00000,+0.00000), (+0.00000,+0.00000), (-0.00000,-0.00000), (-0.00000,+0.00000)},
          { (-0.00000,+0.00000), (+0.00000,+0.00000), (+0.00000,-0.00000), (+0.00000,-0.00000), (+0.00000,-0.00000), (-0.00000,-0.00000)},
          { (+0.00000,-0.00000), (+0.00000,-0.00000), (-0.00000,+0.00000), (+0.00000,+0.00000), (+0.00000,-0.00000), (-0.00000,+0.00000)},
          { (+0.00000,+0.00000), (+0.00000,+0.00000), (-0.00000,-0.00000), (-0.00000,+0.00000), (-0.00000,-0.00000), (+0.00000,-0.00000)} } 

Z_3^1 = { { (+0.00000,+0.00000), (+0.00000,-0.00000), (+0.00000,-0.00000), (+0.00000,+0.00000), (+0.00000,+0.00000), (-0.00000,+0.00000)},
          { (+0.00000,+0.00000), (+0.00000,+0.00000), (-0.00000,-0.00000), (-0.00000,-0.00000), (+0.00000,-0.00000), (+0.00000,+0.00000)},
          { (+0.00000,+0.00000), (-0.00000,+0.00000), (+0.00000,-0.00000), (-0.00000,-0.00000), (+0.00000,-0.00000), (+0.00000,+0.00000)},
          { (+0.00000,-0.00000), (-0.00000,+0.00000), (-0.00000,+0.00000), (+0.00000,-0.00000), (-0.00000,-0.00000), (+0.00000,-0.00000)},
          { (+0.00000,-0.00000), (+0.00000,+0.00000), (+0.00000,+0.00000), (-0.00000,+0.00000), (+0.00000,-0.00000), (+0.00000,-0.00000)},
          { (-0.00000,-0.00000), (+0.00000,-0.00000), (+0.00000,-0.00000), (+0.00000,+0.00000), (+0.00000,+0.00000), (+0.00000,+0.00000)} } 

Z_4^1 = { { (+0.00000,+0.00000), (+0.00000,+0.00000), (-0.00000,+0.00000), (+0.00000,-0.00000), (+0.00000,-0.00000), (-0.00000,+0.00000)},
          { (+0.00000,-0.00000), (+0.00000,-0.00000), (-0.00000,-0.00000), (+0.00000,+0.00000), (+0.00000,+0.00000), (-0.00000,-0.00000)},
          { (-0.00000,-0.00000), (-0.00000,+0.00000), (+0.00000,-0.00000), (+0.00000,+0.00000), (+0.00000,-0.00000), (-0.00000,-0.00000)},
          { (+0.00000,+0.00000), (+0.00000,-0.00000), (+0.00000,-0.00000), (+0.00000,-0.00000), (-0.00000,+0.00000), (+0.00000,-0.00000)},
          { (+0.00000,+0.00000), (+0.00000,-0.00000), (+0.00000,+0.00000), (-0.00000,-0.00000), (+0.00000,-0.00000), (+0.00000,+0.00000)},
          { (-0.00000,-0.00000), (-0.00000,+0.00000), (-0.00000,+0.00000), (+0.00000,+0.00000), (+0.00000,-0.00000), (+0.00000,+0.00000)} } 

Z_5^1 = { { (+0.00000,-0.00000), (-0.00000,-0.00000), (+0.00000,+0.00000), (-0.00000,+0.00000), (-0.00000,-0.00000), (-0.00000,-0.00000)},
          { (-0.00000,+0.00000), (+0.00000,-0.00000), (+0.00000,+0.00000), (-0.00000,+0.00000), (-0.00000,-0.00000), (-0.00000,-0.00000)},
          { (+0.00000,-0.00000), (+0.00000,-0.00000), (+0.00000,+0.00000), (-0.00000,-0.00000), (+0.00000,-0.00000), (+0.00000,+0.00000)},
          { (-0.00000,-0.00000), (-0.00000,-0.00000), (-0.00000,+0.00000), (+0.00000,-0.00000), (-0.00000,-0.00000), (+0.00000,-0.00000)},
          { (-0.00000,+0.00000), (-0.00000,+0.00000), (+0.00000,+0.00000), (-0.00000,+0.00000), (+0.00000,+0.00000), (-0.00000,-0.00000)},
          { (-0.00000,+0.00000), (-0.00000,+0.00000), (+0.00000,-0.00000), (+0.00000,+0.00000), (-0.00000,+0.00000), (+0.00000,-0.00000)} } 

Z_0^2 = { { (+0.00000,-0.00000), (+0.00000,-0.00000), (+0.00000,+0.00000), (-0.00000,+0.00000), (-0.00000,+0.00000), (-0.00000,+0.00000)},
          { (+0.00000,+0.00000), (+0.00000,-0.00000), (-0.00000,-0.00000), (+0.00000,-0.00000), (+0.00000,-0.00000), (+0.00000,-0.00000)},
          { (+0.00000,-0.00000), (-0.00000,+0.00000), (+0.00000,-0.00000), (-0.00000,-0.00000), (-0.00000,-0.00000), (-0.00000,-0.00000)},
          { (-0.00000,-0.00000), (+0.00000,+0.00000), (-0.00000,+0.00000), (+0.00000,-0.00000), (-0.00000,-0.00000), (-0.00000,-0.00000)},
          { (-0.00000,-0.00000), (+0.00000,+0.00000), (-0.00000,+0.00000), (-0.00000,+0.00000), (+0.00000,-0.00000), (-0.00000,-0.00000)},
          { (-0.00000,-0.00000), (+0.00000,+0.00000), (-0.00000,+0.00000), (-0.00000,+0.00000), (-0.00000,+0.00000), (+0.00000,+0.00000)} } 

Z_1^2 = { { (+0.00000,-0.00000), (-0.00000,-0.00000), (-0.00000,-0.00000), (-0.00000,+0.00000), (-0.00000,+0.00000), (+0.00000,-0.00000)},
          { (-0.00000,+0.00000), (+0.00000,+0.00000), (-0.00000,+0.00000), (-0.00000,+0.00000), (+0.00000,+0.00000), (-0.00000,-0.00000)},
          { (-0.00000,+0.00000), (-0.00000,-0.00000), (+0.00000,+0.00000), (-0.00000,+0.00000), (+0.00000,+0.00000), (-0.00000,-0.00000)},
          { (-0.00000,-0.00000), (-0.00000,-0.00000), (-0.00000,-0.00000), (+0.00000,-0.00000), (-0.00000,+0.00000), (+0.00000,-0.00000)},
          { (-0.00000,-0.00000), (+0.00000,-0.00000), (+0.00000,-0.00000), (-0.00000,-0.00000), (+0.00000,-0.00000), (+0.00000,+0.00000)},
          { (+0.00000,+0.00000), (-0.00000,+0.00000), (-0.00000,+0.00000), (+0.00000,+0.00000), (+0.00000,-0.00000), (+0.00000,-0.00000)} } 

Z_2^2 = { { (+0.00000,-0.00000), (-0.00000,+0.00000), (-0.00000,+0.00000), (+0.00000,+0.00000), (-0.00000,-0.00000), (+0.00000,-0.00000)},
          { (-0.00000,-0.00000), (+0.00000,+0.00000), (-0.00000,+0.00000), (+0.00000,+0.00000), (-0.00000,-0.00000), (+0.00000,+0.00000)},
          { (-0.00000,-0.00000), (-0.00000,-0.00000), (+0.00000,-0.00000), (-0.00000,+0.00000), (+0.00000,-0.00000), (+0.00000,+0.00000)},
          { (+0.00000,-0.00000), (+0.00000,-0.00000), (-0.00000,-0.00000), (+0.00000,+0.00000), (+0.00000,-0.00000), (-0.00000,+0.00000)},
          { (-0.00000,+0.00000), (-0.00000,+0.00000), (+0.00000,+0.00000), (+0.00000,+0.00000), (+0.00000,-0.00000), (+0.00000,-0.00000)},
          { (+0.00000,+0.00000), (+0.00000,-0.00000), (+0.00000,-0.00000), (-0.00000,-0.00000), (+0.00000,+0.00000), (+0.00000,+0.00000)} } 

Z_3^2 = { { (+0.00000,+0.00000), (+0.00000,-0.00000), (-0.00000,+0.00000), (-0.00000,-0.00000), (+0.00000,-0.00000), (+0.00000,-0.00000)},
          { (+0.00000,+0.00000), (+0.00000,+0.00000), (+0.00000,-0.00000), (+0.00000,+0.00000), (-0.00000,-0.00000), (-0.00000,+0.00000)},
          { (-0.00000,-0.00000), (+0.00000,+0.00000), (+0.00000,+0.00000), (-0.00000,-0.00000), (+0.00000,+0.00000), (+0.00000,-0.00000)},
          { (-0.00000,+0.00000), (+0.00000,-0.00000), (-0.00000,+0.00000), (+0.00000,+0.00000), (+0.00000,-0.00000), (-0.00000,-0.00000)},
          { (+0.00000,+0.00000), (-0.00000,+0.00000), (+0.00000,-0.00000), (+0.00000,+0.00000), (+0.00000,+0.00000), (-0.00000,+0.00000)},
          { (+0.00000,+0.00000), (-0.00000,-0.00000), (+0.00000,+0.00000), (-0.00000,+0.00000), (-0.00000,-0.00000), (+0.00000,+0.00000)} } 

Z_4^2 = { { (+0.00000,-0.00000), (-0.00000,+0.00000), (+0.00000,-0.00000), (-0.00000,-0.00000), (-0.00000,-0.00000), (+0.00000,+0.00000)},
          { (-0.00000,-0.00000), (+0.00000,-0.00000), (+0.00000,+0.00000), (-0.00000,-0.00000), (+0.00000,-0.00000), (-0.00000,+0.00000)},
          { (+0.00000,+0.00000), (+0.00000,-0.00000), (+0.00000,+0.00000), (+0.00000,+0.00000), (+0.00000,+0.00000), (+0.00000,-0.00000)},
          { (-0.00000,+0.00000), (-0.00000,+0.00000), (+0.00000,-0.00000), (+0.00000,+0.00000), (-0.00000,-0.00000), (+0.00000,+0.00000)},
          { (-0.00000,+0.00000), (+0.00000,+0.00000), (+0.00000,-0.00000), (-0.00000,+0.00000), (+0.00000,-0.00000), (+0.00000,+0.00000)},
          { (+0.00000,-0.00000), (-0.00000,-0.00000), (+0.00000,+0.00000), (+0.00000,-0.00000), (+0.00000,-0.00000), (+0.00000,-0.00000)} } 

Z_5^2 = { { (+0.00000,+0.00000), (-0.00000,-0.00000), (+0.00000,-0.00000), (+0.00000,+0.00000), (-0.00000,-0.00000), (-0.00000,-0.00000)},
          { (-0.00000,+0.00000), (+0.00000,+0.00000), (-0.00000,-0.00000), (+0.00000,+0.00000), (-0.00000,-0.00000), (-0.00000,-0.00000)},
          { (+0.00000,+0.00000), (-0.00000,+0.00000), (+0.00000,+0.00000), (+0.00000,-0.00000), (-0.00000,+0.00000), (-0.00000,+0.00000)},
          { (+0.00000,-0.00000), (+0.00000,-0.00000), (+0.00000,+0.00000), (+0.00000,-0.00000), (+0.00000,+0.00000), (+0.00000,-0.00000)},
          { (-0.00000,+0.00000), (-0.00000,+0.00000), (-0.00000,-0.00000), (+0.00000,-0.00000), (+0.00000,-0.00000), (-0.00000,+0.00000)},
          { (-0.00000,+0.00000), (-0.00000,+0.00000), (-0.00000,-0.00000), (+0.00000,+0.00000), (-0.00000,-0.00000), (+0.00000,-0.00000)} } 

----------------------------------
         Final Matrices 
----------------------------------

M_0^0 = { { (+0.13830,+0.00000), (+0.07942,-0.12893), (+0.05584,-0.17825), (+0.14479,+0.08802), (-0.00738,-0.00045), (-0.03963,+0.17610)},
          { (+0.07942,+0.12893), (+0.16582,+0.00000), (+0.19825,-0.05031), (+0.00109,+0.18553), (-0.00382,-0.00714), (-0.18694,+0.06418)},
          { (+0.05584,+0.17825), (+0.19825,+0.05031), (+0.25230,+0.00000), (-0.05499,+0.22216), (-0.00240,-0.00969), (-0.24298,+0.02002)},
          { (+0.14479,-0.08802), (+0.00109,-0.18553), (-0.05499,-0.22216), (+0.20760,+0.00000), (-0.00801,+0.00423), (+0.07059,+0.20959)},
          { (-0.00738,+0.00045), (-0.00382,+0.00714), (-0.00240,+0.00969), (-0.00801,-0.00423), (+0.00040,+0.00000), (+0.00154,-0.00953)},
          { (-0.03963,-0.17610), (-0.18694,-0.06418), (-0.24298,-0.02002), (+0.07059,-0.20959), (+0.00154,+0.00953), (+0.23560,+0.00000)} } 

|M^2-M|  = 0.00000
is M PD? = 0

M_1^0 = { { (+0.27035,+0.00000), (+0.02204,+0.04951), (-0.01437,+0.01550), (-0.01069,-0.08846), (-0.36341,+0.19040), (-0.01787,-0.13152)},
          { (+0.02204,-0.04951), (+0.01086,+0.00000), (+0.00167,+0.00390), (-0.01707,-0.00525), (+0.00524,+0.08207), (-0.02554,-0.00745)},
          { (-0.01437,-0.01550), (+0.00167,-0.00390), (+0.00165,+0.00000), (-0.00450,+0.00532), (+0.03024,+0.01072), (-0.00659,+0.00802)},
          { (-0.01069,+0.08846), (-0.01707,+0.00525), (-0.00450,-0.00532), (+0.02937,+0.00000), (-0.04793,-0.12644), (+0.04374,-0.00064)},
          { (-0.36341,-0.19040), (+0.00524,-0.08207), (+0.03024,-0.01072), (-0.04793,+0.12644), (+0.62261,+0.00000), (-0.06861,+0.18937)},
          { (-0.01787,+0.13152), (-0.02554,+0.00745), (-0.00659,-0.00802), (+0.04374,+0.00064), (-0.06861,-0.18937), (+0.06516,+0.00000)} } 

|M^2-M|  = 0.00000
is M PD? = 0

M_2^0 = { { (+0.01557,+0.00000), (-0.01011,+0.05460), (-0.00053,-0.02745), (+0.05449,+0.05242), (+0.03074,+0.01724), (+0.03600,-0.05688)},
          { (-0.01011,-0.05460), (+0.19804,+0.00000), (-0.09592,+0.01969), (+0.14845,-0.22512), (+0.04049,-0.11899), (-0.22283,-0.08933)},
          { (-0.00053,+0.02745), (-0.09592,-0.01969), (+0.04842,+0.00000), (-0.09429,+0.09428), (-0.03144,+0.05361), (+0.09905,+0.06542)},
          { (+0.05449,-0.05242), (+0.14845,+0.22512), (-0.09429,-0.09428), (+0.36719,+0.00000), (+0.16561,-0.04317), (-0.06550,-0.32026)},
          { (+0.03074,-0.01724), (+0.04049,+0.11899), (-0.03144,-0.05361), (+0.16561,+0.04317), (+0.07977,+0.00000), (+0.00811,-0.15215)},
          { (+0.03600,+0.05688), (-0.22283,+0.08933), (+0.09905,-0.06542), (-0.06550,+0.32026), (+0.00811,+0.15215), (+0.29102,+0.00000)} } 

|M^2-M|  = 0.00000
is M PD? = 0

M_3^0 = { { (+0.50072,+0.00000), (-0.10371,-0.06646), (-0.19941,+0.17826), (-0.19107,+0.09232), (+0.27015,-0.19916), (-0.06102,-0.04341)},
          { (-0.10371,+0.06646), (+0.03030,+0.00000), (+0.01764,-0.06339), (+0.02732,-0.04448), (-0.02952,+0.07711), (+0.01840,+0.00089)},
          { (-0.19941,-0.17826), (+0.01764,+0.06339), (+0.14288,+0.00000), (+0.10896,+0.03126), (-0.17849,-0.01686), (+0.00885,+0.03901)},
          { (-0.19107,-0.09232), (+0.02732,+0.04448), (+0.10896,-0.03126), (+0.08993,+0.00000), (-0.13981,+0.02619), (+0.01528,+0.02781)},
          { (+0.27015,+0.19916), (-0.02952,-0.07711), (-0.17849,+0.01686), (-0.13981,-0.02619), (+0.22497,+0.00000), (-0.01566,-0.04769)},
          { (-0.06102,+0.04341), (+0.01840,-0.00089), (+0.00885,-0.03901), (+0.01528,-0.02781), (-0.01566,+0.04769), (+0.01120,+0.00000)} } 

|M^2-M|  = 0.00000
is M PD? = 0

M_4^0 = { { (+0.07010,+0.00000), (-0.03375,+0.09883), (+0.15532,-0.01982), (-0.00239,-0.14523), (+0.06510,-0.01290), (+0.04205,+0.04993)},
          { (-0.03375,-0.09883), (+0.15559,+0.00000), (-0.10271,-0.20944), (-0.20361,+0.07328), (-0.04953,-0.08557), (+0.05015,-0.08333)},
          { (+0.15532,+0.01982), (-0.10271,+0.20944), (+0.34973,+0.00000), (+0.03577,-0.32245), (+0.14789,-0.01019), (+0.07906,+0.12252)},
          { (-0.00239,+0.14523), (-0.20361,-0.07328), (+0.03577,+0.32245), (+0.30096,+0.00000), (+0.02452,+0.13531), (-0.10488,+0.08542)},
          { (+0.06510,+0.01290), (-0.04953,+0.08557), (+0.14789,+0.01019), (+0.02452,-0.13531), (+0.06284,+0.00000), (+0.02986,+0.05411)},
          { (+0.04205,-0.04993), (+0.05015,+0.08333), (+0.07906,-0.12252), (-0.10488,-0.08542), (+0.02986,-0.05411), (+0.06079,+0.00000)} } 

|M^2-M|  = 0.00000
is M PD? = 0

M_5^0 = { { (+0.00497,+0.00000), (+0.04611,-0.00755), (+0.00316,+0.03176), (+0.00487,+0.00093), (+0.00480,+0.00487), (+0.04046,+0.00577)},
          { (+0.04611,+0.00755), (+0.43939,+0.00000), (-0.01893,+0.29955), (+0.04381,+0.01604), (+0.03714,+0.05252), (+0.36676,+0.11502)},
          { (+0.00316,-0.03176), (-0.01893,-0.29955), (+0.20503,+0.00000), (+0.00905,-0.03056), (+0.03421,-0.02758), (+0.06262,-0.25498)},
          { (+0.00487,-0.00093), (+0.04381,-0.01604), (+0.00905,+0.03056), (+0.00495,+0.00000), (+0.00562,+0.00388), (+0.04077,-0.00192)},
          { (+0.00480,-0.00487), (+0.03714,-0.05252), (+0.03421,+0.02758), (+0.00562,-0.00388), (+0.00942,+0.00000), (+0.04475,-0.03412)},
          { (+0.04046,-0.00577), (+0.36676,-0.11502), (+0.06262,+0.25498), (+0.04077,+0.00192), (+0.04475,+0.03412), (+0.33624,+0.00000)} } 

|M^2-M|  = 0.00000
is M PD? = 0

M_0^1 = { { (+0.07829,+0.00000), (-0.04093,-0.02972), (+0.13115,+0.00382), (+0.17425,+0.05007), (+0.03384,-0.13033), (-0.00291,-0.03710)},
          { (-0.04093,+0.02972), (+0.03268,+0.00000), (-0.07002,+0.04779), (-0.11011,+0.03997), (+0.03178,+0.08099), (+0.01561,+0.01829)},
          { (+0.13115,-0.00382), (-0.07002,-0.04779), (+0.21988,+0.00000), (+0.29435,+0.07537), (+0.05032,-0.21998), (-0.00669,-0.06201)},
          { (+0.17425,-0.05007), (-0.11011,-0.03997), (+0.29435,-0.07537), (+0.41987,+0.00000), (-0.00803,-0.31172), (-0.03021,-0.08072)},
          { (+0.03384,+0.13033), (+0.03178,-0.08099), (+0.05032,+0.21998), (-0.00803,+0.31172), (+0.23159,+0.00000), (+0.06051,-0.02088)},
          { (-0.00291,+0.03710), (+0.01561,-0.01829), (-0.00669,+0.06201), (-0.03021,+0.08072), (+0.06051,+0.02088), (+0.01769,+0.00000)} } 

|M^2-M|  = 0.00000
is M PD? = 0

M_1^1 = { { (+0.07228,+0.00000), (-0.06607,-0.03078), (+0.01197,+0.11613), (-0.03523,-0.09882), (+0.03780,+0.04342), (-0.15397,-0.10045)},
          { (-0.06607,+0.03078), (+0.07349,+0.00000), (-0.06039,-0.10105), (+0.07428,+0.07532), (-0.05303,-0.02360), (+0.18349,+0.02625)},
          { (+0.01197,-0.11613), (-0.06039,+0.10105), (+0.18856,+0.00000), (-0.16460,+0.04023), (+0.07602,-0.05353), (-0.18688,+0.23073)},
          { (-0.03523,+0.09882), (+0.07428,-0.07532), (-0.16460,-0.04023), (+0.15227,+0.00000), (-0.07779,+0.03051), (+0.21237,-0.16154)},
          { (+0.03780,-0.04342), (-0.05303,+0.02360), (+0.07602,+0.05353), (-0.07779,-0.03051), (+0.04585,+0.00000), (-0.14085,+0.03997)},
          { (-0.15397,+0.10045), (+0.18349,-0.02625), (-0.18688,-0.23073), (+0.21237,+0.16154), (-0.14085,-0.03997), (+0.46754,+0.00000)} } 

|M^2-M|  = 0.00000
is M PD? = 0

M_2^1 = { { (+0.20327,+0.00000), (+0.08540,-0.09861), (-0.17493,+0.12845), (+0.05055,+0.05894), (-0.19653,-0.07069), (-0.08722,+0.20144)},
          { (+0.08540,+0.09861), (+0.08371,+0.00000), (-0.13580,-0.03090), (-0.00736,+0.04928), (-0.04827,-0.12503), (-0.13436,+0.04232)},
          { (-0.17493,-0.12845), (-0.13580,+0.03090), (+0.23171,+0.00000), (-0.00625,-0.08266), (+0.12446,+0.18502), (+0.20235,-0.11824)},
          { (+0.05055,-0.05894), (-0.00736,-0.04928), (-0.00625,+0.08266), (+0.02966,+0.00000), (-0.06937,+0.03941), (+0.03672,+0.07538)},
          { (-0.19653,+0.07069), (-0.04827,+0.12503), (+0.12446,-0.18502), (-0.06937,-0.03941), (+0.21459,+0.00000), (+0.01427,-0.22509)},
          { (-0.08722,-0.20144), (-0.13436,-0.04232), (+0.20235,+0.11824), (+0.03672,-0.07538), (+0.01427,+0.22509), (+0.23705,+0.00000)} } 

|M^2-M|  = 0.00000
is M PD? = 0

M_3^1 = { { (+0.19350,+0.00000), (-0.04406,+0.32195), (-0.02896,+0.09444), (-0.07643,-0.00767), (-0.03250,-0.06669), (+0.15599,-0.07050)},
          { (-0.04406,-0.32195), (+0.54569,+0.00000), (+0.16372,+0.02667), (+0.00465,+0.12891), (-0.10356,+0.06926), (-0.15283,-0.24349)},
          { (-0.02896,-0.09444), (+0.16372,-0.02667), (+0.05043,+0.00000), (+0.00770,+0.03845), (-0.02769,+0.02584), (-0.05775,-0.06558)},
          { (-0.07643,+0.00767), (+0.00465,-0.12891), (+0.00770,-0.03845), (+0.03049,+0.00000), (+0.01548,+0.02505), (-0.05882,+0.03403)},
          { (-0.03250,+0.06669), (-0.10356,-0.06926), (-0.02769,-0.02584), (+0.01548,-0.02505), (+0.02845,+0.00000), (-0.00190,+0.06561)},
          { (+0.15599,+0.07050), (-0.15283,+0.24349), (-0.05775,+0.06558), (-0.05882,-0.03403), (-0.00190,-0.06561), (+0.15144,+0.00000)} } 

|M^2-M|  = 0.00000
is M PD? = 0

M_4^1 = { { (+0.35527,+0.00000), (-0.04450,-0.20385), (+0.09527,-0.29935), (-0.21301,+0.10056), (-0.02460,+0.13100), (+0.07916,-0.08554)},
          { (-0.04450,+0.20385), (+0.12254,+0.00000), (+0.15983,+0.09216), (-0.03102,-0.13482), (-0.07208,-0.03052), (+0.03917,+0.05614)},
          { (+0.09527,+0.29935), (+0.15983,-0.09216), (+0.27778,+0.00000), (-0.14185,-0.15251), (-0.11697,+0.01440), (+0.09331,+0.04376)},
          { (-0.21301,-0.10056), (-0.03102,+0.13482), (-0.14185,+0.15251), (+0.15618,+0.00000), (+0.05183,-0.07158), (-0.07168,+0.02888)},
          { (-0.02460,-0.13100), (-0.07208,+0.03052), (-0.11697,-0.01440), (+0.05183,+0.07158), (+0.05001,+0.00000), (-0.03702,-0.02327)},
          { (+0.07916,+0.08554), (+0.03917,-0.05614), (+0.09331,-0.04376), (-0.07168,-0.02888), (-0.03702,+0.02327), (+0.03824,+0.00000)} } 

|M^2-M|  = 0.00000
is M PD? = 0

M_5^1 = { { (+0.09738,+0.00000), (+0.11016,+0.04100), (-0.03450,-0.04350), (+0.09986,-0.10309), (+0.18200,+0.09329), (+0.00894,+0.09216)},
          { (+0.11016,-0.04100), (+0.14189,+0.00000), (-0.05734,-0.03468), (+0.06956,-0.15867), (+0.24517,+0.02891), (+0.04892,+0.10049)},
          { (-0.03450,+0.04350), (-0.05734,+0.03468), (+0.03165,+0.00000), (+0.01067,+0.08113), (-0.10615,+0.04824), (-0.04433,-0.02865)},
          { (+0.09986,+0.10309), (+0.06956,+0.15867), (+0.01067,-0.08113), (+0.21153,+0.00000), (+0.08788,+0.28833), (-0.08838,+0.10397)},
          { (+0.18200,-0.09329), (+0.24517,-0.02891), (-0.10615,-0.04824), (+0.08788,-0.28833), (+0.42951,+0.00000), (+0.10500,+0.16366)},
          { (+0.00894,-0.09216), (+0.04892,-0.10049), (-0.04433,+0.02865), (-0.08838,-0.10397), (+0.10500,-0.16366), (+0.08803,+0.00000)} } 

|M^2-M|  = 0.00000
is M PD? = 0

M_0^2 = { { (+0.11166,+0.00000), (-0.08482,+0.00621), (-0.07364,-0.12758), (+0.00046,-0.07381), (+0.03867,-0.14873), (+0.08607,-0.18381)},
          { (-0.08482,-0.00621), (+0.06477,+0.00000), (+0.04884,+0.10100), (-0.00445,+0.05604), (-0.03764,+0.11083), (-0.07560,+0.13484)},
          { (-0.07364,+0.12758), (+0.04884,-0.10100), (+0.19433,+0.00000), (+0.08404,+0.04920), (+0.14444,+0.14227), (+0.15326,+0.21956)},
          { (+0.00046,+0.07381), (-0.00445,-0.05604), (+0.08404,-0.04920), (+0.04880,+0.00000), (+0.09848,+0.02495), (+0.12186,+0.05614)},
          { (+0.03867,+0.14873), (-0.03764,-0.11083), (+0.14444,-0.14227), (+0.09848,-0.02495), (+0.21151,+0.00000), (+0.27465,+0.05100)},
          { (+0.08607,+0.18381), (-0.07560,-0.13484), (+0.15326,-0.21956), (+0.12186,-0.05614), (+0.27465,-0.05100), (+0.36893,+0.00000)} } 

|M^2-M|  = 0.00000
is M PD? = 0

M_1^2 = { { (+0.05286,+0.00000), (+0.10904,+0.07612), (+0.05213,+0.03420), (+0.02287,-0.01112), (+0.04153,-0.14765), (-0.02405,+0.06123)},
          { (+0.10904,-0.07612), (+0.33450,+0.00000), (+0.15676,-0.00452), (+0.03115,-0.05586), (-0.12693,-0.36435), (+0.03856,+0.16091)},
          { (+0.05213,-0.03420), (+0.15676,+0.00452), (+0.07352,+0.00000), (+0.01535,-0.02576), (-0.05456,-0.17246), (+0.01590,+0.07593)},
          { (+0.02287,+0.01112), (+0.03115,+0.05586), (+0.01535,+0.02576), (+0.01223,+0.00000), (+0.04903,-0.05513), (-0.02328,+0.02142)},
          { (+0.04153,+0.14765), (-0.12693,+0.36435), (-0.05456,+0.17246), (+0.04903,+0.05513), (+0.44503,+0.00000), (-0.18990,-0.01906)},
          { (-0.02405,-0.06123), (+0.03856,-0.16091), (+0.01590,-0.07593), (-0.02328,-0.02142), (-0.18990,+0.01906), (+0.08185,+0.00000)} } 

|M^2-M|  = 0.00000
is M PD? = 0

M_2^2 = { { (+0.01775,+0.00000), (+0.02430,-0.01955), (+0.00509,-0.07976), (-0.03657,-0.03988), (+0.03255,+0.02466), (-0.07070,+0.02194)},
          { (+0.02430,+0.01955), (+0.05481,+0.00000), (+0.09482,-0.10359), (-0.00613,-0.09488), (+0.01741,+0.06962), (-0.12097,-0.04785)},
          { (+0.00509,+0.07976), (+0.09482,+0.10359), (+0.35981,+0.00000), (+0.16871,-0.17573), (-0.10145,+0.15333), (-0.11885,-0.31139)},
          { (-0.03657,+0.03988), (-0.00613,+0.09488), (+0.16871,+0.17573), (+0.16493,+0.00000), (-0.12246,+0.02235), (+0.09635,-0.20405)},
          { (+0.03255,-0.02466), (+0.01741,-0.06962), (-0.10145,-0.15333), (-0.12246,-0.02235), (+0.09395,+0.00000), (-0.09919,+0.13845)},
          { (-0.07070,-0.02194), (-0.12097,+0.04785), (-0.11885,+0.31139), (+0.09635,+0.20405), (-0.09919,-0.13845), (+0.30874,+0.00000)} } 

|M^2-M|  = 0.00000
is M PD? = 0

M_3^2 = { { (+0.36660,+0.00000), (-0.32385,+0.04351), (+0.17786,-0.03343), (+0.05032,+0.11750), (-0.17936,+0.01122), (-0.09344,+0.18794)},
          { (-0.32385,-0.04351), (+0.29124,+0.00000), (-0.16108,+0.00843), (-0.03051,-0.10976), (+0.15977,+0.01138), (+0.10484,-0.15493)},
          { (+0.17786,+0.03343), (-0.16108,-0.00843), (+0.08934,+0.00000), (+0.01370,+0.06159), (-0.08804,-0.01091), (-0.06247,+0.08266)},
          { (+0.05032,-0.11750), (-0.03051,+0.10976), (+0.01370,-0.06159), (+0.04456,+0.00000), (-0.02102,+0.05902), (+0.04741,+0.05574)},
          { (-0.17936,-0.01122), (+0.15977,-0.01138), (-0.08804,+0.01091), (-0.02102,-0.05902), (+0.08809,+0.00000), (+0.05146,-0.08909)},
          { (-0.09344,-0.18794), (+0.10484,+0.15493), (-0.06247,-0.08266), (+0.04741,-0.05574), (+0.05146,+0.08909), (+0.12016,+0.00000)} } 

|M^2-M|  = 0.00000
is M PD? = 0

M_4^2 = { { (+0.30275,+0.00000), (+0.25385,-0.10822), (-0.15306,+0.03371), (+0.13859,+0.21845), (+0.05251,+0.16755), (-0.00299,-0.11227)},
          { (+0.25385,+0.10822), (+0.25154,+0.00000), (-0.14039,-0.02645), (+0.03812,+0.23271), (-0.01586,+0.15926), (+0.03763,-0.09521)},
          { (-0.15306,-0.03371), (-0.14039,+0.02645), (+0.08114,+0.00000), (-0.04575,-0.12588), (-0.00789,-0.09056), (-0.01099,+0.05710)},
          { (+0.13859,-0.21845), (+0.03812,-0.23271), (-0.04575,+0.12588), (+0.22108,+0.00000), (+0.14494,+0.03881), (-0.08238,-0.04924)},
          { (+0.05251,-0.16755), (-0.01586,-0.15926), (-0.00789,+0.09056), (+0.14494,-0.03881), (+0.10184,+0.00000), (-0.06265,-0.01782)},
          { (-0.00299,+0.11227), (+0.03763,+0.09521), (-0.01099,-0.05710), (-0.08238,+0.04924), (-0.06265,+0.01782), (+0.04166,+0.00000)} } 

|M^2-M|  = 0.00000
is M PD? = 0

M_5^2 = { { (+0.14838,+0.00000), (+0.02147,+0.00195), (-0.00838,+0.17286), (-0.17567,-0.21113), (+0.01410,+0.09296), (+0.10510,+0.02497)},
          { (+0.02147,-0.00195), (+0.00313,+0.00000), (+0.00105,+0.02512), (-0.02819,-0.02825), (+0.00326,+0.01327), (+0.01553,+0.00224)},
          { (-0.00838,-0.17286), (+0.00105,-0.02512), (+0.20185,+0.00000), (-0.23605,+0.21658), (+0.10751,-0.02167), (+0.02316,-0.12385)},
          { (-0.17567,+0.21113), (-0.02819,+0.02825), (-0.23605,-0.21658), (+0.50840,+0.00000), (-0.14897,-0.09001), (-0.15997,+0.11999)},
          { (+0.01410,-0.09296), (+0.00326,-0.01327), (+0.10751,+0.02167), (-0.14897,+0.09001), (+0.05958,+0.00000), (+0.02563,-0.06348)},
          { (+0.10510,-0.02497), (+0.01553,-0.00224), (+0.02316,+0.12385), (-0.15997,-0.11999), (+0.02563,+0.06348), (+0.07865,+0.00000)} } 

|M^2-M|  = 0.00000
is M PD? = 0

----------------------------------
         Final Output 
----------------------------------
        |r(w)| = 0.00001 < 0.00001
         -f(x) = 98.59006 <= 98.59006
          g(x) = 0.00000
         -L(w) = 98.59006
         <X,Z> = 0.00000
           |y| = 326.04941
      y^T*g(x) = -0.00000
     |delf(x)| = 0.00001
     |delL(w)| = 0.00001
     |delg(x)| = 0.00000
    |del2f(x)| = 27.87819
    |del2L(w)| = 2152.51577
    |del2g(x)| = 554.25625
   total inner = 444
    time taken = 339872 ms
